[01/09/16 16:07:47] Erro OpenFile (C:\SERVIDOR\DADOS\PDVPPROD.DAT,0012) = 0002
[01/09/16 16:07:47] Erro OpenFile (C:\SERVIDOR\DADOS\PDVPPROD.DAT,0012) = 0002
[01/09/16 16:07:47] Erro OpenFile (C:\SERVIDOR\DADOS\PDVCVEND.DAT,0012) = 0002
[01/09/16 16:07:47] Erro OpenFile (C:\SERVIDOR\DADOS\PDVCVEND.DAT,0012) = 0002
[01/09/16 16:07:47] Erro OpenFile (C:\SERVIDOR\DADOS\PDVINV.DAT,0012) = 0002
[01/09/16 16:07:47] Erro OpenFile (C:\SERVIDOR\DADOS\PDVINV.DAT,0012) = 0002
[01/09/16 16:07:47] Erro OpenFile (C:\SERVIDOR\DADOS\PDVCNFOR.DAT,0012) = 0002
[01/09/16 16:07:47] Erro OpenFile (C:\SERVIDOR\DADOS\PDVCNFOR.DAT,0012) = 0002
[01/09/16 16:07:47] Erro OpenFile (C:\SERVIDOR\DADOS\PDVCNCLI.DAT,0012) = 0002
[01/09/16 16:07:47] Erro OpenFile (C:\SERVIDOR\DADOS\PDVCNCLI.DAT,0012) = 0002
[01/09/16 16:07:47] Erro OpenFile (C:\SERVIDOR\DADOS\PDVNFC.DAT,0012) = 0002
[01/09/16 16:07:47] Erro OpenFile (C:\SERVIDOR\DADOS\PDVNFC.DAT,0012) = 0002
[01/09/16 16:07:47] Erro OpenFile (C:\SERVIDOR\DADOS\PDVNIC.DAT,0012) = 0002
[01/09/16 16:07:47] Erro OpenFile (C:\SERVIDOR\DADOS\PDVNIC.DAT,0012) = 0002
[01/09/16 16:07:47] Erro OpenFile (C:\SERVIDOR\DADOS\PDVPCOMP.DAT,0012) = 0002
[01/09/16 16:07:47] Erro OpenFile (C:\SERVIDOR\DADOS\PDVPCOMP.DAT,0012) = 0002
[01/09/16 16:07:47] Erro OpenFile (C:\SERVIDOR\DADOS\PDVPFPRO.DAT,0012) = 0002
[01/09/16 16:07:47] Erro OpenFile (C:\SERVIDOR\DADOS\PDVPFPRO.DAT,0012) = 0002
[01/09/16 16:07:47] Erro OpenFile (C:\SERVIDOR\DADOS\PDVCPAG.DAT,0012) = 0002
[01/09/16 16:07:47] Erro OpenFile (C:\SERVIDOR\DADOS\PDVCPAG.DAT,0012) = 0002
[01/09/16 16:07:47] Erro OpenFile (C:\SERVIDOR\DADOS\PDVCREC.DAT,0012) = 0002
[01/09/16 16:07:47] Erro OpenFile (C:\SERVIDOR\DADOS\PDVCREC.DAT,0012) = 0002
[01/09/16 16:07:47] Erro OpenFile (C:\SERVIDOR\DADOS\PDVPTCLI.DAT,0012) = 0002
[01/09/16 16:07:47] Erro OpenFile (C:\SERVIDOR\DADOS\PDVPTCLI.DAT,0012) = 0002
[01/09/16 16:07:47] Erro OpenFile (C:\SERVIDOR\DADOS\PDVGRUPO.DAT,0012) = 0002
[01/09/16 16:07:47] Erro OpenFile (C:\SERVIDOR\DADOS\PDVGRUPO.DAT,0012) = 0002
[01/09/16 16:07:47] Erro OpenFile (C:\SERVIDOR\DADOS\PDVAJUST.DAT,0012) = 0002
[01/09/16 16:07:47] Erro OpenFile (C:\SERVIDOR\DADOS\PDVAJUST.DAT,0012) = 0002
[01/09/16 16:07:47] Erro OpenFile (C:\SERVIDOR\DADOS\PDVBAL.DAT,0012) = 0002
[01/09/16 16:07:47] Erro OpenFile (C:\SERVIDOR\DADOS\PDVBAL.DAT,0012) = 0002
[01/09/16 16:07:47] Erro OpenFile (C:\SERVIDOR\DADOS\PDVCPEDA.DAT,0012) = 0002
[01/09/16 16:07:47] Erro OpenFile (C:\SERVIDOR\DADOS\PDVCPEDA.DAT,0012) = 0002
[01/09/16 16:07:47] Erro OpenFile (C:\SERVIDOR\DADOS\PDVPADIC.DAT,0012) = 0002
[01/09/16 16:07:47] Erro OpenFile (C:\SERVIDOR\DADOS\PDVPADIC.DAT,0012) = 0002
[01/09/16 16:07:47] Erro OpenFile (C:\SERVIDOR\DADOS\PDVCONV.DAT,0012) = 0002
[01/09/16 16:07:47] Erro OpenFile (C:\SERVIDOR\DADOS\PDVCONV.DAT,0012) = 0002
[01/09/16 16:07:47] Erro OpenFile (C:\SERVIDOR\DADOS\PDVPTVEN.DAT,0012) = 0002
[01/09/16 16:07:47] Erro OpenFile (C:\SERVIDOR\DADOS\PDVPTVEN.DAT,0012) = 0002
[01/09/16 16:07:47] Erro OpenFile (C:\SERVIDOR\DADOS\PDVNFDC.DAT,0012) = 0002
[01/09/16 16:07:47] Erro OpenFile (C:\SERVIDOR\DADOS\PDVNFDC.DAT,0012) = 0002
[01/09/16 16:07:47] Erro OpenFile (C:\SERVIDOR\DADOS\PDVNIDC.DAT,0012) = 0002
[01/09/16 16:07:47] Erro OpenFile (C:\SERVIDOR\DADOS\PDVNIDC.DAT,0012) = 0002
[01/09/16 16:07:47] Erro OpenFile (C:\SERVIDOR\DADOS\PDVNFDF.DAT,0012) = 0002
[01/09/16 16:07:47] Erro OpenFile (C:\SERVIDOR\DADOS\PDVNFDF.DAT,0012) = 0002
[01/09/16 16:07:47] Erro OpenFile (C:\SERVIDOR\DADOS\PDVNIDF.DAT,0012) = 0002
[01/09/16 16:07:47] Erro OpenFile (C:\SERVIDOR\DADOS\PDVNIDF.DAT,0012) = 0002
[01/09/16 16:07:47] Erro OpenFile (C:\SERVIDOR\DADOS\PDVNFVC.DAT,0012) = 0002
[01/09/16 16:07:47] Erro OpenFile (C:\SERVIDOR\DADOS\PDVNFVC.DAT,0012) = 0002
[01/09/16 16:07:47] Erro OpenFile (C:\SERVIDOR\DADOS\PDVNIVC.DAT,0012) = 0002
[01/09/16 16:07:47] Erro OpenFile (C:\SERVIDOR\DADOS\PDVNIVC.DAT,0012) = 0002
[01/09/16 16:07:47] Erro OpenFile (C:\SERVIDOR\DADOS\PDVCFOP.DAT,0012) = 0002
[01/09/16 16:07:47] Erro OpenFile (C:\SERVIDOR\DADOS\PDVCFOP.DAT,0012) = 0002
[01/09/16 16:07:47] Erro OpenFile (C:\SERVIDOR\DADOS\PDVPPROD.DAT,0012) = 0002
[01/09/16 16:07:47] Erro OpenFile (C:\SERVIDOR\DADOS\PDVCVEND.DAT,0012) = 0002
[01/09/16 16:07:47] Erro OpenFile (C:\SERVIDOR\DADOS\PDVINV.DAT,0012) = 0002
[01/09/16 16:07:48] Erro OpenFile (C:\SERVIDOR\DADOS\PDVCNFOR.DAT,0012) = 0002
[01/09/16 16:07:48] Erro OpenFile (C:\SERVIDOR\DADOS\PDVCNCLI.DAT,0012) = 0002
[01/09/16 16:07:48] Erro OpenFile (C:\SERVIDOR\DADOS\PDVNFC.DAT,0012) = 0002
[01/09/16 16:07:49] Erro OpenFile (C:\SERVIDOR\DADOS\PDVNIC.DAT,0012) = 0002
[01/09/16 16:07:49] Erro OpenFile (C:\SERVIDOR\DADOS\PDVPCOMP.DAT,0012) = 0002
[01/09/16 16:07:49] Erro OpenFile (C:\SERVIDOR\DADOS\PDVPFPRO.DAT,0012) = 0002
[01/09/16 16:07:50] Erro OpenFile (C:\SERVIDOR\DADOS\PDVCPAG.DAT,0012) = 0002
[01/09/16 16:07:50] Erro OpenFile (C:\SERVIDOR\DADOS\PDVCREC.DAT,0012) = 0002
[01/09/16 16:07:50] Erro OpenFile (C:\SERVIDOR\DADOS\PDVPTCLI.DAT,0012) = 0002
[01/09/16 16:07:50] Erro OpenFile (C:\SERVIDOR\DADOS\PDVGRUPO.DAT,0012) = 0002
[01/09/16 16:07:50] Erro OpenFile (C:\SERVIDOR\DADOS\PDVAJUST.DAT,0012) = 0002
[01/09/16 16:07:51] Erro OpenFile (C:\SERVIDOR\DADOS\PDVBAL.DAT,0012) = 0002
[01/09/16 16:07:51] Erro OpenFile (C:\SERVIDOR\DADOS\PDVCPEDA.DAT,0012) = 0002
[01/09/16 16:07:51] Erro OpenFile (C:\SERVIDOR\DADOS\PDVPADIC.DAT,0012) = 0002
[01/09/16 16:07:51] Erro OpenFile (C:\SERVIDOR\DADOS\PDVCONV.DAT,0012) = 0002
[01/09/16 16:07:51] Erro OpenFile (C:\SERVIDOR\DADOS\PDVPTVEN.DAT,0012) = 0002
[01/09/16 16:07:51] Erro OpenFile (C:\SERVIDOR\DADOS\PDVNFDC.DAT,0012) = 0002
[01/09/16 16:07:52] Erro OpenFile (C:\SERVIDOR\DADOS\PDVNIDC.DAT,0012) = 0002
[01/09/16 16:07:52] Erro OpenFile (C:\SERVIDOR\DADOS\PDVNFDF.DAT,0012) = 0002
[01/09/16 16:07:52] Erro OpenFile (C:\SERVIDOR\DADOS\PDVNIDF.DAT,0012) = 0002
[01/09/16 16:07:53] Erro OpenFile (C:\SERVIDOR\DADOS\PDVNFVC.DAT,0012) = 0002
[01/09/16 16:07:53] Erro OpenFile (C:\SERVIDOR\DADOS\PDVNIVC.DAT,0012) = 0002
[01/09/16 16:07:53] Erro OpenFile (C:\SERVIDOR\DADOS\PDVCFOP.DAT,0012) = 0002
[07/01/17 12:05:18] Erro OpenFile (D:\DADOS\EXTRATO\00000004.EXT,0040) = 0002
[07/01/17 15:05:30] Erro OpenFile (D:\DADOS\EXTRATO\00000023.EXT,0040) = 0002
[07/01/17 20:48:08] Erro OpenFile (D:\DADOS\EXTRATO\00000026.EXT,0040) = 0002
[08/01/17 08:10:03] Erro OpenFile (D:\DADOS\EXTRATO\00000002.EXT,0040) = 0002
[09/01/17 11:03:22] Erro OpenFile (D:\DADOS\EXTRATO\00000006.EXT,0040) = 0002
[09/01/17 11:11:57] Erro OpenFile (D:\DADOS\EXTRATO\00000027.EXT,0040) = 0002
[10/01/17 07:16:19] Erro OpenFile (D:\DADOS\EXTRATO\00000010.EXT,0040) = 0002
[10/01/17 14:37:54] Erro OpenFile (D:\DADOS\EXTRATO\00000013.EXT,0040) = 0002
[10/01/17 16:01:14] Erro OpenFile (D:\DADOS\EXTRATO\00000007.EXT,0040) = 0002
[11/01/17 08:23:50] Erro OpenFile (D:\DADOS\EXTRATO\00000014.EXT,0040) = 0002
[11/01/17 16:47:24] Erro OpenFile (D:\DADOS\EXTRATO\00000028.EXT,0040) = 0002
[12/01/17 15:32:49] Erro OpenFile (D:\DADOS\EXTRATO\00000019.EXT,0040) = 0002
[14/01/17 07:44:26] Erro OpenFile (D:\DADOS\EXTRATO\00000024.EXT,0040) = 0002
[14/01/17 09:38:44] Erro OpenFile (D:\DADOS\EXTRATO\00000016.EXT,0040) = 0002
[14/01/17 09:38:57] Erro OpenFile (D:\DADOS\EXTRATO\00000018.EXT,0040) = 0002
[14/01/17 10:42:35] Erro OpenFile (D:\DADOS\EXTRATO\00000005.EXT,0040) = 0002
[14/01/17 19:31:21] Erro OpenFile (D:\DADOS\EXTRATO\00000017.EXT,0040) = 0002
[15/01/17 10:40:42] Erro OpenFile (D:\DADOS\EXTRATO\00000003.EXT,0040) = 0002
[16/01/17 12:36:54] Erro OpenFile (D:\DADOS\EXTRATO\00000020.EXT,0040) = 0002
[19/01/17 16:50:21] Erro OpenFile (D:\DADOS\EXTRATO\00000015.EXT,0040) = 0002
[26/01/17 18:29:20] Erro OpenFile (D:\DADOS\EXTRATO\00000012.EXT,0040) = 0002
[29/01/17 13:50:27] Erro OpenFile (D:\DADOS\EXTRATO\00000021.EXT,0040) = 0002
[16/02/17 10:49:55] Erro OpenFile (D:\DADOS\EXTRATO\00000022.EXT,0040) = 0002
[25/02/17 11:57:20] Erro OpenFile (D:\DADOS\EXTRATO\00000009.EXT,0040) = 0002
[02/03/17 09:08:16] Erro OpenFile (D:\DADOS\EXTRATO\00000025.EXT,0040) = 0002
[28/03/17 08:54:28] Erro OpenFile (D:\DADOS\EXTRATO\00000011.EXT,0040) = 0002
[01/04/17 08:26:57] Erro OpenFile (D:\DADOS\EXTRATO\00000008.EXT,0040) = 0002
[25/09/18 09:20:14] Erro OpenFile (D:\DADOS\EXTRATO\00000030.EXT,0040) = 0002
[08/12/18 13:43:49] Erro OpenFile (D:\DADOS\EXTRATO\00000031.EXT,0040) = 0002
[15/05/19 21:07:35] Erro OpenFile (D:\DADOS\EXTRATO\00000032.EXT,0040) = 0002
[07/02/20 14:05:02] Erro OpenFile (D:\DADOS\EXTRATO\00000001.EXT,0040) = 0002
[02/05/20 05:37:55] Erro OpenFile (D:\DADOS\EXTRATO\00000017.EXT,0022) = 0005
[02/05/20 05:38:58] Erro OpenFile (D:\DADOS\EXTRATO\00000025.EXT,0022) = 0005
[02/05/20 07:29:12] Erro OpenFile (D:\DADOS\EXTRATO\00000017.EXT,0022) = 0005
[02/05/20 07:30:33] Erro OpenFile (D:\DADOS\EXTRATO\00000017.EXT,0022) = 0005
[02/05/20 07:32:06] Erro OpenFile (D:\DADOS\EXTRATO\00000017.EXT,0022) = 0005
[02/05/20 07:41:53] Erro OpenFile (D:\DADOS\EXTRATO\00000019.EXT,0022) = 0005
[02/05/20 09:08:12] Erro OpenFile (D:\DADOS\EXTRATO\00000007.EXT,0022) = 0005
[02/05/20 10:34:17] Erro OpenFile (D:\DADOS\EXTRATO\00000020.EXT,0022) = 0005
[02/05/20 17:59:46] Erro OpenFile (D:\DADOS\EXTRATO\00000022.EXT,0022) = 0005
[03/05/20 08:45:49] Erro OpenFile (D:\DADOS\EXTRATO\00000017.EXT,0022) = 0005
[03/05/20 10:45:07] Erro OpenFile (D:\DADOS\EXTRATO\00000025.EXT,0022) = 0005
[03/05/20 14:26:25] Erro OpenFile (D:\SERVIDOR\DADOS\EXTRATO\00000001.EXT,0022) = 0005
[03/05/20 14:30:28] Erro OpenFile (D:\SERVIDOR\DADOS\EXTRATO\00000001.EXT,0022) = 0005
