01000661000000100114111606470000010000000000000000003904101.82G5E   1234567890AB        Generica            
02000661000100100114111606550000010000010000000000
07000662000000100114111607480000000000000000100000000000000000
17000662000100100114111607480000000000000137
090006620002001001141116074800000000000001020007020000000175000000000000000000000000000000100000000000000000000000000000000
11000662000300100114111607480000010000010000000175000000017500000000000000000000000000017500000000000000
120006620004001001141116074800000000000000000000000000000000000000000000000175000000000000000000000000000000
07000663000000100114111607500000000000000000100000000000000000
090006630001001001141116075000000000000001030008880000000177000000000000000000000000000000100000000000000000000000000000000
090006630002001001141116075000000000000001050006580000000098000000000000000000000000000000100000000000000000000000000000000
11000663000300100114111607500000010000020000000275000000027500000000000000000000000000027500000000000000
120006630004001001141116075000000000000000000000000000000000000000000000000275000000000000000000000000000000
07000664000000100114111607500000000000000000100000000000000000
090006640001001001141116075000000000000003050000010000000080000000000000000000000000000000000000000000000000000000000000000
11000664000200100114111607500000010000010000000080000000008000000000000000000000000000010000000000200000
120006640003001001141116075000000000000000000000000000000000000000000000000080000000000000000000000000000000
07000665000000100114111608110000000000000000100000000000000000
090006650001001001141116081100000000000001010004160000000124000000000000000000000000000000100000000000000000000000000000000
090006650002001001141116081100000000000001040003040000000076000000000000000000000000000000100000000000000000000000000000000
090006650003001001141116081100000000000001110002120000000063000000000000000000000000000000100000000000000000000000000000000
090006650004001001141116081100000000000001200000720000000014000000000000000000000000000000100000000000000000000000000000000
090006650005001001141116081100000000000001250003640000000018000000000000000000000000000000100000000000000000000000000000000
090006650006001001141116081100000000000002070008260000000288000000000000000000000000000000100000000000000000000000000000000
090006650007001001141116081100000000000002070008260000000288000000000000000000000000000000100000000000000000000000000000000
090006650008001001141116081100000000000001060000820000000016000000000000000000000000000000100000000000000000000000000000000
090006650009001001141116081100000000000001270001520000000023000000000000000000000000000000100000000000000000000000000000000
090006650010001001141116081100000000000001100001300000000026000000000000000000000000000000100000000000000000000000000000000
090006650011001001141116081100000000000003050000010000000080000000000000000000000000000000000000000000000000000000000000000
11000665001200100114111608110000010000110000001016000000101600000000000000000000000000101600000000000000
120006650013001001141116081100000000000000000000000000000000000000000000001016000000000000000000000000000000
07000666000000100114111608130000000000000000100000000000000000
090006660001001001141116081300000000000001290007520000000150000000000000000000000000000000100000000000000000000000000000000
090006660002001001141116081300000000000001250025460000000125000000000000000000000000000000100000000000000000000000000000000
11000666000300100114111608130000010000020000000275000000027500000000000000000000000000050000000002250000
120006660004001001141116081300000000000000000000000000000000000000000000000275000000000000000000000000000000
07000667000000100114111608550000000000000000100000000000000000
090006670001001001141116085500000000000001080061250000002444000000000000000000000000000000100000000000000000000000000000000
090006670002001001141116085500000000000001170035340000000880000000000000000000000000000000100000000000000000000000000000000
090006670003001001141116085500000000000003250000010000000200000000000000000000000000000000000000000000000000000000000000000
090006670004001001141116085500000000000003250000010000000200000000000000000000000000000000000000000000000000000000000000000
090006670005001001141116085500000000000003140000010000000080000000000000000000000000000000000000000000000000000000000000000
090006670006001001141116085500000000000003140000010000000080000000000000000000000000000000000000000000000000000000000000000
11000667000700100114111608550000010000060000003884000000388400000000000000000000000000388400000000000000
120006670008001001141116085503080000000000000000000000000000000000000000003884000000000000000000000000000000
07000668000000100114111609100000000000000000100000000000000000
090006680001001001141116091000000000000002070016100000000562000000000000000000000000000000100000000000000000000000000000000
090006680002001001141116091000000000000001050012500000000186000000000000000000000000000000100000000000000000000000000000000
090006680003001001141116091000000000000001080006580000000263000000000000000000000000000000100000000000000000000000000000000
11000668000400100114111609100000010000030000001011000000101100000000000000000000000000101100000000000000
120006680005001001141116091000000000000000000000000000000000000000000000001011000000000000000000000000000000
07000669000000100114111609120000000000000000100000000000000000
090006690001001001141116091200000000000001030015980000000318000000000000000000000000000000100000000000000000000000000000000
090006690002001001141116091200000000000001080004320000000172000000000000000000000000000000100000000000000000000000000000000
090006690003001001141116091200000000000003030000010000000080000000000000000000000000000000000000000000000000000000000000000
11000669000400100114111609120000010000030000000570000000057000000000000000000000000000070000000001300000
120006690005001001141116091200000000000000000000000000000000000000000000000570000000000000000000000000000000
07000670000000100114111609130000000000000000100000000000000000
090006700001001001141116091300000000000001060009120000000181000000000000000000000000000000100000000000000000000000000000000
090006700002001001141116091300000000000001160006720000000100000000000000000000000000000000100000000000000000000000000000000
090006700003001001141116091300000000000002200000010000000200000000000000000000000000000000000000000000000000000000000000000
090006700004001001141116091300000000000003040000010000000080000000000000000000000000000000000000000000000000000000000000000
11000670000500100114111609130000010000040000000561000000056100000000000000000000000000500000000044390000
120006700006001001141116091300000000000000000000000000000000000000000000000561000000000000000000000000000000
07000671000000100114111609210000000000000000100000000000000000
090006710001001001141116092100000000000002070012800000000447000000000000000000000000000000100000000000000000000000000000000
11000671000200100114111609210000010000010000000447000000044700000000000000000000000000050000000000530000
120006710003001001141116092100000000000000000000000000000000000000000000000447000000000000000000000000000000
07000672000000100114111609250000000000000000100000000000000000
090006720001001001141116092500000000000003250000010000000200000000000000000000000000000000000000000000000000000000000000000
090006720002001001141116092500000000000002150000010000000149000000000000000000000000000000000000000000000000000000000000000
090006720003001001141116092500000000000002020005160000000257000000000000000000000000000000100000000000000000000000000000000
090006720004001001141116092500000000000001010005360000000160000000000000000000000000000000100000000000000000000000000000000
090006720005001001141116092500000000000002300001360000000068000000000000000000000000000000100000000000000000000000000000000
090006720006001001141116092500000000000001220009380000000328000000000000000000000000000000100000000000000000000000000000000
11000672000700100114111609250000010000060000001162000000116200000000000000000000000000200000000008380000
120006720008001001141116092500000000000000000000000000000000000000000000001162000000000000000000000000000000
07000673000000100114111609260000000000000000100000000000000000
090006730001001001141116092600000000000002070007020000000245000000000000000000000000000000100000000000000000000000000000000
11000673000200100114111609260000010000010000000245000000024500000000000000000000000000024500000000000000
120006730003001001141116092603010000000000000000000000000000000000000000000245000000000000000000000000000000
07000674000000100114111609270000000000000000100000000000000000
090006740001001001141116092700000000000002200000010000000200000000000000000000000000000000000000000000000000000000000000000
090006740002001001141116092700000000000002200000010000000200000000000000000000000000000000000000000000000000000000000000000
11000674000300100114111609270000010000020000000400000000040000000000000000000000000000050000000001000000
120006740004001001141116092700000000000000000000000000000000000000000000000400000000000000000000000000000000
07000675000000100114111609280000000000000000100000000000000000
090006750001001001141116092800000000000002260004140000000165000000000000000000000000000000100000000000000000000000000000000
11000675000200100114111609280000010000010000000165000000016500000000000000000000000000020000000000350000
120006750003001001141116092800000000000000000000000000000000000000000000000165000000000000000000000000000000
07000676000000100114111609300000000000000000100000000000000000
090006760001001001141116093000000000000001080002760000000110000000000000000000000000000000100000000000000000000000000000000
090006760002001001141116093000000000000001090001320000000053000000000000000000000000000000100000000000000000000000000000000
090006760003001001141116093000000000000002070012140000000424000000000000000000000000000000100000000000000000000000000000000
11000676000400100114111609300000010000030000000587000000058700000000000000000000000000100000000004130000
120006760005001001141116093000000000000000000000000000000000000000000000000587000000000000000000000000000000
07000677000000100114111609440000000000000000100000000000000000
090006770001001001141116094400000000000001050002100000000031000000000000000000000000000000100000000000000000000000000000000
11000677000200100114111609440000010000010000000031000000003100000000000000000000000000003100000000000000
120006770003001001141116094400000000000000000000000000000000000000000000000031000000000000000000000000000000
07000678000000100114111609500000000000000000100000000000000000
090006780001001001141116095000000000000001040003240000000081000000000000000000000000000000100000000000000000000000000000000
090006780002001001141116095000000000000001160007120000000106000000000000000000000000000000100000000000000000000000000000000
090006780003001001141116095000000000000001220003720000000130000000000000000000000000000000100000000000000000000000000000000
11000678000400100114111609500000010000030000000317000000031700000000000000000000000000031700000000000000
120006780005001001141116095003010000000000000000000000000000000000000000000317000000000000000000000000000000
07000679000000100114111609530000000000000000100000000000000000
090006790001001001141116095300000000000003190000010000000200000000000000000000000000000000000000000000000000000000000000000
11000679000200100114111609530000010000010000000200000000020000000000000000000000000000020000000000000000
120006790003001001141116095300000000000000000000000000000000000000000000000200000000000000000000000000000000
07000680000000100114111610030000000000000000100000000000000000
090006800001001001141116100300000000000002200000010000000200000000000000000000000000000000000000000000000000000000000000000
11000680000200100114111610030000010000010000000200000000020000000000000000000000000000020000000000000000
120006800003001001141116100300000000000000000000000000000000000000000000000200000000000000000000000000000000
07000681000000100114111610080000000000000000100000000000000000
090006810001001001141116100800000000000001270006300000000094000000000000000000000000000000100000000000000000000000000000000
11000681000200100114111610080000010000010000000094000000009400000000000000000000000000010000000000060000
120006810003001001141116100800000000000000000000000000000000000000000000000094000000000000000000000000000000
07000682000000100114111610100000000000000000100000000000000000
090006820001001001141116101000000000000001010010460000000313000000000000000000000000000000100000000000000000000000000000000
090006820002001001141116101000000000000001080007140000000285000000000000000000000000000000100000000000000000000000000000000
090006820003001001141116101000000000000001250006260000000031000000000000000000000000000000100000000000000000000000000000000
090006820004001001141116101000000000000001060001360000000027000000000000000000000000000000100000000000000000000000000000000
11000682000500100114111610100000010000040000000656000000065600000000000000000000000000100000000003440000
120006820006001001141116101000000000000000000000000000000000000000000000000656000000000000000000000000000000
07000683000000100114111610190000000000000000100000000000000000
090006830001001001141116101900000000000001080002880000000115000000000000000000000000000000100000000000000000000000000000000
090006830002001001141116101900000000000003120000010000000080000000000000000000000000000000000000000000000000000000000000000
11000683000300100114111610190000010000020000000195000000019500000000000000000000000000020000000000050000
120006830004001001141116101900000000000000000000000000000000000000000000000195000000000000000000000000000000
07000684000000100114111610190000000000000000100000000000000000
090006840001001001141116101900000000000001150005140000000256000000000000000000000000000000100000000000000000000000000000000
11000684000200100114111610190000010000010000000256000000025600000000000000000000000000050000000002440000
120006840003001001141116101900000000000000000000000000000000000000000000000256000000000000000000000000000000
07000685000000100114111610230000000000000000100000000000000000
090006850001001001141116102300000000000001050004920000000073000000000000000000000000000000100000000000000000000000000000000
090006850002001001141116102300000000000001030011960000000238000000000000000000000000000000100000000000000000000000000000000
090006850003001001141116102300000000000001060008960000000178000000000000000000000000000000100000000000000000000000000000000
11000685000400100114111610230000010000030000000489000000048900000000000000000000000000050000000000110000
120006850005001001141116102300000000000000000000000000000000000000000000000489000000000000000000000000000000
07000686000000100114111610270000000000000000100000000000000000
090006860001001001141116102700000000000001060007380000000147000000000000000000000000000000100000000000000000000000000000000
090006860002001001141116102700000000000002040001920000000115000000000000000000000000000000100000000000000000000000000000000
11000686000300100114111610270000010000020000000262000000026200000000000000000000000000040000000001380000
120006860004001001141116102700000000000000000000000000000000000000000000000262000000000000000000000000000000
07000687000000100114111610350000000000000000100000000000000000
090006870001001001141116103500000000000003250000010000000200000000000000000000000000000000000000000000000000000000000000000
090006870002001001141116103500000000000001030010800000000215000000000000000000000000000000100000000000000000000000000000000
090006870003001001141116103500000000000001050005380000000080000000000000000000000000000000100000000000000000000000000000000
090006870004001001141116103500000000000001080003000000000120000000000000000000000000000000100000000000000000000000000000000
11000687000500100114111610350000010000040000000615000000061500000000000000000000000000061500000000000000
120006870006001001141116103500000000000000000000000000000000000000000000000615000000000000000000000000000000
07000688000000100114111610410000000000000000100000000000000000
17000688000100100114111610410000000000000330
17000688000200100114111610410000000000000315
17000688000300100114111610410000000000000200
090006880004001001141116104100000000000002140008260000000330000000000000000000000000000000100000000000000000000000000000000
090006880005001001141116104100000000000002200000010000000200000000000000000000000000000000000000000000000000000000000000000
11000688000600100114111610410000010000020000000530000000053000000000000000000000000000053000000000000000
120006880007001001141116104100000000000000000000000000000000000000000000000530000000000000000000000000000000
07000689000000100114111610430000000000000000100000000000000000
090006890001001001141116104300000000000002150000010000000149000000000000000000000000000000000000000000000000000000000000000
090006890002001001141116104300000000000001010008700000000305000000000000000000000000000000100000000000000000000000000000000
090006890003001001141116104300000000000001120002180000000174000000000000000000000000000000100000000000000000000000000000000
11000689000400100114111610430000010000030000000628000000062800000000000000000000000000100000000003720000
120006890005001001141116104300000000000000000000000000000000000000000000000628000000000000000000000000000000
07000690000000100114111610460000000000000000100000000000000000
090006900001001001141116104600000000000001250008380000000083000000000000000000000000000000100000000000000000000000000000000
11000690000200100114111610460000010000010000000083000000008300000000000000000000000000100000000009170000
120006900003001001141116104600000000000000000000000000000000000000000000000083000000000000000000000000000000
07000691000000100114111610480000000000000000100000000000000000
090006910001001001141116104800000000000002040002260000000135000000000000000000000000000000100000000000000000000000000000000
11000691000200100114111610480000010000010000000135000000013500000000000000000000000000100000000008650000
120006910003001001141116104800000000000000000000000000000000000000000000000135000000000000000000000000000000
07000692000000100114111610480000000000000000100000000000000000
090006920001001001141116104800000000000003250000010000000200000000000000000000000000000000000000000000000000000000000000000
11000692000200100114111610480000010000010000000200000000020000000000000000000000000000020000000000000000
120006920003001001141116104800000000000000000000000000000000000000000000000200000000000000000000000000000000
07000693000000100114111610520000000000000000100000000000000000
090006930001001001141116105200000000000002040000980000000059000000000000000000000000000000100000000000000000000000000000000
090006930002001001141116105200000000000001010016720000000585000000000000000000000000000000100000000000000000000000000000000
090006930003001001141116105200000000000003040000010000000080000000000000000000000000000000000000000000000000000000000000000
090006930004001001141116105200000000000001220005600000000196000000000000000000000000000000100000000000000000000000000000000
090006930005001001141116105200000000000001160006180000000092000000000000000000000000000000100000000000000000000000000000000
090006930006001001141116105200000000000002070013820000000482000000000000000000000000000000100000000000000000000000000000000
11000693000700100114111610520000010000060000001494000000149400000000000000000000000000149400000000000000
120006930008001001141116105203050000000000000000000000000000000000000000001494000000000000000000000000000000
07000694000000100114111610540000000000000000100000000000000000
090006940001001001141116105400000000000001250002820000000028000000000000000000000000000000100000000000000000000000000000000
090006940002001001141116105400000000000001220003380000000118000000000000000000000000000000100000000000000000000000000000000
090006940003001001141116105400000000000001100002720000000054000000000000000000000000000000100000000000000000000000000000000
11000694000400100114111610540000010000030000000200000000020000000000000000000000000000020000000000000000
120006940005001001141116105400000000000000000000000000000000000000000000000200000000000000000000000000000000
07000695000000100114111610580000000000000000100000000000000000
090006950001001001141116105800000000000003250000010000000200000000000000000000000000000000000000000000000000000000000000000
11000695000200100114111610580000010000010000000200000000020000000000000000000000000000020000000000000000
120006950003001001141116105800000000000000000000000000000000000000000000000200000000000000000000000000000000
07000696000000100114111610590000000000000000100000000000000000
090006960001001001141116105900000000000001080008420000000336000000000000000000000000000000100000000000000000000000000000000
11000696000200100114111610590000010000010000000336000000033600000000000000000000000000040000000000640000
120006960003001001141116105900000000000000000000000000000000000000000000000336000000000000000000000000000000
07000697000000100114111611040000000000000000100000000000000000
090006970001001001141116110400000000000002070013880000000484000000000000000000000000000000100000000000000000000000000000000
11000697000200100114111611040000010000010000000484000000048400000000000000000000000000050000000000160000
120006970003001001141116110400000000000000000000000000000000000000000000000484000000000000000000000000000000
07000698000000100114111611050000000000000000100000000000000000
090006980001001001141116110500000000000003120000010000000080000000000000000000000000000000000000000000000000000000000000000
090006980002001001141116110500000000000001040001920000000048000000000000000000000000000000100000000000000000000000000000000
090006980003001001141116110500000000000001270005920000000088000000000000000000000000000000100000000000000000000000000000000
090006980004001001141116110500000000000001070000740000000126000000000000000000000000000000100000000000000000000000000000000
11000698000500100114111611050000010000040000000342000000034200000000000000000000000000050000000001580000
120006980006001001141116110500000000000000000000000000000000000000000000000342000000000000000000000000000000
07000699000000100114111611060000000000000000100000000000000000
090006990001001001141116110600000000000001100003820000000076000000000000000000000000000000100000000000000000000000000000000
090006990002001001141116110600000000000003120000010000000080000000000000000000000000000000000000000000000000000000000000000
11000699000300100114111611060000010000020000000156000000015600000000000000000000000000020000000000440000
120006990004001001141116110600000000000000000000000000000000000000000000000156000000000000000000000000000000
07000700000000100114111611090000000000000000100000000000000000
090007000001001001141116110900000000000003150000010000000200000000000000000000000000000000000000000000000000000000000000000
11000700000200100114111611090000010000010000000200000000020000000000000000000000000000020000000000000000
120007000003001001141116110900000000000000000000000000000000000000000000000200000000000000000000000000000000
07000701000000100114111611210000000000000000100000000000000000
090007010001001001141116112100000000000001130005480000000219000000000000000000000000000000100000000000000000000000000000000
090007010002001001141116112100000000000001120003560000000284000000000000000000000000000000100000000000000000000000000000000
090007010003001001141116112100000000000003120000010000000080000000000000000000000000000000000000000000000000000000000000000
11000701000400100114111611210000010000030000000583000000058300000000000000000000000000500000000044170000
120007010005001001141116112100000000000000000000000000000000000000000000000583000000000000000000000000000000
07000702000000100114111611350000000000000000100000000000000000
090007020001001001141116113500000000000001100009480000000189000000000000000000000000000000100000000000000000000000000000000
090007020002001001141116113500000000000001250006600000000065000000000000000000000000000000100000000000000000000000000000000
090007020003001001141116113500000000000001220006960000000244000000000000000000000000000000100000000000000000000000000000000
090007020004001001141116113500000000000001160007320000000109000000000000000000000000000000100000000000000000000000000000000
090007020005001001141116113500000000000001060005160000000103000000000000000000000000000000100000000000000000000000000000000
090007020006001001141116113500000000000003040000010000000080000000000000000000000000000000000000000000000000000000000000000
11000702000700100114111611350000010000060000000790000000079000000000000000000000000000100000000002100000
120007020008001001141116113500000000000000000000000000000000000000000000000790000000000000000000000000000000
07000703000000100114111611380000000000000000100000000000000000
090007030001001001141116113800000000000001010015100000000529000000000000000000000000000000100000000000000000000000000000000
090007030002001001141116113800000000000002250008940000000267000000000000000000000000000000100000000000000000000000000000000
090007030003001001141116113800000000000002080014980000000598000000000000000000000000000000100000000000000000000000000000000
090007030004001001141116113800000000000002020010820000000540000000000000000000000000000000100000000000000000000000000000000
090007030005001001141116113800000000000001130020400000000814000000000000000000000000000000100000000000000000000000000000000
11000703000600100114111611380000010000050000002748000000274800000000000000000000000000300000000002520000
120007030007001001141116113800000000000000000000000000000000000000000000002748000000000000000000000000000000
07000704000000100114111611390000000000000000100000000000000000
090007040001001001141116113900000000000001120004180000000334000000000000000000000000000000100000000000000000000000000000000
11000704000200100114111611390000010000010000000334000000033400000000000000000000000000100000000006660000
120007040003001001141116113900000000000000000000000000000000000000000000000334000000000000000000000000000000
07000705000000100114111611400000000000000000100000000000000000
090007050001001001141116114000000000000003190000010000000200000000000000000000000000000000000000000000000000000000000000000
11000705000200100114111611400000010000010000000200000000020000000000000000000000000000050000000003000000
120007050003001001141116114000000000000000000000000000000000000000000000000200000000000000000000000000000000
07000706000000100114111611440000000000000000100000000000000000
090007060001001001141116114400000000000003040000010000000080000000000000000000000000000000000000000000000000000000000000000
090007060002001001141116114400000000000003050000010000000080000000000000000000000000000000000000000000000000000000000000000
11000706000300100114111611440000010000020000000160000000016000000000000000000000000000016000000000000000
120007060004001001141116114400000000000000000000000000000000000000000000000160000000000000000000000000000000
07000707000000100114111611450000000000000000100000000000000000
090007070001001001141116114500000000000002110009360000000841000000000000000000000000000000100000000000000000000000000000000
090007070002001001141116114500000000000001030008580000000171000000000000000000000000000000100000000000000000000000000000000
11000707000300100114111611450000010000020000001012000000101200000000000000000000000000110000000000880000
120007070004001001141116114500000000000000000000000000000000000000000000001012000000000000000000000000000000
07000708000000100114111611460000000000000000100000000000000000
090007080001001001141116114600000000000001070001580000000268000000000000000000000000000000100000000000000000000000000000000
11000708000200100114111611460000010000010000000268000000026800000000000000000000000000026800000000000000
120007080003001001141116114600000000000000000000000000000000000000000000000268000000000000000000000000000000
07000709000000100114111611470000000000000000100000000000000000
090007090001001001141116114700000000000001010001080000000038000000000000000000000000000000100000000000000000000000000000000
11000709000200100114111611470000010000010000000038000000003800000000000000000000000000003800000000000000
120007090003001001141116114700000000000000000000000000000000000000000000000038000000000000000000000000000000
07000710000000100114111611490000000000000000100000000000000000
090007100001001001141116114900000000000003050000010000000080000000000000000000000000000000000000000000000000000000000000000
090007100002001001141116114900000000000001070000740000000126000000000000000000000000000000100000000000000000000000000000000
11000710000300100114111611490000010000020000000206000000020600000000000000000000000000020600000000000000
120007100004001001141116114900000000000000000000000000000000000000000000000206000000000000000000000000000000
07000711000000100114111611510000000000000000100000000000000000
090007110001001001141116115100000000000001150004960000000248000000000000000000000000000000100000000000000000000000000000000
11000711000200100114111611510000010000010000000248000000024800000000000000000000000000040000000001520000
120007110003001001141116115100000000000000000000000000000000000000000000000248000000000000000000000000000000
07000712000000100114111611550000000000000000100000000000000000
090007120001001001141116115500000000000001080008440000000337000000000000000000000000000000100000000000000000000000000000000
090007120002001001141116115500000000000002120016420000000655000000000000000000000000000000100000000000000000000000000000000
11000712000300100114111611550000010000020000000992000000099200000000000000000000000000100000000000080000
120007120004001001141116115500000000000000000000000000000000000000000000000992000000000000000000000000000000
07000713000000100114111611560000000000000000100000000000000000
090007130001001001141116115600000000000002070007600000000265000000000000000000000000000000100000000000000000000000000000000
11000713000200100114111611560000010000010000000265000000026500000000000000000000000000050000000002350000
120007130003001001141116115600000000000000000000000000000000000000000000000265000000000000000000000000000000
07000714000000100114111611570000000000000000100000000000000000
090007140001001001141116115700000000000002040002380000000143000000000000000000000000000000100000000000000000000000000000000
090007140002001001141116115700000000000003050000010000000080000000000000000000000000000000000000000000000000000000000000000
090007140003001001141116115700000000000003030000010000000080000000000000000000000000000000000000000000000000000000000000000
11000714000400100114111611570000010000030000000303000000030300000000000000000000000000030300000000000000
120007140005001001141116115700000000000000000000000000000000000000000000000303000000000000000000000000000000
07000715000000100114111611580000000000000000100000000000000000
090007150001001001141116115800000000000002070011780000000411000000000000000000000000000000100000000000000000000000000000000
090007150002001001141116115800000000000002040002860000000171000000000000000000000000000000100000000000000000000000000000000
11000715000300100114111611580000010000020000000582000000058200000000000000000000000000070000000001180000
120007150004001001141116115800000000000000000000000000000000000000000000000582000000000000000000000000000000
07000716000000100114111612010000000000000000100000000000000000
090007160001001001141116120100000000000001140004760000000238000000000000000000000000000000100000000000000000000000000000000
090007160002001001141116120100000000000001150005380000000268000000000000000000000000000000100000000000000000000000000000000
090007160003001001141116120100000000000001020005280000000131000000000000000000000000000000100000000000000000000000000000000
11000716000400100114111612010000010000030000000637000000063700000000000000000000000000063700000000000000
120007160005001001141116120100000000000000000000000000000000000000000000000637000000000000000000000000000000
07000717000000100114111612050000000000000000100000000000000000
090007170001001001141116120500000000000002200000010000000200000000000000000000000000000000000000000000000000000000000000000
17000717000200100114111612050000000000000399
090007170003001001141116120500000000000003010000010000000399000000000000000000000000000000000000000000000000000000000000000
090007170004001001141116120500000000000001080002480000000099000000000000000000000000000000100000000000000000000000000000000
090007170005001001141116120500000000000001040004040000000101000000000000000000000000000000100000000000000000000000000000000
11000717000600100114111612050000010000040000000799000000079900000000000000000000000000079900000000000000
120007170007001001141116120503020000000000000000000000000000000000000000000799000000000000000000000000000000
07000718000000100114111612220000000000000000100000000000000000
090007180001001001141116122200000000000001160004960000000074000000000000000000000000000000100000000000000000000000000000000
090007180002001001141116122200000000000002090006080000000303000000000000000000000000000000100000000000000000000000000000000
090007180003001001141116122200000000000001080004040000000161000000000000000000000000000000100000000000000000000000000000000
090007180004001001141116122200000000000002070016580000000579000000000000000000000000000000100000000000000000000000000000000
090007180005001001141116122200000000000001010008140000000285000000000000000000000000000000100000000000000000000000000000000
090007180006001001141116122200000000000002150000010000000149000000000000000000000000000000000000000000000000000000000000000
090007180007001001141116122200000000000002150000010000000149000000000000000000000000000000000000000000000000000000000000000
11000718000800100114111612220000010000070000001700000000170000000000000000000000000000170000000000000000
120007180009001001141116122200000000000000000000000000000000000000000000001700000000000000000000000000000000
07000719000000100114111612230000000000000000100000000000000000
090007190001001001141116122300000000000001070001820000000309000000000000000000000000000000100000000000000000000000000000000
11000719000200100114111612230000010000010000000309000000030900000000000000000000000000030900000000000000
120007190003001001141116122300000000000000000000000000000000000000000000000309000000000000000000000000000000
07000720000000100114111612260000000000000000100000000000000000
090007200001001001141116122600000000000001060008220000000164000000000000000000000000000000100000000000000000000000000000000
090007200002001001141116122600000000000001020011620000000289000000000000000000000000000000100000000000000000000000000000000
090007200003001001141116122600000000000002200000010000000200000000000000000000000000000000000000000000000000000000000000000
090007200004001001141116122600000000000001170005860000000146000000000000000000000000000000100000000000000000000000000000000
11000720000500100114111612260000010000040000000799000000079900000000000000000000000000079900000000000000
120007200006001001141116122603020000000000000000000000000000000000000000000799000000000000000000000000000000
07000721000000100114111612260000000000000000100000000000000000
090007210001001001141116122600000000000003190000010000000200000000000000000000000000000000000000000000000000000000000000000
11000721000200100114111612260000010000010000000200000000020000000000000000000000000000020000000000000000
120007210003001001141116122600000000000000000000000000000000000000000000000200000000000000000000000000000000
07000722000000100114111612310000000000000000100000000000000000
090007220001001001141116123100000000000003040000010000000080000000000000000000000000000000000000000000000000000000000000000
11000722000200100114111612310000010000010000000080000000008000000000000000000000000000008000000000000000
120007220003001001141116123100000000000000000000000000000000000000000000000080000000000000000000000000000000
07000723000000100114111612340000000000000000100000000000000000
090007230001001001141116123400000000000003040000010000000080000000000000000000000000000000000000000000000000000000000000000
090007230002001001141116123400000000000002250003640000000109000000000000000000000000000000100000000000000000000000000000000
090007230003001001141116123400000000000002200000010000000200000000000000000000000000000000000000000000000000000000000000000
090007230004001001141116123400000000000002270001980000000138000000000000000000000000000000100000000000000000000000000000000
11000723000500100114111612340000010000040000000527000000052700000000000000000000000000100000000004730000
120007230006001001141116123400000000000000000000000000000000000000000000000527000000000000000000000000000000
07000724000000100114111612380000000000000000100000000000000000
090007240001001001141116123800000000000002070014360000000501000000000000000000000000000000100000000000000000000000000000000
090007240002001001141116123800000000000003250000010000000200000000000000000000000000000000000000000000000000000000000000000
090007240003001001141116123800000000000001090005660000000226000000000000000000000000000000100000000000000000000000000000000
090007240004001001141116123800000000000002040005340000000320000000000000000000000000000000100000000000000000000000000000000
090007240005001001141116123800000000000002090002300000000115000000000000000000000000000000100000000000000000000000000000000
090007240006001001141116123800000000000001080012460000000497000000000000000000000000000000100000000000000000000000000000000
090007240007001001141116123800000000000001250011660000000115000000000000000000000000000000100000000000000000000000000000000
090007240008001001141116123800000000000001040007380000000184000000000000000000000000000000100000000000000000000000000000000
090007240009001001141116123800000000000001060009160000000182000000000000000000000000000000100000000000000000000000000000000
090007240010001001141116123800000000000001220006560000000230000000000000000000000000000000100000000000000000000000000000000
11000724001100100114111612380000010000100000002570000000257000000000000000000000000000500000000024300000
120007240012001001141116123800000000000000000000000000000000000000000000002570000000000000000000000000000000
07000725000000100114111612420000000000000000100000000000000000
090007250001001001141116124200000000000003120000010000000080000000000000000000000000000000000000000000000000000000000000000
090007250002001001141116124200000000000003120000010000000080000000000000000000000000000000000000000000000000000000000000000
11000725000300100114111612420000010000020000000160000000016000000000000000000000000000500000000048400000
120007250004001001141116124200000000000000000000000000000000000000000000000160000000000000000000000000000000
07000726000000100114111612480000000000000000100000000000000000
090007260001001001141116124800000000000003200000010000001000000000000000000000000000000000000000000000000000000000000000000
11000726000200100114111612480000010000010000001000000000100000000000000000000000000000100000000000000000
120007260003001001141116124800000000000000000000000000000000000000000000001000000000000000000000000000000000
07000727000000100114111612480000000000000000100000000000000000
090007270001001001141116124800000000000002040002300000000138000000000000000000000000000000100000000000000000000000000000000
11000727000200100114111612480000010000010000000138000000013800000000000000000000000000013800000000000000
120007270003001001141116124800000000000000000000000000000000000000000000000138000000000000000000000000000000
07000728000000100114111612490000000000000000100000000000000000
090007280001001001141116124900000000000002280001160000000046000000000000000000000000000000100000000000000000000000000000000
11000728000200100114111612490000010000010000000046000000004600000000000000000000000000020000000001540000
120007280003001001141116124900000000000000000000000000000000000000000000000046000000000000000000000000000000
07000729000000100114111613020000000000000000100000000000000000
090007290001001001141116130200000000000002080005660000000226000000000000000000000000000000100000000000000000000000000000000
090007290002001001141116130200000000000002150000010000000149000000000000000000000000000000000000000000000000000000000000000
090007290003001001141116130200000000000003040000010000000080000000000000000000000000000000000000000000000000000000000000000
090007290004001001141116130200000000000003190000010000000200000000000000000000000000000000000000000000000000000000000000000
11000729000500100114111613020000010000040000000655000000065500000000000000000000000000065500000000000000
120007290006001001141116130203010000000000000000000000000000000000000000000655000000000000000000000000000000
07000730000000100114111613040000000000000000100000000000000000
090007300001001001141116130400000000000001170010540000000262000000000000000000000000000000100000000000000000000000000000000
090007300002001001141116130400000000000001250022620000000224000000000000000000000000000000100000000000000000000000000000000
090007300003001001141116130400000000000001160008060000000120000000000000000000000000000000100000000000000000000000000000000
11000730000400100114111613040000010000030000000606000000060600000000000000000000000000100000000003940000
120007300005001001141116130400000000000000000000000000000000000000000000000606000000000000000000000000000000
07000731000000100114111613060000000000000000100000000000000000
090007310001001001141116130600000000000001050003820000000057000000000000000000000000000000100000000000000000000000000000000
090007310002001001141116130600000000000003190000010000000200000000000000000000000000000000000000000000000000000000000000000
090007310003001001141116130600000000000003080000010000000080000000000000000000000000000000000000000000000000000000000000000
090007310004001001141116130600000000000001090000540000000022000000000000000000000000000000100000000000000000000000000000000
11000731000500100114111613060000010000040000000359000000035900000000000000000000000000050000000001410000
120007310006001001141116130600000000000000000000000000000000000000000000000359000000000000000000000000000000
07000732000000100114111613070000000000000000100000000000000000
090007320001001001141116130700000000000001070000740000000126000000000000000000000000000000100000000000000000000000000000000
11000732000200100114111613070000010000010000000126000000012600000000000000000000000000012600000000000000
120007320003001001141116130700000000000000000000000000000000000000000000000126000000000000000000000000000000
07000733000000100114111613090000000000000000100000000000000000
090007330001001001141116130900000000000003250000010000000200000000000000000000000000000000000000000000000000000000000000000
11000733000200100114111613090000010000010000000200000000020000000000000000000000000000020000000000000000
120007330003001001141116130900000000000000000000000000000000000000000000000200000000000000000000000000000000
07000734000000100114111613100000000000000000100000000000000000
090007340001001001141116131000000000000001120004900000000392000000000000000000000000000000100000000000000000000000000000000
11000734000200100114111613100000010000010000000392000000039200000000000000000000000000039200000000000000
120007340003001001141116131000000000000000000000000000000000000000000000000392000000000000000000000000000000
07000735000000100114111613110000000000000000100000000000000000
090007350001001001141116131100000000000003190000010000000200000000000000000000000000000000000000000000000000000000000000000
11000735000200100114111613110000010000010000000200000000020000000000000000000000000000020000000000000000
120007350003001001141116131100000000000000000000000000000000000000000000000200000000000000000000000000000000
07000736000000100114111613130000000000000000100000000000000000
090007360001001001141116131300000000000001020014820000000369000000000000000000000000000000100000000000000000000000000000000
090007360002001001141116131300000000000002080002220000000089000000000000000000000000000000100000000000000000000000000000000
11000736000300100114111613130000010000020000000458000000045800000000000000000000000000060000000001420000
120007360004001001141116131300000000000000000000000000000000000000000000000458000000000000000000000000000000
07000737000000100114111613400000000000000000100000000000000000
090007370001001001141116134000000000000003040000010000000080000000000000000000000000000000000000000000000000000000000000000
090007370002001001141116134000000000000003040000010000000080000000000000000000000000000000000000000000000000000000000000000
090007370003001001141116134000000000000003010000010000000399000000000000000000000000000000000000000000000000000000000000000
090007370004001001141116134000000000000001090001380000000055000000000000000000000000000000100000000000000000000000000000000
090007370005001001141116134000000000000001240003460000000138000000000000000000000000000000100000000000000000000000000000000
090007370006001001141116134000000000000001080003660000000146000000000000000000000000000000100000000000000000000000000000000
090007370007001001141116134000000000000001070001580000000268000000000000000000000000000000100000000000000000000000000000000
11000737000800100114111613400000010000070000001166000000116600000000000000000000000000120000000000340000
120007370009001001141116134000000000000000000000000000000000000000000000001166000000000000000000000000000000
07000738000000100114111613460000000000000000100000000000000000
090007380001001001141116134600000000000003190000010000000200000000000000000000000000000000000000000000000000000000000000000
090007380002001001141116134600000000000001080001820000000073000000000000000000000000000000100000000000000000000000000000000
090007380003001001141116134600000000000003030000010000000080000000000000000000000000000000000000000000000000000000000000000
11000738000400100114111613460000010000030000000353000000035300000000000000000000000000035300000000000000
120007380005001001141116134600000000000000000000000000000000000000000000000353000000000000000000000000000000
07000739000000100114111613470000000000000000100000000000000000
090007390001001001141116134700000000000002040001220000000073000000000000000000000000000000100000000000000000000000000000000
11000739000200100114111613470000010000010000000073000000007300000000000000000000000000007300000000000000
120007390003001001141116134700000000000000000000000000000000000000000000000073000000000000000000000000000000
07000740000000100114111613470000000000000000100000000000000000
090007400001001001141116134700000000000002040008500000000509000000000000000000000000000000100000000000000000000000000000000
11000740000200100114111613470000010000010000000509000000050900000000000000000000000000500000000044910000
120007400003001001141116134700000000000000000000000000000000000000000000000509000000000000000000000000000000
07000741000000100114111613570000000000000000100000000000000000
090007410001001001141116135700000000000001020007100000000177000000000000000000000000000000100000000000000000000000000000000
090007410002001001141116135700000000000002300001260000000063000000000000000000000000000000100000000000000000000000000000000
090007410003001001141116135700000000000001140001760000000088000000000000000000000000000000100000000000000000000000000000000
090007410004001001141116135700000000000003040000010000000080000000000000000000000000000000000000000000000000000000000000000
11000741000500100114111613570000010000040000000408000000040800000000000000000000000000500000000045920000
120007410006001001141116135700000000000000000000000000000000000000000000000408000000000000000000000000000000
07000742000000100114111614030000000000000000100000000000000000
17000742000100100114111614030000000000000767
090007420002001001141116140300000000000003140000010000000080000000000000000000000000000000000000000000000000000000000000000
11000742000300100114111614030000010000010000000080000000008000000000000000000000000000008000000000000000
120007420004001001141116140300000000000000000000000000000000000000000000000080000000000000000000000000000000
07000743000000100114111614050000000000000000100000000000000000
090007430001001001141116140500000000000002080013780000000550000000000000000000000000000000100000000000000000000000000000000
11000743000200100114111614050000010000010000000550000000055000000000000000000000000000055000000000000000
120007430003001001141116140500000000000000000000000000000000000000000000000550000000000000000000000000000000
07000744000000100114111614260000000000000000100000000000000000
090007440001001001141116142600000000000001010008040000000281000000000000000000000000000000100000000000000000000000000000000
090007440002001001141116142600000000000001250003480000000034000000000000000000000000000000100000000000000000000000000000000
090007440003001001141116142600000000000001060002020000000040000000000000000000000000000000100000000000000000000000000000000
090007440004001001141116142600000000000001040002700000000067000000000000000000000000000000100000000000000000000000000000000
090007440005001001141116142600000000000002040002380000000143000000000000000000000000000000100000000000000000000000000000000
090007440006001001141116142600000000000001080002940000000117000000000000000000000000000000100000000000000000000000000000000
090007440007001001141116142600000000000002230002580000000258000000000000000000000000000000100000000000000000000000000000000
090007440008001001141116142600000000000002270005020000000351000000000000000000000000000000100000000000000000000000000000000
090007440009001001141116142600000000000001090001160000000046000000000000000000000000000000100000000000000000000000000000000
090007440010001001141116142600000000000002020005360000000267000000000000000000000000000000100000000000000000000000000000000
090007440011001001141116142600000000000002170000010000000499000000000000000000000000000000000000000000000000000000000000000
090007440012001001141116142600000000000002130022900000000570000000000000000000000000000000100000000000000000000000000000000
11000744001300100114111614260000010000120000002673000000267300000000000000000000000000267300000000000000
120007440014001001141116142600000000000000000000000000000000000000000000002673000000000000000000000000000000
07000745000000100114111614300000000000000000100000000000000000
090007450001001001141116143000000000000003250000010000000200000000000000000000000000000000000000000000000000000000000000000
090007450002001001141116143000000000000001080006880000000275000000000000000000000000000000100000000000000000000000000000000
11000745000300100114111614300000010000020000000475000000047500000000000000000000000000100000000005250000
120007450004001001141116143000000000000000000000000000000000000000000000000475000000000000000000000000000000
07000746000000100114111614400000000000000000100000000000000000
090007460001001001141116144000000000000002190000010000000299000000000000000000000000000000000000000000000000000000000000000
090007460002001001141116144000000000000002190000010000000299000000000000000000000000000000000000000000000000000000000000000
11000746000300100114111614400000010000020000000598000000059800000000000000000000000000059800000000000000
120007460004001001141116144000000000000000000000000000000000000000000000000598000000000000000000000000000000
07000747000000100114111614530000000000000000100000000000000000
090007470001001001141116145300000000000002070015200000000530000000000000000000000000000000100000000000000000000000000000000
090007470002001001141116145300000000000001010007600000000266000000000000000000000000000000100000000000000000000000000000000
090007470003001001141116145300000000000003080000010000000080000000000000000000000000000000000000000000000000000000000000000
090007470004001001141116145300000000000001080003060000000122000000000000000000000000000000100000000000000000000000000000000
090007470005001001141116145300000000000001070002180000000370000000000000000000000000000000100000000000000000000000000000000
11000747000600100114111614530000010000050000001368000000136800000000000000000000000000200000000006320000
120007470007001001141116145300000000000000000000000000000000000000000000001368000000000000000000000000000000
07000748000000100114111615190000000000000000100000000000000000
090007480001001001141116151900000000000001020011540000000287000000000000000000000000000000100000000000000000000000000000000
090007480002001001141116151900000000000001210000010000000199000000000000000000000000000000000000000000000000000000000000000
090007480003001001141116151900000000000003050000010000000080000000000000000000000000000000000000000000000000000000000000000
090007480004001001141116151900000000000003070000010000000080000000000000000000000000000000000000000000000000000000000000000
11000748000500100114111615190000010000040000000646000000064600000000000000000000000000064600000000000000
120007480006001001141116151900000000000000000000000000000000000000000000000646000000000000000000000000000000
07000749000000100114111615340000000000000000100000000000000000
090007490001001001141116153400000000000003010000010000000399000000000000000000000000000000000000000000000000000000000000000
11000749000200100114111615340000010000010000000399000000039900000000000000000000000000100000000006010000
120007490003001001141116153400000000000000000000000000000000000000000000000399000000000000000000000000000000
07000750000000100114111615420000000000000000100000000000000000
090007500001001001141116154200000000000001010013540000000474000000000000000000000000000000100000000000000000000000000000000
090007500002001001141116154200000000000001040003300000000082000000000000000000000000000000100000000000000000000000000000000
090007500003001001141116154200000000000001080003460000000138000000000000000000000000000000100000000000000000000000000000000
090007500004001001141116154200000000000001070001180000000200000000000000000000000000000000100000000000000000000000000000000
090007500005001001141116154200000000000002040003140000000188000000000000000000000000000000100000000000000000000000000000000
090007500006001001141116154200000000000002200000010000000200000000000000000000000000000000000000000000000000000000000000000
090007500007001001141116154200000000000002200000010000000200000000000000000000000000000000000000000000000000000000000000000
11000750000800100114111615420000010000070000001482000000148200000000000000000000000000500000000035180000
120007500009001001141116154200000000000000000000000000000000000000000000001482000000000000000000000000000000
07000751000000100114111615580000000000000000100000000000000000
090007510001001001141116155800000000000002070012440000000434000000000000000000000000000000100000000000000000000000000000000
090007510002001001141116155800000000000001040003440000000086000000000000000000000000000000100000000000000000000000000000000
090007510003001001141116155800000000000002090004700000000235000000000000000000000000000000100000000000000000000000000000000
090007510004001001141116155800000000000001120006240000000499000000000000000000000000000000100000000000000000000000000000000
090007510005001001141116155800000000000002150000010000000149000000000000000000000000000000000000000000000000000000000000000
11000751000600100114111615580000010000050000001403000000140300000000000000000000000000140300000000000000
120007510007001001141116155800000000000000000000000000000000000000000000001403000000000000000000000000000000
07000752000000100114111616060000000000000000100000000000000000
090007520001001001141116160600000000000002200000010000000200000000000000000000000000000000000000000000000000000000000000000
090007520002001001141116160600000000000001040005020000000125000000000000000000000000000000100000000000000000000000000000000
090007520003001001141116160600000000000001080003740000000149000000000000000000000000000000100000000000000000000000000000000
11000752000400100114111616060000010000030000000474000000047400000000000000000000000000047400000000000000
120007520005001001141116160600000000000000000000000000000000000000000000000474000000000000000000000000000000
07000753000000100114111616120000000000000000100000000000000000
090007530001001001141116161200000000000003250000010000000200000000000000000000000000000000000000000000000000000000000000000
090007530002001001141116161200000000000001050007220000000108000000000000000000000000000000100000000000000000000000000000000
11000753000300100114111616120000010000020000000308000000030800000000000000000000000000030800000000000000
120007530004001001141116161200000000000000000000000000000000000000000000000308000000000000000000000000000000
07000754000000100114111616140000000000000000100000000000000000
090007540001001001141116161400000000000001140006500000000324000000000000000000000000000000100000000000000000000000000000000
090007540002001001141116161400000000000001160005920000000088000000000000000000000000000000100000000000000000000000000000000
11000754000300100114111616140000010000020000000412000000041200000000000000000000000000041200000000000000
120007540004001001141116161400000000000000000000000000000000000000000000000412000000000000000000000000000000
07000755000000100114111616240000000000000000100000000000000000
090007550001001001141116162400000000000001070001160000000197000000000000000000000000000000100000000000000000000000000000000
090007550002001001141116162400000000000002010008020000000240000000000000000000000000000000100000000000000000000000000000000
090007550003001001141116162400000000000001060002460000000049000000000000000000000000000000100000000000000000000000000000000
090007550004001001141116162400000000000002090003560000000178000000000000000000000000000000100000000000000000000000000000000
090007550005001001141116162400000000000002040002200000000132000000000000000000000000000000100000000000000000000000000000000
090007550006001001141116162400000000000003070000010000000080000000000000000000000000000000000000000000000000000000000000000
11000755000700100114111616240000010000060000000876000000087600000000000000000000000000087600000000000000
120007550008001001141116162400000000000000000000000000000000000000000000000876000000000000000000000000000000
07000756000000100114111616260000000000000000100000000000000000
090007560001001001141116162600000000000002300000640000000032000000000000000000000000000000100000000000000000000000000000000
11000756000200100114111616260000010000010000000032000000003200000000000000000000000000003200000000000000
120007560003001001141116162600000000000000000000000000000000000000000000000032000000000000000000000000000000
07000757000000100114111616340000000000000000100000000000000000
090007570001001001141116163400000000000002170000010000000499000000000000000000000000000000000000000000000000000000000000000
090007570002001001141116163400000000000002200000010000000200000000000000000000000000000000000000000000000000000000000000000
11000757000300100114111616340000010000020000000699000000069900000000000000000000000000069900000000000000
120007570004001001141116163403050000000000000000000000000000000000000000000699000000000000000000000000000000
07000758000000100114111616350000000000000000100000000000000000
090007580001001001141116163500000000000002090004380000000219000000000000000000000000000000100000000000000000000000000000000
11000758000200100114111616350000010000010000000219000000021900000000000000000000000000021900000000000000
120007580003001001141116163500000000000000000000000000000000000000000000000219000000000000000000000000000000
07000759000000100114111616440000000000000000100000000000000000
090007590001001001141116164400000000000001160006880000000103000000000000000000000000000000100000000000000000000000000000000
11000759000200100114111616440000010000010000000103000000010300000000000000000000000001010000000099970000
120007590003001001141116164400000000000000000000000000000000000000000000000103000000000000000000000000000000
07000760000000100114111616470000000000000000100000000000000000
090007600001001001141116164700000000000001080003240000000129000000000000000000000000000000100000000000000000000000000000000
090007600002001001141116164700000000000001010013400000000469000000000000000000000000000000100000000000000000000000000000000
11000760000300100114111616470000010000020000000598000000059800000000000000000000000000059800000000000000
120007600004001001141116164700000000000000000000000000000000000000000000000598000000000000000000000000000000
07000761000000100114111616490000000000000000100000000000000000
090007610001001001141116164900000000000003190000010000000200000000000000000000000000000000000000000000000000000000000000000
11000761000200100114111616490000010000010000000200000000020000000000000000000000000000020000000000000000
120007610003001001141116164900000000000000000000000000000000000000000000000200000000000000000000000000000000
07000762000000100114111616550000000000000000100000000000000000
090007620001001001141116165500000000000001070000600000000102000000000000000000000000000000100000000000000000000000000000000
090007620002001001141116165500000000000003010000010000000399000000000000000000000000000000000000000000000000000000000000000
090007620003001001141116165500000000000003010000010000000399000000000000000000000000000000000000000000000000000000000000000
090007620004001001141116165500000000000002090002300000000115000000000000000000000000000000100000000000000000000000000000000
090007620005001001141116165500000000000001040001520000000038000000000000000000000000000000100000000000000000000000000000000
090007620006001001141116165500000000000001080001900000000076000000000000000000000000000000100000000000000000000000000000000
090007620007001001141116165500000000000002070003140000000110000000000000000000000000000000100000000000000000000000000000000
11000762000800100114111616550000010000070000001239000000123900000000000000000000000000123900000000000000
120007620009001001141116165500000000000000000000000000000000000000000000001239000000000000000000000000000000
07000763000000100114111616550000000000000000100000000000000000
090007630001001001141116165500000000000002040001120000000067000000000000000000000000000000100000000000000000000000000000000
11000763000200100114111616550000010000010000000067000000006700000000000000000000000000006700000000000000
120007630003001001141116165500000000000000000000000000000000000000000000000067000000000000000000000000000000
07000764000000100114111617050000000000000000100000000000000000
090007640001001001141116170500000000000001010006920000000242000000000000000000000000000000100000000000000000000000000000000
090007640002001001141116170500000000000001090001000000000040000000000000000000000000000000100000000000000000000000000000000
090007640003001001141116170500000000000001050009700000000145000000000000000000000000000000100000000000000000000000000000000
090007640004001001141116170500000000000001070001140000000194000000000000000000000000000000100000000000000000000000000000000
090007640005001001141116170500000000000001080003080000000123000000000000000000000000000000100000000000000000000000000000000
11000764000600100114111617050000010000050000000744000000074400000000000000000000000000200000000012560000
120007640007001001141116170500000000000000000000000000000000000000000000000744000000000000000000000000000000
07000765000000100114111617070000000000000000100000000000000000
090007650001001001141116170700000000000002040001080000000065000000000000000000000000000000100000000000000000000000000000000
11000765000200100114111617070000010000010000000065000000006500000000000000000000000000050000000004350000
120007650003001001141116170700000000000000000000000000000000000000000000000065000000000000000000000000000000
07000766000000100114111617140000000000000000100000000000000000
090007660001001001141116171400000000000001010009820000000344000000000000000000000000000000100000000000000000000000000000000
090007660002001001141116171400000000000003190000010000000200000000000000000000000000000000000000000000000000000000000000000
11000766000300100114111617140000010000020000000544000000054400000000000000000000000000054400000000000000
120007660004001001141116171400000000000000000000000000000000000000000000000544000000000000000000000000000000
07000767000000100114111617200000000000000000100000000000000000
090007670001001001141116172000000000000001270007880000000117000000000000000000000000000000100000000000000000000000000000000
090007670002001001141116172000000000000001060009780000000195000000000000000000000000000000100000000000000000000000000000000
090007670003001001141116172000000000000001250013640000000135000000000000000000000000000000100000000000000000000000000000000
090007670004001001141116172000000000000001010007220000000253000000000000000000000000000000100000000000000000000000000000000
090007670005001001141116172000000000000001080008400000000335000000000000000000000000000000100000000000000000000000000000000
090007670006001001141116172000000000000002150000010000000149000000000000000000000000000000000000000000000000000000000000000
090007670007001001141116172000000000000002150000010000000149000000000000000000000000000000000000000000000000000000000000000
090007670008001001141116172000000000000002150000010000000149000000000000000000000000000000000000000000000000000000000000000
11000767000900100114111617200000010000080000001482000000148200000000000000000000000000148200000000000000
120007670010001001141116172000000000000000000000000000000000000000000000001482000000000000000000000000000000
07000768000000100114111617280000000000000000100000000000000000
090007680001001001141116172800000000000002070011180000000390000000000000000000000000000000100000000000000000000000000000000
090007680002001001141116172800000000000001040002020000000050000000000000000000000000000000100000000000000000000000000000000
090007680003001001141116172800000000000003050000010000000080000000000000000000000000000000000000000000000000000000000000000
11000768000400100114111617280000010000030000000520000000052000000000000000000000000000200000000014800000
120007680005001001141116172800000000000000000000000000000000000000000000000520000000000000000000000000000000
07000769000000100114111617300000000000000000100000000000000000
090007690001001001141116173000000000000002090002180000000109000000000000000000000000000000100000000000000000000000000000000
090007690002001001141116173000000000000002010006640000000199000000000000000000000000000000100000000000000000000000000000000
11000769000300100114111617300000010000020000000308000000030800000000000000000000000000200000000016920000
120007690004001001141116173000000000000000000000000000000000000000000000000308000000000000000000000000000000
07000770000000100114111617340000000000000000100000000000000000
090007700001001001141116173400000000000002090001140000000057000000000000000000000000000000100000000000000000000000000000000
11000770000200100114111617340000010000010000000057000000005700000000000000000000000000005700000000000000
120007700003001001141116173400000000000000000000000000000000000000000000000057000000000000000000000000000000
07000771000000100114111617360000000000000000100000000000000000
090007710001001001141116173600000000000001090001080000000043000000000000000000000000000000100000000000000000000000000000000
090007710002001001141116173600000000000001020008780000000219000000000000000000000000000000100000000000000000000000000000000
11000771000300100114111617360000010000020000000262000000026200000000000000000000000000026200000000000000
120007710004001001141116173600000000000000000000000000000000000000000000000262000000000000000000000000000000
07000772000000100114111617430000000000000000100000000000000000
090007720001001001141116174300000000000001020004940000000123000000000000000000000000000000100000000000000000000000000000000
090007720002001001141116174300000000000001220005580000000195000000000000000000000000000000100000000000000000000000000000000
090007720003001001141116174300000000000001060004020000000080000000000000000000000000000000100000000000000000000000000000000
090007720004001001141116174300000000000001250008920000000088000000000000000000000000000000100000000000000000000000000000000
090007720005001001141116174300000000000001120004160000000332000000000000000000000000000000100000000000000000000000000000000
090007720006001001141116174300000000000001160007620000000114000000000000000000000000000000100000000000000000000000000000000
090007720007001001141116174300000000000002040004280000000256000000000000000000000000000000100000000000000000000000000000000
090007720008001001141116174300000000000002070009560000000334000000000000000000000000000000100000000000000000000000000000000
11000772000900100114111617430000010000080000001522000000152200000000000000000000000000200000000004780000
120007720010001001141116174300000000000000000000000000000000000000000000001522000000000000000000000000000000
07000773000000100114111617440000000000000000100000000000000000
090007730001001001141116174400000000000002090007140000000356000000000000000000000000000000100000000000000000000000000000000
090007730002001001141116174400000000000002140008900000000355000000000000000000000000000000100000000000000000000000000000000
11000773000300100114111617440000010000020000000711000000071100000000000000000000000000100000000002890000
120007730004001001141116174400000000000000000000000000000000000000000000000711000000000000000000000000000000
07000774000000100114111617470000000000000000100000000000000000
090007740001001001141116174700000000000002230001300000000130000000000000000000000000000000100000000000000000000000000000000
090007740002001001141116174700000000000002070004660000000163000000000000000000000000000000100000000000000000000000000000000
11000774000300100114111617470000010000020000000293000000029300000000000000000000000000029300000000000000
120007740004001001141116174700000000000000000000000000000000000000000000000293000000000000000000000000000000
07000775000000100114111617490000000000000000100000000000000000
090007750001001001141116174900000000000001090001380000000055000000000000000000000000000000100000000000000000000000000000000
090007750002001001141116174900000000000001040002320000000058000000000000000000000000000000100000000000000000000000000000000
090007750003001001141116174900000000000001070000740000000126000000000000000000000000000000100000000000000000000000000000000
090007750004001001141116174900000000000003070000010000000080000000000000000000000000000000000000000000000000000000000000000
090007750005001001141116174900000000000003070000010000000080000000000000000000000000000000000000000000000000000000000000000
090007750006001001141116174900000000000002070006320000000221000000000000000000000000000000100000000000000000000000000000000
11000775000700100114111617490000010000060000000620000000062000000000000000000000000000100000000003800000
120007750008001001141116174900000000000000000000000000000000000000000000000620000000000000000000000000000000
07000776000000100114111617490000000000000000100000000000000000
090007760001001001141116174900000000000002200000010000000200000000000000000000000000000000000000000000000000000000000000000
11000776000200100114111617490000010000010000000200000000020000000000000000000000000000020000000000000000
120007760003001001141116174900000000000000000000000000000000000000000000000200000000000000000000000000000000
07000777000000100114111617500000000000000000100000000000000000
090007770001001001141116175000000000000003010000010000000399000000000000000000000000000000000000000000000000000000000000000
11000777000200100114111617500000010000010000000399000000039900000000000000000000000000039900000000000000
120007770003001001141116175000000000000000000000000000000000000000000000000399000000000000000000000000000000
07000778000000100114111617500000000000000000100000000000000000
090007780001001001141116175000000000000002200000010000000200000000000000000000000000000000000000000000000000000000000000000
090007780002001001141116175000000000000002200000010000000200000000000000000000000000000000000000000000000000000000000000000
11000778000300100114111617500000010000020000000400000000040000000000000000000000000000040000000000000000
120007780004001001141116175000000000000000000000000000000000000000000000000400000000000000000000000000000000
07000779000000100114111617530000000000000000100000000000000000
090007790001001001141116175300000000000001070000660000000112000000000000000000000000000000100000000000000000000000000000000
090007790002001001141116175300000000000001090001040000000041000000000000000000000000000000100000000000000000000000000000000
090007790003001001141116175300000000000001080002900000000116000000000000000000000000000000100000000000000000000000000000000
090007790004001001141116175300000000000001040002340000000058000000000000000000000000000000100000000000000000000000000000000
11000779000500100114111617530000010000040000000327000000032700000000000000000000000000032700000000000000
120007790006001001141116175300000000000000000000000000000000000000000000000327000000000000000000000000000000
07000780000000100114111617540000000000000000100000000000000000
090007800001001001141116175400000000000001090001360000000054000000000000000000000000000000100000000000000000000000000000000
090007800002001001141116175400000000000001080004540000000181000000000000000000000000000000100000000000000000000000000000000
090007800003001001141116175400000000000003030000010000000080000000000000000000000000000000000000000000000000000000000000000
11000780000400100114111617540000010000030000000315000000031500000000000000000000000000031500000000000000
120007800005001001141116175400000000000000000000000000000000000000000000000315000000000000000000000000000000
07000781000000100114111617550000000000000000100000000000000000
17000781000100100114111617550000000000000333
090007810002001001141116175500000000000001030009500000000189000000000000000000000000000000100000000000000000000000000000000
11000781000300100114111617550000010000010000000189000000018900000000000000000000000000018900000000000000
120007810004001001141116175500000000000000000000000000000000000000000000000189000000000000000000000000000000
07000782000000100114111617570000000000000000100000000000000000
090007820001001001141116175700000000000001150002580000000129000000000000000000000000000000100000000000000000000000000000000
090007820002001001141116175700000000000003190000010000000200000000000000000000000000000000000000000000000000000000000000000
090007820003001001141116175700000000000001210000010000000199000000000000000000000000000000000000000000000000000000000000000
11000782000400100114111617570000010000030000000528000000052800000000000000000000000000200000000014720000
120007820005001001141116175700000000000000000000000000000000000000000000000528000000000000000000000000000000
07000783000000100114111618130000000000000000100000000000000000
17000783000100100114111618130000000000000053
17000783000200100114111618130000000000000093
17000783000300100114111618130000000000000155
17000783000400100114111618130000000000000076
17000783000500100114111618130000000000000084
090007830006001001141116181300000000000002200000010000000200000000000000000000000000000000000000000000000000000000000000000
11000783000700100114111618130000010000010000000200000000020000000000000000000000000000020000000000000000
120007830008001001141116181300000000000000000000000000000000000000000000000200000000000000000000000000000000
07000784000000100114111618190000000000000000100000000000000000
090007840001001001141116181900000000000003190000010000000200000000000000000000000000000000000000000000000000000000000000000
11000784000200100114111618190000010000010000000200000000020000000000000000000000000000020000000000000000
120007840003001001141116181900000000000000000000000000000000000000000000000200000000000000000000000000000000
07000785000000100114111618220000000000000000100000000000000000
090007850001001001141116182200000000000001020009100000000227000000000000000000000000000000100000000000000000000000000000000
090007850002001001141116182200000000000001160003380000000050000000000000000000000000000000100000000000000000000000000000000
11000785000300100114111618220000010000020000000277000000027700000000000000000000000000027700000000000000
120007850004001001141116182200000000000000000000000000000000000000000000000277000000000000000000000000000000
07000786000000100114111618250000000000000000100000000000000000
090007860001001001141116182500000000000001220003640000000127000000000000000000000000000000100000000000000000000000000000000
090007860002001001141116182500000000000003010000010000000399000000000000000000000000000000000000000000000000000000000000000
090007860003001001141116182500000000000001210000010000000199000000000000000000000000000000000000000000000000000000000000000
090007860004001001141116182500000000000001210000010000000199000000000000000000000000000000000000000000000000000000000000000
11000786000500100114111618250000010000040000000924000000092400000000000000000000000000092400000000000000
120007860006001001141116182500000000000000000000000000000000000000000000000924000000000000000000000000000000
07000787000000100114111618320000000000000000100000000000000000
090007870001001001141116183200000000000001050007100000000106000000000000000000000000000000100000000000000000000000000000000
11000787000200100114111618320000010000010000000106000000010600000000000000000000000000010600000000000000
120007870003001001141116183200000000000000000000000000000000000000000000000106000000000000000000000000000000
07000788000000100114111618350000000000000000100000000000000000
090007880001001001141116183500000000000001270004120000000061000000000000000000000000000000100000000000000000000000000000000
090007880002001001141116183500000000000001050002740000000041000000000000000000000000000000100000000000000000000000000000000
090007880003001001141116183500000000000001100007980000000159000000000000000000000000000000100000000000000000000000000000000
090007880004001001141116183500000000000001250006780000000067000000000000000000000000000000100000000000000000000000000000000
090007880005001001141116183500000000000001020005320000000132000000000000000000000000000000100000000000000000000000000000000
090007880006001001141116183500000000000001160006420000000096000000000000000000000000000000100000000000000000000000000000000
090007880007001001141116183500000000000001060003380000000067000000000000000000000000000000100000000000000000000000000000000
11000788000800100114111618350000010000070000000623000000062300000000000000000000000000200000000013770000
120007880009001001141116183500000000000000000000000000000000000000000000000623000000000000000000000000000000
07000789000000100114111618370000000000000000100000000000000000
090007890001001001141116183700000000000001080004720000000188000000000000000000000000000000100000000000000000000000000000000
090007890002001001141116183700000000000001100003680000000073000000000000000000000000000000100000000000000000000000000000000
11000789000300100114111618370000010000020000000261000000026100000000000000000000000000026100000000000000
120007890004001001141116183704000000000000000000000000000000000000000000000261000000000000000000000000000000
07000790000000100114111618370000000000000000100000000000000000
090007900001001001141116183700000000000002040017780000001065000000000000000000000000000000100000000000000000000000000000000
11000790000200100114111618370000010000010000001065000000106500000000000000000000000000200000000009350000
120007900003001001141116183700000000000000000000000000000000000000000000001065000000000000000000000000000000
07000791000000100114111618430000000000000000100000000000000000
090007910001001001141116184300000000000001020009720000000242000000000000000000000000000000100000000000000000000000000000000
090007910002001001141116184300000000000001090000820000000033000000000000000000000000000000100000000000000000000000000000000
090007910003001001141116184300000000000001210000010000000199000000000000000000000000000000000000000000000000000000000000000
090007910004001001141116184300000000000002010015260000000456000000000000000000000000000000100000000000000000000000000000000
090007910005001001141116184300000000000002120017180000000685000000000000000000000000000000100000000000000000000000000000000
090007910006001001141116184300000000000001170001740000000043000000000000000000000000000000100000000000000000000000000000000
090007910007001001141116184300000000000001070001140000000194000000000000000000000000000000100000000000000000000000000000000
090007910008001001141116184300000000000001060003640000000072000000000000000000000000000000100000000000000000000000000000000
090007910009001001141116184300000000000002080008080000000322000000000000000000000000000000100000000000000000000000000000000
090007910010001001141116184300000000000002150000010000000149000000000000000000000000000000000000000000000000000000000000000
090007910011001001141116184300000000000002200000010000000200000000000000000000000000000000000000000000000000000000000000000
090007910012001001141116184300000000000003190000010000000200000000000000000000000000000000000000000000000000000000000000000
090007910013001001141116184300000000000002130023580000000587000000000000000000000000000000100000000000000000000000000000000
11000791001400100114111618430000010000130000003382000000338200000000000000000000000000338200000000000000
120007910015001001141116184303060000000000000000000000000000000000000000003382000000000000000000000000000000
07000792000000100114111618480000000000000000100000000000000000
090007920001001001141116184800000000000001030020600000000410000000000000000000000000000000100000000000000000000000000000000
11000792000200100114111618480000010000010000000410000000041000000000000000000000000000100000000005900000
120007920003001001141116184800000000000000000000000000000000000000000000000410000000000000000000000000000000
07000793000000100114111618540000000000000000100000000000000000
17000793000100100114111618540000000000000032
090007930002001001141116185400000000000003010000010000000399000000000000000000000000000000000000000000000000000000000000000
090007930003001001141116185400000000000001080001620000000065000000000000000000000000000000100000000000000000000000000000000
11000793000400100114111618540000010000020000000464000000046400000000000000000000000000046400000000000000
120007930005001001141116185400000000000000000000000000000000000000000000000464000000000000000000000000000000
07000794000000100114111619000000000000000000100000000000000000
090007940001001001141116190000000000000001050009200000000137000000000000000000000000000000100000000000000000000000000000000
090007940002001001141116190000000000000001100004360000000087000000000000000000000000000000100000000000000000000000000000000
090007940003001001141116190000000000000002080010700000000427000000000000000000000000000000100000000000000000000000000000000
090007940004001001141116190000000000000001150003800000000190000000000000000000000000000000100000000000000000000000000000000
090007940005001001141116190000000000000002090003960000000198000000000000000000000000000000100000000000000000000000000000000
090007940006001001141116190000000000000002270004700000000329000000000000000000000000000000100000000000000000000000000000000
090007940007001001141116190000000000000002230003980000000398000000000000000000000000000000100000000000000000000000000000000
090007940008001001141116190000000000000001080010120000000404000000000000000000000000000000100000000000000000000000000000000
090007940009001001141116190000000000000003080000010000000080000000000000000000000000000000000000000000000000000000000000000
11000794001000100114111619000000010000090000002250000000225000000000000000000000000000525000000030000000
120007940011001001141116190000000000000000000000000000000000000000000000002250000000000000000000000000000000
07000795000000100114111619010000000000000000100000000000000000
090007950001001001141116190100000000000002150000010000000149000000000000000000000000000000000000000000000000000000000000000
090007950002001001141116190100000000000002150000010000000149000000000000000000000000000000000000000000000000000000000000000
090007950003001001141116190100000000000002150000010000000149000000000000000000000000000000000000000000000000000000000000000
090007950004001001141116190100000000000002150000010000000149000000000000000000000000000000000000000000000000000000000000000
11000795000500100114111619010000010000040000000596000000059600000000000000000000000000100000000004040000
120007950006001001141116190100000000000000000000000000000000000000000000000596000000000000000000000000000000
07000796000000100114111619020000000000000000100000000000000000
090007960001001001141116190200000000000002080006680000000267000000000000000000000000000000100000000000000000000000000000000
090007960002001001141116190200000000000002030003780000000151000000000000000000000000000000100000000000000000000000000000000
090007960003001001141116190200000000000002150000010000000149000000000000000000000000000000000000000000000000000000000000000
090007960004001001141116190200000000000002150000010000000149000000000000000000000000000000000000000000000000000000000000000
090007960005001001141116190200000000000002260003940000000157000000000000000000000000000000100000000000000000000000000000000
090007960006001001141116190200000000000002230002460000000246000000000000000000000000000000100000000000000000000000000000000
090007960007001001141116190200000000000003050000010000000080000000000000000000000000000000000000000000000000000000000000000
11000796000800100114111619020000010000070000001199000000119900000000000000000000000001000000000088010000
120007960009001001141116190200000000000000000000000000000000000000000000001199000000000000000000000000000000
07000797000000100114111619090000000000000000100000000000000000
090007970001001001141116190900000000000001050003820000000057000000000000000000000000000000100000000000000000000000000000000
090007970002001001141116190900000000000003030000010000000080000000000000000000000000000000000000000000000000000000000000000
090007970003001001141116190900000000000003030000010000000080000000000000000000000000000000000000000000000000000000000000000
090007970004001001141116190900000000000001080001860000000074000000000000000000000000000000100000000000000000000000000000000
090007970005001001141116190900000000000002230003820000000382000000000000000000000000000000100000000000000000000000000000000
090007970006001001141116190900000000000002090006680000000333000000000000000000000000000000100000000000000000000000000000000
11000797000700100114111619090000010000060000001006000000100600000000000000000000000000100600000000000000
120007970008001001141116190904000000000000000000000000000000000000000000001006000000000000000000000000000000
07000798000000100114111619150000000000000000100000000000000000
090007980001001001141116191500000000000002040002340000000140000000000000000000000000000000100000000000000000000000000000000
11000798000200100114111619150000010000010000000140000000014000000000000000000000000000050000000003600000
120007980003001001141116191500000000000000000000000000000000000000000000000140000000000000000000000000000000
07000799000000100114111619280000000000000000100000000000000000
090007990001001001141116192800000000000001020007740000000193000000000000000000000000000000100000000000000000000000000000000
090007990002001001141116192800000000000001140004140000000207000000000000000000000000000000100000000000000000000000000000000
11000799000300100114111619280000010000020000000400000000040000000000000000000000000000040000000000000000
120007990004001001141116192800000000000000000000000000000000000000000000000400000000000000000000000000000000
07000800000000100114111619330000000000000000100000000000000000
090008000001001001141116193300000000000002070009240000000322000000000000000000000000000000100000000000000000000000000000000
090008000002001001141116193300000000000002150000010000000149000000000000000000000000000000000000000000000000000000000000000
11000800000300100114111619330000010000020000000471000000047100000000000000000000000000100000000005290000
120008000004001001141116193300000000000000000000000000000000000000000000000471000000000000000000000000000000
07000801000000100114111619360000000000000000100000000000000000
090008010001001001141116193600000000000001070001000000000170000000000000000000000000000000100000000000000000000000000000000
11000801000200100114111619360000010000010000000170000000017000000000000000000000000000017000000000000000
120008010003001001141116193600000000000000000000000000000000000000000000000170000000000000000000000000000000
07000802000000100114111619440000000000000000100000000000000000
090008020001001001141116194400000000000001150004580000000229000000000000000000000000000000100000000000000000000000000000000
090008020002001001141116194400000000000001110005880000000176000000000000000000000000000000100000000000000000000000000000000
090008020003001001141116194400000000000001120012620000001008000000000000000000000000000000100000000000000000000000000000000
090008020004001001141116194400000000000002200000010000000200000000000000000000000000000000000000000000000000000000000000000
11000802000500100114111619440000010000040000001613000000161300000000000000000000000000161300000000000000
120008020006001001141116194400000000000000000000000000000000000000000000001613000000000000000000000000000000
07000803000000100114111619460000000000000000100000000000000000
090008030001001001141116194600000000000002170000010000000499000000000000000000000000000000000000000000000000000000000000000
090008030002001001141116194600000000000002200000010000000200000000000000000000000000000000000000000000000000000000000000000
090008030003001001141116194600000000000002070014880000000519000000000000000000000000000000100000000000000000000000000000000
090008030004001001141116194600000000000002260006540000000261000000000000000000000000000000100000000000000000000000000000000
11000803000500100114111619460000010000040000001479000000147900000000000000000000000000200000000005210000
120008030006001001141116194600000000000000000000000000000000000000000000001479000000000000000000000000000000
07000804000000100114111619510000000000000000100000000000000000
090008040001001001141116195100000000000001060003900000000078000000000000000000000000000000100000000000000000000000000000000
090008040002001001141116195100000000000001030006180000000123000000000000000000000000000000100000000000000000000000000000000
11000804000300100114111619510000010000020000000201000000020100000000000000000000000000020100000000000000
120008040004001001141116195100000000000000000000000000000000000000000000000201000000000000000000000000000000
07000805000000100114111619540000000000000000100000000000000000
090008050001001001141116195400000000000003050000010000000080000000000000000000000000000000000000000000000000000000000000000
11000805000200100114111619540000010000010000000080000000008000000000000000000000000000008000000000000000
120008050003001001141116195400000000000000000000000000000000000000000000000080000000000000000000000000000000
07000806000000100114111619590000000000000000100000000000000000
090008060001001001141116195900000000000001080002800000000112000000000000000000000000000000100000000000000000000000000000000
090008060002001001141116195900000000000001030005900000000117000000000000000000000000000000100000000000000000000000000000000
090008060003001001141116195900000000000001160002880000000043000000000000000000000000000000100000000000000000000000000000000
090008060004001001141116195900000000000001250003800000000038000000000000000000000000000000100000000000000000000000000000000
090008060005001001141116195900000000000001220004300000000151000000000000000000000000000000100000000000000000000000000000000
090008060006001001141116195900000000000001060007640000000152000000000000000000000000000000100000000000000000000000000000000
11000806000700100114111619590000010000060000000613000000061300000000000000000000000000061300000000000000
120008060008001001141116195900000000000000000000000000000000000000000000000613000000000000000000000000000000
07000807000000100114111619590000000000000000100000000000000000
090008070001001001141116195900000000000002200000010000000200000000000000000000000000000000000000000000000000000000000000000
11000807000200100114111619590000010000010000000200000000020000000000000000000000000000020000000000000000
120008070003001001141116195900000000000000000000000000000000000000000000000200000000000000000000000000000000
07000808000000100114111620060000000000000000100000000000000000
090008080001001001141116200600000000000001010014040000000491000000000000000000000000000000100000000000000000000000000000000
090008080002001001141116200600000000000002110004620000000415000000000000000000000000000000100000000000000000000000000000000
090008080003001001141116200600000000000003200000010000001000000000000000000000000000000000000000000000000000000000000000000
11000808000400100114111620060000010000030000001906000000190600000000000000000000000000190600000000000000
120008080005001001141116200603010000000000000000000000000000000000000000001906000000000000000000000000000000
07000809000000100114111620070000000000000000100000000000000000
090008090001001001141116200700000000000003020000010000000080000000000000000000000000000000000000000000000000000000000000000
11000809000200100114111620070000010000010000000080000000008000000000000000000000000000008000000000000000
120008090003001001141116200700000000000000000000000000000000000000000000000080000000000000000000000000000000
07000810000000100114111620080000000000000000100000000000000000
090008100001001001141116200800000000000001070002380000000404000000000000000000000000000000100000000000000000000000000000000
11000810000200100114111620080000010000010000000404000000040400000000000000000000000000040400000000000000
120008100003001001141116200800000000000000000000000000000000000000000000000404000000000000000000000000000000
07000811000000100114111620120000000000000000100000000000000000
090008110001001001141116201200000000000002070007200000000251000000000000000000000000000000100000000000000000000000000000000
11000811000200100114111620120000010000010000000251000000025100000000000000000000000000025100000000000000
120008110003001001141116201200000000000000000000000000000000000000000000000251000000000000000000000000000000
07000812000000100114111620120000000000000000100000000000000000
090008120001001001141116201200000000000002040004140000000248000000000000000000000000000000100000000000000000000000000000000
11000812000200100114111620120000010000010000000248000000024800000000000000000000000000100000000007520000
120008120003001001141116201200000000000000000000000000000000000000000000000248000000000000000000000000000000
07000813000000100114111620180000000000000000100000000000000000
090008130001001001141116201800000000000001050004680000000070000000000000000000000000000000100000000000000000000000000000000
090008130002001001141116201800000000000001170002940000000073000000000000000000000000000000100000000000000000000000000000000
090008130003001001141116201800000000000001080002720000000109000000000000000000000000000000100000000000000000000000000000000
090008130004001001141116201800000000000002070002140000000075000000000000000000000000000000100000000000000000000000000000000
11000813000500100114111620180000010000040000000327000000032700000000000000000000000000050000000001730000
120008130006001001141116201800000000000000000000000000000000000000000000000327000000000000000000000000000000
07000814000000100114111620190000000000000000100000000000000000
090008140001001001141116201900000000000001080002620000000105000000000000000000000000000000100000000000000000000000000000000
090008140002001001141116201900000000000003190000010000000200000000000000000000000000000000000000000000000000000000000000000
11000814000300100114111620190000010000020000000305000000030500000000000000000000000000100000000006950000
120008140004001001141116201900000000000000000000000000000000000000000000000305000000000000000000000000000000
07000815000000100114111620250000000000000000100000000000000000
090008150001001001141116202500000000000001020030720000000765000000000000000000000000000000100000000000000000000000000000000
11000815000200100114111620250000010000010000000765000000076500000000000000000000000000100000000002350000
120008150003001001141116202500000000000000000000000000000000000000000000000765000000000000000000000000000000
07000816000000100114111620280000000000000000100000000000000000
090008160001001001141116202800000000000001060002220000000044000000000000000000000000000000100000000000000000000000000000000
090008160002001001141116202800000000000001080002520000000101000000000000000000000000000000100000000000000000000000000000000
090008160003001001141116202800000000000003050000010000000080000000000000000000000000000000000000000000000000000000000000000
090008160004001001141116202800000000000003050000010000000080000000000000000000000000000000000000000000000000000000000000000
11000816000500100114111620280000010000040000000305000000030500000000000000000000000000030500000000000000
120008160006001001141116202800000000000000000000000000000000000000000000000305000000000000000000000000000000
07000817000000100114111620300000000000000000100000000000000000
090008170001001001141116203000000000000002280007240000000289000000000000000000000000000000100000000000000000000000000000000
11000817000200100114111620300000010000010000000289000000028900000000000000000000000000028900000000000000
120008170003001001141116203000000000000000000000000000000000000000000000000289000000000000000000000000000000
1600081700040010011411162031000001                
14000818000000100114111620330000010000000000
07000819000000100114111620340000000000000000100000000000000000
090008190001001001141116203400000000000001140003720000000186000000000000000000000000000000100000000000000000000000000000000
090008190002001001141116203400000000000001150002120000000106000000000000000000000000000000100000000000000000000000000000000
090008190003001001141116203400000000000003050000010000000080000000000000000000000000000000000000000000000000000000000000000
11000819000400100114111620340000010000030000000372000000037200000000000000000000000000040000000000280000
120008190005001001141116203400000000000000000000000000000000000000000000000372000000000000000000000000000000
14000820000000100114111620370000010000000200
14000821000000100114111620370000010000000000
14000822000000100114111620370000010000000000
14000823000000100114111620380000010000000000
0400082400000010011411162047000001000661000824000000003904100000000048231914111600000903240000000000000000000000000002000001000000000000000000000000000000000000000000000000000000000000000000000000000000001234567890AB        
