01035773000000100119051706370000010000004500000000231545891.82G5E   1234567890AB        Generica            
02035773000100100119051706370000010000010000000000
07035774000000100119051707220000000000000000100000000000000000
090357740001001001190517072200000000000001250014240000000141I 0000000000000000000000000000100000000770000000000020000000000
090357740002001001190517072200000000000001060008560000000256000000000000000001500000000000100000001490000000000020000000128
11035774000300100119051707220000010000020000000269000000026900000000000000000000000000026900000000000000
120357740004001001190517072200000000000000000000000000000000000000000000000269000000000000000000000000000000
07035775000000100119051707220000000000000000100000000000000000
090357750001001001190517072200000000000002010001360000000027000000000000000000000000000000100000001080000000000010000000000
090357750002001001190517072200000000000002230001200000000096000000000000000000000000000000100000003890000000000010000000000
11035775000300100119051707220000010000020000000123000000012300000000000000000000000000012300000000000000
120357750004001001190517072200000000000000000000000000000000000000000000000123000000000000000000000000000000
07035776000000100119051707340000000000000000100000000000000000
090357760001001001190517073400000000000003200000010000001200000000000000000000000000000000000000000000000000000050000000000
090357760002001001190517073400000000000003250000060000001200000000000000000000000000000000000000000000000000000040000000000
090357760003001001190517073400000000000003020000010000000100000000000000000000000000000000000000000500000000000000000000000
11035776000400100119051707340000010000030000002500000000250000000000000000000000000000250000000000000000
120357760005001001190517073403050000000000000000000000000000000000000000002500000000000000000000000000000000
07035777000000100119051707350000000000000000100000000000000000
090357770001001001190517073500000000000003040000010000000080000000000000000000000000000000000000000500000000000040000000000
090357770002001001190517073500000000000001080001840000000092000000000000000000000000000000100000001770000000000020000000000
090357770003001001190517073500000000000001040001520000000030000000000000000000000000000000100000001140000000000020000000000
11035777000400100119051707350000010000030000000202000000020200000000000000000000000000020200000000000000
120357770005001001190517073500000000000000000000000000000000000000000000000202000000000000000000000000000000
07035778000000100119051707470000000000000000100000000000000000
090357780001001001190517074700000000000001120006000000000299000000000000000000000000000000100000002340000000000020000000000
090357780002001001190517074700000000000001060004660000000139000000000000000000000000000000100000001490000000000020000000000
090357780003001001190517074700000000000001140002480000000124000000000000000000000000000000100000001720000000000020000000000
090357780004001001190517074700000000000001090001360000000013000000000000000000000000000000100000000000000000000020000000000
11035778000500100119051707470000010000040000000575000000057500000000000000000000000000200000000014250000
120357780006001001190517074700000000000000000000000000000000000000000000000575000000000000000000000000000000
07035779000000100119051707470000000000000000100000000000000000
090357790001001001190517074700000000000001220007020000000210000000000000000000000000000000100000001570000000000020000000000
11035779000200100119051707470000010000010000000210000000021000000000000000000000000000021000000000000000
120357790003001001190517074700000000000000000000000000000000000000000000000210000000000000000000000000000000
07035780000000100119051708070000000000000000100000000000000000
090357800001001001190517080700000000000002010055520000001105000000000000000000000000000000100000001080000000000010000000000
090357800002001001190517080700000000000002010059100000001176000000000000000000000000000000100000001080000000000010000000000
090357800003001001190517080700000000000002010064600000001286000000000000000000000000000000100000001080000000000010000000000
090357800004001001190517080700000000000002010031380000000624000000000000000000000000000000100000001080000000000010000000000
11035780000500100119051708070000010000040000004191000000419100000000000000000000000000419100000000000000
120357800006001001190517080703050000000000000000000000000000000000000000004191000000000000000000000000000000
07035781000000100119051708110000000000000000100000000000000000
090357810001001001190517081100000000000001220007580000000227000000000000000000000000000000100000001570000000000020000000000
11035781000200100119051708110000010000010000000227000000022700000000000000000000000000050000000002730000
120357810003001001190517081100000000000000000000000000000000000000000000000227000000000000000000000000000000
07035782000000100119051708250000000000000000100000000000000000
090357820001001001190517082500000000000001220014680000000439000000000000000000000000000000100000001570000000000020000000000
11035782000200100119051708250000010000010000000439000000043900000000000000000000000000043900000000000000
120357820003001001190517082500000000000000000000000000000000000000000000000439000000000000000000000000000000
07035783000000100119051708260000000000000000100000000000000000
090357830001001001190517082600000000000001130015040000000450000000000000000000000000000000100000001360000000000020000000000
11035783000200100119051708260000010000010000000450000000045000000000000000000000000000045000000000000000
120357830003001001190517082600000000000000000000000000000000000000000000000450000000000000000000000000000000
07035784000000100119051708410000000000000000100000000000000000
090357840001001001190517084100000000000001080004260000000213000000000000000000000000000000100000001770000000000020000000000
11035784000200100119051708410000010000010000000213000000021300000000000000000000000000021300000000000000
120357840003001001190517084100000000000000000000000000000000000000000000000213000000000000000000000000000000
07035785000000100119051709050000000000000000100000000000000000
090357850001001001190517090500000000000001040004100000000082000000000000000000000000000000100000001140000000000020000000000
090357850002001001190517090500000000000001070003400000000850000000000000000000000000000000100000013000000000000020000000000
090357850003001001190517090500000000000001070000300000000075000000000000000000000000000000100000013000000000000020000000000
11035785000400100119051709050000010000030000001007000000100700000000000000000000000000100700000000000000
120357850005001001190517090500000000000000000000000000000000000000000000001007000000000000000000000000000000
07035786000000100119051709190000000000000000100000000000000000
090357860001001001190517091900000000000002190000010000000600000000000000000000000000000000000000000850000000000010000000000
11035786000200100119051709190000010000010000000600000000060000000000000000000000000000060000000000000000
120357860003001001190517091900000000000000000000000000000000000000000000000600000000000000000000000000000000
07035787000000100119051709210000000000000000100000000000000000
090357870001001001190517092100000000000003120000010000000150000000000000000000000000000000000000000500000000000040000000000
11035787000200100119051709210000010000010000000150000000015000000000000000000000000000015000000000000000
120357870003001001190517092100000000000000000000000000000000000000000000000150000000000000000000000000000000
07035788000000100119051709280000000000000000100000000000000000
090357880001001001190517092800000000000001080003860000000154000000000000000000000000000000100000001770000000000020000000000
090357880002001001190517092800000000000001040001660000000033000000000000000000000000000000100000001140000000000020000000000
090357880003001001190517092800000000000002270006220000000310000000000000000000000000000000100000002600000000000010000000000
090357880004001001190517092800000000000001040001400000000028000000000000000000000000000000100000001140000000000020000000000
11035788000500100119051709280000010000040000000525000000052500000000000000000000000000052500000000000000
120357880006001001190517092800000000000000000000000000000000000000000000000525000000000000000000000000000000
07035789000000100119051709280000000000000000100000000000000000
090357890001001001190517092800000000000003120000010000000150000000000000000000000000000000000000000500000000000040000000000
11035789000200100119051709280000010000010000000150000000015000000000000000000000000000015000000000000000
120357890003001001190517092800000000000000000000000000000000000000000000000150000000000000000000000000000000
07035790000000100119051709420000000000000000100000000000000000
090357900001001001190517094200000000000002070006300000000251000000000000000000000000000000100000002010000000000010000000000
11035790000200100119051709420000010000010000000251000000025100000000000000000000000000025100000000000000
120357900003001001190517094200000000000000000000000000000000000000000000000251000000000000000000000000000000
07035791000000100119051709420000000000000000100000000000000000
090357910001001001190517094200000000000001020010740000000214000000000000000000000000000000100000001250000000000020000000000
090357910002001001190517094200000000000001040008180000000163000000000000000000000000000000100000001140000000000020000000000
11035791000300100119051709420000010000020000000377000000037700000000000000000000000000037700000000000000
120357910004001001190517094200000000000000000000000000000000000000000000000377000000000000000000000000000000
07035792000000100119051709430000000000000000100000000000000000
090357920001001001190517094300000000000002270005180000000258000000000000000000000000000000100000002600000000000010000000000
11035792000200100119051709430000010000010000000258000000025800000000000000000000000000040000000001420000
120357920003001001190517094300000000000000000000000000000000000000000000000258000000000000000000000000000000
07035793000000100119051709450000000000000000100000000000000000
090357930001001001190517094500000000000001010005480000000164000000000000000000000000000000100000001900000000000020000000000
090357930002001001190517094500000000000003190000010000000250000000000000000000000000000000000000000000000000000050000000000
11035793000300100119051709450000010000020000000414000000041400000000000000000000000000041400000000000000
120357930004001001190517094500000000000000000000000000000000000000000000000414000000000000000000000000000000
07035794000000100119051709490000000000000000100000000000000000
090357940001001001190517094900000000000002010010380000000207000000000000000000000000000000100000001080000000000010000000000
090357940002001001190517094900000000000001180001680000000076000000000000000000000000000000100000001910000000000020000000000
11035794000300100119051709490000010000020000000283000000028300000000000000000000000000028300000000000000
120357940004001001190517094900000000000000000000000000000000000000000000000283000000000000000000000000000000
07035795000000100119051710060000000000000000100000000000000000
090357950001001001190517100600000000000001040002280000000045000000000000000000000000000000100000001140000000000020000000000
090357950002001001190517100600000000000001150007600000000455000000000000000000000000000000100000001190000000000020000000000
090357950003001001190517100600000000000001080004440000000177000000000000000000000000000000100000001770000000000020000000000
11035795000400100119051710060000010000030000000677000000067700000000000000000000000000070000000000230000
120357950005001001190517100600000000000000000000000000000000000000000000000677000000000000000000000000000000
33035795000000100119051710070000000000000000100000000000000000
340357950001001001190517100700000000000001130015040000000450000000000000000000000000000000100000001360000000000020000000000
35035795000200100119051710070000014294960000000450000000045000000000000000000000000000045000000000000000
360357950003001001190517100700000000000000000000000000000000000000000000000450000000000000000000000000000000
07035796000000100119051710090000000000000000100000000000000000
090357960001001001190517100900000000000002050021040000000419000000000000000000000000000000100000001000000000000030000000000
090357960002001001190517100900000000000001290008160000000162000000000000000000000000000000100000001100000000000020000000000
090357960003001001190517100900000000000001360002480000000025000000000000000000000000000000100000000000000000000010000000000
090357960004001001190517100900000000000003250000010000000200000000000000000000000000000000000000000000000000000040000000000
090357960005001001190517100900000000000001130013800000000413000000000000000000000000000000100000001360000000000020000000000
11035796000600100119051710090000010000050000001219000000121900000000000000000000000000121900000000000000
120357960007001001190517100900000000000000000000000000000000000000000000001219000000000000000000000000000000
07035797000000100119051710150000000000000000100000000000000000
090357970001001001190517101500000000000001020004180000000083000000000000000000000000000000100000001250000000000020000000000
11035797000200100119051710150000010000010000000083000000008300000000000000000000000000008300000000000000
120357970003001001190517101500000000000000000000000000000000000000000000000083000000000000000000000000000000
07035798000000100119051710160000000000000000100000000000000000
090357980001001001190517101600000000000001250005520000000055I 0000000000000000000000000000100000000770000000000020000000000
090357980002001001190517101600000000000001120002800000000140000000000000000000000000000000100000002340000000000020000000000
090357980003001001190517101600000000000001060002300000000046000000000000000000000000000000100000001490000000000020000000000
11035798000400100119051710160000010000030000000241000000024100000000000000000000000000024100000000000000
120357980005001001190517101600000000000000000000000000000000000000000000000241000000000000000000000000000000
07035799000000100119051710170000000000000000100000000000000000
090357990001001001190517101700000000000001060005680000000113000000000000000000000000000000100000001490000000000020000000000
090357990002001001190517101700000000000001010010800000000323000000000000000000000000000000100000001900000000000020000000000
090357990003001001190517101700000000000001250004760000000047I 0000000000000000000000000000100000000770000000000020000000000
090357990004001001190517101700000000000001220009880000000295000000000000000000000000000000100000001570000000000020000000000
11035799000500100119051710170000010000040000000778000000077800000000000000000000000000500000000042220000
120357990006001001190517101700000000000000000000000000000000000000000000000778000000000000000000000000000000
07035800000000100119051710200000000000000000100000000000000000
090358000001001001190517102000000000000001290007360000000146000000000000000000000000000000100000001100000000000020000000000
090358000002001001190517102000000000000001360004640000000046000000000000000000000000000000100000000000000000000010000000000
090358000003001001190517102000000000000001040003760000000075000000000000000000000000000000100000001140000000000020000000000
11035800000400100119051710200000010000030000000267000000026700000000000000000000000000026700000000000000
120358000005001001190517102000000000000000000000000000000000000000000000000267000000000000000000000000000000
14035801000000100119051710280000010000000000
07035802000000100119051710310000000000000000100000000000000000
090358020001001001190517103100000000000001010009460000000283000000000000000000000000000000100000001900000000000020000000000
11035802000200100119051710310000010000010000000283000000028300000000000000000000000000028300000000000000
120358020003001001190517103100000000000000000000000000000000000000000000000283000000000000000000000000000000
07035803000000100119051710360000000000000000100000000000000000
090358030001001001190517103600000000000001140002560000000077000000000000000000000000000000100000001720000000000020000000000
090358030002001001190517103600000000000001010007020000000210000000000000000000000000000000100000001900000000000020000000000
090358030003001001190517103600000000000001080003620000000144000000000000000000000000000000100000001770000000000020000000000
090358030004001001190517103600000000000001090001040000000041000000000000000000000000000000100000000000000000000020000000000
090358030005001001190517103600000000000001070000560000000140000000000000000000000000000000100000013000000000000020000000000
090358030006001001190517103600000000000003050000010000000080000000000000000000000000000000000000000500000000000040000000000
11035803000700100119051710360000010000060000000692000000069200000000000000000000000000069200000000000000
120358030008001001190517103600000000000000000000000000000000000000000000000692000000000000000000000000000000
07035804000000100119051710360000000000000000100000000000000000
090358040001001001190517103600000000000003080000010000000080000000000000000000000000000000000000000600000000000040000000000
11035804000200100119051710360000010000010000000080000000008000000000000000000000000000008000000000000000
120358040003001001190517103600000000000000000000000000000000000000000000000080000000000000000000000000000000
07035805000000100119051710390000000000000000100000000000000000
090358050001001001190517103900000000000001020007460000000148000000000000000000000000000000100000001250000000000020000000000
090358050002001001190517103900000000000001040003380000000067000000000000000000000000000000100000001140000000000020000000000
090358050003001001190517103900000000000001290003240000000064000000000000000000000000000000100000001100000000000020000000000
090358050004001001190517103900000000000001360001280000000013000000000000000000000000000000100000000000000000000010000000000
090358050005001001190517103900000000000001070000380000000095000000000000000000000000000000100000013000000000000020000000000
090358050006001001190517103900000000000002070006120000000244000000000000000000000000000000100000002010000000000010000000000
090358050007001001190517103900000000000004110000010000000050I 0300000000000000000000000000000000000130000000000030000000000
11035805000800100119051710390000010000070000000681000000068100000000000000000000000000068100000000000000
120358050009001001190517103900000000000000000000000000000000000000000000000681000000000000000000000000000000
07035806000000100119051710400000000000000000100000000000000000
090358060001001001190517104000000000000003250000010000000200000000000000000000000000000000000000000000000000000040000000000
090358060002001001190517104000000000000001120004620000000231000000000000000000000000000000100000002340000000000020000000000
090358060003001001190517104000000000000001020009980000000199000000000000000000000000000000100000001250000000000020000000000
090358060004001001190517104000000000000001060001800000000036000000000000000000000000000000100000001490000000000020000000000
11035806000500100119051710400000010000040000000666000000066600000000000000000000000000066600000000000000
120358060006001001190517104000000000000000000000000000000000000000000000000666000000000000000000000000000000
07035807000000100119051710410000000000000000100000000000000000
090358070001001001190517104100000000000001120003760000000188000000000000000000000000000000100000002340000000000020000000000
090358070002001001190517104100000000000001250003040000000030I 0000000000000000000000000000100000000770000000000020000000000
11035807000300100119051710410000010000020000000218000000021800000000000000000000000000021800000000000000
120358070004001001190517104100000000000000000000000000000000000000000000000218000000000000000000000000000000
07035808000000100119051710430000000000000000100000000000000000
090358080001001001190517104300000000000003160000010000000080000000000000000000000000000000000000000560000000000040000000000
11035808000200100119051710430000010000010000000080000000008000000000000000000000000000008000000000000000
120358080003001001190517104300000000000000000000000000000000000000000000000080000000000000000000000000000000
07035809000000100119051710480000000000000000100000000000000000
090358090001001001190517104800000000000001040012420000000247000000000000000000000000000000100000001140000000000020000000000
090358090002001001190517104800000000000001360004340000000043000000000000000000000000000000100000000000000000000010000000000
090358090003001001190517104800000000000001290005940000000118000000000000000000000000000000100000001100000000000020000000000
090358090004001001190517104800000000000001060008420000000168000000000000000000000000000000100000001490000000000020000000000
090358090005001001190517104800000000000003190000010000000250000000000000000000000000000000000000000000000000000050000000000
090358090006001001190517104800000000000001010016820000000503000000000000000000000000000000100000001900000000000020000000000
090358090007001001190517104800000000000001020014820000000295000000000000000000000000000000100000001250000000000020000000000
090358090008001001190517104800000000000001070000940000000235000000000000000000000000000000100000013000000000000020000000000
11035809000900100119051710480000010000080000001859000000185900000000000000000000000000185900000000000000
120358090010001001190517104803060000000000000000000000000000000000000000001500000000000000000000000000000000
120358090011001001190517104800000000000000000000000000000000000000000000000359000000000000000000000000000000
07035810000000100119051710490000000000000000100000000000000000
090358100001001001190517104900000000000001080005080000000203000000000000000000000000000000100000001770000000000020000000000
11035810000200100119051710490000010000010000000203000000020300000000000000000000000000020300000000000000
120358100003001001190517104900000000000000000000000000000000000000000000000203000000000000000000000000000000
07035811000000100119051710520000000000000000100000000000000000
090358110001001001190517105200000000000003040000010000000080000000000000000000000000000000000000000500000000000040000000000
090358110002001001190517105200000000000001020003400000000068000000000000000000000000000000100000001250000000000020000000000
090358110003001001190517105200000000000001060000860000000017000000000000000000000000000000100000001490000000000020000000000
11035811000400100119051710520000010000030000000165000000016500000000000000000000000000016500000000000000
120358110005001001190517105200000000000000000000000000000000000000000000000165000000000000000000000000000000
07035812000000100119051710530000000000000000100000000000000000
090358120001001001190517105300000000000001250007060000000070I 0000000000000000000000000000100000000770000000000020000000000
090358120002001001190517105300000000000001060006840000000136000000000000000000000000000000100000001490000000000020000000000
090358120003001001190517105300000000000001100004460000000111000000000000000001250000000000100000000640000000000020000000056
090358120004001001190517105300000000000001020006820000000136000000000000000000000000000000100000001250000000000020000000000
090358120005001001190517105300000000000001220007900000000236000000000000000000000000000000100000001570000000000020000000000
11035812000600100119051710530000010000050000000633000000063300000000000000000000000000100000000003670000
120358120007001001190517105300000000000000000000000000000000000000000000000633000000000000000000000000000000
07035813000000100119051710570000000000000000100000000000000000
090358130001001001190517105700000000000003040000010000000080000000000000000000000000000000000000000500000000000040000000000
090358130002001001190517105700000000000002430000020000000100000000000000000000000000000000000000000290000000000010000000000
090358130003001001190517105700000000000001220004160000000124000000000000000000000000000000100000001570000000000020000000000
090358130004001001190517105700000000000001250008340000000083I 0000000000000000000000000000100000000770000000000020000000000
090358130005001001190517105700000000000001150006560000000393000000000000000000000000000000100000001190000000000020000000000
090358130006001001190517105700000000000001020009800000000195000000000000000000000000000000100000001250000000000020000000000
090358130007001001190517105700000000000001020007240000000144000000000000000000000000000000100000001250000000000020000000000
090358130008001001190517105700000000000001100014700000000366000000000000000000000000000000100000000640000000000020000000000
090358130009001001190517105700000000000001040007800000000155000000000000000000000000000000100000001140000000000020000000000
090358130010001001190517105700000000000001060006780000000135000000000000000000000000000000100000001490000000000020000000000
090358130011001001190517105700000000000001290004140000000082000000000000000000000000000000100000001100000000000020000000000
090358130012001001190517105700000000000001360003200000000032000000000000000000000000000000100000000000000000000010000000000
090358130013001001190517105700000000000002140008980000000179000000000000000000000000000000100000001300000000000010000000000
11035813001400100119051710570000010000130000002068000000206800000000000000000000000000506800000030000000
120358130015001001190517105700000000000000000000000000000000000000000000002068000000000000000000000000000000
07035814000000100119051710580000000000000000100000000000000000
090358140001001001190517105800000000000001130011760000000352000000000000000000000000000000100000001360000000000020000000000
11035814000200100119051710580000010000010000000352000000035200000000000000000000000000035200000000000000
120358140003001001190517105800000000000000000000000000000000000000000000000352000000000000000000000000000000
07035815000000100119051711070000000000000000100000000000000000
090358150001001001190517110700000000000003010000010000000500000000000000000000000000000000000000003740000000000050000000000
11035815000200100119051711070000010000010000000500000000050000000000000000000000000000050000000000000000
120358150003001001190517110700000000000000000000000000000000000000000000000500000000000000000000000000000000
07035816000000100119051711100000000000000000100000000000000000
090358160001001001190517111000000000000003120000010000000150000000000000000000000000000000000000000500000000000040000000000
090358160002001001190517111000000000000001130008860000000265000000000000000000000000000000100000001360000000000020000000000
11035816000300100119051711100000010000020000000415000000041500000000000000000000000000041500000000000000
120358160004001001190517111000000000000000000000000000000000000000000000000415000000000000000000000000000000
07035817000000100119051711110000000000000000100000000000000000
090358170001001001190517111100000000000002080007520000000225000000000000000000000000000000100000001620000000000010000000000
11035817000200100119051711110000010000010000000225000000022500000000000000000000000000022500000000000000
120358170003001001190517111100000000000000000000000000000000000000000000000225000000000000000000000000000000
07035818000000100119051711150000000000000000100000000000000000
090358180001001001190517111500000000000002050011300000000225000000000000000000000000000000100000001000000000000030000000000
11035818000200100119051711150000010000010000000225000000022500000000000000000000000000022500000000000000
120358180003001001190517111500000000000000000000000000000000000000000000000225000000000000000000000000000000
07035819000000100119051711180000000000000000100000000000000000
090358190001001001190517111800000000000003160000010000000080000000000000000000000000000000000000000560000000000040000000000
090358190002001001190517111800000000000001040002960000000059000000000000000000000000000000100000001140000000000020000000000
090358190003001001190517111800000000000001080004080000000163000000000000000000000000000000100000001770000000000020000000000
11035819000400100119051711180000010000030000000302000000030200000000000000000000000000030200000000000000
120358190005001001190517111800000000000000000000000000000000000000000000000302000000000000000000000000000000
07035820000000100119051711200000000000000000100000000000000000
090358200001001001190517112000000000000002080008220000000246000000000000000000000000000000100000001620000000000010000000000
090358200002001001190517112000000000000003250000010000000200000000000000000000000000000000000000000000000000000040000000000
11035820000300100119051711200000010000020000000446000000044600000000000000000000000000050000000000540000
120358200004001001190517112000000000000000000000000000000000000000000000000446000000000000000000000000000000
07035821000000100119051711230000000000000000100000000000000000
090358210001001001190517112300000000000001220012880000000385000000000000000000000000000000100000001570000000000020000000000
090358210002001001190517112300000000000001270009660000000289000000000000000000000000000000100000000910000000000020000000000
090358210003001001190517112300000000000001120014100000000704000000000000000000000000000000100000002340000000000020000000000
090358210004001001190517112300000000000001250009840000000097I 0000000000000000000000000000100000000770000000000020000000000
090358210005001001190517112300000000000001010015320000000458000000000000000000000000000000100000001900000000000020000000000
090358210006001001190517112300000000000003250000010000000200000000000000000000000000000000000000000000000000000040000000000
090358210007001001190517112300000000000003040000010000000080000000000000000000000000000000000000000500000000000040000000000
090358210008001001190517112300000000000001080006900000000275000000000000000000000000000000100000001770000000000020000000000
090358210009001001190517112300000000000001300000010000000299000000000000000000000000000000000000000110000000000020000000000
11035821001000100119051711230000010000090000002787000000278700000000000000000000000000300000000002130000
120358210011001001190517112300000000000000000000000000000000000000000000002787000000000000000000000000000000
07035822000000100119051711230000000000000000100000000000000000
090358220001001001190517112300000000000002290000020000000800000000000000000000000000000000000000002610000000000010000000000
11035822000200100119051711230000010000010000000800000000080000000000000000000000000000080000000000000000
120358220003001001190517112300000000000000000000000000000000000000000000000800000000000000000000000000000000
07035823000000100119051711230000000000000000100000000000000000
090358230001001001190517112300000000000001070000600000000150000000000000000000000000000000100000013000000000000020000000000
11035823000200100119051711230000010000010000000150000000015000000000000000000000000000015000000000000000
120358230003001001190517112300000000000000000000000000000000000000000000000150000000000000000000000000000000
07035824000000100119051711240000000000000000100000000000000000
090358240001001001190517112400000000000002170000010000000499000000000000000000000000000000000000003760000000000010000000000
11035824000200100119051711240000010000010000000499000000049900000000000000000000000000049900000000000000
120358240003001001190517112400000000000000000000000000000000000000000000000499000000000000000000000000000000
07035825000000100119051711260000000000000000100000000000000000
090358250001001001190517112600000000000001360001320000000013000000000000000000000000000000100000000000000000000010000000000
090358250002001001190517112600000000000001080007520000000300000000000000000000000000000000100000001770000000000020000000000
090358250003001001190517112600000000000002040001860000000056000000000000000000000000000000100000001170000000000010000000000
090358250004001001190517112600000000000001070001800000000450000000000000000000000000000000100000013000000000000020000000000
11035825000500100119051711260000010000040000000819000000081900000000000000000000000000100000000001810000
120358250006001001190517112600000000000000000000000000000000000000000000000819000000000000000000000000000000
07035826000000100119051711280000000000000000100000000000000000
090358260001001001190517112800000000000001040007040000000140000000000000000000000000000000100000001140000000000020000000000
11035826000200100119051711280000010000010000000140000000014000000000000000000000000000014000000000000000
120358260003001001190517112800000000000000000000000000000000000000000000000140000000000000000000000000000000
07035827000000100119051711410000000000000000100000000000000000
090358270001001001190517114100000000000003040000010000000080000000000000000000000000000000000000000500000000000040000000000
090358270002001001190517114100000000000001160010940000000218000000000000000000000000000000100000001200000000000020000000000
11035827000300100119051711410000010000020000000298000000029800000000000000000000000000029800000000000000
120358270004001001190517114100000000000000000000000000000000000000000000000298000000000000000000000000000000
07035828000000100119051711510000000000000000100000000000000000
090358280001001001190517115100000000000003050000010000000080000000000000000000000000000000000000000500000000000040000000000
090358280002001001190517115100000000000002040005460000000163000000000000000000000000000000100000001170000000000010000000000
090358280003001001190517115100000000000001070000440000000110000000000000000000000000000000100000013000000000000020000000000
11035828000400100119051711510000010000030000000353000000035300000000000000000000000000035300000000000000
120358280005001001190517115100000000000000000000000000000000000000000000000353000000000000000000000000000000
07035829000000100119051712020000000000000000100000000000000000
090358290001001001190517120200000000000001150002000000000120000000000000000000000000000000100000001190000000000020000000000
090358290002001001190517120200000000000001170001920000000057000000000000000000000000000000100000001400000000000020000000000
11035829000300100119051712020000010000020000000177000000017700000000000000000000000000017700000000000000
120358290004001001190517120200000000000000000000000000000000000000000000000177000000000000000000000000000000
07035830000000100119051712150000000000000000100000000000000000
090358300001001001190517121500000000000001360003560000000035000000000000000000000000000000100000000000000000000010000000000
090358300002001001190517121500000000000001290005720000000114000000000000000000000000000000100000001100000000000020000000000
090358300003001001190517121500000000000001140013120000000392000000000000000000000000000000100000001720000000000020000000000
090358300004001001190517121500000000000001170004420000000132000000000000000000000000000000100000001400000000000020000000000
11035830000500100119051712150000010000040000000673000000067300000000000000000000000000500000000043270000
120358300006001001190517121500000000000000000000000000000000000000000000000673000000000000000000000000000000
07035831000000100119051712210000000000000000100000000000000000
090358310001001001190517122100000000000001080002920000000117000000000000000000000000000000100000001770000000000020000000000
090358310002001001190517122100000000000003140000010000000080000000000000000000000000000000000000000560000000000040000000000
090358310003001001190517122100000000000002040002940000000088000000000000000000000000000000100000001170000000000010000000000
11035831000400100119051712210000010000030000000285000000028500000000000000000000000000028500000000000000
120358310005001001190517122102010000000000000000000000000000000000070000000285000000000000000000000000000000
100358310006001001190517122101000000000000000700000002850000000000000091000001
07035832000000100119051712240000000000000000100000000000000000
090358320001001001190517122400000000000002040003360000000100000000000000000000000000000000100000001170000000000010000000000
11035832000200100119051712240000010000010000000100000000010000000000000000000000000000010000000000000000
120358320003001001190517122400000000000000000000000000000000000000000000000100000000000000000000000000000000
07035833000000100119051712380000000000000000100000000000000000
090358330001001001190517123800000000000002050029500000000587000000000000000000000000000000100000001000000000000030000000000
11035833000200100119051712380000010000010000000587000000058700000000000000000000000000060000000000130000
120358330003001001190517123800000000000000000000000000000000000000000000000587000000000000000000000000000000
07035834000000100119051712440000000000000000100000000000000000
090358340001001001190517124400000000000001010016620000000497000000000000000000000000000000100000001900000000000020000000000
090358340002001001190517124400000000000002090009640000000385000000000000000000000000000000100000002280000000000010000000000
090358340003001001190517124400000000000001090003540000000141000000000000000000000000000000100000000000000000000020000000000
090358340004001001190517124400000000000001040006840000000136000000000000000000000000000000100000001140000000000020000000000
090358340005001001190517124400000000000002040004860000000145000000000000000000000000000000100000001170000000000010000000000
090358340006001001190517124400000000000002170000010000000499000000000000000000000000000000000000003760000000000010000000000
090358340007001001190517124400000000000001080008260000000330000000000000000000000000000000100000001770000000000020000000000
090358340008001001190517124400000000000001070001520000000380000000000000000000000000000000100000013000000000000020000000000
090358340009001001190517124400000000000002080029480000000881000000000000000000000000000000100000001620000000000010000000000
11035834001000100119051712440000010000090000003394000000339400000000000000000000000000500000000016060000
120358340011001001190517124400000000000000000000000000000000000000000000003394000000000000000000000000000000
07035835000000100119051712490000000000000000100000000000000000
090358350001001001190517124900000000000001070000320000000080000000000000000000000000000000100000013000000000000020000000000
11035835000200100119051712490000010000010000000080000000008000000000000000000000000000020000000001200000
120358350003001001190517124900000000000000000000000000000000000000000000000080000000000000000000000000000000
07035836000000100119051712520000000000000000100000000000000000
090358360001001001190517125200000000000001010014900000000446000000000000000000000000000000100000001900000000000020000000000
090358360002001001190517125200000000000001120007660000000382000000000000000000000000000000100000002340000000000020000000000
090358360003001001190517125200000000000001060004700000000094000000000000000000000000000000100000001490000000000020000000000
090358360004001001190517125200000000000001040005580000000111000000000000000000000000000000100000001140000000000020000000000
090358360005001001190517125200000000000001080005040000000201000000000000000000000000000000100000001770000000000020000000000
090358360006001001190517125200000000000002070013940000000556000000000000000000000000000000100000002010000000000010000000000
11035836000700100119051712520000010000060000001790000000179000000000000000000000000000179000000000000000
120358360008001001190517125200000000000000000000000000000000000000000000001790000000000000000000000000000000
07035837000000100119051713030000000000000000100000000000000000
090358370001001001190517130300000000000001180003860000000174000000000000000000000000000000100000001910000000000020000000000
090358370002001001190517130300000000000003010000010000000500000000000000000000000000000000000000003740000000000050000000000
11035837000300100119051713030000010000020000000674000000067400000000000000000000000000100000000003260000
120358370004001001190517130300000000000000000000000000000000000000000000000674000000000000000000000000000000
07035838000000100119051713060000000000000000100000000000000000
090358380001001001190517130600000000000001150004800000000288000000000000000000000000000000100000001190000000000020000000000
090358380002001001190517130600000000000001160008100000000161000000000000000000000000000000100000001200000000000020000000000
090358380003001001190517130600000000000001220005840000000175000000000000000000000000000000100000001570000000000020000000000
11035838000400100119051713060000010000030000000624000000062400000000000000000000000000100000000003760000
120358380005001001190517130600000000000000000000000000000000000000000000000624000000000000000000000000000000
07035839000000100119051713070000000000000000100000000000000000
090358390001001001190517130700000000000001130014300000000428000000000000000000000000000000100000001360000000000020000000000
11035839000200100119051713070000010000010000000428000000042800000000000000000000000000200000000015720000
120358390003001001190517130700000000000000000000000000000000000000000000000428000000000000000000000000000000
07035840000000100119051713080000000000000000100000000000000000
090358400001001001190517130800000000000003120000010000000150000000000000000000000000000000000000000500000000000040000000000
11035840000200100119051713080000010000010000000150000000015000000000000000000000000000015000000000000000
120358400003001001190517130800000000000000000000000000000000000000000000000150000000000000000000000000000000
07035841000000100119051713130000000000000000100000000000000000
090358410001001001190517131300000000000001040002120000000042000000000000000000000000000000100000001140000000000020000000000
11035841000200100119051713130000010000010000000042000000004200000000000000000000000000004200000000000000
120358410003001001190517131300000000000000000000000000000000000000000000000042000000000000000000000000000000
07035842000000100119051713240000000000000000100000000000000000
090358420001001001190517132400000000000004150000020000000200I 0300000000000000000000000000000000000000000000000030000000000
11035842000200100119051713240000010000010000000200000000020000000000000000000000000000020000000000000000
120358420003001001190517132400000000000000000000000000000000000000000000000200000000000000000000000000000000
060358420004001001190517132900000100000200000000000000000000000000000000000000000000
07035843000000100119051713320000000000000000100000000000000000
090358430001001001190517133200000000000003250000010000000200000000000000000000000000000000000000000000000000000040000000000
11035843000200100119051713320000010000010000000200000000020000000000000000000000000000020000000000000000
120358430003001001190517133200000000000000000000000000000000000000000000000200000000000000000000000000000000
07035844000000100119051713370000000000000000100000000000000000
090358440001001001190517133700000000000001020006120000000122000000000000000000000000000000100000001250000000000020000000000
090358440002001001190517133700000000000003040000010000000080000000000000000000000000000000000000000500000000000040000000000
11035844000300100119051713370000010000020000000202000000020200000000000000000000000000020200000000000000
120358440004001001190517133700000000000000000000000000000000000000000000000202000000000000000000000000000000
07035845000000100119051713440000000000000000100000000000000000
090358450001001001190517134400000000000001020013820000000275000000000000000000000000000000100000001250000000000020000000000
11035845000200100119051713440000010000010000000275000000027500000000000000000000000000027500000000000000
120358450003001001190517134400000000000000000000000000000000000000000000000275000000000000000000000000000000
07035846000000100119051714020000000000000000100000000000000000
090358460001001001190517140200000000000002040001500000000045000000000000000000000000000000100000001170000000000010000000000
11035846000200100119051714020000010000010000000045000000004500000000000000000000000000004500000000000000
120358460003001001190517140200000000000000000000000000000000000000000000000045000000000000000000000000000000
07035847000000100119051714030000000000000000100000000000000000
090358470001001001190517140300000000000002070006940000000277000000000000000000000000000000100000002010000000000010000000000
11035847000200100119051714030000010000010000000277000000027700000000000000000000000000027700000000000000
120358470003001001190517140300000000000000000000000000000000000000000000000277000000000000000000000000000000
07035848000000100119051714090000000000000000100000000000000000
090358480001001001190517140900000000000002210012640000001010000000000000000000000000000000100000005000000000000010000000000
11035848000200100119051714090000010000010000001010000000101000000000000000000000000000101000000000000000
120358480003001001190517140900000000000000000000000000000000000000000000001010000000000000000000000000000000
07035849000000100119051714100000000000000000100000000000000000
090358490001001001190517141000000000000003250000010000000200000000000000000000000000000000000000000000000000000040000000000
11035849000200100119051714100000010000010000000200000000020000000000000000000000000000020000000000000000
120358490003001001190517141000000000000000000000000000000000000000000000000200000000000000000000000000000000
07035850000000100119051714150000000000000000100000000000000000
090358500001001001190517141500000000000002040009260000000277000000000000000000000000000000100000001170000000000010000000000
090358500002001001190517141500000000000002270004920000000246000000000000000000000000000000100000002600000000000010000000000
11035850000300100119051714150000010000020000000523000000052300000000000000000000000000052300000000000000
120358500004001001190517141500000000000000000000000000000000000000000000000523000000000000000000000000000000
07035851000000100119051714210000000000000000100000000000000000
090358510001001001190517142100000000000003250000010000000200000000000000000000000000000000000000000000000000000040000000000
11035851000200100119051714210000010000010000000200000000020000000000000000000000000000020000000000000000
120358510003001001190517142100000000000000000000000000000000000000000000000200000000000000000000000000000000
07035852000000100119051714220000000000000000100000000000000000
090358520001001001190517142200000000000002130013060000000260000000000000000000000000000000100000001130000000000010000000000
11035852000200100119051714220000010000010000000260000000026000000000000000000000000000026000000000000000
120358520003001001190517142200000000000000000000000000000000000000000000000260000000000000000000000000000000
060358520004001001190517144100000100000070000000000000000000000000000000000000000000
18035852000500100119051714410100000004690000000000000000000001
07035853000000100119051714490000000000000000100000000000000000
090358530001001001190517144900000000000002420001200000000048I 0000000000000000000000000000100000001500000000000020000000000
090358530002001001190517144900000000000002110006760000000270000000000000000000000000000000100000002310000000000010000000000
090358530003001001190517144900000000000002070006180000000247000000000000000000000000000000100000001660000000000010000000000
090358530004001001190517144900000000000003190000010000000250000000000000000000000000000000000000000000000000000050000000000
090358530005001001190517144900000000000002420000740000000030I 0000000000000000000000000000100000001500000000000020000000000
11035853000600100119051714490000010000050000000845000000084500000000000000000000000000084500000000000000
120358530007001001190517144903060000000000000000000000000000000000000000000845000000000000000000000000000000
07035854000000100119051714530000000000000000100000000000000000
090358540001001001190517145300000000000003270000040000000180000000000000000000000000000000000000000000000000000050000000000
11035854000200100119051714530000010000010000000180000000018000000000000000000000000000018000000000000000
120358540003001001190517145300000000000000000000000000000000000000000000000180000000000000000000000000000000
07035855000000100119051714560000000000000000100000000000000000
090358550001001001190517145600000000000003140000010000000080000000000000000000000000000000000000000440000000000040000000000
11035855000200100119051714560000010000010000000080000000008000000000000000000000000000008000000000000000
120358550003001001190517145600000000000000000000000000000000000000000000000080000000000000000000000000000000
18035855000400100119051715120000000059000000000000000000000001
07035856000000100119051715180000000000000000100000000000000000
090358560001001001190517151800000000000003010000020000001000000000000000000000000000000000000000003850000000000050000000000
11035856000200100119051715180000010000010000001000000000100000000000000000000000000000100000000000000000
120358560003001001190517151800000000000000000000000000000000000000000000001000000000000000000000000000000000
07035857000000100119051715410000000000000000100000000000000000
090358570001001001190517154100000000000003030000010000000080000000000000000000000000000000000000000560000000000040000000000
11035857000200100119051715410000010000010000000080000000008000000000000000000000000000050000000004200000
120358570003001001190517154100000000000000000000000000000000000000000000000080000000000000000000000000000000
07035858000000100119051715450000000000000000100000000000000000
090358580001001001190517154500000000000001160008300000000165000000000000000000000000000000100000001200000000000020000000000
11035858000200100119051715450000010000010000000165000000016500000000000000000000000000020000000000350000
120358580003001001190517154500000000000000000000000000000000000000000000000165000000000000000000000000000000
07035859000000100119051716000000000000000000100000000000000000
090358590001001001190517160000000000000001360000680000000007000000000000000000000000000000100000000000000000000010000000000
090358590002001001190517160000000000000001290001600000000032000000000000000000000000000000100000001100000000000020000000000
11035859000300100119051716000000010000020000000039000000003900000000000000000000000000020000000001610000
120358590004001001190517160000000000000000000000000000000000000000000000000039000000000000000000000000000000
07035860000000100119051716050000000000000000100000000000000000
090358600001001001190517160500000000000003040000010000000080000000000000000000000000000000000000000400000000000040000000000
11035860000200100119051716050000010000010000000080000000008000000000000000000000000000010000000000200000
120358600003001001190517160500000000000000000000000000000000000000000000000080000000000000000000000000000000
07035861000000100119051716070000000000000000100000000000000000
090358610001001001190517160700000000000002040001900000000057000000000000000000000000000000100000001250000000000010000000000
11035861000200100119051716070000010000010000000057000000005700000000000000000000000000005700000000000000
120358610003001001190517160700000000000000000000000000000000000000000000000057000000000000000000000000000000
07035862000000100119051716080000000000000000100000000000000000
090358620001001001190517160800000000000002210005980000000478000000000000000000000000000000100000005000000000000010000000000
11035862000200100119051716080000010000010000000478000000047800000000000000000000000000200000000015220000
120358620003001001190517160800000000000000000000000000000000000000000000000478000000000000000000000000000000
07035863000000100119051716100000000000000000100000000000000000
090358630001001001190517161000000000000001100011160000000278000000000000000000000000000000100000000640000000000020000000000
090358630002001001190517161000000000000001060005340000000106000000000000000000000000000000100000001490000000000020000000000
090358630003001001190517161000000000000001090001620000000065000000000000000000000000000000100000002500000000000020000000000
090358630004001001190517161000000000000001040002200000000044000000000000000000000000000000100000001140000000000020000000000
11035863000500100119051716100000010000040000000493000000049300000000000000000000000000049300000000000000
120358630006001001190517161000000000000000000000000000000000000000000000000493000000000000000000000000000000
07035864000000100119051716130000000000000000100000000000000000
090358640001001001190517161300000000000003190000010000000250000000000000000000000000000000000000000000000000000050000000000
11035864000200100119051716130000010000010000000250000000025000000000000000000000000000100000000007500000
120358640003001001190517161300000000000000000000000000000000000000000000000250000000000000000000000000000000
07035865000000100119051716250000000000000000100000000000000000
090358650001001001190517162500000000000001220005860000000175000000000000000000000000000000100000001570000000000020000000000
17035865000200100119051716250000000000000080
11035865000300100119051716250000010000010000000175000000017500000000000000000000000000017500000000000000
120358650004001001190517162500000000000000000000000000000000000000000000000175000000000000000000000000000000
07035866000000100119051716260000000000000000100000000000000000
090358660001001001190517162600000000000002050012160000000242000000000000000000000000000000100000001000000000000030000000000
090358660002001001190517162600000000000001070001360000000340000000000000000000000000000000100000013000000000000020000000000
11035866000300100119051716260000010000020000000582000000058200000000000000000000000000100000000004180000
120358660004001001190517162600000000000000000000000000000000000000000000000582000000000000000000000000000000
07035867000000100119051716310000000000000000100000000000000000
090358670001001001190517163100000000000001140002820000000084000000000000000000000000000000100000001720000000000020000000000
090358670002001001190517163100000000000001040010760000000214000000000000000000000000000000100000001140000000000020000000000
17035867000300100119051716310000000000000080
090358670004001001190517163100000000000001250015640000000155I 0000000000000000000000000000100000000780000000000020000000000
090358670005001001190517163100000000000001220005860000000175000000000000000000000000000000100000001570000000000020000000000
090358670006001001190517163100000000000001020012660000000252000000000000000000000000000000100000001250000000000020000000000
090358670007001001190517163100000000000001150001520000000091000000000000000000000000000000100000001840000000000020000000000
090358670008001001190517163100000000000003250000010000000200000000000000000000000000000000000000000000000000000040000000000
11035867000900100119051716310000010000070000001171000000117100000000000000000000000000117100000000000000
120358670010001001190517163100000000000000000000000000000000000000000000001171000000000000000000000000000000
07035868000000100119051716370000000000000000100000000000000000
090358680001001001190517163700000000000002250009480000000378000000000000000000000000000000100000003600000000000010000000000
11035868000200100119051716370000010000010000000378000000037800000000000000000000000000037800000000000000
120358680003001001190517163700000000000000000000000000000000000000000000000378000000000000000000000000000000
07035869000000100119051716380000000000000000100000000000000000
090358690001001001190517163800000000000003010000010000000500000000000000000000000000000000000000003850000000000050000000000
11035869000200100119051716380000010000010000000500000000050000000000000000000000000000050000000000000000
120358690003001001190517163802010000000000000000000000000000000000280000000500000000000000000000000000000000
100358690004001001190517163801000000000000002800000005000000000000000100000001
07035870000000100119051716430000000000000000100000000000000000
090358700001001001190517164300000000000001220015900000000475000000000000000000000000000000100000001570000000000020000000000
090358700002001001190517164300000000000001010017160000000513000000000000000000000000000000100000001730000000000020000000000
090358700003001001190517164300000000000001150003580000000214000000000000000000000000000000100000001840000000000020000000000
090358700004001001190517164300000000000003250000010000000200000000000000000000000000000000000000000000000000000040000000000
090358700005001001190517164300000000000001040006740000000134000000000000000000000000000000100000001140000000000020000000000
090358700006001001190517164300000000000001090002000000000080000000000000000000000000000000100000002500000000000020000000000
090358700007001001190517164300000000000001070001220000000305000000000000000000000000000000100000013000000000000020000000000
090358700008001001190517164300000000000003010000010000000500000000000000000000000000000000000000003850000000000050000000000
090358700009001001190517164300000000000002080018940000000566000000000000000000000000000000100000002090000000000010000000000
11035870001000100119051716430000010000090000002987000000298700000000000000000000000000500000000020130000
120358700011001001190517164300000000000000000000000000000000000000000000002987000000000000000000000000000000
07035871000000100119051716460000000000000000100000000000000000
090358710001001001190517164600000000000001250007460000000074I 0000000000000000000000000000100000000780000000000020000000000
090358710002001001190517164600000000000001120006380000000318000000000000000000000000000000100000002340000000000020000000000
090358710003001001190517164600000000000001110006440000000193000000000000000000000000000000100000002090000000000020000000000
090358710004001001190517164600000000000003070000010000000080000000000000000000000000000000000000000400000000000040000000000
090358710005001001190517164600000000000003120000010000000150000000000000000000000000000000000000000400000000000040000000000
11035871000600100119051716460000010000050000000815000000081500000000000000000000000000081500000000000000
120358710007001001190517164603010000000000000000000000000000000000000000000815000000000000000000000000000000
07035872000000100119051716540000000000000000100000000000000000
090358720001001001190517165400000000000003050000010000000080000000000000000000000000000000000000000400000000000040000000000
11035872000200100119051716540000010000010000000080000000008000000000000000000000000000008000000000000000
120358720003001001190517165400000000000000000000000000000000000000000000000080000000000000000000000000000000
07035873000000100119051717040000000000000000100000000000000000
090358730001001001190517170400000000000002150000010000000120000000000000000000000000000000000000000620000000000010000000000
11035873000200100119051717040000010000010000000120000000012000000000000000000000000000020000000000800000
120358730003001001190517170400000000000000000000000000000000000000000000000120000000000000000000000000000000
07035874000000100119051717060000000000000000100000000000000000
090358740001001001190517170600000000000002040003720000000111000000000000000000000000000000100000001250000000000010000000000
11035874000200100119051717060000010000010000000111000000011100000000000000000000000000011100000000000000
120358740003001001190517170600000000000000000000000000000000000000000000000111000000000000000000000000000000
07035875000000100119051717090000000000000000100000000000000000
090358750001001001190517170900000000000001130008060000000241000000000000000000000000000000100000001660000000000020000000000
090358750002001001190517170900000000000001040002440000000049000000000000000000000000000000100000001140000000000020000000000
090358750003001001190517170900000000000001080002080000000083000000000000000000000000000000100000001490000000000020000000000
090358750004001001190517170900000000000001010001140000000034000000000000000000000000000000100000001730000000000020000000000
11035875000500100119051717090000010000040000000407000000040700000000000000000000000000050000000000930000
120358750006001001190517170900000000000000000000000000000000000000000000000407000000000000000000000000000000
07035876000000100119051717120000000000000000100000000000000000
090358760001001001190517171200000000000001130014380000000430000000000000000000000000000000100000001660000000000020000000000
11035876000200100119051717120000010000010000000430000000043000000000000000000000000000100000000005700000
120358760003001001190517171200000000000000000000000000000000000000000000000430000000000000000000000000000000
07035877000000100119051717130000000000000000100000000000000000
090358770001001001190517171300000000000003040000010000000080000000000000000000000000000000000000000400000000000040000000000
11035877000200100119051717130000010000010000000080000000008000000000000000000000000000008000000000000000
120358770003001001190517171300000000000000000000000000000000000000000000000080000000000000000000000000000000
07035878000000100119051717210000000000000000100000000000000000
090358780001001001190517172100000000000003040000010000000080000000000000000000000000000000000000000400000000000040000000000
11035878000200100119051717210000010000010000000080000000008000000000000000000000000000010000000000200000
120358780003001001190517172100000000000000000000000000000000000000000000000080000000000000000000000000000000
07035879000000100119051717280000000000000000100000000000000000
090358790001001001190517172800000000000001040002220000000044000000000000000000000000000000100000001140000000000020000000000
11035879000200100119051717280000010000010000000044000000004400000000000000000000000000004400000000000000
120358790003001001190517172800000000000000000000000000000000000000000000000044000000000000000000000000000000
07035880000000100119051717310000000000000000100000000000000000
090358800001001001190517173100000000000001020010620000000211000000000000000000000000000000100000001250000000000020000000000
090358800002001001190517173100000000000001220004440000000133000000000000000000000000000000100000001570000000000020000000000
090358800003001001190517173100000000000001120003880000000194000000000000000000000000000000100000002340000000000020000000000
090358800004001001190517173100000000000001040003740000000074000000000000000000000000000000100000001140000000000020000000000
090358800005001001190517173100000000000001250007620000000075I 0000000000000000000000000000100000000780000000000020000000000
090358800006001001190517173100000000000001100003440000000086000000000000000001250000000000100000000640000000000020000000043
090358800007001001190517173100000000000001090000540000000022000000000000000000000000000000100000002500000000000020000000000
090358800008001001190517173100000000000001290004060000000081000000000000000000000000000000100000001100000000000020000000000
090358800009001001190517173100000000000001160008160000000162000000000000000000000000000000100000001200000000000020000000000
090358800010001001190517173100000000000003250000010000000200000000000000000000000000000000000000000000000000000040000000000
11035880001100100119051717310000010000100000001195000000119500000000000000000000000000120000000000050000
120358800012001001190517173100000000000000000000000000000000000000000000001195000000000000000000000000000000
07035881000000100119051717330000000000000000100000000000000000
090358810001001001190517173300000000000001100011800000000294000000000000000001250000000000100000000640000000000020000000148
090358810002001001190517173300000000000001360004600000000046000000000000000000000000000000100000000000000000000010000000000
090358810003001001190517173300000000000001290009680000000193000000000000000000000000000000100000001100000000000020000000000
11035881000400100119051717330000010000030000000385000000038500000000000000000000000000050000000001150000
120358810005001001190517173300000000000000000000000000000000000000000000000385000000000000000000000000000000
07035882000000100119051717350000000000000000100000000000000000
090358820001001001190517173500000000000002170000010000000499000000000000000000000000000000000000003850000000000010000000000
090358820002001001190517173500000000000002070010320000000412000000000000000000000000000000100000001660000000000010000000000
090358820003001001190517173500000000000002090002540000000101000000000000000000000000000000100000002440000000000010000000000
11035882000400100119051717350000010000030000001012000000101200000000000000000000000000200000000009880000
120358820005001001190517173500000000000000000000000000000000000000000000001012000000000000000000000000000000
07035883000000100119051717370000000000000000100000000000000000
090358830001001001190517173700000000000003050000010000000080000000000000000000000000000000000000000400000000000040000000000
090358830002001001190517173700000000000001040003000000000060000000000000000000000000000000100000001140000000000020000000000
090358830003001001190517173700000000000001080001360000000054000000000000000000000000000000100000001490000000000020000000000
090358830004001001190517173700000000000002090002640000000105000000000000000000000000000000100000002440000000000010000000000
090358830005001001190517173700000000000002090001400000000056000000000000000000000000000000100000002440000000000010000000000
090358830006001001190517173700000000000001070000880000000220000000000000000000000000000000100000013000000000000020000000000
11035883000700100119051717370000010000060000000575000000057500000000000000000000000000100000000004250000
120358830008001001190517173700000000000000000000000000000000000000000000000575000000000000000000000000000000
07035884000000100119051717400000000000000000100000000000000000
090358840001001001190517174000000000000001010021060000000630000000000000000000000000000000100000001730000000000020000000000
11035884000200100119051717400000010000010000000630000000063000000000000000000000000000063000000000000000
120358840003001001190517174003020000000000000000000000000000000000000000000630000000000000000000000000000000
07035885000000100119051717410000000000000000100000000000000000
090358850001001001190517174100000000000001060005520000000110000000000000000000000000000000100000001490000000000020000000000
11035885000200100119051717410000010000010000000110000000011000000000000000000000000000050000000003900000
120358850003001001190517174100000000000000000000000000000000000000000000000110000000000000000000000000000000
07035886000000100119051717420000000000000000100000000000000000
090358860001001001190517174200000000000001060002980000000059000000000000000000000000000000100000001490000000000020000000000
090358860002001001190517174200000000000001010003600000000108000000000000000000000000000000100000001730000000000020000000000
11035886000300100119051717420000010000020000000167000000016700000000000000000000000000020000000000330000
120358860004001001190517174200000000000000000000000000000000000000000000000167000000000000000000000000000000
07035887000000100119051717500000000000000000100000000000000000
090358870001001001190517175000000000000003120000010000000150000000000000000000000000000000000000000400000000000040000000000
11035887000200100119051717500000010000010000000150000000015000000000000000000000000000015000000000000000
120358870003001001190517175000000000000000000000000000000000000000000000000150000000000000000000000000000000
07035888000000100119051717570000000000000000100000000000000000
090358880001001001190517175700000000000001080043020000001716000000000000000000000000000000100000001490000000000020000000000
090358880002001001190517175700000000000002070031520000001258000000000000000000000000000000100000001660000000000010000000000
11035888000300100119051717570000010000020000002974000000297400000000000000000000000000297400000000000000
120358880004001001190517175700000000000000000000000000000000000000000000002974000000000000000000000000000000
07035889000000100119051717580000000000000000100000000000000000
090358890001001001190517175800000000000001080003400000000136000000000000000000000000000000100000001490000000000020000000000
090358890002001001190517175800000000000001090001100000000044000000000000000000000000000000100000002500000000000020000000000
090358890003001001190517175800000000000001040003060000000061000000000000000000000000000000100000001140000000000020000000000
11035889000400100119051717580000010000030000000241000000024100000000000000000000000000050000000002590000
120358890005001001190517175800000000000000000000000000000000000000000000000241000000000000000000000000000000
07035890000000100119051717580000000000000000100000000000000000
090358900001001001190517175800000000000003250000010000000200000000000000000000000000000000000000000000000000000040000000000
11035890000200100119051717580000010000010000000200000000020000000000000000000000000000100000000008000000
120358900003001001190517175800000000000000000000000000000000000000000000000200000000000000000000000000000000
07035891000000100119051718050000000000000000100000000000000000
090358910001001001190517180500000000000003050000010000000080000000000000000000000000000000000000000400000000000040000000000
090358910002001001190517180500000000000001080004420000000176000000000000000000000000000000100000001490000000000020000000000
11035891000300100119051718050000010000020000000256000000025600000000000000000000000000050000000002440000
120358910004001001190517180500000000000000000000000000000000000000000000000256000000000000000000000000000000
07035892000000100119051718100000000000000000100000000000000000
090358920001001001190517181000000000000001110002380000000071000000000000000000000000000000100000002090000000000020000000000
090358920002001001190517181000000000000002430000010000000050000000000000000000000000000000000000000290000000000010000000000
11035892000300100119051718100000010000020000000121000000012100000000000000000000000000012100000000000000
120358920004001001190517181000000000000000000000000000000000000000000000000121000000000000000000000000000000
07035893000000100119051718120000000000000000100000000000000000
090358930001001001190517181200000000000001100005980000000149000000000000000001250000000000100000000640000000000020000000075
11035893000200100119051718120000010000010000000074000000007400000000000000000000000000007400000000000000
120358930003001001190517181200000000000000000000000000000000000000000000000074000000000000000000000000000000
07035894000000100119051718140000000000000000100000000000000000
090358940001001001190517181400000000000001100004040000000101000000000000000001250000000000100000000640000000000020000000051
090358940002001001190517181400000000000001060003980000000079000000000000000000000000000000100000001490000000000020000000000
090358940003001001190517181400000000000001140003700000000111000000000000000000000000000000100000001720000000000020000000000
11035894000400100119051718140000010000030000000240000000024000000000000000000000000000024000000000000000
120358940005001001190517181400000000000000000000000000000000000000000000000240000000000000000000000000000000
07035895000000100119051718210000000000000000100000000000000000
090358950001001001190517182100000000000001110003680000000110000000000000000000000000000000100000002090000000000020000000000
090358950002001001190517182100000000000001010007820000000234000000000000000000000000000000100000001730000000000020000000000
090358950003001001190517182100000000000003140000010000000080000000000000000000000000000000000000000440000000000040000000000
11035895000400100119051718210000010000030000000424000000042400000000000000000000000000042400000000000000
120358950005001001190517182100000000000000000000000000000000000000000000000424000000000000000000000000000000
14035896000000100119051718220000010000000000
07035897000000100119051718220000000000000000100000000000000000
090358970001001001190517182200000000000001080004820000000192000000000000000000000000000000100000001490000000000020000000000
11035897000200100119051718220000010000010000000192000000019200000000000000000000000000019200000000000000
120358970003001001190517182200000000000000000000000000000000000000000000000192000000000000000000000000000000
07035898000000100119051718250000000000000000100000000000000000
090358980001001001190517182500000000000001070000280000000070000000000000000000000000000000100000013000000000000020000000000
11035898000200100119051718250000010000010000000070000000007000000000000000000000000000007000000000000000
120358980003001001190517182500000000000000000000000000000000000000000000000070000000000000000000000000000000
07035899000000100119051718270000000000000000100000000000000000
090358990001001001190517182700000000000001070000320000000080000000000000000000000000000000100000013000000000000020000000000
11035899000200100119051718270000010000010000000080000000008000000000000000000000000000008000000000000000
120358990003001001190517182700000000000000000000000000000000000000000000000080000000000000000000000000000000
07035900000000100119051718290000000000000000100000000000000000
090359000001001001190517182900000000000001100006160000000153000000000000000000000000000000100000000640000000000020000000000
090359000002001001190517182900000000000001120004300000000215000000000000000000000000000000100000002340000000000020000000000
11035900000300100119051718290000010000020000000368000000036800000000000000000000000000050000000001320000
120359000004001001190517182900000000000000000000000000000000000000000000000368000000000000000000000000000000
07035901000000100119051718370000000000000000100000000000000000
090359010001001001190517183700000000000003010000010000000500000000000000000000000000000000000000003850000000000050000000000
11035901000200100119051718370000010000010000000500000000050000000000000000000000000000050000000000000000
120359010003001001190517183700000000000000000000000000000000000000000000000500000000000000000000000000000000
07035902000000100119051718450000000000000000100000000000000000
090359020001001001190517184500000000000001100006460000000161000000000000000000000000000000100000000640000000000020000000000
090359020002001001190517184500000000000001040005020000000100000000000000000000000000000000100000001140000000000020000000000
090359020003001001190517184500000000000001010009900000000296000000000000000000000000000000100000001730000000000020000000000
090359020004001001190517184500000000000003120000010000000150000000000000000000000000000000000000000400000000000040000000000
090359020005001001190517184500000000000001220005420000000162000000000000000000000000000000100000001570000000000020000000000
090359020006001001190517184500000000000001060002120000000042000000000000000000000000000000100000001490000000000020000000000
090359020007001001190517184500000000000001070001540000000385000000000000000000000000000000100000013000000000000020000000000
090359020008001001190517184500000000000001080005020000000200000000000000000000000000000000100000001490000000000020000000000
090359020009001001190517184500000000000002190000020000001200000000000000000000000000000000000000000800000000000010000000000
090359020010001001190517184500000000000002010004740000000094000000000000000000000000000000100000001080000000000010000000000
090359020011001001190517184500000000000002040000680000000020000000000000000000000000000000100000001250000000000010000000000
090359020012001001190517184500000000000002020003980000000119000000000000000000000000000000100000001630000000000010000000000
11035902001300100119051718450000010000120000002929000000292900000000000000000000000000500000000020710000
120359020014001001190517184500000000000000000000000000000000000000000000002929000000000000000000000000000000
07035903000000100119051718450000000000000000100000000000000000
090359030001001001190517184500000000000002130014920000000297000000000000000000000000000000100000001130000000000010000000000
11035903000200100119051718450000010000010000000297000000029700000000000000000000000000100000000007030000
120359030003001001190517184500000000000000000000000000000000000000000000000297000000000000000000000000000000
07035904000000100119051718490000000000000000100000000000000000
090359040001001001190517184900000000000003120000010000000150000000000000000000000000000000000000000400000000000040000000000
11035904000200100119051718490000010000010000000150000000015000000000000000000000000000015000000000000000
120359040003001001190517184900000000000000000000000000000000000000000000000150000000000000000000000000000000
07035905000000100119051718500000000000000000100000000000000000
090359050001001001190517185000000000000002040003220000000096000000000000000000000000000000100000001250000000000010000000000
11035905000200100119051718500000010000010000000096000000009600000000000000000000000000009600000000000000
120359050003001001190517185000000000000000000000000000000000000000000000000096000000000000000000000000000000
07035906000000100119051718540000000000000000100000000000000000
090359060001001001190517185400000000000003040000010000000080000000000000000000000000000000000000000400000000000040000000000
090359060002001001190517185400000000000003140000010000000080000000000000000000000000000000000000000440000000000040000000000
090359060003001001190517185400000000000001010021640000000647000000000000000000000000000000100000001730000000000020000000000
090359060004001001190517185400000000000001040006100000000121000000000000000000000000000000100000001140000000000020000000000
090359060005001001190517185400000000000002040005020000000150000000000000000000000000000000100000001250000000000010000000000
11035906000600100119051718540000010000050000001078000000107800000000000000000000000000500000000039220000
120359060007001001190517185400000000000000000000000000000000000000000000001078000000000000000000000000000000
07035907000000100119051719000000000000000000100000000000000000
090359070001001001190517190000000000000001220006620000000198000000000000000000000000000000100000001570000000000020000000000
11035907000200100119051719000000010000010000000198000000019800000000000000000000000000019800000000000000
120359070003001001190517190000000000000000000000000000000000000000000000000198000000000000000000000000000000
07035908000000100119051719060000000000000000100000000000000000
090359080001001001190517190600000000000003010000010000000500000000000000000000000000000000000000003850000000000050000000000
11035908000200100119051719060000010000010000000500000000050000000000000000000000000000100000000005000000
120359080003001001190517190600000000000000000000000000000000000000000000000500000000000000000000000000000000
07035909000000100119051719100000000000000000100000000000000000
090359090001001001190517191000000000000002040006440000000193000000000000000000000000000000100000001250000000000010000000000
090359090002001001190517191000000000000002130012500000000249000000000000000000000000000000100000001130000000000010000000000
11035909000300100119051719100000010000020000000442000000044200000000000000000000000000044200000000000000
120359090004001001190517191000000000000000000000000000000000000000000000000442000000000000000000000000000000
07035910000000100119051719110000000000000000100000000000000000
090359100001001001190517191100000000000001020007120000000142000000000000000000000000000000100000001250000000000020000000000
090359100002001001190517191100000000000001060003420000000068000000000000000000000000000000100000001490000000000020000000000
090359100003001001190517191100000000000001040001980000000039000000000000000000000000000000100000001140000000000020000000000
090359100004001001190517191100000000000001290002560000000051000000000000000000000000000000100000001100000000000020000000000
090359100005001001190517191100000000000001360000480000000005000000000000000000000000000000100000000000000000000010000000000
090359100006001001190517191100000000000003050000010000000080000000000000000000000000000000000000000400000000000040000000000
11035910000700100119051719110000010000060000000385000000038500000000000000000000000000040000000000150000
120359100008001001190517191100000000000000000000000000000000000000000000000385000000000000000000000000000000
07035911000000100119051719130000000000000000100000000000000000
090359110001001001190517191300000000000002070006700000000267000000000000000000000000000000100000001660000000000010000000000
090359110002001001190517191300000000000001040003500000000070000000000000000000000000000000100000001140000000000020000000000
090359110003001001190517191300000000000001070000520000000130000000000000000000000000000000100000013000000000000020000000000
11035911000400100119051719130000010000030000000467000000046700000000000000000000000000050000000000330000
120359110005001001190517191300000000000000000000000000000000000000000000000467000000000000000000000000000000
07035912000000100119051719240000000000000000100000000000000000
090359120001001001190517192400000000000001290003360000000067000000000000000000000000000000100000001100000000000020000000000
11035912000200100119051719240000010000010000000067000000006700000000000000000000000000006700000000000000
120359120003001001190517192400000000000000000000000000000000000000000000000067000000000000000000000000000000
07035913000000100119051719340000000000000000100000000000000000
090359130001001001190517193400000000000002070007080000000282000000000000000000000000000000100000001660000000000010000000000
11035913000200100119051719340000010000010000000282000000028200000000000000000000000000050000000002180000
120359130003001001190517193400000000000000000000000000000000000000000000000282000000000000000000000000000000
07035914000000100119051719350000000000000000100000000000000000
090359140001001001190517193500000000000002090003840000000153000000000000000000000000000000100000002440000000000010000000000
090359140002001001190517193500000000000002040001540000000046000000000000000000000000000000100000001250000000000010000000000
090359140003001001190517193500000000000002140012200000000243000000000000000000000000000000100000001300000000000010000000000
090359140004001001190517193500000000000002230001380000000110000000000000000000000000000000100000003890000000000010000000000
090359140005001001190517193500000000000002070012200000000487000000000000000000000000000000100000001660000000000010000000000
090359140006001001190517193500000000000002110005300000000211000000000000000000000000000000100000002310000000000010000000000
11035914000700100119051719350000010000060000001250000000125000000000000000000000000000500000000037500000
120359140008001001190517193500000000000000000000000000000000000000000000001250000000000000000000000000000000
07035915000000100119051719400000000000000000100000000000000000
090359150001001001190517194000000000000001220004780000000143000000000000000000000000000000100000001570000000000020000000000
090359150002001001190517194000000000000003050000010000000080000000000000000000000000000000000000000400000000000040000000000
090359150003001001190517194000000000000002260007220000000432000000000000000000000000000000100000003840000000000010000000000
11035915000400100119051719400000010000030000000655000000065500000000000000000000000000070000000000450000
120359150005001001190517194000000000000000000000000000000000000000000000000655000000000000000000000000000000
07035916000000100119051719500000000000000000100000000000000000
090359160001001001190517195000000000000002080025620000000766000000000000000000000000000000100000002090000000000010000000000
11035916000200100119051719500000010000010000000766000000076600000000000000000000000000200000000012340000
120359160003001001190517195000000000000000000000000000000000000000000000000766000000000000000000000000000000
07035917000000100119051719550000000000000000100000000000000000
090359170001001001190517195500000000000001020006160000000123000000000000000000000000000000100000001250000000000020000000000
090359170002001001190517195500000000000003050000010000000080000000000000000000000000000000000000000400000000000040000000000
090359170003001001190517195500000000000001060002360000000047000000000000000000000000000000100000001490000000000020000000000
11035917000400100119051719550000010000030000000250000000025000000000000000000000000000040000000001500000
120359170005001001190517195500000000000000000000000000000000000000000000000250000000000000000000000000000000
07035918000000100119051719570000000000000000100000000000000000
17035918000100100119051719570000000000000151
090359180002001001190517195700000000000001010008580000000257000000000000000000000000000000100000001730000000000020000000000
11035918000300100119051719570000010000010000000257000000025700000000000000000000000000025700000000000000
120359180004001001190517195700000000000000000000000000000000000000000000000257000000000000000000000000000000
07035919000000100119051720060000000000000000100000000000000000
090359190001001001190517200600000000000001040002740000000055000000000000000000000000000000100000001140000000000020000000000
11035919000200100119051720060000010000010000000055000000005500000000000000000000000000050000000004450000
120359190003001001190517200600000000000000000000000000000000000000000000000055000000000000000000000000000000
07035920000000100119051720090000000000000000100000000000000000
090359200001001001190517200900000000000001140003680000000110000000000000000000000000000000100000001720000000000020000000000
11035920000200100119051720090000010000010000000110000000011000000000000000000000000000011000000000000000
120359200003001001190517200900000000000000000000000000000000000000000000000110000000000000000000000000000000
07035921000000100119051720140000000000000000100000000000000000
090359210001001001190517201400000000000002040007560000000226000000000000000000000000000000100000001250000000000010000000000
11035921000200100119051720140000010000010000000226000000022600000000000000000000000000022600000000000000
120359210003001001190517201400000000000000000000000000000000000000000000000226000000000000000000000000000000
07035922000000100119051720200000000000000000100000000000000000
090359220001001001190517202000000000000001020010320000000205000000000000000000000000000000100000001250000000000020000000000
11035922000200100119051720200000010000010000000205000000020500000000000000000000000000020500000000000000
120359220003001001190517202000000000000000000000000000000000000000000000000205000000000000000000000000000000
07035923000000100119051720230000000000000000100000000000000000
090359230001001001190517202300000000000001060011840000000236000000000000000000000000000000100000001490000000000020000000000
090359230002001001190517202300000000000001010021620000000646000000000000000000000000000000100000001730000000000020000000000
090359230003001001190517202300000000000001360012820000000127000000000000000000000000000000100000000000000000000010000000000
090359230004001001190517202300000000000001040023180000000461000000000000000000000000000000100000001140000000000020000000000
11035923000500100119051720230000010000040000001470000000147000000000000000000000000000200000000005300000
120359230006001001190517202300000000000000000000000000000000000000000000001470000000000000000000000000000000
07035924000000100119051720310000000000000000100000000000000000
090359240001001001190517203100000000000002270023700000001183000000000000000000000000000000100000002600000000000010000000000
11035924000200100119051720310000010000010000001183000000118300000000000000000000000000120000000000170000
120359240003001001190517203100000000000000000000000000000000000000000000001183000000000000000000000000000000
07035925000000100119051720450000000000000000100000000000000000
090359250001001001190517204500000000000002110005580000000223000000000000000000000000000000100000002310000000000010000000000
11035925000200100119051720450000010000010000000223000000022300000000000000000000000000022300000000000000
120359250003001001190517204500000000000000000000000000000000000000000000000223000000000000000000000000000000
060359250004001001190517204800000100000350000000000000000000000000000000000000000000
0403592600000010011905172048000001035773035926000000231545890000002323504619051700000797760000000501000000000000000000000001000000000000000000000000000000000000000000000000000000000000000000000000000000001234567890AB        
