01132794000000100131081806380000010000001000000000814376811.82G5E   1234567890AB        Generica            
02132794000100100131081806380000010000010000000000
07132795000000100131081806410000000000000000100000000000000000
091327950001001001310818064100000000000002040001560000000054000000000000000000000000000000100000000990000000000010000000000
091327950002001001310818064100000000000001160011580000000091000000000000000000000000000000100000000560000000000020000000000
091327950003001001310818064100000000000001250002620000000052I 0000000000000000000000000000100000000300000000000020000000000
17132795000400100131081806410000000000000046
11132795000500100131081806410000010000030000000197000000019700000000000000000000000000019700000000000000
121327950006001001310818064100000000000000000000000000000000000000000000000197000000000000000000000000000000
07132796000000100131081806500000000000000000100000000000000000
091327960001001001310818065000000000000003250000010000000200000000000000000000000000000000000000000000000000000040000000000
091327960002001001310818065000000000000001080004980000000099000000000000000000000000000000100000001000000000000020000000000
11132796000300100131081806500000010000020000000299000000029900000000000000000000000000029900000000000000
121327960004001001310818065000000000000000000000000000000000000000000000000299000000000000000000000000000000
07132797000000100131081806560000000000000000100000000000000000
091327970001001001310818065600000000000002260017880000000892000000000000000000000000000000100000001800000000000010000000000
11132797000200100131081806560000010000010000000892000000089200000000000000000000000000100000000001080000
121327970003001001310818065600000000000000000000000000000000000000000000000892000000000000000000000000000000
14132798000000100131081807330000010000000000
07132799000000100131081807330000000000000000100000000000000000
091327990001001001310818073300000000000002200000020000000700000000000000000000000000000000000000001250000000000010000000000
11132799000200100131081807330000010000010000000700000000070000000000000000000000000000100000000003000000
121327990003001001310818073300000000000000000000000000000000000000000000000700000000000000000000000000000000
07132800000000100131081807340000000000000000100000000000000000
091328000001001001310818073400000000000003200000010000001000000000000000000000000000000000000000000000000000000050000000000
11132800000200100131081807340000010000010000001000000000100000000000000000000000000000100000000000000000
121328000003001001310818073400000000000000000000000000000000000000000000001000000000000000000000000000000000
07132801000000100131081807360000000000000000100000000000000000
091328010001001001310818073600000000000002460006700000000267000000000000000000000000000000100000001750000000000010000000000
091328010002001001310818073600000000000001030008780000000219000000000000000000000000000000100000001400000000000020000000000
091328010003001001310818073600000000000002070012660000000252000000000000000000000000000000100000002250000000000010000000000
091328010004001001310818073600000000000002110005180000000310000000000000000000000000000000100000005000000000000010000000000
11132801000500100131081807360000010000040000001048000000104800000000000000000000000000104800000000000000
121328010006001001310818073603060000000000000000000000000000000000000000001048000000000000000000000000000000
14132802000000100131081807360000010000000000
07132803000000100131081807380000000000000000100000000000000000
091328030001001001310818073800000000000003250000100000002000000000000000000000000000000000000000000000000000000040000000000
17132803000200100131081807380000000000000200
091328030003001001310818073800000000000003200000010000001000000000000000000000000000000000000000000000000000000050000000000
091328030004001001310818073800000000000001290035940000000464000000000000000000000000000000100000000520000000000020000000000
091328030005001001310818073800000000000003250000050000001000000000000000000000000000000000000000000000000000000040000000000
091328030006001001310818073800000000000003020000010000000100000000000000000000000000000000000000000250000000000000000000000
11132803000700100131081807380000010000050000004564000000456400000000000000000000000000456400000000000000
121328030008001001310818073803060000000000000000000000000000000000000000004564000000000000000000000000000000
07132804000000100131081807550000000000000000100000000000000000
091328040001001001310818075500000000000002070009000000000179000000000000000000000000000000100000002250000000000010000000000
11132804000200100131081807550000010000010000000179000000017900000000000000000000000000020000000000210000
121328040003001001310818075500000000000000000000000000000000000000000000000179000000000000000000000000000000
07132805000000100131081808010000000000000000100000000000000000
091328050001001001310818080100000000000002080012260000000244000000000000000000000000000000100000001500000000000010000000000
091328050002001001310818080100000000000002070010560000000210000000000000000000000000000000100000002250000000000010000000000
091328050003001001310818080100000000000002090008020000000480000000000000000000000000000000100000001940000000000010000000000
091328050004001001310818080100000000000002050010860000000380000000000000000000000000000000100000001000000000000030000000000
091328050005001001310818080100000000000001120008880000000177000000000000000000000000000000100000001000000000000020000000000
091328050006001001310818080100000000000001080005220000000104000000000000000000000000000000100000001000000000000020000000000
11132805000700100131081808010000010000060000001595000000159500000000000000000000000000159500000000000000
121328050008001001310818080100000000000000000000000000000000000000000000001595000000000000000000000000000000
14132806000000100131081808030000010000000000
07132807000000100131081808040000000000000000100000000000000000
091328070001001001310818080400000000000001130046620000000928000000000000000000000000000000100000001500000000000020000000000
11132807000200100131081808040000010000010000000928000000092800000000000000000000000000100000000000720000
121328070003001001310818080400000000000000000000000000000000000000000000000928000000000000000000000000000000
07132808000000100131081808120000000000000000100000000000000000
091328080001001001310818081200000000000002070012600000000251000000000000000000000000000000100000002250000000000010000000000
091328080002001001310818081200000000000001080002800000000056000000000000000000000000000000100000001000000000000020000000000
091328080003001001310818081200000000000002170000010000000599000000000000000000000000000000000000004500000000000010000000000
11132808000400100131081808120000010000030000000906000000090600000000000000000000000000090600000000000000
121328080005001001310818081203090000000000000000000000000000000000000000000906000000000000000000000000000000
07132809000000100131081808150000000000000000100000000000000000
091328090001001001310818081500000000000001050003140000000047000000000000000000000000000000100000000830000000000020000000000
091328090002001001310818081500000000000001070000660000000086000000000000000000000000000000100000007000000000000020000000000
11132809000300100131081808150000010000020000000133000000013300000000000000000000000000013300000000000000
121328090004001001310818081500000000000000000000000000000000000000000000000133000000000000000000000000000000
07132810000000100131081808180000000000000000100000000000000000
091328100001001001310818081800000000000002130048440000000964000000000000000000000000000000100000001400000000000010000000000
091328100002001001310818081800000000000001040006840000000136000000000000000000000000000000100000001500000000000020000000000
11132810000300100131081808180000010000020000001100000000110000000000000000000000000000110000000000000000
121328100004001001310818081800000000000000000000000000000000000000000000001100000000000000000000000000000000
07132811000000100131081808230000000000000000100000000000000000
091328110001001001310818082300000000000001160011420000000090000000000000000000000000000000100000000560000000000020000000000
091328110002001001310818082300000000000003250000020000000400000000000000000000000000000000000000000000000000000040000000000
11132811000300100131081808230000010000020000000490000000049000000000000000000000000000050000000000100000
121328110004001001310818082300000000000000000000000000000000000000000000000490000000000000000000000000000000
14132812000000100131081808320000010000000000
07132813000000100131081808330000000000000000100000000000000000
091328130001001001310818083300000000000001020013560000000107000000000000000000000000000000100000001100000000000020000000000
091328130002001001310818083300000000000001050001560000000023000000000000000000000000000000100000000830000000000020000000000
091328130003001001310818083300000000000003250000010000000200000000000000000000000000000000000000000000000000000040000000000
11132813000400100131081808330000010000030000000330000000033000000000000000000000000000033000000000000000
121328130005001001310818083300000000000000000000000000000000000000000000000330000000000000000000000000000000
07132814000000100131081808340000000000000000100000000000000000
091328140001001001310818083400000000000001090002900000000087000000000000000000000000000000100000000930000000000020000000000
11132814000200100131081808340000010000010000000087000000008700000000000000000000000000008700000000000000
121328140003001001310818083400000000000000000000000000000000000000000000000087000000000000000000000000000000
07132815000000100131081808360000000000000000100000000000000000
091328150001001001310818083600000000000003250000010000000200000000000000000000000000000000000000000000000000000040000000000
091328150002001001310818083600000000000001210000010000000299000000000000000000000000000000000000000500000000000020000000000
091328150003001001310818083600000000000001250008800000000175I 0000000000000000000000000000100000000300000000000020000000000
091328150004001001310818083600000000000001070001340000000174000000000000000000000000000000100000007000000000000020000000000
11132815000500100131081808360000010000040000000848000000084800000000000000000000000000084800000000000000
121328150006001001310818083603090000000000000000000000000000000000000000000848000000000000000000000000000000
07132816000000100131081808360000000000000000100000000000000000
091328160001001001310818083600000000000001050003240000000048000000000000000000000000000000100000000830000000000020000000000
11132816000200100131081808360000010000010000000048000000004800000000000000000000000000004800000000000000
121328160003001001310818083600000000000000000000000000000000000000000000000048000000000000000000000000000000
07132817000000100131081809070000000000000000100000000000000000
091328170001001001310818090700000000000003250000010000000200000000000000000000000000000000000000000000000000000040000000000
091328170002001001310818090700000000000002070013520000000269000000000000000000000000000000100000002250000000000010000000000
091328170003001001310818090700000000000001250013780000000274I 0000000000000000000000000000100000000300000000000020000000000
091328170004001001310818090700000000000001160007720000000061000000000000000000000000000000100000000560000000000020000000000
11132817000500100131081809070000010000040000000804000000080400000000000000000000000000080400000000000000
121328170006001001310818090700000000000000000000000000000000000000000000000804000000000000000000000000000000
14132818000000100131081809100000010000000000
07132819000000100131081809110000000000000000100000000000000000
091328190001001001310818091100000000000001080011060000000220000000000000000000000000000000100000001000000000000020000000000
11132819000200100131081809110000010000010000000220000000022000000000000000000000000000022000000000000000
121328190003001001310818091100000000000000000000000000000000000000000000000220000000000000000000000000000000
07132820000000100131081809150000000000000000100000000000000000
091328200001001001310818091500000000000001080009220000000183000000000000000000000000000000100000001000000000000020000000000
11132820000200100131081809150000010000010000000183000000018300000000000000000000000000020000000000170000
121328200003001001310818091500000000000000000000000000000000000000000000000183000000000000000000000000000000
07132821000000100131081809260000000000000000100000000000000000
091328210001001001310818092600000000000002190000020000000398000000000000000000000000000000000000001750000000000010000000000
091328210002001001310818092600000000000001240001180000000047000000000000000000000000000000100000001670000000000020000000000
091328210003001001310818092600000000000001070000620000000081000000000000000000000000000000100000007000000000000020000000000
11132821000400100131081809260000010000030000000526000000052600000000000000000000000000052600000000000000
121328210005001001310818092600000000000000000000000000000000000000000000000526000000000000000000000000000000
07132822000000100131081809330000000000000000100000000000000000
091328220001001001310818093300000000000001130011360000000226000000000000000000000000000000100000001500000000000020000000000
091328220002001001310818093300000000000002290000010000000299000000000000000000000000000000000000002100000000000010000000000
091328220003001001310818093300000000000002150000010000000199000000000000000000000000000000000000000500000000000010000000000
091328220004001001310818093300000000000002070014820000000295000000000000000000000000000000100000002250000000000010000000000
11132822000500100131081809330000010000040000001019000000101900000000000000000000000000101900000000000000
121328220006001001310818093300000000000000000000000000000000000000000000001019000000000000000000000000000000
07132823000000100131081809340000000000000000100000000000000000
091328230001001001310818093400000000000002110006100000000365000000000000000000000000000000100000005000000000000010000000000
11132823000200100131081809340000010000010000000365000000036500000000000000000000000000036500000000000000
121328230003001001310818093400000000000000000000000000000000000000000000000365000000000000000000000000000000
07132824000000100131081809410000000000000000100000000000000000
091328240001001001310818094100000000000003030000010000000100000000000000000000000000000000000000000560000000000040000000000
11132824000200100131081809410000010000010000000100000000010000000000000000000000000000020000000001000000
121328240003001001310818094100000000000000000000000000000000000000000000000100000000000000000000000000000000
07132825000000100131081809450000000000000000100000000000000000
091328250001001001310818094500000000000002020009440000000282000000000000000000000000000000100000001750000000000010000000000
091328250002001001310818094500000000000002030005020000000150000000000000000000000000000000100000001250000000000010000000000
091328250003001001310818094500000000000002260006720000000335000000000000000000000000000000100000001800000000000010000000000
091328250004001001310818094500000000000002170000010000000599000000000000000000000000000000000000004500000000000010000000000
091328250005001001310818094500000000000001080007480000000149000000000000000000000000000000100000001000000000000020000000000
11132825000600100131081809450000010000050000001515000000151500000000000000000000000000200000000004850000
121328250007001001310818094500000000000000000000000000000000000000000000001515000000000000000000000000000000
07132826000000100131081809470000000000000000100000000000000000
091328260001001001310818094700000000000002460013140000000524000000000000000000000000000000100000001750000000000010000000000
091328260002001001310818094700000000000003250000010000000200000000000000000000000000000000000000000000000000000040000000000
091328260003001001310818094700000000000003010000010000000400000000000000000000000000000000000000002330000000000050000000000
11132826000400100131081809470000010000030000001124000000112400000000000000000000000000500000000038760000
121328260005001001310818094700000000000000000000000000000000000000000000001124000000000000000000000000000000
07132827000000100131081809520000000000000000100000000000000000
091328270001001001310818095200000000000002070008020000000160000000000000000000000000000000100000002250000000000010000000000
091328270002001001310818095200000000000002110005920000000355000000000000000000000000000000100000005000000000000010000000000
11132827000300100131081809520000010000020000000515000000051500000000000000000000000000051500000000000000
121328270004001001310818095202010000000000000000000000000000000000260000000515000000000000000000000000000000
101328270005001001310818095201000000000000002600000005150000000000000318000001
07132828000000100131081809530000000000000000100000000000000000
091328280001001001310818095300000000000005020000020000000200I 0000000000000000000000000000000000000000000000000020000000000
11132828000200100131081809530000010000010000000200000000020000000000000000000000000000020000000000000000
121328280003001001310818095300000000000000000000000000000000000000000000000200000000000000000000000000000000
14132829000000100131081809540000010000000000
07132830000000100131081809550000000000000000100000000000000000
091328300001001001310818095500000000000001170030640000000916000000000000000000000000000000100000001430000000000020000000000
11132830000200100131081809550000010000010000000916000000091600000000000000000000000000091600000000000000
121328300003001001310818095503020000000000000000000000000000000000000000000916000000000000000000000000000000
07132831000000100131081809570000000000000000100000000000000000
091328310001001001310818095700000000000003200000010000001000000000000000000000000000000000000000000000000000000050000000000
091328310002001001310818095700000000000001120010040000000200000000000000000000000000000000100000001000000000000020000000000
11132831000300100131081809570000010000020000001200000000120000000000000000000000000000200000000008000000
121328310004001001310818095700000000000000000000000000000000000000000000001200000000000000000000000000000000
07132832000000100131081809580000000000000000100000000000000000
091328320001001001310818095800000000000003010000010000000400000000000000000000000000000000000000002330000000000050000000000
11132832000200100131081809580000010000010000000400000000040000000000000000000000000000040000000000000000
121328320003001001310818095800000000000000000000000000000000000000000000000400000000000000000000000000000000
07132833000000100131081810040000000000000000100000000000000000
091328330001001001310818100400000000000001020008080000000064000000000000000000000000000000100000001100000000000020000000000
091328330002001001310818100400000000000001160005400000000043000000000000000000000000000000100000000560000000000020000000000
091328330003001001310818100400000000000002080003280000000065000000000000000000000000000000100000001500000000000010000000000
091328330004001001310818100400000000000002040001400000000049000000000000000000000000000000100000000990000000000010000000000
11132833000500100131081810040000010000040000000221000000022100000000000000000000000000022100000000000000
121328330006001001310818100400000000000000000000000000000000000000000000000221000000000000000000000000000000
07132834000000100131081810110000000000000000100000000000000000
091328340001001001310818101100000000000002070013960000000278000000000000000000000000000000100000002250000000000010000000000
11132834000200100131081810110000010000010000000278000000027800000000000000000000000000200000000017220000
121328340003001001310818101100000000000000000000000000000000000000000000000278000000000000000000000000000000
07132835000000100131081810120000000000000000100000000000000000
091328350001001001310818101200000000000005020000020000000200I 0000000000000000000000000000000000000000000000000020000000000
091328350002001001310818101200000000000002150000010000000199000000000000000000000000000000000000000500000000000010000000000
11132835000300100131081810120000010000020000000399000000039900000000000000000000000000200000000016010000
121328350004001001310818101200000000000000000000000000000000000000000000000399000000000000000000000000000000
07132836000000100131081810130000000000000000100000000000000000
091328360001001001310818101300000000000004010000040000000200I 0300000000000000000000000000000000000310000000000030000000000
11132836000200100131081810130000010000010000000200000000020000000000000000000000000000020000000000000000
121328360003001001310818101300000000000000000000000000000000000000000000000200000000000000000000000000000000
07132837000000100131081810140000000000000000100000000000000000
091328370001001001310818101400000000000002290000010000000299000000000000000000000000000000000000002100000000000010000000000
091328370002001001310818101400000000000001040002560000000051000000000000000000000000000000100000001500000000000020000000000
091328370003001001310818101400000000000001080001500000000030000000000000000000000000000000100000001000000000000020000000000
11132837000400100131081810140000010000030000000380000000038000000000000000000000000000040000000000200000
121328370005001001310818101400000000000000000000000000000000000000000000000380000000000000000000000000000000
07132838000000100131081810210000000000000000100000000000000000
091328380001001001310818102100000000000002070013120000000261000000000000000000000000000000100000002250000000000010000000000
11132838000200100131081810210000010000010000000261000000026100000000000000000000000000026100000000000000
121328380003001001310818102100000000000000000000000000000000000000000000000261000000000000000000000000000000
18132838000400100131081810210400000010000000000000000000000001
14132839000000100131081810220000010000000000
07132840000000100131081810300000000000000000100000000000000000
091328400001001001310818103000000000000002080007440000000148000000000000000000000000000000100000001500000000000010000000000
11132840000200100131081810300000010000010000000148000000014800000000000000000000000000020000000000520000
121328400003001001310818103000000000000000000000000000000000000000000000000148000000000000000000000000000000
07132841000000100131081810340000000000000000100000000000000000
091328410001001001310818103400000000000002040001860000000093000000000000000000000000000000100000000990000000000010000000000
091328410002001001310818103400000000000001060001920000000048000000000000000000000000000000100000001940000000000020000000000
091328410003001001310818103400000000000001020023640000000187000000000000000000000000000000100000001100000000000020000000000
091328410004001001310818103400000000000001050011640000000173000000000000000000000000000000100000000830000000000020000000000
091328410005001001310818103400000000000001090002480000000074000000000000000000000000000000100000000930000000000020000000000
091328410006001001310818103400000000000001260002620000000078000000000000000000000000000000100000001430000000000020000000000
091328410007001001310818103400000000000003250000010000000200000000000000000000000000000000000000000000000000000040000000000
11132841000800100131081810340000010000070000000853000000085300000000000000000000000000200000000011470000
121328410009001001310818103400000000000000000000000000000000000000000000000853000000000000000000000000000000
07132842000000100131081810350000000000000000100000000000000000
091328420001001001310818103500000000000001070001120000000145000000000000000000000000000000100000007000000000000020000000000
11132842000200100131081810350000010000010000000145000000014500000000000000000000000000020000000000550000
121328420003001001310818103500000000000000000000000000000000000000000000000145000000000000000000000000000000
07132843000000100131081810390000000000000000100000000000000000
091328430001001001310818103900000000000003050000010000000100000000000000000000000000000000000000000500000000000040000000000
091328430002001001310818103900000000000004020000020000000200I 0300000000000000000000000000000000000230000000000030000000000
11132843000300100131081810390000010000020000000300000000030000000000000000000000000000030000000000000000
121328430004001001310818103900000000000000000000000000000000000000000000000300000000000000000000000000000000
07132844000000100131081810410000000000000000100000000000000000
091328440001001001310818104100000000000002080003560000000071000000000000000000000000000000100000001500000000000010000000000
091328440002001001310818104100000000000001100006960000000173000000000000000000000000000000100000001110000000000020000000000
091328440003001001310818104100000000000002290000010000000299000000000000000000000000000000000000002100000000000010000000000
091328440004001001310818104100000000000002490000010000000200000000000000000000000000000000000000000000000000000020000000000
11132844000500100131081810410000010000040000000743000000074300000000000000000000000000100000000002570000
121328440006001001310818104100000000000000000000000000000000000000000000000743000000000000000000000000000000
07132845000000100131081810420000000000000000100000000000000000
091328450001001001310818104200000000000001290003680000000047000000000000000000000000000000100000000520000000000020000000000
091328450002001001310818104200000000000001210000010000000299000000000000000000000000000000000000000500000000000020000000000
11132845000300100131081810420000010000020000000346000000034600000000000000000000000000034600000000000000
121328450004001001310818104200000000000000000000000000000000000000000000000346000000000000000000000000000000
07132846000000100131081810440000000000000000100000000000000000
091328460001001001310818104400000000000003250000010000000200000000000000000000000000000000000000000000000000000040000000000
091328460002001001310818104400000000000002080007200000000143000000000000000000000000000000100000001500000000000010000000000
091328460003001001310818104400000000000001290007900000000102000000000000000000000000000000100000000520000000000020000000000
11132846000400100131081810440000010000030000000445000000044500000000000000000000000000050000000000550000
121328460005001001310818104400000000000000000000000000000000000000000000000445000000000000000000000000000000
07132847000000100131081810500000000000000000100000000000000000
091328470001001001310818105000000000000001260005580000000167000000000000000000000000000000100000001430000000000020000000000
11132847000200100131081810500000010000010000000167000000016700000000000000000000000000200000000018330000
121328470003001001310818105000000000000000000000000000000000000000000000000167000000000000000000000000000000
07132848000000100131081810570000000000000000100000000000000000
091328480001001001310818105700000000000003250000010000000200000000000000000000000000000000000000000000000000000040000000000
091328480002001001310818105700000000000003110000010000000299000000000000000000000000000000000000002000000000000040000000000
11132848000300100131081810570000010000020000000499000000049900000000000000000000000000049900000000000000
121328480004001001310818105702010000000000000000000000000000000000080000000499000000000000000000000000000000
101328480005001001310818105701000000000000000800000004990000000000000104000001
14132849000000100131081810590000010000000000
07132850000000100131081811000000000000000000100000000000000000
091328500001001001310818110000000000000001290008460000000109000000000000000000000000000000100000000520000000000020000000000
091328500002001001310818110000000000000001070000920000000120000000000000000000000000000000100000007000000000000020000000000
091328500003001001310818110000000000000001050001740000000026000000000000000000000000000000100000000830000000000020000000000
11132850000400100131081811000000010000030000000255000000025500000000000000000000000000025500000000000000
121328500005001001310818110002010000000000000000000000000000000000280000000255000000000000000000000000000000
101328500006001001310818110001000000000000002800000002550000000000000644000001
07132851000000100131081811000000000000000000100000000000000000
091328510001001001310818110000000000000001060002400000000060000000000000000000000000000000100000001940000000000020000000000
11132851000200100131081811000000010000010000000060000000006000000000000000000000000000006000000000000000
121328510003001001310818110000000000000000000000000000000000000000000000000060000000000000000000000000000000
07132852000000100131081811020000000000000000100000000000000000
091328520001001001310818110200000000000005020000010000000100I 0000000000000000000000000000000000000000000000000020000000000
091328520002001001310818110200000000000001020007080000000056000000000000000000000000000000100000001100000000000020000000000
091328520003001001310818110200000000000001110004720000000094000000000000000000000000000000100000001280000000000020000000000
091328520004001001310818110200000000000001220007940000000158000000000000000000000000000000100000001500000000000020000000000
091328520005001001310818110200000000000001070001000000000130000000000000000000000000000000100000007000000000000020000000000
11132852000600100131081811020000010000050000000538000000053800000000000000000000000000053800000000000000
121328520007001001310818110200000000000000000000000000000000000000000000000538000000000000000000000000000000
07132853000000100131081811040000000000000000100000000000000000
091328530001001001310818110400000000000001130012160000000242000000000000000000000000000000100000001500000000000020000000000
11132853000200100131081811040000010000010000000242000000024200000000000000000000000000100000000007580000
121328530003001001310818110400000000000000000000000000000000000000000000000242000000000000000000000000000000
07132854000000100131081811050000000000000000100000000000000000
091328540001001001310818110500000000000002480004240000000127000000000000000000000000000000100000000000000000000050000000000
11132854000200100131081811050000010000010000000127000000012700000000000000000000000000012700000000000000
121328540003001001310818110500000000000000000000000000000000000000000000000127000000000000000000000000000000
07132855000000100131081811070000000000000000100000000000000000
091328550001001001310818110700000000000002260005780000000288000000000000000000000000000000100000001800000000000010000000000
11132855000200100131081811070000010000010000000288000000028800000000000000000000000000028800000000000000
121328550003001001310818110700000000000000000000000000000000000000000000000288000000000000000000000000000000
07132856000000100131081811090000000000000000100000000000000000
091328560001001001310818110900000000000002270008540000000512000000000000000000000000000000100000002500000000000010000000000
091328560002001001310818110900000000000002480005120000000153000000000000000000000000000000100000000000000000000050000000000
091328560003001001310818110900000000000001160003980000000031000000000000000000000000000000100000000560000000000020000000000
091328560004001001310818110900000000000001150000800000000040000000000000000000000000000000100000001430000000000020000000000
091328560005001001310818110900000000000002010012700000000380000000000000000000000000000000100000001250000000000010000000000
091328560006001001310818110900000000000002070007540000000150000000000000000000000000000000100000002250000000000010000000000
11132856000700100131081811090000010000060000001266000000126600000000000000000000000000126600000000000000
121328560008001001310818110903060000000000000000000000000000000000000000001266000000000000000000000000000000
07132857000000100131081811160000000000000000100000000000000000
091328570001001001310818111600000000000003120000010000000100000000000000000000000000000000000000000500000000000040000000000
091328570002001001310818111600000000000002110005280000000316000000000000000000000000000000100000005000000000000010000000000
091328570003001001310818111600000000000001060002600000000065000000000000000000000000000000100000001940000000000020000000000
091328570004001001310818111600000000000002040002600000000130000000000000000000000000000000100000000990000000000010000000000
11132857000500100131081811160000010000040000000611000000061100000000000000000000000000200000000013890000
121328570006001001310818111600000000000000000000000000000000000000000000000611000000000000000000000000000000
07132858000000100131081811210000000000000000100000000000000000
091328580001001001310818112100000000000001070002700000000351000000000000000000000000000000100000007000000000000020000000000
091328580002001001310818112100000000000001050008460000000126000000000000000000000000000000100000000830000000000020000000000
11132858000300100131081811210000010000020000000477000000047700000000000000000000000000047700000000000000
121328580004001001310818112103060000000000000000000000000000000000000000000477000000000000000000000000000000
07132859000000100131081811250000000000000000100000000000000000
091328590001001001310818112500000000000001070000640000000083000000000000000000000000000000100000007000000000000020000000000
091328590002001001310818112500000000000001070000480000000062000000000000000000000000000000100000007000000000000020000000000
11132859000300100131081811250000010000020000000145000000014500000000000000000000000000014500000000000000
121328590004001001310818112500000000000000000000000000000000000000000000000145000000000000000000000000000000
07132860000000100131081811340000000000000000100000000000000000
091328600001001001310818113400000000000002220000020000000600000000000000000000000000000000000000001420000000000010000000000
091328600002001001310818113400000000000001030010080000000251000000000000000000000000000000100000001400000000000020000000000
091328600003001001310818113400000000000001010009500000000113000000000000000000000000000000100000000500000000000020000000000
091328600004001001310818113400000000000002080009740000000194000000000000000000000000000000100000001500000000000010000000000
091328600005001001310818113400000000000002070007060000000140000000000000000000000000000000100000002250000000000010000000000
091328600006001001310818113400000000000001180002240000000112000000000000000000000000000000100000002500000000000020000000000
11132860000700100131081811340000010000060000001410000000141000000000000000000000000000200000000005900000
121328600008001001310818113400000000000000000000000000000000000000000000001410000000000000000000000000000000
07132861000000100131081811350000000000000000100000000000000000
091328610001001001310818113500000000000001020011580000000091000000000000000000000000000000100000001100000000000020000000000
091328610002001001310818113500000000000002070006560000000131000000000000000000000000000000100000002250000000000010000000000
091328610003001001310818113500000000000002290000010000000299000000000000000000000000000000000000002100000000000010000000000
11132861000400100131081811350000010000030000000521000000052100000000000000000000000000052100000000000000
121328610005001001310818113500000000000000000000000000000000000000000000000521000000000000000000000000000000
07132862000000100131081811360000000000000000100000000000000000
091328620001001001310818113600000000000002140013200000000527000000000000000000000000000000100000001750000000000010000000000
091328620002001001310818113600000000000003250000010000000200000000000000000000000000000000000000000000000000000040000000000
11132862000300100131081811360000010000020000000727000000072700000000000000000000000000500000000042730000
121328620004001001310818113600000000000000000000000000000000000000000000000727000000000000000000000000000000
07132863000000100131081811370000000000000000100000000000000000
091328630001001001310818113700000000000002240002580000000051000000000000000000000000000000100000001790000000000010000000000
11132863000200100131081811370000010000010000000051000000005100000000000000000000000000005100000000000000
121328630003001001310818113700000000000000000000000000000000000000000000000051000000000000000000000000000000
07132864000000100131081811390000000000000000100000000000000000
091328640001001001310818113900000000000001070001020000000132000000000000000000000000000000100000007000000000000020000000000
11132864000200100131081811390000010000010000000132000000013200000000000000000000000000020000000000680000
121328640003001001310818113900000000000000000000000000000000000000000000000132000000000000000000000000000000
07132865000000100131081811420000000000000000100000000000000000
091328650001001001310818114200000000000001060003940000000098000000000000000000000000000000100000001940000000000020000000000
091328650002001001310818114200000000000001170003000000000090000000000000000000000000000000100000001430000000000020000000000
091328650003001001310818114200000000000001270003660000000109000000000000000000000000000000100000000750000000000020000000000
091328650004001001310818114200000000000001250003480000000069I 0000000000000000000000000000100000000300000000000020000000000
091328650005001001310818114200000000000001010006400000000076000000000000000000000000000000100000000500000000000020000000000
091328650006001001310818114200000000000003200000010000001000000000000000000000000000000000000000000000000000000050000000000
091328650007001001310818114200000000000001120004720000000094000000000000000000000000000000100000001000000000000020000000000
11132865000800100131081811420000010000070000001536000000153600000000000000000000000000200000000004640000
121328650009001001310818114200000000000000000000000000000000000000000000001536000000000000000000000000000000
07132866000000100131081811440000000000000000100000000000000000
091328660001001001310818114400000000000003200000010000001000000000000000000000000000000000000000000000000000000050000000000
11132866000200100131081811440000010000010000001000000000100000000000000000000000000000100000000000000000
121328660003001001310818114400000000000000000000000000000000000000000000001000000000000000000000000000000000
07132867000000100131081811480000000000000000100000000000000000
091328670001001001310818114800000000000003250000010000000200000000000000000000000000000000000000000000000000000040000000000
091328670002001001310818114800000000000003110000010000000299000000000000000000000000000000000000002000000000000040000000000
11132867000300100131081811480000010000020000000499000000049900000000000000000000000000049900000000000000
121328670004001001310818114800000000000000000000000000000000000000000000000499000000000000000000000000000000
061328670005001001310818114900000100000250000000000000000000000000000000000000000000
07132868000000100131081811550000000000000000100000000000000000
091328680001001001310818115500000000000001220009040000000180000000000000000000000000000000100000001500000000000020000000000
091328680002001001310818115500000000000001140003060000000091000000000000000000000000000000100000001430000000000020000000000
11132868000300100131081811550000010000020000000271000000027100000000000000000000000000100000000007290000
121328680004001001310818115500000000000000000000000000000000000000000000000271000000000000000000000000000000
07132869000000100131081811580000000000000000100000000000000000
091328690001001001310818115800000000000002090002300000000138000000000000000000000000000000100000001940000000000010000000000
11132869000200100131081811580000010000010000000138000000013800000000000000000000000000020000000000620000
121328690003001001310818115800000000000000000000000000000000000000000000000138000000000000000000000000000000
07132870000000100131081812040000000000000000100000000000000000
091328700001001001310818120400000000000002070011860000000236000000000000000000000000000000100000002250000000000010000000000
091328700002001001310818120400000000000003050000010000000100000000000000000000000000000000000000000500000000000040000000000
091328700003001001310818120400000000000002040002240000000112000000000000000000000000000000100000000990000000000010000000000
11132870000400100131081812040000010000030000000448000000044800000000000000000000000000044800000000000000
121328700005001001310818120400000000000000000000000000000000000000000000000448000000000000000000000000000000
07132871000000100131081812050000000000000000100000000000000000
091328710001001001310818120500000000000001160006320000000050000000000000000000000000000000100000000560000000000020000000000
091328710002001001310818120500000000000001100003700000000092000000000000000000000000000000100000001110000000000020000000000
091328710003001001310818120500000000000003110000010000000299000000000000000000000000000000000000002000000000000040000000000
091328710004001001310818120500000000000003050000010000000100000000000000000000000000000000000000000500000000000040000000000
11132871000500100131081812050000010000040000000541000000054100000000000000000000000000100000000004590000
121328710006001001310818120500000000000000000000000000000000000000000000000541000000000000000000000000000000
07132872000000100131081812060000000000000000100000000000000000
091328720001001001310818120600000000000003040000010000000100000000000000000000000000000000000000000500000000000040000000000
11132872000200100131081812060000010000010000000100000000010000000000000000000000000000010000000000000000
121328720003001001310818120600000000000000000000000000000000000000000000000100000000000000000000000000000000
07132873000000100131081812060000000000000000100000000000000000
091328730001001001310818120600000000000003250000010000000200000000000000000000000000000000000000000000000000000040000000000
11132873000200100131081812060000010000010000000200000000020000000000000000000000000000020000000000000000
121328730003001001310818120600000000000000000000000000000000000000000000000200000000000000000000000000000000
07132874000000100131081812070000000000000000100000000000000000
091328740001001001310818120700000000000002130011520000000229000000000000000000000000000000100000001400000000000010000000000
11132874000200100131081812070000010000010000000229000000022900000000000000000000000000022900000000000000
121328740003001001310818120700000000000000000000000000000000000000000000000229000000000000000000000000000000
07132875000000100131081812070000000000000000100000000000000000
091328750001001001310818120700000000000003050000010000000100000000000000000000000000000000000000000500000000000040000000000
11132875000200100131081812070000010000010000000100000000010000000000000000000000000000010000000000000000
121328750003001001310818120700000000000000000000000000000000000000000000000100000000000000000000000000000000
07132876000000100131081812390000000000000000100000000000000000
091328760001001001310818123900000000000002240005940000000118000000000000000000000000000000100000001790000000000010000000000
11132876000200100131081812390000010000010000000118000000011800000000000000000000000000012000000000020000
121328760003001001310818123900000000000000000000000000000000000000000000000118000000000000000000000000000000
07132877000000100131081812440000000000000000100000000000000000
091328770001001001310818124400000000000002080011860000000236000000000000000000000000000000100000001500000000000010000000000
11132877000200100131081812440000010000010000000236000000023600000000000000000000000000023600000000000000
121328770003001001310818124402010000000000000000000000000000000000060000000236000000000000000000000000000000
101328770004001001310818124401000000000000000600000002360000000000000118000001
07132878000000100131081812460000000000000000100000000000000000
091328780001001001310818124600000000000001090003180000000095000000000000000000000000000000100000000930000000000020000000000
091328780002001001310818124600000000000001040005620000000112000000000000000000000000000000100000001500000000000020000000000
091328780003001001310818124600000000000001080006260000000125000000000000000000000000000000100000001000000000000020000000000
11132878000400100131081812460000010000030000000332000000033200000000000000000000000000033200000000000000
121328780005001001310818124603060000000000000000000000000000000000000000000332000000000000000000000000000000
07132879000000100131081812540000000000000000100000000000000000
091328790001001001310818125400000000000002090008160000000489000000000000000000000000000000100000001940000000000010000000000
091328790002001001310818125400000000000002070017680000000352000000000000000000000000000000100000002250000000000010000000000
091328790003001001310818125400000000000001010015660000000186000000000000000000000000000000100000000500000000000020000000000
091328790004001001310818125400000000000001080006260000000125000000000000000000000000000000100000001000000000000020000000000
091328790005001001310818125400000000000003140000020000000200000000000000000000000000000000000000000560000000000040000000000
11132879000600100131081812540000010000050000001352000000135200000000000000000000000000135200000000000000
121328790007001001310818125402010000000000000000000000000000000000100000001352000000000000000000000000000000
101328790008001001310818125401000000000000001000000013520000000000000222000001
07132880000000100131081812560000000000000000100000000000000000
091328800001001001310818125600000000000002080009880000000197000000000000000000000000000000100000001500000000000010000000000
11132880000200100131081812560000010000010000000197000000019700000000000000000000000000019700000000000000
121328800003001001310818125602010000000000000000000000000000000000060000000197000000000000000000000000000000
101328800004001001310818125601000000000000000600000001970000000000000119000001
07132881000000100131081812590000000000000000100000000000000000
091328810001001001310818125900000000000002070014000000000279000000000000000000000000000000100000002250000000000010000000000
091328810002001001310818125900000000000002090007060000000423000000000000000000000000000000100000001940000000000010000000000
091328810003001001310818125900000000000002110004140000000248000000000000000000000000000000100000005000000000000010000000000
11132881000400100131081812590000010000030000000950000000095000000000000000000000000000095000000000000000
121328810005001001310818125900000000000000000000000000000000000000000000000950000000000000000000000000000000
07132882000000100131081813000000000000000000100000000000000000
091328820001001001310818130000000000000001070001200000000156000000000000000000000000000000100000007000000000000020000000000
11132882000200100131081813000000010000010000000156000000015600000000000000000000000000020000000000440000
121328820003001001310818130000000000000000000000000000000000000000000000000156000000000000000000000000000000
07132883000000100131081813050000000000000000100000000000000000
091328830001001001310818130500000000000003200000010000001000000000000000000000000000000000000000000000000000000050000000000
11132883000200100131081813050000010000010000001000000000100000000000000000000000000000100000000000000000
121328830003001001310818130500000000000000000000000000000000000000000000001000000000000000000000000000000000
07132884000000100131081813070000000000000000100000000000000000
091328840001001001310818130700000000000001020035960000000284000000000000000000000000000000100000001100000000000020000000000
091328840002001001310818130700000000000001020023580000000186000000000000000000000000000000100000001100000000000020000000000
11132884000300100131081813070000010000020000000470000000047000000000000000000000000000100000000005300000
121328840004001001310818130700000000000000000000000000000000000000000000000470000000000000000000000000000000
061328840005001001310818131300000100000050000000000000000000000000000000000000000000
07132885000000100131081813150000000000000000100000000000000000
091328850001001001310818131500000000000003250000010000000200000000000000000000000000000000000000000000000000000040000000000
091328850002001001310818131500000000000001290015780000000204000000000000000000000000000000100000000520000000000020000000000
11132885000300100131081813150000010000020000000404000000040400000000000000000000000000040400000000000000
121328850004001001310818131500000000000000000000000000000000000000000000000404000000000000000000000000000000
07132886000000100131081813190000000000000000100000000000000000
091328860001001001310818131900000000000001210000010000000299000000000000000000000000000000000000000500000000000020000000000
091328860002001001310818131900000000000003110000010000000299000000000000000000000000000000000000002000000000000040000000000
091328860003001001310818131900000000000001050008760000000131000000000000000000000000000000100000000830000000000020000000000
091328860004001001310818131900000000000001100010140000000252000000000000000000000000000000100000001110000000000020000000000
091328860005001001310818131900000000000001300000010000000199000000000000000000000000000000000000001000000000000020000000000
091328860006001001310818131900000000000001060008980000000224000000000000000000000000000000100000001940000000000020000000000
091328860007001001310818131900000000000002090006800000000407000000000000000000000000000000100000001940000000000010000000000
091328860008001001310818131900000000000002070012100000000241000000000000000000000000000000100000002250000000000010000000000
11132886000900100131081813190000010000080000002052000000205200000000000000000000000000205200000000000000
121328860010001001310818131900000000000000000000000000000000000000000000002052000000000000000000000000000000
07132887000000100131081813280000000000000000100000000000000000
091328870001001001310818132800000000000003200000010000001000000000000000000000000000000000000000000000000000000050000000000
11132887000200100131081813280000010000010000001000000000100000000000000000000000000000100000000000000000
121328870003001001310818132800000000000000000000000000000000000000000000001000000000000000000000000000000000
07132888000000100131081813400000000000000000100000000000000000
091328880001001001310818134000000000000002070012040000000240000000000000000000000000000000100000002250000000000010000000000
11132888000200100131081813400000010000010000000240000000024000000000000000000000000000024000000000000000
121328880003001001310818134000000000000000000000000000000000000000000000000240000000000000000000000000000000
07132889000000100131081813470000000000000000100000000000000000
091328890001001001310818134700000000000001020011700000000092000000000000000000000000000000100000001100000000000020000000000
11132889000200100131081813470000010000010000000092000000009200000000000000000000000000009200000000000000
121328890003001001310818134700000000000000000000000000000000000000000000000092000000000000000000000000000000
07132890000000100131081814180000000000000000100000000000000000
091328900001001001310818141800000000000003190000010000000200000000000000000000000000000000000000000000000000000050000000000
11132890000200100131081814180000010000010000000200000000020000000000000000000000000000020000000000000000
121328900003001001310818141800000000000000000000000000000000000000000000000200000000000000000000000000000000
07132891000000100131081814220000000000000000100000000000000000
091328910001001001310818142200000000000002210005300000000370000000000000000000000000000000100000004330000000000010000000000
091328910002001001310818142200000000000001050004080000000061000000000000000000000000000000100000000830000000000020000000000
091328910003001001310818142200000000000001020010520000000083000000000000000000000000000000100000001100000000000020000000000
11132891000400100131081814220000010000030000000514000000051400000000000000000000000000100000000004860000
121328910005001001310818142200000000000000000000000000000000000000000000000514000000000000000000000000000000
07132892000000100131081814300000000000000000100000000000000000
17132892000100100131081814300000000000000857
091328920002001001310818143000000000000002080011900000000237000000000000000000000000000000100000001500000000000010000000000
091328920003001001310818143000000000000001220008560000000170000000000000000000000000000000100000001500000000000020000000000
091328920004001001310818143000000000000002040002060000000103000000000000000000000000000000100000000990000000000010000000000
091328920005001001310818143000000000000003120000010000000100000000000000000000000000000000000000000500000000000040000000000
091328920006001001310818143000000000000002150000020000000398000000000000000000000000000000000000000500000000000010000000000
091328920007001001310818143000000000000003010000010000000400000000000000000000000000000000000000002330000000000050000000000
091328920008001001310818143000000000000001060005620000000140000000000000000000000000000000100000001940000000000020000000000
091328920009001001310818143000000000000001090002780000000083000000000000000000000000000000100000000930000000000020000000000
091328920010001001310818143000000000000002480003880000000116000000000000000000000000000000100000000000000000000050000000000
091328920011001001310818143000000000000001020013280000000105000000000000000000000000000000100000001100000000000020000000000
091328920012001001310818143000000000000001050007960000000119000000000000000000000000000000100000000830000000000020000000000
091328920013001001310818143000000000000001160004720000000037000000000000000000000000000000100000000560000000000020000000000
091328920014001001310818143000000000000003110000010000000299000000000000000000000000000000000000002000000000000040000000000
091328920015001001310818143000000000000001080007380000000147000000000000000000000000000000100000001000000000000020000000000
11132892001600100131081814300000010000140000002454000000245400000000000000000000000000245400000000000000
121328920017001001310818143000000000000000000000000000000000000000000000002454000000000000000000000000000000
07132893000000100131081814310000000000000000100000000000000000
091328930001001001310818143100000000000002070015600000000310000000000000000000000000000000100000002250000000000010000000000
11132893000200100131081814310000010000010000000310000000031000000000000000000000000000031000000000000000
121328930003001001310818143100000000000000000000000000000000000000000000000310000000000000000000000000000000
061328930004001001310818143400000100000100000000000000000000000000000000000000000000
07132894000000100131081814460000000000000000100000000000000000
091328940001001001310818144600000000000002040003340000000167000000000000000000000000000000100000000990000000000010000000000
091328940002001001310818144600000000000002480003220000000096000000000000000000000000000000100000000000000000000050000000000
091328940003001001310818144600000000000002290000010000000299000000000000000000000000000000000000002100000000000010000000000
091328940004001001310818144600000000000003010000010000000400000000000000000000000000000000000000002330000000000050000000000
11132894000500100131081814460000010000040000000962000000096200000000000000000000000000096200000000000000
121328940006001001310818144600000000000000000000000000000000000000000000000962000000000000000000000000000000
07132895000000100131081815090000000000000000100000000000000000
091328950001001001310818150900000000000001130012460000000248000000000000000000000000000000100000001500000000000020000000000
091328950002001001310818150900000000000001040005920000000118000000000000000000000000000000100000001500000000000020000000000
11132895000300100131081815090000010000020000000366000000036600000000000000000000000000050000000001340000
121328950004001001310818150900000000000000000000000000000000000000000000000366000000000000000000000000000000
07132896000000100131081815110000000000000000100000000000000000
091328960001001001310818151100000000000002240002920000000058000000000000000000000000000000100000001790000000000010000000000
11132896000200100131081815110000010000010000000058000000005800000000000000000000000000005800000000000000
121328960003001001310818151100000000000000000000000000000000000000000000000058000000000000000000000000000000
07132897000000100131081815300000000000000000100000000000000000
091328970001001001310818153000000000000002040004400000000220000000000000000000000000000000100000000990000000000010000000000
11132897000200100131081815300000010000010000000220000000022000000000000000000000000000022000000000000000
121328970003001001310818153000000000000000000000000000000000000000000000000220000000000000000000000000000000
07132898000000100131081815320000000000000000100000000000000000
091328980001001001310818153200000000000003040000010000000100000000000000000000000000000000000000000500000000000040000000000
11132898000200100131081815320000010000010000000100000000010000000000000000000000000000010000000000000000
121328980003001001310818153200000000000000000000000000000000000000000000000100000000000000000000000000000000
07132899000000100131081815380000000000000000100000000000000000
091328990001001001310818153800000000000001040039880000000794000000000000000000000000000000100000001500000000000020000000000
091328990002001001310818153800000000000001090011880000000355000000000000000000000000000000100000000930000000000020000000000
091328990003001001310818153800000000000002190000020000000398000000000000000000000000000000000000001750000000000010000000000
091328990004001001310818153800000000000002070018900000000376000000000000000000000000000000100000002250000000000010000000000
091328990005001001310818153800000000000001290027140000000350000000000000000000000000000000100000000520000000000020000000000
11132899000600100131081815380000010000050000002273000000227300000000000000000000000000400000000017270000
121328990007001001310818153800000000000000000000000000000000000000000000002273000000000000000000000000000000
07132900000000100131081815480000000000000000100000000000000000
091329000001001001310818154800000000000005020000040000000400I 0000000000000000000000000000000000000000000000000020000000000
11132900000200100131081815480000010000010000000400000000040000000000000000000000000000040000000000000000
121329000003001001310818154800000000000000000000000000000000000000000000000400000000000000000000000000000000
07132901000000100131081815550000000000000000100000000000000000
091329010001001001310818155500000000000002070014580000000290000000000000000000000000000000100000002250000000000010000000000
091329010002001001310818155500000000000002050009500000000333000000000000000000000000000000100000001000000000000030000000000
091329010003001001310818155500000000000002250008580000000428000000000000000000000000000000100000001670000000000010000000000
11132901000400100131081815550000010000030000001051000000105100000000000000000000000000105100000000000000
121329010005001001310818155500000000000000000000000000000000000000000000001051000000000000000000000000000000
07132902000000100131081815570000000000000000100000000000000000
091329020001001001310818155700000000000002050002660000000093000000000000000000000000000000100000001000000000000030000000000
091329020002001001310818155700000000000002290000010000000299000000000000000000000000000000000000002100000000000010000000000
11132902000300100131081815570000010000020000000392000000039200000000000000000000000000040000000000080000
121329020004001001310818155700000000000000000000000000000000000000000000000392000000000000000000000000000000
07132903000000100131081815580000000000000000100000000000000000
091329030001001001310818155800000000000002290000010000000299000000000000000000000000000000000000002100000000000010000000000
091329030002001001310818155800000000000002480003480000000104000000000000000000000000000000100000000000000000000050000000000
091329030003001001310818155800000000000002190000010000000199000000000000000000000000000000000000001750000000000010000000000
11132903000400100131081815580000010000030000000602000000060200000000000000000000000000100000000003980000
121329030005001001310818155800000000000000000000000000000000000000000000000602000000000000000000000000000000
07132904000000100131081816030000000000000000100000000000000000
091329040001001001310818160300000000000001050004440000000066000000000000000000000000000000100000000830000000000020000000000
091329040002001001310818160300000000000001290009120000000118000000000000000000000000000000100000000520000000000020000000000
091329040003001001310818160300000000000003040000010000000100000000000000000000000000000000000000000500000000000040000000000
091329040004001001310818160300000000000001020013360000000106000000000000000000000000000000100000001100000000000020000000000
091329040005001001310818160300000000000002070005820000000116000000000000000000000000000000100000002250000000000010000000000
11132904000600100131081816030000010000050000000506000000050600000000000000000000000000200000000014940000
121329040007001001310818160300000000000000000000000000000000000000000000000506000000000000000000000000000000
07132905000000100131081816170000000000000000100000000000000000
091329050001001001310818161700000000000002020010400000000311000000000000000000000000000000100000001750000000000010000000000
091329050002001001310818161700000000000002010012820000000383000000000000000000000000000000100000001250000000000010000000000
091329050003001001310818161700000000000002070005760000000115000000000000000000000000000000100000002250000000000010000000000
091329050004001001310818161700000000000001100004700000000117000000000000000000000000000000100000001110000000000020000000000
091329050005001001310818161700000000000001060011620000000289000000000000000000000000000000100000001940000000000020000000000
091329050006001001310818161700000000000001120006560000000131000000000000000000000000000000100000001000000000000020000000000
091329050007001001310818161700000000000001250007440000000148I 0000000000000000000000000000100000000300000000000020000000000
091329050008001001310818161700000000000002190000010000000199000000000000000000000000000000000000001750000000000010000000000
091329050009001001310818161700000000000002480003300000000099000000000000000000000000000000100000000000000000000050000000000
091329050010001001310818161700000000000001220014180000000282000000000000000000000000000000100000001500000000000020000000000
11132905001100100131081816170000010000100000002074000000207400000000000000000000000000207400000000000000
121329050012001001310818161703090000000000000000000000000000000000000000002074000000000000000000000000000000
07132906000000100131081816180000000000000000100000000000000000
091329060001001001310818161800000000000001020006720000000053000000000000000000000000000000100000001100000000000020000000000
091329060002001001310818161800000000000001050000820000000012000000000000000000000000000000100000000830000000000020000000000
11132906000300100131081816180000010000020000000065000000006500000000000000000000000000010000000000350000
121329060004001001310818161800000000000000000000000000000000000000000000000065000000000000000000000000000000
07132907000000100131081816230000000000000000100000000000000000
091329070001001001310818162300000000000001020011880000000094000000000000000000000000000000100000001100000000000020000000000
11132907000200100131081816230000010000010000000094000000009400000000000000000000000000009400000000000000
121329070003001001310818162300000000000000000000000000000000000000000000000094000000000000000000000000000000
07132908000000100131081816350000000000000000100000000000000000
091329080001001001310818163500000000000001050005240000000078000000000000000000000000000000100000000830000000000020000000000
11132908000200100131081816350000010000010000000078000000007800000000000000000000000000007800000000000000
121329080003001001310818163500000000000000000000000000000000000000000000000078000000000000000000000000000000
07132909000000100131081816390000000000000000100000000000000000
091329090001001001310818163900000000000001130027660000000550000000000000000000000000000000100000001500000000000020000000000
11132909000200100131081816390000010000010000000550000000055000000000000000000000000000200000000014500000
121329090003001001310818163900000000000000000000000000000000000000000000000550000000000000000000000000000000
07132910000000100131081816430000000000000000100000000000000000
091329100001001001310818164300000000000003200000010000001000000000000000000000000000000000000000000000000000000050000000000
11132910000200100131081816430000010000010000001000000000100000000000000000000000000000100000000000000000
121329100003001001310818164300000000000000000000000000000000000000000000001000000000000000000000000000000000
07132911000000100131081816460000000000000000100000000000000000
091329110001001001310818164600000000000001160029080000000230000000000000000000000000000000100000000560000000000020000000000
091329110002001001310818164600000000000003110000010000000299000000000000000000000000000000000000002000000000000040000000000
091329110003001001310818164600000000000001210000010000000299000000000000000000000000000000000000000500000000000020000000000
11132911000400100131081816460000010000030000000828000000082800000000000000000000000000082800000000000000
121329110005001001310818164603060000000000000000000000000000000000000000000828000000000000000000000000000000
07132912000000100131081817030000000000000000100000000000000000
091329120001001001310818170300000000000003200000010000001000000000000000000000000000000000000000000000000000000050000000000
11132912000200100131081817030000010000010000001000000000100000000000000000000000000000500000000040000000
121329120003001001310818170300000000000000000000000000000000000000000000001000000000000000000000000000000000
07132913000000100131081817050000000000000000100000000000000000
091329130001001001310818170500000000000002250008700000000434000000000000000000000000000000100000001670000000000010000000000
091329130002001001310818170500000000000002230003560000000356000000000000000000000000000000100000005560000000000010000000000
091329130003001001310818170500000000000002150000010000000199000000000000000000000000000000000000000500000000000010000000000
091329130004001001310818170500000000000002070009500000000189000000000000000000000000000000100000002250000000000010000000000
091329130005001001310818170500000000000002090002280000000137000000000000000000000000000000100000001940000000000010000000000
091329130006001001310818170500000000000002040001100000000055000000000000000000000000000000100000000990000000000010000000000
091329130007001001310818170500000000000002010004080000000122000000000000000000000000000000100000001250000000000010000000000
11132913000800100131081817050000010000070000001492000000149200000000000000000000000000200000000005080000
121329130009001001310818170500000000000000000000000000000000000000000000001492000000000000000000000000000000
07132914000000100131081817120000000000000000100000000000000000
091329140001001001310818171200000000000001210000010000000299000000000000000000000000000000000000000500000000000020000000000
091329140002001001310818171200000000000003110000010000000299000000000000000000000000000000000000002000000000000040000000000
091329140003001001310818171200000000000002070007440000000148000000000000000000000000000000100000002250000000000010000000000
091329140004001001310818171200000000000001040003780000000075000000000000000000000000000000100000001500000000000020000000000
091329140005001001310818171200000000000001080003600000000072000000000000000000000000000000100000001000000000000020000000000
11132914000600100131081817120000010000050000000893000000089300000000000000000000000000089300000000000000
121329140007001001310818171202010000000000000000000000000000000000220000000893000000000000000000000000000000
101329140008001001310818171201000000000000002200000008930000000000000062000001
07132915000000100131081817160000000000000000100000000000000000
091329150001001001310818171600000000000002450010600000000529000000000000000000000000000000100000001940000000000010000000000
091329150002001001310818171600000000000003070000010000000100000000000000000000000000000000000000000500000000000040000000000
11132915000300100131081817160000010000020000000629000000062900000000000000000000000000500000000043710000
121329150004001001310818171600000000000000000000000000000000000000000000000629000000000000000000000000000000
061329150005001001310818172100000100000100000000000000000000000000000000000000000000
07132916000000100131081817240000000000000000100000000000000000
091329160001001001310818172400000000000001080002560000000051000000000000000000000000000000100000001000000000000020000000000
091329160002001001310818172400000000000003040000010000000100000000000000000000000000000000000000000500000000000040000000000
091329160003001001310818172400000000000001070001100000000143000000000000000000000000000000100000007000000000000020000000000
091329160004001001310818172400000000000001040004300000000086000000000000000000000000000000100000001500000000000020000000000
11132916000500100131081817240000010000040000000380000000038000000000000000000000000000038000000000000000
121329160006001001310818172402010000000000000000000000000000000000120000000380000000000000000000000000000000
101329160007001001310818172401000000000000001200000003800000000000000175000001
07132917000000100131081817270000000000000000100000000000000000
091329170001001001310818172700000000000002280004960000000198000000000000000000000000000000100000002220000000000010000000000
11132917000200100131081817270000010000010000000198000000019800000000000000000000000000050000000003020000
121329170003001001310818172700000000000000000000000000000000000000000000000198000000000000000000000000000000
07132918000000100131081817280000000000000000100000000000000000
091329180001001001310818172800000000000002190000010000000199000000000000000000000000000000000000001750000000000010000000000
091329180002001001310818172800000000000001070000920000000120000000000000000000000000000000100000007000000000000020000000000
11132918000300100131081817280000010000020000000319000000031900000000000000000000000000050000000001810000
121329180004001001310818172800000000000000000000000000000000000000000000000319000000000000000000000000000000
07132919000000100131081817300000000000000000100000000000000000
091329190001001001310818173000000000000002040002120000000106000000000000000000000000000000100000000990000000000010000000000
091329190002001001310818173000000000000001070000400000000052000000000000000000000000000000100000007000000000000020000000000
091329190003001001310818173000000000000001120003740000000074000000000000000000000000000000100000001000000000000020000000000
11132919000400100131081817300000010000030000000232000000023200000000000000000000000000500000000047680000
121329190005001001310818173000000000000000000000000000000000000000000000000232000000000000000000000000000000
07132920000000100131081817440000000000000000100000000000000000
091329200001001001310818174400000000000001050001940000000029000000000000000000000000000000100000000830000000000020000000000
091329200002001001310818174400000000000001080003220000000064000000000000000000000000000000100000001000000000000020000000000
091329200003001001310818174400000000000001180002720000000136000000000000000000000000000000100000002500000000000020000000000
11132920000400100131081817440000010000030000000229000000022900000000000000000000000000200000000017710000
121329200005001001310818174400000000000000000000000000000000000000000000000229000000000000000000000000000000
07132921000000100131081817530000000000000000100000000000000000
091329210001001001310818175300000000000002040002080000000104000000000000000000000000000000100000000990000000000010000000000
091329210002001001310818175300000000000002070019920000000396000000000000000000000000000000100000002250000000000010000000000
091329210003001001310818175300000000000002200000010000000350000000000000000000000000000000000000001250000000000010000000000
11132921000400100131081817530000010000030000000850000000085000000000000000000000000000085000000000000000
121329210005001001310818175302010000000000000000000000000000000000240000000850000000000000000000000000000000
101329210006001001310818175301000000000000002400000008500000000000000025000001
07132922000000100131081817570000000000000000100000000000000000
091329220001001001310818175700000000000002070020330000000405000000000000000000000000000000100000002250000000000010000000000
091329220002001001310818175700000000000002190000010000000199000000000000000000000000000000000000001750000000000010000000000
11132922000300100131081817570000010000020000000604000000060400000000000000000000000000200000000013960000
121329220004001001310818175700000000000000000000000000000000000000000000000604000000000000000000000000000000
07132923000000100131081817580000000000000000100000000000000000
091329230001001001310818175800000000000001050002920000000044000000000000000000000000000000100000000830000000000020000000000
091329230002001001310818175800000000000001290003600000000046000000000000000000000000000000100000000520000000000020000000000
091329230003001001310818175800000000000005020000010000000100I 0000000000000000000000000000000000000000000000000020000000000
11132923000400100131081817580000010000030000000190000000019000000000000000000000000000020000000000100000
121329230005001001310818175800000000000000000000000000000000000000000000000190000000000000000000000000000000
07132924000000100131081818010000000000000000100000000000000000
091329240001001001310818180100000000000002020007300000000218000000000000000000000000000000100000001750000000000010000000000
11132924000200100131081818010000010000010000000218000000021800000000000000000000000000022500000000070000
121329240003001001310818180100000000000000000000000000000000000000000000000218000000000000000000000000000000
07132925000000100131081818070000000000000000100000000000000000
091329250001001001310818180700000000000002190000010000000199000000000000000000000000000000000000001750000000000010000000000
11132925000200100131081818070000010000010000000199000000019900000000000000000000000000020000000000010000
121329250003001001310818180700000000000000000000000000000000000000000000000199000000000000000000000000000000
07132926000000100131081818290000000000000000100000000000000000
091329260001001001310818182900000000000001130018700000000372000000000000000000000000000000100000001500000000000020000000000
11132926000200100131081818290000010000010000000372000000037200000000000000000000000000100000000006280000
121329260003001001310818182900000000000000000000000000000000000000000000000372000000000000000000000000000000
07132927000000100131081818300000000000000000100000000000000000
091329270001001001310818183000000000000002220000010000000300000000000000000000000000000000000000001420000000000010000000000
11132927000200100131081818300000010000010000000300000000030000000000000000000000000000200000000017000000
121329270003001001310818183000000000000000000000000000000000000000000000000300000000000000000000000000000000
07132928000000100131081818350000000000000000100000000000000000
091329280001001001310818183500000000000002040002180000000109000000000000000000000000000000100000000990000000000010000000000
11132928000200100131081818350000010000010000000109000000010900000000000000000000000000010900000000000000
121329280003001001310818183500000000000000000000000000000000000000000000000109000000000000000000000000000000
07132929000000100131081818400000000000000000100000000000000000
091329290001001001310818184000000000000002460011740000000468000000000000000000000000000000100000001750000000000010000000000
11132929000200100131081818400000010000010000000468000000046800000000000000000000000000500000000045320000
121329290003001001310818184000000000000000000000000000000000000000000000000468000000000000000000000000000000
07132930000000100131081818440000000000000000100000000000000000
091329300001001001310818184400000000000001160002740000000022000000000000000000000000000000100000000560000000000020000000000
091329300002001001310818184400000000000001100001620000000040000000000000000000000000000000100000001110000000000020000000000
091329300003001001310818184400000000000001050001220000000018000000000000000000000000000000100000000830000000000020000000000
091329300004001001310818184400000000000001130001960000000039000000000000000000000000000000100000001500000000000020000000000
091329300005001001310818184400000000000001080001100000000022000000000000000000000000000000100000001000000000000020000000000
091329300006001001310818184400000000000001020002500000000020000000000000000000000000000000100000001100000000000020000000000
091329300007001001310818184400000000000001050000580000000009000000000000000000000000000000100000000830000000000020000000000
091329300008001001310818184400000000000001090000460000000014000000000000000000000000000000100000000930000000000020000000000
091329300009001001310818184400000000000001100000760000000019000000000000000000000000000000100000001110000000000020000000000
11132930001000100131081818440000010000090000000203000000020300000000000000000000000000020300000000000000
121329300011001001310818184400000000000000000000000000000000000000000000000203000000000000000000000000000000
07132931000000100131081818440000000000000000100000000000000000
091329310001001001310818184400000000000001090001180000000035000000000000000000000000000000100000000930000000000020000000000
091329310002001001310818184400000000000001040001520000000030000000000000000000000000000000100000001500000000000020000000000
11132931000300100131081818440000010000020000000065000000006500000000000000000000000000020000000001350000
121329310004001001310818184400000000000000000000000000000000000000000000000065000000000000000000000000000000
07132932000000100131081818450000000000000000100000000000000000
091329320001001001310818184500000000000001120003060000000061000000000000000000000000000000100000001000000000000020000000000
11132932000200100131081818450000010000010000000061000000006100000000000000000000000000006100000000000000
121329320003001001310818184500000000000000000000000000000000000000000000000061000000000000000000000000000000
07132933000000100131081818470000000000000000100000000000000000
091329330001001001310818184700000000000002010006600000000197000000000000000000000000000000100000001250000000000010000000000
11132933000200100131081818470000010000010000000197000000019700000000000000000000000000050000000003030000
121329330003001001310818184700000000000000000000000000000000000000000000000197000000000000000000000000000000
07132934000000100131081818480000000000000000100000000000000000
091329340001001001310818184800000000000001070001880000000244000000000000000000000000000000100000007000000000000020000000000
11132934000200100131081818480000010000010000000244000000024400000000000000000000000000050000000002560000
121329340003001001310818184800000000000000000000000000000000000000000000000244000000000000000000000000000000
07132935000000100131081818480000000000000000100000000000000000
091329350001001001310818184800000000000002070004160000000083000000000000000000000000000000100000002250000000000010000000000
11132935000200100131081818480000010000010000000083000000008300000000000000000000000000010000000000170000
121329350003001001310818184800000000000000000000000000000000000000000000000083000000000000000000000000000000
07132936000000100131081818490000000000000000100000000000000000
091329360001001001310818184900000000000001250002500000000050I 0000000000000000000000000000100000000300000000000020000000000
11132936000200100131081818490000010000010000000050000000005000000000000000000000000000020000000001500000
121329360003001001310818184900000000000000000000000000000000000000000000000050000000000000000000000000000000
07132937000000100131081818500000000000000000100000000000000000
091329370001001001310818185000000000000001290009020000000116000000000000000000000000000000100000000520000000000020000000000
091329370002001001310818185000000000000001020015760000000125000000000000000000000000000000100000001100000000000020000000000
091329370003001001310818185000000000000001050008540000000127000000000000000000000000000000100000000830000000000020000000000
091329370004001001310818185000000000000002040002800000000140000000000000000000000000000000100000000990000000000010000000000
091329370005001001310818185000000000000001150003060000000153000000000000000000000000000000100000001430000000000020000000000
11132937000600100131081818500000010000050000000661000000066100000000000000000000000000100000000003390000
121329370007001001310818185000000000000000000000000000000000000000000000000661000000000000000000000000000000
07132938000000100131081818570000000000000000100000000000000000
091329380001001001310818185700000000000002070019020000000378000000000000000000000000000000100000002250000000000010000000000
11132938000200100131081818570000010000010000000378000000037800000000000000000000000000200000000016220000
121329380003001001310818185700000000000000000000000000000000000000000000000378000000000000000000000000000000
07132939000000100131081818590000000000000000100000000000000000
091329390001001001310818185900000000000002070032900000000655000000000000000000000000000000100000002250000000000010000000000
091329390002001001310818185900000000000001070005280000000686000000000000000000000000000000100000007000000000000020000000000
091329390003001001310818185900000000000001080006320000000126000000000000000000000000000000100000001000000000000020000000000
091329390004001001310818185900000000000001040005060000000101000000000000000000000000000000100000001500000000000020000000000
11132939000500100131081818590000010000040000001568000000156800000000000000000000000000156800000000000000
121329390006001001310818185903050000000000000000000000000000000000000000001568000000000000000000000000000000
07132940000000100131081819000000000000000000100000000000000000
091329400001001001310818190000000000000003040000010000000100000000000000000000000000000000000000000500000000000040000000000
091329400002001001310818190000000000000002070009720000000193000000000000000000000000000000100000002250000000000010000000000
091329400003001001310818190000000000000002190000010000000199000000000000000000000000000000000000001750000000000010000000000
11132940000400100131081819000000010000030000000492000000049200000000000000000000000000100000000005080000
121329400005001001310818190000000000000000000000000000000000000000000000000492000000000000000000000000000000
07132941000000100131081819120000000000000000100000000000000000
091329410001001001310818191200000000000001020018240000000144000000000000000000000000000000100000001100000000000020000000000
091329410002001001310818191200000000000001050013320000000198000000000000000000000000000000100000000830000000000020000000000
11132941000300100131081819120000010000020000000342000000034200000000000000000000000000200000000016580000
121329410004001001310818191200000000000000000000000000000000000000000000000342000000000000000000000000000000
07132942000000100131081819140000000000000000100000000000000000
091329420001001001310818191400000000000001160009000000000071000000000000000000000000000000100000000560000000000020000000000
11132942000200100131081819140000010000010000000071000000007100000000000000000000000000010000000000290000
121329420003001001310818191400000000000000000000000000000000000000000000000071000000000000000000000000000000
07132943000000100131081819150000000000000000100000000000000000
091329430001001001310818191500000000000002210006400000000447000000000000000000000000000000100000004330000000000010000000000
091329430002001001310818191500000000000002070022280000000443000000000000000000000000000000100000002250000000000010000000000
091329430003001001310818191500000000000003250000010000000200000000000000000000000000000000000000000000000000000040000000000
11132943000400100131081819150000010000030000001090000000109000000000000000000000000000150000000004100000
121329430005001001310818191500000000000000000000000000000000000000000000001090000000000000000000000000000000
07132944000000100131081819170000000000000000100000000000000000
091329440001001001310818191700000000000001160011460000000091000000000000000000000000000000100000000560000000000020000000000
11132944000200100131081819170000010000010000000091000000009100000000000000000000000000020000000001090000
121329440003001001310818191700000000000000000000000000000000000000000000000091000000000000000000000000000000
07132945000000100131081819230000000000000000100000000000000000
091329450001001001310818192300000000000002480026380000000789000000000000000000000000000000100000000000000000000050000000000
091329450002001001310818192300000000000002190000020000000398000000000000000000000000000000000000001750000000000010000000000
091329450003001001310818192300000000000002170000010000000599000000000000000000000000000000000000004500000000000010000000000
11132945000400100131081819230000010000030000001786000000178600000000000000000000000000178600000000000000
121329450005001001310818192303030000000000000000000000000000000000000000001786000000000000000000000000000000
07132946000000100131081819250000000000000000100000000000000000
091329460001001001310818192500000000000002270007860000000471000000000000000000000000000000100000002500000000000010000000000
091329460002001001310818192500000000000001040001700000000034000000000000000000000000000000100000001500000000000020000000000
091329460003001001310818192500000000000002080006060000000121000000000000000000000000000000100000001500000000000010000000000
091329460004001001310818192500000000000001090001560000000047000000000000000000000000000000100000000930000000000020000000000
091329460005001001310818192500000000000001080002780000000055000000000000000000000000000000100000001000000000000020000000000
11132946000600100131081819250000010000050000000728000000072800000000000000000000000000072800000000000000
121329460007001001310818192503060000000000000000000000000000000000000000000728000000000000000000000000000000
07132947000000100131081819280000000000000000100000000000000000
091329470001001001310818192800000000000001050014280000000213000000000000000000000000000000100000000830000000000020000000000
091329470002001001310818192800000000000001020027400000000216000000000000000000000000000000100000001100000000000020000000000
091329470003001001310818192800000000000004020000020000000200I 0300000000000000000000000000000000000230000000000030000000000
091329470004001001310818192800000000000004010000020000000100I 0300000000000000000000000000000000000310000000000030000000000
11132947000500100131081819280000010000040000000729000000072900000000000000000000000000200000000012710000
121329470006001001310818192800000000000000000000000000000000000000000000000729000000000000000000000000000000
07132948000000100131081819330000000000000000100000000000000000
091329480001001001310818193300000000000004020000010000000100I 0300000000000000000000000000000000000230000000000030000000000
091329480002001001310818193300000000000004030000010000000100I 0300000000000000000000000000000000000300000000000030000000000
091329480003001001310818193300000000000004070000010000000050I 0300000000000000000000000000000000000070000000000030000000000
091329480004001001310818193300000000000004010000010000000050I 0300000000000000000000000000000000000310000000000030000000000
091329480005001001310818193300000000000002040002140000000107000000000000000000000000000000100000000990000000000010000000000
091329480006001001310818193300000000000003040000010000000100000000000000000000000000000000000000000500000000000040000000000
11132948000700100131081819330000010000060000000507000000050700000000000000000000000000050700000000000000
121329480008001001310818193302010000000000000000000000000000000000070000000507000000000000000000000000000000
101329480009001001310818193301000000000000000700000005070000000000000136000001
07132949000000100131081819390000000000000000100000000000000000
091329490001001001310818193900000000000001220015400000000306000000000000000000000000000000100000001500000000000020000000000
091329490002001001310818193900000000000002020017780000000532000000000000000000000000000000100000001750000000000010000000000
091329490003001001310818193900000000000001150002280000000114000000000000000000000000000000100000001430000000000020000000000
091329490004001001310818193900000000000002120013240000000661000000000000000000000000000000100000002000000000000010000000000
091329490005001001310818193900000000000002170000010000000599000000000000000000000000000000000000004500000000000010000000000
091329490006001001310818193900000000000001300000010000000199000000000000000000000000000000000000001000000000000020000000000
11132949000700100131081819390000010000060000002411000000241100000000000000000000000000241100000000000000
121329490008001001310818193903010000000000000000000000000000000000000000002411000000000000000000000000000000
07132950000000100131081819400000000000000000100000000000000000
091329500001001001310818194000000000000002210012320000000861000000000000000000000000000000100000004330000000000010000000000
11132950000200100131081819400000010000010000000861000000086100000000000000000000000000090000000000390000
121329500003001001310818194000000000000000000000000000000000000000000000000861000000000000000000000000000000
07132951000000100131081819410000000000000000100000000000000000
091329510001001001310818194100000000000002070006340000000126000000000000000000000000000000100000002250000000000010000000000
11132951000200100131081819410000010000010000000126000000012600000000000000000000000000022500000000990000
121329510003001001310818194100000000000000000000000000000000000000000000000126000000000000000000000000000000
07132952000000100131081819440000000000000000100000000000000000
091329520001001001310818194400000000000002070005780000000115000000000000000000000000000000100000002250000000000010000000000
091329520002001001310818194400000000000002480006800000000203000000000000000000000000000000100000000000000000000050000000000
091329520003001001310818194400000000000002460003640000000145000000000000000000000000000000100000001750000000000010000000000
091329520004001001310818194400000000000001100003240000000081000000000000000000000000000000100000001110000000000020000000000
091329520005001001310818194400000000000001120003320000000066000000000000000000000000000000100000001000000000000020000000000
091329520006001001310818194400000000000001020011200000000088000000000000000000000000000000100000001100000000000020000000000
091329520007001001310818194400000000000002120010360000000517000000000000000000000000000000100000002000000000000010000000000
091329520008001001310818194400000000000003030000010000000100000000000000000000000000000000000000000560000000000040000000000
091329520009001001310818194400000000000001250005300000000105I 0000000000000000000000000000100000000300000000000020000000000
091329520010001001310818194400000000000001160004420000000035000000000000000000000000000000100000000560000000000020000000000
091329520011001001310818194400000000000001060002340000000058000000000000000000000000000000100000001940000000000020000000000
091329520012001001310818194400000000000001130006660000000133000000000000000000000000000000100000001500000000000020000000000
091329520013001001310818194400000000000001150001280000000064000000000000000000000000000000100000001430000000000020000000000
11132952001400100131081819440000010000130000001710000000171000000000000000000000000000200000000002900000
121329520015001001310818194400000000000000000000000000000000000000000000001710000000000000000000000000000000
07132953000000100131081819470000000000000000100000000000000000
091329530001001001310818194700000000000001040004240000000084000000000000000000000000000000100000001500000000000020000000000
091329530002001001310818194700000000000002040002140000000107000000000000000000000000000000100000000990000000000010000000000
091329530003001001310818194700000000000001070000980000000127000000000000000000000000000000100000007000000000000020000000000
091329530004001001310818194700000000000001090001020000000030000000000000000000000000000000100000000930000000000020000000000
11132953000500100131081819470000010000040000000348000000034800000000000000000000000000040000000000520000
121329530006001001310818194700000000000000000000000000000000000000000000000348000000000000000000000000000000
07132954000000100131081819560000000000000000100000000000000000
091329540001001001310818195600000000000002290000010000000299000000000000000000000000000000000000002100000000000010000000000
091329540002001001310818195600000000000002090014960000000896000000000000000000000000000000100000001940000000000010000000000
091329540003001001310818195600000000000001120002600000000052000000000000000000000000000000100000001000000000000020000000000
091329540004001001310818195600000000000001270014100000000422000000000000000000000000000000100000000750000000000020000000000
091329540005001001310818195600000000000001020027700000000219000000000000000000000000000000100000001100000000000020000000000
091329540006001001310818195600000000000002250007760000000387000000000000000000000000000000100000001670000000000010000000000
091329540007001001310818195600000000000001250012120000000241I 0000000000000000000000000000100000000300000000000020000000000
091329540008001001310818195600000000000001060007180000000179000000000000000000000000000000100000001940000000000020000000000
091329540009001001310818195600000000000001220004380000000087000000000000000000000000000000100000001500000000000020000000000
091329540010001001310818195600000000000002200000010000000350000000000000000000000000000000000000001250000000000010000000000
091329540011001001310818195600000000000001080005000000000100000000000000000000000000000000100000001000000000000020000000000
091329540012001001310818195600000000000002130018360000000365000000000000000000000000000000100000001400000000000010000000000
091329540013001001310818195600000000000002170000010000000599000000000000000000000000000000000000004500000000000010000000000
091329540014001001310818195600000000000001160005980000000047000000000000000000000000000000100000000560000000000020000000000
091329540015001001310818195600000000000002290000010000000299000000000000000000000000000000000000002100000000000010000000000
11132954001600100131081819560000010000150000004542000000454200000000000000000000000000454200000000000000
121329540017001001310818195602010000000000000000000000000000000000290000004542000000000000000000000000000000
101329540018001001310818195601000000000000002900000045420000000000000069000001
07132955000000100131081819560000000000000000100000000000000000
091329550001001001310818195600000000000003070000010000000100000000000000000000000000000000000000000500000000000040000000000
11132955000200100131081819560000010000010000000100000000010000000000000000000000000000020000000001000000
121329550003001001310818195600000000000000000000000000000000000000000000000100000000000000000000000000000000
07132956000000100131081820050000000000000000100000000000000000
091329560001001001310818200500000000000002070013160000000262000000000000000000000000000000100000002250000000000010000000000
091329560002001001310818200500000000000001060002420000000060000000000000000000000000000000100000001940000000000020000000000
091329560003001001310818200500000000000002090003440000000206000000000000000000000000000000100000001940000000000010000000000
091329560004001001310818200500000000000002040001120000000056000000000000000000000000000000100000000990000000000010000000000
11132956000500100131081820050000010000040000000584000000058400000000000000000000000000070000000001160000
121329560006001001310818200500000000000000000000000000000000000000000000000584000000000000000000000000000000
07132957000000100131081820330000000000000000100000000000000000
091329570001001001310818203300000000000002080010880000000217000000000000000000000000000000100000001500000000000010000000000
091329570002001001310818203300000000000002040001100000000055000000000000000000000000000000100000000990000000000010000000000
091329570003001001310818203300000000000001080003140000000062000000000000000000000000000000100000001000000000000020000000000
11132957000400100131081820330000010000030000000334000000033400000000000000000000000000040000000000660000
121329570005001001310818203300000000000000000000000000000000000000000000000334000000000000000000000000000000
07132958000000100131081820350000000000000000100000000000000000
091329580001001001310818203500000000000001160005100000000040000000000000000000000000000000100000000560000000000020000000000
091329580002001001310818203500000000000001080003680000000073000000000000000000000000000000100000001000000000000020000000000
091329580003001001310818203500000000000001240002440000000097000000000000000000000000000000100000001670000000000020000000000
091329580004001001310818203500000000000001090001120000000033000000000000000000000000000000100000000930000000000020000000000
091329580005001001310818203500000000000003070000010000000100000000000000000000000000000000000000000500000000000040000000000
091329580006001001310818203500000000000003040000010000000100000000000000000000000000000000000000000500000000000040000000000
11132958000700100131081820350000010000060000000443000000044300000000000000000000000000045000000000070000
121329580008001001310818203500000000000000000000000000000000000000000000000443000000000000000000000000000000
061329580009001001310818203900000100000149000000000000000000000000000000000000000000
0413295900000010013108182039000001132794132959000000814376810000008153622831081800000949110000000000000000000000000000000001000000000000000000000000000000000000000000000000000000000000000000000000000000001234567890AB        
