01320519000000100104122006580000010000001000000002287359711.82G5E   1234567890AB        Generica            
02320519000100100104122006580000010000090000000000
07320520000000100104122015010000000000000000100000000000000000
093205200001001001041220150100000000000003190000010000000300000000000000000000000000000000000000000000000000000050000000000
11320520000200100104122015010000090000010000000300000000030000000000000000000000000000030000000000000000
123205200003001001041220150100000000000000000000000000000000000000000000000300000000000000000000000000000000
07320521000000100104122020340000000000000000100000000000000000
093205210001001001041220203400000000000002070020130000001005000000000000000000000000000000100000001000000000000020000000000
11320521000200100104122020340000090000010000001005000000100500000000000000000000000000102000000000150000
123205210003001001041220203400000000000000000000000000000000000000000000001005000000000000000000000000000000
07320522000000100104122020350000000000000000100000000000000000
093205220001001001041220203500000000000002040018120000000542000000000000000000000000000000100000000990000000000010000000000
093205220002001001041220203500000000000002040019900000000595000000000000000000000000000000100000000990000000000010000000000
093205220003001001041220203500000000000002040010020000000300000000000000000000000000000000100000000990000000000010000000000
093205220004001001041220203500000000000002130033580000000836000000000000000000000000000000100000001400000000000010000000000
11320522000500100104122020350000090000040000002273000000227300000000000000000000000001000000000077270000
123205220006001001041220203500000000000000000000000000000000000000000000002273000000000000000000000000000000
07320523000000100104122020380000000000000000100000000000000000
093205230001001001041220203800000000000002080001980000000099000000000000000000000000000000100000001500000000000010000000000
11320523000200100104122020380000090000010000000099000000009900000000000000000000000000009900000000000000
123205230003001001041220203800000000000000000000000000000000000000000000000099000000000000000000000000000000
07320524000000100104122020400000000000000000100000000000000000
093205240001001001041220204000000000000002220000010000000250000000000000000000000000000000000000000800000000000010000000000
11320524000200100104122020400000090000010000000250000000025000000000000000000000000000030000000000500000
123205240003001001041220204000000000000000000000000000000000000000000000000250000000000000000000000000000000
07320525000000100104122020480000000000000000100000000000000000
093205250001001001041220204800000000000003200000010000001300000000000000000000000000000000000000000000000000000050000000000
093205250002001001041220204800000000000003190000010000000300000000000000000000000000000000000000000000000000000050000000000
093205250003001001041220204800000000000003030000010000000100000000000000000000000000000000000000000560000000000040000000000
093205250004001001041220204800000000000003050000010000000100000000000000000000000000000000000000000500000000000040000000000
093205250005001001041220204800000000000003010000010000000600000000000000000000000000000000000000002330000000000050000000000
11320525000600100104122020480000090000050000002400000000240000000000000000000000000000240000000000000000
123205250007001001041220204800000000000000000000000000000000000000000000002400000000000000000000000000000000
07320526000000100104122020550000000000000000100000000000000000
093205260001001001041220205500000000000002070012540000000626000000000000000000000000000000100000001000000000000020000000000
11320526000200100104122020550000090000010000000626000000062600000000000000000000000000062600000000000000
123205260003001001041220205500000000000000000000000000000000000000000000000626000000000000000000000000000000
07320527000000100104122020560000000000000000100000000000000000
093205270001001001041220205600000000000002190000010000000499000000000000000000000000000000000000001750000000000010000000000
11320527000200100104122020560000090000010000000499000000049900000000000000000000000000049900000000000000
123205270003001001041220205602010000000000000000000000000000000000040000000499000000000000000000000000000000
103205270004001001041220205601000000000000000400000004990000000000000535000009
07320528000000100104122020580000000000000000100000000000000000
093205280001001001041220205800000000000002040002700000000081000000000000000000000000000000100000000990000000000010000000000
093205280002001001041220205800000000000003010000010000000600000000000000000000000000000000000000002330000000000050000000000
11320528000300100104122020580000090000020000000681000000068100000000000000000000000000100000000003190000
123205280004001001041220205800000000000000000000000000000000000000000000000681000000000000000000000000000000
07320529000000100104122021000000000000000000100000000000000000
093205290001001001041220210000000000000001040002740000000109000000000000000000000000000000100000001000000000000020000000000
17320529000200100104122021000000000000001300
093205290003001001041220210000000000000002200000010000000399000000000000000000000000000000000000001250000000000010000000000
11320529000400100104122021000000090000020000000508000000050800000000000000000000000000100000000004920000
123205290005001001041220210000000000000000000000000000000000000000000000000508000000000000000000000000000000
07320530000000100104122021010000000000000000100000000000000000
093205300001001001041220210100000000000001220009960000000397000000000000000000000000000000100000001000000000000020000000000
093205300002001001041220210100000000000005020000010000000100I 0000000000000000000000000000000000000000000000000020000000000
11320530000300100104122021010000090000020000000497000000049700000000000000000000000000100000000005030000
123205300004001001041220210100000000000000000000000000000000000000000000000497000000000000000000000000000000
07320531000000100104122021030000000000000000100000000000000000
093205310001001001041220210300000000000001040005600000000223000000000000000000000000000000100000001000000000000020000000000
093205310002001001041220210300000000000001080005360000000321000000000000000000000000000000100000000500000000000020000000000
11320531000300100104122021030000090000020000000544000000054400000000000000000000000000200000000014560000
123205310004001001041220210300000000000000000000000000000000000000000000000544000000000000000000000000000000
07320532000000100104122021050000000000000000100000000000000000
093205320001001001041220210500000000000003190000010000000300000000000000000000000000000000000000000000000000000050000000000
093205320002001001041220210500000000000001040003800000000152000000000000000000000000000000100000001000000000000020000000000
093205320003001001041220210500000000000001010016840000000672000000000000000000000000000000100000002000000000000020000000000
11320532000400100104122021050000090000030000001124000000112400000000000000000000000000112400000000000000
123205320005001001041220210503030000000000000000000000000000000000000000001124000000000000000000000000000000
07320533000000100104122021060000000000000000100000000000000000
093205330001001001041220210600000000000002010019740000000590000000000000000000000000000000100000001250000000000010000000000
093205330002001001041220210600000000000002150000010000000199000000000000000000000000000000000000000300000000000010000000000
093205330003001001041220210600000000000002150000010000000199000000000000000000000000000000000000000300000000000010000000000
093205330004001001041220210600000000000001080003420000000205000000000000000000000000000000100000000500000000000020000000000
093205330005001001041220210600000000000003030000010000000100000000000000000000000000000000000000000560000000000040000000000
093205330006001001041220210600000000000002040002740000000082000000000000000000000000000000100000000990000000000010000000000
11320533000700100104122021060000090000060000001375000000137500000000000000000000000000137500000000000000
123205330008001001041220210600000000000000000000000000000000000000000000001375000000000000000000000000000000
07320534000000100104122021120000000000000000100000000000000000
093205340001001001041220211200000000000001100010300000000411000000000000000000000000000000100000000600000000000020000000000
093205340002001001041220211200000000000002200000010000000399000000000000000000000000000000000000001250000000000010000000000
11320534000300100104122021120000090000020000000810000000081000000000000000000000000000081000000000000000
123205340004001001041220211203060000000000000000000000000000000000000000000810000000000000000000000000000000
07320535000000100104122021130000000000000000100000000000000000
093205350001001001041220211300000000000001090001640000000082000000000000000000000000000000100000000930000000000020000000000
093205350002001001041220211300000000000001050001400000000028000000000000000000000000000000100000000830000000000020000000000
11320535000300100104122021130000090000020000000110000000011000000000000000000000000000020000000000900000
123205350004001001041220211300000000000000000000000000000000000000000000000110000000000000000000000000000000
07320536000000100104122021140000000000000000100000000000000000
093205360001001001041220211400000000000001040002760000000110000000000000000000000000000000100000001000000000000020000000000
093205360002001001041220211400000000000003200000010000001300000000000000000000000000000000000000000000000000000050000000000
11320536000300100104122021140000090000020000001410000000141000000000000000000000000000141000000000000000
123205360004001001041220211402010000000000000000000000000000000000070000001410000000000000000000000000000000
103205360005001001041220211401000000000000000700000014100000000000000646000009
07320537000000100104122021240000000000000000100000000000000000
093205370001001001041220212400000000000002010020450000000612000000000000000000000000000000100000001250000000000010000000000
11320537000200100104122021240000090000010000000612000000061200000000000000000000000000061200000000000000
123205370003001001041220212400000000000000000000000000000000000000000000000612000000000000000000000000000000
07320538000000100104122021290000000000000000100000000000000000
093205380001001001041220212900000000000002200000010000000399000000000000000000000000000000000000001250000000000010000000000
093205380002001001041220212900000000000002040003120000000093000000000000000000000000000000100000000990000000000010000000000
093205380003001001041220212900000000000002150000010000000199000000000000000000000000000000000000000300000000000010000000000
093205380004001001041220212900000000000002150000010000000199000000000000000000000000000000000000000300000000000010000000000
093205380005001001041220212900000000000002150000010000000199000000000000000000000000000000000000000300000000000010000000000
093205380006001001041220212900000000000002150000010000000199000000000000000000000000000000000000000300000000000010000000000
093205380007001001041220212900000000000001100018640000000744000000000000000000000000000000100000000600000000000020000000000
093205380008001001041220212900000000000002100006180000000926000000000000000000000000000000100000006390000000000010000000000
093205380009001001041220212900000000000002070026100000001302000000000000000000000000000000100000001000000000000020000000000
093205380010001001041220212900000000000002260016760000000669000000000000000000000000000000100000001800000000000010000000000
11320538001100100104122021290000090000100000004929000000492900000000000000000000000000492900000000000000
123205380012001001041220212903020000000000000000000000000000000000000000004929000000000000000000000000000000
07320539000000100104122021300000000000000000100000000000000000
093205390001001001041220213000000000000001160003300000000165000000000000000000000000000000100000000560000000000020000000000
093205390002001001041220213000000000000005020000010000000100I 0000000000000000000000000000000000000000000000000020000000000
093205390003001001041220213000000000000005020000010000000100I 0000000000000000000000000000000000000000000000000020000000000
093205390004001001041220213000000000000001020002960000000103000000000000000000000000000000100000000300000000000020000000000
093205390005001001041220213000000000000001050001220000000024000000000000000000000000000000100000000830000000000020000000000
093205390006001001041220213000000000000001100004520000000180000000000000000000000000000000100000000600000000000020000000000
093205390007001001041220213000000000000001120002920000000204000000000000000000000000000000100000001000000000000020000000000
093205390008001001041220213000000000000001080002440000000146000000000000000000000000000000100000000500000000000020000000000
093205390009001001041220213000000000000004020000010000000100I 0300000000000000000000000000000000000230000000000030000000000
11320539001000100104122021300000090000090000001122000000112200000000000000000000000000200000000008780000
123205390011001001041220213000000000000000000000000000000000000000000000001122000000000000000000000000000000
0432054000000010010412202158000001320519320540000002287359710000022875844504122000000211740000000000000000000000000000000001000000000000000000000000000000000000000000000000000000000000000000000000000000001234567890AB        
