01320663000000100115122015020000010000000500000002288868121.82G5E   1234567890AB        Generica            
02320663000100100115122015020000010000090000000000
14320664000000100115122015140000010000000000
07320665000000100115122015140000000000000000100000000000000000
093206650001001001151220151400000000000002500016340000002449000000000000000000000000000000100000000000000000000010000000000
11320665000200100115122015140000090000010000002449000000244900000000000000000000000000500000000025510000
123206650003001001151220151400000000000000000000000000000000000000000000002449000000000000000000000000000000
07320666000000100115122015550000000000000000100000000000000000
093206660001001001151220155500000000000002120027000000001077000000000000000000000000000000100000001000000000000010000000000
093206660002001001151220155500000000000002220000010000000250000000000000000000000000000000000000000800000000000010000000000
11320666000300100115122015550000090000020000001327000000132700000000000000000000000000132700000000000000
123206660004001001151220155502010000000000000000000000000000000000040000001327000000000000000000000000000000
103206660005001001151220155501000000000000000400000013270000000000000538000009
14320667000000100115122020110000010000001311
07320668000000100115122020120000000000000000100000000000000000
093206680001001001151220201200000000000001100004520000000180000000000000000000000000000000100000000600000000000020000000000
093206680002001001151220201200000000000001050006200000000185000000000000000000000000000000100000000830000000000020000000000
093206680003001001151220201200000000000001130010660000000265000000000000000000000000000000100000000900000000000020000000000
093206680004001001151220201200000000000001120004960000000248000000000000000000000000000000100000001000000000000020000000000
093206680005001001151220201200000000000001080004320000000216000000000000000000000000000000100000000500000000000020000000000
093206680006001001151220201200000000000003030000010000000100000000000000000000000000000000000000000560000000000040000000000
11320668000700100115122020120000090000060000001194000000119400000000000000000000000000119400000000000000
123206680008001001151220201202010000000000000000000000000000000000050000001194000000000000000000000000000000
103206680009001001151220201201000000000000000500000011940000000000000241000009
0432066900000010011512202207000001320663320669000002288868120000022889319315122000000049700000000000000000000000000013110001000000000000000000000000000000000000000000000000000000000000000000000000000000001234567890AB        
