01321419000000100115052109120000010000000500000002297505621.82G5E   1234567890AB        Generica            
02321419000100100115052109120000010000090000000000
07321420000000100115052109130000000000000000100000000000000000
093214200001001001150521091300000000000002140010500000000209000000000000000000000000000000100000001000000000000010000000000
11321420000200100115052109130000090000010000000209000000020900000000000000000000000000100000000007910000
123214200003001001150521091300000000000000000000000000000000000000000000000209000000000000000000000000000000
07321421000000100115052109140000000000000000100000000000000000
093214210001001001150521091400000000000001290003540000000106000000000000000000000000000000100000000250000000000020000000000
093214210002001001150521091400000000000002150000010000000199000000000000000000000000000000000000000300000000000010000000000
093214210003001001150521091400000000000002010007960000000278000000000000000000000000000000100000001250000000000010000000000
093214210004001001150521091400000000000002140009400000000187000000000000000000000000000000100000001000000000000010000000000
11321421000500100115052109140000090000040000000770000000077000000000000000000000000000100000000002300000
123214210006001001150521091400000000000000000000000000000000000000000000000770000000000000000000000000000000
07321422000000100115052109150000000000000000100000000000000000
093214220001001001150521091500000000000001020010280000000205000000000000000000000000000000100000000300000000000020000000000
093214220002001001150521091500000000000001290005460000000163000000000000000000000000000000100000000250000000000020000000000
11321422000300100115052109150000090000020000000368000000036800000000000000000000000000040000000000320000
123214220004001001150521091500000000000000000000000000000000000000000000000368000000000000000000000000000000
07321423000000100115052109160000000000000000100000000000000000
093214230001001001150521091600000000000002430007860000000392000000000000000000000000000000100000000300000000000010000000000
093214230002001001150521091600000000000002070006480000000259000000000000000000000000000000100000001000000000000020000000000
11321423000300100115052109160000090000020000000651000000065100000000000000000000000000065100000000000000
123214230004001001150521091600000000000000000000000000000000000000000000000651000000000000000000000000000000
07321424000000100115052109170000000000000000100000000000000000
093214240001001001150521091700000000000001020011060000000220000000000000000000000000000000100000000300000000000020000000000
093214240002001001150521091700000000000002040001100000000033000000000000000000000000000000100000000990000000000010000000000
093214240003001001150521091700000000000001290004520000000135000000000000000000000000000000100000000250000000000020000000000
093214240004001001150521091700000000000002080006380000000127000000000000000000000000000000100000001500000000000010000000000
093214240005001001150521091700000000000003030000010000000100000000000000000000000000000000000000000560000000000040000000000
093214240006001001150521091700000000000003170000010000000100000000000000000000000000000000000000000600000000000040000000000
093214240007001001150521091700000000000002180000010000000399000000000000000000000000000000000000002800000000000010000000000
093214240008001001150521091700000000000003010000010000000600000000000000000000000000000000000000002330000000000050000000000
11321424000900100115052109170000090000080000001714000000171400000000000000000000000000500000000032860000
123214240010001001150521091700000000000000000000000000000000000000000000001714000000000000000000000000000000
07321425000000100115052109220000000000000000100000000000000000
093214250001001001150521092200000000000005020000100000001000I 0000000000000000000000000000000000000000000000000020000000000
11321425000200100115052109220000090000010000001000000000100000000000000000000000000000100000000000000000
123214250003001001150521092200000000000000000000000000000000000000000000001000000000000000000000000000000000
07321426000000100115052109250000000000000000100000000000000000
093214260001001001150521092500000000000003030000010000000100000000000000000000000000000000000000000560000000000040000000000
11321426000200100115052109250000090000010000000100000000010000000000000000000000000000010000000000000000
123214260003001001150521092500000000000000000000000000000000000000000000000100000000000000000000000000000000
07321427000000100115052109300000000000000000100000000000000000
093214270001001001150521093000000000000001090001320000000066000000000000000000000000000000100000000930000000000020000000000
093214270002001001150521093000000000000001080011420000000684000000000000000000000000000000100000000500000000000020000000000
093214270003001001150521093000000000000001040008120000000405000000000000000000000000000000100000001000000000000020000000000
11321427000400100115052109300000090000030000001155000000115500000000000000000000000000115500000000000000
123214270005001001150521093000000000000000000000000000000000000000000000001155000000000000000000000000000000
07321428000000100115052109310000000000000000100000000000000000
093214280001001001150521093100000000000002150000010000000199000000000000000000000000000000000000000300000000000010000000000
11321428000200100115052109310000090000010000000199000000019900000000000000000000000000019900000000000000
123214280003001001150521093100000000000000000000000000000000000000000000000199000000000000000000000000000000
07321429000000100115052109330000000000000000100000000000000000
093214290001001001150521093300000000000001050017840000000533000000000000000000000000000000100000000830000000000020000000000
093214290002001001150521093300000000000003120000010000000100000000000000000000000000000000000000000500000000000040000000000
093214290003001001150521093300000000000001020011520000000229000000000000000000000000000000100000000300000000000020000000000
11321429000400100115052109330000090000030000000862000000086200000000000000000000000000100000000001380000
123214290005001001150521093300000000000000000000000000000000000000000000000862000000000000000000000000000000
07321430000000100115052109410000000000000000100000000000000000
093214300001001001150521094100000000000005020000040000000400I 0000000000000000000000000000000000000000000000000020000000000
093214300002001001150521094100000000000002220000080000002392000000000000000000000000000000000000000800000000000010000000000
11321430000300100115052109410000090000020000002792000000279200000000000000000000000000279200000000000000
123214300004001001150521094103050000000000000000000000000000000000000000002792000000000000000000000000000000
07321431000000100115052109460000000000000000100000000000000000
093214310001001001150521094600000000000001180031020000001548000000000000000000000000000000100000000990000000000020000000000
11321431000200100115052109460000090000010000001548000000154800000000000000000000000000154800000000000000
123214310003001001150521094603060000000000000000000000000000000000000000001548000000000000000000000000000000
07321432000000100115052109470000000000000000100000000000000000
093214320001001001150521094700000000000002140012080000000240000000000000000000000000000000100000001000000000000010000000000
093214320002001001150521094700000000000002290000010000000599000000000000000000000000000000000000002500000000000010000000000
093214320003001001150521094700000000000003100000010000000299000000000000000000000000000000000000000500000000000040000000000
11321432000400100115052109470000090000030000001138000000113800000000000000000000000000200000000008620000
123214320005001001150521094700000000000000000000000000000000000000000000001138000000000000000000000000000000
07321433000000100115052109490000000000000000100000000000000000
093214330001001001150521094900000000000001080003160000000189000000000000000000000000000000100000000500000000000020000000000
093214330002001001150521094900000000000001040003940000000197000000000000000000000000000000100000001000000000000020000000000
093214330003001001150521094900000000000001090003440000000172000000000000000000000000000000100000000930000000000020000000000
11321433000400100115052109490000090000030000000558000000055800000000000000000000000000055800000000000000
123214330005001001150521094900000000000000000000000000000000000000000000000558000000000000000000000000000000
07321434000000100115052109510000000000000000100000000000000000
093214340001001001150521095100000000000002080008140000000162000000000000000000000000000000100000001500000000000010000000000
093214340002001001150521095100000000000003030000020000000200000000000000000000000000000000000000000560000000000040000000000
093214340003001001150521095100000000000003080000020000000200000000000000000000000000000000000000000500000000000040000000000
093214340004001001150521095100000000000001290005440000000163000000000000000000000000000000100000000250000000000020000000000
093214340005001001150521095100000000000001050003740000000112000000000000000000000000000000100000000830000000000020000000000
11321434000600100115052109510000090000050000000837000000083700000000000000000000000000100000000001630000
123214340007001001150521095100000000000000000000000000000000000000000000000837000000000000000000000000000000
07321435000000100115052109520000000000000000100000000000000000
093214350001001001150521095200000000000001130009780000000292000000000000000000000000000000100000000900000000000020000000000
093214350002001001150521095200000000000002090004280000000256000000000000000000000000000000100000001940000000000010000000000
093214350003001001150521095200000000000003020000020000000200000000000000000000000000000000000000000250000000000000000000000
11321435000400100115052109520000090000030000000748000000074800000000000000000000000000200000000012520000
123214350005001001150521095200000000000000000000000000000000000000000000000748000000000000000000000000000000
07321436000000100115052109530000000000000000100000000000000000
093214360001001001150521095300000000000002130012840000000256000000000000000000000000000000100000001400000000000010000000000
11321436000200100115052109530000090000010000000256000000025600000000000000000000000000025600000000000000
123214360003001001150521095300000000000000000000000000000000000000000000000256000000000000000000000000000000
07321437000000100115052109530000000000000000100000000000000000
093214370001001001150521095300000000000001210000010000000699000000000000000000000000000000000000000500000000000020000000000
11321437000200100115052109530000090000010000000699000000069900000000000000000000000000069900000000000000
123214370003001001150521095300000000000000000000000000000000000000000000000699000000000000000000000000000000
14321438000000100115052109590000010000000399
07321439000000100115052109590000000000000000100000000000000000
093214390001001001150521095900000000000003010000010000000600000000000000000000000000000000000000002330000000000050000000000
11321439000200100115052109590000090000010000000600000000060000000000000000000000000000200000000014000000
123214390003001001150521095900000000000000000000000000000000000000000000000600000000000000000000000000000000
07321440000000100115052110000000000000000000100000000000000000
093214400001001001150521100000000000000001270001280000000038000000000000000000000000000000100000000750000000000020000000000
093214400002001001150521100000000000000002140005460000000109000000000000000000000000000000100000001000000000000010000000000
093214400003001001150521100000000000000001040004220000000211000000000000000000000000000000100000001000000000000020000000000
093214400004001001150521100000000000000003030000010000000100000000000000000000000000000000000000000560000000000040000000000
11321440000500100115052110000000090000040000000458000000045800000000000000000000000000500000000045420000
123214400006001001150521100000000000000000000000000000000000000000000000000458000000000000000000000000000000
14321441000000100115052110010000010000000000
07321442000000100115052110040000000000000000100000000000000000
093214420001001001150521100400000000000001150003440000000344000000000000000000000000000000100000001000000000000020000000000
093214420002001001150521100400000000000005080000010000002000I 0100000000000000000000000000000000000000000000000030000000000
11321442000300100115052110040000090000020000002344000000234400000000000000000000000000400000000016560000
123214420004001001150521100400000000000000000000000000000000000000000000002344000000000000000000000000000000
14321443000000100115052110040000010000000000
07321444000000100115052110050000000000000000100000000000000000
093214440001001001150521100500000000000001180002440000000122000000000000000000000000000000100000000990000000000020000000000
11321444000200100115052110050000090000010000000122000000012200000000000000000000000000050000000003780000
123214440003001001150521100500000000000000000000000000000000000000000000000122000000000000000000000000000000
07321445000000100115052110060000000000000000100000000000000000
093214450001001001150521100600000000000002230001540000000108000000000000000000000000000000100000004000000000000010000000000
11321445000200100115052110060000090000010000000108000000010800000000000000000000000000010800000000000000
123214450003001001150521100600000000000000000000000000000000000000000000000108000000000000000000000000000000
07321446000000100115052110070000000000000000100000000000000000
093214460001001001150521100700000000000001010023200000000810000000000000000000000000000000100000001000000000000020000000000
093214460002001001150521100700000000000002280002800000000112000000000000000000000000000000100000000990000000000010000000000
11321446000300100115052110070000090000020000000922000000092200000000000000000000000000200000000010780000
123214460004001001150521100700000000000000000000000000000000000000000000000922000000000000000000000000000000
07321447000000100115052110080000000000000000100000000000000000
093214470001001001150521100800000000000001050004380000000131000000000000000000000000000000100000000830000000000020000000000
093214470002001001150521100800000000000001090001420000000071000000000000000000000000000000100000000930000000000020000000000
093214470003001001150521100800000000000002080005020000000100000000000000000000000000000000100000001500000000000010000000000
11321447000400100115052110080000090000030000000302000000030200000000000000000000000000030200000000000000
123214470005001001150521100800000000000000000000000000000000000000000000000302000000000000000000000000000000
07321448000000100115052110090000000000000000100000000000000000
093214480001001001150521100900000000000003070000010000000100000000000000000000000000000000000000000500000000000040000000000
093214480002001001150521100900000000000003050000010000000100000000000000000000000000000000000000000500000000000040000000000
11321448000300100115052110090000090000020000000200000000020000000000000000000000000000020000000000000000
123214480004001001150521100900000000000000000000000000000000000000000000000200000000000000000000000000000000
07321449000000100115052110100000000000000000100000000000000000
093214490001001001150521101000000000000003200000010000001300000000000000000000000000000000000000000000000000000050000000000
11321449000200100115052110100000090000010000001300000000130000000000000000000000000000130000000000000000
123214490003001001150521101003030000000000000000000000000000000000000000001300000000000000000000000000000000
07321450000000100115052110110000000000000000100000000000000000
093214500001001001150521101100000000000001090001480000000074000000000000000000000000000000100000000930000000000020000000000
093214500002001001150521101100000000000003120000030000000300000000000000000000000000000000000000000500000000000040000000000
11321450000300100115052110110000090000020000000374000000037400000000000000000000000000200000000016260000
123214500004001001150521101100000000000000000000000000000000000000000000000374000000000000000000000000000000
07321451000000100115052110120000000000000000100000000000000000
093214510001001001150521101200000000000002290000030000001797000000000000000000000000000000000000002500000000000010000000000
093214510002001001150521101200000000000002070022140000000883000000000000000000000000000000100000001000000000000020000000000
093214510003001001150521101200000000000002130018820000000375000000000000000000000000000000100000001400000000000010000000000
11321451000400100115052110120000090000030000003055000000305500000000000000000000000000400000000009450000
123214510005001001150521101200000000000000000000000000000000000000000000003055000000000000000000000000000000
07321452000000100115052110130000000000000000100000000000000000
093214520001001001150521101300000000000001010016840000000588000000000000000000000000000000100000001000000000000020000000000
093214520002001001150521101300000000000005110000010000001499I 0100000000000000000000000000000000000000000000000050000000000
11321452000300100115052110130000090000020000002087000000208700000000000000000000000000208700000000000000
123214520004001001150521101302010000000000000000000000000000000000080000002087000000000000000000000000000000
103214520005001001150521101301000000000000000800000020870000000000000151000009
07321453000000100115052110150000000000000000100000000000000000
093214530001001001150521101500000000000002010012120000000423000000000000000000000000000000100000001250000000000010000000000
093214530002001001150521101500000000000001060004700000000141000000000000000000000000000000100000000000000000000020000000000
093214530003001001150521101500000000000002040005860000000175000000000000000000000000000000100000000990000000000010000000000
093214530004001001150521101500000000000001250010080000000201I 0000000000000000000000000000100000000300000000000020000000000
093214530005001001150521101500000000000002250005920000000236000000000000000000000000000000100000000790000000000010000000000
093214530006001001150521101500000000000001170002680000000107000000000000000000000000000000100000000500000000000020000000000
093214530007001001150521101500000000000002080013880000000276000000000000000000000000000000100000001500000000000010000000000
093214530008001001150521101500000000000002430005740000000286000000000000000000000000000000100000000300000000000010000000000
11321453000900100115052110150000090000080000001845000000184500000000000000000000000000184500000000000000
123214530010001001150521101503020000000000000000000000000000000000000000001845000000000000000000000000000000
07321454000000100115052110170000000000000000100000000000000000
093214540001001001150521101700000000000001050005080000000152000000000000000000000000000000100000000830000000000020000000000
093214540002001001150521101700000000000002050006120000000183000000000000000000000000000000100000000890000000000030000000000
093214540003001001150521101700000000000001100005900000000176000000000000000000000000000000100000000600000000000020000000000
11321454000400100115052110170000090000030000000511000000051100000000000000000000000000051100000000000000
123214540005001001150521101700000000000000000000000000000000000000000000000511000000000000000000000000000000
07321455000000100115052110190000000000000000100000000000000000
093214550001001001150521101900000000000001020015600000000310000000000000000000000000000000100000000300000000000020000000000
093214550002001001150521101900000000000001050008080000000242000000000000000000000000000000100000000830000000000020000000000
093214550003001001150521101900000000000002050004020000000120000000000000000000000000000000100000000890000000000030000000000
093214550004001001150521101900000000000001120004980000000149000000000000000000000000000000100000001000000000000020000000000
093214550005001001150521101900000000000001060003620000000108000000000000000000000000000000100000000000000000000020000000000
093214550006001001150521101900000000000001110002160000000129000000000000000000000000000000100000000500000000000020000000000
093214550007001001150521101900000000000001100005200000000155000000000000000000000000000000100000000600000000000020000000000
093214550008001001150521101900000000000001080004100000000246000000000000000000000000000000100000000500000000000020000000000
11321455000900100115052110190000090000080000001459000000145900000000000000000000000000200000000005410000
123214550010001001150521101900000000000000000000000000000000000000000000001459000000000000000000000000000000
07321456000000100115052110210000000000000000100000000000000000
093214560001001001150521102100000000000001220004680000000140000000000000000000000000000000100000001000000000000020000000000
093214560002001001150521102100000000000005020000010000000100I 0000000000000000000000000000000000000000000000000020000000000
093214560003001001150521102100000000000001160004180000000167000000000000000000000000000000100000000560000000000020000000000
093214560004001001150521102100000000000001130004100000000123000000000000000000000000000000100000000900000000000020000000000
093214560005001001150521102100000000000001100004100000000123000000000000000000000000000000100000000600000000000020000000000
093214560006001001150521102100000000000001080003080000000184000000000000000000000000000000100000000500000000000020000000000
093214560007001001150521102100000000000001090000880000000044000000000000000000000000000000100000000930000000000020000000000
093214560008001001150521102100000000000003120000010000000100000000000000000000000000000000000000000500000000000040000000000
11321456000900100115052110210000090000080000000981000000098100000000000000000000000000500000000040190000
123214560010001001150521102100000000000000000000000000000000000000000000000981000000000000000000000000000000
07321457000000100115052110220000000000000000100000000000000000
093214570001001001150521102200000000000005110000010000001499I 0100000000000000000000000000000000000000000000000050000000000
11321457000200100115052110220000090000010000001499000000149900000000000000000000000000149900000000000000
123214570003001001150521102200000000000000000000000000000000000000000000001499000000000000000000000000000000
07321458000000100115052110300000000000000000100000000000000000
093214580001001001150521103000000000000001070001820000000455000000000000000000000000000000100000007000000000000020000000000
11321458000200100115052110300000090000010000000455000000045500000000000000000000000000100000000005450000
123214580003001001150521103000000000000000000000000000000000000000000000000455000000000000000000000000000000
07321459000000100115052110300000000000000000100000000000000000
093214590001001001150521103000000000000002050009940000000297000000000000000000000000000000100000000890000000000030000000000
093214590002001001150521103000000000000002210003940000000236000000000000000000000000000000100000004330000000000010000000000
11321459000300100115052110300000090000020000000533000000053300000000000000000000000000053300000000000000
123214590004001001150521103000000000000000000000000000000000000000000000000533000000000000000000000000000000
07321460000000100115052110320000000000000000100000000000000000
093214600001001001150521103200000000000001050001360000000041000000000000000000000000000000100000000830000000000020000000000
093214600002001001150521103200000000000001290001940000000058000000000000000000000000000000100000000250000000000020000000000
093214600003001001150521103200000000000001090001400000000070000000000000000000000000000000100000000930000000000020000000000
093214600004001001150521103200000000000003030000010000000100000000000000000000000000000000000000000560000000000040000000000
11321460000500100115052110320000090000040000000269000000026900000000000000000000000000050000000002310000
123214600006001001150521103200000000000000000000000000000000000000000000000269000000000000000000000000000000
07321461000000100115052110320000000000000000100000000000000000
093214610001001001150521103200000000000002130014240000000283000000000000000000000000000000100000001400000000000010000000000
11321461000200100115052110320000090000010000000283000000028300000000000000000000000000028300000000000000
123214610003001001150521103200000000000000000000000000000000000000000000000283000000000000000000000000000000
07321462000000100115052110330000000000000000100000000000000000
093214620001001001150521103300000000000002030010560000000421000000000000000000000000000000100000001250000000000010000000000
11321462000200100115052110330000090000010000000421000000042100000000000000000000000000042100000000000000
123214620003001001150521103300000000000000000000000000000000000000000000000421000000000000000000000000000000
14321463000000100115052110360000010000001196
07321464000000100115052110370000000000000000100000000000000000
093214640001001001150521103700000000000002050013540000000405000000000000000000000000000000100000000890000000000030000000000
093214640002001001150521103700000000000002010021080000000736000000000000000000000000000000100000001250000000000010000000000
11321464000300100115052110370000090000020000001141000000114100000000000000000000000000114100000000000000
123214640004001001150521103700000000000000000000000000000000000000000000001141000000000000000000000000000000
07321465000000100115052110380000000000000000100000000000000000
093214650001001001150521103800000000000003040000010000000100000000000000000000000000000000000000000500000000000040000000000
093214650002001001150521103800000000000003050000010000000100000000000000000000000000000000000000000500000000000040000000000
11321465000300100115052110380000090000020000000200000000020000000000000000000000000000020000000000000000
123214650004001001150521103800000000000000000000000000000000000000000000000200000000000000000000000000000000
07321466000000100115052110410000000000000000100000000000000000
093214660001001001150521104100000000000002010060400000002108000000000000000000000000000000100000001250000000000010000000000
093214660002001001150521104100000000000001070004580000001145000000000000000000000000000000100000007000000000000020000000000
093214660003001001150521104100000000000001310000020000000398000000000000000000000000000000000000000500000000000020000000000
093214660004001001150521104100000000000001080012960000000776000000000000000000000000000000100000000500000000000020000000000
11321466000500100115052110410000090000040000004427000000442700000000000000000000000000442700000000000000
123214660006001001150521104103060000000000000000000000000000000000000000004427000000000000000000000000000000
07321467000000100115052110420000000000000000100000000000000000
093214670001001001150521104200000000000002040038640000001155000000000000000000000000000000100000000990000000000010000000000
093214670002001001150521104200000000000001290010700000000320000000000000000000000000000000100000000250000000000020000000000
11321467000300100115052110420000090000020000001475000000147500000000000000000000000000200000000005250000
123214670004001001150521104200000000000000000000000000000000000000000000001475000000000000000000000000000000
07321468000000100115052110420000000000000000100000000000000000
093214680001001001150521104200000000000003120000010000000100000000000000000000000000000000000000000500000000000040000000000
11321468000200100115052110420000090000010000000100000000010000000000000000000000000000010000000000000000
123214680003001001150521104200000000000000000000000000000000000000000000000100000000000000000000000000000000
07321469000000100115052110420000000000000000100000000000000000
093214690001001001150521104200000000000002290000010000000599000000000000000000000000000000000000002500000000000010000000000
11321469000200100115052110420000090000010000000599000000059900000000000000000000000000059900000000000000
123214690003001001150521104200000000000000000000000000000000000000000000000599000000000000000000000000000000
07321470000000100115052110430000000000000000100000000000000000
093214700001001001150521104300000000000003040000010000000100000000000000000000000000000000000000000500000000000040000000000
093214700002001001150521104300000000000003050000010000000100000000000000000000000000000000000000000500000000000040000000000
11321470000300100115052110430000090000020000000200000000020000000000000000000000000000020000000000000000
123214700004001001150521104300000000000000000000000000000000000000000000000200000000000000000000000000000000
07321471000000100115052110500000000000000000100000000000000000
093214710001001001150521105000000000000002090005340000000320000000000000000000000000000000100000001940000000000010000000000
093214710002001001150521105000000000000002070016720000000667000000000000000000000000000000100000001000000000000020000000000
093214710003001001150521105000000000000002030006360000000254000000000000000000000000000000100000001250000000000010000000000
093214710004001001150521105000000000000002150000020000000398000000000000000000000000000000000000000300000000000010000000000
093214710005001001150521105000000000000002150000020000000398000000000000000000000000000000000000000300000000000010000000000
093214710006001001150521105000000000000003030000010000000100000000000000000000000000000000000000000560000000000040000000000
093214710007001001150521105000000000000003040000010000000100000000000000000000000000000000000000000500000000000040000000000
093214710008001001150521105000000000000001060002540000000076000000000000000000000000000000100000000000000000000020000000000
093214710009001001150521105000000000000001180002220000000111000000000000000000000000000000100000000990000000000020000000000
093214710010001001150521105000000000000002260006400000000255000000000000000000000000000000100000001800000000000010000000000
093214710011001001150521105000000000000001250005500000000109I 0000000000000000000000000000100000000300000000000020000000000
093214710012001001150521105000000000000001270002180000000065000000000000000000000000000000100000000750000000000020000000000
093214710013001001150521105000000000000002130012580000000250000000000000000000000000000000100000001400000000000010000000000
093214710014001001150521105000000000000003020000010000000100000000000000000000000000000000000000000250000000000000000000000
11321471001500100115052110500000090000140000003203000000320300000000000000000000000001000000000067970000
123214710016001001150521105000000000000000000000000000000000000000000000003203000000000000000000000000000000
07321472000000100115052110510000000000000000100000000000000000
093214720001001001150521105100000000000001050003160000000094000000000000000000000000000000100000000830000000000020000000000
093214720002001001150521105100000000000001080003340000000200000000000000000000000000000000100000000500000000000020000000000
11321472000300100115052110510000090000020000000294000000029400000000000000000000000000040000000001060000
123214720004001001150521105100000000000000000000000000000000000000000000000294000000000000000000000000000000
07321473000000100115052110560000000000000000100000000000000000
093214730001001001150521105600000000000002140009400000000187000000000000000000000000000000100000001000000000000010000000000
093214730002001001150521105600000000000002030006580000000263000000000000000000000000000000100000001250000000000010000000000
093214730003001001150521105600000000000001120004400000000132000000000000000000000000000000100000001000000000000020000000000
093214730004001001150521105600000000000002070006020000000240000000000000000000000000000000100000001000000000000020000000000
093214730005001001150521105600000000000002460007760000000465000000000000000000000000000000100000001790000000000010000000000
093214730006001001150521105600000000000002080007440000000148000000000000000000000000000000100000001500000000000010000000000
093214730007001001150521105600000000000001160007940000000317000000000000000000000000000000100000000560000000000020000000000
093214730008001001150521105600000000000001140001840000000092000000000000000000000000000000100000001430000000000020000000000
093214730009001001150521105600000000000001150000420000000042000000000000000000000000000000100000001000000000000020000000000
093214730010001001150521105600000000000002170000010000000499000000000000000000000000000000000000003110000000000010000000000
093214730011001001150521105600000000000001180002180000000109000000000000000000000000000000100000000990000000000020000000000
093214730012001001150521105600000000000002260006180000000247000000000000000000000000000000100000001800000000000010000000000
093214730013001001150521105600000000000001250005480000000109I 0000000000000000000000000000100000000300000000000020000000000
093214730014001001150521105600000000000005110000010000001499I 0100000000000000000000000000000000000000000000000050000000000
11321473001500100115052110560000090000140000004349000000434900000000000000000000000000450000000001510000
123214730016001001150521105600000000000000000000000000000000000000000000004349000000000000000000000000000000
07321474000000100115052110570000000000000000100000000000000000
093214740001001001150521105700000000000003030000010000000100000000000000000000000000000000000000000560000000000040000000000
11321474000200100115052110570000090000010000000100000000010000000000000000000000000000010000000000000000
123214740003001001150521105700000000000000000000000000000000000000000000000100000000000000000000000000000000
07321475000000100115052110580000000000000000100000000000000000
093214750001001001150521105800000000000002010007480000000261000000000000000000000000000000100000001250000000000010000000000
093214750002001001150521105800000000000001040004560000000228000000000000000000000000000000100000001000000000000020000000000
093214750003001001150521105800000000000002040004480000000134000000000000000000000000000000100000000990000000000010000000000
093214750004001001150521105800000000000002260007040000000281000000000000000000000000000000100000001800000000000010000000000
093214750005001001150521105800000000000002070005220000000208000000000000000000000000000000100000001000000000000020000000000
093214750006001001150521105800000000000001080006080000000364000000000000000000000000000000100000000500000000000020000000000
11321475000700100115052110580000090000060000001476000000147600000000000000000000000000147600000000000000
123214750008001001150521105803050000000000000000000000000000000000000000001476000000000000000000000000000000
07321476000000100115052110590000000000000000100000000000000000
093214760001001001150521105900000000000002130016700000000332000000000000000000000000000000100000001400000000000010000000000
093214760002001001150521105900000000000001010011660000000407000000000000000000000000000000100000001000000000000020000000000
11321476000300100115052110590000090000020000000739000000073900000000000000000000000001000000000092610000
123214760004001001150521105900000000000000000000000000000000000000000000000739000000000000000000000000000000
07321477000000100115052111010000000000000000100000000000000000
093214770001001001150521110100000000000001300000020000000398000000000000000000000000000000000000000500000000000020000000000
093214770002001001150521110100000000000002170000010000000499000000000000000000000000000000000000003110000000000010000000000
093214770003001001150521110100000000000001310000010000000199000000000000000000000000000000000000000500000000000020000000000
11321477000400100115052111010000090000030000001096000000109600000000000000000000000000150000000004040000
123214770005001001150521110100000000000000000000000000000000000000000000001096000000000000000000000000000000
07321478000000100115052111030000000000000000100000000000000000
093214780001001001150521110300000000000005020000170000001700I 0000000000000000000000000000000000000000000000000020000000000
093214780002001001150521110300000000000003050000010000000100000000000000000000000000000000000000000500000000000040000000000
093214780003001001150521110300000000000001020015280000000304000000000000000000000000000000100000000300000000000020000000000
11321478000400100115052111030000090000030000002104000000210400000000000000000000000000210400000000000000
123214780005001001150521110303060000000000000000000000000000000000000000002104000000000000000000000000000000
07321479000000100115052111050000000000000000100000000000000000
093214790001001001150521110500000000000001310000010000000199000000000000000000000000000000000000000500000000000020000000000
11321479000200100115052111050000090000010000000199000000019900000000000000000000000000019900000000000000
123214790003001001150521110500000000000000000000000000000000000000000000000199000000000000000000000000000000
07321480000000100115052111070000000000000000100000000000000000
093214800001001001150521110700000000000002090012860000000770000000000000000000000000000000100000001940000000000010000000000
093214800002001001150521110700000000000001010007840000000274000000000000000000000000000000100000001000000000000020000000000
093214800003001001150521110700000000000001060005160000000154000000000000000000000000000000100000000000000000000020000000000
093214800004001001150521110700000000000002140021980000000437000000000000000000000000000000100000001000000000000010000000000
093214800005001001150521110700000000000003030000010000000100000000000000000000000000000000000000000560000000000040000000000
093214800006001001150521110700000000000003070000010000000100000000000000000000000000000000000000000500000000000040000000000
093214800007001001150521110700000000000003050000010000000100000000000000000000000000000000000000000500000000000040000000000
093214800008001001150521110700000000000001100010860000000325000000000000000000000000000000100000000600000000000020000000000
093214800009001001150521110700000000000001220011720000000350000000000000000000000000000000100000001000000000000020000000000
093214800010001001150521110700000000000002080019760000000393000000000000000000000000000000100000001500000000000010000000000
093214800011001001150521110700000000000001080008340000000500000000000000000000000000000000100000000500000000000020000000000
093214800012001001150521110700000000000001360000010000000299000000000000000000000000000000000000003000000000000010000000000
11321480001300100115052111070000090000120000003802000000380200000000000000000000000000380200000000000000
123214800014001001150521110703020000000000000000000000000000000000000000003802000000000000000000000000000000
07321481000000100115052111080000000000000000100000000000000000
093214810001001001150521110800000000000002010020090000000701000000000000000000000000000000100000001250000000000010000000000
11321481000200100115052111080000090000010000000701000000070100000000000000000000000000100000000002990000
123214810003001001150521110800000000000000000000000000000000000000000000000701000000000000000000000000000000
07321482000000100115052111090000000000000000100000000000000000
093214820001001001150521110900000000000001070000840000000210000000000000000000000000000000100000007000000000000020000000000
093214820002001001150521110900000000000003060000010000000100000000000000000000000000000000000000000500000000000040000000000
093214820003001001150521110900000000000002050004780000000143000000000000000000000000000000100000000890000000000030000000000
11321482000400100115052111090000090000030000000453000000045300000000000000000000000000050000000000470000
123214820005001001150521110900000000000000000000000000000000000000000000000453000000000000000000000000000000
07321483000000100115052111120000000000000000100000000000000000
093214830001001001150521111200000000000003040000010000000100000000000000000000000000000000000000000500000000000040000000000
093214830002001001150521111200000000000003030000010000000100000000000000000000000000000000000000000560000000000040000000000
093214830003001001150521111200000000000001080003280000000196000000000000000000000000000000100000000500000000000020000000000
093214830004001001150521111200000000000002080009820000000195000000000000000000000000000000100000001500000000000010000000000
093214830005001001150521111200000000000001070000860000000215000000000000000000000000000000100000007000000000000020000000000
11321483000600100115052111120000090000050000000806000000080600000000000000000000000000080600000000000000
123214830007001001150521111200000000000000000000000000000000000000000000000806000000000000000000000000000000
14321484000000100115052111150000010000000000
07321485000000100115052111150000000000000000100000000000000000
093214850001001001150521111500000000000002460004200000000252000000000000000000000000000000100000001790000000000010000000000
11321485000200100115052111150000090000010000000252000000025200000000000000000000000000025200000000000000
123214850003001001150521111500000000000000000000000000000000000000000000000252000000000000000000000000000000
07321486000000100115052111170000000000000000100000000000000000
093214860001001001150521111700000000000001020017780000000354000000000000000000000000000000100000000300000000000020000000000
093214860002001001150521111700000000000003050000010000000100000000000000000000000000000000000000000500000000000040000000000
093214860003001001150521111700000000000001090001120000000056000000000000000000000000000000100000000930000000000020000000000
093214860004001001150521111700000000000002040003300000000099000000000000000000000000000000100000000990000000000010000000000
093214860005001001150521111700000000000003190000010000000300000000000000000000000000000000000000000000000000000050000000000
11321486000600100115052111170000090000050000000909000000090900000000000000000000000000090900000000000000
123214860007001001150521111700000000000000000000000000000000000000000000000909000000000000000000000000000000
07321487000000100115052111180000000000000000100000000000000000
093214870001001001150521111800000000000001020008100000000161000000000000000000000000000000100000000300000000000020000000000
093214870002001001150521111800000000000001060002960000000089000000000000000000000000000000100000000000000000000020000000000
093214870003001001150521111800000000000001290003740000000112000000000000000000000000000000100000000250000000000020000000000
093214870004001001150521111800000000000001090001340000000067000000000000000000000000000000100000000930000000000020000000000
093214870005001001150521111800000000000002050003860000000115000000000000000000000000000000100000000890000000000030000000000
093214870006001001150521111800000000000003080000010000000100000000000000000000000000000000000000000500000000000040000000000
11321487000700100115052111180000090000060000000644000000064400000000000000000000000000200000000013560000
123214870008001001150521111800000000000000000000000000000000000000000000000644000000000000000000000000000000
07321488000000100115052111200000000000000000100000000000000000
093214880001001001150521112000000000000002170000010000000499000000000000000000000000000000000000003110000000000010000000000
093214880002001001150521112000000000000002070015860000000633000000000000000000000000000000100000001000000000000020000000000
093214880003001001150521112000000000000002150000020000000398000000000000000000000000000000000000000300000000000010000000000
093214880004001001150521112000000000000002190000010000000599000000000000000000000000000000000000001750000000000010000000000
11321488000500100115052111200000090000040000002129000000212900000000000000000000000000212900000000000000
123214880006001001150521112000000000000000000000000000000000000000000000002129000000000000000000000000000000
07321489000000100115052111210000000000000000100000000000000000
093214890001001001150521112100000000000001120011120000000332000000000000000000000000000000100000001000000000000020000000000
093214890002001001150521112100000000000002140012240000000244000000000000000000000000000000100000001000000000000010000000000
093214890003001001150521112100000000000001050006180000000185000000000000000000000000000000100000000830000000000020000000000
093214890004001001150521112100000000000001020012380000000246000000000000000000000000000000100000000300000000000020000000000
11321489000500100115052111210000090000040000001007000000100700000000000000000000000000100700000000000000
123214890006001001150521112100000000000000000000000000000000000000000000001007000000000000000000000000000000
18321489000700100115052111220100000100000000000000000000000001
14321490000000100115052111230000010000000000
07321491000000100115052111230000000000000000100000000000000000
093214910001001001150521112300000000000005020000030000000300I 0000000000000000000000000000000000000000000000000020000000000
11321491000200100115052111230000090000010000000300000000030000000000000000000000000000030000000000000000
123214910003001001150521112300000000000000000000000000000000000000000000000300000000000000000000000000000000
07321492000000100115052111250000000000000000100000000000000000
093214920001001001150521112500000000000001320004460000000669000000000000000000000000000000100000006000000000000020000000000
093214920002001001150521112500000000000001080006080000000364000000000000000000000000000000100000000500000000000020000000000
17321492000300100115052111250000000000000223
093214920004001001150521112500000000000002070020010000000799000000000000000000000000000000100000001000000000000020000000000
093214920005001001150521112500000000000003200000010000001300000000000000000000000000000000000000000000000000000050000000000
093214920006001001150521112500000000000001040007560000000377000000000000000000000000000000100000001000000000000020000000000
093214920007001001150521112500000000000001060004640000000139000000000000000000000000000000100000000000000000000020000000000
093214920008001001150521112500000000000001020021800000000434000000000000000000000000000000100000000300000000000020000000000
11321492000900100115052111250000090000070000004082000000408200000000000000000000000000408200000000000000
123214920010001001150521112503020000000000000000000000000000000000000000004082000000000000000000000000000000
07321493000000100115052111270000000000000000100000000000000000
093214930001001001150521112700000000000001020015140000000301000000000000000000000000000000100000000300000000000020000000000
093214930002001001150521112700000000000001060007460000000223000000000000000000000000000000100000000000000000000020000000000
093214930003001001150521112700000000000001290002240000000067000000000000000000000000000000100000000250000000000020000000000
093214930004001001150521112700000000000001050003720000000111000000000000000000000000000000100000000830000000000020000000000
093214930005001001150521112700000000000001090000980000000049000000000000000000000000000000100000000930000000000020000000000
11321493000600100115052111270000090000050000000751000000075100000000000000000000000000075100000000000000
123214930007001001150521112700000000000000000000000000000000000000000000000751000000000000000000000000000000
07321494000000100115052111280000000000000000100000000000000000
093214940001001001150521112800000000000001130009340000000279000000000000000000000000000000100000000900000000000020000000000
093214940002001001150521112800000000000001270008320000000249000000000000000000000000000000100000000750000000000020000000000
093214940003001001150521112800000000000002040004500000000135000000000000000000000000000000100000000990000000000010000000000
093214940004001001150521112800000000000002270004500000000315000000000000000000000000000000100000002500000000000010000000000
11321494000500100115052111280000090000040000000978000000097800000000000000000000000000200000000010220000
123214940006001001150521112800000000000000000000000000000000000000000000000978000000000000000000000000000000
07321495000000100115052111290000000000000000100000000000000000
093214950001001001150521112900000000000001250003100000000062I 0000000000000000000000000000100000000300000000000020000000000
093214950002001001150521112900000000000001060002440000000073000000000000000000000000000000100000000000000000000020000000000
093214950003001001150521112900000000000001160003820000000152000000000000000000000000000000100000000560000000000020000000000
093214950004001001150521112900000000000001020005460000000109000000000000000000000000000000100000000300000000000020000000000
093214950005001001150521112900000000000003080000010000000100000000000000000000000000000000000000000500000000000040000000000
093214950006001001150521112900000000000003070000010000000100000000000000000000000000000000000000000500000000000040000000000
11321495000700100115052111290000090000060000000596000000059600000000000000000000000000100000000004040000
123214950008001001150521112900000000000000000000000000000000000000000000000596000000000000000000000000000000
07321496000000100115052111300000000000000000100000000000000000
093214960001001001150521113000000000000005020000010000000100I 0000000000000000000000000000000000000000000000000020000000000
093214960002001001150521113000000000000001140003720000000186000000000000000000000000000000100000001430000000000020000000000
093214960003001001150521113000000000000001050003480000000104000000000000000000000000000000100000000830000000000020000000000
11321496000400100115052111300000090000030000000390000000039000000000000000000000000000100000000006100000
123214960005001001150521113000000000000000000000000000000000000000000000000390000000000000000000000000000000
07321497000000100115052111310000000000000000100000000000000000
093214970001001001150521113100000000000001070001780000000445000000000000000000000000000000100000007000000000000020000000000
093214970002001001150521113100000000000002270001920000000134000000000000000000000000000000100000002500000000000010000000000
093214970003001001150521113100000000000002040002380000000071000000000000000000000000000000100000000990000000000010000000000
093214970004001001150521113100000000000001040001800000000090000000000000000000000000000000100000001000000000000020000000000
11321497000500100115052111310000090000040000000740000000074000000000000000000000000000074000000000000000
123214970006001001150521113100000000000000000000000000000000000000000000000740000000000000000000000000000000
07321498000000100115052111320000000000000000100000000000000000
093214980001001001150521113200000000000001110007060000000423000000000000000000000000000000100000000500000000000020000000000
093214980002001001150521113200000000000002250017180000000685000000000000000000000000000000100000000790000000000010000000000
093214980003001001150521113200000000000001130012260000000367000000000000000000000000000000100000000900000000000020000000000
093214980004001001150521113200000000000001080005300000000317000000000000000000000000000000100000000500000000000020000000000
093214980005001001150521113200000000000002080020580000000410000000000000000000000000000000100000001500000000000010000000000
11321498000600100115052111320000090000050000002202000000220200000000000000000000000000500000000027980000
123214980007001001150521113200000000000000000000000000000000000000000000002202000000000000000000000000000000
07321499000000100115052111330000000000000000100000000000000000
093214990001001001150521113300000000000001040009040000000451000000000000000000000000000000100000001000000000000020000000000
093214990002001001150521113300000000000003070000010000000100000000000000000000000000000000000000000500000000000040000000000
11321499000300100115052111330000090000020000000551000000055100000000000000000000000000055100000000000000
123214990004001001150521113303020000000000000000000000000000000000000000000551000000000000000000000000000000
07321500000000100115052111340000000000000000100000000000000000
093215000001001001150521113400000000000001020006940000000138000000000000000000000000000000100000000300000000000020000000000
11321500000200100115052111340000090000010000000138000000013800000000000000000000000000020000000000620000
123215000003001001150521113400000000000000000000000000000000000000000000000138000000000000000000000000000000
07321501000000100115052111340000000000000000100000000000000000
093215010001001001150521113400000000000005020000040000000400I 0000000000000000000000000000000000000000000000000020000000000
11321501000200100115052111340000090000010000000400000000040000000000000000000000000000040000000000000000
123215010003001001150521113400000000000000000000000000000000000000000000000400000000000000000000000000000000
07321502000000100115052111350000000000000000100000000000000000
093215020001001001150521113500000000000005060000010000001000I 0100000000000000000000000000000000000000000000000030000000000
093215020002001001150521113500000000000001310000010000000199000000000000000000000000000000000000000500000000000020000000000
093215020003001001150521113500000000000002430002860000000143000000000000000000000000000000100000000300000000000010000000000
093215020004001001150521113500000000000001050000960000000029000000000000000000000000000000100000000830000000000020000000000
11321502000500100115052111350000090000040000001371000000137100000000000000000000000000500000000036290000
123215020006001001150521113500000000000000000000000000000000000000000000001371000000000000000000000000000000
07321503000000100115052111360000000000000000100000000000000000
093215030001001001150521113600000000000001140001320000000066000000000000000000000000000000100000001430000000000020000000000
093215030002001001150521113600000000000003160000010000000100000000000000000000000000000000000000000560000000000040000000000
11321503000300100115052111360000090000020000000166000000016600000000000000000000000000020000000000340000
123215030004001001150521113600000000000000000000000000000000000000000000000166000000000000000000000000000000
07321504000000100115052111370000000000000000100000000000000000
093215040001001001150521113700000000000005020000030000000300I 0000000000000000000000000000000000000000000000000020000000000
11321504000200100115052111370000090000010000000300000000030000000000000000000000000000030000000000000000
123215040003001001150521113700000000000000000000000000000000000000000000000300000000000000000000000000000000
07321505000000100115052111370000000000000000100000000000000000
093215050001001001150521113700000000000002040003580000000107000000000000000000000000000000100000000990000000000010000000000
11321505000200100115052111370000090000010000000107000000010700000000000000000000000000010700000000000000
123215050003001001150521113700000000000000000000000000000000000000000000000107000000000000000000000000000000
07321506000000100115052111410000000000000000100000000000000000
093215060001001001150521114100000000000002460006380000000382000000000000000000000000000000100000001790000000000010000000000
093215060002001001150521114100000000000002080013500000000269000000000000000000000000000000100000001500000000000010000000000
093215060003001001150521114100000000000001090001260000000063000000000000000000000000000000100000000930000000000020000000000
093215060004001001150521114100000000000003050000010000000100000000000000000000000000000000000000000500000000000040000000000
093215060005001001150521114100000000000002040002620000000078000000000000000000000000000000100000000990000000000010000000000
093215060006001001150521114100000000000003200000010000001300000000000000000000000000000000000000000000000000000050000000000
093215060007001001150521114100000000000005020000030000000300I 0000000000000000000000000000000000000000000000000020000000000
11321506000800100115052111410000090000070000002492000000249200000000000000000000000000249200000000000000
123215060009001001150521114103060000000000000000000000000000000000000000002492000000000000000000000000000000
07321507000000100115052111430000000000000000100000000000000000
093215070001001001150521114300000000000001100009040000000270000000000000000000000000000000100000000600000000000020000000000
093215070002001001150521114300000000000001130008580000000257000000000000000000000000000000100000000900000000000020000000000
093215070003001001150521114300000000000002090006240000000374000000000000000000000000000000100000001940000000000010000000000
093215070004001001150521114300000000000002070012960000000517000000000000000000000000000000100000001000000000000020000000000
093215070005001001150521114300000000000003200000010000001300000000000000000000000000000000000000000000000000000050000000000
11321507000600100115052111430000090000050000002718000000271800000000000000000000000000271800000000000000
123215070007001001150521114303060000000000000000000000000000000000000000002718000000000000000000000000000000
07321508000000100115052111430000000000000000100000000000000000
093215080001001001150521114300000000000005020000020000000200I 0000000000000000000000000000000000000000000000000020000000000
11321508000200100115052111430000090000010000000200000000020000000000000000000000000000200000000018000000
123215080003001001150521114300000000000000000000000000000000000000000000000200000000000000000000000000000000
07321509000000100115052111440000000000000000100000000000000000
093215090001001001150521114400000000000001020007860000000156000000000000000000000000000000100000000300000000000020000000000
093215090002001001150521114400000000000001290001060000000032000000000000000000000000000000100000000250000000000020000000000
11321509000300100115052111440000090000020000000188000000018800000000000000000000000000020000000000120000
123215090004001001150521114400000000000000000000000000000000000000000000000188000000000000000000000000000000
07321510000000100115052111450000000000000000100000000000000000
093215100001001001150521114500000000000001020017300000000344000000000000000000000000000000100000000300000000000020000000000
093215100002001001150521114500000000000001050004920000000147000000000000000000000000000000100000000830000000000020000000000
093215100003001001150521114500000000000001300000010000000199000000000000000000000000000000000000000500000000000020000000000
11321510000400100115052111450000090000030000000690000000069000000000000000000000000000200000000013100000
123215100005001001150521114500000000000000000000000000000000000000000000000690000000000000000000000000000000
14321511000000100115052111450000010000000000
07321512000000100115052111470000000000000000100000000000000000
093215120001001001150521114700000000000001020037860000000753000000000000000000000000000000100000000300000000000020000000000
093215120002001001150521114700000000000002140014320000000285000000000000000000000000000000100000001000000000000010000000000
093215120003001001150521114700000000000003060000010000000100000000000000000000000000000000000000000500000000000040000000000
11321512000400100115052111470000090000030000001138000000113800000000000000000000000000515000000040120000
123215120005001001150521114700000000000000000000000000000000000000000000001138000000000000000000000000000000
07321513000000100115052111480000000000000000100000000000000000
093215130001001001150521114800000000000002180000020000000798000000000000000000000000000000000000002800000000000010000000000
093215130002001001150521114800000000000002430005200000000259000000000000000000000000000000100000000300000000000010000000000
11321513000300100115052111480000090000020000001057000000105700000000000000000000000000500000000039430000
123215130004001001150521114800000000000000000000000000000000000000000000001057000000000000000000000000000000
14321514000000100115052111490000010000000000
07321515000000100115052111500000000000000000100000000000000000
093215150001001001150521115000000000000003010000010000000600000000000000000000000000000000000000002330000000000050000000000
11321515000200100115052111500000090000010000000600000000060000000000000000000000000000100000000004000000
123215150003001001150521115000000000000000000000000000000000000000000000000600000000000000000000000000000000
07321516000000100115052111530000000000000000100000000000000000
093215160001001001150521115300000000000003260000010000000500000000000000000000000000000000000000000900000000000040000000000
093215160002001001150521115300000000000002440000010000000899000000000000000000000000000000000000004000000000000010000000000
093215160003001001150521115300000000000002140018500000000368000000000000000000000000000000100000001000000000000010000000000
093215160004001001150521115300000000000001370014080000000843000000000000000000000000000000100000001000000000000010000000000
093215160005001001150521115300000000000002170000010000000499000000000000000000000000000000000000003110000000000010000000000
093215160006001001150521115300000000000002130018600000000370000000000000000000000000000000100000001400000000000010000000000
093215160007001001150521115300000000000002190000020000001198000000000000000000000000000000000000001750000000000010000000000
093215160008001001150521115300000000000002080011220000000223000000000000000000000000000000100000001500000000000010000000000
093215160009001001150521115300000000000003010000020000001200000000000000000000000000000000000000002330000000000050000000000
093215160010001001150521115300000000000002430015140000000755000000000000000000000000000000100000000300000000000010000000000
093215160011001001150521115300000000000001070000900000000225000000000000000000000000000000100000007000000000000020000000000
11321516001200100115052111530000090000110000007080000000708000000000000000000000000001000000000029200000
123215160013001001150521115300000000000000000000000000000000000000000000007080000000000000000000000000000000
14321517000000100115052111540000010000000000
14321518000000100115052111550000010000000000
07321519000000100115052111560000000000000000100000000000000000
093215190001001001150521115600000000000001070001020000000255000000000000000000000000000000100000007000000000000020000000000
093215190002001001150521115600000000000002070007260000000290000000000000000000000000000000100000001000000000000020000000000
11321519000300100115052111560000090000020000000545000000054500000000000000000000000000200000000014550000
123215190004001001150521115600000000000000000000000000000000000000000000000545000000000000000000000000000000
07321520000000100115052111570000000000000000100000000000000000
093215200001001001150521115700000000000003030000010000000100000000000000000000000000000000000000000560000000000040000000000
093215200002001001150521115700000000000003030000010000000100000000000000000000000000000000000000000560000000000040000000000
093215200003001001150521115700000000000002040016780000000502000000000000000000000000000000100000000990000000000010000000000
093215200004001001150521115700000000000001040010100000000504000000000000000000000000000000100000001000000000000020000000000
11321520000500100115052111570000090000040000001206000000120600000000000000000000000000150000000002940000
123215200006001001150521115700000000000000000000000000000000000000000000001206000000000000000000000000000000
14321521000000100115052111580000010000000000
07321522000000100115052111580000000000000000100000000000000000
093215220001001001150521115800000000000001210000010000000699000000000000000000000000000000000000000500000000000020000000000
093215220002001001150521115800000000000003110000010000000499000000000000000000000000000000000000000990000000000040000000000
11321522000300100115052111580000090000020000001198000000119800000000000000000000000000119800000000000000
123215220004001001150521115800000000000000000000000000000000000000000000001198000000000000000000000000000000
07321523000000100115052112010000000000000000100000000000000000
093215230001001001150521120100000000000002040020120000000602000000000000000000000000000000100000000990000000000010000000000
11321523000200100115052112010000090000010000000602000000060200000000000000000000000000060200000000000000
123215230003001001150521120103020000000000000000000000000000000000000000000602000000000000000000000000000000
07321524000000100115052112020000000000000000100000000000000000
093215240001001001150521120200000000000001040003020000000151000000000000000000000000000000100000001000000000000020000000000
093215240002001001150521120200000000000003020000010000000100000000000000000000000000000000000000000250000000000000000000000
11321524000300100115052112020000090000020000000251000000025100000000000000000000000000100000000007490000
123215240004001001150521120200000000000000000000000000000000000000000000000251000000000000000000000000000000
18321524000500100115052112030000000057000000000000000000000001
063215240006001001150521120300000100000500000000000000000000000000000000000000000000
07321525000000100115052112050000000000000000100000000000000000
093215250001001001150521120500000000000002070017600000000702000000000000000000000000000000100000001000000000000020000000000
093215250002001001150521120500000000000002050011340000000339000000000000000000000000000000100000000890000000000030000000000
11321525000300100115052112050000090000020000001041000000104100000000000000000000000001000000000089590000
123215250004001001150521120500000000000000000000000000000000000000000000001041000000000000000000000000000000
07321526000000100115052112080000000000000000100000000000000000
093215260001001001150521120800000000000003200000010000001300000000000000000000000000000000000000000000000000000050000000000
11321526000200100115052112080000090000010000001300000000130000000000000000000000000000200000000007000000
123215260003001001150521120800000000000000000000000000000000000000000000001300000000000000000000000000000000
14321527000000100115052112280000010000000000
14321528000000100115052112290000010000000000
07321529000000100115052112290000000000000000100000000000000000
093215290001001001150521122900000000000001070000880000000220000000000000000000000000000000100000007000000000000020000000000
11321529000200100115052112290000090000010000000220000000022000000000000000000000000000100000000007800000
123215290003001001150521122900000000000000000000000000000000000000000000000220000000000000000000000000000000
07321530000000100115052112300000000000000000100000000000000000
093215300001001001150521123000000000000001020010020000000199000000000000000000000000000000100000000300000000000020000000000
11321530000200100115052112300000090000010000000199000000019900000000000000000000000000200000000018010000
123215300003001001150521123000000000000000000000000000000000000000000000000199000000000000000000000000000000
07321531000000100115052112310000000000000000100000000000000000
093215310001001001150521123100000000000001010010000000000349000000000000000000000000000000100000001000000000000020000000000
093215310002001001150521123100000000000003010000010000000600000000000000000000000000000000000000002330000000000050000000000
11321531000300100115052112310000090000020000000949000000094900000000000000000000000000100000000000510000
123215310004001001150521123100000000000000000000000000000000000000000000000949000000000000000000000000000000
07321532000000100115052112320000000000000000100000000000000000
093215320001001001150521123200000000000001130016740000000501000000000000000000000000000000100000000900000000000020000000000
11321532000200100115052112320000090000010000000501000000050100000000000000000000000000050100000000000000
123215320003001001150521123200000000000000000000000000000000000000000000000501000000000000000000000000000000
07321533000000100115052112330000000000000000100000000000000000
093215330001001001150521123300000000000001040003080000000154000000000000000000000000000000100000001000000000000020000000000
093215330002001001150521123300000000000001080002520000000151000000000000000000000000000000100000000500000000000020000000000
11321533000300100115052112330000090000020000000305000000030500000000000000000000000000030500000000000000
123215330004001001150521123300000000000000000000000000000000000000000000000305000000000000000000000000000000
07321534000000100115052112360000000000000000100000000000000000
093215340001001001150521123600000000000001160004760000000190000000000000000000000000000000100000000560000000000020000000000
093215340002001001150521123600000000000003040000010000000100000000000000000000000000000000000000000500000000000040000000000
093215340003001001150521123600000000000001160003420000000136000000000000000000000000000000100000000560000000000020000000000
11321534000400100115052112360000090000030000000426000000042600000000000000000000000000200000000015740000
123215340005001001150521123600000000000000000000000000000000000000000000000426000000000000000000000000000000
07321535000000100115052112370000000000000000100000000000000000
093215350001001001150521123700000000000003040000010000000100000000000000000000000000000000000000000500000000000040000000000
093215350002001001150521123700000000000001220007860000000235000000000000000000000000000000100000001000000000000020000000000
11321535000300100115052112370000090000020000000335000000033500000000000000000000000000040000000000650000
123215350004001001150521123700000000000000000000000000000000000000000000000335000000000000000000000000000000
07321536000000100115052112380000000000000000100000000000000000
093215360001001001150521123800000000000002040004700000000141000000000000000000000000000000100000000990000000000010000000000
11321536000200100115052112380000090000010000000141000000014100000000000000000000000000014100000000000000
123215360003001001150521123800000000000000000000000000000000000000000000000141000000000000000000000000000000
07321537000000100115052112400000000000000000100000000000000000
093215370001001001150521124000000000000002040007380000000221000000000000000000000000000000100000000990000000000010000000000
11321537000200100115052112400000090000010000000221000000022100000000000000000000000000050000000002790000
123215370003001001150521124000000000000000000000000000000000000000000000000221000000000000000000000000000000
07321538000000100115052112410000000000000000100000000000000000
093215380001001001150521124100000000000004040000010000000100I 0300000000000000000000000000000000000270000000000030000000000
11321538000200100115052112410000090000010000000100000000010000000000000000000000000000010000000000000000
123215380003001001150521124100000000000000000000000000000000000000000000000100000000000000000000000000000000
07321539000000100115052112410000000000000000100000000000000000
093215390001001001150521124100000000000003190000010000000300000000000000000000000000000000000000000000000000000050000000000
11321539000200100115052112410000090000010000000300000000030000000000000000000000000000030000000000000000
123215390003001001150521124100000000000000000000000000000000000000000000000300000000000000000000000000000000
07321540000000100115052112450000000000000000100000000000000000
093215400001001001150521124500000000000001290003460000000103000000000000000000000000000000100000000250000000000020000000000
093215400002001001150521124500000000000001090001800000000090000000000000000000000000000000100000000930000000000020000000000
11321540000300100115052112450000090000020000000193000000019300000000000000000000000000050000000003070000
123215400004001001150521124500000000000000000000000000000000000000000000000193000000000000000000000000000000
063215400005001001150521124600000100000100000000000000000000000000000000000000000000
07321541000000100115052112480000000000000000100000000000000000
093215410001001001150521124800000000000001010013380000000467000000000000000000000000000000100000001000000000000020000000000
093215410002001001150521124800000000000002170000020000000998000000000000000000000000000000000000003110000000000010000000000
11321541000300100115052112480000090000020000001465000000146500000000000000000000000000200000000005350000
123215410004001001150521124800000000000000000000000000000000000000000000001465000000000000000000000000000000
07321542000000100115052112490000000000000000100000000000000000
093215420001001001150521124900000000000003030000010000000100000000000000000000000000000000000000000560000000000040000000000
093215420002001001150521124900000000000001040000860000000043000000000000000000000000000000100000001000000000000020000000000
11321542000300100115052112490000090000020000000143000000014300000000000000000000000000014300000000000000
123215420004001001150521124900000000000000000000000000000000000000000000000143000000000000000000000000000000
14321543000000100125052117180000010000000000
07321544000000100112062119000000000000000000100000000000000000
093215440001001001120621190000000000000005020000010000000100I 0000000000000000000000000000000000000000000000000020000000000
11321544000200100112062119000000090000010000000100000000010000000000000000000000000000010000000000000000
123215440003001001120621190000000000000000000000000000000000000000000000000100000000000000000000000000000000
14321545000000100117062116570000010000000000
07321546000000100106072108040000000000000000100000000000000000
093215460001001001060721080400000000000002290000010000000499000000000000000000000000000000000000002500000000000010000000000
11321546000200100106072108040000090000010000000499000000049900000000000000000000000000049900000000000000
123215460003001001060721080400000000000000000000000000000000000000000000000499000000000000000000000000000000
0432154700000010010607210805000001321419321547000002297505620000022986599406072100001096120000000000000000000000000015950001000000000000000000000000000000000000000000000000000000000000000000000000000000001234567890AB        
