01321349000000100109052107530000010000000500000002296925441.82G5E   1234567890AB        Generica            
02321349000100100109052107530000010000090000000000
07321350000000100109052108120000000000000000100000000000000000
093213500001001001090521081200000000000003030000010000000120000000000000000000000000000000000000000560000000000040000000000
093213500002001001090521081200000000000003070000010000000120000000000000000000000000000000000000000500000000000040000000000
093213500003001001090521081200000000000001180004180000000209000000000000000000000000000000100000000990000000000020000000000
093213500004001001090521081200000000000002270004820000000216000000000000000000000000000000100000002500000000000010000000000
093213500005001001090521081200000000000001090003500000000210000000000000000000000000000000100000000930000000000020000000000
093213500006001001090521081200000000000001070003760000000940000000000000000000000000000000100000007000000000000020000000000
093213500007001001090521081200000000000002070007160000000286000000000000000000000000000000100000001000000000000020000000000
093213500008001001090521081200000000000002030014520000000579000000000000000000000000000000100000001250000000000010000000000
093213500009001001090521081200000000000003010000010000000650000000000000000000000000000000000000002330000000000050000000000
093213500010001001090521081200000000000002010016780000000586000000000000000000000000000000100000001250000000000010000000000
093213500011001001090521081200000000000002070015340000000612000000000000000000000000000000100000001000000000000020000000000
093213500012001001090521081200000000000002250005620000000224000000000000000000000000000000100000000790000000000010000000000
093213500013001001090521081200000000000002040006340000000190000000000000000000000000000000100000000990000000000010000000000
093213500014001001090521081200000000000001040007780000000388000000000000000000000000000000100000001000000000000020000000000
093213500015001001090521081200000000000001060008840000000264000000000000000000000000000000100000000000000000000020000000000
093213500016001001090521081200000000000001010012280000000490000000000000000000000000000000100000001000000000000020000000000
093213500017001001090521081200000000000001080008780000000438000000000000000000000000000000100000000500000000000020000000000
11321350001800100109052108120000090000170000006522000000652200000000000000000000000000652200000000000000
123213500019001001090521081203060000000000000000000000000000000000000000006522000000000000000000000000000000
07321351000000100109052108150000000000000000100000000000000000
093213510001001001090521081500000000000003040000010000000120000000000000000000000000000000000000000500000000000040000000000
093213510002001001090521081500000000000001050003200000000080000000000000000000000000000000100000000830000000000020000000000
11321351000300100109052108150000090000020000000200000000020000000000000000000000000000020000000000000000
123213510004001001090521081500000000000000000000000000000000000000000000000200000000000000000000000000000000
07321352000000100109052108160000000000000000100000000000000000
093213520001001001090521081600000000000005080000010000002000I 0100000000000000000000000000000000000000000000000030000000000
093213520002001001090521081600000000000002150000020000000302000000000000000000000000000000000000000300000000000010000000000
11321352000300100109052108160000090000020000002302000000230200000000000000000000000000500000000026980000
123213520004001001090521081600000000000000000000000000000000000000000000002302000000000000000000000000000000
07321353000000100109052108320000000000000000100000000000000000
093213530001001001090521083200000000000001290003900000000078000000000000000000000000000000100000000250000000000020000000000
093213530002001001090521083200000000000003190000010000000325000000000000000000000000000000000000000000000000000050000000000
093213530003001001090521083200000000000003050000010000000120000000000000000000000000000000000000000500000000000040000000000
093213530004001001090521083200000000000002050006980000000209000000000000000000000000000000100000000890000000000030000000000
11321353000500100109052108320000090000040000000732000000073200000000000000000000000000080000000000680000
123213530006001001090521083200000000000000000000000000000000000000000000000732000000000000000000000000000000
07321354000000100109052108340000000000000000100000000000000000
093213540001001001090521083400000000000002010001580000000055000000000000000000000000000000100000001250000000000010000000000
11321354000200100109052108340000090000010000000055000000005500000000000000000000000000005500000000000000
123213540003001001090521083400000000000000000000000000000000000000000000000055000000000000000000000000000000
07321355000000100109052108360000000000000000100000000000000000
093213550001001001090521083600000000000001010014140000000564000000000000000000000000000000100000001000000000000020000000000
11321355000200100109052108360000090000010000000564000000056400000000000000000000000000100000000004360000
123213550003001001090521083600000000000000000000000000000000000000000000000564000000000000000000000000000000
07321356000000100109052108390000000000000000100000000000000000
093213560001001001090521083900000000000002070006760000000270000000000000000000000000000000100000001000000000000020000000000
093213560002001001090521083900000000000002220000010000000299000000000000000000000000000000000000000800000000000010000000000
11321356000300100109052108390000090000020000000569000000056900000000000000000000000000070000000001310000
123213560004001001090521083900000000000000000000000000000000000000000000000569000000000000000000000000000000
07321357000000100109052108410000000000000000100000000000000000
093213570001001001090521084100000000000001290004800000000096000000000000000000000000000000100000000250000000000020000000000
11321357000200100109052108410000090000010000000096000000009600000000000000000000000000009600000000000000
123213570003001001090521084100000000000000000000000000000000000000000000000096000000000000000000000000000000
07321358000000100109052108440000000000000000100000000000000000
093213580001001001090521084400000000000001320004220000000633000000000000000000000000000000100000006000000000000020000000000
093213580002001001090521084400000000000002010034600000001208000000000000000000000000000000100000001250000000000010000000000
093213580003001001090521084400000000000001080011840000000591000000000000000000000000000000100000000500000000000020000000000
093213580004001001090521084400000000000002070029900000001193000000000000000000000000000000100000001000000000000020000000000
11321358000500100109052108440000090000040000003625000000362500000000000000000000000000362500000000000000
123213580006001001090521084403060000000000000000000000000000000000000000003625000000000000000000000000000000
07321359000000100109052108450000000000000000100000000000000000
093213590001001001090521084500000000000002070006360000000254000000000000000000000000000000100000001000000000000020000000000
093213590002001001090521084500000000000002250007020000000280000000000000000000000000000000100000000790000000000010000000000
11321359000300100109052108450000090000020000000534000000053400000000000000000000000000053400000000000000
123213590004001001090521084500000000000000000000000000000000000000000000000534000000000000000000000000000000
07321360000000100109052108480000000000000000100000000000000000
093213600001001001090521084800000000000001290009080000000181000000000000000000000000000000100000000250000000000020000000000
093213600002001001090521084800000000000001320001400000000210000000000000000000000000000000100000006000000000000020000000000
11321360000300100109052108480000090000020000000391000000039100000000000000000000000000039100000000000000
123213600004001001090521084803060000000000000000000000000000000000000000000391000000000000000000000000000000
07321361000000100109052108490000000000000000100000000000000000
093213610001001001090521084900000000000001290013160000000262000000000000000000000000000000100000000250000000000020000000000
093213610002001001090521084900000000000003070000010000000120000000000000000000000000000000000000000500000000000040000000000
093213610003001001090521084900000000000003030000010000000120000000000000000000000000000000000000000560000000000040000000000
093213610004001001090521084900000000000005020000010000000100I 0000000000000000000000000000000000000000000000000020000000000
11321361000500100109052108490000090000040000000602000000060200000000000000000000000000100000000003980000
123213610006001001090521084900000000000000000000000000000000000000000000000602000000000000000000000000000000
07321362000000100109052108550000000000000000100000000000000000
093213620001001001090521085500000000000003190000010000000325000000000000000000000000000000000000000000000000000050000000000
11321362000200100109052108550000090000010000000325000000032500000000000000000000000000032500000000000000
123213620003001001090521085500000000000000000000000000000000000000000000000325000000000000000000000000000000
07321363000000100109052108560000000000000000100000000000000000
093213630001001001090521085600000000000001080003520000000176000000000000000000000000000000100000000500000000000020000000000
093213630002001001090521085600000000000001090001500000000090000000000000000000000000000000100000000930000000000020000000000
11321363000300100109052108560000090000020000000266000000026600000000000000000000000000040000000001340000
123213630004001001090521085600000000000000000000000000000000000000000000000266000000000000000000000000000000
07321364000000100109052108570000000000000000100000000000000000
093213640001001001090521085700000000000001050009320000000232000000000000000000000000000000100000000830000000000020000000000
11321364000200100109052108570000090000010000000232000000023200000000000000000000000000050000000002680000
123213640003001001090521085700000000000000000000000000000000000000000000000232000000000000000000000000000000
07321365000000100109052108580000000000000000100000000000000000
093213650001001001090521085800000000000002210005120000000307000000000000000000000000000000100000004330000000000010000000000
093213650002001001090521085800000000000001130010440000000312000000000000000000000000000000100000000900000000000020000000000
093213650003001001090521085800000000000001080003620000000181000000000000000000000000000000100000000500000000000020000000000
093213650004001001090521085800000000000002430003060000000214000000000000000000000000000000100000000300000000000010000000000
11321365000500100109052108580000090000040000001014000000101400000000000000000000000000200000000009860000
123213650006001001090521085800000000000000000000000000000000000000000000001014000000000000000000000000000000
07321366000000100109052108590000000000000000100000000000000000
093213660001001001090521085900000000000003040000010000000120000000000000000000000000000000000000000500000000000040000000000
093213660002001001090521085900000000000003070000010000000120000000000000000000000000000000000000000500000000000040000000000
093213660003001001090521085900000000000001040006880000000343000000000000000000000000000000100000001000000000000020000000000
11321366000400100109052108590000090000030000000583000000058300000000000000000000000000058300000000000000
123213660005001001090521085900000000000000000000000000000000000000000000000583000000000000000000000000000000
07321367000000100109052109000000000000000000100000000000000000
093213670001001001090521090000000000000003040000010000000120000000000000000000000000000000000000000500000000000040000000000
093213670002001001090521090000000000000003020000010000000100000000000000000000000000000000000000000250000000000000000000000
11321367000300100109052109000000090000020000000220000000022000000000000000000000000000022000000000000000
123213670004001001090521090000000000000000000000000000000000000000000000000220000000000000000000000000000000
07321368000000100109052109010000000000000000100000000000000000
093213680001001001090521090100000000000001020010560000000263000000000000000000000000000000100000000300000000000020000000000
11321368000200100109052109010000090000010000000263000000026300000000000000000000000000026300000000000000
123213680003001001090521090100000000000000000000000000000000000000000000000263000000000000000000000000000000
07321369000000100109052109220000000000000000100000000000000000
093213690001001001090521092200000000000003040000010000000120000000000000000000000000000000000000000500000000000040000000000
11321369000200100109052109220000090000010000000120000000012000000000000000000000000000020000000000800000
123213690003001001090521092200000000000000000000000000000000000000000000000120000000000000000000000000000000
07321370000000100109052109230000000000000000100000000000000000
093213700001001001090521092300000000000001090001820000000109000000000000000000000000000000100000000930000000000020000000000
093213700002001001090521092300000000000001040002860000000143000000000000000000000000000000100000001000000000000020000000000
093213700003001001090521092300000000000001290005440000000108000000000000000000000000000000100000000250000000000020000000000
11321370000400100109052109230000090000030000000360000000036000000000000000000000000000050000000001400000
123213700005001001090521092300000000000000000000000000000000000000000000000360000000000000000000000000000000
07321371000000100109052109250000000000000000100000000000000000
093213710001001001090521092500000000000001080003820000000191000000000000000000000000000000100000000500000000000020000000000
093213710002001001090521092500000000000001320001460000000219000000000000000000000000000000100000006000000000000020000000000
093213710003001001090521092500000000000001040002340000000117000000000000000000000000000000100000001000000000000020000000000
11321371000400100109052109250000090000030000000527000000052700000000000000000000000000052700000000000000
123213710005001001090521092503020000000000000000000000000000000000000000000527000000000000000000000000000000
07321372000000100109052109250000000000000000100000000000000000
093213720001001001090521092500000000000003120000020000000240000000000000000000000000000000000000000500000000000040000000000
11321372000200100109052109250000090000010000000240000000024000000000000000000000000000024000000000000000
123213720003001001090521092500000000000000000000000000000000000000000000000240000000000000000000000000000000
07321373000000100109052109450000000000000000100000000000000000
093213730001001001090521094500000000000001220020250000000606000000000000000000000000000000100000001000000000000020000000000
093213730002001001090521094500000000000003120000040000000480000000000000000000000000000000000000000500000000000040000000000
093213730003001001090521094500000000000001160025640000001023000000000000000000000000000000100000000560000000000020000000000
093213730004001001090521094500000000000001050004680000000117000000000000000000000000000000100000000830000000000020000000000
093213730005001001090521094500000000000001100010720000000213000000000000000000000000000000100000000600000000000020000000000
093213730006001001090521094500000000000001310000020000000598000000000000000000000000000000000000000500000000000020000000000
093213730007001001090521094500000000000001310000010000000299000000000000000000000000000000000000000500000000000020000000000
093213730008001001090521094500000000000001070000640000000160000000000000000000000000000000100000007000000000000020000000000
11321373000900100109052109450000090000080000003496000000349600000000000000000000000000500000000015040000
123213730010001001090521094500000000000000000000000000000000000000000000003496000000000000000000000000000000
07321374000000100109052110280000000000000000100000000000000000
093213740001001001090521102800000000000003080000010000000120000000000000000000000000000000000000000500000000000040000000000
11321374000200100109052110280000090000010000000120000000012000000000000000000000000000012000000000000000
123213740003001001090521102800000000000000000000000000000000000000000000000120000000000000000000000000000000
07321375000000100109052110300000000000000000100000000000000000
093213750001001001090521103000000000000002080020780000000414000000000000000000000000000000100000001500000000000010000000000
093213750002001001090521103000000000000002460022220000001109000000000000000000000000000000100000001790000000000010000000000
17321375000300100109052110300000000000000354
093213750004001001090521103000000000000001010008880000000354000000000000000000000000000000100000001000000000000020000000000
093213750005001001090521103000000000000001120007160000000214000000000000000000000000000000100000001000000000000020000000000
093213750006001001090521103000000000000001080005360000000267000000000000000000000000000000100000000500000000000020000000000
093213750007001001090521103000000000000001040005860000000292000000000000000000000000000000100000001000000000000020000000000
093213750008001001090521103000000000000001060004120000000123000000000000000000000000000000100000000000000000000020000000000
11321375000900100109052110300000090000070000002773000000277300000000000000000000000000277300000000000000
123213750010001001090521103003010000000000000000000000000000000000000000002773000000000000000000000000000000
07321376000000100109052110300000000000000000100000000000000000
093213760001001001090521103000000000000001080002460000000123000000000000000000000000000000100000000500000000000020000000000
093213760002001001090521103000000000000001040001240000000062000000000000000000000000000000100000001000000000000020000000000
11321376000300100109052110300000090000020000000185000000018500000000000000000000000000020000000000150000
123213760004001001090521103000000000000000000000000000000000000000000000000185000000000000000000000000000000
07321377000000100109052110330000000000000000100000000000000000
093213770001001001090521103300000000000003020000010000000100000000000000000000000000000000000000000250000000000000000000000
093213770002001001090521103300000000000004020000010000000100I 0300000000000000000000000000000000000230000000000030000000000
11321377000300100109052110330000090000020000000200000000020000000000000000000000000000020000000000000000
123213770004001001090521103300000000000000000000000000000000000000000000000200000000000000000000000000000000
07321378000000100109052110370000000000000000100000000000000000
093213780001001001090521103700000000000002430007840000000548000000000000000000000000000000100000000300000000000010000000000
093213780002001001090521103700000000000002130027080000000810000000000000000000000000000000100000001400000000000010000000000
093213780003001001090521103700000000000002040003460000000103000000000000000000000000000000100000000990000000000010000000000
093213780004001001090521103700000000000002030014600000000583000000000000000000000000000000100000001250000000000010000000000
093213780005001001090521103700000000000001040005360000000267000000000000000000000000000000100000001000000000000020000000000
093213780006001001090521103700000000000002050009240000000276000000000000000000000000000000100000000890000000000030000000000
093213780007001001090521103700000000000002070008440000000337000000000000000000000000000000100000001000000000000020000000000
093213780008001001090521103700000000000002460010200000000509000000000000000000000000000000100000001790000000000010000000000
093213780009001001090521103700000000000002170000010000000499000000000000000000000000000000000000003110000000000010000000000
093213780010001001090521103700000000000002110005600000000335000000000000000000000000000000100000001000000000000010000000000
093213780011001001090521103700000000000001090003620000000217000000000000000000000000000000100000000930000000000020000000000
093213780012001001090521103700000000000003150000010000000200000000000000000000000000000000000000000830000000000040000000000
093213780013001001090521103700000000000001080007660000000382000000000000000000000000000000100000000500000000000020000000000
093213780014001001090521103700000000000002200000010000000399000000000000000000000000000000000000001250000000000010000000000
11321378001500100109052110370000090000140000005465000000546500000000000000000000000000700000000015350000
123213780016001001090521103700000000000000000000000000000000000000000000005465000000000000000000000000000000
063213780017001001090521103800000100000150000000000000000000000000000000000000000000
07321379000000100109052110470000000000000000100000000000000000
093213790001001001090521104700000000000001090003660000000219000000000000000000000000000000100000000930000000000020000000000
093213790002001001090521104700000000000001290008520000000170000000000000000000000000000000100000000250000000000020000000000
093213790003001001090521104700000000000001040004300000000215000000000000000000000000000000100000001000000000000020000000000
093213790004001001090521104700000000000002150000010000000151000000000000000000000000000000000000000300000000000010000000000
11321379000500100109052110470000090000040000000755000000075500000000000000000000000000100000000002450000
123213790006001001090521104700000000000000000000000000000000000000000000000755000000000000000000000000000000
07321380000000100109052110480000000000000000100000000000000000
093213800001001001090521104800000000000002050016540000000495000000000000000000000000000000100000000890000000000030000000000
093213800002001001090521104800000000000003020000010000000100000000000000000000000000000000000000000250000000000000000000000
11321380000300100109052110480000090000020000000595000000059500000000000000000000000000200000000014050000
123213800004001001090521104800000000000000000000000000000000000000000000000595000000000000000000000000000000
07321381000000100109052110490000000000000000100000000000000000
093213810001001001090521104900000000000001040002740000000137000000000000000000000000000000100000001000000000000020000000000
093213810002001001090521104900000000000001080002860000000143000000000000000000000000000000100000000500000000000020000000000
093213810003001001090521104900000000000003050000010000000120000000000000000000000000000000000000000500000000000040000000000
11321381000400100109052110490000090000030000000400000000040000000000000000000000000000040000000000000000
123213810005001001090521104900000000000000000000000000000000000000000000000400000000000000000000000000000000
07321382000000100109052110490000000000000000100000000000000000
093213820001001001090521104900000000000001070001180000000295000000000000000000000000000000100000007000000000000020000000000
11321382000200100109052110490000090000010000000295000000029500000000000000000000000000029500000000000000
123213820003001001090521104900000000000000000000000000000000000000000000000295000000000000000000000000000000
07321383000000100109052110540000000000000000100000000000000000
093213830001001001090521105400000000000002190000020000001598000000000000000000000000000000000000001750000000000010000000000
11321383000200100109052110540000090000010000001598000000159800000000000000000000000000159800000000000000
123213830003001001090521105400000000000000000000000000000000000000000000001598000000000000000000000000000000
07321384000000100109052110560000000000000000100000000000000000
093213840001001001090521105600000000000003110000010000000499000000000000000000000000000000000000000990000000000040000000000
11321384000200100109052110560000090000010000000499000000049900000000000000000000000000049900000000000000
123213840003001001090521105600000000000000000000000000000000000000000000000499000000000000000000000000000000
07321385000000100109052110570000000000000000100000000000000000
093213850001001001090521105700000000000002190000010000000799000000000000000000000000000000000000001750000000000010000000000
11321385000200100109052110570000090000010000000799000000079900000000000000000000000000100000000002010000
123213850003001001090521105700000000000000000000000000000000000000000000000799000000000000000000000000000000
07321386000000100109052111020000000000000000100000000000000000
093213860001001001090521110200000000000003160000010000000120000000000000000000000000000000000000000560000000000040000000000
11321386000200100109052111020000090000010000000120000000012000000000000000000000000000012000000000000000
123213860003001001090521110200000000000000000000000000000000000000000000000120000000000000000000000000000000
07321387000000100109052111030000000000000000100000000000000000
093213870001001001090521110300000000000001010008080000000322000000000000000000000000000000100000001000000000000020000000000
093213870002001001090521110300000000000002460017300000000863000000000000000000000000000000100000001790000000000010000000000
11321387000300100109052111030000090000020000001185000000118500000000000000000000000000500000000038150000
123213870004001001090521110300000000000000000000000000000000000000000000001185000000000000000000000000000000
07321388000000100109052111040000000000000000100000000000000000
093213880001001001090521110400000000000003050000010000000120000000000000000000000000000000000000000500000000000040000000000
11321388000200100109052111040000090000010000000120000000012000000000000000000000000000012000000000000000
123213880003001001090521110403020000000000000000000000000000000000000000000120000000000000000000000000000000
07321389000000100109052111050000000000000000100000000000000000
093213890001001001090521110500000000000001020014360000000358000000000000000000000000000000100000000300000000000020000000000
093213890002001001090521110500000000000001060004700000000141000000000000000000000000000000100000000000000000000020000000000
093213890003001001090521110500000000000003040000010000000120000000000000000000000000000000000000000500000000000040000000000
11321389000400100109052111050000090000030000000619000000061900000000000000000000000000070000000000810000
123213890005001001090521110500000000000000000000000000000000000000000000000619000000000000000000000000000000
07321390000000100109052111060000000000000000100000000000000000
093213900001001001090521110600000000000002190000010000000799000000000000000000000000000000000000001750000000000010000000000
11321390000200100109052111060000090000010000000799000000079900000000000000000000000000090000000001010000
123213900003001001090521110600000000000000000000000000000000000000000000000799000000000000000000000000000000
07321391000000100109052111080000000000000000100000000000000000
093213910001001001090521110800000000000003200000010000001500000000000000000000000000000000000000000000000000000050000000000
11321391000200100109052111080000090000010000001500000000150000000000000000000000000001000000000085000000
123213910003001001090521110800000000000000000000000000000000000000000000001500000000000000000000000000000000
07321392000000100109052111090000000000000000100000000000000000
093213920001001001090521110900000000000002150000010000000151000000000000000000000000000000000000000300000000000010000000000
093213920002001001090521110900000000000003190000010000000325000000000000000000000000000000000000000000000000000050000000000
093213920003001001090521110900000000000001070000560000000140000000000000000000000000000000100000007000000000000020000000000
093213920004001001090521110900000000000002260003460000000173000000000000000000000000000000100000001800000000000010000000000
093213920005001001090521110900000000000002030005520000000220000000000000000000000000000000100000001250000000000010000000000
11321392000600100109052111090000090000050000001009000000100900000000000000000000000000100900000000000000
123213920007001001090521110900000000000000000000000000000000000000000000001009000000000000000000000000000000
07321393000000100109052111120000000000000000100000000000000000
093213930001001001090521111200000000000005030000010000000950I 0000000000000000000000000000000000004420000000000020000000000
11321393000200100109052111120000090000010000000950000000095000000000000000000000000000095000000000000000
123213930003001001090521111203020000000000000000000000000000000000000000000950000000000000000000000000000000
07321394000000100109052111140000000000000000100000000000000000
093213940001001001090521111400000000000001130011120000000332000000000000000000000000000000100000000900000000000020000000000
093213940002001001090521111400000000000005040000010000000499I 0100000000000000000000000000000000000000000000000030000000000
11321394000300100109052111140000090000020000000831000000083100000000000000000000000000100000000001690000
123213940004001001090521111400000000000000000000000000000000000000000000000831000000000000000000000000000000
07321395000000100109052111210000000000000000100000000000000000
093213950001001001090521112100000000000001040009260000000462000000000000000000000000000000100000001000000000000020000000000
11321395000200100109052111210000090000010000000462000000046200000000000000000000000000046200000000000000
123213950003001001090521112100000000000000000000000000000000000000000000000462000000000000000000000000000000
07321396000000100109052111220000000000000000100000000000000000
093213960001001001090521112200000000000003050000010000000120000000000000000000000000000000000000000500000000000040000000000
11321396000200100109052111220000090000010000000120000000012000000000000000000000000000012000000000000000
123213960003001001090521112200000000000000000000000000000000000000000000000120000000000000000000000000000000
07321397000000100109052111240000000000000000100000000000000000
093213970001001001090521112400000000000001260014760000000737000000000000000000000000000000100000001430000000000020000000000
093213970002001001090521112400000000000003050000010000000120000000000000000000000000000000000000000500000000000040000000000
093213970003001001090521112400000000000004020000010000000100I 0300000000000000000000000000000000000230000000000030000000000
11321397000400100109052111240000090000030000000957000000095700000000000000000000000000095700000000000000
123213970005001001090521112403030000000000000000000000000000000000000000000957000000000000000000000000000000
07321398000000100109052111260000000000000000100000000000000000
093213980001001001090521112600000000000003080000010000000120000000000000000000000000000000000000000500000000000040000000000
093213980002001001090521112600000000000001070001120000000280000000000000000000000000000000100000007000000000000020000000000
11321398000300100109052111260000090000020000000400000000040000000000000000000000000000040000000000000000
123213980004001001090521112600000000000000000000000000000000000000000000000400000000000000000000000000000000
07321399000000100109052111260000000000000000100000000000000000
093213990001001001090521112600000000000003040000010000000120000000000000000000000000000000000000000500000000000040000000000
093213990002001001090521112600000000000003040000010000000120000000000000000000000000000000000000000500000000000040000000000
11321399000300100109052111260000090000020000000240000000024000000000000000000000000000024000000000000000
123213990004001001090521112600000000000000000000000000000000000000000000000240000000000000000000000000000000
07321400000000100109052111270000000000000000100000000000000000
093214000001001001090521112700000000000001020012200000000304000000000000000000000000000000100000000300000000000020000000000
11321400000200100109052111270000090000010000000304000000030400000000000000000000000000040000000000960000
123214000003001001090521112700000000000000000000000000000000000000000000000304000000000000000000000000000000
063214000004001001090521112800000100000100000000000000000000000000000000000000000000
07321401000000100109052111350000000000000000100000000000000000
093214010001001001090521113500000000000001290007620000000152000000000000000000000000000000100000000250000000000020000000000
093214010002001001090521113500000000000003080000010000000120000000000000000000000000000000000000000500000000000040000000000
093214010003001001090521113500000000000001040004660000000233000000000000000000000000000000100000001000000000000020000000000
093214010004001001090521113500000000000001090001840000000110000000000000000000000000000000100000000930000000000020000000000
11321401000500100109052111350000090000040000000615000000061500000000000000000000000000061500000000000000
123214010006001001090521113502010000000000000000000000000000000000310000000615000000000000000000000000000000
103214010007001001090521113501000000000000003100000006150000000000000095000009
07321402000000100109052111360000000000000000100000000000000000
093214020001001001090521113600000000000003020000010000000100000000000000000000000000000000000000000250000000000000000000000
093214020002001001090521113600000000000003040000020000000240000000000000000000000000000000000000000500000000000040000000000
11321402000300100109052111360000090000020000000340000000034000000000000000000000000000100000000006600000
123214020004001001090521113600000000000000000000000000000000000000000000000340000000000000000000000000000000
07321403000000100109052111420000000000000000100000000000000000
093214030001001001090521114200000000000002130016280000000487000000000000000000000000000000100000001400000000000010000000000
093214030002001001090521114200000000000002120020540000000820000000000000000000000000000000100000001000000000000010000000000
093214030003001001090521114200000000000002080021880000000435000000000000000000000000000000100000001500000000000010000000000
093214030004001001090521114200000000000004090000020000000200I 0300000000000000000000000000000000000180000000000030000000000
093214030005001001090521114200000000000004040000020000000200I 0300000000000000000000000000000000000270000000000030000000000
11321403000600100109052111420000090000050000002142000000214200000000000000000000000000214200000000000000
123214030007001001090521114203010000000000000000000000000000000000000000002142000000000000000000000000000000
07321404000000100109052111450000000000000000100000000000000000
093214040001001001090521114500000000000003050000010000000120000000000000000000000000000000000000000500000000000040000000000
093214040002001001090521114500000000000003040000010000000120000000000000000000000000000000000000000500000000000040000000000
11321404000300100109052111450000090000020000000240000000024000000000000000000000000000024000000000000000
123214040004001001090521114500000000000000000000000000000000000000000000000240000000000000000000000000000000
07321405000000100109052111470000000000000000100000000000000000
093214050001001001090521114700000000000003030000010000000120000000000000000000000000000000000000000560000000000040000000000
093214050002001001090521114700000000000003030000010000000120000000000000000000000000000000000000000560000000000040000000000
093214050003001001090521114700000000000003030000010000000120000000000000000000000000000000000000000560000000000040000000000
093214050004001001090521114700000000000001070000540000000135000000000000000000000000000000100000007000000000000020000000000
11321405000500100109052111470000090000040000000495000000049500000000000000000000000000049500000000000000
123214050006001001090521114700000000000000000000000000000000000000000000000495000000000000000000000000000000
07321406000000100109052111490000000000000000100000000000000000
093214060001001001090521114900000000000003050000010000000120000000000000000000000000000000000000000500000000000040000000000
11321406000200100109052111490000090000010000000120000000012000000000000000000000000000050000000003800000
123214060003001001090521114900000000000000000000000000000000000000000000000120000000000000000000000000000000
07321407000000100109052111540000000000000000100000000000000000
093214070001001001090521115400000000000003030000010000000120000000000000000000000000000000000000000560000000000040000000000
093214070002001001090521115400000000000001030011220000000223000000000000000000000000000000100000000300000000000020000000000
11321407000300100109052111540000090000020000000343000000034300000000000000000000000000034300000000000000
123214070004001001090521115403050000000000000000000000000000000000000000000343000000000000000000000000000000
07321408000000100109052111570000000000000000100000000000000000
093214080001001001090521115700000000000003030000010000000120000000000000000000000000000000000000000560000000000040000000000
093214080002001001090521115700000000000003050000010000000120000000000000000000000000000000000000000500000000000040000000000
093214080003001001090521115700000000000005020000010000000100I 0000000000000000000000000000000000000000000000000020000000000
11321408000400100109052111570000090000030000000340000000034000000000000000000000000000034000000000000000
123214080005001001090521115700000000000000000000000000000000000000000000000340000000000000000000000000000000
07321409000000100109052111590000000000000000100000000000000000
093214090001001001090521115900000000000001240002320000000162000000000000000000000000000000100000001670000000000020000000000
093214090002001001090521115900000000000003040000010000000120000000000000000000000000000000000000000500000000000040000000000
11321409000300100109052111590000090000020000000282000000028200000000000000000000000000050000000002180000
123214090004001001090521115900000000000000000000000000000000000000000000000282000000000000000000000000000000
07321410000000100109052112010000000000000000100000000000000000
093214100001001001090521120100000000000002010019820000000692000000000000000000000000000000100000001250000000000010000000000
093214100002001001090521120100000000000002050015520000000464000000000000000000000000000000100000000890000000000030000000000
11321410000300100109052112010000090000020000001156000000115600000000000000000000000000115600000000000000
123214100004001001090521120100000000000000000000000000000000000000000000001156000000000000000000000000000000
07321411000000100109052112080000000000000000100000000000000000
093214110001001001090521120800000000000003040000010000000120000000000000000000000000000000000000000500000000000040000000000
093214110002001001090521120800000000000001320002660000000399000000000000000000000000000000100000006000000000000020000000000
11321411000300100109052112080000090000020000000519000000051900000000000000000000000000200000000014810000
123214110004001001090521120800000000000000000000000000000000000000000000000519000000000000000000000000000000
07321412000000100109052112130000000000000000100000000000000000
093214120001001001090521121300000000000003030000010000000120000000000000000000000000000000000000000560000000000040000000000
093214120002001001090521121300000000000003150000010000000200000000000000000000000000000000000000000830000000000040000000000
093214120003001001090521121300000000000001240001040000000073000000000000000000000000000000100000001670000000000020000000000
093214120004001001090521121300000000000001080002580000000129000000000000000000000000000000100000000500000000000020000000000
093214120005001001090521121300000000000002090002360000000094000000000000000000000000000000100000001940000000000010000000000
093214120006001001090521121300000000000002030003680000000147000000000000000000000000000000100000001250000000000010000000000
093214120007001001090521121300000000000002260003660000000183000000000000000000000000000000100000001800000000000010000000000
093214120008001001090521121300000000000002050002940000000088000000000000000000000000000000100000000890000000000030000000000
093214120009001001090521121300000000000002330001000000000250000000000000000000000000000000100000005760000000000010000000000
093214120010001001090521121300000000000002070002340000000093000000000000000000000000000000100000001000000000000020000000000
093214120011001001090521121300000000000002190000010000000799000000000000000000000000000000000000001750000000000010000000000
11321412001200100109052112130000090000110000002176000000217600000000000000000000000000220000000000240000
123214120013001001090521121300000000000000000000000000000000000000000000002176000000000000000000000000000000
07321413000000100109052112140000000000000000100000000000000000
093214130001001001090521121400000000000002220000010000000299000000000000000000000000000000000000000800000000000010000000000
11321413000200100109052112140000090000010000000299000000029900000000000000000000000000029900000000000000
123214130003001001090521121400000000000000000000000000000000000000000000000299000000000000000000000000000000
07321414000000100109052112150000000000000000100000000000000000
093214140001001001090521121500000000000003030000010000000120000000000000000000000000000000000000000560000000000040000000000
11321414000200100109052112150000090000010000000120000000012000000000000000000000000000012000000000000000
123214140003001001090521121502010000000000000000000000000000000000310000000120000000000000000000000000000000
103214140004001001090521121501000000000000003100000001200000000000000096000009
14321415000000100109052112180000010000000000
07321416000000100109052112190000000000000000100000000000000000
093214160001001001090521121900000000000002210005880000000352000000000000000000000000000000100000004330000000000010000000000
093214160002001001090521121900000000000003020000010000000100000000000000000000000000000000000000000250000000000000000000000
11321416000300100109052112190000090000020000000452000000045200000000000000000000000000045200000000000000
123214160004001001090521121900000000000000000000000000000000000000000000000452000000000000000000000000000000
07321417000000100109052112210000000000000000100000000000000000
093214170001001001090521122100000000000003070000010000000120000000000000000000000000000000000000000500000000000040000000000
11321417000200100109052112210000090000010000000120000000012000000000000000000000000000012000000000000000
123214170003001001090521122100000000000000000000000000000000000000000000000120000000000000000000000000000000
07321418000000100109052112250000000000000000100000000000000000
093214180001001001090521122500000000000003030000010000000120000000000000000000000000000000000000000560000000000040000000000
093214180002001001090521122500000000000001050002300000000057000000000000000000000000000000100000000830000000000020000000000
093214180003001001090521122500000000000001290006080000000121000000000000000000000000000000100000000250000000000020000000000
093214180004001001090521122500000000000001070000620000000155000000000000000000000000000000100000007000000000000020000000000
11321418000500100109052112250000090000040000000453000000045300000000000000000000000000200000000015470000
123214180006001001090521122500000000000000000000000000000000000000000000000453000000000000000000000000000000
063214180007001001090521124400000100000130000000000000000000000000000000000000000000
0432141900000010010905211244000001321349321419000002296925440000022975056209052100000573500000000000000000000000000000000001000000000000000000000000000000000000000000000000000000000000000000000000000000001234567890AB        
