01321691000000100112052208450000010000000100000002300923781.82G5E   1234567890AB        Generica            
02321691000100100112052208450000010000040000000000
14321692000000100112052208480000010000000000
07321693000000100112052208520000000000000000100000000000000000
093216930001001001120522085200000000000001170014360000000429000000000000000000000000000000100000001430000000000020000000000
093216930002001001120522085200000000000002070002740000000137000000000000000000000000000000100000003600000000000020000000000
093216930003001001120522085200000000000001170007940000000237000000000000000000000000000000100000001430000000000020000000000
093216930004001001120522085200000000000001170010100000000302000000000000000000000000000000100000001430000000000020000000000
093216930005001001120522085200000000000001170003360000000100000000000000000000000000000000100000001430000000000020000000000
17321693000600100112052208520000000000000699
093216930007001001120522085200000000000001170008480000000254000000000000000000000000000000100000001430000000000020000000000
093216930008001001120522085200000000000001040001220000000061000000000000000000000000000000100000002750000000000020000000000
11321693000900100112052208520000040000070000001520000000152000000000000000000000000000152000000000000000
123216930010001001120522085203020000000000000000000000000000000000000000001520000000000000000000000000000000
14321694000000100112052208560000010000000000
07321695000000100112052208580000000000000000100000000000000000
093216950001001001120522085800000000000001050003040000000152000000000000000000000000000000100000002000000000000020000000000
093216950002001001120522085800000000000001290005080000000152000000000000000000000000000000100000000250000000000020000000000
093216950003001001120522085800000000000001130006660000000133000000000000000000000000000000100000001500000000000020000000000
093216950004001001120522085800000000000002070007720000000231000000000000000000000000000000100000002990000000000020000000000
093216950005001001120522085800000000000002040002520000000045000000000000000000000000000000100000001800000000000010000000000
11321695000600100112052208580000040000050000000713000000071300000000000000000000000000200000000012870000
123216950007001001120522085800000000000000000000000000000000000000000000000713000000000000000000000000000000
07321696000000100112052209030000000000000000100000000000000000
093216960001001001120522090300000000000002200000010000000399000000000000000000000000000000000000000990000000000010000000000
093216960002001001120522090300000000000001070000520000000083000000000000000000000000000000100000010000000000000020000000000
093216960003001001120522090300000000000001040001680000000117000000000000000000000000000000100000002750000000000020000000000
093216960004001001120522090300000000000002260004180000000292000000000000000000000000000000100000003000000000000010000000000
093216960005001001120522090300000000000002070006100000000182000000000000000000000000000000100000002990000000000020000000000
093216960006001001120522090300000000000002090003700000000407000000000000000000000000000000100000004720000000000010000000000
11321696000700100112052209030000040000060000001480000000148000000000000000000000000000148000000000000000
123216960008001001120522090302010000000000000000000000000000000000030000001480000000000000000000000000000000
103216960009001001120522090301000000000000000300000014800000000000000251000004
07321697000000100112052209150000000000000000100000000000000000
093216970001001001120522091500000000000002140009480000000757000000000000000000000000000000100000003670000000000010000000000
093216970002001001120522091500000000000003290000020000002200I 0300000000000000000000000000000000007000000000000050000000000
11321697000300100112052209150000040000020000002957000000295700000000000000000000000000295700000000000000
123216970004001001120522091503020000000000000000000000000000000000000000002957000000000000000000000000000000
07321698000000100112052209160000000000000000100000000000000000
093216980001001001120522091600000000000003050000020000000300000000000000000000000000000000000000000700000000000040000000000
093216980002001001120522091600000000000002140011060000000884000000000000000000000000000000100000003670000000000010000000000
093216980003001001120522091600000000000001080003060000000214000000000000000000000000000000100000003000000000000020000000000
11321698000400100112052209160000040000030000001398000000139800000000000000000000000000200000000006020000
123216980005001001120522091600000000000000000000000000000000000000000000001398000000000000000000000000000000
07321699000000100112052209220000000000000000100000000000000000
093216990001001001120522092200000000000001290005840000000175000000000000000000000000000000100000000250000000000020000000000
093216990002001001120522092200000000000001140006060000000242000000000000000000000000000000100000001790000000000020000000000
093216990003001001120522092200000000000002080005100000000152000000000000000000000000000000100000000500000000000010000000000
11321699000400100112052209220000040000030000000569000000056900000000000000000000000000056900000000000000
123216990005001001120522092200000000000000000000000000000000000000000000000569000000000000000000000000000000
07321700000000100112052209250000000000000000100000000000000000
093217000001001001120522092500000000000002040004400000000079000000000000000000000000000000100000001800000000000010000000000
11321700000200100112052209250000040000010000000079000000007900000000000000000000000000007900000000000000
123217000003001001120522092500000000000000000000000000000000000000000000000079000000000000000000000000000000
07321701000000100112052209310000000000000000100000000000000000
093217010001001001120522093100000000000003030000010000000150000000000000000000000000000000000000000830000000000040000000000
093217010002001001120522093100000000000003070000020000000300000000000000000000000000000000000000000700000000000040000000000
093217010003001001120522093100000000000003030000010000000150000000000000000000000000000000000000000830000000000040000000000
093217010004001001120522093100000000000002040008480000000152000000000000000000000000000000100000001800000000000010000000000
093217010005001001120522093100000000000002010021760000000651000000000000000000000000000000100000002150000000000010000000000
093217010006001001120522093100000000000002130014200000000354000000000000000000000000000000100000001400000000000010000000000
11321701000700100112052209310000040000060000001757000000175700000000000000000000000000500000000032430000
123217010008001001120522093100000000000000000000000000000000000000000000001757000000000000000000000000000000
07321702000000100112052209330000000000000000100000000000000000
093217020001001001120522093300000000000001290006420000000192000000000000000000000000000000100000000250000000000020000000000
093217020002001001120522093300000000000001070001220000000195000000000000000000000000000000100000010000000000000020000000000
11321702000300100112052209330000040000020000000387000000038700000000000000000000000000050000000001130000
123217020004001001120522093300000000000000000000000000000000000000000000000387000000000000000000000000000000
07321703000000100112052209340000000000000000100000000000000000
093217030001001001120522093400000000000001180008260000000330000000000000000000000000000000100000001000000000000020000000000
093217030002001001120522093400000000000001290006540000000196000000000000000000000000000000100000000250000000000020000000000
093217030003001001120522093400000000000003030000010000000150000000000000000000000000000000000000000830000000000040000000000
11321703000400100112052209340000040000030000000676000000067600000000000000000000000000070000000000240000
123217030005001001120522093400000000000000000000000000000000000000000000000676000000000000000000000000000000
07321704000000100112052209360000000000000000100000000000000000
093217040001001001120522093600000000000001020005680000000198000000000000000000000000000000100000001200000000000020000000000
093217040002001001120522093600000000000001070000420000000067000000000000000000000000000000100000010000000000000020000000000
093217040003001001120522093600000000000003010000010000000750000000000000000000000000000000000000006000000000000050000000000
11321704000400100112052209360000040000030000001015000000101500000000000000000000000000101500000000000000
123217040005001001120522093603020000000000000000000000000000000000000000001015000000000000000000000000000000
07321705000000100112052209450000000000000000100000000000000000
093217050001001001120522094500000000000002080015960000000477000000000000000000000000000000100000000500000000000010000000000
093217050002001001120522094500000000000001120021840000000653000000000000000000000000000000100000001000000000000020000000000
093217050003001001120522094500000000000005020000200000002000I 0000000000000000000000000000000000000000000000000020000000000
11321705000400100112052209450000040000030000003130000000313000000000000000000000000000313000000000000000
123217050005001001120522094503020000000000000000000000000000000000000000003130000000000000000000000000000000
07321706000000100112052209460000000000000000100000000000000000
093217060001001001120522094600000000000003040000020000000200000000000000000000000000000000000000000700000000000040000000000
093217060002001001120522094600000000000003030000010000000150000000000000000000000000000000000000000830000000000040000000000
11321706000300100112052209460000040000020000000350000000035000000000000000000000000000035000000000000000
123217060004001001120522094603060000000000000000000000000000000000000000000350000000000000000000000000000000
07321707000000100112052209460000000000000000100000000000000000
093217070001001001120522094600000000000003030000020000000300000000000000000000000000000000000000000830000000000040000000000
11321707000200100112052209460000040000010000000300000000030000000000000000000000000000100000000007000000
123217070003001001120522094600000000000000000000000000000000000000000000000300000000000000000000000000000000
07321708000000100112052209470000000000000000100000000000000000
093217080001001001120522094700000000000001080012540000000877000000000000000000000000000000100000003000000000000020000000000
11321708000200100112052209470000040000010000000877000000087700000000000000000000000001000000000091230000
123217080003001001120522094700000000000000000000000000000000000000000000000877000000000000000000000000000000
07321709000000100112052209500000000000000000100000000000000000
093217090001001001120522095000000000000002430006120000000305000000000000000000000000000000100000000000000000000010000000000
11321709000200100112052209500000040000010000000305000000030500000000000000000000000000030500000000000000
123217090003001001120522095000000000000000000000000000000000000000000000000305000000000000000000000000000000
07321710000000100112052209530000000000000000100000000000000000
093217100001001001120522095300000000000002010011700000000350000000000000000000000000000000100000002150000000000010000000000
11321710000200100112052209530000040000010000000350000000035000000000000000000000000000035000000000000000
123217100003001001120522095300000000000000000000000000000000000000000000000350000000000000000000000000000000
07321711000000100112052209550000000000000000100000000000000000
093217110001001001120522095500000000000002480002900000000087000000000000000000000000000000100000003000000000000050000000000
093217110002001001120522095500000000000002070009140000000273000000000000000000000000000000100000002990000000000020000000000
093217110003001001120522095500000000000002250004540000000317000000000000000000000000000000100000002670000000000010000000000
11321711000400100112052209550000040000030000000677000000067700000000000000000000000000067700000000000000
123217110005001001120522095503010000000000000000000000000000000000000000000677000000000000000000000000000000
07321712000000100112052209560000000000000000100000000000000000
093217120001001001120522095600000000000005020000010000000100I 0000000000000000000000000000000000000000000000000020000000000
11321712000200100112052209560000040000010000000100000000010000000000000000000000000000010000000000000000
123217120003001001120522095602010000000000000000000000000000000000220000000100000000000000000000000000000000
103217120004001001120522095601000000000000002200000001000000000000000976000004
07321713000000100112052210030000000000000000100000000000000000
093217130001001001120522100300000000000003030000030000000450000000000000000000000000000000000000000830000000000040000000000
093217130002001001120522100300000000000003040000010000000100000000000000000000000000000000000000000700000000000040000000000
093217130003001001120522100300000000000001080009440000000660000000000000000000000000000000100000003000000000000020000000000
093217130004001001120522100300000000000001040010180000000712000000000000000000000000000000100000002750000000000020000000000
093217130005001001120522100300000000000002430021220000001059000000000000000000000000000000100000000000000000000010000000000
11321713000600100112052210030000040000050000002981000000298100000000000000000000000001000000000070190000
123217130007001001120522100300000000000000000000000000000000000000000000002981000000000000000000000000000000
07321714000000100112052210050000000000000000100000000000000000
093217140001001001120522100500000000000001290008660000000259000000000000000000000000000000100000000250000000000020000000000
093217140002001001120522100500000000000001050004380000000219000000000000000000000000000000100000002000000000000020000000000
093217140003001001120522100500000000000003040000010000000100000000000000000000000000000000000000000700000000000040000000000
11321714000400100112052210050000040000030000000578000000057800000000000000000000000000100000000004220000
123217140005001001120522100500000000000000000000000000000000000000000000000578000000000000000000000000000000
07321715000000100112052210070000000000000000100000000000000000
093217150001001001120522100700000000000002430019100000000953000000000000000000000000000000100000000000000000000010000000000
093217150002001001120522100700000000000001150002500000000175000000000000000000000000000000100000003130000000000020000000000
093217150003001001120522100700000000000002460006820000000340000000000000000000000000000000100000003600000000000010000000000
093217150004001001120522100700000000000001180002320000000093000000000000000000000000000000100000001000000000000020000000000
11321715000500100112052210070000040000040000001561000000156100000000000000000000000000200000000004390000
123217150006001001120522100700000000000000000000000000000000000000000000001561000000000000000000000000000000
07321716000000100112052210090000000000000000100000000000000000
093217160001001001120522100900000000000002070015580000000466000000000000000000000000000000100000002990000000000020000000000
11321716000200100112052210090000040000010000000466000000046600000000000000000000000000046600000000000000
123217160003001001120522100900000000000000000000000000000000000000000000000466000000000000000000000000000000
07321717000000100112052210100000000000000000100000000000000000
093217170001001001120522101000000000000001140003440000000137000000000000000000000000000000100000001790000000000020000000000
093217170002001001120522101000000000000001020008840000000309000000000000000000000000000000100000001200000000000020000000000
093217170003001001120522101000000000000005020000010000000100I 0000000000000000000000000000000000000000000000000020000000000
11321717000400100112052210100000040000030000000546000000054600000000000000000000000000070000000001540000
123217170005001001120522101000000000000000000000000000000000000000000000000546000000000000000000000000000000
07321718000000100112052210140000000000000000100000000000000000
093217180001001001120522101400000000000003040000010000000100000000000000000000000000000000000000000700000000000040000000000
17321718000200100112052210140000000000000100
093217180003001001120522101400000000000003050000010000000150000000000000000000000000000000000000000700000000000040000000000
093217180004001001120522101400000000000002220000010000000399000000000000000000000000000000000000001500000000000010000000000
11321718000500100112052210140000040000030000000649000000064900000000000000000000000000064900000000000000
123217180006001001120522101403020000000000000000000000000000000000000000000649000000000000000000000000000000
07321719000000100112052210160000000000000000100000000000000000
093217190001001001120522101600000000000003040000010000000100000000000000000000000000000000000000000700000000000040000000000
11321719000200100112052210160000040000010000000100000000010000000000000000000000000000010000000000000000
123217190003001001120522101600000000000000000000000000000000000000000000000100000000000000000000000000000000
07321720000000100112052210230000000000000000100000000000000000
093217200001001001120522102300000000000002080003900000000117000000000000000000000000000000100000000500000000000010000000000
11321720000200100112052210230000040000010000000117000000011700000000000000000000000000020000000000830000
123217200003001001120522102300000000000000000000000000000000000000000000000117000000000000000000000000000000
07321721000000100112052210240000000000000000100000000000000000
093217210001001001120522102400000000000002430001660000000083000000000000000000000000000000100000000000000000000010000000000
11321721000200100112052210240000040000010000000083000000008300000000000000000000000000008300000000000000
123217210003001001120522102400000000000000000000000000000000000000000000000083000000000000000000000000000000
07321722000000100112052210250000000000000000100000000000000000
093217220001001001120522102500000000000003040000010000000100000000000000000000000000000000000000000700000000000040000000000
11321722000200100112052210250000040000010000000100000000010000000000000000000000000000010000000000000000
123217220003001001120522102500000000000000000000000000000000000000000000000100000000000000000000000000000000
07321723000000100112052210300000000000000000100000000000000000
093217230001001001120522103000000000000002010005580000000167000000000000000000000000000000100000002150000000000010000000000
11321723000200100112052210300000040000010000000167000000016700000000000000000000000000016700000000000000
123217230003001001120522103000000000000000000000000000000000000000000000000167000000000000000000000000000000
07321724000000100112052210320000000000000000100000000000000000
093217240001001001120522103200000000000005020000050000000500I 0000000000000000000000000000000000000000000000000020000000000
093217240002001001120522103200000000000002080004560000000136000000000000000000000000000000100000000500000000000010000000000
11321724000300100112052210320000040000020000000636000000063600000000000000000000000000200000000013640000
123217240004001001120522103200000000000000000000000000000000000000000000000636000000000000000000000000000000
07321725000000100112052210540000000000000000100000000000000000
093217250001001001120522105400000000000003040000020000000200000000000000000000000000000000000000000700000000000040000000000
093217250002001001120522105400000000000002070011320000000338000000000000000000000000000000100000002990000000000020000000000
093217250003001001120522105400000000000001050010440000000521000000000000000000000000000000100000002000000000000020000000000
093217250004001001120522105400000000000001290013680000000409000000000000000000000000000000100000000250000000000020000000000
093217250005001001120522105400000000000001070010440000001669000000000000000000000000000000100000010000000000000020000000000
093217250006001001120522105400000000000002200000010000000399000000000000000000000000000000000000000990000000000010000000000
093217250007001001120522105400000000000002200000010000000399000000000000000000000000000000000000000990000000000010000000000
11321725000800100112052210540000040000070000003935000000393500000000000000000000000000393500000000000000
123217250009001001120522105403010000000000000000000000000000000000000000003935000000000000000000000000000000
07321726000000100112052210560000000000000000100000000000000000
093217260001001001120522105600000000000001060011020000000550000000000000000000000000000000100000002990000000000020000000000
11321726000200100112052210560000040000010000000550000000055000000000000000000000000000055000000000000000
123217260003001001120522105600000000000000000000000000000000000000000000000550000000000000000000000000000000
07321727000000100112052210570000000000000000100000000000000000
093217270001001001120522105700000000000003040000010000000100000000000000000000000000000000000000000700000000000040000000000
093217270002001001120522105700000000000002030002920000000146000000000000000000000000000000100000002990000000000010000000000
093217270003001001120522105700000000000002070003840000000115000000000000000000000000000000100000002990000000000020000000000
093217270004001001120522105700000000000001180002280000000091000000000000000000000000000000100000001000000000000020000000000
11321727000500100112052210570000040000040000000452000000045200000000000000000000000000050000000000480000
123217270006001001120522105700000000000000000000000000000000000000000000000452000000000000000000000000000000
07321728000000100112052211000000000000000000100000000000000000
093217280001001001120522110000000000000001290003640000000109000000000000000000000000000000100000000250000000000020000000000
093217280002001001120522110000000000000001130006080000000121000000000000000000000000000000100000001500000000000020000000000
11321728000300100112052211000000040000020000000230000000023000000000000000000000000000050000000002700000
123217280004001001120522110000000000000000000000000000000000000000000000000230000000000000000000000000000000
07321729000000100112052211010000000000000000100000000000000000
093217290001001001120522110100000000000001010018340000000732000000000000000000000000000000100000001400000000000020000000000
093217290002001001120522110100000000000001130019440000000387000000000000000000000000000000100000001500000000000020000000000
11321729000300100112052211010000040000020000001119000000111900000000000000000000000000111900000000000000
123217290004001001120522110103010000000000000000000000000000000000000000001119000000000000000000000000000000
07321730000000100112052211040000000000000000100000000000000000
093217300001001001120522110400000000000001120004520000000135000000000000000000000000000000100000001000000000000020000000000
093217300002001001120522110400000000000002010004020000000120000000000000000000000000000000100000002150000000000010000000000
11321730000300100112052211040000040000020000000255000000025500000000000000000000000000050000000002450000
123217300004001001120522110400000000000000000000000000000000000000000000000255000000000000000000000000000000
07321731000000100112052211060000000000000000100000000000000000
093217310001001001120522110600000000000002040008100000000145000000000000000000000000000000100000001800000000000010000000000
11321731000200100112052211060000040000010000000145000000014500000000000000000000000000014500000000000000
123217310003001001120522110600000000000000000000000000000000000000000000000145000000000000000000000000000000
07321732000000100110062221120000000000000000100000000000000000
093217320001001001100622211200000000000001070009100000002001000000000000000000000000000000100000010000000000000020000000000
093217320002001001100622211200000000000005020000060000000600I 0000000000000000000000000000000000000000000000000020000000000
093217320003001001100622211200000000000002200000030000001797000000000000000000000000000000000000000990000000000010000000000
11321732000400100110062221120000040000030000004398000000439800000000000000000000000000439800000000000000
123217320005001001100622211200000000000000000000000000000000000000000000004398000000000000000000000000000000
07321733000000100110062221140000000000000000100000000000000000
093217330001001001100622211400000000000002270004100000000615000000000000000000000000000000100000005000000000000010000000000
093217330002001001100622211400000000000001040002220000000133000000000000000000000000000000100000002750000000000020000000000
093217330003001001100622211400000000000001210000010000000699000000000000000000000000000000000000001000000000000020000000000
093217330004001001100622211400000000000003110000010000000499000000000000000000000000000000000000001000000000000040000000000
093217330005001001100622211400000000000003210000010000000299000000000000000000000000000000000000000830000000000040000000000
093217330006001001100622211400000000000001310000020000000798000000000000000000000000000000000000002500000000000020000000000
093217330007001001100622211400000000000005050000010000000600I 0100000000000000000000000000000000006000000000000030000000000
093217330008001001100622211400000000000001070006040000001328000000000000000000000000000000100000010000000000000020000000000
093217330009001001100622211400000000000002040003760000000075000000000000000000000000000000100000000500000000000010000000000
093217330010001001100622211400000000000001250010000000000199I 0000000000000000000000000000100000000530000000000020000000000
11321733001100100110062221140000040000100000005245000000524500000000000000000000000000524500000000000000
123217330012001001100622211403020000000000000000000000000000000000000000005245000000000000000000000000000000
14321734000000100128062216180000010000000000
07321735000000100128062216230000000000000000100000000000000000
17321735000100100128062216230000000000000100
17321735000200100128062216230000000000000050
17321735000300100128062216230000000000000070
11321735000400100128062216230000040000000000000000000000000000000000000000000000000000010000000001000000
123217350005001001280622162300000000000000000000000000000000000000000000000000000000000000000000000000000000
14321736000000100128062216330000010000000000
14321737000000100128062216340000010000000000
14321738000000100128062216360000010000000000
14321739000000100107082212430000010000000000
14321740000000100107082212440000010000000000
14321741000000100111082219360000010000000000
07321742000000100111082219380000000000000000100000000000000000
093217420001001001110822193800000000000003050000010000000100000000000000000000000000000000000000000700000000000040000000000
11321742000200100111082219380000040000010000000100000000010000000000000000000000000000010000000000000000
123217420003001001110822193800000000000000000000000000000000000000000000000100000000000000000000000000000000
07321743000000100111082219410000000000000000100000000000000000
093217430001001001110822194100000000000002040004240000000212000000000000000000000000000000100000000500000000000010000000000
11321743000200100111082219410000040000010000000212000000021200000000000000000000000000021200000000000000
123217430003001001110822194100000000000000000000000000000000000000000000000212000000000000000000000000000000
07321744000000100111082219480000000000000000100000000000000000
093217440001001001110822194800000000000001010009280000000324000000000000000000000000000000100000001400000000000020000000000
093217440002001001110822194800000000000001040002940000000176000000000000000000000000000000100000002750000000000020000000000
093217440003001001110822194800000000000001080002840000000085000000000000000000000000000000100000001000000000000020000000000
093217440004001001110822194800000000000001010005400000000188000000000000000000000000000000100000001400000000000020000000000
11321744000500100111082219480000040000040000000773000000077300000000000000000000000000100000000002270000
123217440006001001110822194800000000000000000000000000000000000000000000000773000000000000000000000000000000
07321745000000100111082219500000000000000000100000000000000000
093217450001001001110822195000000000000002080014480000000723000000000000000000000000000000100000000500000000000010000000000
093217450002001001110822195000000000000002030025700000001282000000000000000000000000000000100000002990000000000010000000000
093217450003001001110822195000000000000001370010360000000828000000000000000000000000000000100000001000000000000010000000000
093217450004001001110822195000000000000002050015020000000749000000000000000000000000000000100000000890000000000030000000000
093217450005001001110822195000000000000001080007860000000235000000000000000000000000000000100000001000000000000020000000000
093217450006001001110822195000000000000005480000010000000250I 0300000000000000000000000000000000000000000000000030000000000
11321745000700100111082219500000040000060000004067000000406700000000000000000000000000500000000009330000
123217450008001001110822195000000000000000000000000000000000000000000000004067000000000000000000000000000000
07321746000000100111082219520000000000000000100000000000000000
093217460001001001110822195200000000000003190000010000000400000000000000000000000000000000000000002000000000000050000000000
093217460002001001110822195200000000000001080006340000000190000000000000000000000000000000100000001000000000000020000000000
093217460003001001110822195200000000000003030000010000000100000000000000000000000000000000000000000830000000000040000000000
11321746000400100111082219520000040000030000000690000000069000000000000000000000000000100000000003100000
123217460005001001110822195200000000000000000000000000000000000000000000000690000000000000000000000000000000
14321747000000100111082219530000010000000100
07321748000000100111082219590000000000000000100000000000000000
093217480001001001110822195900000000000001080003260000000097000000000000000000000000000000100000001000000000000020000000000
11321748000200100111082219590000040000010000000097000000009700000000000000000000000000009700000000000000
123217480003001001110822195900000000000000000000000000000000000000000000000097000000000000000000000000000000
07321749000000100111082220140000000000000000100000000000000000
093217490001001001110822201400000000000002050018280000000912000000000000000000000000000000100000000890000000000030000000000
11321749000200100111082220140000040000010000000912000000091200000000000000000000000000091200000000000000
123217490003001001110822201403020000000000000000000000000000000000000000000912000000000000000000000000000000
07321750000000100111082220170000000000000000100000000000000000
093217500001001001110822201700000000000005480000020000000500I 0300000000000000000000000000000000000000000000000030000000000
11321750000200100111082220170000040000010000000500000000050000000000000000000000000000050000000000000000
123217500003001001110822201700000000000000000000000000000000000000000000000500000000000000000000000000000000
07321751000000100111082220240000000000000000100000000000000000
093217510001001001110822202400000000000002050006840000000341000000000000000000000000000000100000000890000000000030000000000
11321751000200100111082220240000040000010000000341000000034100000000000000000000000000100000000006590000
123217510003001001110822202400000000000000000000000000000000000000000000000341000000000000000000000000000000
14321752000000100111082220320000010000001277
07321753000000100111082220370000000000000000100000000000000000
093217530001001001110822203700000000000001080002860000000086000000000000000000000000000000100000001000000000000020000000000
093217530002001001110822203700000000000001050000940000000033000000000000000000000000000000100000002000000000000020000000000
11321753000300100111082220370000040000020000000119000000011900000000000000000000000000011900000000000000
123217530004001001110822203700000000000000000000000000000000000000000000000119000000000000000000000000000000
07321754000000100111082220390000000000000000100000000000000000
093217540001001001110822203900000000000005320000010000000199I 0100000000000000000000000000000000001490000000000080000000000
093217540002001001110822203900000000000001010006920000000242000000000000000000000000000000100000001400000000000020000000000
093217540003001001110822203900000000000001040001240000000074000000000000000000000000000000100000002750000000000020000000000
093217540004001001110822203900000000000002070005780000000288000000000000000000000000000000100000001990000000000020000000000
093217540005001001110822203900000000000002110003640000000364000000000000000000000000000000100000002990000000000010000000000
11321754000600100111082220390000040000050000001167000000116700000000000000000000000000116700000000000000
123217540007001001110822203903020000000000000000000000000000000000000000001167000000000000000000000000000000
07321755000000100111082220450000000000000000100000000000000000
093217550001001001110822204500000000000005020000010000000100I 0000000000000000000000000000000000000100000000000020000000000
093217550002001001110822204500000000000001240004940000000592000000000000000000000000000000100000001670000000000020000000000
11321755000300100111082220450000040000020000000692000000069200000000000000000000000000100000000003080000
123217550004001001110822204500000000000000000000000000000000000000000000000692000000000000000000000000000000
07321756000000100111082220490000000000000000100000000000000000
093217560001001001110822204900000000000001130003940000000157000000000000000000000000000000100000001500000000000020000000000
093217560002001001110822204900000000000001120002200000000132000000000000000000000000000000100000001000000000000020000000000
093217560003001001110822204900000000000001220004660000000233000000000000000000000000000000100000001500000000000020000000000
11321756000400100111082220490000040000030000000522000000052200000000000000000000000000100000000004780000
123217560005001001110822204900000000000000000000000000000000000000000000000522000000000000000000000000000000
07321757000000100111082220550000000000000000100000000000000000
093217570001001001110822205500000000000003030000020000000200000000000000000000000000000000000000000830000000000040000000000
093217570002001001110822205500000000000001240002800000000336000000000000000000000000000000100000001670000000000020000000000
11321757000300100111082220550000040000020000000536000000053600000000000000000000000000200000000014640000
123217570004001001110822205500000000000000000000000000000000000000000000000536000000000000000000000000000000
07321758000000100111082220580000000000000000100000000000000000
093217580001001001110822205800000000000001150002700000000270000000000000000000000000000000100000003130000000000020000000000
11321758000200100111082220580000040000010000000270000000027000000000000000000000000000500000000047300000
123217580003001001110822205800000000000000000000000000000000000000000000000270000000000000000000000000000000
07321759000000100111082220590000000000000000100000000000000000
093217590001001001110822205900000000000002150000020000000700000000000000000000000000000000000000001000000000000010000000000
093217590002001001110822205900000000000002070003620000000181000000000000000000000000000000100000001990000000000020000000000
11321759000300100111082220590000040000020000000881000000088100000000000000000000000000200000000011190000
123217590004001001110822205900000000000000000000000000000000000000000000000881000000000000000000000000000000
07321760000000100111082221040000000000000000100000000000000000
093217600001001001110822210400000000000002030018980000000947000000000000000000000000000000100000002990000000000010000000000
11321760000200100111082221040000040000010000000947000000094700000000000000000000000000094700000000000000
123217600003001001110822210400000000000000000000000000000000000000000000000947000000000000000000000000000000
063217600004001001110822210600000100000200000000000000000000000000000000000000000000
0432176100000010011108222112000001321691321761000002300923780000023015375511082200000557790000000000000000000000000013770001000000000000000000000000000000000000000000000000000000000000000000000000000000001234567890AB        
