01322714000000100127112308030000010000010000000002313081871.82G5E   1234567890AB        Generica            
02322714000100100127112308030000010000090000000000
14322715000000100127112308070000010000000000
14322716000000100127112308070000010000000000
14322717000000100127112308150000010000000000
14322718000000100127112308160000010000000000
14322719000000100127112308170000010000000000
14322720000200100127112308220000010000000000
14322721000000100127112308220000010000000177
14322722000000100127112308230000010000000000
14322723000000100127112308240000010000000177
07322724000000100127112308260000000000000000100000000000000000
093227240001001001271123082600000000000003250000040000000796000000000000000000000000000000000000000790000000000040000000000
11322724000200100127112308260000090000010000000796000000079600000000000000000000000000079600000000000000
123227240003001001271123082600000000000000000000000000000000000000000000000796000000000000000000000000000000
07322725000000100127112308350000000000000000100000000000000000
093227250001001001271123083500000000000001290011580000000057000000000000000000000000000000100000000250000000000020000000000
11322725000200100127112308350000090000010000000057000000005700000000000000000000000000005700000000000000
123227250003001001271123083500000000000000000000000000000000000000000000000057000000000000000000000000000000
07322726000000100127112308380000000000000000100000000000000000
093227260001001001271123083800000000000001050001240000000062000000000000000000000000000000100000000500000000000020000000000
11322726000200100127112308380000090000010000000062000000006200000000000000000000000000006200000000000000
123227260003001001271123083800000000000000000000000000000000000000000000000062000000000000000000000000000000
07322727000000100127112308490000000000000000100000000000000000
093227270001001001271123084900000000000005020000050000000500I 0000000000000000000000000000000000000100000000000060000000000
11322727000200100127112308490000090000010000000500000000050000000000000000000000000000050000000000000000
123227270003001001271123084900000000000000000000000000000000000000000000000500000000000000000000000000000000
07322728000000100127112308500000000000000000100000000000000000
093227280001001001271123085000000000000002090004740000000616000000000000000000000000000000100000004720000000000010000000000
093227280002001001271123085000000000000005020000010000000100I 0000000000000000000000000000000000000100000000000060000000000
093227280003001001271123085000000000000002040003200000000160000000000000000000000000000000100000000500000000000010000000000
11322728000400100127112308500000090000030000000876000000087600000000000000000000000000500000000041240000
123227280005001001271123085000000000000000000000000000000000000000000000000876000000000000000000000000000000
07322729000000100127112308570000000000000000100000000000000000
093227290001001001271123085700000000000001290007300000000036000000000000000000000000000000100000000250000000000020000000000
093227290002001001271123085700000000000002080008600000000515000000000000000000000000000000100000000500000000000010000000000
093227290003001001271123085700000000000002260007320000000365000000000000000000000000000000100000002000000000000010000000000
093227290004001001271123085700000000000002320000020000000398000000000000000000000000000000000000000500000000000010000000000
11322729000500100127112308570000090000040000001314000000131400000000000000000000000000131400000000000000
123227290006001001271123085703010000000000000000000000000000000000000000001314000000000000000000000000000000
07322730000000100127112309020000000000000000100000000000000000
093227300001001001271123090200000000000002080007360000000441000000000000000000000000000000100000000500000000000010000000000
11322730000200100127112309020000090000010000000441000000044100000000000000000000000000044100000000000000
123227300003001001271123090200000000000000000000000000000000000000000000000441000000000000000000000000000000
07322731000000100127112309020000000000000000100000000000000000
093227310001001001271123090200000000000002080008180000000490000000000000000000000000000000100000000500000000000010000000000
11322731000200100127112309020000090000010000000490000000049000000000000000000000000000049000000000000000
123227310003001001271123090200000000000000000000000000000000000000000000000490000000000000000000000000000000
07322732000000100127112309160000000000000000100000000000000000
093227320001001001271123091600000000000001290006740000000033000000000000000000000000000000100000000250000000000020000000000
093227320002001001271123091600000000000001050004160000000208000000000000000000000000000000100000000500000000000020000000000
093227320003001001271123091600000000000002070016040000001282000000000000000000000000000000100000001990000000000010000000000
11322732000400100127112309160000090000030000001523000000152300000000000000000000000000152300000000000000
123227320005001001271123091603010000000000000000000000000000000000000000001523000000000000000000000000000000
07322733000000100127112309250000000000000000100000000000000000
093227330001001001271123092500000000000005020000060000000600I 0000000000000000000000000000000000000100000000000060000000000
093227330002001001271123092500000000000005020000010000000100I 0000000000000000000000000000000000000100000000000060000000000
11322733000300100127112309250000090000020000000700000000070000000000000000000000000000070000000000000000
123227330004001001271123092502010000000000000000000000000000000000080000000700000000000000000000000000000000
103227330005001001271123092501000000000000000800000007000000000000000489000009
14322734000000100127112309280000010000000584
07322735000000100127112309290000000000000000100000000000000000
093227350001001001271123092900000000000001290009940000000049000000000000000000000000000000100000000250000000000020000000000
093227350002001001271123092900000000000001170010100000000201000000000000000000000000000000100000001000000000000020000000000
093227350003001001271123092900000000000001060010600000000423000000000000000000000000000000100000001500000000000020000000000
093227350004001001271123092900000000000001110010820000000324000000000000000000000000000000100000001990000000000020000000000
093227350005001001271123092900000000000001010020360000001016000000000000000000000000000000100000000500000000000020000000000
093227350006001001271123092900000000000001090002740000000219000000000000000000000000000000100000001500000000000020000000000
093227350007001001271123092900000000000001040010320000000825000000000000000000000000000000100000002000000000000020000000000
093227350008001001271123092900000000000006190000010000000500000000000000000000000000000000000000000000000000000060000000000
11322735000900100127112309290000090000080000003557000000355700000000000000000000000000355700000000000000
123227350010001001271123092903110000000000000000000000000000000000000000003557000000000000000000000000000000
07322736000000100127112309310000000000000000100000000000000000
093227360001001001271123093100000000000001290008720000000043000000000000000000000000000000100000000250000000000020000000000
093227360002001001271123093100000000000001050007480000000373000000000000000000000000000000100000000500000000000020000000000
093227360003001001271123093100000000000003250000010000000199000000000000000000000000000000000000000790000000000040000000000
11322736000400100127112309310000090000030000000615000000061500000000000000000000000000100000000003850000
123227360005001001271123093100000000000000000000000000000000000000000000000615000000000000000000000000000000
07322737000000100127112309440000000000000000100000000000000000
093227370001001001271123094400000000000003200000010000002299000000000000000000000000000000000000000000000000000050000000000
093227370002001001271123094400000000000001020013580000000338000000000000000000000000000000100000001200000000000020000000000
093227370003001001271123094400000000000001290018220000000089000000000000000000000000000000100000000250000000000020000000000
11322737000400100127112309440000090000030000002726000000272600000000000000000000000000272600000000000000
123227370005001001271123094403050000000000000000000000000000000000000000002726000000000000000000000000000000
07322738000000100127112309550000000000000000100000000000000000
093227380001001001271123095500000000000001010019260000000961000000000000000000000000000000100000000500000000000020000000000
093227380002001001271123095500000000000001040011800000000943000000000000000000000000000000100000002000000000000020000000000
093227380003001001271123095500000000000001250011680000000466I 0000000000000000000000000000100000000530000000000020000000000
093227380004001001271123095500000000000001060010360000000413000000000000000000000000000000100000001500000000000020000000000
093227380005001001271123095500000000000003250000060000001194000000000000000000000000000000000000000790000000000040000000000
11322738000600100127112309550000090000050000003977000000397700000000000000000000000000397700000000000000
123227380007001001271123095504000000000000000000000000000000000000000000003977000000000000000000000000000000
07322739000000100127112309570000000000000000100000000000000000
093227390001001001271123095700000000000002070013080000001045000000000000000000000000000000100000001990000000000010000000000
11322739000200100127112309570000090000010000001045000000104500000000000000000000000000200000000009550000
123227390003001001271123095700000000000000000000000000000000000000000000001045000000000000000000000000000000
07322740000000100127112309590000000000000000100000000000000000
093227400001001001271123095900000000000001070004520000001130000000000000000000000000000000100000005000000000000020000000000
11322740000200100127112309590000090000010000001130000000113000000000000000000000000000113000000000000000
123227400003001001271123095902010000000000000000000000000000000000210000001130000000000000000000000000000000
103227400004001001271123095901000000000000002100000011300000000000000483000009
07322741000000100127112310100000000000000000100000000000000000
093227410001001001271123101000000000000001010009260000000462000000000000000000000000000000100000000500000000000020000000000
093227410002001001271123101000000000000003250000010000000199000000000000000000000000000000000000000790000000000040000000000
11322741000300100127112310100000090000020000000661000000066100000000000000000000000000066100000000000000
123227410004001001271123101003100000000000000000000000000000000000000000000661000000000000000000000000000000
07322742000000100127112310110000000000000000100000000000000000
093227420001001001271123101100000000000001290023000000000113000000000000000000000000000000100000000250000000000020000000000
093227420002001001271123101100000000000003250000030000000597000000000000000000000000000000000000000790000000000040000000000
11322742000300100127112310110000090000020000000710000000071000000000000000000000000000100000000002900000
123227420004001001271123101100000000000000000000000000000000000000000000000710000000000000000000000000000000
07322743000000100127112310140000000000000000100000000000000000
093227430001001001271123101400000000000003250000020000000398000000000000000000000000000000000000000790000000000040000000000
093227430002001001271123101400000000000001110014840000000444000000000000000000000000000000100000001990000000000020000000000
093227430003001001271123101400000000000001290033560000000164000000000000000000000000000000100000000250000000000020000000000
11322743000400100127112310140000090000030000001006000000100600000000000000000000000000200000000009940000
123227430005001001271123101400000000000000000000000000000000000000000000001006000000000000000000000000000000
07322744000000100127112310150000000000000000100000000000000000
093227440001001001271123101500000000000001290006940000000034000000000000000000000000000000100000000250000000000020000000000
11322744000200100127112310150000090000010000000034000000003400000000000000000000000000003400000000000000
123227440003001001271123101500000000000000000000000000000000000000000000000034000000000000000000000000000000
07322745000000100127112310320000000000000000100000000000000000
093227450001001001271123103200000000000002250011920000000595000000000000000000000000000000100000002670000000000010000000000
093227450002001001271123103200000000000002090007980000001037000000000000000000000000000000100000004720000000000010000000000
093227450003001001271123103200000000000006190000010000000500000000000000000000000000000000000000000000000000000060000000000
11322745000400100127112310320000090000030000002132000000213200000000000000000000000000500000000028680000
123227450005001001271123103200000000000000000000000000000000000000000000002132000000000000000000000000000000
07322746000000100127112310360000000000000000100000000000000000
093227460001001001271123103600000000000002200000020000000998000000000000000000000000000000000000000990000000000010000000000
093227460002001001271123103600000000000003250000010000000199000000000000000000000000000000000000000790000000000040000000000
093227460003001001271123103600000000000001040003080000000246000000000000000000000000000000100000002000000000000020000000000
093227460004001001271123103600000000000001010005480000000273000000000000000000000000000000100000000500000000000020000000000
093227460005001001271123103600000000000001060002380000000095000000000000000000000000000000100000001500000000000020000000000
093227460006001001271123103600000000000001080004140000000207000000000000000000000000000000100000001000000000000020000000000
093227460007001001271123103600000000000001090001000000000080000000000000000000000000000000100000001500000000000020000000000
093227460008001001271123103600000000000001230000260000000026000000000000000000000000000000100000008750000000000020000000000
11322746000900100127112310360000090000080000002124000000212400000000000000000000000000212400000000000000
123227460010001001271123103603010000000000000000000000000000000000000000002124000000000000000000000000000000
07322747000000100127112310410000000000000000100000000000000000
093227470001001001271123104100000000000002070010300000000823000000000000000000000000000000100000001990000000000010000000000
093227470002001001271123104100000000000002130013900000000555000000000000000000000000000000100000001400000000000010000000000
093227470003001001271123104100000000000001140003340000000200000000000000000000000000000000100000000500000000000020000000000
093227470004001001271123104100000000000002090005260000000683000000000000000000000000000000100000004720000000000010000000000
093227470005001001271123104100000000000002150000020000000398000000000000000000000000000000000000000500000000000010000000000
093227470006001001271123104100000000000002030023760000001898000000000000000000000000000000100000002990000000000010000000000
093227470007001001271123104100000000000002040002740000000137000000000000000000000000000000100000000500000000000010000000000
093227470008001001271123104100000000000005020000040000000400I 0000000000000000000000000000000000000100000000000060000000000
11322747000900100127112310410000090000080000005094000000509400000000000000000000000001000000000049060000
123227470010001001271123104100000000000000000000000000000000000000000000005094000000000000000000000000000000
07322748000000100127112310470000000000000000100000000000000000
093227480001001001271123104700000000000002340003920000000548000000000000000000000000000000100000004170000000000010000000000
093227480002001001271123104700000000000001140001680000000101000000000000000000000000000000100000000500000000000020000000000
093227480003001001271123104700000000000003010000010000000999000000000000000000000000000000000000006000000000000050000000000
093227480004001001271123104700000000000001220005600000000223000000000000000000000000000000100000001500000000000020000000000
093227480005001001271123104700000000000001180003040000000121000000000000000000000000000000100000001000000000000020000000000
093227480006001001271123104700000000000003250000020000000398000000000000000000000000000000000000000790000000000040000000000
11322748000700100127112310470000090000060000002390000000239000000000000000000000000000400000000016100000
123227480008001001271123104700000000000000000000000000000000000000000000002390000000000000000000000000000000
07322749000000100127112310490000000000000000100000000000000000
093227490001001001271123104900000000000002070013380000001069000000000000000000000000000000100000001990000000000010000000000
093227490002001001271123104900000000000002040004820000000241000000000000000000000000000000100000000500000000000010000000000
093227490003001001271123104900000000000002250007440000000371000000000000000000000000000000100000002670000000000010000000000
093227490004001001271123104900000000000001290004320000000021000000000000000000000000000000100000000250000000000020000000000
093227490005001001271123104900000000000001050003640000000182000000000000000000000000000000100000000500000000000020000000000
093227490006001001271123104900000000000003250000020000000398000000000000000000000000000000000000000790000000000040000000000
11322749000700100127112310490000090000060000002282000000228200000000000000000000000001000000000077180000
123227490008001001271123104900000000000000000000000000000000000000000000002282000000000000000000000000000000
07322750000000100127112310550000000000000000100000000000000000
093227500001001001271123105500000000000003250000030000000597000000000000000000000000000000000000000790000000000040000000000
093227500002001001271123105500000000000002010021060000000524000000000000000000000000000000100000000990000000000010000000000
093227500003001001271123105500000000000001060009200000000367000000000000000000000000000000100000001500000000000020000000000
093227500004001001271123105500000000000001040007820000000625000000000000000000000000000000100000002000000000000020000000000
093227500005001001271123105500000000000001130022780000000909000000000000000000000000000000100000001500000000000020000000000
093227500006001001271123105500000000000001140000980000000059000000000000000000000000000000100000000500000000000020000000000
093227500007001001271123105500000000000001160008020000000320000000000000000000000000000000100000000670000000000020000000000
093227500008001001271123105500000000000001090005720000000457000000000000000000000000000000100000001500000000000020000000000
093227500009001001271123105500000000000001240003320000000265000000000000000000000000000000100000001670000000000020000000000
17322750001000100127112310550000000000000113
093227500011001001271123105500000000000001110001020000000030000000000000000000000000000000100000001990000000000020000000000
093227500012001001271123105500000000000001120004100000000246000000000000000000000000000000100000001000000000000020000000000
093227500013001001271123105500000000000001150005140000000411000000000000000000000000000000100000001000000000000020000000000
093227500014001001271123105500000000000006190000010000000500000000000000000000000000000000000000000000000000000060000000000
093227500015001001271123105500000000000001290105450000000517000000000000000000000000000000100000000250000000000020000000000
11322750001600100127112310550000090000140000005827000000582700000000000000000000000000582700000000000000
123227500017001001271123105503110000000000000000000000000000000000000000005827000000000000000000000000000000
07322751000000100127112311000000000000000000100000000000000000
093227510001001001271123110000000000000003200000010000002299000000000000000000000000000000000000000000000000000050000000000
093227510002001001271123110000000000000002200000020000000998000000000000000000000000000000000000000990000000000010000000000
093227510003001001271123110000000000000005020000010000000100I 0000000000000000000000000000000000000100000000000060000000000
093227510004001001271123110000000000000001290008660000000042000000000000000000000000000000100000000250000000000020000000000
093227510005001001271123110000000000000002070011700000000935000000000000000000000000000000100000001990000000000010000000000
093227510006001001271123110000000000000002090006580000000855000000000000000000000000000000100000004720000000000010000000000
093227510007001001271123110000000000000001160005960000000238000000000000000000000000000000100000000670000000000020000000000
093227510008001001271123110000000000000001230001580000000158000000000000000000000000000000100000008750000000000020000000000
093227510009001001271123110000000000000001060008360000000334000000000000000000000000000000100000001500000000000020000000000
093227510010001001271123110000000000000003250000020000000398000000000000000000000000000000000000000790000000000040000000000
093227510011001001271123110000000000000001290013600000000067000000000000000000000000000000100000000250000000000020000000000
11322751001200100127112311000000090000110000006424000000642400000000000000000000000000642400000000000000
123227510013001001271123110003100000000000000000000000000000000000000000006424000000000000000000000000000000
07322752000000100127112311070000000000000000100000000000000000
093227520001001001271123110700000000000003250000060000001194000000000000000000000000000000000000000790000000000040000000000
11322752000200100127112311070000090000010000001194000000119400000000000000000000000000119400000000000000
123227520003001001271123110703010000000000000000000000000000000000000000001194000000000000000000000000000000
14322753000000100127112311140000010000000000
07322754000000100127112311150000000000000000100000000000000000
093227540001001001271123111500000000000002190000010000000599000000000000000000000000000000000000002250000000000010000000000
093227540002001001271123111500000000000002290000010000000799000000000000000000000000000000000000002500000000000010000000000
11322754000300100127112311150000090000020000001398000000139800000000000000000000000000139800000000000000
123227540004001001271123111503050000000000000000000000000000000000000000001398000000000000000000000000000000
07322755000000100127112311210000000000000000100000000000000000
093227550001001001271123112100000000000002110010200000000407000000000000000000000000000000100000000990000000000010000000000
11322755000200100127112311210000090000010000000407000000040700000000000000000000000000040700000000000000
123227550003001001271123112103050000000000000000000000000000000000000000000407000000000000000000000000000000
07322756000000100127112311270000000000000000100000000000000000
093227560001001001271123112700000000000002070003400000000272000000000000000000000000000000100000001990000000000010000000000
11322756000200100127112311270000090000010000000272000000027200000000000000000000000000027200000000000000
123227560003001001271123112700000000000000000000000000000000000000000000000272000000000000000000000000000000
14322757000000100127112311350000010000000181
07322758000000100127112311380000000000000000100000000000000000
093227580001001001271123113800000000000002150000030000000597000000000000000000000000000000000000000500000000000010000000000
093227580002001001271123113800000000000002150000010000000199000000000000000000000000000000000000000500000000000010000000000
093227580003001001271123113800000000000001290010520000000052000000000000000000000000000000100000000250000000000020000000000
093227580004001001271123113800000000000002320000010000000199000000000000000000000000000000000000000500000000000010000000000
093227580005001001271123113800000000000002010030160000000751000000000000000000000000000000100000000990000000000010000000000
093227580006001001271123113800000000000002110008700000000347000000000000000000000000000000100000000990000000000010000000000
11322758000700100127112311380000090000060000002145000000214500000000000000000000000000214500000000000000
123227580008001001271123113803050000000000000000000000000000000000000000002145000000000000000000000000000000
07322759000000100127112311420000000000000000100000000000000000
093227590001001001271123114200000000000001290022540000000110000000000000000000000000000000100000000250000000000020000000000
093227590002001001271123114200000000000002040003040000000152000000000000000000000000000000100000000500000000000010000000000
093227590003001001271123114200000000000001090001180000000094000000000000000000000000000000100000001500000000000020000000000
093227590004001001271123114200000000000001040005740000000459000000000000000000000000000000100000002000000000000020000000000
093227590005001001271123114200000000000001170009100000000181000000000000000000000000000000100000001000000000000020000000000
093227590006001001271123114200000000000001270009200000000459000000000000000000000000000000100000000250000000000020000000000
093227590007001001271123114200000000000001020011000000000274000000000000000000000000000000100000001200000000000020000000000
093227590008001001271123114200000000000003250000020000000398000000000000000000000000000000000000000790000000000040000000000
093227590009001001271123114200000000000006190000010000000500000000000000000000000000000000000000000000000000000060000000000
11322759001000100127112311420000090000090000002627000000262700000000000000000000000000262700000000000000
123227590011001001271123114203110000000000000000000000000000000000000000002627000000000000000000000000000000
07322760000000100127112311470000000000000000100000000000000000
093227600001001001271123114700000000000002040002040000000102000000000000000000000000000000100000000500000000000010000000000
11322760000200100127112311470000090000010000000102000000010200000000000000000000000000010200000000000000
123227600003001001271123114700000000000000000000000000000000000000000000000102000000000000000000000000000000
07322761000000100127112311490000000000000000100000000000000000
093227610001001001271123114900000000000001290005980000000029000000000000000000000000000000100000000250000000000020000000000
093227610002001001271123114900000000000001060003340000000133000000000000000000000000000000100000001500000000000020000000000
093227610003001001271123114900000000000001070000700000000175000000000000000000000000000000100000005000000000000020000000000
093227610004001001271123114900000000000002070008960000000716000000000000000000000000000000100000001990000000000010000000000
093227610005001001271123114900000000000001220004720000000188000000000000000000000000000000100000001500000000000020000000000
093227610006001001271123114900000000000001150002480000000198000000000000000000000000000000100000001000000000000020000000000
093227610007001001271123114900000000000001050002860000000143000000000000000000000000000000100000000500000000000020000000000
093227610008001001271123114900000000000002320000010000000199000000000000000000000000000000000000000500000000000010000000000
093227610009001001271123114900000000000001090001020000000081000000000000000000000000000000100000001500000000000020000000000
11322761001000100127112311490000090000090000001862000000186200000000000000000000000000200000000001380000
123227610011001001271123114900000000000000000000000000000000000000000000001862000000000000000000000000000000
07322762000000100127112311510000000000000000100000000000000000
093227620001001001271123115100000000000002220000010000000499000000000000000000000000000000000000001500000000000010000000000
11322762000200100127112311510000090000010000000499000000049900000000000000000000000000049900000000000000
123227620003001001271123115102010000000000000000000000000000000000210000000499000000000000000000000000000000
103227620004001001271123115101000000000000002100000004990000000000000484000009
07322763000000100127112311580000000000000000100000000000000000
093227630001001001271123115800000000000001250007400000000295I 0000000000000000000000000000100000000530000000000020000000000
093227630002001001271123115800000000000001140004260000000255000000000000000000000000000000100000000500000000000020000000000
11322763000300100127112311580000090000020000000550000000055000000000000000000000000000500000000044500000
123227630004001001271123115800000000000000000000000000000000000000000000000550000000000000000000000000000000
07322764000000100127112312020000000000000000100000000000000000
093227640001001001271123120200000000000002200000010000000499000000000000000000000000000000000000000990000000000010000000000
11322764000200100127112312020000090000010000000499000000049900000000000000000000000000049900000000000000
123227640003001001271123120200000000000000000000000000000000000000000000000499000000000000000000000000000000
07322765000000100127112312070000000000000000100000000000000000
093227650001001001271123120700000000000002130013220000000527000000000000000000000000000000100000001400000000000010000000000
093227650002001001271123120700000000000002320000010000000199000000000000000000000000000000000000000500000000000010000000000
093227650003001001271123120700000000000002150000020000000398000000000000000000000000000000000000000500000000000010000000000
093227650004001001271123120700000000000002270002660000000399000000000000000000000000000000100000003990000000000010000000000
11322765000500100127112312070000090000040000001523000000152300000000000000000000000000152300000000000000
123227650006001001271123120703110000000000000000000000000000000000000000001523000000000000000000000000000000
07322766000000100127112312080000000000000000100000000000000000
093227660001001001271123120800000000000001060004720000000188000000000000000000000000000000100000001500000000000020000000000
093227660002001001271123120800000000000001080015860000000791000000000000000000000000000000100000001000000000000020000000000
093227660003001001271123120800000000000001150000940000000075000000000000000000000000000000100000001000000000000020000000000
11322766000400100127112312080000090000030000001054000000105400000000000000000000000000105400000000000000
123227660005001001271123120803050000000000000000000000000000000000000000001054000000000000000000000000000000
07322767000000100127112312100000000000000000100000000000000000
093227670001001001271123121000000000000001070001200000000300000000000000000000000000000000100000005000000000000020000000000
11322767000200100127112312100000090000010000000300000000030000000000000000000000000000030000000000000000
123227670003001001271123121000000000000000000000000000000000000000000000000300000000000000000000000000000000
07322768000000100127112312110000000000000000100000000000000000
093227680001001001271123121100000000000003010000010000000999000000000000000000000000000000000000006000000000000050000000000
11322768000200100127112312110000090000010000000999000000099900000000000000000000000000099900000000000000
123227680003001001271123121100000000000000000000000000000000000000000000000999000000000000000000000000000000
07322769000000100127112312140000000000000000100000000000000000
093227690001001001271123121400000000000002080023300000001396000000000000000000000000000000100000000500000000000010000000000
093227690002001001271123121400000000000002070008820000000705000000000000000000000000000000100000001990000000000010000000000
11322769000300100127112312140000090000020000002101000000210100000000000000000000000000210100000000000000
123227690004001001271123121400000000000000000000000000000000000000000000002101000000000000000000000000000000
07322770000000100127112312150000000000000000100000000000000000
093227700001001001271123121500000000000001290008060000000039000000000000000000000000000000100000000250000000000020000000000
11322770000200100127112312150000090000010000000039000000003900000000000000000000000000003900000000000000
123227700003001001271123121504000000000000000000000000000000000000000000000039000000000000000000000000000000
07322771000000100127112312180000000000000000100000000000000000
093227710001001001271123121800000000000002080012080000000724000000000000000000000000000000100000000500000000000010000000000
093227710002001001271123121800000000000002240007320000000365000000000000000000000000000000100000001500000000000010000000000
093227710003001001271123121800000000000002010008820000000220000000000000000000000000000000100000000990000000000010000000000
11322771000400100127112312180000090000030000001309000000130900000000000000000000000000130900000000000000
123227710005001001271123121803090000000000000000000000000000000000000000001309000000000000000000000000000000
07322772000000100127112312210000000000000000100000000000000000
093227720001001001271123122100000000000001160012020000000480000000000000000000000000000000100000000670000000000020000000000
11322772000200100127112312210000090000010000000480000000048000000000000000000000000000048000000000000000
123227720003001001271123122100000000000000000000000000000000000000000000000480000000000000000000000000000000
07322773000000100127112312470000000000000000100000000000000000
093227730001001001271123124700000000000001140004820000000289000000000000000000000000000000100000000500000000000020000000000
11322773000200100127112312470000090000010000000289000000028900000000000000000000000000028900000000000000
123227730003001001271123124700000000000000000000000000000000000000000000000289000000000000000000000000000000
07322774000000100127112312480000000000000000100000000000000000
093227740001001001271123124800000000000001130006240000000249000000000000000000000000000000100000001500000000000020000000000
093227740002001001271123124800000000000002070005580000000446000000000000000000000000000000100000001990000000000010000000000
11322774000300100127112312480000090000020000000695000000069500000000000000000000000000100000000003050000
123227740004001001271123124800000000000000000000000000000000000000000000000695000000000000000000000000000000
07322775000000100127112312500000000000000000100000000000000000
093227750001001001271123125000000000000001290017400000000085000000000000000000000000000000100000000250000000000020000000000
093227750002001001271123125000000000000002250012660000000632000000000000000000000000000000100000002670000000000010000000000
093227750003001001271123125000000000000002150000010000000199000000000000000000000000000000000000000500000000000010000000000
093227750004001001271123125000000000000002320000010000000199000000000000000000000000000000000000000500000000000010000000000
11322775000500100127112312500000090000040000001115000000111500000000000000000000000000111500000000000000
123227750006001001271123125003010000000000000000000000000000000000000000001115000000000000000000000000000000
07322776000000100127112312510000000000000000100000000000000000
093227760001001001271123125100000000000001020003300000000082000000000000000000000000000000100000001200000000000020000000000
093227760002001001271123125100000000000005020000020000000200I 0000000000000000000000000000000000000100000000000060000000000
11322776000300100127112312510000090000020000000282000000028200000000000000000000000000028200000000000000
123227760004001001271123125103010000000000000000000000000000000000000000000282000000000000000000000000000000
07322777000000100127112312520000000000000000100000000000000000
093227770001001001271123125200000000000001290023840000000117000000000000000000000000000000100000000250000000000020000000000
11322777000200100127112312520000090000010000000117000000011700000000000000000000000000011700000000000000
123227770003001001271123125200000000000000000000000000000000000000000000000117000000000000000000000000000000
14322778000000100127112312530000010000001274
07322779000000100127112312540000000000000000100000000000000000
093227790001001001271123125400000000000001080004640000000232000000000000000000000000000000100000001000000000000020000000000
11322779000200100127112312540000090000010000000232000000023200000000000000000000000000023200000000000000
123227790003001001271123125400000000000000000000000000000000000000000000000232000000000000000000000000000000
07322780000000100127112312540000000000000000100000000000000000
093227800001001001271123125400000000000001290007620000000037000000000000000000000000000000100000000250000000000020000000000
11322780000200100127112312540000090000010000000037000000003700000000000000000000000000003700000000000000
123227800003001001271123125400000000000000000000000000000000000000000000000037000000000000000000000000000000
07322781000000100127112312560000000000000000100000000000000000
093227810001001001271123125600000000000003250000020000000398000000000000000000000000000000000000000790000000000040000000000
093227810002001001271123125600000000000002010006540000000163000000000000000000000000000000100000000990000000000010000000000
17322781000300100127112312560000000000000011
093227810004001001271123125600000000000001290001680000000008000000000000000000000000000000100000000250000000000020000000000
11322781000500100127112312560000090000030000000569000000056900000000000000000000000000056900000000000000
123227810006001001271123125600000000000000000000000000000000000000000000000569000000000000000000000000000000
07322782000000100127112312570000000000000000100000000000000000
093227820001001001271123125700000000000001220006580000000263000000000000000000000000000000100000001500000000000020000000000
11322782000200100127112312570000090000010000000263000000026300000000000000000000000000026300000000000000
123227820003001001271123125700000000000000000000000000000000000000000000000263000000000000000000000000000000
07322783000000100127112313240000000000000000100000000000000000
093227830001001001271123132400000000000001290006700000000033000000000000000000000000000000100000000250000000000020000000000
093227830002001001271123132400000000000001050002520000000126000000000000000000000000000000100000000500000000000020000000000
093227830003001001271123132400000000000005020000040000000400I 0000000000000000000000000000000000000100000000000060000000000
11322783000400100127112313240000090000030000000559000000055900000000000000000000000000055900000000000000
123227830005001001271123132403100000000000000000000000000000000000000000000559000000000000000000000000000000
07322784000000100127112313360000000000000000100000000000000000
093227840001001001271123133600000000000002070012920000001032000000000000000000000000000000100000001990000000000010000000000
093227840002001001271123133600000000000003010000010000000999000000000000000000000000000000000000006000000000000050000000000
11322784000300100127112313360000090000020000002031000000203100000000000000000000000000500000000029690000
123227840004001001271123133600000000000000000000000000000000000000000000002031000000000000000000000000000000
14322785000000100127112313370000010000000000
07322786000000100127112313400000000000000000100000000000000000
093227860001001001271123134000000000000002170000010000000799000000000000000000000000000000000000006500000000000010000000000
093227860002001001271123134000000000000001140001020000000061000000000000000000000000000000100000000500000000000020000000000
093227860003001001271123134000000000000001150000380000000030000000000000000000000000000000100000001000000000000020000000000
093227860004001001271123134000000000000002070008340000000666000000000000000000000000000000100000001990000000000010000000000
11322786000500100127112313400000090000040000001556000000155600000000000000000000000000155600000000000000
123227860006001001271123134003100000000000000000000000000000000000000000001556000000000000000000000000000000
07322787000000100127112313510000000000000000100000000000000000
093227870001001001271123135100000000000005600000010000000699I 0000000000000000000000000000000000002990000000000010000000000
093227870002001001271123135100000000000001270009660000000482000000000000000000000000000000100000000250000000000020000000000
093227870003001001271123135100000000000001060010360000000413000000000000000000000000000000100000001500000000000020000000000
093227870004001001271123135100000000000001020010300000000256000000000000000000000000000000100000001200000000000020000000000
093227870005001001271123135100000000000002030011160000000892000000000000000000000000000000100000002990000000000010000000000
093227870006001001271123135100000000000001110001280000000038000000000000000000000000000000100000001990000000000020000000000
093227870007001001271123135100000000000001160008360000000334000000000000000000000000000000100000000670000000000020000000000
093227870008001001271123135100000000000003010000010000000999000000000000000000000000000000000000006000000000000050000000000
093227870009001001271123135100000000000002200000010000000499000000000000000000000000000000000000000990000000000010000000000
093227870010001001271123135100000000000003250000010000000199000000000000000000000000000000000000000790000000000040000000000
093227870011001001271123135100000000000006190000010000000500000000000000000000000000000000000000000000000000000060000000000
11322787001200100127112313510000090000110000005311000000531100000000000000000000000000531100000000000000
123227870013001001271123135100000000000000000000000000000000000000000000005311000000000000000000000000000000
07322788000000100127112313510000000000000000100000000000000000
093227880001001001271123135100000000000004060000140000000210I 0300000000000000000000000000100000015000000000000030000000000
11322788000200100127112313510000090000010000000210000000021000000000000000000000000000021000000000000000
123227880003001001271123135103050000000000000000000000000000000000000000000210000000000000000000000000000000
07322789000000100127112313540000000000000000100000000000000000
093227890001001001271123135400000000000003250000010000000199000000000000000000000000000000000000000790000000000040000000000
11322789000200100127112313540000090000010000000199000000019900000000000000000000000000019900000000000000
123227890003001001271123135400000000000000000000000000000000000000000000000199000000000000000000000000000000
07322790000000100127112314140000000000000000100000000000000000
093227900001001001271123141400000000000002070007460000000596000000000000000000000000000000100000001990000000000010000000000
093227900002001001271123141400000000000001290009020000000044000000000000000000000000000000100000000250000000000020000000000
093227900003001001271123141400000000000011000004480000000179000000000000000000000000000000100000000990000000000020000000000
093227900004001001271123141400000000000001070001320000000330000000000000000000000000000000100000005000000000000020000000000
093227900005001001271123141400000000000001040004060000000324000000000000000000000000000000100000002000000000000020000000000
093227900006001001271123141400000000000001090001020000000081000000000000000000000000000000100000001500000000000020000000000
093227900007001001271123141400000000000003250000010000000199000000000000000000000000000000000000000790000000000040000000000
11322790000800100127112314140000090000070000001753000000175300000000000000000000000000200000000002470000
123227900009001001271123141400000000000000000000000000000000000000000000001753000000000000000000000000000000
14322791000000100127112314140000010000000000
07322792000000100127112314150000000000000000100000000000000000
093227920001001001271123141500000000000005020000020000000200I 0000000000000000000000000000000000000100000000000060000000000
093227920002001001271123141500000000000005020000010000000100I 0000000000000000000000000000000000000100000000000060000000000
11322792000300100127112314150000090000020000000300000000030000000000000000000000000000030000000000000000
123227920004001001271123141500000000000000000000000000000000000000000000000300000000000000000000000000000000
07322793000000100127112314160000000000000000100000000000000000
093227930001001001271123141600000000000003010000010000000999000000000000000000000000000000000000006000000000000050000000000
11322793000200100127112314160000090000010000000999000000099900000000000000000000000000099900000000000000
123227930003001001271123141603060000000000000000000000000000000000000000000999000000000000000000000000000000
07322794000000100127112314220000000000000000100000000000000000
093227940001001001271123142200000000000003250000010000000199000000000000000000000000000000000000000790000000000040000000000
093227940002001001271123142200000000000002110007000000000279000000000000000000000000000000100000000990000000000010000000000
093227940003001001271123142200000000000002260010060000000502000000000000000000000000000000100000002000000000000010000000000
093227940004001001271123142200000000000001060004320000000172000000000000000000000000000000100000001500000000000020000000000
093227940005001001271123142200000000000001020011540000000287000000000000000000000000000000100000001200000000000020000000000
093227940006001001271123142200000000000001170009860000000196000000000000000000000000000000100000001000000000000020000000000
093227940007001001271123142200000000000002180000010000000799000000000000000000000000000000000000002990000000000010000000000
093227940008001001271123142200000000000001290019940000000098000000000000000000000000000000100000000250000000000020000000000
093227940009001001271123142200000000000002040003980000000199000000000000000000000000000000100000000500000000000010000000000
093227940010001001271123142200000000000002290000010000000799000000000000000000000000000000000000002500000000000010000000000
093227940011001001271123142200000000000002190000010000000599000000000000000000000000000000000000002250000000000010000000000
093227940012001001271123142200000000000006190000010000000500000000000000000000000000000000000000000000000000000060000000000
11322794001300100127112314220000090000120000004629000000462900000000000000000000000000462900000000000000
123227940014001001271123142203050000000000000000000000000000000000000000004629000000000000000000000000000000
07322795000000100127112314270000000000000000100000000000000000
093227950001001001271123142700000000000001290039820000000195000000000000000000000000000000100000000250000000000020000000000
093227950002001001271123142700000000000001290038440000000188000000000000000000000000000000100000000250000000000020000000000
11322795000300100127112314270000090000020000000383000000038300000000000000000000000000038300000000000000
123227950004001001271123142700000000000000000000000000000000000000000000000383000000000000000000000000000000
07322796000000100127112314270000000000000000100000000000000000
093227960001001001271123142700000000000001290013640000000067000000000000000000000000000000100000000250000000000020000000000
11322796000200100127112314270000090000010000000067000000006700000000000000000000000000006700000000000000
123227960003001001271123142700000000000000000000000000000000000000000000000067000000000000000000000000000000
07322797000000100127112314330000000000000000100000000000000000
093227970001001001271123143300000000000002130013540000000540000000000000000000000000000000100000001400000000000010000000000
17322797000200100127112314330000000000000238
093227970003001001271123143300000000000001240005940000000475000000000000000000000000000000100000001670000000000020000000000
093227970004001001271123143300000000000002080011440000000685000000000000000000000000000000100000000500000000000010000000000
11322797000500100127112314330000090000030000001700000000170000000000000000000000000000500000000033000000
123227970006001001271123143300000000000000000000000000000000000000000000001700000000000000000000000000000000
07322798000000100127112314390000000000000000100000000000000000
093227980001001001271123143900000000000002080011840000000709000000000000000000000000000000100000000500000000000010000000000
093227980002001001271123143900000000000002260017720000000884000000000000000000000000000000100000002000000000000010000000000
093227980003001001271123143900000000000002150000060000001194000000000000000000000000000000000000000500000000000010000000000
11322798000400100127112314390000090000030000002787000000278700000000000000000000000000278700000000000000
123227980005001001271123143900000000000000000000000000000000000000000000002787000000000000000000000000000000
07322799000000100127112314410000000000000000100000000000000000
093227990001001001271123144100000000000001020059850000001490000000000000000000000000000000100000001200000000000020000000000
093227990002001001271123144100000000000001080008800000000439000000000000000000000000000000100000001000000000000020000000000
093227990003001001271123144100000000000003250000020000000398000000000000000000000000000000000000000790000000000040000000000
11322799000400100127112314410000090000030000002327000000232700000000000000000000000000232700000000000000
123227990005001001271123144100000000000000000000000000000000000000000000002327000000000000000000000000000000
07322800000000100127112314470000000000000000100000000000000000
093228000001001001271123144700000000000002070011520000000920000000000000000000000000000000100000001990000000000010000000000
11322800000200100127112314470000090000010000000920000000092000000000000000000000000000092000000000000000
123228000003001001271123144703010000000000000000000000000000000000000000000920000000000000000000000000000000
18322800000400100127112314480100000020000000000000000000000001
05322800000500100127112314490000010000006000
063228000006001001271123144900000100000550000000000000000000000000000000000000000000
07322801000000100127112314530000000000000000100000000000000000
093228010001001001271123145300000000000002080011220000000672000000000000000000000000000000100000000500000000000010000000000
11322801000200100127112314530000090000010000000672000000067200000000000000000000000000080000000001280000
123228010003001001271123145300000000000000000000000000000000000000000000000672000000000000000000000000000000
07322802000000100127112314550000000000000000100000000000000000
093228020001001001271123145500000000000001290031520000000154000000000000000000000000000000100000000250000000000020000000000
11322802000200100127112314550000090000010000000154000000015400000000000000000000000000015400000000000000
123228020003001001271123145500000000000000000000000000000000000000000000000154000000000000000000000000000000
07322803000000100127112314590000000000000000100000000000000000
093228030001001001271123145900000000000002270007560000001133000000000000000000000000000000100000003990000000000010000000000
11322803000200100127112314590000090000010000001133000000113300000000000000000000000000113300000000000000
123228030003001001271123145903010000000000000000000000000000000000000000001133000000000000000000000000000000
14322804000400100127112315120000010000000226
14322805000500100127112315140000010000000000
07322806000000100127112315150000000000000000100000000000000000
093228060001001001271123151500000000000001050004500000000225000000000000000000000000000000100000000500000000000020000000000
093228060002001001271123151500000000000001290015800000000077000000000000000000000000000000100000000250000000000020000000000
093228060003001001271123151500000000000003250000010000000199000000000000000000000000000000000000000790000000000040000000000
093228060004001001271123151500000000000004110000060000000300I 0300000000000000000000000000000000000180000000000030000000000
11322806000500100127112315150000090000040000000801000000080100000000000000000000000000200000000011990000
123228060006001001271123151500000000000000000000000000000000000000000000000801000000000000000000000000000000
14322807000000100127112315160000010000000000
14322808000000100127112315170000010000000699
14322809000100100127112315170000010000000000
14322810000000100127112315180000010000000000
14322811000100100127112315190000010000000000
14322812000000100127112315190000010000000000
14322813000000100127112315230000010000000000
07322814000000100127112315290000000000000000100000000000000000
093228140001001001271123152900000000000002030020120000001608000000000000000000000000000000100000002990000000000010000000000
093228140002001001271123152900000000000002270009460000001418000000000000000000000000000000100000003990000000000010000000000
093228140003001001271123152900000000000002070008440000000674000000000000000000000000000000100000001990000000000010000000000
093228140004001001271123152900000000000001150003060000000244000000000000000000000000000000100000001000000000000020000000000
093228140005001001271123152900000000000001120006780000000406000000000000000000000000000000100000001000000000000020000000000
093228140006001001271123152900000000000002040002460000000123000000000000000000000000000000100000000500000000000010000000000
093228140007001001271123152900000000000001080003500000000175000000000000000000000000000000100000001000000000000020000000000
093228140008001001271123152900000000000003250000040000000796000000000000000000000000000000000000000790000000000040000000000
093228140009001001271123152900000000000004020000020000000200I 0300000000000000000000000000000000000230000000000030000000000
11322814001000100127112315290000090000090000005644000000564400000000000000000000000001000000000043560000
123228140011001001271123152900000000000000000000000000000000000000000000005644000000000000000000000000000000
07322815000000100127112315320000000000000000100000000000000000
093228150001001001271123153200000000000001070001760000000440000000000000000000000000000000100000005000000000000020000000000
093228150002001001271123153200000000000001080001460000000073000000000000000000000000000000100000001000000000000020000000000
093228150003001001271123153200000000000001040001600000000128000000000000000000000000000000100000002000000000000020000000000
093228150004001001271123153200000000000001090001300000000104000000000000000000000000000000100000001500000000000020000000000
093228150005001001271123153200000000000002070006580000000526000000000000000000000000000000100000001990000000000010000000000
093228150006001001271123153200000000000003040000010000000200000000000000000000000000000000000000000700000000000040000000000
11322815000700100127112315320000090000060000001471000000147100000000000000000000000000147100000000000000
123228150008001001271123153203020000000000000000000000000000000000000000001471000000000000000000000000000000
07322816000000100127112315330000000000000000100000000000000000
093228160001001001271123153300000000000005020000230000002300I 0000000000000000000000000000000000000100000000000060000000000
11322816000200100127112315330000090000010000002300000000230000000000000000000000000000230000000000000000
123228160003001001271123153303010000000000000000000000000000000000000000002300000000000000000000000000000000
07322817000000100127112315350000000000000000100000000000000000
093228170001001001271123153500000000000002110008980000000358000000000000000000000000000000100000000990000000000010000000000
093228170002001001271123153500000000000002090003680000000478000000000000000000000000000000100000004720000000000010000000000
11322817000300100127112315350000090000020000000836000000083600000000000000000000000000083600000000000000
123228170004001001271123153503020000000000000000000000000000000000000000000836000000000000000000000000000000
07322818000000100127112315360000000000000000100000000000000000
093228180001001001271123153600000000000001150000920000000074000000000000000000000000000000100000001000000000000020000000000
11322818000200100127112315360000090000010000000074000000007400000000000000000000000000007400000000000000
123228180003001001271123153600000000000000000000000000000000000000000000000074000000000000000000000000000000
07322819000000100127112315570000000000000000100000000000000000
093228190001001001271123155700000000000003190000010000000500000000000000000000000000000000000000002000000000000050000000000
093228190002001001271123155700000000000002090004200000000546000000000000000000000000000000100000004720000000000010000000000
11322819000300100127112315570000090000020000001046000000104600000000000000000000000000104600000000000000
123228190004001001271123155703050000000000000000000000000000000000000000001046000000000000000000000000000000
07322820000000100127112316030000000000000000100000000000000000
093228200001001001271123160300000000000001120004300000000258000000000000000000000000000000100000001000000000000020000000000
093228200002001001271123160300000000000001290003940000000019000000000000000000000000000000100000000250000000000020000000000
11322820000300100127112316030000090000020000000277000000027700000000000000000000000000027700000000000000
123228200004001001271123160300000000000000000000000000000000000000000000000277000000000000000000000000000000
07322821000000100127112316280000000000000000100000000000000000
093228210001001001271123162800000000000002130011860000000473000000000000000000000000000000100000001400000000000010000000000
093228210002001001271123162800000000000002250007660000000382000000000000000000000000000000100000002670000000000010000000000
093228210003001001271123162800000000000002150000010000000199000000000000000000000000000000000000000500000000000010000000000
093228210004001001271123162800000000000002150000010000000199000000000000000000000000000000000000000500000000000010000000000
093228210005001001271123162800000000000002220000010000000499000000000000000000000000000000000000001500000000000010000000000
11322821000600100127112316280000090000050000001752000000175200000000000000000000000000175200000000000000
123228210007001001271123162803020000000000000000000000000000000000000000001752000000000000000000000000000000
07322822000000100127112316470000000000000000100000000000000000
093228220001001001271123164700000000000002360000010000001000000000000000000000000000000000000000003500000000000010000000000
11322822000200100127112316470000090000010000001000000000100000000000000000000000000000100000000000000000
123228220003001001271123164700000000000000000000000000000000000000000000001000000000000000000000000000000000
07322823000000100127112316580000000000000000100000000000000000
093228230001001001271123165800000000000011000005260000000210000000000000000000000000000000100000000990000000000020000000000
093228230002001001271123165800000000000001110002560000000077000000000000000000000000000000100000001990000000000020000000000
093228230003001001271123165800000000000002070010260000000820000000000000000000000000000000100000001990000000000010000000000
11322823000400100127112316580000090000030000001107000000110700000000000000000000000000110700000000000000
123228230005001001271123165800000000000000000000000000000000000000000000001107000000000000000000000000000000
07322824000000100127112317050000000000000000100000000000000000
093228240001001001271123170500000000000001050002720000000136000000000000000000000000000000100000000500000000000020000000000
093228240002001001271123170500000000000001290019020000000093000000000000000000000000000000100000000250000000000020000000000
11322824000300100127112317050000090000020000000229000000022900000000000000000000000000022900000000000000
123228240004001001271123170500000000000000000000000000000000000000000000000229000000000000000000000000000000
07322825000000100127112317060000000000000000100000000000000000
093228250001001001271123170600000000000002260005580000000278000000000000000000000000000000100000002000000000000010000000000
11322825000200100127112317060000090000010000000278000000027800000000000000000000000000027800000000000000
123228250003001001271123170600000000000000000000000000000000000000000000000278000000000000000000000000000000
07322826000000100127112317140000000000000000100000000000000000
093228260001001001271123171400000000000005400000010000000299000100000000000000000000000000000000001990000000000080000000000
11322826000200100127112317140000090000010000000299000000029900000000000000000000000000029900000000000000
123228260003001001271123171403030000000000000000000000000000000000000000000299000000000000000000000000000000
07322827000000100127112317140000000000000000100000000000000000
093228270001001001271123171400000000000005020000010000000100I 0000000000000000000000000000000000000100000000000060000000000
11322827000200100127112317140000090000010000000100000000010000000000000000000000000000010000000000000000
123228270003001001271123171400000000000000000000000000000000000000000000000100000000000000000000000000000000
07322828000000100127112317150000000000000000100000000000000000
093228280001001001271123171500000000000002080001640000000098000000000000000000000000000000100000000500000000000010000000000
093228280002001001271123171500000000000002070002600000000208000000000000000000000000000000100000001990000000000010000000000
11322828000300100127112317150000090000020000000306000000030600000000000000000000000000030600000000000000
123228280004001001271123171500000000000000000000000000000000000000000000000306000000000000000000000000000000
14322829000000100127112317250000010000000000
07322830000000100127112317270000000000000000100000000000000000
093228300001001001271123172700000000000002070008760000000700000000000000000000000000000000100000001990000000000010000000000
093228300002001001271123172700000000000002150000010000000199000000000000000000000000000000000000000500000000000010000000000
093228300003001001271123172700000000000002150000010000000199000000000000000000000000000000000000000500000000000010000000000
093228300004001001271123172700000000000002150000010000000199000000000000000000000000000000000000000500000000000010000000000
11322830000500100127112317270000090000040000001297000000129700000000000000000000000001000000000087030000
123228300006001001271123172700000000000000000000000000000000000000000000001297000000000000000000000000000000
07322831000000100127112317360000000000000000100000000000000000
093228310001001001271123173600000000000005020000040000000400I 0000000000000000000000000000000000000100000000000060000000000
11322831000200100127112317360000090000010000000400000000040000000000000000000000000000040000000000000000
123228310003001001271123173600000000000000000000000000000000000000000000000400000000000000000000000000000000
07322832000000100127112317530000000000000000100000000000000000
093228320001001001271123175300000000000002070009460000000756000000000000000000000000000000100000001990000000000010000000000
093228320002001001271123175300000000000003010000010000000999000000000000000000000000000000000000006000000000000050000000000
11322832000300100127112317530000090000020000001755000000175500000000000000000000000000175500000000000000
123228320004001001271123175300000000000000000000000000000000000000000000001755000000000000000000000000000000
07322833000000100127112317570000000000000000100000000000000000
093228330001001001271123175700000000000002070010820000000865000000000000000000000000000000100000001990000000000010000000000
11322833000200100127112317570000090000010000000865000000086500000000000000000000000000086500000000000000
123228330003001001271123175703020000000000000000000000000000000000000000000865000000000000000000000000000000
07322834000000100127112318180000000000000000100000000000000000
093228340001001001271123181800000000000003190000010000000500000000000000000000000000000000000000002000000000000050000000000
11322834000200100127112318180000090000010000000500000000050000000000000000000000000000050000000000000000
123228340003001001271123181800000000000000000000000000000000000000000000000500000000000000000000000000000000
07322835000000100127112318300000000000000000100000000000000000
093228350001001001271123183000000000000002150000010000000199000000000000000000000000000000000000000500000000000010000000000
093228350002001001271123183000000000000002150000010000000199000000000000000000000000000000000000000500000000000010000000000
093228350003001001271123183000000000000002150000010000000199000000000000000000000000000000000000000500000000000010000000000
093228350004001001271123183000000000000001050006540000000326000000000000000000000000000000100000000500000000000020000000000
11322835000500100127112318300000090000040000000923000000092300000000000000000000000000092300000000000000
123228350006001001271123183003050000000000000000000000000000000000000000000923000000000000000000000000000000
07322836000000100127112318310000000000000000100000000000000000
093228360001001001271123183100000000000002070011780000000941000000000000000000000000000000100000001990000000000010000000000
11322836000200100127112318310000090000010000000941000000094100000000000000000000000000200000000010590000
123228360003001001271123183100000000000000000000000000000000000000000000000941000000000000000000000000000000
07322837000000100127112318340000000000000000100000000000000000
093228370001001001271123183400000000000002080010940000000655000000000000000000000000000000100000000500000000000010000000000
093228370002001001271123183400000000000002090006140000000798000000000000000000000000000000100000004720000000000010000000000
093228370003001001271123183400000000000002230003640000000837000000000000000000000000000000100000004980000000000010000000000
093228370004001001271123183400000000000002260002980000000149000000000000000000000000000000100000002000000000000010000000000
093228370005001001271123183400000000000002170000010000000799000000000000000000000000000000000000006500000000000010000000000
093228370006001001271123183400000000000005230000010000004000I 0100000000000000000000000000000000000000000000000070000000000
11322837000700100127112318340000090000060000007238000000723800000000000000000000000000750000000002620000
123228370008001001271123183400000000000000000000000000000000000000000000007238000000000000000000000000000000
07322838000000100127112318350000000000000000100000000000000000
093228380001001001271123183500000000000001180002820000000113000000000000000000000000000000100000001000000000000020000000000
11322838000200100127112318350000090000010000000113000000011300000000000000000000000000020000000000870000
123228380003001001271123183500000000000000000000000000000000000000000000000113000000000000000000000000000000
07322839000000100127112318550000000000000000100000000000000000
093228390001001001271123185500000000000001010003220000000161000000000000000000000000000000100000000500000000000020000000000
093228390002001001271123185500000000000001160005080000000203000000000000000000000000000000100000000670000000000020000000000
093228390003001001271123185500000000000002070008640000000690000000000000000000000000000000100000001990000000000010000000000
11322839000400100127112318550000090000030000001054000000105400000000000000000000000000120000000001460000
123228390005001001271123185500000000000000000000000000000000000000000000001054000000000000000000000000000000
07322840000000100127112318590000000000000000100000000000000000
093228400001001001271123185900000000000003250000010000000199000000000000000000000000000000000000000790000000000040000000000
11322840000200100127112318590000090000010000000199000000019900000000000000000000000000019900000000000000
123228400003001001271123185903030000000000000000000000000000000000000000000199000000000000000000000000000000
14322841000000100127112318590000010000000000
07322842000000100127112319060000000000000000100000000000000000
093228420001001001271123190600000000000001290010700000000052000000000000000000000000000000100000000250000000000020000000000
093228420002001001271123190600000000000002070013060000001043000000000000000000000000000000100000001990000000000010000000000
17322842000300100127112319060000000000001050
093228420004001001271123190600000000000002090003860000000501000000000000000000000000000000100000004720000000000010000000000
093228420005001001271123190600000000000002320000010000000199000000000000000000000000000000000000000500000000000010000000000
093228420006001001271123190600000000000002130017280000000689000000000000000000000000000000100000001400000000000010000000000
11322842000700100127112319060000090000050000002484000000248400000000000000000000000000248400000000000000
123228420008001001271123190603100000000000000000000000000000000000000000002484000000000000000000000000000000
07322843000000100127112319060000000000000000100000000000000000
093228430001001001271123190600000000000002040005000000000250000000000000000000000000000000100000000500000000000010000000000
11322843000200100127112319060000090000010000000250000000025000000000000000000000000000025000000000000000
123228430003001001271123190600000000000000000000000000000000000000000000000250000000000000000000000000000000
07322844000000100127112319070000000000000000100000000000000000
093228440001001001271123190700000000000002010007760000000193000000000000000000000000000000100000000990000000000010000000000
11322844000200100127112319070000090000010000000193000000019300000000000000000000000000019300000000000000
123228440003001001271123190700000000000000000000000000000000000000000000000193000000000000000000000000000000
07322845000000100127112319090000000000000000100000000000000000
093228450001001001271123190900000000000002070010680000000853000000000000000000000000000000100000001990000000000010000000000
11322845000200100127112319090000090000010000000853000000085300000000000000000000000000085300000000000000
123228450003001001271123190903100000000000000000000000000000000000000000000853000000000000000000000000000000
07322846000000100127112319200000000000000000100000000000000000
093228460001001001271123192000000000000004020000010000000100I 0300000000000000000000000000000000000230000000000030000000000
093228460002001001271123192000000000000004020000010000000100I 0300000000000000000000000000000000000230000000000030000000000
11322846000300100127112319200000090000020000000200000000020000000000000000000000000000020000000000000000
123228460004001001271123192000000000000000000000000000000000000000000000000200000000000000000000000000000000
07322847000000100127112319220000000000000000100000000000000000
093228470001001001271123192200000000000003190000010000000500000000000000000000000000000000000000002000000000000050000000000
11322847000200100127112319220000090000010000000500000000050000000000000000000000000000050000000000000000
123228470003001001271123192203030000000000000000000000000000000000000000000500000000000000000000000000000000
07322848000000100127112319240000000000000000100000000000000000
093228480001001001271123192400000000000001010007760000000387000000000000000000000000000000100000000500000000000020000000000
093228480002001001271123192400000000000005020000010000000100I 0000000000000000000000000000000000000100000000000060000000000
11322848000300100127112319240000090000020000000487000000048700000000000000000000000000048700000000000000
123228480004001001271123192400000000000000000000000000000000000000000000000487000000000000000000000000000000
07322849000000100127112319250000000000000000100000000000000000
093228490001001001271123192500000000000001090000920000000074000000000000000000000000000000100000001500000000000020000000000
093228490002001001271123192500000000000001020002780000000069000000000000000000000000000000100000001200000000000020000000000
11322849000300100127112319250000090000020000000143000000014300000000000000000000000000014300000000000000
123228490004001001271123192500000000000000000000000000000000000000000000000143000000000000000000000000000000
07322850000000100127112319270000000000000000100000000000000000
093228500001001001271123192700000000000002080004660000000279000000000000000000000000000000100000000500000000000010000000000
11322850000200100127112319270000090000010000000279000000027900000000000000000000000000030000000000210000
123228500003001001271123192700000000000000000000000000000000000000000000000279000000000000000000000000000000
07322851000000100127112319270000000000000000100000000000000000
093228510001001001271123192700000000000002080001660000000099000000000000000000000000000000100000000500000000000010000000000
11322851000200100127112319270000090000010000000099000000009900000000000000000000000000009900000000000000
123228510003001001271123192700000000000000000000000000000000000000000000000099000000000000000000000000000000
07322852000000100127112319560000000000000000100000000000000000
093228520001001001271123195600000000000002070013840000001106000000000000000000000000000000100000001990000000000010000000000
093228520002001001271123195600000000000001010009080000000453000000000000000000000000000000100000000500000000000020000000000
093228520003001001271123195600000000000001290009040000000044000000000000000000000000000000100000000250000000000020000000000
11322852000400100127112319560000090000030000001603000000160300000000000000000000000000200000000003970000
123228520005001001271123195600000000000000000000000000000000000000000000001603000000000000000000000000000000
07322853000000100127112320000000000000000000100000000000000000
093228530001001001271123200000000000000003250000010000000199000000000000000000000000000000000000000790000000000040000000000
093228530002001001271123200000000000000005530000010000000200I 0100000000000000000000000000000000001000000000000090000000000
11322853000300100127112320000000090000020000000399000000039900000000000000000000000000039900000000000000
123228530004001001271123200000000000000000000000000000000000000000000000000399000000000000000000000000000000
07322854000000100127112320050000000000000000100000000000000000
093228540001001001271123200500000000000001090001640000000131000000000000000000000000000000100000001500000000000020000000000
11322854000200100127112320050000090000010000000131000000013100000000000000000000000000020000000000690000
123228540003001001271123200500000000000000000000000000000000000000000000000131000000000000000000000000000000
07322855000000100127112320130000000000000000100000000000000000
093228550001001001271123201300000000000001290009680000000047000000000000000000000000000000100000000250000000000020000000000
11322855000200100127112320130000090000010000000047000000004700000000000000000000000000004700000000000000
123228550003001001271123201300000000000000000000000000000000000000000000000047000000000000000000000000000000
07322856000000100127112320170000000000000000100000000000000000
093228560001001001271123201700000000000001290002480000000012000000000000000000000000000000100000000250000000000020000000000
093228560002001001271123201700000000000001050003640000000182000000000000000000000000000000100000000500000000000020000000000
11322856000300100127112320170000090000020000000194000000019400000000000000000000000000019400000000000000
123228560004001001271123201700000000000000000000000000000000000000000000000194000000000000000000000000000000
07322857000000100127112320300000000000000000100000000000000000
093228570001001001271123203000000000000001290009940000000049000000000000000000000000000000100000000250000000000020000000000
093228570002001001271123203000000000000005020000010000000100I 0000000000000000000000000000000000000100000000000060000000000
093228570003001001271123203000000000000001020010240000000255000000000000000000000000000000100000001200000000000020000000000
093228570004001001271123203000000000000004020000010000000100I 0300000000000000000000000000000000000230000000000030000000000
093228570005001001271123203000000000000004020000010000000100I 0300000000000000000000000000000000000230000000000030000000000
17322857000600100127112320300000000000000372
11322857000700100127112320300000090000050000000604000000060400000000000000000000000000060400000000000000
123228570008001001271123203003020000000000000000000000000000000000000000000604000000000000000000000000000000
07322858000000100127112320310000000000000000100000000000000000
093228580001001001271123203100000000000001020014920000000372000000000000000000000000000000100000001200000000000020000000000
093228580002001001271123203100000000000001290001120000000005000000000000000000000000000000100000000250000000000020000000000
11322858000300100127112320310000090000020000000377000000037700000000000000000000000000037700000000000000
123228580004001001271123203103050000000000000000000000000000000000000000000377000000000000000000000000000000
07322859000000100127112320310000000000000000100000000000000000
093228590001001001271123203100000000000004020000010000000100I 0300000000000000000000000000000000000230000000000030000000000
11322859000200100127112320310000090000010000000100000000010000000000000000000000000000010000000000000000
123228590003001001271123203100000000000000000000000000000000000000000000000100000000000000000000000000000000
07322860000000100127112320330000000000000000100000000000000000
093228600001001001271123203300000000000001050004480000000224000000000000000000000000000000100000000500000000000020000000000
11322860000200100127112320330000090000010000000224000000022400000000000000000000000000050000000002760000
123228600003001001271123203300000000000000000000000000000000000000000000000224000000000000000000000000000000
07322861000000100127112320420000000000000000100000000000000000
093228610001001001271123204200000000000001290047600000000233000000000000000000000000000000100000000250000000000020000000000
11322861000200100127112320420000090000010000000233000000023300000000000000000000000000050000000002670000
123228610003001001271123204200000000000000000000000000000000000000000000000233000000000000000000000000000000
07322862000000100127112320440000000000000000100000000000000000
093228620001001001271123204400000000000005080000010000002399I 0100000000000000000000000000000000019000000000000070000000000
093228620002001001271123204400000000000005230000010000004000I 0100000000000000000000000000000000000000000000000070000000000
11322862000300100127112320440000090000020000006399000000639900000000000000000000000001000000000036010000
123228620004001001271123204400000000000000000000000000000000000000000000006399000000000000000000000000000000
07322863000000100127112320450000000000000000100000000000000000
093228630001001001271123204500000000000003250000010000000199000000000000000000000000000000000000000790000000000040000000000
093228630002001001271123204500000000000003250000010000000199000000000000000000000000000000000000000790000000000040000000000
11322863000300100127112320450000090000020000000398000000039800000000000000000000000000200000000016020000
123228630004001001271123204500000000000000000000000000000000000000000000000398000000000000000000000000000000
07322864000000100127112320450000000000000000100000000000000000
093228640001001001271123204500000000000003190000010000000500000000000000000000000000000000000000002000000000000050000000000
11322864000200100127112320450000090000010000000500000000050000000000000000000000000000050000000000000000
123228640003001001271123204500000000000000000000000000000000000000000000000500000000000000000000000000000000
07322865000000100127112320480000000000000000100000000000000000
093228650001001001271123204800000000000001290019940000000098000000000000000000000000000000100000000250000000000020000000000
093228650002001001271123204800000000000002010021280000000530000000000000000000000000000000100000000990000000000010000000000
093228650003001001271123204800000000000001120010020000000600000000000000000000000000000000100000001000000000000020000000000
093228650004001001271123204800000000000002150000010000000199000000000000000000000000000000000000000500000000000010000000000
093228650005001001271123204800000000000002150000010000000199000000000000000000000000000000000000000500000000000010000000000
093228650006001001271123204800000000000002320000010000000199000000000000000000000000000000000000000500000000000010000000000
093228650007001001271123204800000000000002320000010000000199000000000000000000000000000000000000000500000000000010000000000
11322865000800100127112320480000090000070000002024000000202400000000000000000000000001000000000079760000
123228650009001001271123204800000000000000000000000000000000000000000000002024000000000000000000000000000000
063228650010001001271123205600000100000350000000000000000000000000000000000000000000
07322866000000100127112321040000000000000000100000000000000000
093228660001001001271123210400000000000001010016040000000800000000000000000000000000000000100000000500000000000020000000000
11322866000200100127112321040000090000010000000800000000080000000000000000000000000000080000000000000000
123228660003001001271123210403030000000000000000000000000000000000000000000800000000000000000000000000000000
07322867000000100127112321050000000000000000100000000000000000
093228670001001001271123210500000000000002150000050000000995000000000000000000000000000000000000000500000000000010000000000
11322867000200100127112321050000090000010000000995000000099500000000000000000000000000099500000000000000
123228670003001001271123210503020000000000000000000000000000000000000000000995000000000000000000000000000000
07322868000000100127112321070000000000000000100000000000000000
093228680001001001271123210700000000000002120010420000000624000000000000000000000000000000100000002250000000000010000000000
093228680002001001271123210700000000000002010010800000000269000000000000000000000000000000100000000990000000000010000000000
093228680003001001271123210700000000000001240002760000000221000000000000000000000000000000100000001670000000000020000000000
093228680004001001271123210700000000000002090003680000000478000000000000000000000000000000100000004720000000000010000000000
093228680005001001271123210700000000000001290003980000000020000000000000000000000000000000100000000250000000000020000000000
093228680006001001271123210700000000000002040002860000000143000000000000000000000000000000100000000500000000000010000000000
093228680007001001271123210700000000000002180000010000000799000000000000000000000000000000000000002990000000000010000000000
093228680008001001271123210700000000000003010000010000000999000000000000000000000000000000000000006000000000000050000000000
11322868000900100127112321070000090000080000003553000000355300000000000000000000000000355300000000000000
123228680010001001271123210703040000000000000000000000000000000000000000003553000000000000000000000000000000
07322869000000100127112321080000000000000000100000000000000000
093228690001001001271123210800000000000002200000010000000499000000000000000000000000000000000000000990000000000010000000000
093228690002001001271123210800000000000003190000010000000500000000000000000000000000000000000000002000000000000050000000000
11322869000300100127112321080000090000020000000999000000099900000000000000000000000000200000000010010000
123228690004001001271123210800000000000000000000000000000000000000000000000999000000000000000000000000000000
07322870000000100127112321110000000000000000100000000000000000
093228700001001001271123211100000000000004020000040000000400I 0300000000000000000000000000000000000230000000000030000000000
093228700002001001271123211100000000000004020000010000000100I 0300000000000000000000000000000000000230000000000030000000000
093228700003001001271123211100000000000004020000010000000100I 0300000000000000000000000000000000000230000000000030000000000
11322870000400100127112321110000090000030000000600000000060000000000000000000000000000060000000000000000
123228700005001001271123211103030000000000000000000000000000000000000000000600000000000000000000000000000000
07322871000000100127112321110000000000000000100000000000000000
093228710001001001271123211100000000000004020000010000000100I 0300000000000000000000000000000000000230000000000030000000000
093228710002001001271123211100000000000004020000010000000100I 0300000000000000000000000000000000000230000000000030000000000
11322871000300100127112321110000090000020000000200000000020000000000000000000000000000020000000000000000
123228710004001001271123211100000000000000000000000000000000000000000000000200000000000000000000000000000000
07322872000000100127112321110000000000000000100000000000000000
093228720001001001271123211100000000000001290009920000000049000000000000000000000000000000100000000250000000000020000000000
11322872000200100127112321110000090000010000000049000000004900000000000000000000000000004900000000000000
123228720003001001271123211100000000000000000000000000000000000000000000000049000000000000000000000000000000
07322873000000100127112321120000000000000000100000000000000000
093228730001001001271123211200000000000001290009740000000048000000000000000000000000000000100000000250000000000020000000000
11322873000200100127112321120000090000010000000048000000004800000000000000000000000000004800000000000000
123228730003001001271123211200000000000000000000000000000000000000000000000048000000000000000000000000000000
07322874000000100127112321120000000000000000100000000000000000
093228740001001001271123211200000000000001230001180000000118000000000000000000000000000000100000008750000000000020000000000
11322874000200100127112321120000090000010000000118000000011800000000000000000000000000011800000000000000
123228740003001001271123211200000000000000000000000000000000000000000000000118000000000000000000000000000000
07322875000000100127112321130000000000000000100000000000000000
093228750001001001271123211300000000000001020007700000000192000000000000000000000000000000100000001200000000000020000000000
093228750002001001271123211300000000000001290004480000000022000000000000000000000000000000100000000250000000000020000000000
11322875000300100127112321130000090000020000000214000000021400000000000000000000000000021400000000000000
123228750004001001271123211303100000000000000000000000000000000000000000000214000000000000000000000000000000
07322876000000100127112321270000000000000000100000000000000000
093228760001001001271123212700000000000001140000760000000046000000000000000000000000000000100000000500000000000020000000000
093228760002001001271123212700000000000001270002040000000102000000000000000000000000000000100000000250000000000020000000000
11322876000300100127112321270000090000020000000148000000014800000000000000000000000000200000000018520000
123228760004001001271123212700000000000000000000000000000000000000000000000148000000000000000000000000000000
07322877000000100127112321340000000000000000100000000000000000
093228770001001001271123213400000000000001040001960000000157000000000000000000000000000000100000002000000000000020000000000
093228770002001001271123213400000000000001250004920000000196I 0000000000000000000000000000100000000530000000000020000000000
093228770003001001271123213400000000000001090000900000000072000000000000000000000000000000100000001500000000000020000000000
093228770004001001271123213400000000000001140001820000000109000000000000000000000000000000100000000500000000000020000000000
11322877000500100127112321340000090000040000000534000000053400000000000000000000000000053400000000000000
123228770006001001271123213403030000000000000000000000000000000000000000000534000000000000000000000000000000
07322878000000100127112321430000000000000000100000000000000000
093228780001001001271123214300000000000004020000050000000500I 0300000000000000000000000000000000000230000000000030000000000
093228780002001001271123214300000000000001050001860000000093000000000000000000000000000000100000000500000000000020000000000
11322878000300100127112321430000090000020000000593000000059300000000000000000000000000059300000000000000
123228780004001001271123214303020000000000000000000000000000000000000000000593000000000000000000000000000000
07322879000000100127112321440000000000000000100000000000000000
093228790001001001271123214400000000000001050003400000000170000000000000000000000000000000100000000500000000000020000000000
093228790002001001271123214400000000000001020012320000000307000000000000000000000000000000100000001200000000000020000000000
093228790003001001271123214400000000000005530000010000000200I 0100000000000000000000000000000000001000000000000090000000000
093228790004001001271123214400000000000002040000600000000030000000000000000000000000000000100000000500000000000010000000000
093228790005001001271123214400000000000001290005920000000029000000000000000000000000000000100000000250000000000020000000000
17322879000600100127112321440000000000000499
093228790007001001271123214400000000000002220000010000000499000000000000000000000000000000000000001500000000000010000000000
11322879000800100127112321440000090000060000001235000000123500000000000000000000000000123500000000000000
123228790009001001271123214400000000000000000000000000000000000000000000001235000000000000000000000000000000
07322880000000100127112321450000000000000000100000000000000000
093228800001001001271123214500000000000001010006440000000321000000000000000000000000000000100000000500000000000020000000000
093228800002001001271123214500000000000002040002720000000136000000000000000000000000000000100000000500000000000010000000000
093228800003001001271123214500000000000001110001760000000053000000000000000000000000000000100000001990000000000020000000000
11322880000400100127112321450000090000030000000510000000051000000000000000000000000000051000000000000000
123228800005001001271123214503020000000000000000000000000000000000000000000510000000000000000000000000000000
07322881000000100127112321520000000000000000100000000000000000
093228810001001001271123215200000000000001220006200000000247000000000000000000000000000000100000001500000000000020000000000
093228810002001001271123215200000000000001010003180000000159000000000000000000000000000000100000000500000000000020000000000
093228810003001001271123215200000000000002020005960000000476000000000000000000000000000000100000001990000000000010000000000
093228810004001001271123215200000000000001040001980000000158000000000000000000000000000000100000002000000000000020000000000
093228810005001001271123215200000000000001110003940000000118000000000000000000000000000000100000001990000000000020000000000
093228810006001001271123215200000000000001080002640000000132000000000000000000000000000000100000001000000000000020000000000
093228810007001001271123215200000000000001070001360000000340000000000000000000000000000000100000005000000000000020000000000
093228810008001001271123215200000000000002150000010000000199000000000000000000000000000000000000000500000000000010000000000
093228810009001001271123215200000000000002130011360000000453000000000000000000000000000000100000001400000000000010000000000
11322881001000100127112321520000090000090000002282000000228200000000000000000000000000228200000000000000
123228810011001001271123215203060000000000000000000000000000000000000000002282000000000000000000000000000000
14322882000000100127112321570000010000000000
07322883000000100127112321590000000000000000100000000000000000
093228830001001001271123215900000000000001290016800000000082000000000000000000000000000000100000000250000000000020000000000
093228830002001001271123215900000000000001290022920000000112000000000000000000000000000000100000000250000000000020000000000
11322883000300100127112321590000090000020000000194000000019400000000000000000000000000100000000008060000
123228830004001001271123215900000000000000000000000000000000000000000000000194000000000000000000000000000000
0432288400000010012711232203000001322714322884000002313081870000023147921527112300001637400000000000000000000000000033180001000000000000000000000000000000000000000000000000000000000000000000000000000000001234567890AB        
