[18/10/22 16:31:49] Erro OpenFile (C:\SERVIDOR\DADOS\PDVPPROD.DAT,0012) = 0002
[18/10/22 16:31:49] Erro OpenFile (C:\SERVIDOR\DADOS\PDVPPROD.DAT,0012) = 0002
[18/10/22 16:31:50] Erro OpenFile (C:\SERVIDOR\DADOS\PDVCVEND.DAT,0012) = 0002
[18/10/22 16:31:50] Erro OpenFile (C:\SERVIDOR\DADOS\PDVCVEND.DAT,0012) = 0002
[18/10/22 16:31:50] Erro OpenFile (C:\SERVIDOR\DADOS\PDVINV.DAT,0012) = 0002
[18/10/22 16:31:50] Erro OpenFile (C:\SERVIDOR\DADOS\PDVINV.DAT,0012) = 0002
[18/10/22 16:31:50] Erro OpenFile (C:\SERVIDOR\DADOS\PDVCNFOR.DAT,0012) = 0002
[18/10/22 16:31:50] Erro OpenFile (C:\SERVIDOR\DADOS\PDVCNFOR.DAT,0012) = 0002
[18/10/22 16:31:50] Erro OpenFile (C:\SERVIDOR\DADOS\PDVCNCLI.DAT,0012) = 0002
[18/10/22 16:31:50] Erro OpenFile (C:\SERVIDOR\DADOS\PDVCNCLI.DAT,0012) = 0002
[18/10/22 16:31:50] Erro OpenFile (C:\SERVIDOR\DADOS\PDVNFC.DAT,0012) = 0002
[18/10/22 16:31:50] Erro OpenFile (C:\SERVIDOR\DADOS\PDVNFC.DAT,0012) = 0002
[18/10/22 16:31:50] Erro OpenFile (C:\SERVIDOR\DADOS\PDVNIC.DAT,0012) = 0002
[18/10/22 16:31:50] Erro OpenFile (C:\SERVIDOR\DADOS\PDVNIC.DAT,0012) = 0002
[18/10/22 16:31:50] Erro OpenFile (C:\SERVIDOR\DADOS\PDVPCOMP.DAT,0012) = 0002
[18/10/22 16:31:50] Erro OpenFile (C:\SERVIDOR\DADOS\PDVPCOMP.DAT,0012) = 0002
[18/10/22 16:31:50] Erro OpenFile (C:\SERVIDOR\DADOS\PDVPFPRO.DAT,0012) = 0002
[18/10/22 16:31:50] Erro OpenFile (C:\SERVIDOR\DADOS\PDVPFPRO.DAT,0012) = 0002
[18/10/22 16:31:50] Erro OpenFile (C:\SERVIDOR\DADOS\PDVCPAG.DAT,0012) = 0002
[18/10/22 16:31:50] Erro OpenFile (C:\SERVIDOR\DADOS\PDVCPAG.DAT,0012) = 0002
[18/10/22 16:31:50] Erro OpenFile (C:\SERVIDOR\DADOS\PDVCREC.DAT,0012) = 0002
[18/10/22 16:31:50] Erro OpenFile (C:\SERVIDOR\DADOS\PDVCREC.DAT,0012) = 0002
[18/10/22 16:31:50] Erro OpenFile (C:\SERVIDOR\DADOS\PDVPTCLI.DAT,0012) = 0002
[18/10/22 16:31:50] Erro OpenFile (C:\SERVIDOR\DADOS\PDVPTCLI.DAT,0012) = 0002
[18/10/22 16:31:50] Erro OpenFile (C:\SERVIDOR\DADOS\PDVGRUPO.DAT,0012) = 0002
[18/10/22 16:31:50] Erro OpenFile (C:\SERVIDOR\DADOS\PDVGRUPO.DAT,0012) = 0002
[18/10/22 16:31:50] Erro OpenFile (C:\SERVIDOR\DADOS\PDVAJUST.DAT,0012) = 0002
[18/10/22 16:31:50] Erro OpenFile (C:\SERVIDOR\DADOS\PDVAJUST.DAT,0012) = 0002
[18/10/22 16:31:50] Erro OpenFile (C:\SERVIDOR\DADOS\PDVBAL.DAT,0012) = 0002
[18/10/22 16:31:50] Erro OpenFile (C:\SERVIDOR\DADOS\PDVBAL.DAT,0012) = 0002
[18/10/22 16:31:50] Erro OpenFile (C:\SERVIDOR\DADOS\PDVCPEDA.DAT,0012) = 0002
[18/10/22 16:31:50] Erro OpenFile (C:\SERVIDOR\DADOS\PDVCPEDA.DAT,0012) = 0002
[18/10/22 16:31:50] Erro OpenFile (C:\SERVIDOR\DADOS\PDVPADIC.DAT,0012) = 0002
[18/10/22 16:31:50] Erro OpenFile (C:\SERVIDOR\DADOS\PDVPADIC.DAT,0012) = 0002
[18/10/22 16:31:50] Erro OpenFile (C:\SERVIDOR\DADOS\PDVCONV.DAT,0012) = 0002
[18/10/22 16:31:50] Erro OpenFile (C:\SERVIDOR\DADOS\PDVCONV.DAT,0012) = 0002
[18/10/22 16:31:50] Erro OpenFile (C:\SERVIDOR\DADOS\PDVPTVEN.DAT,0012) = 0002
[18/10/22 16:31:50] Erro OpenFile (C:\SERVIDOR\DADOS\PDVPTVEN.DAT,0012) = 0002
[18/10/22 16:31:50] Erro OpenFile (C:\SERVIDOR\DADOS\PDVNFDC.DAT,0012) = 0002
[18/10/22 16:31:50] Erro OpenFile (C:\SERVIDOR\DADOS\PDVNFDC.DAT,0012) = 0002
[18/10/22 16:31:50] Erro OpenFile (C:\SERVIDOR\DADOS\PDVNIDC.DAT,0012) = 0002
[18/10/22 16:31:50] Erro OpenFile (C:\SERVIDOR\DADOS\PDVNIDC.DAT,0012) = 0002
[18/10/22 16:31:50] Erro OpenFile (C:\SERVIDOR\DADOS\PDVNFDF.DAT,0012) = 0002
[18/10/22 16:31:50] Erro OpenFile (C:\SERVIDOR\DADOS\PDVNFDF.DAT,0012) = 0002
[18/10/22 16:31:50] Erro OpenFile (C:\SERVIDOR\DADOS\PDVNIDF.DAT,0012) = 0002
[18/10/22 16:31:50] Erro OpenFile (C:\SERVIDOR\DADOS\PDVNIDF.DAT,0012) = 0002
[18/10/22 16:31:50] Erro OpenFile (C:\SERVIDOR\DADOS\PDVNFVC.DAT,0012) = 0002
[18/10/22 16:31:50] Erro OpenFile (C:\SERVIDOR\DADOS\PDVNFVC.DAT,0012) = 0002
[18/10/22 16:31:50] Erro OpenFile (C:\SERVIDOR\DADOS\PDVNIVC.DAT,0012) = 0002
[18/10/22 16:31:50] Erro OpenFile (C:\SERVIDOR\DADOS\PDVNIVC.DAT,0012) = 0002
[18/10/22 16:31:50] Erro OpenFile (C:\SERVIDOR\DADOS\PDVCFOP.DAT,0012) = 0002
[18/10/22 16:31:50] Erro OpenFile (C:\SERVIDOR\DADOS\PDVCFOP.DAT,0012) = 0002
[18/10/22 16:31:50] Erro OpenFile (C:\SERVIDOR\DADOS\PDVPPROD.DAT,0012) = 0002
[18/10/22 16:31:50] Erro OpenFile (C:\SERVIDOR\DADOS\PDVCVEND.DAT,0012) = 0002
[18/10/22 16:31:50] Erro OpenFile (C:\SERVIDOR\DADOS\PDVINV.DAT,0012) = 0002
[18/10/22 16:31:50] Erro OpenFile (C:\SERVIDOR\DADOS\PDVCNFOR.DAT,0012) = 0002
[18/10/22 16:31:50] Erro OpenFile (C:\SERVIDOR\DADOS\PDVCNCLI.DAT,0012) = 0002
[18/10/22 16:31:51] Erro OpenFile (C:\SERVIDOR\DADOS\PDVNFC.DAT,0012) = 0002
[18/10/22 16:31:51] Erro OpenFile (C:\SERVIDOR\DADOS\PDVNIC.DAT,0012) = 0002
[18/10/22 16:31:52] Erro OpenFile (C:\SERVIDOR\DADOS\PDVPCOMP.DAT,0012) = 0002
[18/10/22 16:31:52] Erro OpenFile (C:\SERVIDOR\DADOS\PDVPFPRO.DAT,0012) = 0002
[18/10/22 16:31:52] Erro OpenFile (C:\SERVIDOR\DADOS\PDVCPAG.DAT,0012) = 0002
[18/10/22 16:31:53] Erro OpenFile (C:\SERVIDOR\DADOS\PDVCREC.DAT,0012) = 0002
[18/10/22 16:31:53] Erro OpenFile (C:\SERVIDOR\DADOS\PDVPTCLI.DAT,0012) = 0002
[18/10/22 16:31:53] Erro OpenFile (C:\SERVIDOR\DADOS\PDVGRUPO.DAT,0012) = 0002
[18/10/22 16:31:53] Erro OpenFile (C:\SERVIDOR\DADOS\PDVAJUST.DAT,0012) = 0002
[18/10/22 16:31:54] Erro OpenFile (C:\SERVIDOR\DADOS\PDVBAL.DAT,0012) = 0002
[18/10/22 16:31:54] Erro OpenFile (C:\SERVIDOR\DADOS\PDVCPEDA.DAT,0012) = 0002
[18/10/22 16:31:54] Erro OpenFile (C:\SERVIDOR\DADOS\PDVPADIC.DAT,0012) = 0002
[18/10/22 16:31:54] Erro OpenFile (C:\SERVIDOR\DADOS\PDVCONV.DAT,0012) = 0002
[18/10/22 16:31:54] Erro OpenFile (C:\SERVIDOR\DADOS\PDVPTVEN.DAT,0012) = 0002
[18/10/22 16:31:55] Erro OpenFile (C:\SERVIDOR\DADOS\PDVNFDC.DAT,0012) = 0002
[18/10/22 16:31:55] Erro OpenFile (C:\SERVIDOR\DADOS\PDVNIDC.DAT,0012) = 0002
[18/10/22 16:31:56] Erro OpenFile (C:\SERVIDOR\DADOS\PDVNFDF.DAT,0012) = 0002
[18/10/22 16:31:56] Erro OpenFile (C:\SERVIDOR\DADOS\PDVNIDF.DAT,0012) = 0002
[18/10/22 16:31:56] Erro OpenFile (C:\SERVIDOR\DADOS\PDVNFVC.DAT,0012) = 0002
[18/10/22 16:31:57] Erro OpenFile (C:\SERVIDOR\DADOS\PDVNIVC.DAT,0012) = 0002
[18/10/22 16:31:57] Erro OpenFile (C:\SERVIDOR\DADOS\PDVCFOP.DAT,0012) = 0002
[18/10/22 17:09:37] Erro OpenFile (C:\USERS\RAFAEL\APPDATA\LOCAL\TEMP\PDVEQTMP.DAT,0042) = 0002
[18/10/22 17:22:44] Erro OpenFile (C:\SERVIDOR\DADOS\EXTRATO\00000001.EXT,0040) = 0002
[18/10/22 17:32:56] Erro OpenFile (C:\SERVIDOR\DADOS\PDVTRAN.DAT,0042) = 0002
[18/10/22 17:53:31] Erro OpenFile (C:\SERVIDOR\DADOS\EXTRATO\00000029.EXT,0040) = 0002
[18/10/22 18:45:32] Erro OpenFile (C:\SERVIDOR\DADOS\EXTRATO\00000016.EXT,0040) = 0002
[18/10/22 18:45:57] Erro OpenFile (C:\SERVIDOR\DADOS\EXTRATO\00000008.EXT,0040) = 0002
[18/10/22 18:52:13] Erro OpenFile (C:\SERVIDOR\DADOS\EXTRATO\00000033.EXT,0040) = 0002
[18/10/22 18:58:46] Erro OpenFile (C:\SERVIDOR\DADOS\EXTRATO\00000025.EXT,0040) = 0002
[18/10/22 19:01:26] Erro OpenFile (C:\SERVIDOR\DADOS\EXTRATO\00000012.EXT,0040) = 0002
[18/10/22 19:02:59] Erro OpenFile (C:\SERVIDOR\DADOS\EXTRATO\00000015.EXT,0040) = 0002
[18/10/22 19:15:09] Erro OpenFile (C:\SERVIDOR\DADOS\EXTRATO\00000006.EXT,0040) = 0002
[18/10/22 19:15:57] Erro OpenFile (C:\SERVIDOR\DADOS\EXTRATO\00000010.EXT,0040) = 0002
[18/10/22 19:16:36] Erro OpenFile (C:\SERVIDOR\DADOS\EXTRATO\00000014.EXT,0040) = 0002
[18/10/22 19:16:54] Erro OpenFile (C:\SERVIDOR\DADOS\EXTRATO\00000017.EXT,0040) = 0002
[18/10/22 19:19:09] Erro OpenFile (C:\SERVIDOR\DADOS\EXTRATO\00000020.EXT,0040) = 0002
[18/10/22 19:20:45] Erro OpenFile (C:\SERVIDOR\DADOS\EXTRATO\00000029.EXT,0040) = 0002
[18/10/22 19:21:04] Erro OpenFile (C:\SERVIDOR\DADOS\EXTRATO\00000030.EXT,0040) = 0002
[18/10/22 19:21:33] Erro OpenFile (C:\SERVIDOR\DADOS\EXTRATO\00000032.EXT,0040) = 0002
[18/10/22 19:33:03] Erro OpenFile (C:\SERVIDOR\DADOS\EXTRATO\00000026.EXT,0040) = 0002
[20/07/23 18:21:28] Erro OpenFile (C:\SERVIDOR\DADOS\PDVPPROD.DAT,0012) = 0020
[20/07/23 18:23:31] Erro OpenFile (C:\SERVIDOR\DADOS\PDVPPROD.DAT,0012) = 0020
