01153394000000200102102206510000010000008000000001591770581.82G5E   1234567890AB        Generica            
02153394000100200102102206510000010000040000000000
07153395000000200102102206530000000000000000100000000000000000
091533950001002001021022065300000000000002070009520000000570000000000000000000000000000000100000001990000000000020000000000
091533950002002001021022065300000000000002090003420000000410000000000000000000000000000000100000004720000000000010000000000
091533950003002001021022065300000000000002280001540000000108000000000000000000000000000000100000001000000000000010000000000
11153395000400200102102206530000040000030000001088000000108800000000000000000000000000120000000001120000
121533950005002001021022065300000000000000000000000000000000000000000000001088000000000000000000000000000000
07153396000000200102102207120000000000000000100000000000000000
091533960001002001021022071200000000000003070000020000000300000000000000000000000000000000000000000700000000000040000000000
11153396000200200102102207120000040000010000000300000000030000000000000000000000000000030000000000000000
121533960003002001021022071200000000000000000000000000000000000000000000000300000000000000000000000000000000
07153397000000200102102207340000000000000000100000000000000000
091533970001002001021022073400000000000003050000010000000150000000000000000000000000000000000000000700000000000040000000000
11153397000200200102102207340000040000010000000150000000015000000000000000000000000000015000000000000000
121533970003002001021022073400000000000000000000000000000000000000000000000150000000000000000000000000000000
07153398000000200102102207350000000000000000100000000000000000
091533980001002001021022073500000000000001020010280000000359000000000000000000000000000000100000001200000000000020000000000
091533980002002001021022073500000000000003030000010000000150000000000000000000000000000000000000000830000000000040000000000
11153398000300200102102207350000040000020000000509000000050900000000000000000000000000050900000000000000
121533980004002001021022073500000000000000000000000000000000000000000000000509000000000000000000000000000000
07153399000000200102102207370000000000000000100000000000000000
091533990001002001021022073700000000000004040000020000000200I 0300000000000000000000000000000000000270000000000030000000000
11153399000200200102102207370000040000010000000200000000020000000000000000000000000000020000000000000000
121533990003002001021022073700000000000000000000000000000000000000000000000200000000000000000000000000000000
07153400000000200102102207480000000000000000100000000000000000
091534000001002001021022074800000000000002020009220000000460000000000000000000000000000000100000001990000000000010000000000
091534000002002001021022074800000000000001140003740000000224000000000000000000000000000000100000001790000000000020000000000
091534000003002001021022074800000000000002150000030000000897000000000000000000000000000000000000000500000000000010000000000
091534000004002001021022074800000000000002080007640000000610000000000000000000000000000000100000000500000000000010000000000
11153400000500200102102207480000040000040000002191000000219100000000000000000000000000219100000000000000
121534000006002001021022074803020000000000000000000000000000000000000000002191000000000000000000000000000000
07153401000000200102102207560000000000000000100000000000000000
091534010001002001021022075600000000000002220000010000000250000000000000000000000000000000000000001500000000000010000000000
091534010002002001021022075600000000000005020000060000000600I 0000000000000000000000000000000000000100000000000020000000000
091534010003002001021022075600000000000002070000900000000054000000000000000000000000000000100000001990000000000020000000000
11153401000400200102102207560000040000030000000904000000090400000000000000000000000000200000000010960000
121534010005002001021022075600000000000000000000000000000000000000000000000904000000000000000000000000000000
07153402000000200102102208040000000000000000100000000000000000
091534020001002001021022080400000000000002260013980000000698000000000000000000000000000000100000003000000000000010000000000
091534020002002001021022080400000000000002010049740000001736000000000000000000000000000000100000002150000000000010000000000
11153402000300200102102208040000040000020000002434000000243400000000000000000000000000243400000000000000
121534020004002001021022080400000000000000000000000000000000000000000000002434000000000000000000000000000000
07153403000000200102102208090000000000000000100000000000000000
091534030001002001021022080900000000000001050004680000000257000000000000000000000000000000100000002000000000000020000000000
091534030002002001021022080900000000000001060007100000000248000000000000000000000000000000100000001990000000000020000000000
091534030003002001021022080900000000000001080004180000000209000000000000000000000000000000100000001000000000000020000000000
091534030004002001021022080900000000000001090000840000000050000000000000000000000000000000100000001500000000000020000000000
11153403000500200102102208090000040000040000000764000000076400000000000000000000000000076400000000000000
121534030006002001021022080900000000000000000000000000000000000000000000000764000000000000000000000000000000
07153404000000200102102208110000000000000000100000000000000000
091534040001002001021022081100000000000003030000010000000150000000000000000000000000000000000000000830000000000040000000000
11153404000200200102102208110000040000010000000150000000015000000000000000000000000000015000000000000000
121534040003002001021022081100000000000000000000000000000000000000000000000150000000000000000000000000000000
07153405000000200102102208140000000000000000100000000000000000
091534050001002001021022081400000000000005050000010000000600I 0100000000000000000000000000000000006000000000000030000000000
091534050002002001021022081400000000000002040002480000000173000000000000000000000000000000100000000500000000000010000000000
091534050003002001021022081400000000000003120000010000000150000000000000000000000000000000000000000700000000000040000000000
091534050004002001021022081400000000000001110003440000000103000000000000000000000000000000100000002000000000000020000000000
091534050005002001021022081400000000000001060001920000000067000000000000000000000000000000100000001990000000000020000000000
091534050006002001021022081400000000000002290000010000000499000000000000000000000000000000000000002500000000000010000000000
091534050007002001021022081400000000000002170000010000000899000000000000000000000000000000000000006500000000000010000000000
091534050008002001021022081400000000000002090006060000000727000000000000000000000000000000100000004720000000000010000000000
11153405000900200102102208140000040000080000003218000000321800000000000000000000000000321800000000000000
121534050010002001021022081400000000000000000000000000000000000000000000003218000000000000000000000000000000
07153406000000200102102208190000000000000000100000000000000000
091534060001002001021022081900000000000001070001800000000306000000000000000000000000000000100000010000000000000020000000000
091534060002002001021022081900000000000001080003220000000161000000000000000000000000000000100000001000000000000020000000000
091534060003002001021022081900000000000001050002560000000141000000000000000000000000000000100000002000000000000020000000000
091534060004002001021022081900000000000001060003380000000118000000000000000000000000000000100000001990000000000020000000000
091534060005002001021022081900000000000001250004860000000121I 0000000000000000000000000000100000000530000000000020000000000
091534060006002001021022081900000000000001090000920000000055000000000000000000000000000000100000001500000000000020000000000
091534060007002001021022081900000000000001010006900000000413000000000000000000000000000000100000001400000000000020000000000
091534060008002001021022081900000000000003200000010000001900000000000000000000000000000000000000000000000000000050000000000
091534060009002001021022081900000000000003050000030000000450000000000000000000000000000000000000000700000000000040000000000
091534060010002001021022081900000000000001110003760000000112000000000000000000000000000000100000002000000000000020000000000
091534060011002001021022081900000000000002070013040000000781000000000000000000000000000000100000001990000000000020000000000
091534060012002001021022081900000000000002150000020000000598000000000000000000000000000000000000000500000000000010000000000
091534060013002001021022081900000000000002080012080000000965000000000000000000000000000000100000000500000000000010000000000
11153406001400200102102208190000040000130000006121000000612100000000000000000000000000612100000000000000
121534060015002001021022081903030000000000000000000000000000000000000000006121000000000000000000000000000000
07153407000000200102102208190000000000000000100000000000000000
091534070001002001021022081900000000000003190000010000000425000000000000000000000000000000000000002000000000000050000000000
091534070002002001021022081900000000000001060008600000000300000000000000000000000000000000100000001990000000000020000000000
091534070003002001021022081900000000000003080000010000000150000000000000000000000000000000000000000700000000000040000000000
11153407000400200102102208190000040000030000000875000000087500000000000000000000000000200000000011250000
121534070005002001021022081900000000000000000000000000000000000000000000000875000000000000000000000000000000
07153408000000200102102208340000000000000000100000000000000000
091534080001002001021022083400000000000001020022020000000768000000000000000000000000000000100000001200000000000020000000000
091534080002002001021022083400000000000001070011760000001998000000000000000000000000000000100000010000000000000020000000000
11153408000300200102102208340000040000020000002766000000276600000000000000000000000000276600000000000000
121534080004002001021022083403020000000000000000000000000000000000000000002766000000000000000000000000000000
07153409000000200102102208340000000000000000100000000000000000
091534090001002001021022083400000000000002040005260000000368000000000000000000000000000000100000000500000000000010000000000
11153409000200200102102208340000040000010000000368000000036800000000000000000000000000036800000000000000
121534090003002001021022083400000000000000000000000000000000000000000000000368000000000000000000000000000000
07153410000000200102102208340000000000000000100000000000000000
091534100001002001021022083400000000000005020000100000001000I 0000000000000000000000000000000000000100000000000020000000000
11153410000200200102102208340000040000010000001000000000100000000000000000000000000000100000000000000000
121534100003002001021022083400000000000000000000000000000000000000000000001000000000000000000000000000000000
07153411000000200102102208380000000000000000100000000000000000
091534110001002001021022083800000000000005020000030000000300I 0000000000000000000000000000000000000100000000000020000000000
091534110002002001021022083800000000000003170000030000000450000000000000000000000000000000000000000700000000000040000000000
091534110003002001021022083800000000000001230002120000000318000000000000000000000000000000100000008750000000000020000000000
091534110004002001021022083800000000000001310000010000000499000000000000000000000000000000000000002500000000000020000000000
091534110005002001021022083800000000000002040002100000000147000000000000000000000000000000100000000500000000000010000000000
091534110006002001021022083800000000000001080002940000000147000000000000000000000000000000100000001000000000000020000000000
091534110007002001021022083800000000000002090004100000000492000000000000000000000000000000100000004720000000000010000000000
091534110008002001021022083800000000000002010003460000000121000000000000000000000000000000100000002150000000000010000000000
091534110009002001021022083800000000000001170001880000000094000000000000000000000000000000100000001430000000000020000000000
11153411001000200102102208380000040000090000002568000000256800000000000000000000000000500000000024320000
121534110011002001021022083800000000000000000000000000000000000000000000002568000000000000000000000000000000
07153412000000200102102208410000000000000000100000000000000000
091534120001002001021022084100000000000001100012000000000479000000000000000000000000000000100000000500000000000020000000000
11153412000200200102102208410000040000010000000479000000047900000000000000000000000000200000000015210000
121534120003002001021022084100000000000000000000000000000000000000000000000479000000000000000000000000000000
18153412000400200102102208460000000205000000000000000000000001
07153413000000200102102208530000000000000000100000000000000000
091534130001002001021022085300000000000003070000010000000150000000000000000000000000000000000000000700000000000040000000000
091534130002002001021022085300000000000003030000010000000150000000000000000000000000000000000000000830000000000040000000000
091534130003002001021022085300000000000001080004680000000234000000000000000000000000000000100000001000000000000020000000000
091534130004002001021022085300000000000002070010680000000640000000000000000000000000000000100000001990000000000020000000000
11153413000500200102102208530000040000040000001174000000117400000000000000000000000000500000000038260000
121534130006002001021022085300000000000000000000000000000000000000000000001174000000000000000000000000000000
101534130007002001021022085751000000000000002000000104710000000000000303000004
131534130000002001021022085700000000000003030000000000000020000000000001047100000000000000010471
07153414000000200102102209010000000000000000100000000000000000
091534140001002001021022090100000000000001290005160000000154000000000000000000000000000000100000000250000000000020000000000
091534140002002001021022090100000000000005020000010000000100I 0000000000000000000000000000000000000100000000000020000000000
17153414000300200102102209010000000000000312
091534140004002001021022090100000000000003040000010000000150000000000000000000000000000000000000000700000000000040000000000
091534140005002001021022090100000000000003190000010000000425000000000000000000000000000000000000002000000000000050000000000
11153414000600200102102209010000040000040000000829000000082900000000000000000000000000100000000001710000
121534140007002001021022090100000000000000000000000000000000000000000000000829000000000000000000000000000000
07153415000000200102102209040000000000000000100000000000000000
091534150001002001021022090400000000000002070005400000000323000000000000000000000000000000100000001990000000000020000000000
11153415000200200102102209040000040000010000000323000000032300000000000000000000000000040000000000770000
121534150003002001021022090400000000000000000000000000000000000000000000000323000000000000000000000000000000
07153416000000200102102209090000000000000000100000000000000000
091534160001002001021022090900000000000003040000010000000150000000000000000000000000000000000000000700000000000040000000000
11153416000200200102102209090000040000010000000150000000015000000000000000000000000000020000000000500000
121534160003002001021022090900000000000000000000000000000000000000000000000150000000000000000000000000000000
07153417000000200102102209100000000000000000100000000000000000
091534170001002001021022091000000000000001050002820000000155000000000000000000000000000000100000002000000000000020000000000
091534170002002001021022091000000000000003120000010000000150000000000000000000000000000000000000000700000000000040000000000
091534170003002001021022091000000000000003120000010000000150000000000000000000000000000000000000000700000000000040000000000
11153417000400200102102209100000040000030000000455000000045500000000000000000000000000050000000000450000
121534170005002001021022091000000000000000000000000000000000000000000000000455000000000000000000000000000000
07153418000000200102102209120000000000000000100000000000000000
091534180001002001021022091200000000000001180001620000000129000000000000000000000000000000100000001000000000000020000000000
11153418000200200102102209120000040000010000000129000000012900000000000000000000000000013000000000010000
121534180003002001021022091200000000000000000000000000000000000000000000000129000000000000000000000000000000
07153419000000200102102209130000000000000000100000000000000000
091534190001002001021022091300000000000002080001420000000113000000000000000000000000000000100000000500000000000010000000000
11153419000200200102102209130000040000010000000113000000011300000000000000000000000000012500000000120000
121534190003002001021022091300000000000000000000000000000000000000000000000113000000000000000000000000000000
07153420000000200102102209160000000000000000100000000000000000
091534200001002001021022091600000000000003030000010000000150000000000000000000000000000000000000000830000000000040000000000
091534200002002001021022091600000000000002280007220000000505000000000000000000000000000000100000001000000000000010000000000
091534200003002001021022091600000000000001170001980000000099000000000000000000000000000000100000001430000000000020000000000
091534200004002001021022091600000000000002060009460000000850000000000000000000000000000000100000004170000000000010000000000
11153420000500200102102209160000040000040000001604000000160400000000000000000000000001000000000083960000
121534200006002001021022091600000000000000000000000000000000000000000000001604000000000000000000000000000000
07153421000000200102102209170000000000000000100000000000000000
091534210001002001021022091700000000000001070000520000000088000000000000000000000000000000100000010000000000000020000000000
11153421000200200102102209170000040000010000000088000000008800000000000000000000000000020000000001120000
121534210003002001021022091700000000000000000000000000000000000000000000000088000000000000000000000000000000
07153422000000200102102209190000000000000000100000000000000000
091534220001002001021022091900000000000002090007460000000894000000000000000000000000000000100000004720000000000010000000000
091534220002002001021022091900000000000002070022240000001332000000000000000000000000000000100000001990000000000020000000000
11153422000300200102102209190000040000020000002226000000222600000000000000000000000000300000000007740000
121534220004002001021022091900000000000000000000000000000000000000000000002226000000000000000000000000000000
07153423000000200102102209290000000000000000100000000000000000
091534230001002001021022092900000000000002070007540000000452000000000000000000000000000000100000001990000000000020000000000
091534230002002001021022092900000000000002170000010000000899000000000000000000000000000000000000006500000000000010000000000
091534230003002001021022092900000000000002130008820000000176000000000000000000000000000000100000001400000000000010000000000
091534230004002001021022092900000000000002150000010000000299000000000000000000000000000000000000000500000000000010000000000
11153423000500200102102209290000040000040000001826000000182600000000000000000000000000182600000000000000
121534230006002001021022092903020000000000000000000000000000000000000000001826000000000000000000000000000000
07153424000000200102102209330000000000000000100000000000000000
091534240001002001021022093300000000000002090001620000000194000000000000000000000000000000100000004720000000000010000000000
11153424000200200102102209330000040000010000000194000000019400000000000000000000000000019400000000000000
121534240003002001021022093300000000000000000000000000000000000000000000000194000000000000000000000000000000
07153425000000200102102209380000000000000000100000000000000000
091534250001002001021022093800000000000003120000010000000150000000000000000000000000000000000000000700000000000040000000000
091534250002002001021022093800000000000003080000010000000150000000000000000000000000000000000000000700000000000040000000000
091534250003002001021022093800000000000001060003120000000109000000000000000000000000000000100000001990000000000020000000000
091534250004002001021022093800000000000002040002140000000150000000000000000000000000000000100000000500000000000010000000000
091534250005002001021022093800000000000001050005040000000277000000000000000000000000000000100000002000000000000020000000000
091534250006002001021022093800000000000001020015200000000530000000000000000000000000000000100000001200000000000020000000000
091534250007002001021022093800000000000003010000010000000850000000000000000000000000000000000000006000000000000050000000000
091534250008002001021022093800000000000001250006860000000171I 0000000000000000000000000000100000000530000000000020000000000
091534250009002001021022093800000000000001160009720000000193000000000000000000000000000000100000000670000000000020000000000
091534250010002001021022093800000000000003150000010000000199000000000000000000000000000000000000000670000000000040000000000
091534250011002001021022093800000000000003020000010000000100000000000000000000000000000000000000000500000000000000000000000
11153425001200200102102209380000040000110000002879000000287900000000000000000000000000287900000000000000
121534250013002001021022093803030000000000000000000000000000000000000000002879000000000000000000000000000000
07153426000000200102102209400000000000000000100000000000000000
091534260001002001021022094000000000000002070022520000001349000000000000000000000000000000100000001990000000000020000000000
091534260002002001021022094000000000000003040000010000000150000000000000000000000000000000000000000700000000000040000000000
091534260003002001021022094000000000000003050000010000000150000000000000000000000000000000000000000700000000000040000000000
11153426000400200102102209400000040000030000001649000000164900000000000000000000000000164900000000000000
121534260005002001021022094003030000000000000000000000000000000000000000001649000000000000000000000000000000
07153427000000200102102209440000000000000000100000000000000000
091534270001002001021022094400000000000002070011820000000708000000000000000000000000000000100000001990000000000020000000000
091534270002002001021022094400000000000003120000010000000150000000000000000000000000000000000000000700000000000040000000000
11153427000300200102102209440000040000020000000858000000085800000000000000000000000000100000000001420000
121534270004002001021022094400000000000000000000000000000000000000000000000858000000000000000000000000000000
07153428000000200102102209490000000000000000100000000000000000
091534280001002001021022094900000000000003040000010000000150000000000000000000000000000000000000000700000000000040000000000
11153428000200200102102209490000040000010000000150000000015000000000000000000000000000015000000000000000
121534280003002001021022094900000000000000000000000000000000000000000000000150000000000000000000000000000000
14153429000000200102102209530000010000000000
07153430000000200102102209560000000000000000100000000000000000
091534300001002001021022095600000000000002010008260000000288000000000000000000000000000000100000002150000000000010000000000
091534300002002001021022095600000000000001010003380000000202000000000000000000000000000000100000001400000000000020000000000
091534300003002001021022095600000000000001230000640000000096000000000000000000000000000000100000008750000000000020000000000
091534300004002001021022095600000000000001060001320000000046000000000000000000000000000000100000001990000000000020000000000
091534300005002001021022095600000000000002070003280000000196000000000000000000000000000000100000001990000000000020000000000
091534300006002001021022095600000000000005020000030000000300I 0000000000000000000000000000000000000100000000000020000000000
091534300007002001021022095600000000000002140005120000000409000000000000000000000000000000100000001990000000000010000000000
11153430000800200102102209560000040000070000001537000000153700000000000000000000000000153700000000000000
121534300009002001021022095603030000000000000000000000000000000000000000001537000000000000000000000000000000
07153431000000200102102210000000000000000000100000000000000000
091534310001002001021022100000000000000002040003700000000259000000000000000000000000000000100000000500000000000010000000000
091534310002002001021022100000000000000001020009480000000331000000000000000000000000000000100000001200000000000020000000000
11153431000300200102102210000000040000020000000590000000059000000000000000000000000000059000000000000000
121534310004002001021022100000000000000000000000000000000000000000000000000590000000000000000000000000000000
07153432000000200102102210050000000000000000100000000000000000
091534320001002001021022100500000000000003080000010000000150000000000000000000000000000000000000000700000000000040000000000
17153432000200200102102210050000000000000824
091534320003002001021022100500000000000001070000880000000150000000000000000000000000000000100000010000000000000020000000000
091534320004002001021022100500000000000001050002500000000137000000000000000000000000000000100000002000000000000020000000000
11153432000500200102102210050000040000030000000437000000043700000000000000000000000000043700000000000000
121534320006002001021022100503020000000000000000000000000000000000000000000437000000000000000000000000000000
07153433000000200102102210060000000000000000100000000000000000
091534330001002001021022100600000000000004200000120000001200I 0000000000000000000000000000000000000000000000000030000000000
11153433000200200102102210060000040000010000001200000000120000000000000000000000000000120000000000000000
121534330003002001021022100603020000000000000000000000000000000000000000001200000000000000000000000000000000
14153434000000200102102210070000010000000000
07153435000000200102102210100000000000000000100000000000000000
091534350001002001021022101000000000000002080008980000000718000000000000000000000000000000100000000500000000000010000000000
091534350002002001021022101000000000000001020005800000000202000000000000000000000000000000100000001200000000000020000000000
091534350003002001021022101000000000000001070001500000000255000000000000000000000000000000100000010000000000000020000000000
091534350004002001021022101000000000000001110002480000000074000000000000000000000000000000100000002000000000000020000000000
091534350005002001021022101000000000000003040000010000000150000000000000000000000000000000000000000700000000000040000000000
091534350006002001021022101000000000000001050002320000000127000000000000000000000000000000100000002000000000000020000000000
091534350007002001021022101000000000000001090001020000000061000000000000000000000000000000100000001500000000000020000000000
091534350008002001021022101000000000000001080001060000000053000000000000000000000000000000100000001000000000000020000000000
11153435000900200102102210100000040000080000001640000000164000000000000000000000000000500000000033600000
121534350010002001021022101000000000000000000000000000000000000000000000001640000000000000000000000000000000
07153436000000200102102210120000000000000000100000000000000000
091534360001002001021022101200000000000003030000010000000150000000000000000000000000000000000000000830000000000040000000000
091534360002002001021022101200000000000003030000010000000150000000000000000000000000000000000000000830000000000040000000000
091534360003002001021022101200000000000001050007880000000433000000000000000000000000000000100000002000000000000020000000000
091534360004002001021022101200000000000001180007460000000596000000000000000000000000000000100000001000000000000020000000000
091534360005002001021022101200000000000001090002800000000168000000000000000000000000000000100000001500000000000020000000000
11153436000600200102102210120000040000050000001497000000149700000000000000000000000000149700000000000000
121534360007002001021022101203060000000000000000000000000000000000000000001497000000000000000000000000000000
07153437000000200102102210200000000000000000100000000000000000
091534370001002001021022102000000000000001070001440000000245000000000000000000000000000000100000010000000000000020000000000
091534370002002001021022102000000000000001080005380000000268000000000000000000000000000000100000001000000000000020000000000
091534370003002001021022102000000000000001050005560000000305000000000000000000000000000000100000002000000000000020000000000
11153437000400200102102210200000040000030000000818000000081800000000000000000000000000200000000011820000
121534370005002001021022102000000000000000000000000000000000000000000000000818000000000000000000000000000000
07153438000000200102102210280000000000000000100000000000000000
091534380001002001021022102800000000000001130020960000001046000000000000000000000000000000100000001500000000000020000000000
091534380002002001021022102800000000000001090002320000000139000000000000000000000000000000100000001500000000000020000000000
091534380003002001021022102800000000000001080010960000000547000000000000000000000000000000100000001000000000000020000000000
091534380004002001021022102800000000000003050000010000000150000000000000000000000000000000000000000700000000000040000000000
091534380005002001021022102800000000000004010000040000000400I 0300000000000000000000000000000000000000000000000030000000000
091534380006002001021022102800000000000001240004060000000406000000000000000000000000000000100000001670000000000020000000000
091534380007002001021022102800000000000002070012280000000736000000000000000000000000000000100000001990000000000020000000000
091534380008002001021022102800000000000001040004060000000284000000000000000000000000000000100000002750000000000020000000000
11153438000900200102102210280000040000080000003708000000370800000000000000000000000000500000000012920000
121534380010002001021022102800000000000000000000000000000000000000000000003708000000000000000000000000000000
07153439000000200102102210310000000000000000100000000000000000
091534390001002001021022103100000000000001020009780000000341000000000000000000000000000000100000001200000000000020000000000
11153439000200200102102210310000040000010000000341000000034100000000000000000000000000200000000016590000
121534390003002001021022103100000000000000000000000000000000000000000000000341000000000000000000000000000000
07153440000000200102102210320000000000000000100000000000000000
091534400001002001021022103200000000000001020017060000000595000000000000000000000000000000100000001200000000000020000000000
11153440000200200102102210320000040000010000000595000000059500000000000000000000000000100000000004050000
121534400003002001021022103200000000000000000000000000000000000000000000000595000000000000000000000000000000
14153441000000200102102210370000010000000000
07153442000000200102102210380000000000000000100000000000000000
091534420001002001021022103800000000000001290001340000000040000000000000000000000000000000100000000250000000000020000000000
11153442000200200102102210380000040000010000000040000000004000000000000000000000000000004000000000000000
121534420003002001021022103800000000000000000000000000000000000000000000000040000000000000000000000000000000
07153443000000200102102210390000000000000000100000000000000000
091534430001002001021022103900000000000002150000010000000299000000000000000000000000000000000000000500000000000010000000000
091534430002002001021022103900000000000002020002000000000100000000000000000000000000000000100000001990000000000010000000000
11153443000300200102102210390000040000020000000399000000039900000000000000000000000000039900000000000000
121534430004002001021022103900000000000000000000000000000000000000000000000399000000000000000000000000000000
07153444000000200102102210400000000000000000100000000000000000
091534440001002001021022104000000000000002070008440000000506000000000000000000000000000000100000001990000000000020000000000
091534440002002001021022104000000000000001100011060000000441000000000000000000000000000000100000000500000000000020000000000
091534440003002001021022104000000000000001120006460000000516000000000000000000000000000000100000001000000000000020000000000
091534440004002001021022104000000000000002270009120000000729000000000000000000000000000000100000003990000000000010000000000
091534440005002001021022104000000000000001290003580000000107000000000000000000000000000000100000000250000000000020000000000
091534440006002001021022104000000000000001050002080000000114000000000000000000000000000000100000002000000000000020000000000
091534440007002001021022104000000000000003040000010000000150000000000000000000000000000000000000000700000000000040000000000
11153444000800200102102210400000040000070000002563000000256300000000000000000000000000500000000024370000
121534440009002001021022104000000000000000000000000000000000000000000000002563000000000000000000000000000000
07153445000000200102102210410000000000000000100000000000000000
091534450001002001021022104100000000000001010013420000000804000000000000000000000000000000100000001400000000000020000000000
11153445000200200102102210410000040000010000000804000000080400000000000000000000000000080400000000000000
121534450003002001021022104100000000000000000000000000000000000000000000000804000000000000000000000000000000
07153446000000200102102210410000000000000000100000000000000000
091534460001002001021022104100000000000001020004460000000156000000000000000000000000000000100000001200000000000020000000000
11153446000200200102102210410000040000010000000156000000015600000000000000000000000000020000000000440000
121534460003002001021022104100000000000000000000000000000000000000000000000156000000000000000000000000000000
07153447000000200102102210440000000000000000100000000000000000
091534470001002001021022104400000000000002070006960000000417000000000000000000000000000000100000001990000000000020000000000
091534470002002001021022104400000000000001120003480000000278000000000000000000000000000000100000001000000000000020000000000
091534470003002001021022104400000000000002090005760000000691000000000000000000000000000000100000004720000000000010000000000
091534470004002001021022104400000000000001050002900000000159000000000000000000000000000000100000002000000000000020000000000
091534470005002001021022104400000000000003170000010000000150000000000000000000000000000000000000000700000000000040000000000
091534470006002001021022104400000000000003030000010000000150000000000000000000000000000000000000000830000000000040000000000
11153447000700200102102210440000040000060000001845000000184500000000000000000000000000500000000031550000
121534470008002001021022104400000000000000000000000000000000000000000000001845000000000000000000000000000000
07153448000000200102102210440000000000000000100000000000000000
091534480001002001021022104400000000000001020010000000000349000000000000000000000000000000100000001200000000000020000000000
091534480002002001021022104400000000000003070000010000000150000000000000000000000000000000000000000700000000000040000000000
11153448000300200102102210440000040000020000000499000000049900000000000000000000000000049900000000000000
121534480004002001021022104400000000000000000000000000000000000000000000000499000000000000000000000000000000
07153449000000200102102210460000000000000000100000000000000000
091534490001002001021022104600000000000001050012860000000706000000000000000000000000000000100000002000000000000020000000000
11153449000200200102102210460000040000010000000706000000070600000000000000000000000000070600000000000000
121534490003002001021022104603020000000000000000000000000000000000000000000706000000000000000000000000000000
07153450000000200102102210460000000000000000100000000000000000
091534500001002001021022104600000000000001070001440000000245000000000000000000000000000000100000010000000000000020000000000
091534500002002001021022104600000000000003020000010000000100000000000000000000000000000000000000000500000000000000000000000
11153450000300200102102210460000040000020000000345000000034500000000000000000000000000100000000006550000
121534500004002001021022104600000000000000000000000000000000000000000000000345000000000000000000000000000000
07153451000000200102102210470000000000000000100000000000000000
091534510001002001021022104700000000000002130021860000000435000000000000000000000000000000100000001400000000000010000000000
11153451000200200102102210470000040000010000000435000000043500000000000000000000000000050000000000650000
121534510003002001021022104700000000000000000000000000000000000000000000000435000000000000000000000000000000
07153452000000200102102210510000000000000000100000000000000000
091534520001002001021022105100000000000001220006940000000242000000000000000000000000000000100000001500000000000020000000000
091534520002002001021022105100000000000001110005840000000175000000000000000000000000000000100000002000000000000020000000000
091534520003002001021022105100000000000001310000010000000499000000000000000000000000000000000000002500000000000020000000000
091534520004002001021022105100000000000001060005760000000201000000000000000000000000000000100000001990000000000020000000000
091534520005002001021022105100000000000002010011620000000406000000000000000000000000000000100000002150000000000010000000000
091534520006002001021022105100000000000003010000010000000850000000000000000000000000000000000000006000000000000050000000000
091534520007002001021022105100000000000005020000050000000500I 0000000000000000000000000000000000000100000000000020000000000
091534520008002001021022105100000000000003030000010000000150000000000000000000000000000000000000000830000000000040000000000
091534520009002001021022105100000000000003070000010000000150000000000000000000000000000000000000000700000000000040000000000
091534520010002001021022105100000000000003280000010000000399I 0300000000000000000000000000000000001000000000000030000000000
091534520011002001021022105100000000000001130003860000000193000000000000000000000000000000100000001500000000000020000000000
091534520012002001021022105100000000000002080018460000001475000000000000000000000000000000100000000500000000000010000000000
091534520013002001021022105100000000000002040006660000000466000000000000000000000000000000100000000500000000000010000000000
091534520014002001021022105100000000000002090005960000000715000000000000000000000000000000100000004720000000000010000000000
11153452001500200102102210510000040000140000006421000000642100000000000000000000000000642100000000000000
121534520016002001021022105103060000000000000000000000000000000000000000006421000000000000000000000000000000
07153453000000200102102210560000000000000000100000000000000000
091534530001002001021022105600000000000001160007040000000140000000000000000000000000000000100000000670000000000020000000000
091534530002002001021022105600000000000003050000010000000150000000000000000000000000000000000000000700000000000040000000000
091534530003002001021022105600000000000001120006000000000479000000000000000000000000000000100000001000000000000020000000000
11153453000400200102102210560000040000030000000769000000076900000000000000000000000000076900000000000000
121534530005002001021022105603020000000000000000000000000000000000000000000769000000000000000000000000000000
07153454000000200102102210580000000000000000100000000000000000
091534540001002001021022105800000000000002070012780000000766000000000000000000000000000000100000001990000000000020000000000
091534540002002001021022105800000000000002090003280000000393000000000000000000000000000000100000004720000000000010000000000
11153454000300200102102210580000040000020000001159000000115900000000000000000000000000115900000000000000
121534540004002001021022105803020000000000000000000000000000000000000000001159000000000000000000000000000000
07153455000000200102102211010000000000000000100000000000000000
091534550001002001021022110100000000000002170000010000000899000000000000000000000000000000000000006500000000000010000000000
091534550002002001021022110100000000000002050012820000000640000000000000000000000000000000100000000890000000000030000000000
17153455000300200102102211010000000000000568
091534550004002001021022110100000000000002020019360000000966000000000000000000000000000000100000001990000000000010000000000
091534550005002001021022110100000000000002010011480000000401000000000000000000000000000000100000002150000000000010000000000
091534550006002001021022110100000000000002070010280000000616000000000000000000000000000000100000001990000000000020000000000
091534550007002001021022110100000000000002080010640000000850000000000000000000000000000000100000000500000000000010000000000
091534550008002001021022110100000000000002140007940000000634000000000000000000000000000000100000001990000000000010000000000
11153455000900200102102211010000040000070000005006000000500600000000000000000000000000500600000000000000
121534550010002001021022110103060000000000000000000000000000000000000000005006000000000000000000000000000000
07153456000000200102102211010000000000000000100000000000000000
091534560001002001021022110100000000000001060008520000000297000000000000000000000000000000100000001990000000000020000000000
091534560002002001021022110100000000000001050007560000000415000000000000000000000000000000100000002000000000000020000000000
091534560003002001021022110100000000000001010011740000000703000000000000000000000000000000100000001400000000000020000000000
091534560004002001021022110100000000000002040005080000000355000000000000000000000000000000100000000500000000000010000000000
091534560005002001021022110100000000000001090002620000000157000000000000000000000000000000100000001500000000000020000000000
091534560006002001021022110100000000000001110008680000000260000000000000000000000000000000100000002000000000000020000000000
11153456000700200102102211010000040000060000002187000000218700000000000000000000000000500000000028130000
121534560008002001021022110100000000000000000000000000000000000000000000002187000000000000000000000000000000
07153457000000200102102211030000000000000000100000000000000000
091534570001002001021022110300000000000002250009060000000543000000000000000000000000000000100000002670000000000010000000000
091534570002002001021022110300000000000003200000010000001900000000000000000000000000000000000000000000000000000050000000000
11153457000300200102102211030000040000020000002443000000244300000000000000000000000000244300000000000000
121534570004002001021022110302010000000000000000000000000000000000030000002443000000000000000000000000000000
101534570005002001021022110301000000000000000300000024430000000000000354000004
07153458000000200102102211030000000000000000100000000000000000
091534580001002001021022110300000000000003020000010000000100000000000000000000000000000000000000000500000000000000000000000
11153458000200200102102211030000040000010000000100000000010000000000000000000000000000010000000000000000
121534580003002001021022110302010000000000000000000000000000000000030000000100000000000000000000000000000000
101534580004002001021022110301000000000000000300000001000000000000000355000004
07153459000000200102102211040000000000000000100000000000000000
091534590001002001021022110400000000000001290001560000000047000000000000000000000000000000100000000250000000000020000000000
11153459000200200102102211040000040000010000000047000000004700000000000000000000000000004700000000000000
121534590003002001021022110400000000000000000000000000000000000000000000000047000000000000000000000000000000
07153460000000200102102211060000000000000000100000000000000000
091534600001002001021022110600000000000001170013240000000661000000000000000000000000000000100000001430000000000020000000000
091534600002002001021022110600000000000001140006860000000411000000000000000000000000000000100000001790000000000020000000000
091534600003002001021022110600000000000001040006020000000421000000000000000000000000000000100000002750000000000020000000000
091534600004002001021022110600000000000002090006520000000782000000000000000000000000000000100000004720000000000010000000000
091534600005002001021022110600000000000001080023380000001167000000000000000000000000000000100000001000000000000020000000000
091534600006002001021022110600000000000005110000010000001499I 0100000000000000000000000000000000000000000000000050000000000
11153460000700200102102211060000040000060000004941000000494100000000000000000000000000494100000000000000
121534600008002001021022110603020000000000000000000000000000000000000000004941000000000000000000000000000000
07153461000000200102102211070000000000000000100000000000000000
091534610001002001021022110700000000000002040015340000001072000000000000000000000000000000100000000500000000000010000000000
091534610002002001021022110700000000000001040005000000000350000000000000000000000000000000100000002750000000000020000000000
091534610003002001021022110700000000000003030000020000000300000000000000000000000000000000000000000830000000000040000000000
11153461000400200102102211070000040000030000001722000000172200000000000000000000000000172200000000000000
121534610005002001021022110703060000000000000000000000000000000000000000001722000000000000000000000000000000
07153462000000200102102211100000000000000000100000000000000000
091534620001002001021022111000000000000001070004780000000812000000000000000000000000000000100000010000000000000020000000000
11153462000200200102102211100000040000010000000812000000081200000000000000000000000000081200000000000000
121534620003002001021022111000000000000000000000000000000000000000000000000812000000000000000000000000000000
07153463000000200102102211130000000000000000100000000000000000
091534630001002001021022111300000000000002080009720000000777000000000000000000000000000000100000000500000000000010000000000
11153463000200200102102211130000040000010000000777000000077700000000000000000000000000077700000000000000
121534630003002001021022111303020000000000000000000000000000000000000000000777000000000000000000000000000000
14153464000000200102102211170000010000000514
07153465000000200102102211170000000000000000100000000000000000
091534650001002001021022111700000000000003080000010000000150000000000000000000000000000000000000000700000000000040000000000
091534650002002001021022111700000000000001090000680000000041000000000000000000000000000000100000001500000000000020000000000
091534650003002001021022111700000000000001050001200000000066000000000000000000000000000000100000002000000000000020000000000
11153465000400200102102211170000040000030000000257000000025700000000000000000000000000025700000000000000
121534650005002001021022111700000000000000000000000000000000000000000000000257000000000000000000000000000000
07153466000000200102102211190000000000000000100000000000000000
091534660001002001021022111900000000000001030011020000000770000000000000000000000000000000100000002800000000000020000000000
091534660002002001021022111900000000000002150000030000000897000000000000000000000000000000000000000500000000000010000000000
091534660003002001021022111900000000000002030010460000000627000000000000000000000000000000100000002990000000000010000000000
091534660004002001021022111900000000000003050000010000000150000000000000000000000000000000000000000700000000000040000000000
091534660005002001021022111900000000000003040000010000000150000000000000000000000000000000000000000700000000000040000000000
091534660006002001021022111900000000000002070029480000001766000000000000000000000000000000100000001990000000000020000000000
11153466000700200102102211190000040000060000004360000000436000000000000000000000000000500000000006400000
121534660008002001021022111900000000000000000000000000000000000000000000004360000000000000000000000000000000
07153467000000200102102211200000000000000000100000000000000000
091534670001002001021022112000000000000002080008500000000679000000000000000000000000000000100000000500000000000010000000000
11153467000200200102102211200000040000010000000679000000067900000000000000000000000000067900000000000000
121534670003002001021022112000000000000000000000000000000000000000000000000679000000000000000000000000000000
07153468000000200102102211230000000000000000100000000000000000
091534680001002001021022112300000000000002210006520000000521000000000000000000000000000000100000003990000000000010000000000
091534680002002001021022112300000000000001220012760000000445000000000000000000000000000000100000001500000000000020000000000
091534680003002001021022112300000000000002070012920000000774000000000000000000000000000000100000001990000000000020000000000
091534680004002001021022112300000000000002150000020000000598000000000000000000000000000000000000000500000000000010000000000
091534680005002001021022112300000000000003040000010000000150000000000000000000000000000000000000000700000000000040000000000
091534680006002001021022112300000000000004100000100000000140I 0300000000000000000000000000100000000480000000000030000000000
11153468000700200102102211230000040000060000002628000000262800000000000000000000000000262800000000000000
121534680008002001021022112302010000000000000000000000000000000000190000002628000000000000000000000000000000
101534680009002001021022112301000000000000001900000026280000000000000287000004
07153469000000200102102211250000000000000000100000000000000000
091534690001002001021022112500000000000002050007540000000376000000000000000000000000000000100000000890000000000030000000000
091534690002002001021022112500000000000002290000010000000499000000000000000000000000000000000000002500000000000010000000000
091534690003002001021022112500000000000002040003320000000232000000000000000000000000000000100000000500000000000010000000000
091534690004002001021022112500000000000002070012440000000745000000000000000000000000000000100000001990000000000020000000000
091534690005002001021022112500000000000003050000020000000300000000000000000000000000000000000000000700000000000040000000000
11153469000600200102102211250000040000050000002152000000215200000000000000000000000000215200000000000000
121534690007002001021022112503060000000000000000000000000000000000000000002152000000000000000000000000000000
07153470000000200102102211270000000000000000100000000000000000
091534700001002001021022112700000000000002280003860000000270000000000000000000000000000000100000001000000000000010000000000
11153470000200200102102211270000040000010000000270000000027000000000000000000000000000027000000000000000
121534700003002001021022112700000000000000000000000000000000000000000000000270000000000000000000000000000000
07153471000000200102102211290000000000000000100000000000000000
091534710001002001021022112900000000000002240017980000001077000000000000000000000000000000100000002000000000000010000000000
091534710002002001021022112900000000000002010015260000000533000000000000000000000000000000100000002150000000000010000000000
091534710003002001021022112900000000000002030013020000000780000000000000000000000000000000100000002990000000000010000000000
091534710004002001021022112900000000000001060004840000000169000000000000000000000000000000100000001990000000000020000000000
11153471000500200102102211290000040000040000002559000000255900000000000000000000000000255900000000000000
121534710006002001021022112900000000000000000000000000000000000000000000002559000000000000000000000000000000
07153472000000200102102211300000000000000000100000000000000000
091534720001002001021022113000000000000002010026220000000915000000000000000000000000000000100000002150000000000010000000000
11153472000200200102102211300000040000010000000915000000091500000000000000000000000000091500000000000000
121534720003002001021022113003060000000000000000000000000000000000000000000915000000000000000000000000000000
14153473000000200102102211320000010000000000
07153474000000200102102211330000000000000000100000000000000000
091534740001002001021022113300000000000001020003740000000131000000000000000000000000000000100000001200000000000020000000000
091534740002002001021022113300000000000001060001480000000052000000000000000000000000000000100000001990000000000020000000000
091534740003002001021022113300000000000001290001580000000047000000000000000000000000000000100000000250000000000020000000000
091534740004002001021022113300000000000001050000720000000040000000000000000000000000000000100000002000000000000020000000000
11153474000500200102102211330000040000040000000270000000027000000000000000000000000000050000000002300000
121534740006002001021022113300000000000000000000000000000000000000000000000270000000000000000000000000000000
07153475000000200102102211340000000000000000100000000000000000
091534750001002001021022113400000000000004100000100000000140I 0300000000000000000000000000100000000480000000000030000000000
091534750002002001021022113400000000000004060000180000000270I 0300000000000000000000000000100000015000000000000030000000000
11153475000300200102102211340000040000020000000410000000041000000000000000000000000000200000000015900000
121534750004002001021022113400000000000000000000000000000000000000000000000410000000000000000000000000000000
07153476000000200102102211340000000000000000100000000000000000
091534760001002001021022113400000000000001080003860000000193000000000000000000000000000000100000001000000000000020000000000
11153476000200200102102211340000040000010000000193000000019300000000000000000000000000019300000000000000
121534760003002001021022113400000000000000000000000000000000000000000000000193000000000000000000000000000000
07153477000000200102102211350000000000000000100000000000000000
091534770001002001021022113500000000000003030000010000000150000000000000000000000000000000000000000830000000000040000000000
091534770002002001021022113500000000000002070002320000000139000000000000000000000000000000100000001990000000000020000000000
091534770003002001021022113500000000000001080001720000000086000000000000000000000000000000100000001000000000000020000000000
091534770004002001021022113500000000000001050001120000000061000000000000000000000000000000100000002000000000000020000000000
091534770005002001021022113500000000000003190000010000000425000000000000000000000000000000000000002000000000000050000000000
11153477000600200102102211350000040000050000000861000000086100000000000000000000000000086100000000000000
121534770007002001021022113503020000000000000000000000000000000000000000000861000000000000000000000000000000
07153478000000200102102211360000000000000000100000000000000000
091534780001002001021022113600000000000003030000010000000150000000000000000000000000000000000000000830000000000040000000000
091534780002002001021022113600000000000003030000010000000150000000000000000000000000000000000000000830000000000040000000000
11153478000300200102102211360000040000020000000300000000030000000000000000000000000000030000000000000000
121534780004002001021022113603020000000000000000000000000000000000000000000300000000000000000000000000000000
07153479000000200102102211370000000000000000100000000000000000
091534790001002001021022113700000000000001180002240000000179000000000000000000000000000000100000001000000000000020000000000
11153479000200200102102211370000040000010000000179000000017900000000000000000000000000017900000000000000
121534790003002001021022113700000000000000000000000000000000000000000000000179000000000000000000000000000000
07153480000000200102102211370000000000000000100000000000000000
091534800001002001021022113700000000000003120000020000000300000000000000000000000000000000000000000700000000000040000000000
11153480000200200102102211370000040000010000000300000000030000000000000000000000000000030000000000000000
121534800003002001021022113700000000000000000000000000000000000000000000000300000000000000000000000000000000
07153481000000200102102211380000000000000000100000000000000000
091534810001002001021022113800000000000001290001760000000053000000000000000000000000000000100000000250000000000020000000000
091534810002002001021022113800000000000001050000760000000042000000000000000000000000000000100000002000000000000020000000000
091534810003002001021022113800000000000001090000460000000028000000000000000000000000000000100000001500000000000020000000000
11153481000400200102102211380000040000030000000123000000012300000000000000000000000000020000000000770000
121534810005002001021022113800000000000000000000000000000000000000000000000123000000000000000000000000000000
07153482000000200102102211420000000000000000100000000000000000
091534820001002001021022114200000000000002010005140000000179000000000000000000000000000000100000002150000000000010000000000
11153482000200200102102211420000040000010000000179000000017900000000000000000000000000017900000000000000
121534820003002001021022114200000000000000000000000000000000000000000000000179000000000000000000000000000000
07153483000000200102102211440000000000000000100000000000000000
091534830001002001021022114400000000000001120002280000000182000000000000000000000000000000100000001000000000000020000000000
091534830002002001021022114400000000000001250002700000000067I 0000000000000000000000000000100000000530000000000020000000000
091534830003002001021022114400000000000001060002460000000086000000000000000000000000000000100000001990000000000020000000000
091534830004002001021022114400000000000002070007480000000448000000000000000000000000000000100000001990000000000020000000000
11153483000500200102102211440000040000040000000783000000078300000000000000000000000000078300000000000000
121534830006002001021022114402010000000000000000000000000000000000220000000783000000000000000000000000000000
101534830007002001021022114401000000000000002200000007830000000000001161000004
07153484000000200102102211460000000000000000100000000000000000
091534840001002001021022114600000000000001220007920000000276000000000000000000000000000000100000001500000000000020000000000
091534840002002001021022114600000000000001070001420000000241000000000000000000000000000000100000010000000000000020000000000
091534840003002001021022114600000000000001050005000000000275000000000000000000000000000000100000002000000000000020000000000
091534840004002001021022114600000000000002010003640000000127000000000000000000000000000000100000002150000000000010000000000
091534840005002001021022114600000000000001140002240000000134000000000000000000000000000000100000001790000000000020000000000
091534840006002001021022114600000000000001290002420000000072000000000000000000000000000000100000000250000000000020000000000
11153484000700200102102211460000040000060000001125000000112500000000000000000000000000112500000000000000
121534840008002001021022114600000000000000000000000000000000000000000000001125000000000000000000000000000000
07153485000000200102102211470000000000000000100000000000000000
091534850001002001021022114700000000000002260009920000000495000000000000000000000000000000100000003000000000000010000000000
11153485000200200102102211470000040000010000000495000000049500000000000000000000000000049500000000000000
121534850003002001021022114702010000000000000000000000000000000000030000000495000000000000000000000000000000
101534850004002001021022114701000000000000000300000004950000000000000356000004
07153486000000200102102211490000000000000000100000000000000000
091534860001002001021022114900000000000003050000010000000150000000000000000000000000000000000000000700000000000040000000000
091534860002002001021022114900000000000001070000900000000153000000000000000000000000000000100000010000000000000020000000000
091534860003002001021022114900000000000005020000010000000100I 0000000000000000000000000000000000000100000000000020000000000
11153486000400200102102211490000040000030000000403000000040300000000000000000000000000040300000000000000
121534860005002001021022114903020000000000000000000000000000000000000000000403000000000000000000000000000000
07153487000000200102102211500000000000000000100000000000000000
091534870001002001021022115000000000000001020004820000000168000000000000000000000000000000100000001200000000000020000000000
091534870002002001021022115000000000000001160005500000000109000000000000000000000000000000100000000670000000000020000000000
11153487000300200102102211500000040000020000000277000000027700000000000000000000000000050000000002230000
121534870004002001021022115000000000000000000000000000000000000000000000000277000000000000000000000000000000
07153488000000200102102211510000000000000000100000000000000000
091534880001002001021022115100000000000004020000040000000400I 0300000000000000000000000000000000000230000000000030000000000
11153488000200200102102211510000040000010000000400000000040000000000000000000000000000040000000000000000
121534880003002001021022115100000000000000000000000000000000000000000000000400000000000000000000000000000000
07153489000000200102102211520000000000000000100000000000000000
091534890001002001021022115200000000000005320000020000000398I 0100000000000000000000000000000000001490000000000080000000000
091534890002002001021022115200000000000005020000030000000300I 0000000000000000000000000000000000000100000000000020000000000
11153489000300200102102211520000040000020000000698000000069800000000000000000000000000069800000000000000
121534890004002001021022115200000000000000000000000000000000000000000000000698000000000000000000000000000000
07153490000000200102102212010000000000000000100000000000000000
091534900001002001021022120100000000000002070008440000000506000000000000000000000000000000100000001990000000000020000000000
091534900002002001021022120100000000000001050012300000000675000000000000000000000000000000100000002000000000000020000000000
11153490000300200102102212010000040000020000001181000000118100000000000000000000000000118100000000000000
121534900004002001021022120100000000000000000000000000000000000000000000001181000000000000000000000000000000
07153491000000200102102212030000000000000000100000000000000000
091534910001002001021022120300000000000001130020540000001025000000000000000000000000000000100000001500000000000020000000000
091534910002002001021022120300000000000005110000010000001499I 0100000000000000000000000000000000000000000000000050000000000
091534910003002001021022120300000000000005020000060000000600I 0000000000000000000000000000000000000100000000000020000000000
11153491000400200102102212030000040000030000003124000000312400000000000000000000000000312400000000000000
121534910005002001021022120303020000000000000000000000000000000000000000003124000000000000000000000000000000
07153492000000200102102212030000000000000000100000000000000000
091534920001002001021022120300000000000005110000010000001499I 0100000000000000000000000000000000000000000000000050000000000
11153492000200200102102212030000040000010000001499000000149900000000000000000000000000200000000005010000
121534920003002001021022120300000000000000000000000000000000000000000000001499000000000000000000000000000000
07153493000000200102102212040000000000000000100000000000000000
091534930001002001021022120400000000000002130018640000000371000000000000000000000000000000100000001400000000000010000000000
11153493000200200102102212040000040000010000000371000000037100000000000000000000000000050000000001290000
121534930003002001021022120400000000000000000000000000000000000000000000000371000000000000000000000000000000
07153494000000200102102212060000000000000000100000000000000000
091534940001002001021022120600000000000001030005620000000393000000000000000000000000000000100000002800000000000020000000000
091534940002002001021022120600000000000001060003820000000133000000000000000000000000000000100000001990000000000020000000000
091534940003002001021022120600000000000003050000010000000150000000000000000000000000000000000000000700000000000040000000000
091534940004002001021022120600000000000003040000010000000150000000000000000000000000000000000000000700000000000040000000000
11153494000500200102102212060000040000040000000826000000082600000000000000000000000000200000000011740000
121534940006002001021022120600000000000000000000000000000000000000000000000826000000000000000000000000000000
07153495000000200102102212080000000000000000100000000000000000
091534950001002001021022120800000000000001060003740000000131000000000000000000000000000000100000001990000000000020000000000
11153495000200200102102212080000040000010000000131000000013100000000000000000000000000013100000000000000
121534950003002001021022120800000000000000000000000000000000000000000000000131000000000000000000000000000000
07153496000000200102102212090000000000000000100000000000000000
091534960001002001021022120900000000000001080002320000000116000000000000000000000000000000100000001000000000000020000000000
091534960002002001021022120900000000000001140002060000000123000000000000000000000000000000100000001790000000000020000000000
091534960003002001021022120900000000000003050000010000000150000000000000000000000000000000000000000700000000000040000000000
091534960004002001021022120900000000000001050004520000000248000000000000000000000000000000100000002000000000000020000000000
11153496000500200102102212090000040000040000000637000000063700000000000000000000000000200000000013630000
121534960006002001021022120900000000000000000000000000000000000000000000000637000000000000000000000000000000
07153497000000200102102212110000000000000000100000000000000000
091534970001002001021022121100000000000001050005240000000288000000000000000000000000000000100000002000000000000020000000000
091534970002002001021022121100000000000003010000010000000850000000000000000000000000000000000000006000000000000050000000000
091534970003002001021022121100000000000001080004140000000207000000000000000000000000000000100000001000000000000020000000000
091534970004002001021022121100000000000003030000010000000150000000000000000000000000000000000000000830000000000040000000000
11153497000500200102102212110000040000040000001495000000149500000000000000000000000000200000000005050000
121534970006002001021022121100000000000000000000000000000000000000000000001495000000000000000000000000000000
07153498000000200102102212110000000000000000100000000000000000
091534980001002001021022121100000000000002130011920000000237000000000000000000000000000000100000001400000000000010000000000
11153498000200200102102212110000040000010000000237000000023700000000000000000000000000050000000002630000
121534980003002001021022121100000000000000000000000000000000000000000000000237000000000000000000000000000000
07153499000000200102102212130000000000000000100000000000000000
091534990001002001021022121300000000000003040000010000000150000000000000000000000000000000000000000700000000000040000000000
091534990002002001021022121300000000000002170000010000000899000000000000000000000000000000000000006500000000000010000000000
091534990003002001021022121300000000000004020000020000000200I 0300000000000000000000000000000000000230000000000030000000000
11153499000400200102102212130000040000030000001249000000124900000000000000000000000000124900000000000000
121534990005002001021022121303020000000000000000000000000000000000000000001249000000000000000000000000000000
07153500000000200102102212150000000000000000100000000000000000
091535000001002001021022121500000000000002080017040000001361000000000000000000000000000000100000000500000000000010000000000
091535000002002001021022121500000000000002150000010000000299000000000000000000000000000000000000000500000000000010000000000
091535000003002001021022121500000000000001150001220000000219000000000000000000000000000000100000003130000000000020000000000
11153500000400200102102212150000040000030000001879000000187900000000000000000000000000187900000000000000
121535000005002001021022121503020000000000000000000000000000000000000000001879000000000000000000000000000000
14153501000000200102102212180000010000007119
07153502000000200102102212200000000000000000100000000000000000
091535020001002001021022122000000000000003030000020000000300000000000000000000000000000000000000000830000000000040000000000
091535020002002001021022122000000000000003200000010000001900000000000000000000000000000000000000000000000000000050000000000
091535020003002001021022122000000000000005480000010000000250I 0300000000000000000000000000000000000000000000000030000000000
091535020004002001021022122000000000000005480000010000000250I 0300000000000000000000000000000000000000000000000030000000000
11153502000500200102102212200000040000040000002700000000270000000000000000000000000000270000000000000000
121535020006002001021022122003030000000000000000000000000000000000000000002700000000000000000000000000000000
07153503000000200102102212270000000000000000100000000000000000
091535030001002001021022122700000000000001150003820000000687000000000000000000000000000000100000003130000000000020000000000
11153503000200200102102212270000040000010000000687000000068700000000000000000000000000068700000000000000
121535030003002001021022122700000000000000000000000000000000000000000000000687000000000000000000000000000000
14153504000000200102102212290000010000000000
07153505000000200102102212290000000000000000100000000000000000
091535050001002001021022122900000000000001020006960000000243000000000000000000000000000000100000001200000000000020000000000
11153505000200200102102212290000040000010000000243000000024300000000000000000000000000024300000000000000
121535050003002001021022122900000000000000000000000000000000000000000000000243000000000000000000000000000000
07153506000000200102102212350000000000000000100000000000000000
091535060001002001021022123500000000000002070006400000000383000000000000000000000000000000100000001990000000000020000000000
11153506000200200102102212350000040000010000000383000000038300000000000000000000000000038300000000000000
121535060003002001021022123500000000000000000000000000000000000000000000000383000000000000000000000000000000
07153507000000200102102212360000000000000000100000000000000000
091535070001002001021022123600000000000003050000010000000150000000000000000000000000000000000000000700000000000040000000000
091535070002002001021022123600000000000001090001100000000066000000000000000000000000000000100000001500000000000020000000000
11153507000300200102102212360000040000020000000216000000021600000000000000000000000000021600000000000000
121535070004002001021022123600000000000000000000000000000000000000000000000216000000000000000000000000000000
07153508000000200102102212370000000000000000100000000000000000
091535080001002001021022123700000000000002080023100000001846000000000000000000000000000000100000000500000000000010000000000
11153508000200200102102212370000040000010000001846000000184600000000000000000000000000500000000031540000
121535080003002001021022123700000000000000000000000000000000000000000000001846000000000000000000000000000000
07153509000000200102102212410000000000000000100000000000000000
091535090001002001021022124100000000000001050003080000000169000000000000000000000000000000100000002000000000000020000000000
11153509000200200102102212410000040000010000000169000000016900000000000000000000000000100000000008310000
121535090003002001021022124100000000000000000000000000000000000000000000000169000000000000000000000000000000
07153510000000200102102212440000000000000000100000000000000000
091535100001002001021022124400000000000001160007340000000146000000000000000000000000000000100000000670000000000020000000000
091535100002002001021022124400000000000004020000010000000100I 0300000000000000000000000000000000000230000000000030000000000
11153510000300200102102212440000040000020000000246000000024600000000000000000000000000024600000000000000
121535100004002001021022124403060000000000000000000000000000000000000000000246000000000000000000000000000000
14153511000000200102102212460000010000000000
07153512000000200102102212520000000000000000100000000000000000
091535120001002001021022125200000000000003050000010000000150000000000000000000000000000000000000000700000000000040000000000
11153512000200200102102212520000040000010000000150000000015000000000000000000000000000015000000000000000
121535120003002001021022125200000000000000000000000000000000000000000000000150000000000000000000000000000000
07153513000000200102102212550000000000000000100000000000000000
091535130001002001021022125500000000000005030000010000001000I 0000000000000000000000000000000000004420000000000020000000000
11153513000200200102102212550000040000010000001000000000100000000000000000000000000000100000000000000000
121535130003002001021022125500000000000000000000000000000000000000000000001000000000000000000000000000000000
07153514000000200102102212590000000000000000100000000000000000
091535140001002001021022125900000000000001070001240000000211000000000000000000000000000000100000010000000000000020000000000
11153514000200200102102212590000040000010000000211000000021100000000000000000000000000021100000000000000
121535140003002001021022125903020000000000000000000000000000000000000000000211000000000000000000000000000000
07153515000000200102102213030000000000000000100000000000000000
091535150001002001021022130300000000000001130010200000000509000000000000000000000000000000100000001500000000000020000000000
091535150002002001021022130300000000000001220010260000000358000000000000000000000000000000100000001500000000000020000000000
091535150003002001021022130300000000000002030009000000000539000000000000000000000000000000100000002990000000000010000000000
091535150004002001021022130300000000000001120005220000000417000000000000000000000000000000100000001000000000000020000000000
091535150005002001021022130300000000000002280005020000000351000000000000000000000000000000100000001000000000000010000000000
091535150006002001021022130300000000000001110003480000000104000000000000000000000000000000100000002000000000000020000000000
091535150007002001021022130300000000000002090003480000000417000000000000000000000000000000100000004720000000000010000000000
091535150008002001021022130300000000000001060004720000000165000000000000000000000000000000100000001990000000000020000000000
091535150009002001021022130300000000000002150000020000000598000000000000000000000000000000000000000500000000000010000000000
091535150010002001021022130300000000000002020003960000000198000000000000000000000000000000100000001990000000000010000000000
091535150011002001021022130300000000000003050000010000000150000000000000000000000000000000000000000700000000000040000000000
091535150012002001021022130300000000000003070000010000000150000000000000000000000000000000000000000700000000000040000000000
091535150013002001021022130300000000000002040003980000000278000000000000000000000000000000100000000500000000000010000000000
091535150014002001021022130300000000000002070010160000000609000000000000000000000000000000100000001990000000000020000000000
091535150015002001021022130300000000000002260004080000000204000000000000000000000000000000100000003000000000000010000000000
091535150016002001021022130300000000000001080004520000000226000000000000000000000000000000100000001000000000000020000000000
091535150017002001021022130300000000000002130013880000000276000000000000000000000000000000100000001400000000000010000000000
11153515001800200102102213030000040000170000005549000000554900000000000000000000000000554900000000000000
121535150019002001021022130303040000000000000000000000000000000000000000005549000000000000000000000000000000
07153516000000200102102213070000000000000000100000000000000000
091535160001002001021022130700000000000002030009540000000571000000000000000000000000000000100000002990000000000010000000000
11153516000200200102102213070000040000010000000571000000057100000000000000000000000000100000000004290000
121535160003002001021022130700000000000000000000000000000000000000000000000571000000000000000000000000000000
07153517000000200102102213080000000000000000100000000000000000
091535170001002001021022130800000000000003010000010000000850000000000000000000000000000000000000006000000000000050000000000
11153517000200200102102213080000040000010000000850000000085000000000000000000000000000085000000000000000
121535170003002001021022130803010000000000000000000000000000000000000000000850000000000000000000000000000000
07153518000000200102102213140000000000000000100000000000000000
091535180001002001021022131400000000000001020009500000000332000000000000000000000000000000100000001200000000000020000000000
11153518000200200102102213140000040000010000000332000000033200000000000000000000000000040000000000680000
121535180003002001021022131400000000000000000000000000000000000000000000000332000000000000000000000000000000
07153519000000200102102213160000000000000000100000000000000000
091535190001002001021022131600000000000001120007400000000591000000000000000000000000000000100000001000000000000020000000000
11153519000200200102102213160000040000010000000591000000059100000000000000000000000000100000000004090000
121535190003002001021022131600000000000000000000000000000000000000000000000591000000000000000000000000000000
07153520000000200102102213180000000000000000100000000000000000
091535200001002001021022131800000000000005020000020000000200I 0000000000000000000000000000000000000100000000000020000000000
091535200002002001021022131800000000000001160017000000000338000000000000000000000000000000100000000670000000000020000000000
11153520000300200102102213180000040000020000000538000000053800000000000000000000000000053800000000000000
121535200004002001021022131800000000000000000000000000000000000000000000000538000000000000000000000000000000
07153521000000200102102213200000000000000000100000000000000000
091535210001002001021022132000000000000003190000010000000425000000000000000000000000000000000000002000000000000050000000000
11153521000200200102102213200000040000010000000425000000042500000000000000000000000000042500000000000000
121535210003002001021022132003020000000000000000000000000000000000000000000425000000000000000000000000000000
07153522000000200102102213200000000000000000100000000000000000
091535220001002001021022132000000000000001080002780000000139000000000000000000000000000000100000001000000000000020000000000
17153522000200200102102213200000000000000425
11153522000300200102102213200000040000010000000139000000013900000000000000000000000000013900000000000000
121535220004002001021022132000000000000000000000000000000000000000000000000139000000000000000000000000000000
07153523000000200102102213210000000000000000100000000000000000
091535230001002001021022132100000000000003190000010000000425000000000000000000000000000000000000002000000000000050000000000
11153523000200200102102213210000040000010000000425000000042500000000000000000000000000042500000000000000
121535230003002001021022132103020000000000000000000000000000000000000000000425000000000000000000000000000000
07153524000000200102102213230000000000000000100000000000000000
091535240001002001021022132300000000000001070001140000000194000000000000000000000000000000100000010000000000000020000000000
091535240002002001021022132300000000000001080002740000000137000000000000000000000000000000100000001000000000000020000000000
091535240003002001021022132300000000000001090000960000000058000000000000000000000000000000100000001500000000000020000000000
091535240004002001021022132300000000000001040002100000000147000000000000000000000000000000100000002750000000000020000000000
091535240005002001021022132300000000000002070012720000000762000000000000000000000000000000100000001990000000000020000000000
11153524000600200102102213230000040000050000001298000000129800000000000000000000000000129800000000000000
121535240007002001021022132303020000000000000000000000000000000000000000001298000000000000000000000000000000
07153525000000200102102213250000000000000000100000000000000000
091535250001002001021022132500000000000002010047180000001647000000000000000000000000000000100000002150000000000010000000000
091535250002002001021022132500000000000002010017960000000627000000000000000000000000000000100000002150000000000010000000000
11153525000300200102102213250000040000020000002274000000227400000000000000000000000000500000000027260000
121535250004002001021022132500000000000000000000000000000000000000000000002274000000000000000000000000000000
07153526000000200102102213270000000000000000100000000000000000
091535260001002001021022132700000000000001150002140000000385000000000000000000000000000000100000003130000000000020000000000
091535260002002001021022132700000000000001140002600000000156000000000000000000000000000000100000001790000000000020000000000
091535260003002001021022132700000000000002260005200000000259000000000000000000000000000000100000003000000000000010000000000
11153526000400200102102213270000040000030000000800000000080000000000000000000000000000500000000042000000
121535260005002001021022132700000000000000000000000000000000000000000000000800000000000000000000000000000000
07153527000000200102102213280000000000000000100000000000000000
091535270001002001021022132800000000000001050004400000000242000000000000000000000000000000100000002000000000000020000000000
11153527000200200102102213280000040000010000000242000000024200000000000000000000000000050000000002580000
121535270003002001021022132800000000000000000000000000000000000000000000000242000000000000000000000000000000
18153527000400200102102213290600000020000000000000000000000001
14153528000000200102102213360000010000000643
07153529000000200102102213370000000000000000100000000000000000
091535290001002001021022133700000000000003040000010000000150000000000000000000000000000000000000000700000000000040000000000
11153529000200200102102213370000040000010000000150000000015000000000000000000000000000015000000000000000
121535290003002001021022133700000000000000000000000000000000000000000000000150000000000000000000000000000000
07153530000000200102102213380000000000000000100000000000000000
091535300001002001021022133800000000000002040000840000000059000000000000000000000000000000100000000500000000000010000000000
11153530000200200102102213380000040000010000000059000000005900000000000000000000000000005900000000000000
121535300003002001021022133800000000000000000000000000000000000000000000000059000000000000000000000000000000
07153531000000200102102213400000000000000000100000000000000000
091535310001002001021022134000000000000002040007740000000541000000000000000000000000000000100000000500000000000010000000000
091535310002002001021022134000000000000004200000050000000500I 0000000000000000000000000000000000000000000000000030000000000
11153531000300200102102213400000040000020000001041000000104100000000000000000000000000104100000000000000
121535310004002001021022134003020000000000000000000000000000000000000000001041000000000000000000000000000000
07153532000000200102102213410000000000000000100000000000000000
091535320001002001021022134100000000000003030000020000000300000000000000000000000000000000000000000830000000000040000000000
091535320002002001021022134100000000000001080008660000000432000000000000000000000000000000100000001000000000000020000000000
11153532000300200102102213410000040000020000000732000000073200000000000000000000000000200000000012680000
121535320004002001021022134100000000000000000000000000000000000000000000000732000000000000000000000000000000
07153533000000200102102213470000000000000000100000000000000000
091535330001002001021022134700000000000005020000200000002000I 0000000000000000000000000000000000000100000000000020000000000
091535330002002001021022134700000000000002070011980000000718000000000000000000000000000000100000001990000000000020000000000
091535330003002001021022134700000000000001200006080000000121000000000000000000000000000000100000000300000000000020000000000
11153533000400200102102213470000040000030000002839000000283900000000000000000000000000283900000000000000
121535330005002001021022134702010000000000000000000000000000000000040000002839000000000000000000000000000000
101535330006002001021022134701000000000000000400000028390000000000000873000004
07153534000000200102102213490000000000000000100000000000000000
091535340001002001021022134900000000000005020000050000000500I 0000000000000000000000000000000000000100000000000020000000000
11153534000200200102102213490000040000010000000500000000050000000000000000000000000000050000000000000000
121535340003002001021022134900000000000000000000000000000000000000000000000500000000000000000000000000000000
07153535000000200102102213510000000000000000100000000000000000
091535350001002001021022135100000000000001150003860000000694000000000000000000000000000000100000003130000000000020000000000
091535350002002001021022135100000000000003020000010000000100000000000000000000000000000000000000000500000000000000000000000
091535350003002001021022135100000000000003030000010000000150000000000000000000000000000000000000000830000000000040000000000
11153535000400200102102213510000040000030000000944000000094400000000000000000000000000100000000000560000
121535350005002001021022135100000000000000000000000000000000000000000000000944000000000000000000000000000000
07153536000000200102102213540000000000000000100000000000000000
091535360001002001021022135400000000000005030000010000001000I 0000000000000000000000000000000000004420000000000020000000000
11153536000200200102102213540000040000010000001000000000100000000000000000000000000000100000000000000000
121535360003002001021022135403030000000000000000000000000000000000000000001000000000000000000000000000000000
07153537000000200102102214000000000000000000100000000000000000
091535370001002001021022140000000000000002010010960000000383000000000000000000000000000000100000002150000000000010000000000
091535370002002001021022140000000000000003030000010000000150000000000000000000000000000000000000000830000000000040000000000
091535370003002001021022140000000000000001050006080000000334000000000000000000000000000000100000002000000000000020000000000
091535370004002001021022140000000000000002090005100000000611000000000000000000000000000000100000004720000000000010000000000
11153537000500200102102214000000040000040000001478000000147800000000000000000000000000147800000000000000
121535370006002001021022140003020000000000000000000000000000000000000000001478000000000000000000000000000000
07153538000000200102102214010000000000000000100000000000000000
091535380001002001021022140100000000000001290002100000000063000000000000000000000000000000100000000250000000000020000000000
091535380002002001021022140100000000000003030000010000000150000000000000000000000000000000000000000830000000000040000000000
11153538000300200102102214010000040000020000000213000000021300000000000000000000000000021300000000000000
121535380004002001021022140100000000000000000000000000000000000000000000000213000000000000000000000000000000
07153539000000200102102214010000000000000000100000000000000000
091535390001002001021022140100000000000001020006420000000224000000000000000000000000000000100000001200000000000020000000000
11153539000200200102102214010000040000010000000224000000022400000000000000000000000000050000000002760000
121535390003002001021022140100000000000000000000000000000000000000000000000224000000000000000000000000000000
07153540000000200102102214030000000000000000100000000000000000
091535400001002001021022140300000000000001160007600000000151000000000000000000000000000000100000000670000000000020000000000
11153540000200200102102214030000040000010000000151000000015100000000000000000000000000015100000000000000
121535400003002001021022140300000000000000000000000000000000000000000000000151000000000000000000000000000000
07153541000000200102102214170000000000000000100000000000000000
091535410001002001021022141700000000000001250006300000000157I 0000000000000000000000000000100000000530000000000020000000000
11153541000200200102102214170000040000010000000157000000015700000000000000000000000000015700000000000000
121535410003002001021022141700000000000000000000000000000000000000000000000157000000000000000000000000000000
14153542000000200102102214170000010000000000
07153543000000200102102214170000000000000000100000000000000000
091535430001002001021022141700000000000005030000010000001000I 0000000000000000000000000000000000004420000000000020000000000
11153543000200200102102214170000040000010000001000000000100000000000000000000000000000100000000000000000
121535430003002001021022141700000000000000000000000000000000000000000000001000000000000000000000000000000000
07153544000000200102102214180000000000000000100000000000000000
091535440001002001021022141800000000000004020000040000000400I 0300000000000000000000000000000000000230000000000030000000000
11153544000200200102102214180000040000010000000400000000040000000000000000000000000000040000000000000000
121535440003002001021022141800000000000000000000000000000000000000000000000400000000000000000000000000000000
07153545000000200102102214220000000000000000100000000000000000
091535450001002001021022142200000000000001070001880000000319000000000000000000000000000000100000010000000000000020000000000
091535450002002001021022142200000000000002250003360000000201000000000000000000000000000000100000002670000000000010000000000
11153545000300200102102214220000040000020000000520000000052000000000000000000000000000100000000004800000
121535450004002001021022142200000000000000000000000000000000000000000000000520000000000000000000000000000000
07153546000000200102102214260000000000000000100000000000000000
091535460001002001021022142600000000000001080022180000001107000000000000000000000000000000100000001000000000000020000000000
11153546000200200102102214260000040000010000001107000000110700000000000000000000000000110700000000000000
121535460003002001021022142600000000000000000000000000000000000000000000001107000000000000000000000000000000
07153547000000200102102214270000000000000000100000000000000000
091535470001002001021022142700000000000001150003400000000612000000000000000000000000000000100000003130000000000020000000000
11153547000200200102102214270000040000010000000612000000061200000000000000000000000000061200000000000000
121535470003002001021022142700000000000000000000000000000000000000000000000612000000000000000000000000000000
061535470004002001021022142800000100000700000000000000000000000000000000000000000000
07153548000000200102102214290000000000000000100000000000000000
091535480001002001021022142900000000000001040005700000000398000000000000000000000000000000100000002750000000000020000000000
11153548000200200102102214290000040000010000000398000000039800000000000000000000000000039800000000000000
121535480003002001021022142900000000000000000000000000000000000000000000000398000000000000000000000000000000
0415354900000020010210221429000001153394153549000001591770580000015934636902102200001561260000000000000000000000000082760001000000000000000000000000000000000000000000000000000000000000000000000000000000001234567890AB        
