01170773000000200102012306040000010000004000000001808519271.82G5E   1234567890AB        Generica            
02170773000100200102012306040000010000030000000000
07170774000000200102012307020000000000000000100000000000000000
091707740001002001020123070200000000000002150000030000001497000000000000000000000000000000000000000500000000000010000000000
091707740002002001020123070200000000000002080009860000000591000000000000000000000000000000100000000500000000000010000000000
11170774000300200102012307020000030000020000002088000000208800000000000000000000000000208800000000000000
121707740004002001020123070203020000000000000000000000000000000000000000002088000000000000000000000000000000
07170775000000200102012307110000000000000000100000000000000000
091707750001002001020123071100000000000002090006220000000995000000000000000000000000000000100000004720000000000010000000000
091707750002002001020123071100000000000002010005180000000233000000000000000000000000000000100000002150000000000010000000000
091707750003002001020123071100000000000002070009220000000737000000000000000000000000000000100000001990000000000010000000000
11170775000400200102012307110000030000030000001965000000196500000000000000000000000000500000000030350000
121707750005002001020123071100000000000000000000000000000000000000000000001965000000000000000000000000000000
07170776000000200102012307140000000000000000100000000000000000
091707760001002001020123071400000000000002160005240000000523000000000000000000000000000000100000005710000000000010000000000
091707760002002001020123071400000000000002070013560000001083000000000000000000000000000000100000001990000000000010000000000
11170776000300200102012307140000030000020000001606000000160600000000000000000000000000160600000000000000
121707760004002001020123071403060000000000000000000000000000000000000000001606000000000000000000000000000000
07170777000000200102012307270000000000000000100000000000000000
091707770001002001020123072700000000000001100005980000000298000000000000000000000000000000100000000500000000000020000000000
11170777000200200102012307270000030000010000000298000000029800000000000000000000000000040000000001020000
121707770003002001020123072700000000000000000000000000000000000000000000000298000000000000000000000000000000
07170778000000200102012307300000000000000000100000000000000000
091707780001002001020123073000000000000005040000020000001198I 0100000000000000000000000000000000000000000000000030000000000
091707780002002001020123073000000000000002090003420000000547000000000000000000000000000000100000004720000000000010000000000
091707780003002001020123073000000000000002130025480000001017000000000000000000000000000000100000001400000000000010000000000
11170778000400200102012307300000030000030000002762000000276200000000000000000000000000300000000002380000
121707780005002001020123073000000000000000000000000000000000000000000000002762000000000000000000000000000000
07170779000000200102012307460000000000000000100000000000000000
091707790001002001020123074600000000000001060006800000000339000000000000000000000000000000100000001500000000000020000000000
091707790002002001020123074600000000000001070001440000000288000000000000000000000000000000100000010000000000000020000000000
091707790003002001020123074600000000000001040006060000000484000000000000000000000000000000100000002750000000000020000000000
091707790004002001020123074600000000000001080003720000000297000000000000000000000000000000100000001000000000000020000000000
091707790005002001020123074600000000000001250004460000000178I 0000000000000000000000000000100000000530000000000020000000000
091707790006002001020123074600000000000001010007380000000663000000000000000000000000000000100000001400000000000020000000000
11170779000700200102012307460000030000060000002249000000224900000000000000000000000000250000000002510000
121707790008002001020123074600000000000000000000000000000000000000000000002249000000000000000000000000000000
07170780000000200102012307590000000000000000100000000000000000
091707800001002001020123075900000000000002070008020000000641000000000000000000000000000000100000001990000000000010000000000
11170780000200200102012307590000030000010000000641000000064100000000000000000000000000500000000043590000
121707800003002001020123075900000000000000000000000000000000000000000000000641000000000000000000000000000000
07170781000000200102012308040000000000000000100000000000000000
091707810001002001020123080400000000000002070005680000000454000000000000000000000000000000100000001990000000000010000000000
091707810002002001020123080400000000000002150000010000000499000000000000000000000000000000000000000500000000000010000000000
11170781000300200102012308040000030000020000000953000000095300000000000000000000000000095300000000000000
121707810004002001020123080400000000000000000000000000000000000000000000000953000000000000000000000000000000
07170782000000200102012308220000000000000000100000000000000000
091707820001002001020123082200000000000001250005960000000238I 0000000000000000000000000000100000000530000000000020000000000
17170782000200200102012308220000000000000076
11170782000300200102012308220000030000010000000238000000023800000000000000000000000000023800000000000000
121707820004002001020123082200000000000000000000000000000000000000000000000238000000000000000000000000000000
07170783000000200102012308250000000000000000100000000000000000
091707830001002001020123082500000000000001010014740000001325000000000000000000000000000000100000001400000000000020000000000
11170783000200200102012308250000030000010000001325000000132500000000000000000000000000132500000000000000
121707830003002001020123082503020000000000000000000000000000000000000000001325000000000000000000000000000000
07170784000000200102012308350000000000000000100000000000000000
091707840001002001020123083500000000000002010006880000000309000000000000000000000000000000100000002150000000000010000000000
11170784000200200102012308350000030000010000000309000000030900000000000000000000000000030900000000000000
121707840003002001020123083500000000000000000000000000000000000000000000000309000000000000000000000000000000
14170785000000200102012308490000010000001642
07170786000000200102012308510000000000000000100000000000000000
091707860001002001020123085100000000000001250009100000000363I 0000000000000000000000000000100000000530000000000020000000000
091707860002002001020123085100000000000001290010440000000417000000000000000000000000000000100000000250000000000020000000000
091707860003002001020123085100000000000001110012560000000627000000000000000000000000000000100000002000000000000020000000000
091707860004002001020123085100000000000005020000010000000100I 0000000000000000000000000000000000000100000000000020000000000
11170786000500200102012308510000030000040000001507000000150700000000000000000000000000150700000000000000
121707860006002001020123085103020000000000000000000000000000000000000000001507000000000000000000000000000000
07170787000000200102012308520000000000000000100000000000000000
091707870001002001020123085200000000000001170004280000000214000000000000000000000000000000100000001430000000000020000000000
11170787000200200102012308520000030000010000000214000000021400000000000000000000000000050000000002860000
121707870003002001020123085200000000000000000000000000000000000000000000000214000000000000000000000000000000
07170788000000200102012308570000000000000000100000000000000000
091707880001002001020123085700000000000001020015100000000753000000000000000000000000000000100000001200000000000020000000000
091707880002002001020123085700000000000002320000010000000299000000000000000000000000000000000000000500000000000010000000000
091707880003002001020123085700000000000001160015020000000449000000000000000000000000000000100000000670000000000020000000000
091707880004002001020123085700000000000003190000010000000450000000000000000000000000000000000000002000000000000050000000000
11170788000500200102012308570000030000040000001951000000195100000000000000000000000000195100000000000000
121707880006002001020123085703020000000000000000000000000000000000000000001951000000000000000000000000000000
07170789000000200102012308590000000000000000100000000000000000
091707890001002001020123085900000000000001150002620000000052000000000000000000000000000000100000001000000000000020000000000
091707890002002001020123085900000000000001090000340000000020000000000000000000000000000000100000001500000000000020000000000
11170789000300200102012308590000030000020000000072000000007200000000000000000000000000007200000000000000
121707890004002001020123085900000000000000000000000000000000000000000000000072000000000000000000000000000000
07170790000000200102012309030000000000000000100000000000000000
091707900001002001020123090300000000000003130000010000000199000000000000000000000000000000000000000700000000000040000000000
11170790000200200102012309030000030000010000000199000000019900000000000000000000000000019900000000000000
121707900003002001020123090300000000000000000000000000000000000000000000000199000000000000000000000000000000
14170791000000200102012309090000010000000000
07170792000000200102012309110000000000000000100000000000000000
091707920001002001020123091100000000000003030000010000000199000000000000000000000000000000000000000830000000000040000000000
091707920002002001020123091100000000000001090000960000000058000000000000000000000000000000100000001500000000000020000000000
11170792000300200102012309110000030000020000000257000000025700000000000000000000000000050000000002430000
121707920004002001020123091100000000000000000000000000000000000000000000000257000000000000000000000000000000
07170793000000200102012309240000000000000201100000000000000000
091707930001002001020123092400000000000003040000010000000250000000000000000000000000000000000000000700000000000040000000000
091707930002002001020123092400000000000002290000010000000599000000000000000000000000000000000000002500000000000010000000000
091707930003002001020123092400000000000001120006240000000811000000000000000000000000000000100000001000000000000020000000000
11170793000400200102012309240000030000030000001660000000166000000000000000000000000000166000000000000000
121707930005002001020123092403020000000000000000000000000000000000000000001660000000000000000000000000000000
07170794000000200102012309360000000000000000100000000000000000
091707940001002001020123093600000000000002070010380000001037000000000000000000000000000000100000001990000000000010000000000
091707940002002001020123093600000000000001150002180000000043000000000000000000000000000000100000001000000000000020000000000
091707940003002001020123093600000000000002260011220000000560000000000000000000000000000000100000003000000000000010000000000
11170794000400200102012309360000030000030000001640000000164000000000000000000000000000200000000003600000
121707940005002001020123093600000000000000000000000000000000000000000000001640000000000000000000000000000000
07170795000000200102012309390000000000000000100000000000000000
091707950001002001020123093900000000000005020000020000000200I 0000000000000000000000000000000000000100000000000020000000000
091707950002002001020123093900000000000002070006760000000675000000000000000000000000000000100000001990000000000010000000000
091707950003002001020123093900000000000003190000010000000450000000000000000000000000000000000000002000000000000050000000000
091707950004002001020123093900000000000001070001440000000288000000000000000000000000000000100000010000000000000020000000000
091707950005002001020123093900000000000001010004680000000421000000000000000000000000000000100000001400000000000020000000000
11170795000600200102012309390000030000050000002034000000203400000000000000000000000000203400000000000000
121707950007002001020123093902010000000000000000000000000000000000020000002034000000000000000000000000000000
101707950008002001020123093901000000000000000200000020340000000000000280000003
07170796000000200102012309580000000000000000100000000000000000
091707960001002001020123095800000000000005020000020000000200I 0000000000000000000000000000000000000100000000000020000000000
11170796000200200102012309580000030000010000000200000000020000000000000000000000000000020000000000000000
121707960003002001020123095800000000000000000000000000000000000000000000000200000000000000000000000000000000
07170797000000200102012309590000000000000000100000000000000000
091707970001002001020123095900000000000002040001920000000057000000000000000000000000000000100000000500000000000010000000000
11170797000200200102012309590000030000010000000057000000005700000000000000000000000000055700000005000000
121707970003002001020123095900000000000000000000000000000000000000000000000057000000000000000000000000000000
07170798000000200102012310010000000000000000100000000000000000
091707980001002001020123100100000000000002220000010000000399000000000000000000000000000000000000001500000000000010000000000
11170798000200200102012310010000030000010000000399000000039900000000000000000000000000039900000000000000
121707980003002001020123100100000000000000000000000000000000000000000000000399000000000000000000000000000000
07170799000000200102012310110000000000000000100000000000000000
091707990001002001020123101100000000000002310006580000000986000000000000000000000000000000100000007990000000000010000000000
11170799000200200102012310110000030000010000000986000000098600000000000000000000000000500000000040140000
121707990003002001020123101100000000000000000000000000000000000000000000000986000000000000000000000000000000
07170800000000200102012310130000000000000000100000000000000000
091708000001002001020123101300000000000003010000010000000900000000000000000000000000000000000000006000000000000050000000000
11170800000200200102012310130000030000010000000900000000090000000000000000000000000000500000000041000000
121708000003002001020123101300000000000000000000000000000000000000000000000900000000000000000000000000000000
07170801000000200102012310200000000000000000100000000000000000
091708010001002001020123102000000000000001150003700000000074000000000000000000000000000000100000001000000000000020000000000
11170801000200200102012310200000030000010000000074000000007400000000000000000000000000100000000009260000
121708010003002001020123102000000000000000000000000000000000000000000000000074000000000000000000000000000000
07170802000000200102012310230000000000000000100000000000000000
091708020001002001020123102300000000000002220000010000000399000000000000000000000000000000000000001500000000000010000000000
091708020002002001020123102300000000000002100004160000000832000000000000000000000000000000100000007220000000000010000000000
091708020003002001020123102300000000000001140011740000000468000000000000000000000000000000100000000500000000000020000000000
11170802000400200102012310230000030000030000001699000000169900000000000000000000000001000000000083010000
121708020005002001020123102300000000000000000000000000000000000000000000001699000000000000000000000000000000
07170803000000200102012310280000000000000000100000000000000000
091708030001002001020123102800000000000003200000010000002000000000000000000000000000000000000000000000000000000050000000000
091708030002002001020123102800000000000003110000010000000499000000000000000000000000000000000000001000000000000040000000000
091708030003002001020123102800000000000005020000010000000100I 0000000000000000000000000000000000000100000000000020000000000
091708030004002001020123102800000000000001050003720000000260000000000000000000000000000000100000002000000000000020000000000
091708030005002001020123102800000000000001150005780000000115000000000000000000000000000000100000001000000000000020000000000
091708030006002001020123102800000000000003030000010000000199000000000000000000000000000000000000000830000000000040000000000
091708030007002001020123102800000000000001140004860000000194000000000000000000000000000000100000000500000000000020000000000
091708030008002001020123102800000000000003030000010000000199000000000000000000000000000000000000000830000000000040000000000
11170803000900200102012310280000030000080000003566000000356600000000000000000000000000356600000000000000
121708030010002001020123102803020000000000000000000000000000000000000000003566000000000000000000000000000000
07170804000000200102012310300000000000000000100000000000000000
091708040001002001020123103000000000000002030017540000001226000000000000000000000000000000100000002990000000000010000000000
11170804000200200102012310300000030000010000001226000000122600000000000000000000000000122600000000000000
121708040003002001020123103000000000000000000000000000000000000000000000001226000000000000000000000000000000
14170805000000200102012310310000010000001098
07170806000000200102012310320000000000000000100000000000000000
091708060001002001020123103200000000000001090001200000000072000000000000000000000000000000100000001500000000000020000000000
091708060002002001020123103200000000000001080001280000000102000000000000000000000000000000100000001000000000000020000000000
11170806000300200102012310320000030000020000000174000000017400000000000000000000000000017400000000000000
121708060004002001020123103203020000000000000000000000000000000000000000000174000000000000000000000000000000
07170807000000200102012310350000000000000000100000000000000000
091708070001002001020123103500000000000003030000010000000199000000000000000000000000000000000000000830000000000040000000000
17170807000200200102012310350000000000000286
11170807000300200102012310350000030000010000000199000000019900000000000000000000000000019900000000000000
121708070004002001020123103500000000000000000000000000000000000000000000000199000000000000000000000000000000
07170808000000200102012310350000000000000000100000000000000000
091708080001002001020123103500000000000003030000010000000199000000000000000000000000000000000000000830000000000040000000000
11170808000200200102012310350000030000010000000199000000019900000000000000000000000000019900000000000000
121708080003002001020123103500000000000000000000000000000000000000000000000199000000000000000000000000000000
07170809000000200102012310370000000000000000100000000000000000
091708090001002001020123103700000000000002220000010000000399000000000000000000000000000000000000001500000000000010000000000
11170809000200200102012310370000030000010000000399000000039900000000000000000000000000039900000000000000
121708090003002001020123103700000000000000000000000000000000000000000000000399000000000000000000000000000000
07170810000000200102012310400000000000000000100000000000000000
091708100001002001020123104000000000000002070005720000000571000000000000000000000000000000100000001990000000000010000000000
11170810000200200102012310400000030000010000000571000000057100000000000000000000000000057100000000000000
121708100003002001020123104003020000000000000000000000000000000000000000000571000000000000000000000000000000
07170811000000200102012310470000000000000000100000000000000000
091708110001002001020123104700000000000005020000020000000200I 0000000000000000000000000000000000000100000000000020000000000
091708110002002001020123104700000000000002320000030000000897000000000000000000000000000000000000000500000000000010000000000
091708110003002001020123104700000000000002120010960000000437000000000000000000000000000000100000002250000000000010000000000
091708110004002001020123104700000000000001140001600000000064000000000000000000000000000000100000000500000000000020000000000
091708110005002001020123104700000000000001260002500000000125000000000000000000000000000000100000000500000000000020000000000
11170811000600200102012310470000030000050000001723000000172300000000000000000000000000500000000032770000
121708110007002001020123104700000000000000000000000000000000000000000000001723000000000000000000000000000000
07170812000000200102012310480000000000000000100000000000000000
091708120001002001020123104800000000000003030000020000000398000000000000000000000000000000000000000830000000000040000000000
11170812000200200102012310480000030000010000000398000000039800000000000000000000000000039800000000000000
121708120003002001020123104800000000000000000000000000000000000000000000000398000000000000000000000000000000
07170813000000200102012310500000000000000000100000000000000000
091708130001002001020123105000000000000001010007080000000636000000000000000000000000000000100000001400000000000020000000000
11170813000200200102012310500000030000010000000636000000063600000000000000000000000000063600000000000000
121708130003002001020123105003020000000000000000000000000000000000000000000636000000000000000000000000000000
07170814000000200102012310540000000000000000100000000000000000
091708140001002001020123105400000000000002010018280000000729000000000000000000000000000000100000002150000000000010000000000
091708140002002001020123105400000000000001040012840000001026000000000000000000000000000000100000002750000000000020000000000
091708140003002001020123105400000000000002070019560000001954000000000000000000000000000000100000001990000000000010000000000
11170814000400200102012310540000030000030000003709000000370900000000000000000000000000370900000000000000
121708140005002001020123105400000000000000000000000000000000000000000000003709000000000000000000000000000000
07170815000000200102012311000000000000000000100000000000000000
091708150001002001020123110000000000000002220000010000000399000000000000000000000000000000000000001500000000000010000000000
11170815000200200102012311000000030000010000000399000000039900000000000000000000000000200000000016010000
121708150003002001020123110000000000000000000000000000000000000000000000000399000000000000000000000000000000
07170816000000200102012311140000000000000000100000000000000000
091708160001002001020123111400000000000002040014640000000438000000000000000000000000000000100000000500000000000010000000000
11170816000200200102012311140000030000010000000438000000043800000000000000000000000000043800000000000000
121708160003002001020123111400000000000000000000000000000000000000000000000438000000000000000000000000000000
07170817000000200102012311250000000000000000100000000000000000
091708170001002001020123112500000000000001110001740000000087000000000000000000000000000000100000002000000000000020000000000
091708170002002001020123112500000000000001060001820000000091000000000000000000000000000000100000001500000000000020000000000
091708170003002001020123112500000000000001120007580000000985000000000000000000000000000000100000001000000000000020000000000
091708170004002001020123112500000000000002010008060000000322000000000000000000000000000000100000002150000000000010000000000
091708170005002001020123112500000000000001080003340000000267000000000000000000000000000000100000001000000000000020000000000
091708170006002001020123112500000000000001220019440000001553000000000000000000000000000000100000001500000000000020000000000
11170817000700200102012311250000030000060000003305000000330500000000000000000000000000500000000016950000
121708170008002001020123112500000000000000000000000000000000000000000000003305000000000000000000000000000000
07170818000000200102012311310000000000000000100000000000000000
091708180001002001020123113100000000000003030000010000000199000000000000000000000000000000000000000830000000000040000000000
11170818000200200102012311310000030000010000000199000000019900000000000000000000000000019900000000000000
121708180003002001020123113100000000000000000000000000000000000000000000000199000000000000000000000000000000
07170819000000200102012311320000000000000000100000000000000000
091708190001002001020123113200000000000003030000010000000199000000000000000000000000000000000000000830000000000040000000000
11170819000200200102012311320000030000010000000199000000019900000000000000000000000000019900000000000000
121708190003002001020123113200000000000000000000000000000000000000000000000199000000000000000000000000000000
14170820000000200102012311380000010000000322
07170821000000200102012311390000000000000000100000000000000000
091708210001002001020123113900000000000001050001020000000071000000000000000000000000000000100000002000000000000020000000000
091708210002002001020123113900000000000001090001680000000101000000000000000000000000000000100000001500000000000020000000000
091708210003002001020123113900000000000001010004180000000376000000000000000000000000000000100000001400000000000020000000000
091708210004002001020123113900000000000001060002120000000106000000000000000000000000000000100000001500000000000020000000000
11170821000500200102012311390000030000040000000654000000065400000000000000000000000000065400000000000000
121708210006002001020123113900000000000000000000000000000000000000000000000654000000000000000000000000000000
07170822000000200102012311390000000000000000100000000000000000
091708220001002001020123113900000000000001090002060000000123000000000000000000000000000000100000001500000000000020000000000
091708220002002001020123113900000000000001050001700000000119000000000000000000000000000000100000002000000000000020000000000
091708220003002001020123113900000000000003050000010000000199000000000000000000000000000000000000000700000000000040000000000
11170822000400200102012311390000030000030000000441000000044100000000000000000000000000044100000000000000
121708220005002001020123113900000000000000000000000000000000000000000000000441000000000000000000000000000000
07170823000000200102012311500000000000000000100000000000000000
091708230001002001020123115000000000000003200000010000002000000000000000000000000000000000000000000000000000000050000000000
091708230002002001020123115000000000000001250005720000000228I 0000000000000000000000000000100000000530000000000020000000000
091708230003002001020123115000000000000001010010420000000937000000000000000000000000000000100000001400000000000020000000000
091708230004002001020123115000000000000001060002620000000131000000000000000000000000000000100000001500000000000020000000000
091708230005002001020123115000000000000002320000010000000299000000000000000000000000000000000000000500000000000010000000000
091708230006002001020123115000000000000002120005300000000211000000000000000000000000000000100000002250000000000010000000000
091708230007002001020123115000000000000001170003380000000169000000000000000000000000000000100000001430000000000020000000000
091708230008002001020123115000000000000001090001900000000114000000000000000000000000000000100000001500000000000020000000000
091708230009002001020123115000000000000001290008000000000319000000000000000000000000000000100000000250000000000020000000000
091708230010002001020123115000000000000003050000010000000199000000000000000000000000000000000000000700000000000040000000000
091708230011002001020123115000000000000003110000010000000499000000000000000000000000000000000000001000000000000040000000000
091708230012002001020123115000000000000003030000010000000199000000000000000000000000000000000000000830000000000040000000000
091708230013002001020123115000000000000002070006660000000665000000000000000000000000000000100000001990000000000010000000000
091708230014002001020123115000000000000002040002900000000087000000000000000000000000000000100000000500000000000010000000000
091708230015002001020123115000000000000001110008700000000434000000000000000000000000000000100000002000000000000020000000000
11170823001600200102012311500000030000150000006491000000649100000000000000000000000000649100000000000000
121708230017002001020123115003060000000000000000000000000000000000000000004491000000000000000000000000000000
121708230018002001020123115000000000000000000000000000000000000000000000002000000000000000000000000000000000
07170824000000200102012312040000000000000000100000000000000000
091708240001002001020123120400000000000001290006140000000245000000000000000000000000000000100000000250000000000020000000000
11170824000200200102012312040000030000010000000245000000024500000000000000000000000000024500000000000000
121708240003002001020123120400000000000000000000000000000000000000000000000245000000000000000000000000000000
07170825000000200102012312090000000000000000100000000000000000
091708250001002001020123120900000000000001060002380000000119000000000000000000000000000000100000001500000000000020000000000
091708250002002001020123120900000000000001250003860000000154I 0000000000000000000000000000100000000530000000000020000000000
091708250003002001020123120900000000000001270003880000000116000000000000000000000000000000100000000250000000000020000000000
091708250004002001020123120900000000000001070000880000000176000000000000000000000000000000100000010000000000000020000000000
11170825000500200102012312090000030000040000000565000000056500000000000000000000000000056500000000000000
121708250006002001020123120903030000000000000000000000000000000000000000000565000000000000000000000000000000
07170826000000200102012312200000000000000000100000000000000000
091708260001002001020123122000000000000001010011380000001023000000000000000000000000000000100000001400000000000020000000000
091708260002002001020123122000000000000005040000010000000599I 0100000000000000000000000000000000000000000000000030000000000
11170826000300200102012312200000030000020000001622000000162200000000000000000000000000200000000003780000
121708260004002001020123122000000000000000000000000000000000000000000000001622000000000000000000000000000000
07170827000000200102012312250000000000000000100000000000000000
091708270001002001020123122500000000000001100010700000000534000000000000000000000000000000100000000500000000000020000000000
091708270002002001020123122500000000000002260014420000000720000000000000000000000000000000100000003000000000000010000000000
091708270003002001020123122500000000000002260015920000000794000000000000000000000000000000100000003000000000000010000000000
091708270004002001020123122500000000000002170000010000000799000000000000000000000000000000000000006500000000000010000000000
091708270005002001020123122500000000000002070009780000000977000000000000000000000000000000100000001990000000000010000000000
091708270006002001020123122500000000000020700003800000000114000000000000000000000000000000100000000990000000000010000000000
091708270007002001020123122500000000000020700014440000000432000000000000000000000000000000100000000990000000000010000000000
11170827000800200102012312250000030000070000004370000000437000000000000000000000000000500000000006300000
121708270009002001020123122500000000000000000000000000000000000000000000004370000000000000000000000000000000
07170828000000200102012312270000000000000000100000000000000000
091708280001002001020123122700000000000002190000020000001398000000000000000000000000000000000000002250000000000010000000000
091708280002002001020123122700000000000003010000010000000900000000000000000000000000000000000000006000000000000050000000000
091708280003002001020123122700000000000002320000020000000598000000000000000000000000000000000000000500000000000010000000000
091708280004002001020123122700000000000002070011900000001189000000000000000000000000000000100000001990000000000010000000000
11170828000500200102012312270000030000040000004085000000408500000000000000000000000000500000000009150000
121708280006002001020123122700000000000000000000000000000000000000000000004085000000000000000000000000000000
07170829000000200102012312290000000000000000100000000000000000
091708290001002001020123122900000000000003030000010000000199000000000000000000000000000000000000000830000000000040000000000
11170829000200200102012312290000030000010000000199000000019900000000000000000000000000019900000000000000
121708290003002001020123122900000000000000000000000000000000000000000000000199000000000000000000000000000000
14170830000000200102012312410000010000000000
18170830000100200102012312410100000040000000000000000000000001
07170831000000200102012312450000000000000000100000000000000000
091708310001002001020123124500000000000002040002400000000072000000000000000000000000000000100000000500000000000010000000000
091708310002002001020123124500000000000005400000010000000299000000000000000000000000000000000000001990000000000080000000000
091708310003002001020123124500000000000005250000010000000399I 0100000000000000000000000000000000002990000000000080000000000
11170831000400200102012312450000030000030000000770000000077000000000000000000000000000077000000000000000
121708310005002001020123124500000000000000000000000000000000000000000000000770000000000000000000000000000000
07170832000000200102012312450000000000000000100000000000000000
091708320001002001020123124500000000000003030000010000000199000000000000000000000000000000000000000830000000000040000000000
11170832000200200102012312450000030000010000000199000000019900000000000000000000000000019900000000000000
121708320003002001020123124500000000000000000000000000000000000000000000000199000000000000000000000000000000
07170833000000200102012312470000000000000000100000000000000000
091708330001002001020123124700000000000001080005540000000443000000000000000000000000000000100000001000000000000020000000000
091708330002002001020123124700000000000001040003840000000307000000000000000000000000000000100000002750000000000020000000000
11170833000300200102012312470000030000020000000750000000075000000000000000000000000000075000000000000000
121708330004002001020123124700000000000000000000000000000000000000000000000750000000000000000000000000000000
14170834000000200102012312480000010000000000
07170835000000200102012312480000000000000000100000000000000000
091708350001002001020123124800000000000002220000010000000399000000000000000000000000000000000000001500000000000010000000000
11170835000200200102012312480000030000010000000399000000039900000000000000000000000000500000000046010000
121708350003002001020123124800000000000000000000000000000000000000000000000399000000000000000000000000000000
07170836000000200102012312500000000000000000100000000000000000
091708360001002001020123125000000000000001130007480000000373000000000000000000000000000000100000001500000000000020000000000
091708360002002001020123125000000000000001220006720000000537000000000000000000000000000000100000001500000000000020000000000
091708360003002001020123125000000000000001100007440000000371000000000000000000000000000000100000000500000000000020000000000
091708360004002001020123125000000000000001250007800000000311I 0000000000000000000000000000100000000530000000000020000000000
091708360005002001020123125000000000000001050008900000000622000000000000000000000000000000100000002000000000000020000000000
091708360006002001020123125000000000000001010012920000001162000000000000000000000000000000100000001400000000000020000000000
091708360007002001020123125000000000000001080008840000000706000000000000000000000000000000100000001000000000000020000000000
091708360008002001020123125000000000000001090003840000000230000000000000000000000000000000100000001500000000000020000000000
091708360009002001020123125000000000000005110000010000001499I 0100000000000000000000000000000000000000000000000050000000000
11170836001000200102012312500000030000090000005811000000581100000000000000000000000000581100000000000000
121708360011002001020123125000000000000000000000000000000000000000000000005811000000000000000000000000000000
07170837000000200102012312540000000000000000100000000000000000
091708370001002001020123125400000000000001090001480000000089000000000000000000000000000000100000001500000000000020000000000
091708370002002001020123125400000000000001040002340000000187000000000000000000000000000000100000002750000000000020000000000
091708370003002001020123125400000000000001060008500000000424000000000000000000000000000000100000001500000000000020000000000
091708370004002001020123125400000000000002070004500000000450000000000000000000000000000000100000001990000000000010000000000
091708370005002001020123125400000000000005020000010000000100I 0000000000000000000000000000000000000100000000000020000000000
091708370006002001020123125400000000000002010007080000000282000000000000000000000000000000100000002150000000000010000000000
091708370007002001020123125400000000000005020000030000000300I 0000000000000000000000000000000000000100000000000020000000000
17170837000800200102012312540000000000000786
11170837000900200102012312540000030000070000001832000000183200000000000000000000000000183200000000000000
121708370010002001020123125403030000000000000000000000000000000000000000001832000000000000000000000000000000
07170838000000200102012312550000000000000000100000000000000000
091708380001002001020123125500000000000001080001140000000091000000000000000000000000000000100000001000000000000020000000000
091708380002002001020123125500000000000001050000680000000048000000000000000000000000000000100000002000000000000020000000000
11170838000300200102012312550000030000020000000139000000013900000000000000000000000000013900000000000000
121708380004002001020123125500000000000000000000000000000000000000000000000139000000000000000000000000000000
061708380005002001020123125600000100000400000000000000000000000000000000000000000000
18170838000600200102012312570600000010000000000000000000000001
07170839000000200102012313120000000000000000100000000000000000
091708390001002001020123131200000000000003190000010000000450000000000000000000000000000000000000002000000000000050000000000
11170839000200200102012313120000030000010000000450000000045000000000000000000000000000045000000000000000
121708390003002001020123131203050000000000000000000000000000000000000000000450000000000000000000000000000000
14170840000000200102012313250000010000000000
07170841000000200102012313270000000000000000100000000000000000
091708410001002001020123132700000000000002270006500000001169000000000000000000000000000000100000003990000000000010000000000
091708410002002001020123132700000000000002090005460000000873000000000000000000000000000000100000004720000000000010000000000
11170841000300200102012313270000030000020000002042000000204200000000000000000000000000204200000000000000
121708410004002001020123132700000000000000000000000000000000000000000000002042000000000000000000000000000000
07170842000000200102012313280000000000000000100000000000000000
091708420001002001020123132800000000000002110004580000000503000000000000000000000000000000100000002990000000000010000000000
091708420002002001020123132800000000000002040002700000000081000000000000000000000000000000100000000500000000000010000000000
091708420003002001020123132800000000000002080010500000000629000000000000000000000000000000100000000500000000000010000000000
11170842000400200102012313280000030000030000001213000000121300000000000000000000000000200000000007870000
121708420005002001020123132800000000000000000000000000000000000000000000001213000000000000000000000000000000
07170843000000200102012313320000000000000000100000000000000000
091708430001002001020123133200000000000005020000020000000200I 0000000000000000000000000000000000000100000000000020000000000
11170843000200200102012313320000030000010000000200000000020000000000000000000000000000020000000000000000
121708430003002001020123133200000000000000000000000000000000000000000000000200000000000000000000000000000000
07170844000000200102012313330000000000000000100000000000000000
091708440001002001020123133300000000000001100012560000000627000000000000000000000000000000100000000500000000000020000000000
11170844000200200102012313330000030000010000000627000000062700000000000000000000000000062700000000000000
121708440003002001020123133303020000000000000000000000000000000000000000000627000000000000000000000000000000
07170845000000200102012313470000000000000000100000000000000000
091708450001002001020123134700000000000001040001660000000133000000000000000000000000000000100000002750000000000020000000000
091708450002002001020123134700000000000003050000010000000199000000000000000000000000000000000000000700000000000040000000000
11170845000300200102012313470000030000020000000332000000033200000000000000000000000000033200000000000000
121708450004002001020123134703020000000000000000000000000000000000000000000332000000000000000000000000000000
07170846000000200102012314090000000000000000100000000000000000
091708460001002001020123140900000000000004020000020000000200I 0300000000000000000000000000000000000230000000000030000000000
11170846000200200102012314090000030000010000000200000000020000000000000000000000000000020000000000000000
121708460003002001020123140900000000000000000000000000000000000000000000000200000000000000000000000000000000
07170847000000200102012314140000000000000000100000000000000000
091708470001002001020123141400000000000002040005540000000166000000000000000000000000000000100000000500000000000010000000000
091708470002002001020123141400000000000002260004940000000247000000000000000000000000000000100000003000000000000010000000000
091708470003002001020123141400000000000002130019660000000784000000000000000000000000000000100000001400000000000010000000000
11170847000400200102012314140000030000030000001197000000119700000000000000000000000000119700000000000000
121708470005002001020123141403020000000000000000000000000000000000000000001197000000000000000000000000000000
07170848000000200102012314210000000000000000100000000000000000
091708480001002001020123142100000000000001010010560000000949000000000000000000000000000000100000001400000000000020000000000
091708480002002001020123142100000000000002090005460000000873000000000000000000000000000000100000004720000000000010000000000
091708480003002001020123142100000000000003030000010000000199000000000000000000000000000000000000000830000000000040000000000
091708480004002001020123142100000000000002070009580000000957000000000000000000000000000000100000001990000000000010000000000
091708480005002001020123142100000000000001220006140000000491000000000000000000000000000000100000001500000000000020000000000
11170848000600200102012314210000030000050000003469000000346900000000000000000000000000346900000000000000
121708480007002001020123142103030000000000000000000000000000000000000000003469000000000000000000000000000000
07170849000000200102012314330000000000000000100000000000000000
091708490001002001020123143300000000000003030000010000000199000000000000000000000000000000000000000830000000000040000000000
11170849000200200102012314330000030000010000000199000000019900000000000000000000000000019900000000000000
121708490003002001020123143300000000000000000000000000000000000000000000000199000000000000000000000000000000
07170850000000200102012314400000000000000000100000000000000000
091708500001002001020123144000000000000001070002300000000460000000000000000000000000000000100000010000000000000020000000000
091708500002002001020123144000000000000003050000010000000199000000000000000000000000000000000000000700000000000040000000000
091708500003002001020123144000000000000003020000010000000100000000000000000000000000000000000000000500000000000000000000000
11170850000400200102012314400000030000030000000759000000075900000000000000000000000000075900000000000000
121708500005002001020123144000000000000000000000000000000000000000000000000759000000000000000000000000000000
07170851000000200102012314480000000000000000100000000000000000
091708510001002001020123144800000000000003040000010000000250000000000000000000000000000000000000000700000000000040000000000
11170851000200200102012314480000030000010000000250000000025000000000000000000000000000025000000000000000
121708510003002001020123144800000000000000000000000000000000000000000000000250000000000000000000000000000000
18170851000400200102012314530800000008900000000000000000000001
14170852000000200102012314580000010000000331
07170853000000200102012314580000000000000000100000000000000000
091708530001002001020123145800000000000005020000010000000100I 0000000000000000000000000000000000000100000000000020000000000
11170853000200200102012314580000030000010000000100000000010000000000000000000000000000010000000000000000
121708530003002001020123145800000000000000000000000000000000000000000000000100000000000000000000000000000000
07170854000000200102012315130000000000000000100000000000000000
091708540001002001020123151300000000000002030017400000001216000000000000000000000000000000100000002990000000000010000000000
091708540002002001020123151300000000000003050000010000000199000000000000000000000000000000000000000700000000000040000000000
091708540003002001020123151300000000000003040000010000000250000000000000000000000000000000000000000700000000000040000000000
11170854000400200102012315130000030000030000001665000000166500000000000000000000000000500000000033350000
121708540005002001020123151300000000000000000000000000000000000000000000001665000000000000000000000000000000
14170855000000200102012315220000010000000199
07170856000000200102012315230000000000000000100000000000000000
091708560001002001020123152300000000000005020000010000000100I 0000000000000000000000000000000000000100000000000020000000000
11170856000200200102012315230000030000010000000100000000010000000000000000000000000000010000000000000000
121708560003002001020123152300000000000000000000000000000000000000000000000100000000000000000000000000000000
07170857000000200102012315380000000000000000100000000000000000
091708570001002001020123153800000000000002030024080000001683000000000000000000000000000000100000002990000000000010000000000
091708570002002001020123153800000000000005070000010000001800I 0100000000000000000000000000000000000000000000000030000000000
11170857000300200102012315380000030000020000003483000000348300000000000000000000000000348300000000000000
121708570004002001020123153803030000000000000000000000000000000000000000003483000000000000000000000000000000
07170858000000200102012315450000000000000000100000000000000000
091708580001002001020123154500000000000003050000010000000199000000000000000000000000000000000000000700000000000040000000000
091708580002002001020123154500000000000001040001500000000120000000000000000000000000000000100000002750000000000020000000000
11170858000300200102012315450000030000020000000319000000031900000000000000000000000000050000000001810000
121708580004002001020123154500000000000000000000000000000000000000000000000319000000000000000000000000000000
07170859000000200102012315530000000000000000100000000000000000
091708590001002001020123155300000000000001250004400000000176I 0000000000000000000000000000100000000530000000000020000000000
091708590002002001020123155300000000000002300000960000000144000000000000000000000000000000100000005500000000000010000000000
11170859000300200102012315530000030000020000000320000000032000000000000000000000000000040000000000800000
121708590004002001020123155300000000000000000000000000000000000000000000000320000000000000000000000000000000
07170860000000200102012315540000000000000000100000000000000000
091708600001002001020123155400000000000002300000980000000147000000000000000000000000000000100000005500000000000010000000000
11170860000200200102012315540000030000010000000147000000014700000000000000000000000000014700000000000000
121708600003002001020123155400000000000000000000000000000000000000000000000147000000000000000000000000000000
07170861000000200102012316060000000000000000100000000000000000
091708610001002001020123160600000000000002010003480000000139000000000000000000000000000000100000002150000000000010000000000
11170861000200200102012316060000030000010000000139000000013900000000000000000000000000200000000018610000
121708610003002001020123160600000000000000000000000000000000000000000000000139000000000000000000000000000000
07170862000000200102012316160000000000000000100000000000000000
091708620001002001020123161600000000000002290000010000000599000000000000000000000000000000000000002500000000000010000000000
091708620002002001020123161600000000000001010011060000000994000000000000000000000000000000100000001400000000000020000000000
091708620003002001020123161600000000000002070009100000000909000000000000000000000000000000100000001990000000000010000000000
091708620004002001020123161600000000000001060005340000000266000000000000000000000000000000100000001500000000000020000000000
091708620005002001020123161600000000000001040006500000000519000000000000000000000000000000100000002750000000000020000000000
091708620006002001020123161600000000000001100009960000000497000000000000000000000000000000100000000500000000000020000000000
091708620007002001020123161600000000000001120006160000000800000000000000000000000000000000100000001000000000000020000000000
091708620008002001020123161600000000000001090001500000000090000000000000000000000000000000100000001500000000000020000000000
091708620009002001020123161600000000000001110006980000000348000000000000000000000000000000100000002000000000000020000000000
11170862001000200102012316160000030000090000005022000000502200000000000000000000000001000000000049780000
121708620011002001020123161600000000000000000000000000000000000000000000005022000000000000000000000000000000
07170863000000200102012316210000000000000000100000000000000000
091708630001002001020123162100000000000002150000010000000399000000000000000000000000000000000000000500000000000010000000000
11170863000200200102012316210000030000010000000399000000039900000000000000000000000000039900000000000000
121708630003002001020123162103050000000000000000000000000000000000000000000399000000000000000000000000000000
07170864000000200102012316280000000000000000100000000000000000
091708640001002001020123162800000000000002320000010000000299000000000000000000000000000000000000000500000000000010000000000
11170864000200200102012316280000030000010000000299000000029900000000000000000000000000029900000000000000
121708640003002001020123162800000000000000000000000000000000000000000000000299000000000000000000000000000000
07170865000000200102012316480000000000000000100000000000000000
091708650001002001020123164800000000000001010016540000001487000000000000000000000000000000100000001400000000000020000000000
11170865000200200102012316480000030000010000001487000000148700000000000000000000000000148700000000000000
121708650003002001020123164803030000000000000000000000000000000000000000001487000000000000000000000000000000
07170866000000200102012316520000000000000000100000000000000000
091708660001002001020123165200000000000001020004980000000298000000000000000000000000000000100000001200000000000020000000000
091708660002002001020123165200000000000001070001400000000280000000000000000000000000000000100000010000000000000020000000000
091708660003002001020123165200000000000003040000010000000250000000000000000000000000000000000000000700000000000040000000000
091708660004002001020123165200000000000001070000800000000160000000000000000000000000000000100000010000000000000020000000000
11170866000500200102012316520000030000040000000988000000098800000000000000000000000000200000000010120000
121708660006002001020123165200000000000000000000000000000000000000000000000988000000000000000000000000000000
07170867000000200102012316540000000000000000100000000000000000
091708670001002001020123165400000000000005020000010000000100I 0000000000000000000000000000000000000100000000000020000000000
091708670002002001020123165400000000000005020000110000001100I 0000000000000000000000000000000000000100000000000020000000000
11170867000300200102012316540000030000020000001200000000120000000000000000000000000000200000000008000000
121708670004002001020123165400000000000000000000000000000000000000000000001200000000000000000000000000000000
07170868000000200102012316560000000000000000100000000000000000
091708680001002001020123165600000000000002010013380000000534000000000000000000000000000000100000002150000000000010000000000
11170868000200200102012316560000030000010000000534000000053400000000000000000000000000060000000000660000
121708680003002001020123165600000000000000000000000000000000000000000000000534000000000000000000000000000000
07170869000000200102012316570000000000000000100000000000000000
091708690001002001020123165700000000000001010004840000000435000000000000000000000000000000100000001400000000000020000000000
091708690002002001020123165700000000000005110000010000001499I 0100000000000000000000000000000000000000000000000050000000000
091708690003002001020123165700000000000005020000030000000300I 0000000000000000000000000000000000000100000000000020000000000
11170869000400200102012316570000030000030000002234000000223400000000000000000000000000223400000000000000
121708690005002001020123165703030000000000000000000000000000000000000000002234000000000000000000000000000000
07170870000000200102012316580000000000000000100000000000000000
091708700001002001020123165800000000000001290002420000000097000000000000000000000000000000100000000250000000000020000000000
091708700002002001020123165800000000000001050002000000000140000000000000000000000000000000100000002000000000000020000000000
11170870000300200102012316580000030000020000000237000000023700000000000000000000000000100000000007630000
121708700004002001020123165800000000000000000000000000000000000000000000000237000000000000000000000000000000
07170871000000200102012317070000000000000000100000000000000000
091708710001002001020123170700000000000002130018060000000721000000000000000000000000000000100000001400000000000010000000000
11170871000200200102012317070000030000010000000721000000072100000000000000000000000000072100000000000000
121708710003002001020123170700000000000000000000000000000000000000000000000721000000000000000000000000000000
07170872000000200102012317080000000000000000100000000000000000
091708720001002001020123170800000000000001120006260000000813000000000000000000000000000000100000001000000000000020000000000
11170872000200200102012317080000030000010000000813000000081300000000000000000000000000090000000000870000
121708720003002001020123170800000000000000000000000000000000000000000000000813000000000000000000000000000000
14170873000000200102012317100000010000000000
07170874000000200102012317140000000000000000100000000000000000
091708740001002001020123171400000000000003050000010000000199000000000000000000000000000000000000000700000000000040000000000
11170874000200200102012317140000030000010000000199000000019900000000000000000000000000019900000000000000
121708740003002001020123171400000000000000000000000000000000000000000000000199000000000000000000000000000000
07170875000000200102012317200000000000000000100000000000000000
091708750001002001020123172000000000000005400000010000000299000000000000000000000000000000000000001990000000000080000000000
091708750002002001020123172000000000000002250004480000000224000000000000000000000000000000100000002670000000000010000000000
11170875000300200102012317200000030000020000000523000000052300000000000000000000000000500000000044770000
121708750004002001020123172000000000000000000000000000000000000000000000000523000000000000000000000000000000
07170876000000200102012317330000000000000000100000000000000000
091708760001002001020123173300000000000002040006520000000195000000000000000000000000000000100000000500000000000010000000000
11170876000200200102012317330000030000010000000195000000019500000000000000000000000000019500000000000000
121708760003002001020123173303030000000000000000000000000000000000000000000195000000000000000000000000000000
07170877000000200102012317340000000000000000100000000000000000
091708770001002001020123173400000000000001030014520000001160000000000000000000000000000000100000002800000000000020000000000
11170877000200200102012317340000030000010000001160000000116000000000000000000000000000116000000000000000
121708770003002001020123173403030000000000000000000000000000000000000000001160000000000000000000000000000000
07170878000000200102012317370000000000000000100000000000000000
091708780001002001020123173700000000000001290003580000000143000000000000000000000000000000100000000250000000000020000000000
091708780002002001020123173700000000000001050002780000000194000000000000000000000000000000100000002000000000000020000000000
11170878000300200102012317370000030000020000000337000000033700000000000000000000000000040000000000630000
121708780004002001020123173700000000000000000000000000000000000000000000000337000000000000000000000000000000
07170879000000200102012317400000000000000000100000000000000000
091708790001002001020123174000000000000001050001680000000117000000000000000000000000000000100000002000000000000020000000000
091708790002002001020123174000000000000003040000010000000250000000000000000000000000000000000000000700000000000040000000000
091708790003002001020123174000000000000001290002240000000089000000000000000000000000000000100000000250000000000020000000000
11170879000400200102012317400000030000030000000456000000045600000000000000000000000000050000000000440000
121708790005002001020123174000000000000000000000000000000000000000000000000456000000000000000000000000000000
07170880000000200102012317530000000000000000100000000000000000
091708800001002001020123175300000000000002500012380000001856000000000000000000000000000000100000000000000000000010000000000
11170880000200200102012317530000030000010000001856000000185600000000000000000000000000200000000001440000
121708800003002001020123175300000000000000000000000000000000000000000000001856000000000000000000000000000000
07170881000000200102012317550000000000000000100000000000000000
091708810001002001020123175500000000000003040000010000000250000000000000000000000000000000000000000700000000000040000000000
17170881000200200102012317550000000000000250
11170881000300200102012317550000030000010000000250000000025000000000000000000000000000100000000007500000
121708810004002001020123175500000000000000000000000000000000000000000000000250000000000000000000000000000000
07170882000000200102012317570000000000000000100000000000000000
091708820001002001020123175700000000000005030000010000001099I 0000000000000000000000000000000000004420000000000020000000000
11170882000200200102012317570000030000010000001099000000109900000000000000000000000000109900000000000000
121708820003002001020123175700000000000000000000000000000000000000000000001099000000000000000000000000000000
07170883000000200102012318100000000000000000100000000000000000
091708830001002001020123181000000000000002220000010000000399000000000000000000000000000000000000001500000000000010000000000
11170883000200200102012318100000030000010000000399000000039900000000000000000000000000039900000000000000
121708830003002001020123181000000000000000000000000000000000000000000000000399000000000000000000000000000000
07170884000000200102012318270000000000000000100000000000000000
091708840001002001020123182700000000000001290004440000000177000000000000000000000000000000100000000250000000000020000000000
091708840002002001020123182700000000000002070007220000000721000000000000000000000000000000100000001990000000000010000000000
091708840003002001020123182700000000000002270006040000001087000000000000000000000000000000100000003990000000000010000000000
11170884000400200102012318270000030000030000001985000000198500000000000000000000000000198500000000000000
121708840005002001020123182703040000000000000000000000000000000000000000001985000000000000000000000000000000
07170885000000200102012318380000000000000000100000000000000000
091708850001002001020123183800000000000005020000010000000100I 0000000000000000000000000000000000000100000000000020000000000
091708850002002001020123183800000000000005020000010000000100I 0000000000000000000000000000000000000100000000000020000000000
091708850003002001020123183800000000000005020000010000000100I 0000000000000000000000000000000000000100000000000020000000000
11170885000400200102012318380000030000030000000300000000030000000000000000000000000000100000000007000000
121708850005002001020123183800000000000000000000000000000000000000000000000300000000000000000000000000000000
07170886000000200102012318410000000000000000100000000000000000
091708860001002001020123184100000000000001220004940000000395000000000000000000000000000000100000001500000000000020000000000
091708860002002001020123184100000000000001070000640000000128000000000000000000000000000000100000010000000000000020000000000
11170886000300200102012318410000030000020000000523000000052300000000000000000000000000052300000000000000
121708860004002001020123184103020000000000000000000000000000000000000000000523000000000000000000000000000000
07170887000000200102012318540000000000000000100000000000000000
091708870001002001020123185400000000000001220013640000001090000000000000000000000000000000100000001500000000000020000000000
091708870002002001020123185400000000000001270013800000000413000000000000000000000000000000100000000250000000000020000000000
091708870003002001020123185400000000000001010011260000001012000000000000000000000000000000100000001400000000000020000000000
11170887000400200102012318540000030000030000002515000000251500000000000000000000000000260000000000850000
121708870005002001020123185400000000000000000000000000000000000000000000002515000000000000000000000000000000
07170888000000200102012318580000000000000000100000000000000000
091708880001002001020123185800000000000002070011860000001185000000000000000000000000000000100000001990000000000010000000000
091708880002002001020123185800000000000001070000940000000188000000000000000000000000000000100000010000000000000020000000000
091708880003002001020123185800000000000003040000010000000250000000000000000000000000000000000000000700000000000040000000000
11170888000400200102012318580000030000030000001623000000162300000000000000000000000000162300000000000000
121708880005002001020123185803020000000000000000000000000000000000000000001623000000000000000000000000000000
07170889000000200102012319020000000000000000100000000000000000
091708890001002001020123190200000000000001040002020000000161000000000000000000000000000000100000002750000000000020000000000
091708890002002001020123190200000000000001070000620000000124000000000000000000000000000000100000010000000000000020000000000
091708890003002001020123190200000000000001080001220000000097000000000000000000000000000000100000001000000000000020000000000
091708890004002001020123190200000000000004040000010000000100I 0300000000000000000000000000000000000270000000000030000000000
11170889000500200102012319020000030000040000000482000000048200000000000000000000000000048200000000000000
121708890006002001020123190203030000000000000000000000000000000000000000000482000000000000000000000000000000
07170890000000200102012319040000000000000000100000000000000000
091708900001002001020123190400000000000002070021900000002188000000000000000000000000000000100000001990000000000010000000000
091708900002002001020123190400000000000001170011380000000568000000000000000000000000000000100000001430000000000020000000000
091708900003002001020123190400000000000001080010300000000823000000000000000000000000000000100000001000000000000020000000000
091708900004002001020123190400000000000005400000010000000299000000000000000000000000000000000000001990000000000080000000000
11170890000500200102012319040000030000040000003878000000387800000000000000000000000000500000000011220000
121708900006002001020123190400000000000000000000000000000000000000000000003878000000000000000000000000000000
07170891000000200102012319060000000000000000100000000000000000
091708910001002001020123190600000000000003290000010000001200I 0300000000000000000000000000000000007000000000000050000000000
11170891000200200102012319060000030000010000001200000000120000000000000000000000000000120000000000000000
121708910003002001020123190600000000000000000000000000000000000000000000001200000000000000000000000000000000
07170892000000200102012319070000000000000000100000000000000000
091708920001002001020123190700000000000001040003600000000288000000000000000000000000000000100000002750000000000020000000000
091708920002002001020123190700000000000001250003160000000126I 0000000000000000000000000000100000000530000000000020000000000
091708920003002001020123190700000000000001080003220000000257000000000000000000000000000000100000001000000000000020000000000
091708920004002001020123190700000000000001010003560000000320000000000000000000000000000000100000001400000000000020000000000
091708920005002001020123190700000000000001060002900000000145000000000000000000000000000000100000001500000000000020000000000
11170892000600200102012319070000030000050000001136000000113600000000000000000000000000500000000038640000
121708920007002001020123190700000000000000000000000000000000000000000000001136000000000000000000000000000000
07170893000000200102012319090000000000000000100000000000000000
091708930001002001020123190900000000000002070004260000000426000000000000000000000000000000100000001990000000000010000000000
091708930002002001020123190900000000000005320000010000000199I 0100000000000000000000000000000000001490000000000080000000000
11170893000300200102012319090000030000020000000625000000062500000000000000000000000000062500000000000000
121708930004002001020123190902010000000000000000000000000000000000220000000625000000000000000000000000000000
101708930005002001020123190901000000000000002200000006250000000000001255000003
07170894000000200102012319120000000000000000100000000000000000
091708940001002001020123191200000000000002260004620000000231000000000000000000000000000000100000003000000000000010000000000
11170894000200200102012319120000030000010000000231000000023100000000000000000000000000023100000000000000
121708940003002001020123191203040000000000000000000000000000000000000000000231000000000000000000000000000000
07170895000000200102012319150000000000000000100000000000000000
091708950001002001020123191500000000000002180000010000000799000000000000000000000000000000000000002990000000000010000000000
091708950002002001020123191500000000000003010000010000000900000000000000000000000000000000000000006000000000000050000000000
091708950003002001020123191500000000000002260003960000000198000000000000000000000000000000100000003000000000000010000000000
091708950004002001020123191500000000000002020008960000000716000000000000000000000000000000100000001990000000000010000000000
091708950005002001020123191500000000000002310003300000000495000000000000000000000000000000100000007990000000000010000000000
091708950006002001020123191500000000000002090003180000000508000000000000000000000000000000100000004720000000000010000000000
091708950007002001020123191500000000000002070015280000001526000000000000000000000000000000100000001990000000000010000000000
11170895000800200102012319150000030000070000005142000000514200000000000000000000000000514200000000000000
121708950009002001020123191503040000000000000000000000000000000000000000005142000000000000000000000000000000
07170896000000200102012319160000000000000000100000000000000000
091708960001002001020123191600000000000001050001840000000129000000000000000000000000000000100000002000000000000020000000000
091708960002002001020123191600000000000001090000680000000041000000000000000000000000000000100000001500000000000020000000000
11170896000300200102012319160000030000020000000170000000017000000000000000000000000000020000000000300000
121708960004002001020123191600000000000000000000000000000000000000000000000170000000000000000000000000000000
07170897000000200102012319170000000000000000100000000000000000
091708970001002001020123191700000000000001290013240000000528000000000000000000000000000000100000000250000000000020000000000
091708970002002001020123191700000000000001050009860000000689000000000000000000000000000000100000002000000000000020000000000
11170897000300200102012319170000030000020000001217000000121700000000000000000000000000150000000002830000
121708970004002001020123191700000000000000000000000000000000000000000000001217000000000000000000000000000000
07170898000000200102012319180000000000000000100000000000000000
091708980001002001020123191800000000000002010005680000000227000000000000000000000000000000100000002150000000000010000000000
11170898000200200102012319180000030000010000000227000000022700000000000000000000000000025000000000230000
121708980003002001020123191800000000000000000000000000000000000000000000000227000000000000000000000000000000
07170899000000200102012319240000000000000000100000000000000000
091708990001002001020123192400000000000002260007580000000378000000000000000000000000000000100000003000000000000010000000000
11170899000200200102012319240000030000010000000378000000037800000000000000000000000000050000000001220000
121708990003002001020123192400000000000000000000000000000000000000000000000378000000000000000000000000000000
07170900000000200102012319250000000000000000100000000000000000
091709000001002001020123192500000000000002080024240000001452000000000000000000000000000000100000000500000000000010000000000
11170900000200200102012319250000030000010000001452000000145200000000000000000000000000500000000035480000
121709000003002001020123192500000000000000000000000000000000000000000000001452000000000000000000000000000000
07170901000000200102012319360000000000000000100000000000000000
091709010001002001020123193600000000000001200009440000000188000000000000000000000000000000100000000300000000000020000000000
091709010002002001020123193600000000000002080005880000000352000000000000000000000000000000100000000500000000000010000000000
091709010003002001020123193600000000000002130012060000000481000000000000000000000000000000100000001400000000000010000000000
11170901000400200102012319360000030000030000001021000000102100000000000000000000000000102100000000000000
121709010005002001020123193600000000000000000000000000000000000000000000001021000000000000000000000000000000
07170902000000200102012319400000000000000000100000000000000000
091709020001002001020123194000000000000003030000010000000199000000000000000000000000000000000000000830000000000040000000000
091709020002002001020123194000000000000001290005240000000209000000000000000000000000000000100000000250000000000020000000000
091709020003002001020123194000000000000001050001880000000131000000000000000000000000000000100000002000000000000020000000000
11170902000400200102012319400000030000030000000539000000053900000000000000000000000000053900000000000000
121709020005002001020123194003030000000000000000000000000000000000000000000539000000000000000000000000000000
07170903000000200102012319490000000000000000100000000000000000
091709030001002001020123194900000000000001050002560000000179000000000000000000000000000000100000002000000000000020000000000
11170903000200200102012319490000030000010000000179000000017900000000000000000000000000020000000000210000
121709030003002001020123194900000000000000000000000000000000000000000000000179000000000000000000000000000000
07170904000000200102012319520000000000000000100000000000000000
091709040001002001020123195200000000000001010013580000001221000000000000000000000000000000100000001400000000000020000000000
091709040002002001020123195200000000000001100011260000000562000000000000000000000000000000100000000500000000000020000000000
091709040003002001020123195200000000000003050000010000000199000000000000000000000000000000000000000700000000000040000000000
11170904000400200102012319520000030000030000001982000000198200000000000000000000000000200000000000180000
121709040005002001020123195200000000000000000000000000000000000000000000001982000000000000000000000000000000
07170905000000200102012319590000000000000000100000000000000000
091709050001002001020123195900000000000002010008780000000350000000000000000000000000000000100000002150000000000010000000000
091709050002002001020123195900000000000001220006480000000518000000000000000000000000000000100000001500000000000020000000000
091709050003002001020123195900000000000001100003980000000199000000000000000000000000000000100000000500000000000020000000000
091709050004002001020123195900000000000001040002660000000213000000000000000000000000000000100000002750000000000020000000000
091709050005002001020123195900000000000001010008040000000723000000000000000000000000000000100000001400000000000020000000000
091709050006002001020123195900000000000003040000010000000250000000000000000000000000000000000000000700000000000040000000000
091709050007002001020123195900000000000001250002880000000115I 0000000000000000000000000000100000000530000000000020000000000
091709050008002001020123195900000000000002040004100000000123000000000000000000000000000000100000000500000000000010000000000
091709050009002001020123195900000000000001070001700000000340000000000000000000000000000000100000010000000000000020000000000
091709050010002001020123195900000000000002090003020000000483000000000000000000000000000000100000004720000000000010000000000
091709050011002001020123195900000000000002280001480000000118000000000000000000000000000000100000001000000000000010000000000
091709050012002001020123195900000000000002310000880000000132000000000000000000000000000000100000007990000000000010000000000
091709050013002001020123195900000000000002070003780000000378000000000000000000000000000000100000001990000000000010000000000
11170905001400200102012319590000030000130000003942000000394200000000000000000000000000394200000000000000
121709050015002001020123195903030000000000000000000000000000000000000000003942000000000000000000000000000000
07170906000000200102012320050000000000000000100000000000000000
091709060001002001020123200500000000000003040000010000000250000000000000000000000000000000000000000700000000000040000000000
091709060002002001020123200500000000000001080003140000000251000000000000000000000000000000100000001000000000000020000000000
11170906000300200102012320050000030000020000000501000000050100000000000000000000000000050100000000000000
121709060004002001020123200500000000000000000000000000000000000000000000000501000000000000000000000000000000
07170907000000200102012320090000000000000000100000000000000000
091709070001002001020123200900000000000002150000010000000399000000000000000000000000000000000000000500000000000010000000000
091709070002002001020123200900000000000002150000010000000399000000000000000000000000000000000000000500000000000010000000000
091709070003002001020123200900000000000002230008520000001277000000000000000000000000000000100000004980000000000010000000000
091709070004002001020123200900000000000002090006140000000982000000000000000000000000000000100000004720000000000010000000000
091709070005002001020123200900000000000001270007440000000222000000000000000000000000000000100000000250000000000020000000000
091709070006002001020123200900000000000001040006960000000556000000000000000000000000000000100000002750000000000020000000000
091709070007002001020123200900000000000002040004040000000121000000000000000000000000000000100000000500000000000010000000000
091709070008002001020123200900000000000001160013780000000412000000000000000000000000000000100000000670000000000020000000000
091709070009002001020123200900000000000002110010460000001150000000000000000000000000000000100000002990000000000010000000000
091709070010002001020123200900000000000001090002940000000176000000000000000000000000000000100000001500000000000020000000000
091709070011002001020123200900000000000001180002760000000083000000000000000000000000000000100000001000000000000020000000000
091709070012002001020123200900000000000003050000010000000199000000000000000000000000000000000000000700000000000040000000000
091709070013002001020123200900000000000003200000010000002000000000000000000000000000000000000000000000000000000050000000000
11170907001400200102012320090000030000130000007976000000797600000000000000000000000000797600000000000000
121709070015002001020123200903030000000000000000000000000000000000000000007976000000000000000000000000000000
07170908000000200102012320090000000000000000100000000000000000
091709080001002001020123200900000000000001080005700000000455000000000000000000000000000000100000001000000000000020000000000
091709080002002001020123200900000000000003030000010000000199000000000000000000000000000000000000000830000000000040000000000
11170908000300200102012320090000030000020000000654000000065400000000000000000000000000200000000013460000
121709080004002001020123200900000000000000000000000000000000000000000000000654000000000000000000000000000000
07170909000000200102012320120000000000000000100000000000000000
091709090001002001020123201200000000000003010000010000000900000000000000000000000000000000000000006000000000000050000000000
091709090002002001020123201200000000000005480000010000000250I 0300000000000000000000000000000000000000000000000030000000000
091709090003002001020123201200000000000001010007520000000676000000000000000000000000000000100000001400000000000020000000000
091709090004002001020123201200000000000002260007180000000358000000000000000000000000000000100000003000000000000010000000000
091709090005002001020123201200000000000002040004500000000135000000000000000000000000000000100000000500000000000010000000000
11170909000600200102012320120000030000050000002319000000231900000000000000000000000000231900000000000000
121709090007002001020123201203040000000000000000000000000000000000000000002319000000000000000000000000000000
07170910000000200102012320200000000000000000100000000000000000
091709100001002001020123202000000000000001050002800000000196000000000000000000000000000000100000002000000000000020000000000
091709100002002001020123202000000000000001290003020000000120000000000000000000000000000000100000000250000000000020000000000
11170910000300200102012320200000030000020000000316000000031600000000000000000000000000031600000000000000
121709100004002001020123202002010000000000000000000000000000000000210000000316000000000000000000000000000000
101709100005002001020123202001000000000000002100000003160000000000000174000003
07170911000000200102012320200000000000000000100000000000000000
091709110001002001020123202000000000000002030009880000000691000000000000000000000000000000100000002990000000000010000000000
091709110002002001020123202000000000000001140004740000000189000000000000000000000000000000100000000500000000000020000000000
11170911000300200102012320200000030000020000000880000000088000000000000000000000000000100000000001200000
121709110004002001020123202000000000000000000000000000000000000000000000000880000000000000000000000000000000
07170912000000200102012320230000000000000000100000000000000000
091709120001002001020123202300000000000002170000010000000799000000000000000000000000000000000000006500000000000010000000000
091709120002002001020123202300000000000001080002800000000224000000000000000000000000000000100000001000000000000020000000000
091709120003002001020123202300000000000002010016380000000654000000000000000000000000000000100000002150000000000010000000000
091709120004002001020123202300000000000001170004820000000241000000000000000000000000000000100000001430000000000020000000000
091709120005002001020123202300000000000002260008440000000421000000000000000000000000000000100000003000000000000010000000000
11170912000600200102012320230000030000050000002339000000233900000000000000000000000000500000000026610000
121709120007002001020123202300000000000000000000000000000000000000000000002339000000000000000000000000000000
07170913000000200102012320240000000000000000100000000000000000
091709130001002001020123202400000000000002130021140000000843000000000000000000000000000000100000001400000000000010000000000
11170913000200200102012320240000030000010000000843000000084300000000000000000000000000100000000001570000
121709130003002001020123202400000000000000000000000000000000000000000000000843000000000000000000000000000000
07170914000000200102012320260000000000000000100000000000000000
091709140001002001020123202600000000000005230000010000004300I 0100000000000000000000000000000000000000000000000070000000000
091709140002002001020123202600000000000003010000010000000900000000000000000000000000000000000000006000000000000050000000000
091709140003002001020123202600000000000005040000010000000599I 0100000000000000000000000000000000000000000000000030000000000
091709140004002001020123202600000000000001070003800000000760000000000000000000000000000000100000010000000000000020000000000
091709140005002001020123202600000000000002040015100000000451000000000000000000000000000000100000000500000000000010000000000
091709140006002001020123202600000000000002130030860000001231000000000000000000000000000000100000001400000000000010000000000
091709140007002001020123202600000000000005110000010000001499I 0100000000000000000000000000000000000000000000000050000000000
11170914000800200102012320260000030000070000009740000000974000000000000000000000000000974000000000000000
121709140009002001020123202603020000000000000000000000000000000000000000009740000000000000000000000000000000
14170915000000200102012320370000010000000000
07170916000000200102012320370000000000000000100000000000000000
091709160001002001020123203700000000000005020000030000000300I 0000000000000000000000000000000000000100000000000020000000000
11170916000200200102012320370000030000010000000300000000030000000000000000000000000000030000000000000000
121709160003002001020123203700000000000000000000000000000000000000000000000300000000000000000000000000000000
07170917000000200102012320470000000000000000100000000000000000
091709170001002001020123204700000000000002080008340000000500000000000000000000000000000000100000000500000000000010000000000
091709170002002001020123204700000000000002070007260000000725000000000000000000000000000000100000001990000000000010000000000
091709170003002001020123204700000000000001130007680000000383000000000000000000000000000000100000001500000000000020000000000
11170917000400200102012320470000030000030000001608000000160800000000000000000000000000160800000000000000
121709170005002001020123204703030000000000000000000000000000000000000000001608000000000000000000000000000000
07170918000000200102012320490000000000000000100000000000000000
091709180001002001020123204900000000000005040000010000000599I 0100000000000000000000000000000000000000000000000030000000000
091709180002002001020123204900000000000005040000010000000599I 0100000000000000000000000000000000000000000000000030000000000
11170918000300200102012320490000030000020000001198000000119800000000000000000000000000120000000000020000
121709180004002001020123204900000000000000000000000000000000000000000000001198000000000000000000000000000000
07170919000000200102012320540000000000000000100000000000000000
091709190001002001020123205400000000000001040004260000000340000000000000000000000000000000100000002750000000000020000000000
091709190002002001020123205400000000000001070000880000000176000000000000000000000000000000100000010000000000000020000000000
091709190003002001020123205400000000000001090000940000000056000000000000000000000000000000100000001500000000000020000000000
091709190004002001020123205400000000000001080002340000000187000000000000000000000000000000100000001000000000000020000000000
11170919000500200102012320540000030000040000000759000000075900000000000000000000000000080000000000410000
121709190006002001020123205400000000000000000000000000000000000000000000000759000000000000000000000000000000
061709190007002001020123205600000100000450000000000000000000000000000000000000000000
0417092000000020010201232102000001170773170920000001808519270000018103532802012300001719940000000000000000000000000035920001000000000000000000000000000000000000000000000000000000000000000000000000000000001234567890AB        
