01174306000000200122012306570000010000010000000001852294211.82G5E   1234567890AB        Generica            
02174306000100200122012306570000010000040000000000
14174307000000200122012307020000010000000796
07174308000000200122012307230000000000000000100000000000000000
091743080001002001220123072300000000000003040000010000000199000000000000000000000000000000000000000700000000000040000000000
091743080002002001220123072300000000000003050000010000000199000000000000000000000000000000000000000700000000000040000000000
11174308000300200122012307230000040000020000000398000000039800000000000000000000000000039800000000000000
121743080004002001220123072300000000000000000000000000000000000000000000000398000000000000000000000000000000
07174309000000200122012307260000000000000000100000000000000000
091743090001002001220123072600000000000001250004180000000250I 0000000000000000000000000000100000000530000000000020000000000
091743090002002001220123072600000000000001060003260000000260000000000000000000000000000000100000001500000000000020000000000
091743090003002001220123072600000000000001220005540000000332000000000000000000000000000000100000001500000000000020000000000
091743090004002001220123072600000000000001020011900000000594000000000000000000000000000000100000001200000000000020000000000
11174309000500200122012307260000040000040000001436000000143600000000000000000000000000200000000005640000
121743090006002001220123072600000000000000000000000000000000000000000000001436000000000000000000000000000000
07174310000000200122012307280000000000000000100000000000000000
091743100001002001220123072800000000000001020008280000000413000000000000000000000000000000100000001200000000000020000000000
091743100002002001220123072800000000000001080002040000000204000000000000000000000000000000100000001000000000000020000000000
091743100003002001220123072800000000000001050000720000000029000000000000000000000000000000100000002000000000000020000000000
091743100004002001220123072800000000000001090000960000000077000000000000000000000000000000100000001500000000000020000000000
11174310000500200122012307280000040000040000000723000000072300000000000000000000000000072300000000000000
121743100006002001220123072800000000000000000000000000000000000000000000000723000000000000000000000000000000
07174311000000200122012307370000000000000000100000000000000000
091743110001002001220123073700000000000001020022860000001141000000000000000000000000000000100000001200000000000020000000000
091743110002002001220123073700000000000001070006220000001243000000000000000000000000000000100000010000000000000020000000000
091743110003002001220123073700000000000001080002420000000242000000000000000000000000000000100000001000000000000020000000000
091743110004002001220123073700000000000001090001160000000093000000000000000000000000000000100000001500000000000020000000000
091743110005002001220123073700000000000001050002100000000084000000000000000000000000000000100000002000000000000020000000000
11174311000600200122012307370000040000050000002803000000280300000000000000000000000000280300000000000000
121743110007002001220123073703020000000000000000000000000000000000000000002803000000000000000000000000000000
07174312000000200122012307410000000000000000100000000000000000
091743120001002001220123074100000000000005250000010000000399I 0100000000000000000000000000000000002990000000000080000000000
11174312000200200122012307410000040000010000000399000000039900000000000000000000000000039900000000000000
121743120003002001220123074100000000000000000000000000000000000000000000000399000000000000000000000000000000
07174313000000200122012307420000000000000000100000000000000000
091743130001002001220123074200000000000003190000010000000425000000000000000000000000000000000000002000000000000050000000000
11174313000200200122012307420000040000010000000425000000042500000000000000000000000000050000000000750000
121743130003002001220123074200000000000000000000000000000000000000000000000425000000000000000000000000000000
07174314000000200122012307440000000000000000100000000000000000
091743140001002001220123074400000000000003030000010000000250000000000000000000000000000000000000000830000000000040000000000
11174314000200200122012307440000040000010000000250000000025000000000000000000000000000025000000000000000
121743140003002001220123074400000000000000000000000000000000000000000000000250000000000000000000000000000000
07174315000000200122012307470000000000000000100000000000000000
091743150001002001220123074700000000000001020008560000000427000000000000000000000000000000100000001200000000000020000000000
11174315000200200122012307470000040000010000000427000000042700000000000000000000000000042700000000000000
121743150003002001220123074700000000000000000000000000000000000000000000000427000000000000000000000000000000
07174316000000200122012307540000000000000000100000000000000000
091743160001002001220123075400000000000002080018900000000943000000000000000000000000000000100000000500000000000010000000000
11174316000200200122012307540000040000010000000943000000094300000000000000000000000000094300000000000000
121743160003002001220123075400000000000000000000000000000000000000000000000943000000000000000000000000000000
07174317000000200122012307550000000000000000100000000000000000
091743170001002001220123075500000000000003210000010000000299000000000000000000000000000000000000000830000000000040000000000
091743170002002001220123075500000000000003040000010000000199000000000000000000000000000000000000000700000000000040000000000
11174317000300200122012307550000040000020000000498000000049800000000000000000000000000049800000000000000
121743170004002001220123075500000000000000000000000000000000000000000000000498000000000000000000000000000000
07174318000000200122012307570000000000000000100000000000000000
091743180001002001220123075700000000000001050002040000000081000000000000000000000000000000100000002000000000000020000000000
091743180002002001220123075700000000000001290001260000000101000000000000000000000000000000100000000250000000000020000000000
091743180003002001220123075700000000000003070000030000000597000000000000000000000000000000000000000100000000000040000000000
091743180004002001220123075700000000000001020010120000000505000000000000000000000000000000100000001200000000000020000000000
11174318000500200122012307570000040000040000001284000000128400000000000000000000000000128400000000000000
121743180006002001220123075700000000000000000000000000000000000000000000001284000000000000000000000000000000
07174319000000200122012308020000000000000000100000000000000000
091743190001002001220123080200000000000003040000010000000199000000000000000000000000000000000000000700000000000040000000000
11174319000200200122012308020000040000010000000199000000019900000000000000000000000000019900000000000000
121743190003002001220123080200000000000000000000000000000000000000000000000199000000000000000000000000000000
07174320000000200122012308040000000000000000100000000000000000
091743200001002001220123080400000000000005030000010000001099I 0000000000000000000000000000000000004420000000000020000000000
11174320000200200122012308040000040000010000001099000000109900000000000000000000000000109900000000000000
121743200003002001220123080400000000000000000000000000000000000000000000001099000000000000000000000000000000
07174321000000200122012308050000000000000000100000000000000000
091743210001002001220123080500000000000002290000010000000599000000000000000000000000000000000000002500000000000010000000000
11174321000200200122012308050000040000010000000599000000059900000000000000000000000000059900000000000000
121743210003002001220123080503020000000000000000000000000000000000000000000599000000000000000000000000000000
07174322000000200122012308150000000000000000100000000000000000
091743220001002001220123081500000000000005110000010000001499I 0100000000000000000000000000000000000000000000000050000000000
11174322000200200122012308150000040000010000001499000000149900000000000000000000000000149900000000000000
121743220003002001220123081500000000000000000000000000000000000000000000001499000000000000000000000000000000
07174323000000200122012308180000000000000000100000000000000000
091743230001002001220123081800000000000001050004760000000190000000000000000000000000000000100000002000000000000020000000000
11174323000200200122012308180000040000010000000190000000019000000000000000000000000000019000000000000000
121743230003002001220123081800000000000000000000000000000000000000000000000190000000000000000000000000000000
07174324000000200122012308220000000000000000100000000000000000
091743240001002001220123082200000000000003050000040000000796000000000000000000000000000000000000000700000000000040000000000
11174324000200200122012308220000040000010000000796000000079600000000000000000000000000079600000000000000
121743240003002001220123082203020000000000000000000000000000000000000000000796000000000000000000000000000000
07174325000000200122012308260000000000000000100000000000000000
091743250001002001220123082600000000000003080000020000000398000000000000000000000000000000000000000700000000000040000000000
091743250002002001220123082600000000000004020000020000000200I 0300000000000000000000000000000000000230000000000030000000000
091743250003002001220123082600000000000004010000010000000100I 0300000000000000000000000000000000000000000000000030000000000
091743250004002001220123082600000000000001020010460000000522000000000000000000000000000000100000001200000000000020000000000
11174325000500200122012308260000040000040000001220000000122000000000000000000000000000500000000037800000
121743250006002001220123082600000000000000000000000000000000000000000000001220000000000000000000000000000000
07174326000000200122012308270000000000000000100000000000000000
091743260001002001220123082700000000000003160000010000000199000000000000000000000000000000000000000830000000000040000000000
11174326000200200122012308270000040000010000000199000000019900000000000000000000000000019900000000000000
121743260003002001220123082700000000000000000000000000000000000000000000000199000000000000000000000000000000
07174327000000200122012308340000000000000000100000000000000000
091743270001002001220123083400000000000001100009100000000454000000000000000000000000000000100000000500000000000020000000000
091743270002002001220123083400000000000001090000860000000069000000000000000000000000000000100000001500000000000020000000000
091743270003002001220123083400000000000001050002580000000103000000000000000000000000000000100000002000000000000020000000000
11174327000400200122012308340000040000030000000626000000062600000000000000000000000000100000000003740000
121743270005002001220123083400000000000000000000000000000000000000000000000626000000000000000000000000000000
07174328000000200122012308370000000000000000100000000000000000
091743280001002001220123083700000000000003030000010000000250000000000000000000000000000000000000000830000000000040000000000
091743280002002001220123083700000000000001330018440000002764000000000000000000000000000000100000002780000000000020000000000
091743280003002001220123083700000000000001010016240000001298000000000000000000000000000000100000001400000000000020000000000
091743280004002001220123083700000000000002240014360000001004000000000000000000000000000000100000001500000000000010000000000
091743280005002001220123083700000000000001060005460000000436000000000000000000000000000000100000001500000000000020000000000
091743280006002001220123083700000000000001220007860000000471000000000000000000000000000000100000001500000000000020000000000
091743280007002001220123083700000000000001140006040000000603000000000000000000000000000000100000000500000000000020000000000
091743280008002001220123083700000000000001150002460000000221000000000000000000000000000000100000001000000000000020000000000
11174328000900200122012308370000040000080000007047000000704700000000000000000000000000704700000000000000
121743280010002001220123083700000000000000000000000000000000000000000000007047000000000000000000000000000000
07174329000000200122012308390000000000000000100000000000000000
091743290001002001220123083900000000000001250003380000000169I 0000000000000000000000000000100000000530000000000020000000000
091743290002002001220123083900000000000001220003960000000237000000000000000000000000000000100000001500000000000020000000000
091743290003002001220123083900000000000002460003200000000384000000000000000000000000000000100000000000000000000010000000000
091743290004002001220123083900000000000001080002920000000292000000000000000000000000000000100000001000000000000020000000000
11174329000500200122012308390000040000040000001082000000108200000000000000000000000001000000000089180000
121743290006002001220123083900000000000000000000000000000000000000000000001082000000000000000000000000000000
07174330000000200122012308400000000000000000100000000000000000
091743300001002001220123084000000000000003030000010000000250000000000000000000000000000000000000000830000000000040000000000
11174330000200200122012308400000040000010000000250000000025000000000000000000000000000025000000000000000
121743300003002001220123084000000000000000000000000000000000000000000000000250000000000000000000000000000000
07174331000000200122012308440000000000000000100000000000000000
091743310001002001220123084400000000000002010006480000000259000000000000000000000000000000100000002150000000000010000000000
091743310002002001220123084400000000000002260003320000000166000000000000000000000000000000100000003000000000000010000000000
091743310003002001220123084400000000000001070000640000000128000000000000000000000000000000100000010000000000000020000000000
091743310004002001220123084400000000000002070007800000000623000000000000000000000000000000100000001990000000000010000000000
11174331000500200122012308440000040000040000001176000000117600000000000000000000000000117600000000000000
121743310006002001220123084402010000000000000000000000000000000000220000001176000000000000000000000000000000
101743310007002001220123084401000000000000002200000011760000000000001265000004
07174332000000200122012308450000000000000000100000000000000000
091743320001002001220123084500000000000001050006600000000263000000000000000000000000000000100000002000000000000020000000000
091743320002002001220123084500000000000003160000010000000199000000000000000000000000000000000000000830000000000040000000000
11174332000300200122012308450000040000020000000462000000046200000000000000000000000000500000000045380000
121743320004002001220123084500000000000000000000000000000000000000000000000462000000000000000000000000000000
07174333000000200122012308550000000000000000100000000000000000
091743330001002001220123085500000000000001040004420000000265000000000000000000000000000000100000002750000000000020000000000
091743330002002001220123085500000000000001090003120000000249000000000000000000000000000000100000001500000000000020000000000
091743330003002001220123085500000000000003040000020000000398000000000000000000000000000000000000000700000000000040000000000
091743330004002001220123085500000000000001290005840000000467000000000000000000000000000000100000000250000000000020000000000
11174333000500200122012308550000040000040000001379000000137900000000000000000000000000137900000000000000
121743330006002001220123085503020000000000000000000000000000000000000000001379000000000000000000000000000000
07174334000000200122012308560000000000000000100000000000000000
091743340001002001220123085600000000000002080029580000001476000000000000000000000000000000100000000500000000000010000000000
11174334000200200122012308560000040000010000001476000000147600000000000000000000000000200000000005240000
121743340003002001220123085600000000000000000000000000000000000000000000001476000000000000000000000000000000
07174335000000200122012308580000000000000000100000000000000000
091743350001002001220123085800000000000003190000010000000425000000000000000000000000000000000000002000000000000050000000000
091743350002002001220123085800000000000001220003180000000190000000000000000000000000000000100000001500000000000020000000000
091743350003002001220123085800000000000001140002660000000266000000000000000000000000000000100000000500000000000020000000000
091743350004002001220123085800000000000001070002480000000496000000000000000000000000000000100000010000000000000020000000000
091743350005002001220123085800000000000003030000010000000250000000000000000000000000000000000000000830000000000040000000000
091743350006002001220123085800000000000003160000010000000199000000000000000000000000000000000000000830000000000040000000000
091743350007002001220123085800000000000001240001160000000174000000000000000000000000000000100000001670000000000020000000000
11174335000800200122012308580000040000070000002000000000200000000000000000000000000000200000000000000000
121743350009002001220123085800000000000000000000000000000000000000000000002000000000000000000000000000000000
07174336000000200122012309010000000000000000100000000000000000
091743360001002001220123090100000000000002140010120000000707000000000000000000000000000000100000001990000000000010000000000
11174336000200200122012309010000040000010000000707000000070700000000000000000000000000070700000000000000
121743360003002001220123090100000000000000000000000000000000000000000000000707000000000000000000000000000000
07174337000000200122012309020000000000000000100000000000000000
091743370001002001220123090200000000000003030000020000000500000000000000000000000000000000000000000830000000000040000000000
091743370002002001220123090200000000000003200000010000001900000000000000000000000000000000000000000000000000000050000000000
091743370003002001220123090200000000000001110002460000000123000000000000000000000000000000100000002000000000000020000000000
11174337000400200122012309020000040000030000002523000000252300000000000000000000000001000000000074770000
121743370005002001220123090200000000000000000000000000000000000000000000002523000000000000000000000000000000
07174338000000200122012309030000000000000000100000000000000000
091743380001002001220123090300000000000003120000020000000398000000000000000000000000000000000000000700000000000040000000000
11174338000200200122012309030000040000010000000398000000039800000000000000000000000000039800000000000000
121743380003002001220123090300000000000000000000000000000000000000000000000398000000000000000000000000000000
07174339000000200122012309040000000000000000100000000000000000
091743390001002001220123090400000000000002080029400000001467000000000000000000000000000000100000000500000000000010000000000
11174339000200200122012309040000040000010000001467000000146700000000000000000000000000146700000000000000
121743390003002001220123090400000000000000000000000000000000000000000000001467000000000000000000000000000000
07174340000000200122012309070000000000000000100000000000000000
091743400001002001220123090700000000000001250004440000000222I 0000000000000000000000000000100000000530000000000020000000000
091743400002002001220123090700000000000002220000040000001596000000000000000000000000000000000000001500000000000010000000000
091743400003002001220123090700000000000001170010960000000547000000000000000000000000000000100000001430000000000020000000000
091743400004002001220123090700000000000002070003240000000259000000000000000000000000000000100000001990000000000010000000000
091743400005002001220123090700000000000002140007760000000542000000000000000000000000000000100000001990000000000010000000000
11174340000600200122012309070000040000050000003166000000316600000000000000000000000000350000000003340000
121743400007002001220123090700000000000000000000000000000000000000000000003166000000000000000000000000000000
07174341000000200122012309100000000000000000100000000000000000
091743410001002001220123091000000000000004200000050000000500I 0000000000000000000000000000000000000000000000000030000000000
091743410002002001220123091000000000000003050000040000000796000000000000000000000000000000000000000700000000000040000000000
091743410003002001220123091000000000000002130033200000001325000000000000000000000000000000100000001400000000000010000000000
091743410004002001220123091000000000000001010025040000002001000000000000000000000000000000100000001400000000000020000000000
091743410005002001220123091000000000000002070005000000000400000000000000000000000000000000100000001990000000000010000000000
091743410006002001220123091000000000000003020000020000000200000000000000000000000000000000000000000500000000000000000000000
11174341000700200122012309100000040000060000005222000000522200000000000000000000000000522200000000000000
121743410008002001220123091003020000000000000000000000000000000000000000005222000000000000000000000000000000
07174342000000200122012309120000000000000000100000000000000000
091743420001002001220123091200000000000003030000010000000250000000000000000000000000000000000000000830000000000040000000000
091743420002002001220123091200000000000003050000010000000199000000000000000000000000000000000000000700000000000040000000000
091743420003002001220123091200000000000003120000010000000199000000000000000000000000000000000000000700000000000040000000000
11174342000400200122012309120000040000030000000648000000064800000000000000000000000000200000000013520000
121743420005002001220123091200000000000000000000000000000000000000000000000648000000000000000000000000000000
07174343000000200122012309170000000000000000100000000000000000
091743430001002001220123091700000000000001070002020000000404000000000000000000000000000000100000010000000000000020000000000
091743430002002001220123091700000000000003050000010000000199000000000000000000000000000000000000000700000000000040000000000
091743430003002001220123091700000000000001050003700000000148000000000000000000000000000000100000002000000000000020000000000
11174343000400200122012309170000040000030000000751000000075100000000000000000000000000100000000002490000
121743430005002001220123091700000000000000000000000000000000000000000000000751000000000000000000000000000000
07174344000000200122012309200000000000000000100000000000000000
091743440001002001220123092000000000000001090001660000000133000000000000000000000000000000100000001500000000000020000000000
091743440002002001220123092000000000000002080005120000000255000000000000000000000000000000100000000500000000000010000000000
091743440003002001220123092000000000000001040006880000000412000000000000000000000000000000100000002750000000000020000000000
091743440004002001220123092000000000000001220006100000000365000000000000000000000000000000100000001500000000000020000000000
091743440005002001220123092000000000000003010000020000001700000000000000000000000000000000000000006000000000000050000000000
091743440006002001220123092000000000000002130019840000000792000000000000000000000000000000100000001400000000000010000000000
11174344000700200122012309200000040000060000003657000000365700000000000000000000000000365700000000000000
121743440008002001220123092003030000000000000000000000000000000000000000003657000000000000000000000000000000
07174345000000200122012309220000000000000000100000000000000000
091743450001002001220123092200000000000020700006600000000197000000000000000000000000000000100000000990000000000010000000000
11174345000200200122012309220000040000010000000197000000019700000000000000000000000000019700000000000000
121743450003002001220123092200000000000000000000000000000000000000000000000197000000000000000000000000000000
07174346000000200122012309230000000000000000100000000000000000
091743460001002001220123092300000000000001050016660000000665000000000000000000000000000000100000002000000000000020000000000
11174346000200200122012309230000040000010000000665000000066500000000000000000000000000100000000003350000
121743460003002001220123092300000000000000000000000000000000000000000000000665000000000000000000000000000000
07174347000000200122012309240000000000000000100000000000000000
091743470001002001220123092400000000000002070003640000000291000000000000000000000000000000100000001990000000000010000000000
091743470002002001220123092400000000000002150000010000000799000000000000000000000000000000000000000500000000000010000000000
11174347000300200122012309240000040000020000001090000000109000000000000000000000000000109000000000000000
121743470004002001220123092400000000000000000000000000000000000000000000001090000000000000000000000000000000
07174348000000200122012309270000000000000000100000000000000000
091743480001002001220123092700000000000004010000050000000500I 0300000000000000000000000000000000000000000000000030000000000
091743480002002001220123092700000000000001080012220000001221000000000000000000000000000000100000001000000000000020000000000
091743480003002001220123092700000000000001090003560000000284000000000000000000000000000000100000001500000000000020000000000
091743480004002001220123092700000000000002030012560000000878000000000000000000000000000000100000002990000000000010000000000
11174348000500200122012309270000040000040000002883000000288300000000000000000000000000288300000000000000
121743480006002001220123092703060000000000000000000000000000000000000000002883000000000000000000000000000000
07174349000000200122012309280000000000000000100000000000000000
091743490001002001220123092800000000000003120000020000000398000000000000000000000000000000000000000700000000000040000000000
11174349000200200122012309280000040000010000000398000000039800000000000000000000000000039800000000000000
121743490003002001220123092800000000000000000000000000000000000000000000000398000000000000000000000000000000
07174350000000200122012309290000000000000000100000000000000000
091743500001002001220123092900000000000002130012180000000486000000000000000000000000000000100000001400000000000010000000000
091743500002002001220123092900000000000003050000010000000199000000000000000000000000000000000000000700000000000040000000000
091743500003002001220123092900000000000002070008340000000666000000000000000000000000000000100000001990000000000010000000000
091743500004002001220123092900000000000002280002820000000338000000000000000000000000000000100000001000000000000010000000000
11174350000500200122012309290000040000040000001689000000168900000000000000000000000000168900000000000000
121743500006002001220123092903020000000000000000000000000000000000000000001689000000000000000000000000000000
07174351000000200122012309300000000000000000100000000000000000
091743510001002001220123093000000000000003030000010000000250000000000000000000000000000000000000000830000000000040000000000
11174351000200200122012309300000040000010000000250000000025000000000000000000000000000025000000000000000
121743510003002001220123093003020000000000000000000000000000000000000000000250000000000000000000000000000000
07174352000000200122012309310000000000000000100000000000000000
091743520001002001220123093100000000000003040000020000000398000000000000000000000000000000000000000700000000000040000000000
091743520002002001220123093100000000000001080003600000000360000000000000000000000000000000100000001000000000000020000000000
11174352000300200122012309310000040000020000000758000000075800000000000000000000000000100000000002420000
121743520004002001220123093100000000000000000000000000000000000000000000000758000000000000000000000000000000
07174353000000200122012309350000000000000000100000000000000000
091743530001002001220123093500000000000003040000010000000199000000000000000000000000000000000000000700000000000040000000000
11174353000200200122012309350000040000010000000199000000019900000000000000000000000000019900000000000000
121743530003002001220123093500000000000000000000000000000000000000000000000199000000000000000000000000000000
07174354000000200122012309350000000000000000100000000000000000
091743540001002001220123093500000000000003030000010000000250000000000000000000000000000000000000000830000000000040000000000
11174354000200200122012309350000040000010000000250000000025000000000000000000000000000025000000000000000
121743540003002001220123093500000000000000000000000000000000000000000000000250000000000000000000000000000000
07174355000000200122012309370000000000000000100000000000000000
091743550001002001220123093700000000000001100006700000000334000000000000000000000000000000100000000500000000000020000000000
091743550002002001220123093700000000000001010010380000000829000000000000000000000000000000100000001400000000000020000000000
091743550003002001220123093700000000000001040003660000000219000000000000000000000000000000100000002750000000000020000000000
091743550004002001220123093700000000000001060006640000000531000000000000000000000000000000100000001500000000000020000000000
091743550005002001220123093700000000000001110004260000000213000000000000000000000000000000100000002000000000000020000000000
091743550006002001220123093700000000000001250003280000000164I 0000000000000000000000000000100000000530000000000020000000000
091743550007002001220123093700000000000001160008340000000333000000000000000000000000000000100000000670000000000020000000000
091743550008002001220123093700000000000002290000010000000599000000000000000000000000000000000000002500000000000010000000000
11174355000900200122012309370000040000080000003222000000322200000000000000000000000000500000000017780000
121743550010002001220123093700000000000000000000000000000000000000000000003222000000000000000000000000000000
07174356000000200122012309370000000000000000100000000000000000
091743560001002001220123093700000000000002130021240000000847000000000000000000000000000000100000001400000000000010000000000
11174356000200200122012309370000040000010000000847000000084700000000000000000000000000100000000001530000
121743560003002001220123093700000000000000000000000000000000000000000000000847000000000000000000000000000000
14174357000000200122012309380000010000000000
07174358000000200122012309390000000000000000100000000000000000
091743580001002001220123093900000000000001290001600000000128000000000000000000000000000000100000000250000000000020000000000
091743580002002001220123093900000000000001090001060000000085000000000000000000000000000000100000001500000000000020000000000
091743580003002001220123093900000000000001040001080000000065000000000000000000000000000000100000002750000000000020000000000
11174358000400200122012309390000040000030000000278000000027800000000000000000000000000100000000007220000
121743580005002001220123093900000000000000000000000000000000000000000000000278000000000000000000000000000000
07174359000000200122012309460000000000000000100000000000000000
091743590001002001220123094600000000000001150002860000000257000000000000000000000000000000100000001000000000000020000000000
11174359000200200122012309460000040000010000000257000000025700000000000000000000000000025700000000000000
121743590003002001220123094600000000000000000000000000000000000000000000000257000000000000000000000000000000
07174360000000200122012309500000000000000000100000000000000000
091743600001002001220123095000000000000001340000100000000500000000000000000000000000000000000000001000000000000020000000000
11174360000200200122012309500000040000010000000500000000050000000000000000000000000000050000000000000000
121743600003002001220123095000000000000000000000000000000000000000000000000500000000000000000000000000000000
07174361000000200122012309510000000000000000100000000000000000
091743610001002001220123095100000000000003030000010000000250000000000000000000000000000000000000000830000000000040000000000
091743610002002001220123095100000000000003050000010000000199000000000000000000000000000000000000000700000000000040000000000
11174361000300200122012309510000040000020000000449000000044900000000000000000000000000044900000000000000
121743610004002001220123095100000000000000000000000000000000000000000000000449000000000000000000000000000000
07174362000000200122012309570000000000000000100000000000000000
091743620001002001220123095700000000000002220000010000000399000000000000000000000000000000000000001500000000000010000000000
091743620002002001220123095700000000000002070008840000000706000000000000000000000000000000100000001990000000000010000000000
11174362000300200122012309570000040000020000001105000000110500000000000000000000000000110500000000000000
121743620004002001220123095700000000000000000000000000000000000000000000001105000000000000000000000000000000
07174363000000200122012310010000000000000000100000000000000000
091743630001002001220123100100000000000002040002620000000078000000000000000000000000000000100000000500000000000010000000000
11174363000200200122012310010000040000010000000078000000007800000000000000000000000000007800000000000000
121743630003002001220123100103020000000000000000000000000000000000000000000078000000000000000000000000000000
07174364000000200122012310020000000000000000100000000000000000
091743640001002001220123100200000000000003030000010000000250000000000000000000000000000000000000000830000000000040000000000
11174364000200200122012310020000040000010000000250000000025000000000000000000000000000025000000000000000
121743640003002001220123100200000000000000000000000000000000000000000000000250000000000000000000000000000000
07174365000000200122012310030000000000000000100000000000000000
091743650001002001220123100300000000000003030000010000000250000000000000000000000000000000000000000830000000000040000000000
091743650002002001220123100300000000000005020000010000000100I 0000000000000000000000000000000000000100000000000020000000000
11174365000300200122012310030000040000020000000350000000035000000000000000000000000000200000000016500000
121743650004002001220123100300000000000000000000000000000000000000000000000350000000000000000000000000000000
07174366000000200122012310070000000000000000100000000000000000
091743660001002001220123100700000000000002010007960000000318000000000000000000000000000000100000002150000000000010000000000
091743660002002001220123100700000000000002170000010000000999000000000000000000000000000000000000006500000000000010000000000
091743660003002001220123100700000000000002070013440000001074000000000000000000000000000000100000001990000000000010000000000
091743660004002001220123100700000000000002130011940000000476000000000000000000000000000000100000001400000000000010000000000
11174366000500200122012310070000040000040000002867000000286700000000000000000000000000500000000021330000
121743660006002001220123100700000000000000000000000000000000000000000000002867000000000000000000000000000000
07174367000000200122012310080000000000000000100000000000000000
091743670001002001220123100800000000000002180000010000000799000000000000000000000000000000000000002990000000000010000000000
091743670002002001220123100800000000000001160007360000000294000000000000000000000000000000100000000670000000000020000000000
091743670003002001220123100800000000000002070006300000000503000000000000000000000000000000100000001990000000000010000000000
11174367000400200122012310080000040000030000001596000000159600000000000000000000000000500000000034040000
121743670005002001220123100800000000000000000000000000000000000000000000001596000000000000000000000000000000
07174368000000200122012310090000000000000000100000000000000000
091743680001002001220123100900000000000001050000920000000037000000000000000000000000000000100000002000000000000020000000000
11174368000200200122012310090000040000010000000037000000003700000000000000000000000000003700000000000000
121743680003002001220123100900000000000000000000000000000000000000000000000037000000000000000000000000000000
07174369000000200122012310090000000000000000100000000000000000
091743690001002001220123100900000000000001290008220000000657000000000000000000000000000000100000000250000000000020000000000
11174369000200200122012310090000040000010000000657000000065700000000000000000000000000065700000000000000
121743690003002001220123100900000000000000000000000000000000000000000000000657000000000000000000000000000000
07174370000000200122012310110000000000000000100000000000000000
091743700001002001220123101100000000000002130017020000000679000000000000000000000000000000100000001400000000000010000000000
11174370000200200122012310110000040000010000000679000000067900000000000000000000000000067900000000000000
121743700003002001220123101100000000000000000000000000000000000000000000000679000000000000000000000000000000
07174371000000200122012310140000000000000000100000000000000000
091743710001002001220123101400000000000002090021780000004354000000000000000000000000000000100000004720000000000010000000000
091743710002002001220123101400000000000002010018200000000726000000000000000000000000000000100000002150000000000010000000000
11174371000300200122012310140000040000020000005080000000508000000000000000000000000000508000000000000000
121743710004002001220123101400000000000000000000000000000000000000000000005080000000000000000000000000000000
07174372000000200122012310160000000000000000100000000000000000
091743720001002001220123101600000000000003170000020000000300000000000000000000000000000000000000000700000000000040000000000
091743720002002001220123101600000000000003030000010000000250000000000000000000000000000000000000000830000000000040000000000
091743720003002001220123101600000000000003050000010000000199000000000000000000000000000000000000000700000000000040000000000
091743720004002001220123101600000000000003040000010000000199000000000000000000000000000000000000000700000000000040000000000
091743720005002001220123101600000000000002460010460000001254000000000000000000000000000000100000000000000000000010000000000
091743720006002001220123101600000000000002080009740000000486000000000000000000000000000000100000000500000000000010000000000
091743720007002001220123101600000000000002040005800000000173000000000000000000000000000000100000000500000000000010000000000
11174372000800200122012310160000040000070000002861000000286100000000000000000000000000300000000001390000
121743720009002001220123101600000000000000000000000000000000000000000000002861000000000000000000000000000000
14174373000000200122012310220000010000000000
07174374000000200122012310220000000000000000100000000000000000
091743740001002001220123102200000000000003040000010000000199000000000000000000000000000000000000000700000000000040000000000
11174374000200200122012310220000040000010000000199000000019900000000000000000000000000019900000000000000
121743740003002001220123102200000000000000000000000000000000000000000000000199000000000000000000000000000000
07174375000000200122012310230000000000000000100000000000000000
091743750001002001220123102300000000000001050005420000000216000000000000000000000000000000100000002000000000000020000000000
091743750002002001220123102300000000000001020012400000000619000000000000000000000000000000100000001200000000000020000000000
091743750003002001220123102300000000000003050000010000000199000000000000000000000000000000000000000700000000000040000000000
11174375000400200122012310230000040000030000001034000000103400000000000000000000000000103400000000000000
121743750005002001220123102300000000000000000000000000000000000000000000001034000000000000000000000000000000
07174376000000200122012310230000000000000000100000000000000000
091743760001002001220123102300000000000002220000010000000399000000000000000000000000000000000000001500000000000010000000000
091743760002002001220123102300000000000001130017680000001059000000000000000000000000000000100000001500000000000020000000000
11174376000300200122012310230000040000020000001458000000145800000000000000000000000000145800000000000000
121743760004002001220123102302010000000000000000000000000000000000080000001458000000000000000000000000000000
101743760005002001220123102301000000000000000800000014580000000000000372000004
07174377000000200122012310240000000000000000100000000000000000
091743770001002001220123102400000000000003170000010000000150000000000000000000000000000000000000000700000000000040000000000
091743770002002001220123102400000000000003030000010000000250000000000000000000000000000000000000000830000000000040000000000
091743770003002001220123102400000000000002080011720000000585000000000000000000000000000000100000000500000000000010000000000
11174377000400200122012310240000040000030000000985000000098500000000000000000000000000098500000000000000
121743770005002001220123102403060000000000000000000000000000000000000000000985000000000000000000000000000000
14174378000000200122012310270000010000001935
07174379000000200122012310280000000000000000100000000000000000
091743790001002001220123102800000000000002040007940000000237000000000000000000000000000000100000000500000000000010000000000
091743790002002001220123102800000000000001020016400000000818000000000000000000000000000000100000001200000000000020000000000
11174379000300200122012310280000040000020000001055000000105500000000000000000000000000105500000000000000
121743790004002001220123102803060000000000000000000000000000000000000000001055000000000000000000000000000000
07174380000000200122012310280000000000000000100000000000000000
091743800001002001220123102800000000000001010012860000001028000000000000000000000000000000100000001400000000000020000000000
11174380000200200122012310280000040000010000001028000000102800000000000000000000000000102800000000000000
121743800003002001220123102800000000000000000000000000000000000000000000001028000000000000000000000000000000
07174381000000200122012310290000000000000000100000000000000000
091743810001002001220123102900000000000002250004800000000288000000000000000000000000000000100000002670000000000010000000000
11174381000200200122012310290000040000010000000288000000028800000000000000000000000000028800000000000000
121743810003002001220123102903020000000000000000000000000000000000000000000288000000000000000000000000000000
07174382000000200122012310310000000000000000100000000000000000
091743820001002001220123103100000000000002040006800000000203000000000000000000000000000000100000000500000000000010000000000
091743820002002001220123103100000000000001110008080000000403000000000000000000000000000000100000002000000000000020000000000
091743820003002001220123103100000000000002020016600000001326000000000000000000000000000000100000001990000000000010000000000
091743820004002001220123103100000000000001090002240000000179000000000000000000000000000000100000001500000000000020000000000
091743820005002001220123103100000000000001080009560000000955000000000000000000000000000000100000001000000000000020000000000
091743820006002001220123103100000000000002430000010000000999000000000000000000000000000000000000000000000000000010000000000
11174382000700200122012310310000040000060000004065000000406500000000000000000000000000500000000009350000
121743820008002001220123103100000000000000000000000000000000000000000000004065000000000000000000000000000000
07174383000000200122012310340000000000000000100000000000000000
091743830001002001220123103400000000000003040000010000000199000000000000000000000000000000000000000700000000000040000000000
091743830002002001220123103400000000000001050001160000000046000000000000000000000000000000100000002000000000000020000000000
091743830003002001220123103400000000000001240001060000000159000000000000000000000000000000100000001670000000000020000000000
091743830004002001220123103400000000000001080001280000000128000000000000000000000000000000100000001000000000000020000000000
11174383000500200122012310340000040000040000000532000000053200000000000000000000000000053200000000000000
121743830006002001220123103403020000000000000000000000000000000000000000000532000000000000000000000000000000
07174384000000200122012310360000000000000000100000000000000000
091743840001002001220123103600000000000002290000010000000599000000000000000000000000000000000000002500000000000010000000000
091743840002002001220123103600000000000002090011680000002335000000000000000000000000000000100000004720000000000010000000000
091743840003002001220123103600000000000002070034040000002720000000000000000000000000000000100000001990000000000010000000000
11174384000400200122012310360000040000030000005654000000565400000000000000000000000000565400000000000000
121743840005002001220123103600000000000000000000000000000000000000000000005654000000000000000000000000000000
07174385000000200122012310400000000000000000100000000000000000
091743850001002001220123104000000000000002240013220000000924000000000000000000000000000000100000001500000000000010000000000
091743850002002001220123104000000000000005060000010000001200I 0100000000000000000000000000000000000000000000000030000000000
091743850003002001220123104000000000000001010016200000001294000000000000000000000000000000100000001400000000000020000000000
091743850004002001220123104000000000000002040006380000000191000000000000000000000000000000100000000500000000000010000000000
11174385000500200122012310400000040000040000003609000000360900000000000000000000000000360900000000000000
121743850006002001220123104003020000000000000000000000000000000000000000003609000000000000000000000000000000
07174386000000200122012310430000000000000000100000000000000000
091743860001002001220123104300000000000002010008160000000326000000000000000000000000000000100000002150000000000010000000000
091743860002002001220123104300000000000002070009620000000769000000000000000000000000000000100000001990000000000010000000000
091743860003002001220123104300000000000001120004800000000720000000000000000000000000000000100000001000000000000020000000000
091743860004002001220123104300000000000001070001860000000372000000000000000000000000000000100000010000000000000020000000000
091743860005002001220123104300000000000002130013420000000535000000000000000000000000000000100000001400000000000010000000000
091743860006002001220123104300000000000002190000010000000499000000000000000000000000000000000000002250000000000010000000000
091743860007002001220123104300000000000003030000010000000250000000000000000000000000000000000000000830000000000040000000000
091743860008002001220123104300000000000004020000020000000200I 0300000000000000000000000000000000000230000000000030000000000
11174386000900200122012310430000040000080000003671000000367100000000000000000000000000367100000000000000
121743860010002001220123104303020000000000000000000000000000000000000000003671000000000000000000000000000000
07174387000000200122012310450000000000000000100000000000000000
091743870001002001220123104500000000000002070007940000000634000000000000000000000000000000100000001990000000000010000000000
091743870002002001220123104500000000000002030011540000000807000000000000000000000000000000100000002990000000000010000000000
11174387000300200122012310450000040000020000001441000000144100000000000000000000000000200000000005590000
121743870004002001220123104500000000000000000000000000000000000000000000001441000000000000000000000000000000
07174388000000200122012310470000000000000000100000000000000000
091743880001002001220123104700000000000002070005140000000411000000000000000000000000000000100000001990000000000010000000000
091743880002002001220123104700000000000001150003920000000352000000000000000000000000000000100000001000000000000020000000000
091743880003002001220123104700000000000002170000010000000999000000000000000000000000000000000000006500000000000010000000000
091743880004002001220123104700000000000003050000010000000199000000000000000000000000000000000000000700000000000040000000000
11174388000500200122012310470000040000040000001961000000196100000000000000000000000000196100000000000000
121743880006002001220123104703020000000000000000000000000000000000000000001961000000000000000000000000000000
07174389000000200122012310470000000000000000100000000000000000
091743890001002001220123104700000000000002220000040000001596000000000000000000000000000000000000001500000000000010000000000
11174389000200200122012310470000040000010000001596000000159600000000000000000000000000200000000004040000
121743890003002001220123104700000000000000000000000000000000000000000000001596000000000000000000000000000000
07174390000000200122012310490000000000000000100000000000000000
091743900001002001220123104900000000000002130011960000000477000000000000000000000000000000100000001400000000000010000000000
091743900002002001220123104900000000000003120000010000000199000000000000000000000000000000000000000700000000000040000000000
091743900003002001220123104900000000000005040000010000000599I 0100000000000000000000000000000000000000000000000030000000000
11174390000400200122012310490000040000030000001275000000127500000000000000000000000000500000000037250000
121743900005002001220123104900000000000000000000000000000000000000000000001275000000000000000000000000000000
07174391000000200122012310520000000000000000100000000000000000
091743910001002001220123105200000000000020700007120000000213000000000000000000000000000000100000000990000000000010000000000
091743910002002001220123105200000000000001150004480000000403000000000000000000000000000000100000001000000000000020000000000
091743910003002001220123105200000000000001050004420000000176000000000000000000000000000000100000002000000000000020000000000
11174391000400200122012310520000040000030000000792000000079200000000000000000000000000079200000000000000
121743910005002001220123105203020000000000000000000000000000000000000000000792000000000000000000000000000000
07174392000000200122012310590000000000000000100000000000000000
091743920001002001220123105900000000000002460023220000002784000000000000000000000000000000100000000000000000000010000000000
091743920002002001220123105900000000000002180000010000000799000000000000000000000000000000000000002990000000000010000000000
091743920003002001220123105900000000000002130017600000000702000000000000000000000000000000100000001400000000000010000000000
11174392000400200122012310590000040000030000004285000000428500000000000000000000000000428500000000000000
121743920005002001220123105903060000000000000000000000000000000000000000004285000000000000000000000000000000
07174393000000200122012311020000000000000000100000000000000000
091743930001002001220123110200000000000001010014760000001179000000000000000000000000000000100000001400000000000020000000000
091743930002002001220123110200000000000002070006860000000548000000000000000000000000000000100000001990000000000010000000000
091743930003002001220123110200000000000002090001520000000304000000000000000000000000000000100000004720000000000010000000000
11174393000400200122012311020000040000030000002031000000203100000000000000000000000000300000000009690000
121743930005002001220123110200000000000000000000000000000000000000000000002031000000000000000000000000000000
07174394000000200122012311030000000000000000100000000000000000
17174394000100200122012311030000000000000412
091743940002002001220123110300000000000001070002660000000532000000000000000000000000000000100000010000000000000020000000000
11174394000300200122012311030000040000010000000532000000053200000000000000000000000000100000000004680000
121743940004002001220123110300000000000000000000000000000000000000000000000532000000000000000000000000000000
07174395000000200122012311060000000000000000100000000000000000
091743950001002001220123110600000000000003050000040000000796000000000000000000000000000000000000000700000000000040000000000
11174395000200200122012311060000040000010000000796000000079600000000000000000000000000079600000000000000
121743950003002001220123110603060000000000000000000000000000000000000000000796000000000000000000000000000000
07174396000000200122012311070000000000000000100000000000000000
091743960001002001220123110700000000000003040000010000000199000000000000000000000000000000000000000700000000000040000000000
11174396000200200122012311070000040000010000000199000000019900000000000000000000000000019900000000000000
121743960003002001220123110703020000000000000000000000000000000000000000000199000000000000000000000000000000
07174397000000200122012311080000000000000000100000000000000000
091743970001002001220123110800000000000001290003080000000246000000000000000000000000000000100000000250000000000020000000000
091743970002002001220123110800000000000001040001840000000110000000000000000000000000000000100000002750000000000020000000000
091743970003002001220123110800000000000003030000010000000250000000000000000000000000000000000000000830000000000040000000000
091743970004002001220123110800000000000003050000010000000199000000000000000000000000000000000000000700000000000040000000000
091743970005002001220123110800000000000004020000010000000100I 0300000000000000000000000000000000000230000000000030000000000
11174397000600200122012311080000040000050000000905000000090500000000000000000000000000090500000000000000
121743970007002001220123110800000000000000000000000000000000000000000000000905000000000000000000000000000000
07174398000000200122012311090000000000000000100000000000000000
091743980001002001220123110900000000000001290006880000000550000000000000000000000000000000100000000250000000000020000000000
11174398000200200122012311090000040000010000000550000000055000000000000000000000000000055000000000000000
121743980003002001220123110900000000000000000000000000000000000000000000000550000000000000000000000000000000
07174399000000200122012311100000000000000000100000000000000000
091743990001002001220123111000000000000003160000010000000199000000000000000000000000000000000000000830000000000040000000000
091743990002002001220123111000000000000002040003000000000090000000000000000000000000000000100000000500000000000010000000000
091743990003002001220123111000000000000001120005240000000785000000000000000000000000000000100000001000000000000020000000000
091743990004002001220123111000000000000020700006220000000186000000000000000000000000000000100000000990000000000010000000000
11174399000500200122012311100000040000040000001260000000126000000000000000000000000000126000000000000000
121743990006002001220123111003030000000000000000000000000000000000000000001260000000000000000000000000000000
07174400000000200122012311110000000000000000100000000000000000
091744000001002001220123111100000000000001020005700000000284000000000000000000000000000000100000001200000000000020000000000
091744000002002001220123111100000000000002130013060000000521000000000000000000000000000000100000001400000000000010000000000
091744000003002001220123111100000000000003040000010000000199000000000000000000000000000000000000000700000000000040000000000
091744000004002001220123111100000000000003050000010000000199000000000000000000000000000000000000000700000000000040000000000
11174400000500200122012311110000040000040000001203000000120300000000000000000000000000120300000000000000
121744000006002001220123111103020000000000000000000000000000000000000000001203000000000000000000000000000000
07174401000000200122012311120000000000000000100000000000000000
17174401000100200122012311120000000000000324
091744010002002001220123111200000000000003030000010000000250000000000000000000000000000000000000000830000000000040000000000
11174401000300200122012311120000040000010000000250000000025000000000000000000000000000025000000000000000
121744010004002001220123111200000000000000000000000000000000000000000000000250000000000000000000000000000000
07174402000000200122012311120000000000000000100000000000000000
091744020001002001220123111200000000000003030000010000000250000000000000000000000000000000000000000830000000000040000000000
11174402000200200122012311120000040000010000000250000000025000000000000000000000000000200000000017500000
121744020003002001220123111200000000000000000000000000000000000000000000000250000000000000000000000000000000
07174403000000200122012311140000000000000000100000000000000000
091744030001002001220123111400000000000005020000040000000400I 0000000000000000000000000000000000000100000000000020000000000
091744030002002001220123111400000000000002230003540000000885000000000000000000000000000000100000004980000000000010000000000
11174403000300200122012311140000040000020000001285000000128500000000000000000000000000128500000000000000
121744030004002001220123111400000000000000000000000000000000000000000000001285000000000000000000000000000000
07174404000000200122012311140000000000000000100000000000000000
091744040001002001220123111400000000000001030004480000000313000000000000000000000000000000100000002800000000000020000000000
11174404000200200122012311140000040000010000000313000000031300000000000000000000000000100000000006870000
121744040003002001220123111400000000000000000000000000000000000000000000000313000000000000000000000000000000
07174405000000200122012311160000000000000000100000000000000000
091744050001002001220123111600000000000001100005140000000256000000000000000000000000000000100000000500000000000020000000000
091744050002002001220123111600000000000001130009000000000539000000000000000000000000000000100000001500000000000020000000000
091744050003002001220123111600000000000002010002060000000082000000000000000000000000000000100000002150000000000010000000000
17174405000400200122012311160000000000000299
091744050005002001220123111600000000000001230001060000000085000000000000000000000000000000100000008750000000000020000000000
091744050006002001220123111600000000000001070000380000000076000000000000000000000000000000100000010000000000000020000000000
11174405000700200122012311160000040000050000001038000000103800000000000000000000000000103800000000000000
121744050008002001220123111600000000000000000000000000000000000000000000001038000000000000000000000000000000
07174406000000200122012311160000000000000000100000000000000000
091744060001002001220123111600000000000001050003820000000152000000000000000000000000000000100000002000000000000020000000000
11174406000200200122012311160000040000010000000152000000015200000000000000000000000000015200000000000000
121744060003002001220123111600000000000000000000000000000000000000000000000152000000000000000000000000000000
07174407000000200122012311170000000000000000100000000000000000
091744070001002001220123111700000000000004060000280000000420I 0300000000000000000000000000100000015000000000000030000000000
11174407000200200122012311170000040000010000000420000000042000000000000000000000000000042000000000000000
121744070003002001220123111700000000000000000000000000000000000000000000000420000000000000000000000000000000
07174408000000200122012311180000000000000000100000000000000000
091744080001002001220123111800000000000003120000020000000398000000000000000000000000000000000000000700000000000040000000000
11174408000200200122012311180000040000010000000398000000039800000000000000000000000000039800000000000000
121744080003002001220123111803030000000000000000000000000000000000000000000398000000000000000000000000000000
14174409000000200122012311230000010000002609
07174410000000200122012311260000000000000000100000000000000000
091744100001002001220123112600000000000001010018360000001467000000000000000000000000000000100000001400000000000020000000000
11174410000200200122012311260000040000010000001467000000146700000000000000000000000000146700000000000000
121744100003002001220123112603020000000000000000000000000000000000000000001467000000000000000000000000000000
07174411000000200122012311270000000000000000100000000000000000
091744110001002001220123112700000000000003170000020000000300000000000000000000000000000000000000000700000000000040000000000
091744110002002001220123112700000000000003170000010000000150000000000000000000000000000000000000000700000000000040000000000
091744110003002001220123112700000000000001140002660000000266000000000000000000000000000000100000000500000000000020000000000
091744110004002001220123112700000000000001270005120000000409000000000000000000000000000000100000000250000000000020000000000
11174411000500200122012311270000040000040000001125000000112500000000000000000000000000112500000000000000
121744110006002001220123112700000000000000000000000000000000000000000000001125000000000000000000000000000000
07174412000000200122012311290000000000000000100000000000000000
091744120001002001220123112900000000000002500017560000002632000000000000000000000000000000100000000000000000000010000000000
11174412000200200122012311290000040000010000002632000000263200000000000000000000000000263200000000000000
121744120003002001220123112900000000000000000000000000000000000000000000002632000000000000000000000000000000
07174413000000200122012311310000000000000000100000000000000000
091744130001002001220123113100000000000002010012360000000493000000000000000000000000000000100000002150000000000010000000000
091744130002002001220123113100000000000001070001840000000368000000000000000000000000000000100000010000000000000020000000000
11174413000300200122012311310000040000020000000861000000086100000000000000000000000000086100000000000000
121744130004002001220123113103020000000000000000000000000000000000000000000861000000000000000000000000000000
07174414000000200122012311350000000000000000100000000000000000
091744140001002001220123113500000000000002070009400000000751000000000000000000000000000000100000001990000000000010000000000
091744140002002001220123113500000000000002040004460000000133000000000000000000000000000000100000000500000000000010000000000
091744140003002001220123113500000000000003040000010000000199000000000000000000000000000000000000000700000000000040000000000
091744140004002001220123113500000000000002190000010000000499000000000000000000000000000000000000002250000000000010000000000
091744140005002001220123113500000000000002150000030000002397000000000000000000000000000000000000000500000000000010000000000
11174414000600200122012311350000040000050000003979000000397900000000000000000000000000397900000000000000
121744140007002001220123113503060000000000000000000000000000000000000000003979000000000000000000000000000000
07174415000000200122012311370000000000000000100000000000000000
091744150001002001220123113700000000000002460004460000000535000000000000000000000000000000100000000000000000000010000000000
091744150002002001220123113700000000000002070002100000000168000000000000000000000000000000100000001990000000000010000000000
11174415000300200122012311370000040000020000000703000000070300000000000000000000000000070300000000000000
121744150004002001220123113703020000000000000000000000000000000000000000000703000000000000000000000000000000
07174416000000200122012311370000000000000000100000000000000000
091744160001002001220123113700000000000001040001520000000091000000000000000000000000000000100000002750000000000020000000000
091744160002002001220123113700000000000001090001180000000094000000000000000000000000000000100000001500000000000020000000000
091744160003002001220123113700000000000001080001740000000174000000000000000000000000000000100000001000000000000020000000000
11174416000400200122012311370000040000030000000359000000035900000000000000000000000000035900000000000000
121744160005002001220123113702010000000000000000000000000000000000220000000359000000000000000000000000000000
101744160006002001220123113701000000000000002200000003590000000000001266000004
07174417000000200122012311380000000000000000100000000000000000
091744170001002001220123113800000000000002040008220000000246000000000000000000000000000000100000000500000000000010000000000
091744170002002001220123113800000000000001040007740000000464000000000000000000000000000000100000002750000000000020000000000
091744170003002001220123113800000000000003040000010000000199000000000000000000000000000000000000000700000000000040000000000
091744170004002001220123113800000000000003030000010000000250000000000000000000000000000000000000000830000000000040000000000
11174417000500200122012311380000040000040000001159000000115900000000000000000000000001000000000088410000
121744170006002001220123113800000000000000000000000000000000000000000000001159000000000000000000000000000000
07174418000000200122012311400000000000000000100000000000000000
091744180001002001220123114000000000000003030000010000000250000000000000000000000000000000000000000830000000000040000000000
11174418000200200122012311400000040000010000000250000000025000000000000000000000000000025000000000000000
121744180003002001220123114000000000000000000000000000000000000000000000000250000000000000000000000000000000
07174419000000200122012311410000000000000000100000000000000000
091744190001002001220123114100000000000001010009700000000775000000000000000000000000000000100000001400000000000020000000000
11174419000200200122012311410000040000010000000775000000077500000000000000000000000000200000000012250000
121744190003002001220123114100000000000000000000000000000000000000000000000775000000000000000000000000000000
07174420000000200122012311410000000000000000100000000000000000
091744200001002001220123114100000000000001010004560000000364000000000000000000000000000000100000001400000000000020000000000
11174420000200200122012311410000040000010000000364000000036400000000000000000000000000100000000006360000
121744200003002001220123114100000000000000000000000000000000000000000000000364000000000000000000000000000000
061744200004002001220123114200000100000800000000000000000000000000000000000000000000
07174421000000200122012311430000000000000000100000000000000000
091744210001002001220123114300000000000002010002120000000085000000000000000000000000000000100000002150000000000010000000000
091744210002002001220123114300000000000002040001300000000039000000000000000000000000000000100000000500000000000010000000000
11174421000300200122012311430000040000020000000124000000012400000000000000000000000000012400000000000000
121744210004002001220123114303030000000000000000000000000000000000000000000124000000000000000000000000000000
07174422000000200122012311440000000000000000100000000000000000
091744220001002001220123114400000000000001290001380000000110000000000000000000000000000000100000000250000000000020000000000
11174422000200200122012311440000040000010000000110000000011000000000000000000000000000011000000000000000
121744220003002001220123114403030000000000000000000000000000000000000000000110000000000000000000000000000000
07174423000000200122012311470000000000000000100000000000000000
091744230001002001220123114700000000000003200000010000001900000000000000000000000000000000000000000000000000000050000000000
11174423000200200122012311470000040000010000001900000000190000000000000000000000000000190000000000000000
121744230003002001220123114700000000000000000000000000000000000000000000001900000000000000000000000000000000
14174424000000200122012311480000010000000000
07174425000000200122012311500000000000000000100000000000000000
091744250001002001220123115000000000000005020000030000000300I 0000000000000000000000000000000000000100000000000020000000000
091744250002002001220123115000000000000003030000010000000250000000000000000000000000000000000000000830000000000040000000000
091744250003002001220123115000000000000001290004740000000379000000000000000000000000000000100000000250000000000020000000000
11174425000400200122012311500000040000030000000929000000092900000000000000000000000000200000000010710000
121744250005002001220123115000000000000000000000000000000000000000000000000929000000000000000000000000000000
07174426000000200122012311540000000000000000100000000000000000
091744260001002001220123115400000000000002240006460000000452000000000000000000000000000000100000001500000000000010000000000
091744260002002001220123115400000000000002070003960000000316000000000000000000000000000000100000001990000000000010000000000
091744260003002001220123115400000000000001100003240000000162000000000000000000000000000000100000000500000000000020000000000
091744260004002001220123115400000000000002290000010000000599000000000000000000000000000000000000002500000000000010000000000
11174426000500200122012311540000040000040000001529000000152900000000000000000000000000200000000004710000
121744260006002001220123115400000000000000000000000000000000000000000000001529000000000000000000000000000000
07174427000000200122012311580000000000000000100000000000000000
091744270001002001220123115800000000000002130013780000000550000000000000000000000000000000100000001400000000000010000000000
091744270002002001220123115800000000000002220000020000000798000000000000000000000000000000000000001500000000000010000000000
091744270003002001220123115800000000000002290000010000000599000000000000000000000000000000000000002500000000000010000000000
091744270004002001220123115800000000000002130014880000000594000000000000000000000000000000100000001400000000000010000000000
091744270005002001220123115800000000000001170002900000000145000000000000000000000000000000100000001430000000000020000000000
091744270006002001220123115800000000000001070006540000001307000000000000000000000000000000100000010000000000000020000000000
091744270007002001220123115800000000000001040004560000000273000000000000000000000000000000100000002750000000000020000000000
091744270008002001220123115800000000000002090007140000001427000000000000000000000000000000100000004720000000000010000000000
091744270009002001220123115800000000000001080003680000000368000000000000000000000000000000100000001000000000000020000000000
091744270010002001220123115800000000000003030000010000000250000000000000000000000000000000000000000830000000000040000000000
091744270011002001220123115800000000000001010009600000000767000000000000000000000000000000100000001400000000000020000000000
11174427001200200122012311580000040000110000007078000000707800000000000000000000000001000000000029220000
121744270013002001220123115800000000000000000000000000000000000000000000007078000000000000000000000000000000
07174428000000200122012312020000000000000000100000000000000000
091744280001002001220123120200000000000002130012100000000483000000000000000000000000000000100000001400000000000010000000000
091744280002002001220123120200000000000002040003400000000102000000000000000000000000000000100000000500000000000010000000000
091744280003002001220123120200000000000002230003540000000885000000000000000000000000000000100000004980000000000010000000000
091744280004002001220123120200000000000001060001500000000120000000000000000000000000000000100000001500000000000020000000000
091744280005002001220123120200000000000002090004480000000896000000000000000000000000000000100000004720000000000010000000000
091744280006002001220123120200000000000002070006580000000526000000000000000000000000000000100000001990000000000010000000000
091744280007002001220123120200000000000003050000010000000199000000000000000000000000000000000000000700000000000040000000000
091744280008002001220123120200000000000003040000010000000199000000000000000000000000000000000000000700000000000040000000000
091744280009002001220123120200000000000003030000010000000250000000000000000000000000000000000000000830000000000040000000000
091744280010002001220123120200000000000002190000010000000499000000000000000000000000000000000000002250000000000010000000000
11174428001100200122012312020000040000100000004159000000415900000000000000000000000000415900000000000000
121744280012002001220123120203020000000000000000000000000000000000000000004159000000000000000000000000000000
14174429000000200122012312060000010000002312
07174430000000200122012312080000000000000000100000000000000000
091744300001002001220123120800000000000001090002060000000165000000000000000000000000000000100000001500000000000020000000000
091744300002002001220123120800000000000002070004340000000347000000000000000000000000000000100000001990000000000010000000000
091744300003002001220123120800000000000003080000010000000199000000000000000000000000000000000000000700000000000040000000000
11174430000400200122012312080000040000030000000711000000071100000000000000000000000000071100000000000000
121744300005002001220123120800000000000000000000000000000000000000000000000711000000000000000000000000000000
07174431000000200122012312090000000000000000100000000000000000
091744310001002001220123120900000000000001100003800000000190000000000000000000000000000000100000000500000000000020000000000
091744310002002001220123120900000000000001250004120000000206I 0000000000000000000000000000100000000530000000000020000000000
091744310003002001220123120900000000000001220004980000000298000000000000000000000000000000100000001500000000000020000000000
091744310004002001220123120900000000000001110001880000000094000000000000000000000000000000100000002000000000000020000000000
11174431000500200122012312090000040000040000000788000000078800000000000000000000000000100000000002120000
121744310006002001220123120900000000000000000000000000000000000000000000000788000000000000000000000000000000
07174432000000200122012312100000000000000000100000000000000000
091744320001002001220123121000000000000003120000010000000199000000000000000000000000000000000000000700000000000040000000000
091744320002002001220123121000000000000001050004560000000182000000000000000000000000000000100000002000000000000020000000000
091744320003002001220123121000000000000001010006260000000500000000000000000000000000000000100000001400000000000020000000000
11174432000400200122012312100000040000030000000881000000088100000000000000000000000000100000000001190000
121744320005002001220123121000000000000000000000000000000000000000000000000881000000000000000000000000000000
07174433000000200122012312110000000000000000100000000000000000
091744330001002001220123121100000000000001250009880000000493I 0000000000000000000000000000100000000530000000000020000000000
11174433000200200122012312110000040000010000000493000000049300000000000000000000000000060000000001070000
121744330003002001220123121100000000000000000000000000000000000000000000000493000000000000000000000000000000
07174434000000200122012312140000000000000000100000000000000000
091744340001002001220123121400000000000001250003420000000171I 0000000000000000000000000000100000000530000000000020000000000
091744340002002001220123121400000000000001010005460000000436000000000000000000000000000000100000001400000000000020000000000
091744340003002001220123121400000000000001060001720000000137000000000000000000000000000000100000001500000000000020000000000
11174434000400200122012312140000040000030000000744000000074400000000000000000000000000074400000000000000
121744340005002001220123121400000000000000000000000000000000000000000000000744000000000000000000000000000000
18174434000600200122012312140600000010000000000000000000000001
07174435000000200122012312150000000000000000100000000000000000
091744350001002001220123121500000000000001020004680000000234000000000000000000000000000000100000001200000000000020000000000
091744350002002001220123121500000000000001060002560000000205000000000000000000000000000000100000001500000000000020000000000
091744350003002001220123121500000000000001070000620000000124000000000000000000000000000000100000010000000000000020000000000
11174435000400200122012312150000040000030000000563000000056300000000000000000000000000100000000004370000
121744350005002001220123121500000000000000000000000000000000000000000000000563000000000000000000000000000000
07174436000000200122012312150000000000000000100000000000000000
091744360001002001220123121500000000000003050000010000000199000000000000000000000000000000000000000700000000000040000000000
11174436000200200122012312150000040000010000000199000000019900000000000000000000000000019900000000000000
121744360003002001220123121500000000000000000000000000000000000000000000000199000000000000000000000000000000
07174437000000200122012312150000000000000000100000000000000000
091744370001002001220123121500000000000003030000010000000250000000000000000000000000000000000000000830000000000040000000000
11174437000200200122012312150000040000010000000250000000025000000000000000000000000000025000000000000000
121744370003002001220123121500000000000000000000000000000000000000000000000250000000000000000000000000000000
07174438000000200122012312220000000000000000100000000000000000
091744380001002001220123122200000000000001090000940000000075000000000000000000000000000000100000001500000000000020000000000
091744380002002001220123122200000000000001070000680000000136000000000000000000000000000000100000010000000000000020000000000
091744380003002001220123122200000000000001050002280000000091000000000000000000000000000000100000002000000000000020000000000
091744380004002001220123122200000000000003080000010000000199000000000000000000000000000000000000000700000000000040000000000
11174438000500200122012312220000040000040000000501000000050100000000000000000000000000050100000000000000
121744380006002001220123122200000000000000000000000000000000000000000000000501000000000000000000000000000000
07174439000000200122012312240000000000000000100000000000000000
091744390001002001220123122400000000000003010000010000000850000000000000000000000000000000000000006000000000000050000000000
11174439000200200122012312240000040000010000000850000000085000000000000000000000000000100000000001500000
121744390003002001220123122400000000000000000000000000000000000000000000000850000000000000000000000000000000
14174440000000200122012312260000010000000000
07174441000000200122012312270000000000000000100000000000000000
091744410001002001220123122700000000000001290007120000000569000000000000000000000000000000100000000250000000000020000000000
091744410002002001220123122700000000000003030000010000000250000000000000000000000000000000000000000830000000000040000000000
11174441000300200122012312270000040000020000000819000000081900000000000000000000000000500000000041810000
121744410004002001220123122700000000000000000000000000000000000000000000000819000000000000000000000000000000
07174442000000200122012312290000000000000000100000000000000000
091744420001002001220123122900000000000002090003040000000608000000000000000000000000000000100000004720000000000010000000000
091744420002002001220123122900000000000002240003660000000256000000000000000000000000000000100000001500000000000010000000000
091744420003002001220123122900000000000001010005900000000471000000000000000000000000000000100000001400000000000020000000000
091744420004002001220123122900000000000002070005680000000454000000000000000000000000000000100000001990000000000010000000000
091744420005002001220123122900000000000001070000640000000128000000000000000000000000000000100000010000000000000020000000000
091744420006002001220123122900000000000002280002360000000283000000000000000000000000000000100000001000000000000010000000000
091744420007002001220123122900000000000003190000010000000425000000000000000000000000000000000000002000000000000050000000000
11174442000800200122012312290000040000070000002625000000262500000000000000000000000000262500000000000000
121744420009002001220123122903030000000000000000000000000000000000000000002625000000000000000000000000000000
07174443000000200122012312300000000000000000100000000000000000
091744430001002001220123123000000000000001010021300000001702000000000000000000000000000000100000001400000000000020000000000
091744430002002001220123123000000000000001060010860000000868000000000000000000000000000000100000001500000000000020000000000
11174443000300200122012312300000040000020000002570000000257000000000000000000000000000257000000000000000
121744430004002001220123123003020000000000000000000000000000000000000000002570000000000000000000000000000000
07174444000000200122012312310000000000000000100000000000000000
091744440001002001220123123100000000000003040000010000000199000000000000000000000000000000000000000700000000000040000000000
11174444000200200122012312310000040000010000000199000000019900000000000000000000000000019900000000000000
121744440003002001220123123100000000000000000000000000000000000000000000000199000000000000000000000000000000
07174445000000200122012312330000000000000000100000000000000000
091744450001002001220123123300000000000002010004120000000164000000000000000000000000000000100000002150000000000010000000000
11174445000200200122012312330000040000010000000164000000016400000000000000000000000000016400000000000000
121744450003002001220123123303020000000000000000000000000000000000000000000164000000000000000000000000000000
07174446000000200122012312330000000000000000100000000000000000
091744460001002001220123123300000000000002040002660000000080000000000000000000000000000000100000000500000000000010000000000
11174446000200200122012312330000040000010000000080000000008000000000000000000000000000008000000000000000
121744460003002001220123123303020000000000000000000000000000000000000000000080000000000000000000000000000000
07174447000000200122012312350000000000000000100000000000000000
091744470001002001220123123500000000000001010002860000000229000000000000000000000000000000100000001400000000000020000000000
091744470002002001220123123500000000000001050000620000000025000000000000000000000000000000100000002000000000000020000000000
11174447000300200122012312350000040000020000000254000000025400000000000000000000000000040000000001460000
121744470004002001220123123500000000000000000000000000000000000000000000000254000000000000000000000000000000
07174448000000200122012312360000000000000000100000000000000000
091744480001002001220123123600000000000001020005900000000294000000000000000000000000000000100000001200000000000020000000000
091744480002002001220123123600000000000003030000010000000250000000000000000000000000000000000000000830000000000040000000000
11174448000300200122012312360000040000020000000544000000054400000000000000000000000000054400000000000000
121744480004002001220123123600000000000000000000000000000000000000000000000544000000000000000000000000000000
14174449000000200122012312420000010000000000
07174450000000200122012312430000000000000000100000000000000000
091744500001002001220123124300000000000001010009680000000773000000000000000000000000000000100000001400000000000020000000000
091744500002002001220123124300000000000002270005220000000417000000000000000000000000000000100000003990000000000010000000000
091744500003002001220123124300000000000001080005200000000519000000000000000000000000000000100000001000000000000020000000000
091744500004002001220123124300000000000003050000010000000199000000000000000000000000000000000000000700000000000040000000000
091744500005002001220123124300000000000005030000010000001099I 0000000000000000000000000000000000004420000000000020000000000
11174450000600200122012312430000040000050000003007000000300700000000000000000000000000300700000000000000
121744500007002001220123124303020000000000000000000000000000000000000000003007000000000000000000000000000000
07174451000000200122012312440000000000000000100000000000000000
091744510001002001220123124400000000000003050000020000000398000000000000000000000000000000000000000700000000000040000000000
11174451000200200122012312440000040000010000000398000000039800000000000000000000000000039800000000000000
121744510003002001220123124400000000000000000000000000000000000000000000000398000000000000000000000000000000
07174452000000200122012312480000000000000000100000000000000000
091744520001002001220123124800000000000003050000020000000398000000000000000000000000000000000000000700000000000040000000000
091744520002002001220123124800000000000001070002800000000560000000000000000000000000000000100000010000000000000020000000000
091744520003002001220123124800000000000001290004220000000337000000000000000000000000000000100000000250000000000020000000000
091744520004002001220123124800000000000001100007080000000353000000000000000000000000000000100000000500000000000020000000000
091744520005002001220123124800000000000002040001180000000035000000000000000000000000000000100000000500000000000010000000000
11174452000600200122012312480000040000050000001683000000168300000000000000000000000000168300000000000000
121744520007002001220123124803020000000000000000000000000000000000000000001683000000000000000000000000000000
07174453000000200122012312520000000000000000100000000000000000
091744530001002001220123125200000000000005300000010000000399I 0100000000000000000000000000000000000490000000000080000000000
091744530002002001220123125200000000000004110000030000000150I 0300000000000000000000000000000000000180000000000030000000000
091744530003002001220123125200000000000001160005920000000236000000000000000000000000000000100000000670000000000020000000000
091744530004002001220123125200000000000001100002020000000101000000000000000000000000000000100000000500000000000020000000000
091744530005002001220123125200000000000001060001520000000121000000000000000000000000000000100000001500000000000020000000000
091744530006002001220123125200000000000001010002620000000209000000000000000000000000000000100000001400000000000020000000000
091744530007002001220123125200000000000001120002360000000354000000000000000000000000000000100000001000000000000020000000000
091744530008002001220123125200000000000001080004740000000474000000000000000000000000000000100000001000000000000020000000000
091744530009002001220123125200000000000003040000010000000199000000000000000000000000000000000000000700000000000040000000000
11174453001000200122012312520000040000090000002243000000224300000000000000000000000000224300000000000000
121744530011002001220123125203060000000000000000000000000000000000000000002243000000000000000000000000000000
07174454000000200122012312540000000000000000100000000000000000
091744540001002001220123125400000000000003050000020000000398000000000000000000000000000000000000000700000000000040000000000
11174454000200200122012312540000040000010000000398000000039800000000000000000000000000039800000000000000
121744540003002001220123125403020000000000000000000000000000000000000000000398000000000000000000000000000000
07174455000000200122012312550000000000000000100000000000000000
091744550001002001220123125500000000000001020008940000000446000000000000000000000000000000100000001200000000000020000000000
091744550002002001220123125500000000000003050000020000000398000000000000000000000000000000000000000700000000000040000000000
11174455000300200122012312550000040000020000000844000000084400000000000000000000000000100000000001560000
121744550004002001220123125500000000000000000000000000000000000000000000000844000000000000000000000000000000
07174456000000200122012312560000000000000000100000000000000000
091744560001002001220123125600000000000001010021340000001705000000000000000000000000000000100000001400000000000020000000000
11174456000200200122012312560000040000010000001705000000170500000000000000000000000000170500000000000000
121744560003002001220123125603020000000000000000000000000000000000000000001705000000000000000000000000000000
07174457000000200122012312580000000000000000100000000000000000
091744570001002001220123125800000000000001250005000000000250I 0000000000000000000000000000100000000530000000000020000000000
091744570002002001220123125800000000000002070004840000000387000000000000000000000000000000100000001990000000000010000000000
11174457000300200122012312580000040000020000000637000000063700000000000000000000000000063700000000000000
121744570004002001220123125800000000000000000000000000000000000000000000000637000000000000000000000000000000
07174458000000200122012313010000000000000000100000000000000000
091744580001002001220123130100000000000005110000010000001499I 0100000000000000000000000000000000000000000000000050000000000
11174458000200200122012313010000040000010000001499000000149900000000000000000000000000149900000000000000
121744580003002001220123130100000000000000000000000000000000000000000000001499000000000000000000000000000000
07174459000000200122012313050000000000000000100000000000000000
091744590001002001220123130500000000000001340000030000000150000000000000000000000000000000000000001000000000000020000000000
11174459000200200122012313050000040000010000000150000000015000000000000000000000000000015000000000000000
121744590003002001220123130500000000000000000000000000000000000000000000000150000000000000000000000000000000
07174460000000200122012313190000000000000000100000000000000000
091744600001002001220123131900000000000001140001420000000142000000000000000000000000000000100000000500000000000020000000000
091744600002002001220123131900000000000003210000010000000299000000000000000000000000000000000000000830000000000040000000000
091744600003002001220123131900000000000001290001260000000101000000000000000000000000000000100000000250000000000020000000000
11174460000400200122012313190000040000030000000542000000054200000000000000000000000000054200000000000000
121744600005002001220123131903020000000000000000000000000000000000000000000542000000000000000000000000000000
07174461000000200122012313200000000000000000100000000000000000
091744610001002001220123132000000000000005040000010000000599I 0100000000000000000000000000000000000000000000000030000000000
091744610002002001220123132000000000000002270003960000000316000000000000000000000000000000100000003990000000000010000000000
11174461000300200122012313200000040000020000000915000000091500000000000000000000000000091500000000000000
121744610004002001220123132003020000000000000000000000000000000000000000000915000000000000000000000000000000
07174462000000200122012313200000000000000000100000000000000000
091744620001002001220123132000000000000002070011740000000938000000000000000000000000000000100000001990000000000010000000000
11174462000200200122012313200000040000010000000938000000093800000000000000000000000000100000000000620000
121744620003002001220123132000000000000000000000000000000000000000000000000938000000000000000000000000000000
07174463000000200122012313240000000000000000100000000000000000
091744630001002001220123132400000000000001010016060000001283000000000000000000000000000000100000001400000000000020000000000
091744630002002001220123132400000000000001040004360000000261000000000000000000000000000000100000002750000000000020000000000
091744630003002001220123132400000000000001080002480000000248000000000000000000000000000000100000001000000000000020000000000
091744630004002001220123132400000000000003050000020000000398000000000000000000000000000000000000000700000000000040000000000
11174463000500200122012313240000040000040000002190000000219000000000000000000000000000219000000000000000
121744630006002001220123132403020000000000000000000000000000000000000000002190000000000000000000000000000000
14174464000000200122012313270000010000000000
061744640001002001220123132700000100000300000000000000000000000000000000000000000000
07174465000000200122012313290000000000000000100000000000000000
091744650001002001220123132900000000000002070004400000000352000000000000000000000000000000100000001990000000000010000000000
091744650002002001220123132900000000000002090001640000000328000000000000000000000000000000100000004720000000000010000000000
091744650003002001220123132900000000000001080003040000000304000000000000000000000000000000100000001000000000000020000000000
11174465000400200122012313290000040000030000000984000000098400000000000000000000000000200000000010160000
121744650005002001220123132900000000000000000000000000000000000000000000000984000000000000000000000000000000
07174466000000200122012313400000000000000000100000000000000000
091744660001002001220123134000000000000001090001080000000086000000000000000000000000000000100000001500000000000020000000000
091744660002002001220123134000000000000001040003900000000234000000000000000000000000000000100000002750000000000020000000000
091744660003002001220123134000000000000001080002860000000286000000000000000000000000000000100000001000000000000020000000000
091744660004002001220123134000000000000001070001220000000244000000000000000000000000000000100000010000000000000020000000000
11174466000500200122012313400000040000040000000850000000085000000000000000000000000000085000000000000000
121744660006002001220123134003020000000000000000000000000000000000000000000850000000000000000000000000000000
07174467000000200122012313420000000000000000100000000000000000
091744670001002001220123134200000000000001060002740000000219000000000000000000000000000000100000001500000000000020000000000
11174467000200200122012313420000040000010000000219000000021900000000000000000000000000021900000000000000
121744670003002001220123134200000000000000000000000000000000000000000000000219000000000000000000000000000000
07174468000000200122012313540000000000000000100000000000000000
091744680001002001220123135400000000000002010020660000000824000000000000000000000000000000100000002150000000000010000000000
091744680002002001220123135400000000000002040007540000000225000000000000000000000000000000100000000500000000000010000000000
091744680003002001220123135400000000000002120008900000000444000000000000000000000000000000100000002250000000000010000000000
091744680004002001220123135400000000000002430000010000000999000000000000000000000000000000000000000000000000000010000000000
091744680005002001220123135400000000000002190000010000000499000000000000000000000000000000000000002250000000000010000000000
091744680006002001220123135400000000000002180000010000000799000000000000000000000000000000000000002990000000000010000000000
091744680007002001220123135400000000000002020008900000000711000000000000000000000000000000100000001990000000000010000000000
11174468000800200122012313540000040000070000004501000000450100000000000000000000000000450100000000000000
121744680009002001220123135400000000000000000000000000000000000000000000004501000000000000000000000000000000
07174469000000200122012313590000000000000000100000000000000000
091744690001002001220123135900000000000002220000020000000798000000000000000000000000000000000000001500000000000010000000000
11174469000200200122012313590000040000010000000798000000079800000000000000000000000000079800000000000000
121744690003002001220123135902010000000000000000000000000000000000150000000798000000000000000000000000000000
101744690004002001220123135901000000000000001500000007980000000000000007000004
07174470000000200122012314010000000000000000100000000000000000
091744700001002001220123140100000000000001170001880000000094000000000000000000000000000000100000001430000000000020000000000
091744700002002001220123140100000000000001080002820000000282000000000000000000000000000000100000001000000000000020000000000
091744700003002001220123140100000000000003050000010000000199000000000000000000000000000000000000000700000000000040000000000
11174470000400200122012314010000040000030000000575000000057500000000000000000000000000057500000000000000
121744700005002001220123140103020000000000000000000000000000000000000000000575000000000000000000000000000000
07174471000000200122012314020000000000000000100000000000000000
091744710001002001220123140200000000000001010007060000000564000000000000000000000000000000100000001400000000000020000000000
11174471000200200122012314020000040000010000000564000000056400000000000000000000000000060000000000360000
121744710003002001220123140200000000000000000000000000000000000000000000000564000000000000000000000000000000
18174471000400200122012314040400000050000000000000000000000001
07174472000000200122012314060000000000000000100000000000000000
091744720001002001220123140600000000000002130014220000000567000000000000000000000000000000100000001400000000000010000000000
091744720002002001220123140600000000000002070013060000001043000000000000000000000000000000100000001990000000000010000000000
091744720003002001220123140600000000000002080014940000000746000000000000000000000000000000100000000500000000000010000000000
11174472000400200122012314060000040000030000002356000000235600000000000000000000000000250000000001440000
121744720005002001220123140600000000000000000000000000000000000000000000002356000000000000000000000000000000
07174473000000200122012314140000000000000000100000000000000000
091744730001002001220123141400000000000005030000010000001099I 0000000000000000000000000000000000004420000000000020000000000
11174473000200200122012314140000040000010000001099000000109900000000000000000000000000109900000000000000
121744730003002001220123141403020000000000000000000000000000000000000000001099000000000000000000000000000000
0417447400000020012201231417000001174306174474000001852294210000018543684922012300001972590000000000000000000000000076520001000000000000000000000000000000000000000000000000000000000000000000000000000000001234567890AB        
