01177020000000200106022306340000010000012000000001884900431.82G5E   1234567890AB        Generica            
02177020000100200106022306340000010000040000000000
07177021000000200106022307030000000000000000100000000000000000
091770210001002001060223070300000000000002040006500000000194000000000000000000000000000000100000000500000000000010000000000
11177021000200200106022307030000040000010000000194000000019400000000000000000000000000019400000000000000
121770210003002001060223070300000000000000000000000000000000000000000000000194000000000000000000000000000000
07177022000000200106022307200000000000000000100000000000000000
091770220001002001060223072000000000000002220000020000000798000000000000000000000000000000000000001500000000000010000000000
11177022000200200106022307200000040000010000000798000000079800000000000000000000000000079800000000000000
121770220003002001060223072000000000000000000000000000000000000000000000000798000000000000000000000000000000
07177023000000200106022307260000000000000000100000000000000000
091770230001002001060223072600000000000002220000010000000399000000000000000000000000000000000000001500000000000010000000000
11177023000200200106022307260000040000010000000399000000039900000000000000000000000000039900000000000000
121770230003002001060223072600000000000000000000000000000000000000000000000399000000000000000000000000000000
07177024000000200106022307520000000000000000100000000000000000
091770240001002001060223075200000000000003040000010000000199000000000000000000000000000000000000000700000000000040000000000
091770240002002001060223075200000000000003080000010000000199000000000000000000000000000000000000000700000000000040000000000
11177024000300200106022307520000040000020000000398000000039800000000000000000000000000039800000000000000
121770240004002001060223075200000000000000000000000000000000000000000000000398000000000000000000000000000000
07177025000000200106022307590000000000000000100000000000000000
17177025000100200106022307590000000000000500
091770250002002001060223075900000000000001010013860000001107000000000000000000000000000000100000001400000000000020000000000
17177025000300200106022307590000000000000100
091770250004002001060223075900000000000003080000020000000398000000000000000000000000000000000000000700000000000040000000000
091770250005002001060223075900000000000005020000040000000400I 0000000000000000000000000000000000000100000000000020000000000
091770250006002001060223075900000000000004010000030000000300I 0300000000000000000000000000000000000000000000000030000000000
11177025000700200106022307590000040000040000002205000000220500000000000000000000000000220500000000000000
121770250008002001060223075900000000000000000000000000000000000000000000002205000000000000000000000000000000
07177026000000200106022308020000000000000000100000000000000000
091770260001002001060223080200000000000002480004700000000470000000000000000000000000000000100000002000000000000050000000000
11177026000200200106022308020000040000010000000470000000047000000000000000000000000000200000000015300000
121770260003002001060223080200000000000000000000000000000000000000000000000470000000000000000000000000000000
07177027000000200106022308120000000000000000100000000000000000
091770270001002001060223081200000000000001360000020000000598000000000000000000000000000000000000002500000000000010000000000
091770270002002001060223081200000000000001030010880000000761000000000000000000000000000000100000002800000000000020000000000
091770270003002001060223081200000000000001040003680000000257000000000000000000000000000000100000002750000000000020000000000
091770270004002001060223081200000000000002040007560000000226000000000000000000000000000000100000000500000000000010000000000
091770270005002001060223081200000000000001120005620000000730000000000000000000000000000000100000001000000000000020000000000
091770270006002001060223081200000000000003080000020000000398000000000000000000000000000000000000000700000000000040000000000
091770270007002001060223081200000000000001080005040000000755000000000000000000000000000000100000001000000000000020000000000
11177027000800200106022308120000040000070000003725000000372500000000000000000000000001000000000062750000
121770270009002001060223081200000000000000000000000000000000000000000000003725000000000000000000000000000000
07177028000000200106022308140000000000000000100000000000000000
091770280001002001060223081400000000000001170001460000000058000000000000000000000000000000100000001430000000000020000000000
091770280002002001060223081400000000000003080000010000000199000000000000000000000000000000000000000700000000000040000000000
11177028000300200106022308140000040000020000000257000000025700000000000000000000000000025700000000000000
121770280004002001060223081400000000000000000000000000000000000000000000000257000000000000000000000000000000
07177029000000200106022308140000000000000000100000000000000000
091770290001002001060223081400000000000003120000030000000597000000000000000000000000000000000000000700000000000040000000000
11177029000200200106022308140000040000010000000597000000059700000000000000000000000000059700000000000000
121770290003002001060223081400000000000000000000000000000000000000000000000597000000000000000000000000000000
07177030000000200106022308300000000000000000100000000000000000
091770300001002001060223083000000000000003070000010000000199000000000000000000000000000000000000000100000000000040000000000
091770300002002001060223083000000000000002200000010000000799000000000000000000000000000000000000000990000000000010000000000
091770300003002001060223083000000000000002170000010000000899000000000000000000000000000000000000006500000000000010000000000
11177030000400200106022308300000040000030000001897000000189700000000000000000000000000200000000001030000
121770300005002001060223083000000000000000000000000000000000000000000000001897000000000000000000000000000000
07177031000000200106022308310000000000000000100000000000000000
091770310001002001060223083100000000000003030000010000000199000000000000000000000000000000000000000830000000000040000000000
091770310002002001060223083100000000000003030000010000000199000000000000000000000000000000000000000830000000000040000000000
091770310003002001060223083100000000000003070000010000000199000000000000000000000000000000000000000100000000000040000000000
11177031000400200106022308310000040000030000000597000000059700000000000000000000000000059700000000000000
121770310005002001060223083100000000000000000000000000000000000000000000000597000000000000000000000000000000
07177032000000200106022308440000000000000000100000000000000000
091770320001002001060223084400000000000001010021500000001718000000000000000000000000000000100000001400000000000020000000000
11177032000200200106022308440000040000010000001718000000171800000000000000000000000000171800000000000000
121770320003002001060223084400000000000000000000000000000000000000000000001718000000000000000000000000000000
07177033000000200106022308500000000000000000100000000000000000
091770330001002001060223085000000000000001110004900000000245000000000000000000000000000000100000002000000000000020000000000
091770330002002001060223085000000000000002090013160000002631000000000000000000000000000000100000004720000000000010000000000
11177033000300200106022308500000040000020000002876000000287600000000000000000000000000287600000000000000
121770330004002001060223085003020000000000000000000000000000000000000000002876000000000000000000000000000000
07177034000000200106022308520000000000000000100000000000000000
091770340001002001060223085200000000000001050007040000000281000000000000000000000000000000100000002000000000000020000000000
11177034000200200106022308520000040000010000000281000000028100000000000000000000000000040000000001190000
121770340003002001060223085200000000000000000000000000000000000000000000000281000000000000000000000000000000
07177035000000200106022309040000000000000000100000000000000000
091770350001002001060223090400000000000003120000010000000199000000000000000000000000000000000000000700000000000040000000000
11177035000200200106022309040000040000010000000199000000019900000000000000000000000000019900000000000000
121770350003002001060223090403020000000000000000000000000000000000000000000199000000000000000000000000000000
07177036000000200106022309100000000000000000100000000000000000
091770360001002001060223091000000000000005020000030000000300I 0000000000000000000000000000000000000100000000000020000000000
11177036000200200106022309100000040000010000000300000000030000000000000000000000000000030000000000000000
121770360003002001060223091000000000000000000000000000000000000000000000000300000000000000000000000000000000
07177037000000200106022309110000000000000000100000000000000000
091770370001002001060223091100000000000001220009420000000470000000000000000000000000000000100000001500000000000020000000000
091770370002002001060223091100000000000002080001600000000064000000000000000000000000000000100000000500000000000010000000000
11177037000300200106022309110000040000020000000534000000053400000000000000000000000000053400000000000000
121770370004002001060223091100000000000000000000000000000000000000000000000534000000000000000000000000000000
07177038000000200106022309400000000000000000100000000000000000
091770380001002001060223094000000000000005040000020000001198I 0100000000000000000000000000000000000000000000000030000000000
11177038000200200106022309400000040000010000001198000000119800000000000000000000000000119800000000000000
121770380003002001060223094003020000000000000000000000000000000000000000001198000000000000000000000000000000
07177039000000200106022309440000000000000000100000000000000000
091770390001002001060223094400000000000003010000020000001800000000000000000000000000000000000000006000000000000050000000000
11177039000200200106022309440000040000010000001800000000180000000000000000000000000000180000000000000000
121770390003002001060223094400000000000000000000000000000000000000000000001800000000000000000000000000000000
07177040000000200106022309540000000000000000100000000000000000
091770400001002001060223095400000000000001010004980000000398000000000000000000000000000000100000001400000000000020000000000
11177040000200200106022309540000040000010000000398000000039800000000000000000000000000050000000001020000
121770400003002001060223095400000000000000000000000000000000000000000000000398000000000000000000000000000000
07177041000000200106022309570000000000000000100000000000000000
091770410001002001060223095700000000000002220000010000000399000000000000000000000000000000000000001500000000000010000000000
11177041000200200106022309570000040000010000000399000000039900000000000000000000000000200000000016010000
121770410003002001060223095700000000000000000000000000000000000000000000000399000000000000000000000000000000
07177042000000200106022310000000000000000000100000000000000000
091770420001002001060223100000000000000001250007280000000363I 0000000000000000000000000000100000000530000000000020000000000
091770420002002001060223100000000000000002090002820000000564000000000000000000000000000000100000004720000000000010000000000
091770420003002001060223100000000000000002230003400000000680000000000000000000000000000000100000004980000000000010000000000
091770420004002001060223100000000000000002080004960000000198000000000000000000000000000000100000000500000000000010000000000
11177042000500200106022310000000040000040000001805000000180500000000000000000000000000180500000000000000
121770420006002001060223100003060000000000000000000000000000000000000000001805000000000000000000000000000000
07177043000000200106022310220000000000000000100000000000000000
091770430001002001060223102200000000000002480011540000001153000000000000000000000000000000100000002000000000000050000000000
091770430002002001060223102200000000000002070008280000000579000000000000000000000000000000100000001990000000000010000000000
091770430003002001060223102200000000000002010016320000000814000000000000000000000000000000100000002150000000000010000000000
11177043000400200106022310220000040000030000002546000000254600000000000000000000000000254600000000000000
121770430005002001060223102200000000000000000000000000000000000000000000002546000000000000000000000000000000
07177044000000200106022310280000000000000000100000000000000000
091770440001002001060223102800000000000001230000440000000035000000000000000000000000000000100000008750000000000020000000000
17177044000200200106022310280000000000000199
11177044000300200106022310280000040000010000000035000000003500000000000000000000000000050000000004650000
121770440004002001060223102800000000000000000000000000000000000000000000000035000000000000000000000000000000
07177045000000200106022310310000000000000000100000000000000000
091770450001002001060223103100000000000002070009040000000632000000000000000000000000000000100000001990000000000010000000000
091770450002002001060223103100000000000002110004700000000282000000000000000000000000000000100000002990000000000010000000000
091770450003002001060223103100000000000003030000010000000199000000000000000000000000000000000000000830000000000040000000000
091770450004002001060223103100000000000002020010840000000866000000000000000000000000000000100000001990000000000010000000000
11177045000500200106022310310000040000040000001979000000197900000000000000000000000000500000000030210000
121770450006002001060223103100000000000000000000000000000000000000000000001979000000000000000000000000000000
07177046000000200106022310320000000000000000100000000000000000
091770460001002001060223103200000000000001010004140000000331000000000000000000000000000000100000001400000000000020000000000
091770460002002001060223103200000000000001050002240000000089000000000000000000000000000000100000002000000000000020000000000
091770460003002001060223103200000000000001290002340000000187000000000000000000000000000000100000000250000000000020000000000
091770460004002001060223103200000000000001070000560000000112000000000000000000000000000000100000010000000000000020000000000
091770460005002001060223103200000000000003040000010000000199000000000000000000000000000000000000000700000000000040000000000
11177046000600200106022310320000040000050000000918000000091800000000000000000000000000200000000010820000
121770460007002001060223103200000000000000000000000000000000000000000000000918000000000000000000000000000000
07177047000000200106022310330000000000000000100000000000000000
091770470001002001060223103300000000000005250000040000001596I 0100000000000000000000000000000000002990000000000080000000000
11177047000200200106022310330000040000010000001596000000159600000000000000000000000000200000000004040000
121770470003002001060223103300000000000000000000000000000000000000000000001596000000000000000000000000000000
07177048000000200106022310370000000000000000100000000000000000
091770480001002001060223103700000000000001220008660000000432000000000000000000000000000000100000001500000000000020000000000
091770480002002001060223103700000000000001090000740000000059000000000000000000000000000000100000001500000000000020000000000
091770480003002001060223103700000000000001290006560000000524000000000000000000000000000000100000000250000000000020000000000
11177048000400200106022310370000040000030000001015000000101500000000000000000000000000101500000000000000
121770480005002001060223103700000000000000000000000000000000000000000000001015000000000000000000000000000000
07177049000000200106022310490000000000000000100000000000000000
091770490001002001060223104900000000000002010013440000000671000000000000000000000000000000100000002150000000000010000000000
091770490002002001060223104900000000000001160005620000000224000000000000000000000000000000100000000670000000000020000000000
091770490003002001060223104900000000000002070011360000000794000000000000000000000000000000100000001990000000000010000000000
091770490004002001060223104900000000000005020000070000000700I 0000000000000000000000000000000000000100000000000020000000000
11177049000500200106022310490000040000040000002389000000238900000000000000000000000000300000000006110000
121770490006002001060223104900000000000000000000000000000000000000000000002389000000000000000000000000000000
14177050000000200106022310500000010000000000
07177051000000200106022310500000000000000000100000000000000000
091770510001002001060223105000000000000002270006760000001013000000000000000000000000000000100000003990000000000010000000000
11177051000200200106022310500000040000010000001013000000101300000000000000000000000000101300000000000000
121770510003002001060223105000000000000000000000000000000000000000000000001013000000000000000000000000000000
07177052000000200106022310540000000000000000100000000000000000
091770520001002001060223105400000000000002070004300000000301000000000000000000000000000000100000001990000000000010000000000
11177052000200200106022310540000040000010000000301000000030100000000000000000000000000030100000000000000
121770520003002001060223105400000000000000000000000000000000000000000000000301000000000000000000000000000000
07177053000000200106022310570000000000000000100000000000000000
091770530001002001060223105700000000000001220022900000001143000000000000000000000000000000100000001500000000000020000000000
091770530002002001060223105700000000000001060001680000000101000000000000000000000000000000100000001500000000000020000000000
091770530003002001060223105700000000000001100011840000000591000000000000000000000000000000100000000500000000000020000000000
11177053000400200106022310570000040000030000001835000000183500000000000000000000000000200000000001650000
121770530005002001060223105700000000000000000000000000000000000000000000001835000000000000000000000000000000
07177054000000200106022311000000000000000000100000000000000000
091770540001002001060223110000000000000001250002800000000140I 0000000000000000000000000000100000000530000000000020000000000
11177054000200200106022311000000040000010000000140000000014000000000000000000000000000014000000000000000
121770540003002001060223110000000000000000000000000000000000000000000000000140000000000000000000000000000000
07177055000000200106022311050000000000000000100000000000000000
091770550001002001060223110500000000000001130017480000001047000000000000000000000000000000100000001500000000000020000000000
091770550002002001060223110500000000000004020000050000000500I 0300000000000000000000000000000000000230000000000030000000000
091770550003002001060223110500000000000005020000200000002000I 0000000000000000000000000000000000000100000000000020000000000
091770550004002001060223110500000000000003040000010000000199000000000000000000000000000000000000000700000000000040000000000
11177055000500200106022311050000040000040000003746000000374600000000000000000000000000374600000000000000
121770550006002001060223110503050000000000000000000000000000000000000000003746000000000000000000000000000000
07177056000000200106022311050000000000000000100000000000000000
091770560001002001060223110500000000000002040002280000000068000000000000000000000000000000100000000500000000000010000000000
11177056000200200106022311050000040000010000000068000000006800000000000000000000000000006800000000000000
121770560003002001060223110500000000000000000000000000000000000000000000000068000000000000000000000000000000
07177057000000200106022311060000000000000000100000000000000000
091770570001002001060223110600000000000003200000010000002000000000000000000000000000000000000000000000000000000050000000000
11177057000200200106022311060000040000010000002000000000200000000000000000000000000000200000000000000000
121770570003002001060223110603020000000000000000000000000000000000000000002000000000000000000000000000000000
07177058000000200106022311080000000000000000100000000000000000
091770580001002001060223110800000000000002250005960000000357000000000000000000000000000000100000002670000000000010000000000
091770580002002001060223110800000000000002040013840000000414000000000000000000000000000000100000000500000000000010000000000
091770580003002001060223110800000000000001080006320000000947000000000000000000000000000000100000001000000000000020000000000
091770580004002001060223110800000000000003030000010000000199000000000000000000000000000000000000000830000000000040000000000
11177058000500200106022311080000040000040000001917000000191700000000000000000000000000191700000000000000
121770580006002001060223110803030000000000000000000000000000000000000000001917000000000000000000000000000000
07177059000000200106022311140000000000000000100000000000000000
091770590001002001060223111400000000000002040001740000000052000000000000000000000000000000100000000500000000000010000000000
11177059000200200106022311140000040000010000000052000000005200000000000000000000000000005200000000000000
121770590003002001060223111403100000000000000000000000000000000000000000000052000000000000000000000000000000
07177060000000200106022311150000000000000000100000000000000000
091770600001002001060223111500000000000005020000020000000200I 0000000000000000000000000000000000000100000000000020000000000
11177060000200200106022311150000040000010000000200000000020000000000000000000000000000020000000000000000
121770600003002001060223111500000000000000000000000000000000000000000000000200000000000000000000000000000000
07177061000000200106022311200000000000000000100000000000000000
091770610001002001060223112000000000000001290013140000001050000000000000000000000000000000100000000250000000000020000000000
11177061000200200106022311200000040000010000001050000000105000000000000000000000000000105000000000000000
121770610003002001060223112000000000000000000000000000000000000000000000001050000000000000000000000000000000
07177062000000200106022311230000000000000000100000000000000000
091770620001002001060223112300000000000003120000010000000199000000000000000000000000000000000000000700000000000040000000000
091770620002002001060223112300000000000003030000010000000199000000000000000000000000000000000000000830000000000040000000000
091770620003002001060223112300000000000001080004980000000747000000000000000000000000000000100000001000000000000020000000000
091770620004002001060223112300000000000001060005320000000319000000000000000000000000000000100000001500000000000020000000000
091770620005002001060223112300000000000001010009440000000754000000000000000000000000000000100000001400000000000020000000000
091770620006002001060223112300000000000001270002880000000288000000000000000000000000000000100000000250000000000020000000000
091770620007002001060223112300000000000001240004380000000657000000000000000000000000000000100000001670000000000020000000000
091770620008002001060223112300000000000001120005120000000665000000000000000000000000000000100000001000000000000020000000000
091770620009002001060223112300000000000001100004040000000202000000000000000000000000000000100000000500000000000020000000000
091770620010002001060223112300000000000001250006080000000303I 0000000000000000000000000000100000000530000000000020000000000
091770620011002001060223112300000000000002250005000000000300000000000000000000000000000000100000002670000000000010000000000
091770620012002001060223112300000000000002150000020000001398000000000000000000000000000000000000000500000000000010000000000
11177062001300200106022311230000040000120000006031000000603100000000000000000000000000603100000000000000
121770620014002001060223112303020000000000000000000000000000000000000000006031000000000000000000000000000000
07177063000000200106022311290000000000000000100000000000000000
091770630001002001060223112900000000000002250047120000002822000000000000000000000000000000100000002670000000000010000000000
11177063000200200106022311290000040000010000002822000000282200000000000000000000000000282200000000000000
121770630003002001060223112903020000000000000000000000000000000000000000002822000000000000000000000000000000
07177064000000200106022311310000000000000000100000000000000000
091770640001002001060223113100000000000003040000010000000199000000000000000000000000000000000000000700000000000040000000000
091770640002002001060223113100000000000005020000020000000200I 0000000000000000000000000000000000000100000000000020000000000
11177064000300200106022311310000040000020000000399000000039900000000000000000000000000039900000000000000
121770640004002001060223113103020000000000000000000000000000000000000000000399000000000000000000000000000000
07177065000000200106022311320000000000000000100000000000000000
091770650001002001060223113200000000000005250000010000000399I 0100000000000000000000000000000000002990000000000080000000000
091770650002002001060223113200000000000005240000010000000499I 0100000000000000000000000000000000004990000000000080000000000
091770650003002001060223113200000000000005240000010000000499I 0100000000000000000000000000000000004990000000000080000000000
11177065000400200106022311320000040000030000001397000000139700000000000000000000000001000000000086030000
121770650005002001060223113200000000000000000000000000000000000000000000001397000000000000000000000000000000
07177066000000200106022311440000000000000000100000000000000000
091770660001002001060223114400000000000001260003120000000249000000000000000000000000000000100000000500000000000020000000000
091770660002002001060223114400000000000001220008560000000427000000000000000000000000000000100000001500000000000020000000000
091770660003002001060223114400000000000001250017300000000863I 0000000000000000000000000000100000000530000000000020000000000
091770660004002001060223114400000000000005020000030000000300I 0000000000000000000000000000000000000100000000000020000000000
091770660005002001060223114400000000000001050007660000000306000000000000000000000000000000100000002000000000000020000000000
091770660006002001060223114400000000000001120006700000000870000000000000000000000000000000100000001000000000000020000000000
091770660007002001060223114400000000000001010007420000000593000000000000000000000000000000100000001400000000000020000000000
091770660008002001060223114400000000000001160013860000000553000000000000000000000000000000100000000670000000000020000000000
091770660009002001060223114400000000000001060004840000000290000000000000000000000000000000100000001500000000000020000000000
091770660010002001060223114400000000000002250005320000000319000000000000000000000000000000100000002670000000000010000000000
091770660011002001060223114400000000000002150000010000000699000000000000000000000000000000000000000500000000000010000000000
091770660012002001060223114400000000000002070007060000000493000000000000000000000000000000100000001990000000000010000000000
091770660013002001060223114400000000000002090003280000000656000000000000000000000000000000100000004720000000000010000000000
091770660014002001060223114400000000000001090000980000000078000000000000000000000000000000100000001500000000000020000000000
091770660015002001060223114400000000000002180000010000000799000000000000000000000000000000000000002990000000000010000000000
091770660016002001060223114400000000000003120000020000000398000000000000000000000000000000000000000700000000000040000000000
091770660017002001060223114400000000000003050000010000000199000000000000000000000000000000000000000700000000000040000000000
11177066001800200106022311440000040000170000008092000000809200000000000000000000000000809200000000000000
121770660019002001060223114400000000000000000000000000000000000000000000008092000000000000000000000000000000
07177067000000200106022311460000000000000000100000000000000000
091770670001002001060223114600000000000002260012660000000758000000000000000000000000000000100000003000000000000010000000000
091770670002002001060223114600000000000002030011040000000551000000000000000000000000000000100000002990000000000010000000000
091770670003002001060223114600000000000002080007420000000296000000000000000000000000000000100000000500000000000010000000000
091770670004002001060223114600000000000002070008040000000562000000000000000000000000000000100000001990000000000010000000000
091770670005002001060223114600000000000002170000010000000899000000000000000000000000000000000000006500000000000010000000000
091770670006002001060223114600000000000001100019180000000957000000000000000000000000000000100000000500000000000020000000000
11177067000700200106022311460000040000060000004023000000402300000000000000000000000000500000000009770000
121770670008002001060223114600000000000000000000000000000000000000000000004023000000000000000000000000000000
07177068000000200106022311480000000000000000100000000000000000
091770680001002001060223114800000000000001280010540000000631000000000000000000000000000000100000000980000000000020000000000
091770680002002001060223114800000000000001080005720000000857000000000000000000000000000000100000001000000000000020000000000
091770680003002001060223114800000000000001190001540000000154000000000000000000000000000000100000003000000000000020000000000
11177068000400200106022311480000040000030000001642000000164200000000000000000000000000164200000000000000
121770680005002001060223114800000000000000000000000000000000000000000000001642000000000000000000000000000000
07177069000000200106022311490000000000000000100000000000000000
091770690001002001060223114900000000000001070002060000000412000000000000000000000000000000100000010000000000000020000000000
11177069000200200106022311490000040000010000000412000000041200000000000000000000000000041200000000000000
121770690003002001060223114900000000000000000000000000000000000000000000000412000000000000000000000000000000
07177070000000200106022311510000000000000000100000000000000000
091770700001002001060223115100000000000002220000010000000399000000000000000000000000000000000000001500000000000010000000000
11177070000200200106022311510000040000010000000399000000039900000000000000000000000000039900000000000000
121770700003002001060223115100000000000000000000000000000000000000000000000399000000000000000000000000000000
061770700004002001060223115100000100000600000000000000000000000000000000000000000000
07177071000000200106022311560000000000000000100000000000000000
091770710001002001060223115600000000000001060003840000000230000000000000000000000000000000100000001500000000000020000000000
11177071000200200106022311560000040000010000000230000000023000000000000000000000000000023000000000000000
121770710003002001060223115600000000000000000000000000000000000000000000000230000000000000000000000000000000
07177072000000200106022311590000000000000000100000000000000000
091770720001002001060223115900000000000001320021540000002583000000000000000000000000000000100000011110000000000020000000000
091770720002002001060223115900000000000005020000020000000200I 0000000000000000000000000000000000000100000000000020000000000
091770720003002001060223115900000000000002080006860000000274000000000000000000000000000000100000000500000000000010000000000
091770720004002001060223115900000000000001070000640000000128000000000000000000000000000000100000010000000000000020000000000
091770720005002001060223115900000000000001050001140000000045000000000000000000000000000000100000002000000000000020000000000
11177072000600200106022311590000040000050000003230000000323000000000000000000000000000500000000017700000
121770720007002001060223115900000000000000000000000000000000000000000000003230000000000000000000000000000000
07177073000000200106022312060000000000000000100000000000000000
091770730001002001060223120600000000000001060002340000000140000000000000000000000000000000100000001500000000000020000000000
091770730002002001060223120600000000000001090000540000000043000000000000000000000000000000100000001500000000000020000000000
091770730003002001060223120600000000000001050000920000000037000000000000000000000000000000100000002000000000000020000000000
11177073000400200106022312060000040000030000000220000000022000000000000000000000000000022000000000000000
121770730005002001060223120600000000000000000000000000000000000000000000000220000000000000000000000000000000
07177074000000200106022312080000000000000000100000000000000000
091770740001002001060223120800000000000001070000800000000160000000000000000000000000000000100000010000000000000020000000000
11177074000200200106022312080000040000010000000160000000016000000000000000000000000000016000000000000000
121770740003002001060223120800000000000000000000000000000000000000000000000160000000000000000000000000000000
07177075000000200106022312090000000000000000100000000000000000
091770750001002001060223120900000000000003030000010000000199000000000000000000000000000000000000000830000000000040000000000
11177075000200200106022312090000040000010000000199000000019900000000000000000000000000019900000000000000
121770750003002001060223120900000000000000000000000000000000000000000000000199000000000000000000000000000000
07177076000000200106022312130000000000000000100000000000000000
091770760001002001060223121300000000000001010005540000000443000000000000000000000000000000100000001400000000000020000000000
091770760002002001060223121300000000000001090001640000000131000000000000000000000000000000100000001500000000000020000000000
091770760003002001060223121300000000000001080003560000000534000000000000000000000000000000100000001000000000000020000000000
11177076000400200106022312130000040000030000001108000000110800000000000000000000000000110800000000000000
121770760005002001060223121303020000000000000000000000000000000000000000001108000000000000000000000000000000
07177077000000200106022312170000000000000000100000000000000000
091770770001002001060223121700000000000002280006600000000329000000000000000000000000000000100000001000000000000010000000000
091770770002002001060223121700000000000001160005200000000207000000000000000000000000000000100000000670000000000020000000000
091770770003002001060223121700000000000001140002820000000225000000000000000000000000000000100000000500000000000020000000000
091770770004002001060223121700000000000001120008940000001161000000000000000000000000000000100000001000000000000020000000000
091770770005002001060223121700000000000001220008380000000418000000000000000000000000000000100000001500000000000020000000000
091770770006002001060223121700000000000002250008260000000495000000000000000000000000000000100000002670000000000010000000000
091770770007002001060223121700000000000002130017960000000717000000000000000000000000000000100000001400000000000010000000000
091770770008002001060223121700000000000002310004700000000940000000000000000000000000000000100000007990000000000010000000000
11177077000900200106022312170000040000080000004492000000449200000000000000000000000000449200000000000000
121770770010002001060223121700000000000000000000000000000000000000000000004492000000000000000000000000000000
07177078000000200106022312180000000000000000100000000000000000
091770780001002001060223121800000000000005120000010000001000I 0100000000000000000000000000000000000000000000000050000000000
11177078000200200106022312180000040000010000001000000000100000000000000000000000000000100000000000000000
121770780003002001060223121800000000000000000000000000000000000000000000001000000000000000000000000000000000
07177079000000200106022312180000000000000000100000000000000000
091770790001002001060223121800000000000002040002640000000079000000000000000000000000000000100000000500000000000010000000000
091770790002002001060223121800000000000001040004400000000308000000000000000000000000000000100000002750000000000020000000000
11177079000300200106022312180000040000020000000387000000038700000000000000000000000000050000000001130000
121770790004002001060223121800000000000000000000000000000000000000000000000387000000000000000000000000000000
07177080000000200106022312190000000000000000100000000000000000
091770800001002001060223121900000000000002140009360000000935000000000000000000000000000000100000001990000000000010000000000
091770800002002001060223121900000000000002070011440000000800000000000000000000000000000000100000001990000000000010000000000
091770800003002001060223121900000000000003010000010000000900000000000000000000000000000000000000006000000000000050000000000
11177080000400200106022312190000040000030000002635000000263500000000000000000000000000263500000000000000
121770800005002001060223121902010000000000000000000000000000000000200000002635000000000000000000000000000000
101770800006002001060223121901000000000000002000000026350000000000000013000004
14177081000000200106022312220000010000000000
07177082000000200106022312220000000000000000100000000000000000
091770820001002001060223122200000000000001070001020000000204000000000000000000000000000000100000010000000000000020000000000
091770820002002001060223122200000000000001070000540000000108000000000000000000000000000000100000010000000000000020000000000
11177082000300200106022312220000040000020000000312000000031200000000000000000000000000031200000000000000
121770820004002001060223122200000000000000000000000000000000000000000000000312000000000000000000000000000000
07177083000000200106022312270000000000000000100000000000000000
091770830001002001060223122700000000000001080003540000000531000000000000000000000000000000100000001000000000000020000000000
11177083000200200106022312270000040000010000000531000000053100000000000000000000000000053100000000000000
121770830003002001060223122700000000000000000000000000000000000000000000000531000000000000000000000000000000
07177084000000200106022312380000000000000000100000000000000000
091770840001002001060223123800000000000005020000010000000100I 0000000000000000000000000000000000000100000000000020000000000
11177084000200200106022312380000040000010000000100000000010000000000000000000000000000010000000000000000
121770840003002001060223123800000000000000000000000000000000000000000000000100000000000000000000000000000000
07177085000000200106022312440000000000000000100000000000000000
091770850001002001060223124400000000000005110000010000001499I 0100000000000000000000000000000000000000000000000050000000000
11177085000200200106022312440000040000010000001499000000149900000000000000000000000000149900000000000000
121770850003002001060223124400000000000000000000000000000000000000000000001499000000000000000000000000000000
07177086000000200106022313030000000000000000100000000000000000
091770860001002001060223130300000000000002220000010000000399000000000000000000000000000000000000001500000000000010000000000
11177086000200200106022313030000040000010000000399000000039900000000000000000000000000039900000000000000
121770860003002001060223130302010000000000000000000000000000000000080000000399000000000000000000000000000000
101770860004002001060223130301000000000000000800000003990000000000000383000004
07177087000000200106022313080000000000000000100000000000000000
091770870001002001060223130800000000000004200000020000000200I 0000000000000000000000000000000000000000000000000030000000000
091770870002002001060223130800000000000002070002840000000199000000000000000000000000000000100000001990000000000010000000000
11177087000300200106022313080000040000020000000399000000039900000000000000000000000000039900000000000000
121770870004002001060223130803020000000000000000000000000000000000000000000399000000000000000000000000000000
07177088000000200106022313170000000000000000100000000000000000
091770880001002001060223131700000000000002240004740000000284000000000000000000000000000000100000001500000000000010000000000
11177088000200200106022313170000040000010000000284000000028400000000000000000000000000028400000000000000
121770880003002001060223131700000000000000000000000000000000000000000000000284000000000000000000000000000000
07177089000000200106022313220000000000000000100000000000000000
091770890001002001060223132200000000000001050002420000000097000000000000000000000000000000100000002000000000000020000000000
091770890002002001060223132200000000000005020000070000000700I 0000000000000000000000000000000000000100000000000020000000000
091770890003002001060223132200000000000005020000010000000100I 0000000000000000000000000000000000000100000000000020000000000
11177089000400200106022313220000040000030000000897000000089700000000000000000000000000089700000000000000
121770890005002001060223132200000000000000000000000000000000000000000000000897000000000000000000000000000000
07177090000000200106022313240000000000000000100000000000000000
091770900001002001060223132400000000000002320000010000000599000000000000000000000000000000000000000500000000000010000000000
091770900002002001060223132400000000000002140010440000001043000000000000000000000000000000100000001990000000000010000000000
091770900003002001060223132400000000000002070003980000000278000000000000000000000000000000100000001990000000000010000000000
11177090000400200106022313240000040000030000001920000000192000000000000000000000000000192000000000000000
121770900005002001060223132400000000000000000000000000000000000000000000001920000000000000000000000000000000
07177091000000200106022313250000000000000000100000000000000000
091770910001002001060223132500000000000002140009800000000979000000000000000000000000000000100000001990000000000010000000000
091770910002002001060223132500000000000002150000020000001398000000000000000000000000000000000000000500000000000010000000000
091770910003002001060223132500000000000005040000040000002396I 0100000000000000000000000000000000000000000000000030000000000
11177091000400200106022313250000040000030000004773000000477300000000000000000000000001000000000052270000
121770910005002001060223132500000000000000000000000000000000000000000000004773000000000000000000000000000000
07177092000000200106022313290000000000000000100000000000000000
091770920001002001060223132900000000000003200000020000004000000000000000000000000000000000000000000000000000000050000000000
091770920002002001060223132900000000000003010000010000000900000000000000000000000000000000000000006000000000000050000000000
11177092000300200106022313290000040000020000004900000000490000000000000000000000000000490000000000000000
121770920004002001060223132903100000000000000000000000000000000000000000004900000000000000000000000000000000
07177093000000200106022313300000000000000000100000000000000000
091770930001002001060223133000000000000003200000010000002000000000000000000000000000000000000000000000000000000050000000000
11177093000200200106022313300000040000010000002000000000200000000000000000000000000000200000000000000000
121770930003002001060223133000000000000000000000000000000000000000000000002000000000000000000000000000000000
061770930004002001060223133100000100000200000000000000000000000000000000000000000000
07177094000000200106022313340000000000000000100000000000000000
091770940001002001060223133400000000000001120004080000000530000000000000000000000000000000100000001000000000000020000000000
091770940002002001060223133400000000000002290000010000000599000000000000000000000000000000000000002500000000000010000000000
11177094000300200106022313340000040000020000001129000000112900000000000000000000000000120000000000710000
121770940004002001060223133400000000000000000000000000000000000000000000001129000000000000000000000000000000
07177095000000200106022313360000000000000000100000000000000000
091770950001002001060223133600000000000002080005520000000220000000000000000000000000000000100000000500000000000010000000000
11177095000200200106022313360000040000010000000220000000022000000000000000000000000000022000000000000000
121770950003002001060223133603020000000000000000000000000000000000000000000220000000000000000000000000000000
07177096000000200106022313460000000000000000100000000000000000
091770960001002001060223134600000000000005080000020000004798I 0100000000000000000000000000000000015000000000000070000000000
091770960002002001060223134600000000000005020000030000000300I 0000000000000000000000000000000000000100000000000020000000000
091770960003002001060223134600000000000002080013340000000532000000000000000000000000000000100000000500000000000010000000000
091770960004002001060223134600000000000003120000010000000199000000000000000000000000000000000000000700000000000040000000000
11177096000500200106022313460000040000040000005829000000582900000000000000000000000000582900000000000000
121770960006002001060223134603070000000000000000000000000000000000000000005829000000000000000000000000000000
07177097000000200106022313480000000000000000100000000000000000
091770970001002001060223134800000000000005080000010000002399I 0100000000000000000000000000000000015000000000000070000000000
11177097000200200106022313480000040000010000002399000000239900000000000000000000000000239900000000000000
121770970003002001060223134803020000000000000000000000000000000000000000002399000000000000000000000000000000
07177098000000200106022314060000000000000000100000000000000000
091770980001002001060223140600000000000001120002820000000366000000000000000000000000000000100000001000000000000020000000000
11177098000200200106022314060000040000010000000366000000036600000000000000000000000000036600000000000000
121770980003002001060223140603020000000000000000000000000000000000000000000366000000000000000000000000000000
07177099000000200106022314120000000000000000100000000000000000
091770990001002001060223141200000000000001050004380000000175000000000000000000000000000000100000002000000000000020000000000
11177099000200200106022314120000040000010000000175000000017500000000000000000000000000050000000003250000
121770990003002001060223141200000000000000000000000000000000000000000000000175000000000000000000000000000000
07177100000000200106022314130000000000000000100000000000000000
091771000001002001060223141300000000000002500011320000001697000000000000000000000000000000100000000000000000000010000000000
091771000002002001060223141300000000000002110005780000000346000000000000000000000000000000100000002990000000000010000000000
11177100000300200106022314130000040000020000002043000000204300000000000000000000000000220000000001570000
121771000004002001060223141300000000000000000000000000000000000000000000002043000000000000000000000000000000
0317710000050020010602231421000001000004
02177100000600200106022314210000010000070000000000
14177101000000200106022314450000010000000000
14177102000000200106022314450000010000000000
07177103000000200106022314480000000000000000100000000000000000
091771030001002001060223144800000000000005020000200000002000I 0000000000000000000000000000000000000100000000000020000000000
091771030002002001060223144800000000000003070000030000000597000000000000000000000000000000000000000100000000000040000000000
11177103000300200106022314480000070000020000002597000000259700000000000000000000000000259700000000000000
121771030004002001060223144803100000000000000000000000000000000000000000002597000000000000000000000000000000
07177104000000200106022315010000000000000000100000000000000000
091771040001002001060223150100000000000020100015840000000474000000000000000000000000000000100000002000000000000010000000000
11177104000200200106022315010000070000010000000474000000047400000000000000000000000000500000000045260000
121771040003002001060223150100000000000000000000000000000000000000000000000474000000000000000000000000000000
14177105000000200106022315130000010000000000
07177106000000200106022315140000000000000000100000000000000000
091771060001002001060223151400000000000001130017940000001075000000000000000000000000000000100000001500000000000020000000000
091771060002002001060223151400000000000001180013140000000918000000000000000000000000000000100000001000000000000020000000000
11177106000300200106022315140000070000020000001993000000199300000000000000000000000001000000000080070000
121771060004002001060223151400000000000000000000000000000000000000000000001993000000000000000000000000000000
07177107000000200106022315200000000000000000100000000000000000
091771070001002001060223152000000000000005080000010000002399I 0100000000000000000000000000000000015000000000000070000000000
11177107000200200106022315200000070000010000002399000000239900000000000000000000000000239900000000000000
121771070003002001060223152003030000000000000000000000000000000000000000002399000000000000000000000000000000
07177108000000200106022315230000000000000000100000000000000000
091771080001002001060223152300000000000005020000070000000700I 0000000000000000000000000000000000000100000000000020000000000
091771080002002001060223152300000000000005020000070000000700I 0000000000000000000000000000000000000100000000000020000000000
091771080003002001060223152300000000000001040005320000000372000000000000000000000000000000100000002750000000000020000000000
091771080004002001060223152300000000000001090001540000000123000000000000000000000000000000100000001500000000000020000000000
091771080005002001060223152300000000000001320004340000000520000000000000000000000000000000100000011110000000000020000000000
091771080006002001060223152300000000000003050000010000000199000000000000000000000000000000000000000700000000000040000000000
091771080007002001060223152300000000000001070001660000000332000000000000000000000000000000100000010000000000000020000000000
11177108000800200106022315230000070000070000002946000000294600000000000000000000000000294600000000000000
121771080009002001060223152303030000000000000000000000000000000000000000002946000000000000000000000000000000
07177109000000200106022315250000000000000000100000000000000000
091771090001002001060223152500000000000001030002440000000171000000000000000000000000000000100000002800000000000020000000000
091771090002002001060223152500000000000002190000010000000599000000000000000000000000000000000000002250000000000010000000000
11177109000300200106022315250000070000020000000770000000077000000000000000000000000000077000000000000000
121771090004002001060223152503030000000000000000000000000000000000000000000770000000000000000000000000000000
07177110000000200106022315370000000000000000100000000000000000
091771100001002001060223153700000000000005020000010000000100I 0000000000000000000000000000000000000100000000000020000000000
091771100002002001060223153700000000000001220002920000000146000000000000000000000000000000100000001500000000000020000000000
091771100003002001060223153700000000000001270004220000000422000000000000000000000000000000100000000250000000000020000000000
11177110000400200106022315370000070000030000000668000000066800000000000000000000000000070000000000320000
121771100005002001060223153700000000000000000000000000000000000000000000000668000000000000000000000000000000
07177111000000200106022315390000000000000000100000000000000000
091771110001002001060223153900000000000001220005680000000283000000000000000000000000000000100000001500000000000020000000000
11177111000200200106022315390000070000010000000283000000028300000000000000000000000000090000000006170000
121771110003002001060223153900000000000000000000000000000000000000000000000283000000000000000000000000000000
18177111000400200106022315400800000008900000000000000000000001
07177112000000200106022315450000000000000000100000000000000000
091771120001002001060223154500000000000002070009640000000674000000000000000000000000000000100000001990000000000010000000000
11177112000200200106022315450000070000010000000674000000067400000000000000000000000000100000000003260000
121771120003002001060223154500000000000000000000000000000000000000000000000674000000000000000000000000000000
07177113000000200106022315520000000000000000100000000000000000
091771130001002001060223155200000000000005040000010000000599I 0100000000000000000000000000000000000000000000000030000000000
11177113000200200106022315520000070000010000000599000000059900000000000000000000000000059900000000000000
121771130003002001060223155200000000000000000000000000000000000000000000000599000000000000000000000000000000
07177114000000200106022316000000000000000000100000000000000000
091771140001002001060223160000000000000003030000010000000199000000000000000000000000000000000000000830000000000040000000000
091771140002002001060223160000000000000003030000010000000199000000000000000000000000000000000000000830000000000040000000000
11177114000300200106022316000000070000020000000398000000039800000000000000000000000000200000000016020000
121771140004002001060223160000000000000000000000000000000000000000000000000398000000000000000000000000000000
07177115000000200106022316040000000000000000100000000000000000
091771150001002001060223160400000000000002070007740000000541000000000000000000000000000000100000001990000000000010000000000
091771150002002001060223160400000000000002110009080000000544000000000000000000000000000000100000002990000000000010000000000
091771150003002001060223160400000000000020100012960000000388000000000000000000000000000000100000002000000000000010000000000
091771150004002001060223160400000000000001040006880000000481000000000000000000000000000000100000002750000000000020000000000
091771150005002001060223160400000000000001110001960000000098000000000000000000000000000000100000002000000000000020000000000
091771150006002001060223160400000000000001010011200000000895000000000000000000000000000000100000001400000000000020000000000
17177115000700200106022316040000000000000800
091771150008002001060223160400000000000001170002180000000087000000000000000000000000000000100000001430000000000020000000000
091771150009002001060223160400000000000001080005340000000800000000000000000000000000000000100000001000000000000020000000000
091771150010002001060223160400000000000001060005760000000345000000000000000000000000000000100000001500000000000020000000000
091771150011002001060223160400000000000001120003320000000431000000000000000000000000000000100000001000000000000020000000000
11177115001200200106022316040000070000100000004610000000461000000000000000000000000000500000000003900000
121771150013002001060223160400000000000000000000000000000000000000000000004610000000000000000000000000000000
07177116000000200106022316070000000000000000100000000000000000
091771160001002001060223160700000000000002110007640000000458000000000000000000000000000000100000002990000000000010000000000
11177116000200200106022316070000070000010000000458000000045800000000000000000000000000060000000001420000
121771160003002001060223160700000000000000000000000000000000000000000000000458000000000000000000000000000000
07177117000000200106022316110000000000000000100000000000000000
091771170001002001060223161100000000000001110005580000000278000000000000000000000000000000100000002000000000000020000000000
11177117000200200106022316110000070000010000000278000000027800000000000000000000000000027800000000000000
121771170003002001060223161102010000000000000000000000000000000000160000000278000000000000000000000000000000
101771170004002001060223161101000000000000001600000002780000000000000634000007
14177118000000200106022316120000010000001348
07177119000000200106022316130000000000000000100000000000000000
091771190001002001060223161300000000000002080010720000000428000000000000000000000000000000100000000500000000000010000000000
17177119000200200106022316130000000000000599
091771190003002001060223161300000000000005020000040000000400I 0000000000000000000000000000000000000100000000000020000000000
11177119000400200106022316130000070000020000000828000000082800000000000000000000000000082800000000000000
121771190005002001060223161303030000000000000000000000000000000000000000000828000000000000000000000000000000
07177120000000200106022316220000000000000000100000000000000000
091771200001002001060223162200000000000002070008080000000565000000000000000000000000000000100000001990000000000010000000000
091771200002002001060223162200000000000002180000010000000799000000000000000000000000000000000000002990000000000010000000000
091771200003002001060223162200000000000002250003900000000234000000000000000000000000000000100000002670000000000010000000000
091771200004002001060223162200000000000002040004880000000146000000000000000000000000000000100000000500000000000010000000000
091771200005002001060223162200000000000002110003600000000216000000000000000000000000000000100000002990000000000010000000000
091771200006002001060223162200000000000002090006980000001395000000000000000000000000000000100000004720000000000010000000000
091771200007002001060223162200000000000002060007560000001511000000000000000000000000000000100000002990000000000010000000000
091771200008002001060223162200000000000003030000010000000199000000000000000000000000000000000000000830000000000040000000000
091771200009002001060223162200000000000003050000010000000199000000000000000000000000000000000000000700000000000040000000000
091771200010002001060223162200000000000003050000010000000199000000000000000000000000000000000000000700000000000040000000000
091771200011002001060223162200000000000001070001760000000352000000000000000000000000000000100000010000000000000020000000000
11177120001200200106022316220000070000110000005815000000581500000000000000000000000000581500000000000000
121771200013002001060223162203100000000000000000000000000000000000000000005815000000000000000000000000000000
07177121000000200106022316230000000000000000100000000000000000
091771210001002001060223162300000000000002190000010000000399000000000000000000000000000000000000002250000000000010000000000
11177121000200200106022316230000070000010000000399000000039900000000000000000000000000200000000016010000
121771210003002001060223162300000000000000000000000000000000000000000000000399000000000000000000000000000000
07177122000000200106022316260000000000000000100000000000000000
091771220001002001060223162600000000000001010025560000002042000000000000000000000000000000100000001400000000000020000000000
091771220002002001060223162600000000000001070003380000000676000000000000000000000000000000100000010000000000000020000000000
11177122000300200106022316260000070000020000002718000000271800000000000000000000000000271800000000000000
121771220004002001060223162603050000000000000000000000000000000000000000002718000000000000000000000000000000
07177123000000200106022316380000000000000000100000000000000000
091771230001002001060223163800000000000001280009640000000577000000000000000000000000000000100000000980000000000020000000000
11177123000200200106022316380000070000010000000577000000057700000000000000000000000000100000000004230000
121771230003002001060223163800000000000000000000000000000000000000000000000577000000000000000000000000000000
07177124000000200106022316400000000000000000100000000000000000
091771240001002001060223164000000000000001290001740000000139000000000000000000000000000000100000000250000000000020000000000
091771240002002001060223164000000000000001050001640000000065000000000000000000000000000000100000002000000000000020000000000
091771240003002001060223164000000000000001070001240000000248000000000000000000000000000000100000010000000000000020000000000
11177124000400200106022316400000070000030000000452000000045200000000000000000000000000200000000015480000
121771240005002001060223164000000000000000000000000000000000000000000000000452000000000000000000000000000000
07177125000000200106022316460000000000000000100000000000000000
091771250001002001060223164600000000000002070016460000001151000000000000000000000000000000100000001990000000000010000000000
091771250002002001060223164600000000000001030010180000000712000000000000000000000000000000100000002800000000000020000000000
091771250003002001060223164600000000000002010015840000000790000000000000000000000000000000100000002150000000000010000000000
11177125000400200106022316460000070000030000002653000000265300000000000000000000000000265300000000000000
121771250005002001060223164603040000000000000000000000000000000000000000002653000000000000000000000000000000
07177126000000200106022316490000000000000000100000000000000000
091771260001002001060223164900000000000002070006780000000474000000000000000000000000000000100000001990000000000010000000000
11177126000200200106022316490000070000010000000474000000047400000000000000000000000000050000000000260000
121771260003002001060223164900000000000000000000000000000000000000000000000474000000000000000000000000000000
07177127000000200106022316550000000000000000100000000000000000
091771270001002001060223165500000000000002170000010000000899000000000000000000000000000000000000006500000000000010000000000
091771270002002001060223165500000000000003010000010000000900000000000000000000000000000000000000006000000000000050000000000
091771270003002001060223165500000000000001040003320000000232000000000000000000000000000000100000002750000000000020000000000
091771270004002001060223165500000000000001080002680000000402000000000000000000000000000000100000001000000000000020000000000
091771270005002001060223165500000000000001170001960000000078000000000000000000000000000000100000001430000000000020000000000
091771270006002001060223165500000000000001100004400000000220000000000000000000000000000000100000000500000000000020000000000
091771270007002001060223165500000000000003030000010000000199000000000000000000000000000000000000000830000000000040000000000
091771270008002001060223165500000000000005020000010000000100I 0000000000000000000000000000000000000100000000000020000000000
091771270009002001060223165500000000000001240003300000000495000000000000000000000000000000100000001670000000000020000000000
091771270010002001060223165500000000000001010006620000000529000000000000000000000000000000100000001400000000000020000000000
11177127001100200106022316550000070000100000004054000000405400000000000000000000000000405400000000000000
121771270012002001060223165503050000000000000000000000000000000000000000004054000000000000000000000000000000
07177128000000200106022317090000000000000000100000000000000000
091771280001002001060223170900000000000002070004860000000340000000000000000000000000000000100000001990000000000010000000000
091771280002002001060223170900000000000001250003100000000155I 0000000000000000000000000000100000000530000000000020000000000
091771280003002001060223170900000000000001220004720000000236000000000000000000000000000000100000001500000000000020000000000
091771280004002001060223170900000000000001090001000000000080000000000000000000000000000000100000001500000000000020000000000
11177128000500200106022317090000070000040000000811000000081100000000000000000000000000081100000000000000
121771280006002001060223170903040000000000000000000000000000000000000000000811000000000000000000000000000000
07177129000000200106022317110000000000000000100000000000000000
091771290001002001060223171100000000000002070008720000000610000000000000000000000000000000100000001990000000000010000000000
091771290002002001060223171100000000000002090001160000000232000000000000000000000000000000100000004720000000000010000000000
11177129000300200106022317110000070000020000000842000000084200000000000000000000000000084200000000000000
121771290004002001060223171103100000000000000000000000000000000000000000000842000000000000000000000000000000
07177130000000200106022317150000000000000000100000000000000000
091771300001002001060223171500000000000001050005740000000229000000000000000000000000000000100000002000000000000020000000000
11177130000200200106022317150000070000010000000229000000022900000000000000000000000000050000000002710000
121771300003002001060223171500000000000000000000000000000000000000000000000229000000000000000000000000000000
07177131000000200106022317180000000000000000100000000000000000
091771310001002001060223171800000000000002150000010000000699000000000000000000000000000000000000000500000000000010000000000
091771310002002001060223171800000000000003040000010000000199000000000000000000000000000000000000000700000000000040000000000
11177131000300200106022317180000070000020000000898000000089800000000000000000000000000200000000011020000
121771310004002001060223171800000000000000000000000000000000000000000000000898000000000000000000000000000000
07177132000000200106022317220000000000000000100000000000000000
091771320001002001060223172200000000000001050001280000000051000000000000000000000000000000100000002000000000000020000000000
091771320002002001060223172200000000000001290002220000000177000000000000000000000000000000100000000250000000000020000000000
091771320003002001060223172200000000000001090001160000000093000000000000000000000000000000100000001500000000000020000000000
11177132000400200106022317220000070000030000000321000000032100000000000000000000000000032100000000000000
121771320005002001060223172200000000000000000000000000000000000000000000000321000000000000000000000000000000
07177133000000200106022317250000000000000000100000000000000000
091771330001002001060223172500000000000001050005420000000216000000000000000000000000000000100000002000000000000020000000000
11177133000200200106022317250000070000010000000216000000021600000000000000000000000000040000000001840000
121771330003002001060223172500000000000000000000000000000000000000000000000216000000000000000000000000000000
07177134000000200106022317270000000000000000100000000000000000
091771340001002001060223172700000000000001110002480000000124000000000000000000000000000000100000002000000000000020000000000
091771340002002001060223172700000000000002010004240000000212000000000000000000000000000000100000002150000000000010000000000
091771340003002001060223172700000000000001060004680000000280000000000000000000000000000000100000001500000000000020000000000
11177134000400200106022317270000070000030000000616000000061600000000000000000000000000061600000000000000
121771340005002001060223172703100000000000000000000000000000000000000000000616000000000000000000000000000000
07177135000000200106022317270000000000000000100000000000000000
091771350001002001060223172700000000000005020000010000000100I 0000000000000000000000000000000000000100000000000020000000000
091771350002002001060223172700000000000005020000010000000100I 0000000000000000000000000000000000000100000000000020000000000
11177135000300200106022317270000070000020000000200000000020000000000000000000000000000020000000000000000
121771350004002001060223172700000000000000000000000000000000000000000000000200000000000000000000000000000000
07177136000000200106022317270000000000000000100000000000000000
091771360001002001060223172700000000000005020000010000000100I 0000000000000000000000000000000000000100000000000020000000000
11177136000200200106022317270000070000010000000100000000010000000000000000000000000000010000000000000000
121771360003002001060223172700000000000000000000000000000000000000000000000100000000000000000000000000000000
07177137000000200106022317270000000000000000100000000000000000
091771370001002001060223172700000000000002040001220000000036000000000000000000000000000000100000000500000000000010000000000
11177137000200200106022317270000070000010000000036000000003600000000000000000000000000010000000000640000
121771370003002001060223172700000000000000000000000000000000000000000000000036000000000000000000000000000000
07177138000000200106022317350000000000000000100000000000000000
091771380001002001060223173500000000000002070006720000000470000000000000000000000000000000100000001990000000000010000000000
11177138000200200106022317350000070000010000000470000000047000000000000000000000000000047000000000000000
121771380003002001060223173503040000000000000000000000000000000000000000000470000000000000000000000000000000
07177139000000200106022317410000000000000000100000000000000000
091771390001002001060223174100000000000001080004100000000615000000000000000000000000000000100000001000000000000020000000000
11177139000200200106022317410000070000010000000615000000061500000000000000000000000000070000000000850000
121771390003002001060223174100000000000000000000000000000000000000000000000615000000000000000000000000000000
14177140000000200106022317450000010000000000
07177141000000200106022317460000000000000000100000000000000000
091771410001002001060223174600000000000003190000010000000450000000000000000000000000000000000000002000000000000050000000000
11177141000200200106022317460000070000010000000450000000045000000000000000000000000000045000000000000000
121771410003002001060223174600000000000000000000000000000000000000000000000450000000000000000000000000000000
07177142000000200106022317480000000000000000100000000000000000
091771420001002001060223174800000000000003040000010000000199000000000000000000000000000000000000000700000000000040000000000
11177142000200200106022317480000070000010000000199000000019900000000000000000000000000019900000000000000
121771420003002001060223174800000000000000000000000000000000000000000000000199000000000000000000000000000000
07177143000000200106022317490000000000000000100000000000000000
091771430001002001060223174900000000000002040003460000000103000000000000000000000000000000100000000500000000000010000000000
11177143000200200106022317490000070000010000000103000000010300000000000000000000000000020000000000970000
121771430003002001060223174900000000000000000000000000000000000000000000000103000000000000000000000000000000
07177144000000200106022317530000000000000000100000000000000000
091771440001002001060223175300000000000001020007220000000181000000000000000000000000000000100000001200000000000020000000000
11177144000200200106022317530000070000010000000181000000018100000000000000000000000000050000000003190000
121771440003002001060223175300000000000000000000000000000000000000000000000181000000000000000000000000000000
07177145000000200106022318010000000000000000100000000000000000
091771450001002001060223180100000000000005040000010000000599I 0100000000000000000000000000000000000000000000000030000000000
091771450002002001060223180100000000000005040000010000000599I 0100000000000000000000000000000000000000000000000030000000000
11177145000300200106022318010000070000020000001198000000119800000000000000000000000000119800000000000000
121771450004002001060223180103030000000000000000000000000000000000000000001198000000000000000000000000000000
07177146000000200106022318030000000000000000100000000000000000
091771460001002001060223180300000000000001100004420000000221000000000000000000000000000000100000000500000000000020000000000
091771460002002001060223180300000000000001070001800000000360000000000000000000000000000000100000010000000000000020000000000
091771460003002001060223180300000000000001040001380000000096000000000000000000000000000000100000002750000000000020000000000
091771460004002001060223180300000000000001180001560000000109000000000000000000000000000000100000001000000000000020000000000
091771460005002001060223180300000000000001080002560000000384000000000000000000000000000000100000001000000000000020000000000
091771460006002001060223180300000000000003040000010000000199000000000000000000000000000000000000000700000000000040000000000
091771460007002001060223180300000000000004020000010000000100I 0300000000000000000000000000000000000230000000000030000000000
091771460008002001060223180300000000000004010000010000000100I 0300000000000000000000000000000000000000000000000030000000000
11177146000900200106022318030000070000080000001569000000156900000000000000000000000000200000000004310000
121771460010002001060223180300000000000000000000000000000000000000000000001569000000000000000000000000000000
07177147000000200106022318100000000000000000100000000000000000
091771470001002001060223181000000000000001020014020000000351000000000000000000000000000000100000001200000000000020000000000
11177147000200200106022318100000070000010000000351000000035100000000000000000000000000035100000000000000
121771470003002001060223181000000000000000000000000000000000000000000000000351000000000000000000000000000000
07177148000000200106022318370000000000000000100000000000000000
091771480001002001060223183700000000000001100004140000000207000000000000000000000000000000100000000500000000000020000000000
091771480002002001060223183700000000000001160003080000000123000000000000000000000000000000100000000670000000000020000000000
091771480003002001060223183700000000000001040007640000000534000000000000000000000000000000100000002750000000000020000000000
091771480004002001060223183700000000000001090002400000000192000000000000000000000000000000100000001500000000000020000000000
091771480005002001060223183700000000000001070000600000000120000000000000000000000000000000100000010000000000000020000000000
11177148000600200106022318370000070000050000001176000000117600000000000000000000000000120000000000240000
121771480007002001060223183700000000000000000000000000000000000000000000001176000000000000000000000000000000
07177149000000200106022318370000000000000000100000000000000000
091771490001002001060223183700000000000003040000010000000199000000000000000000000000000000000000000700000000000040000000000
091771490002002001060223183700000000000003050000010000000199000000000000000000000000000000000000000700000000000040000000000
11177149000300200106022318370000070000020000000398000000039800000000000000000000000000050000000001020000
121771490004002001060223183700000000000000000000000000000000000000000000000398000000000000000000000000000000
07177150000000200106022318410000000000000000100000000000000000
091771500001002001060223184100000000000003030000010000000199000000000000000000000000000000000000000830000000000040000000000
11177150000200200106022318410000070000010000000199000000019900000000000000000000000000019900000000000000
121771500003002001060223184103090000000000000000000000000000000000000000000199000000000000000000000000000000
07177151000000200106022318450000000000000000100000000000000000
091771510001002001060223184500000000000002070008400000000587000000000000000000000000000000100000001990000000000010000000000
091771510002002001060223184500000000000002010009660000000482000000000000000000000000000000100000002150000000000010000000000
091771510003002001060223184500000000000002170000010000000899000000000000000000000000000000000000006500000000000010000000000
11177151000400200106022318450000070000030000001968000000196800000000000000000000000000196800000000000000
121771510005002001060223184503040000000000000000000000000000000000000000001968000000000000000000000000000000
07177152000000200106022318460000000000000000100000000000000000
091771520001002001060223184600000000000002070010180000000712000000000000000000000000000000100000001990000000000010000000000
091771520002002001060223184600000000000002290000010000000599000000000000000000000000000000000000002500000000000010000000000
11177152000300200106022318460000070000020000001311000000131100000000000000000000000000200000000006890000
121771520004002001060223184600000000000000000000000000000000000000000000001311000000000000000000000000000000
07177153000000200106022318470000000000000000100000000000000000
091771530001002001060223184700000000000003040000010000000199000000000000000000000000000000000000000700000000000040000000000
091771530002002001060223184700000000000003050000010000000199000000000000000000000000000000000000000700000000000040000000000
11177153000300200106022318470000070000020000000398000000039800000000000000000000000000039800000000000000
121771530004002001060223184700000000000000000000000000000000000000000000000398000000000000000000000000000000
14177154000000200106022318500000010000000000
07177155000000200106022318540000000000000000100000000000000000
091771550001002001060223185400000000000002080007980000000318000000000000000000000000000000100000000500000000000010000000000
091771550002002001060223185400000000000001080004600000000690000000000000000000000000000000100000001000000000000020000000000
091771550003002001060223185400000000000001270003700000000370000000000000000000000000000000100000000250000000000020000000000
091771550004002001060223185400000000000001170003140000000125000000000000000000000000000000100000001430000000000020000000000
091771550005002001060223185400000000000001060004740000000284000000000000000000000000000000100000001500000000000020000000000
17177155000600200106022318540000000000000200
091771550007002001060223185400000000000005240000010000000499I 0100000000000000000000000000000000004990000000000080000000000
091771550008002001060223185400000000000001120003260000000423000000000000000000000000000000100000001000000000000020000000000
091771550009002001060223185400000000000001070002580000000516000000000000000000000000000000100000010000000000000020000000000
091771550010002001060223185400000000000001220008060000000402000000000000000000000000000000100000001500000000000020000000000
091771550011002001060223185400000000000005250000010000000399I 0100000000000000000000000000000000002990000000000080000000000
091771550012002001060223185400000000000001010010640000000850000000000000000000000000000000100000001400000000000020000000000
091771550013002001060223185400000000000001050002540000000101000000000000000000000000000000100000002000000000000020000000000
11177155001400200106022318540000070000120000004977000000497700000000000000000000000000497700000000000000
121771550015002001060223185403040000000000000000000000000000000000000000004977000000000000000000000000000000
14177156000000200106022319050000010000000000
07177157000000200106022319060000000000000000100000000000000000
091771570001002001060223190600000000000005250000040000001596I 0100000000000000000000000000000000002990000000000080000000000
091771570002002001060223190600000000000005250000010000000399I 0100000000000000000000000000000000002990000000000080000000000
11177157000300200106022319060000070000020000001995000000199500000000000000000000000000199500000000000000
121771570004002001060223190603060000000000000000000000000000000000000000001995000000000000000000000000000000
07177158000000200106022319120000000000000000100000000000000000
091771580001002001060223191200000000000004020000010000000100I 0300000000000000000000000000000000000230000000000030000000000
11177158000200200106022319120000070000010000000100000000010000000000000000000000000000100000000009000000
121771580003002001060223191200000000000000000000000000000000000000000000000100000000000000000000000000000000
07177159000000200106022319170000000000000000100000000000000000
091771590001002001060223191700000000000001090001180000000094000000000000000000000000000000100000001500000000000020000000000
091771590002002001060223191700000000000001050001120000000045000000000000000000000000000000100000002000000000000020000000000
091771590003002001060223191700000000000001290001180000000094000000000000000000000000000000100000000250000000000020000000000
091771590004002001060223191700000000000003050000010000000199000000000000000000000000000000000000000700000000000040000000000
11177159000500200106022319170000070000040000000432000000043200000000000000000000000000050000000000680000
121771590006002001060223191700000000000000000000000000000000000000000000000432000000000000000000000000000000
07177160000000200106022319180000000000000000100000000000000000
091771600001002001060223191800000000000002130010040000000401000000000000000000000000000000100000001400000000000010000000000
11177160000200200106022319180000070000010000000401000000040100000000000000000000000000200000000015990000
121771600003002001060223191800000000000000000000000000000000000000000000000401000000000000000000000000000000
07177161000000200106022319220000000000000000100000000000000000
091771610001002001060223192200000000000001010007020000000561000000000000000000000000000000100000001400000000000020000000000
091771610002002001060223192200000000000001070000640000000128000000000000000000000000000000100000010000000000000020000000000
11177161000300200106022319220000070000020000000689000000068900000000000000000000000000100000000003110000
121771610004002001060223192200000000000000000000000000000000000000000000000689000000000000000000000000000000
07177162000000200106022319240000000000000000100000000000000000
091771620001002001060223192400000000000001280004500000000270000000000000000000000000000000100000000980000000000020000000000
091771620002002001060223192400000000000001050005040000000201000000000000000000000000000000100000002000000000000020000000000
091771620003002001060223192400000000000001160005680000000227000000000000000000000000000000100000000670000000000020000000000
11177162000400200106022319240000070000030000000698000000069800000000000000000000000000200000000013020000
121771620005002001060223192400000000000000000000000000000000000000000000000698000000000000000000000000000000
07177163000000200106022319290000000000000000100000000000000000
091771630001002001060223192900000000000001100004780000000239000000000000000000000000000000100000000500000000000020000000000
091771630002002001060223192900000000000002090006540000001307000000000000000000000000000000100000004720000000000010000000000
091771630003002001060223192900000000000002080013460000000537000000000000000000000000000000100000000500000000000010000000000
11177163000400200106022319290000070000030000002083000000208300000000000000000000000000208300000000000000
121771630005002001060223192903040000000000000000000000000000000000000000002083000000000000000000000000000000
07177164000000200106022319300000000000000000100000000000000000
091771640001002001060223193000000000000002040003760000000112000000000000000000000000000000100000000500000000000010000000000
091771640002002001060223193000000000000002480002560000000256000000000000000000000000000000100000002000000000000050000000000
091771640003002001060223193000000000000001070000740000000148000000000000000000000000000000100000010000000000000020000000000
11177164000400200106022319300000070000030000000516000000051600000000000000000000000000051600000000000000
121771640005002001060223193003040000000000000000000000000000000000000000000516000000000000000000000000000000
07177165000000200106022319310000000000000000100000000000000000
091771650001002001060223193100000000000020100011920000000356000000000000000000000000000000100000002000000000000010000000000
091771650002002001060223193100000000000001050004140000000165000000000000000000000000000000100000002000000000000020000000000
11177165000300200106022319310000070000020000000521000000052100000000000000000000000000200000000014790000
121771650004002001060223193100000000000000000000000000000000000000000000000521000000000000000000000000000000
07177166000000200106022319330000000000000000100000000000000000
091771660001002001060223193300000000000003050000010000000199000000000000000000000000000000000000000700000000000040000000000
091771660002002001060223193300000000000003050000010000000199000000000000000000000000000000000000000700000000000040000000000
091771660003002001060223193300000000000001290003920000000313000000000000000000000000000000100000000250000000000020000000000
091771660004002001060223193300000000000001050004500000000180000000000000000000000000000000100000002000000000000020000000000
11177166000500200106022319330000070000040000000891000000089100000000000000000000000000089100000000000000
121771660006002001060223193300000000000000000000000000000000000000000000000891000000000000000000000000000000
14177167000000200106022319360000010000000282
07177168000000200106022319380000000000000000100000000000000000
091771680001002001060223193800000000000002040004880000000146000000000000000000000000000000100000000500000000000010000000000
091771680002002001060223193800000000000001070000680000000136000000000000000000000000000000100000010000000000000020000000000
091771680003002001060223193800000000000002070011040000000772000000000000000000000000000000100000001990000000000010000000000
11177168000400200106022319380000070000030000001054000000105400000000000000000000000000105400000000000000
121771680005002001060223193800000000000000000000000000000000000000000000001054000000000000000000000000000000
07177169000000200106022319410000000000000000100000000000000000
091771690001002001060223194100000000000005380000100000000990000000000000000000000000000000000000000000000000000060000000000
11177169000200200106022319410000070000010000000990000000099000000000000000000000000000099000000000000000
121771690003002001060223194103110000000000000000000000000000000000000000000990000000000000000000000000000000
07177170000000200106022319480000000000000000100000000000000000
091771700001002001060223194800000000000001050004020000000160000000000000000000000000000000100000002000000000000020000000000
091771700002002001060223194800000000000001290004940000000395000000000000000000000000000000100000000250000000000020000000000
11177170000300200106022319480000070000020000000555000000055500000000000000000000000000100000000004450000
121771700004002001060223194800000000000000000000000000000000000000000000000555000000000000000000000000000000
07177171000000200106022319540000000000000000100000000000000000
091771710001002001060223195400000000000003200000010000002000000000000000000000000000000000000000000000000000000050000000000
091771710002002001060223195400000000000001070001980000000396000000000000000000000000000000100000010000000000000020000000000
091771710003002001060223195400000000000001010016680000001333000000000000000000000000000000100000001400000000000020000000000
091771710004002001060223195400000000000001040014760000001032000000000000000000000000000000100000002750000000000020000000000
091771710005002001060223195400000000000002070009820000000686000000000000000000000000000000100000001990000000000010000000000
11177171000600200106022319540000070000050000005447000000544700000000000000000000000000544700000000000000
121771710007002001060223195403060000000000000000000000000000000000000000005447000000000000000000000000000000
07177172000000200106022319580000000000000000100000000000000000
091771720001002001060223195800000000000001120007440000000966000000000000000000000000000000100000001000000000000020000000000
091771720002002001060223195800000000000002030012740000000636000000000000000000000000000000100000002990000000000010000000000
091771720003002001060223195800000000000001040005260000000368000000000000000000000000000000100000002750000000000020000000000
091771720004002001060223195800000000000002070007480000000523000000000000000000000000000000100000001990000000000010000000000
11177172000500200106022319580000070000040000002493000000249300000000000000000000000000500000000025070000
121771720006002001060223195800000000000000000000000000000000000000000000002493000000000000000000000000000000
07177173000000200106022320000000000000000000100000000000000000
091771730001002001060223200000000000000001080001760000000264000000000000000000000000000000100000001000000000000020000000000
091771730002002001060223200000000000000001010006600000000527000000000000000000000000000000100000001400000000000020000000000
091771730003002001060223200000000000000001070001440000000288000000000000000000000000000000100000010000000000000020000000000
091771730004002001060223200000000000000001040001680000000117000000000000000000000000000000100000002750000000000020000000000
091771730005002001060223200000000000000003050000010000000199000000000000000000000000000000000000000700000000000040000000000
11177173000600200106022320000000070000050000001395000000139500000000000000000000000000139500000000000000
121771730007002001060223200003070000000000000000000000000000000000000000001395000000000000000000000000000000
07177174000000200106022320010000000000000000100000000000000000
091771740001002001060223200100000000000003190000010000000450000000000000000000000000000000000000002000000000000050000000000
091771740002002001060223200100000000000003040000010000000199000000000000000000000000000000000000000700000000000040000000000
11177174000300200106022320010000070000020000000649000000064900000000000000000000000000064900000000000000
121771740004002001060223200103030000000000000000000000000000000000000000000649000000000000000000000000000000
07177175000000200106022320020000000000000000100000000000000000
091771750001002001060223200200000000000002040002060000000062000000000000000000000000000000100000000500000000000010000000000
11177175000200200106022320020000070000010000000062000000006200000000000000000000000000006200000000000000
121771750003002001060223200200000000000000000000000000000000000000000000000062000000000000000000000000000000
07177176000000200106022320040000000000000000100000000000000000
091771760001002001060223200400000000000020100016940000000507000000000000000000000000000000100000002000000000000010000000000
091771760002002001060223200400000000000002040006260000000187000000000000000000000000000000100000000500000000000010000000000
091771760003002001060223200400000000000003050000010000000199000000000000000000000000000000000000000700000000000040000000000
091771760004002001060223200400000000000003030000010000000199000000000000000000000000000000000000000830000000000040000000000
11177176000500200106022320040000070000040000001092000000109200000000000000000000000000109200000000000000
121771760006002001060223200403040000000000000000000000000000000000000000001092000000000000000000000000000000
07177177000000200106022320360000000000000000100000000000000000
091771770001002001060223203600000000000001050006180000000247000000000000000000000000000000100000002000000000000020000000000
091771770002002001060223203600000000000005020000010000000100I 0000000000000000000000000000000000000100000000000020000000000
091771770003002001060223203600000000000001070001300000000260000000000000000000000000000000100000010000000000000020000000000
11177177000400200106022320360000070000030000000607000000060700000000000000000000000000200000000013930000
121771770005002001060223203600000000000000000000000000000000000000000000000607000000000000000000000000000000
07177178000000200106022320410000000000000000100000000000000000
091771780001002001060223204100000000000001170003840000000153000000000000000000000000000000100000001430000000000020000000000
091771780002002001060223204100000000000002220000010000000399000000000000000000000000000000000000001500000000000010000000000
11177178000300200106022320410000070000020000000552000000055200000000000000000000000000055200000000000000
121771780004002001060223204103040000000000000000000000000000000000000000000552000000000000000000000000000000
07177179000000200106022320460000000000000000100000000000000000
091771790001002001060223204600000000000001070001380000000276000000000000000000000000000000100000010000000000000020000000000
091771790002002001060223204600000000000002040004580000000137000000000000000000000000000000100000000500000000000010000000000
091771790003002001060223204600000000000001070000580000000116000000000000000000000000000000100000010000000000000020000000000
11177179000400200106022320460000070000030000000529000000052900000000000000000000000000052900000000000000
121771790005002001060223204600000000000000000000000000000000000000000000000529000000000000000000000000000000
07177180000000200106022320520000000000000000100000000000000000
091771800001002001060223205200000000000001070002080000000416000000000000000000000000000000100000010000000000000020000000000
11177180000200200106022320520000070000010000000416000000041600000000000000000000000000041600000000000000
121771800003002001060223205203030000000000000000000000000000000000000000000416000000000000000000000000000000
061771800004002001060223210100000100000300000000000000000000000000000000000000000000
07177181000000200106022321030000000000000000100000000000000000
091771810001002001060223210300000000000003040000010000000199000000000000000000000000000000000000000700000000000040000000000
11177181000200200106022321030000070000010000000199000000019900000000000000000000000000019900000000000000
121771810003002001060223210300000000000000000000000000000000000000000000000199000000000000000000000000000000
14177182000000200106022321130000010000005668
07177183000000200106022321140000000000000000100000000000000000
091771830001002001060223211400000000000001290003420000000273000000000000000000000000000000100000000250000000000020000000000
091771830002002001060223211400000000000001050001860000000074000000000000000000000000000000100000002000000000000020000000000
11177183000300200106022321140000070000020000000347000000034700000000000000000000000000034700000000000000
121771830004002001060223211402010000000000000000000000000000000000210000000347000000000000000000000000000000
101771830005002001060223211401000000000000002100000003470000000000000196000007
07177184000000200106022321160000000000000000100000000000000000
091771840001002001060223211600000000000003030000010000000199000000000000000000000000000000000000000830000000000040000000000
091771840002002001060223211600000000000005020000070000000700I 0000000000000000000000000000000000000100000000000020000000000
11177184000300200106022321160000070000020000000899000000089900000000000000000000000000200000000011010000
121771840004002001060223211600000000000000000000000000000000000000000000000899000000000000000000000000000000
0417718500000020010602232116000001177020177185000001884900430000018870449806022300001974590000000000000000000000000072980001000000000000000000000000000000000000000000000000000000000000000000000000000000001234567890AB        
