01176855000000200105022307060000010000013500000001882924811.82G5E   1234567890AB        Generica            
02176855000100200105022307060000010000040000000000
07176856000000200105022307180000000000000000100000000000000000
091768560001002001050223071800000000000005020000010000000100I 0000000000000000000000000000000000000100000000000020000000000
091768560002002001050223071800000000000002080003380000000169000000000000000000000000000000100000000500000000000010000000000
11176856000300200105022307180000040000020000000269000000026900000000000000000000000000026900000000000000
121768560004002001050223071800000000000000000000000000000000000000000000000269000000000000000000000000000000
07176857000000200105022307250000000000000000100000000000000000
091768570001002001050223072500000000000001010019040000000950000000000000000000000000000000100000001400000000000020000000000
091768570002002001050223072500000000000003050000020000000398000000000000000000000000000000000000000700000000000040000000000
11176857000300200105022307250000040000020000001348000000134800000000000000000000000000134800000000000000
121768570004002001050223072500000000000000000000000000000000000000000000001348000000000000000000000000000000
18176857000500200105022307270200000008990000000000000000000001
07176858000000200105022307420000000000000000100000000000000000
091768580001002001050223074200000000000002070018460000001475000000000000000000000000000000100000001990000000000010000000000
091768580002002001050223074200000000000001070001520000000304000000000000000000000000000000100000010000000000000020000000000
091768580003002001050223074200000000000003050000010000000199000000000000000000000000000000000000000700000000000040000000000
091768580004002001050223074200000000000001080004320000000648000000000000000000000000000000100000001000000000000020000000000
091768580005002001050223074200000000000003030000010000000199000000000000000000000000000000000000000830000000000040000000000
091768580006002001050223074200000000000001010009840000000491000000000000000000000000000000100000001400000000000020000000000
091768580007002001050223074200000000000001150003800000000266000000000000000000000000000000100000001000000000000020000000000
091768580008002001050223074200000000000001140004360000000436000000000000000000000000000000100000000500000000000020000000000
091768580009002001050223074200000000000002300002440000000366000000000000000000000000000000100000005500000000000010000000000
091768580010002001050223074200000000000002340002520000000504000000000000000000000000000000100000004170000000000010000000000
091768580011002001050223074200000000000002330002120000000636000000000000000000000000000000100000020000000000000010000000000
091768580012002001050223074200000000000003010000010000000900000000000000000000000000000000000000006000000000000050000000000
091768580013002001050223074200000000000005120000010000001000I 0100000000000000000000000000000000000000000000000050000000000
11176858001400200105022307420000040000130000007424000000742400000000000000000000000000742400000000000000
121768580015002001050223074203010000000000000000000000000000000000000000007424000000000000000000000000000000
07176859000000200105022307460000000000000000100000000000000000
091768590001002001050223074600000000000001010010020000000500000000000000000000000000000000100000001400000000000020000000000
11176859000200200105022307460000040000010000000500000000050000000000000000000000000000050000000000000000
121768590003002001050223074600000000000000000000000000000000000000000000000500000000000000000000000000000000
07176860000000200105022307490000000000000000100000000000000000
091768600001002001050223074900000000000003120000010000000199000000000000000000000000000000000000000700000000000040000000000
11176860000200200105022307490000040000010000000199000000019900000000000000000000000000100000000008010000
121768600003002001050223074900000000000000000000000000000000000000000000000199000000000000000000000000000000
07176861000000200105022307530000000000000000100000000000000000
091768610001002001050223075300000000000001290002260000000181000000000000000000000000000000100000000250000000000020000000000
091768610002002001050223075300000000000003030000010000000199000000000000000000000000000000000000000830000000000040000000000
11176861000300200105022307530000040000020000000380000000038000000000000000000000000000038000000000000000
121768610004002001050223075300000000000000000000000000000000000000000000000380000000000000000000000000000000
101768610005002001050223075951000000000000002700000100000000000000000379000004
131768610000002001050223075900000000000003790000000000000027000000000001000000000000000000010000
07176862000000200105022308020000000000000000100000000000000000
091768620001002001050223080200000000000005020000010000000100I 0000000000000000000000000000000000000100000000000020000000000
091768620002002001050223080200000000000001170002340000000093000000000000000000000000000000100000001430000000000020000000000
11176862000300200105022308020000040000020000000193000000019300000000000000000000000000019300000000000000
121768620004002001050223080203010000000000000000000000000000000000000000000193000000000000000000000000000000
07176863000000200105022308120000000000000000100000000000000000
091768630001002001050223081200000000000002240007200000000431000000000000000000000000000000100000001500000000000010000000000
091768630002002001050223081200000000000003010000010000000900000000000000000000000000000000000000006000000000000050000000000
11176863000300200105022308120000040000020000001331000000133100000000000000000000000000133100000000000000
121768630004002001050223081200000000000000000000000000000000000000000000001331000000000000000000000000000000
07176864000000200105022308150000000000000000100000000000000000
091768640001002001050223081500000000000001050004000000000160000000000000000000000000000000100000002000000000000020000000000
11176864000200200105022308150000040000010000000160000000016000000000000000000000000000016000000000000000
121768640003002001050223081500000000000000000000000000000000000000000000000160000000000000000000000000000000
07176865000000200105022308190000000000000000100000000000000000
091768650001002001050223081900000000000002070019000000001518000000000000000000000000000000100000001990000000000010000000000
091768650002002001050223081900000000000001060011980000000718000000000000000000000000000000100000001500000000000020000000000
091768650003002001050223081900000000000001140008400000000839000000000000000000000000000000100000000500000000000020000000000
11176865000400200105022308190000040000030000003075000000307500000000000000000000000000307500000000000000
121768650005002001050223081903060000000000000000000000000000000000000000003075000000000000000000000000000000
07176866000000200105022308220000000000000000100000000000000000
091768660001002001050223082200000000000002070007880000000630000000000000000000000000000000100000001990000000000010000000000
11176866000200200105022308220000040000010000000630000000063000000000000000000000000000070000000000700000
121768660003002001050223082200000000000000000000000000000000000000000000000630000000000000000000000000000000
07176867000000200105022308260000000000000000100000000000000000
091768670001002001050223082600000000000001010006380000000318000000000000000000000000000000100000001400000000000020000000000
091768670002002001050223082600000000000001060002340000000140000000000000000000000000000000100000001500000000000020000000000
091768670003002001050223082600000000000001040002440000000171000000000000000000000000000000100000002750000000000020000000000
091768670004002001050223082600000000000001090001080000000086000000000000000000000000000000100000001500000000000020000000000
091768670005002001050223082600000000000001290004700000000376000000000000000000000000000000100000000250000000000020000000000
11176867000600200105022308260000040000050000001091000000109100000000000000000000000000109100000000000000
121768670007002001050223082603010000000000000000000000000000000000000000001091000000000000000000000000000000
07176868000000200105022308280000000000000000100000000000000000
091768680001002001050223082800000000000003030000010000000199000000000000000000000000000000000000000830000000000040000000000
091768680002002001050223082800000000000003050000010000000199000000000000000000000000000000000000000700000000000040000000000
091768680003002001050223082800000000000003040000010000000199000000000000000000000000000000000000000700000000000040000000000
091768680004002001050223082800000000000001170008620000000344000000000000000000000000000000100000001430000000000020000000000
11176868000500200105022308280000040000040000000941000000094100000000000000000000000000094100000000000000
121768680006002001050223082800000000000000000000000000000000000000000000000941000000000000000000000000000000
07176869000000200105022308300000000000000000100000000000000000
091768690001002001050223083000000000000003120000010000000199000000000000000000000000000000000000000700000000000040000000000
091768690002002001050223083000000000000001290002140000000171000000000000000000000000000000100000000250000000000020000000000
11176869000300200105022308300000040000020000000370000000037000000000000000000000000000037000000000000000
121768690004002001050223083000000000000000000000000000000000000000000000000370000000000000000000000000000000
07176870000000200105022308320000000000000000100000000000000000
091768700001002001050223083200000000000001100008680000000433000000000000000000000000000000100000000500000000000020000000000
091768700002002001050223083200000000000002080010060000000502000000000000000000000000000000100000000500000000000010000000000
091768700003002001050223083200000000000002150000010000000699000000000000000000000000000000000000000500000000000010000000000
091768700004002001050223083200000000000002150000010000000699000000000000000000000000000000000000000500000000000010000000000
091768700005002001050223083200000000000002150000010000000699000000000000000000000000000000000000000500000000000010000000000
11176870000600200105022308320000040000050000003032000000303200000000000000000000000000303200000000000000
121768700007002001050223083203010000000000000000000000000000000000000000003032000000000000000000000000000000
07176871000000200105022308330000000000000000100000000000000000
091768710001002001050223083300000000000002070006220000000497000000000000000000000000000000100000001990000000000010000000000
11176871000200200105022308330000040000010000000497000000049700000000000000000000000000049700000000000000
121768710003002001050223083300000000000000000000000000000000000000000000000497000000000000000000000000000000
07176872000000200105022308380000000000000000100000000000000000
091768720001002001050223083800000000000001220005860000000292000000000000000000000000000000100000001500000000000020000000000
11176872000200200105022308380000040000010000000292000000029200000000000000000000000000029200000000000000
121768720003002001050223083800000000000000000000000000000000000000000000000292000000000000000000000000000000
07176873000000200105022308420000000000000000100000000000000000
091768730001002001050223084200000000000001290001860000000149000000000000000000000000000000100000000250000000000020000000000
091768730002002001050223084200000000000001050002360000000094000000000000000000000000000000100000002000000000000020000000000
091768730003002001050223084200000000000003040000010000000199000000000000000000000000000000000000000700000000000040000000000
11176873000400200105022308420000040000030000000442000000044200000000000000000000000000044200000000000000
121768730005002001050223084200000000000000000000000000000000000000000000000442000000000000000000000000000000
07176874000000200105022308430000000000000000100000000000000000
091768740001002001050223084300000000000001140002120000000212000000000000000000000000000000100000000500000000000020000000000
11176874000200200105022308430000040000010000000212000000021200000000000000000000000000021200000000000000
121768740003002001050223084300000000000000000000000000000000000000000000000212000000000000000000000000000000
07176875000000200105022308450000000000000000100000000000000000
091768750001002001050223084500000000000002270007300000001094000000000000000000000000000000100000003990000000000010000000000
091768750002002001050223084500000000000002190000010000000599000000000000000000000000000000000000002250000000000010000000000
091768750003002001050223084500000000000005020000070000000700I 0000000000000000000000000000000000000100000000000020000000000
11176875000400200105022308450000040000030000002393000000239300000000000000000000000000239300000000000000
121768750005002001050223084503070000000000000000000000000000000000000000002393000000000000000000000000000000
07176876000000200105022308480000000000000000100000000000000000
091768760001002001050223084800000000000001010010140000000506000000000000000000000000000000100000001400000000000020000000000
091768760002002001050223084800000000000002220000010000000399000000000000000000000000000000000000001500000000000010000000000
091768760003002001050223084800000000000003200000010000002000000000000000000000000000000000000000000000000000000050000000000
11176876000400200105022308480000040000030000002905000000290500000000000000000000000000290500000000000000
121768760005002001050223084803010000000000000000000000000000000000000000002905000000000000000000000000000000
07176877000000200105022308550000000000000000100000000000000000
091768770001002001050223085500000000000003120000010000000199000000000000000000000000000000000000000700000000000040000000000
091768770002002001050223085500000000000002070005540000000443000000000000000000000000000000100000001990000000000010000000000
091768770003002001050223085500000000000001100002840000000142000000000000000000000000000000100000000500000000000020000000000
091768770004002001050223085500000000000001060003180000000190000000000000000000000000000000100000001500000000000020000000000
091768770005002001050223085500000000000001220004160000000208000000000000000000000000000000100000001500000000000020000000000
091768770006002001050223085500000000000001250005440000000271I 0000000000000000000000000000100000000530000000000020000000000
091768770007002001050223085500000000000001110001940000000097000000000000000000000000000000100000002000000000000020000000000
091768770008002001050223085500000000000001120004480000000582000000000000000000000000000000100000001000000000000020000000000
091768770009002001050223085500000000000001140003240000000324000000000000000000000000000000100000000500000000000020000000000
091768770010002001050223085500000000000002190000010000000599000000000000000000000000000000000000002250000000000010000000000
091768770011002001050223085500000000000001080002320000000348000000000000000000000000000000100000001000000000000020000000000
091768770012002001050223085500000000000002220000010000000399000000000000000000000000000000000000001500000000000010000000000
11176877001300200105022308550000040000120000003802000000380200000000000000000000000000380200000000000000
121768770014002001050223085500000000000000000000000000000000000000000000003802000000000000000000000000000000
07176878000000200105022308590000000000000000100000000000000000
091768780001002001050223085900000000000002080007800000000389000000000000000000000000000000100000000500000000000010000000000
091768780002002001050223085900000000000002290000010000000599000000000000000000000000000000000000002500000000000010000000000
091768780003002001050223085900000000000003030000010000000199000000000000000000000000000000000000000830000000000040000000000
091768780004002001050223085900000000000003040000010000000199000000000000000000000000000000000000000700000000000040000000000
11176878000500200105022308590000040000040000001386000000138600000000000000000000000000138600000000000000
121768780006002001050223085903010000000000000000000000000000000000000000001386000000000000000000000000000000
07176879000000200105022309000000000000000000100000000000000000
091768790001002001050223090000000000000001050005060000000202000000000000000000000000000000100000002000000000000020000000000
091768790002002001050223090000000000000005020000020000000200I 0000000000000000000000000000000000000100000000000020000000000
11176879000300200105022309000000040000020000000402000000040200000000000000000000000000040200000000000000
121768790004002001050223090000000000000000000000000000000000000000000000000402000000000000000000000000000000
07176880000000200105022309010000000000000000100000000000000000
091768800001002001050223090100000000000003030000010000000199000000000000000000000000000000000000000830000000000040000000000
11176880000200200105022309010000040000010000000199000000019900000000000000000000000000019900000000000000
121768800003002001050223090100000000000000000000000000000000000000000000000199000000000000000000000000000000
07176881000000200105022309050000000000000000100000000000000000
091768810001002001050223090500000000000001290004440000000355000000000000000000000000000000100000000250000000000020000000000
091768810002002001050223090500000000000001050009460000000377000000000000000000000000000000100000002000000000000020000000000
091768810003002001050223090500000000000003030000010000000199000000000000000000000000000000000000000830000000000040000000000
091768810004002001050223090500000000000003040000010000000199000000000000000000000000000000000000000700000000000040000000000
091768810005002001050223090500000000000005030000010000001099I 0000000000000000000000000000000000004420000000000020000000000
11176881000600200105022309050000040000050000002229000000222900000000000000000000000000222900000000000000
121768810007002001050223090503010000000000000000000000000000000000000000002229000000000000000000000000000000
07176882000000200105022309080000000000000000100000000000000000
091768820001002001050223090800000000000003040000010000000199000000000000000000000000000000000000000700000000000040000000000
091768820002002001050223090800000000000002150000010000000699000000000000000000000000000000000000000500000000000010000000000
091768820003002001050223090800000000000002130018680000000745000000000000000000000000000000100000001400000000000010000000000
11176882000400200105022309080000040000030000001643000000164300000000000000000000000000164300000000000000
121768820005002001050223090803100000000000000000000000000000000000000000001643000000000000000000000000000000
07176883000000200105022309100000000000000000100000000000000000
091768830001002001050223091000000000000003040000010000000199000000000000000000000000000000000000000700000000000040000000000
091768830002002001050223091000000000000003070000010000000199000000000000000000000000000000000000000100000000000040000000000
11176883000300200105022309100000040000020000000398000000039800000000000000000000000000039800000000000000
121768830004002001050223091003010000000000000000000000000000000000000000000398000000000000000000000000000000
07176884000000200105022309100000000000000000100000000000000000
091768840001002001050223091000000000000003040000030000000597000000000000000000000000000000000000000700000000000040000000000
11176884000200200105022309100000040000010000000597000000059700000000000000000000000000059700000000000000
121768840003002001050223091000000000000000000000000000000000000000000000000597000000000000000000000000000000
07176885000000200105022309110000000000000000100000000000000000
091768850001002001050223091100000000000003040000010000000199000000000000000000000000000000000000000700000000000040000000000
091768850002002001050223091100000000000001290001080000000086000000000000000000000000000000100000000250000000000020000000000
091768850003002001050223091100000000000001090000540000000043000000000000000000000000000000100000001500000000000020000000000
11176885000400200105022309110000040000030000000328000000032800000000000000000000000000032800000000000000
121768850005002001050223091100000000000000000000000000000000000000000000000328000000000000000000000000000000
14176886000000200105022309120000010000000000
07176887000000200105022309150000000000000000100000000000000000
091768870001002001050223091500000000000001090000760000000061000000000000000000000000000000100000001500000000000020000000000
091768870002002001050223091500000000000002070007400000000591000000000000000000000000000000100000001990000000000010000000000
091768870003002001050223091500000000000001220005740000000286000000000000000000000000000000100000001500000000000020000000000
091768870004002001050223091500000000000001140002820000000282000000000000000000000000000000100000000500000000000020000000000
091768870005002001050223091500000000000002040004280000000128000000000000000000000000000000100000000500000000000010000000000
091768870006002001050223091500000000000002020006100000000487000000000000000000000000000000100000001990000000000010000000000
091768870007002001050223091500000000000005020000010000000100I 0000000000000000000000000000000000000100000000000020000000000
091768870008002001050223091500000000000003040000030000000597000000000000000000000000000000000000000700000000000040000000000
091768870009002001050223091500000000000005020000010000000100I 0000000000000000000000000000000000000100000000000020000000000
091768870010002001050223091500000000000005020000080000000800I 0000000000000000000000000000000000000100000000000020000000000
11176887001100200105022309150000040000100000003432000000343200000000000000000000000000343200000000000000
121768870012002001050223091500000000000000000000000000000000000000000000003432000000000000000000000000000000
07176888000000200105022309160000000000000000100000000000000000
091768880001002001050223091600000000000001140001020000000102000000000000000000000000000000100000000500000000000020000000000
091768880002002001050223091600000000000001180001380000000096000000000000000000000000000000100000001000000000000020000000000
091768880003002001050223091600000000000002070017520000001400000000000000000000000000000000100000001990000000000010000000000
11176888000400200105022309160000040000030000001598000000159800000000000000000000000000159800000000000000
121768880005002001050223091600000000000000000000000000000000000000000000001598000000000000000000000000000000
14176889000000200105022309200000010000003861
07176890000000200105022309230000000000000000100000000000000000
091768900001002001050223092300000000000001040012840000000898000000000000000000000000000000100000002750000000000020000000000
091768900002002001050223092300000000000001320001680000000201000000000000000000000000000000100000011110000000000020000000000
091768900003002001050223092300000000000001090000940000000075000000000000000000000000000000100000001500000000000020000000000
11176890000400200105022309230000040000030000001174000000117400000000000000000000000000117400000000000000
121768900005002001050223092303010000000000000000000000000000000000000000001174000000000000000000000000000000
07176891000000200105022309230000000000000000100000000000000000
091768910001002001050223092300000000000002110008180000000490000000000000000000000000000000100000002990000000000010000000000
11176891000200200105022309230000040000010000000490000000049000000000000000000000000000049000000000000000
121768910003002001050223092303010000000000000000000000000000000000000000000490000000000000000000000000000000
14176892000000200105022309250000010000000000
07176893000000200105022309260000000000000000100000000000000000
091768930001002001050223092600000000000001140000320000000032000000000000000000000000000000100000000500000000000020000000000
11176893000200200105022309260000040000010000000032000000003200000000000000000000000000003200000000000000
121768930003002001050223092600000000000000000000000000000000000000000000000032000000000000000000000000000000
14176894000000200105022309300000010000000000
07176895000000200105022309320000000000000000100000000000000000
091768950001002001050223093200000000000001010006420000000320000000000000000000000000000000100000001400000000000020000000000
091768950002002001050223093200000000000020100012440000000496000000000000000000000000000000100000002000000000000010000000000
11176895000300200105022309320000040000020000000816000000081600000000000000000000000000081600000000000000
121768950004002001050223093203010000000000000000000000000000000000000000000816000000000000000000000000000000
07176896000000200105022309350000000000000000100000000000000000
091768960001002001050223093500000000000002130016400000000654000000000000000000000000000000100000001400000000000010000000000
091768960002002001050223093500000000000002480003500000000350000000000000000000000000000000100000002000000000000050000000000
091768960003002001050223093500000000000002170000010000000899000000000000000000000000000000000000006500000000000010000000000
091768960004002001050223093500000000000002170000010000000899000000000000000000000000000000000000006500000000000010000000000
11176896000500200105022309350000040000040000002802000000280200000000000000000000000000280200000000000000
121768960006002001050223093500000000000000000000000000000000000000000000002802000000000000000000000000000000
07176897000000200105022309360000000000000000100000000000000000
091768970001002001050223093600000000000003040000030000000597000000000000000000000000000000000000000700000000000040000000000
11176897000200200105022309360000040000010000000597000000059700000000000000000000000000059700000000000000
121768970003002001050223093600000000000000000000000000000000000000000000000597000000000000000000000000000000
07176898000000200105022309380000000000000000100000000000000000
091768980001002001050223093800000000000005020000070000000700I 0000000000000000000000000000000000000100000000000020000000000
11176898000200200105022309380000040000010000000700000000070000000000000000000000000000070000000000000000
121768980003002001050223093800000000000000000000000000000000000000000000000700000000000000000000000000000000
07176899000000200105022309450000000000000000100000000000000000
091768990001002001050223094500000000000001290002520000000201000000000000000000000000000000100000000250000000000020000000000
091768990002002001050223094500000000000001050005880000000235000000000000000000000000000000100000002000000000000020000000000
091768990003002001050223094500000000000002290000010000000599000000000000000000000000000000000000002500000000000010000000000
091768990004002001050223094500000000000003030000010000000199000000000000000000000000000000000000000830000000000040000000000
11176899000500200105022309450000040000040000001234000000123400000000000000000000000000123400000000000000
121768990006002001050223094500000000000000000000000000000000000000000000001234000000000000000000000000000000
07176900000000200105022309470000000000000000100000000000000000
091769000001002001050223094700000000000003040000020000000398000000000000000000000000000000000000000700000000000040000000000
17176900000200200105022309470000000000000199
11176900000300200105022309470000040000010000000398000000039800000000000000000000000000039800000000000000
121769000004002001050223094703050000000000000000000000000000000000000000000398000000000000000000000000000000
07176901000000200105022309480000000000000000100000000000000000
091769010001002001050223094800000000000001290008640000000690000000000000000000000000000000100000000250000000000020000000000
11176901000200200105022309480000040000010000000690000000069000000000000000000000000000069000000000000000
121769010003002001050223094800000000000000000000000000000000000000000000000690000000000000000000000000000000
07176902000000200105022309500000000000000000100000000000000000
091769020001002001050223095000000000000001290003300000000264000000000000000000000000000000100000000250000000000020000000000
11176902000200200105022309500000040000010000000264000000026400000000000000000000000000026400000000000000
121769020003002001050223095003020000000000000000000000000000000000000000000264000000000000000000000000000000
07176903000000200105022309520000000000000000100000000000000000
091769030001002001050223095200000000000020100014200000000567000000000000000000000000000000100000002000000000000010000000000
11176903000200200105022309520000040000010000000567000000056700000000000000000000000000056700000000000000
121769030003002001050223095200000000000000000000000000000000000000000000000567000000000000000000000000000000
07176904000000200105022309530000000000000000100000000000000000
091769040001002001050223095300000000000002080010720000000535000000000000000000000000000000100000000500000000000010000000000
11176904000200200105022309530000040000010000000535000000053500000000000000000000000000053500000000000000
121769040003002001050223095300000000000000000000000000000000000000000000000535000000000000000000000000000000
07176905000000200105022309590000000000000000100000000000000000
091769050001002001050223095900000000000001040004740000000331000000000000000000000000000000100000002750000000000020000000000
091769050002002001050223095900000000000002130010620000000424000000000000000000000000000000100000001400000000000010000000000
091769050003002001050223095900000000000002040004040000000121000000000000000000000000000000100000000500000000000010000000000
091769050004002001050223095900000000000001290005600000000447000000000000000000000000000000100000000250000000000020000000000
091769050005002001050223095900000000000001010009500000000474000000000000000000000000000000100000001400000000000020000000000
091769050006002001050223095900000000000002250009640000000577000000000000000000000000000000100000002670000000000010000000000
091769050007002001050223095900000000000002080008420000000420000000000000000000000000000000100000000500000000000010000000000
091769050008002001050223095900000000000002070012220000000976000000000000000000000000000000100000001990000000000010000000000
091769050009002001050223095900000000000002120012200000000853000000000000000000000000000000100000002250000000000010000000000
091769050010002001050223095900000000000001220008000000000399000000000000000000000000000000100000001500000000000020000000000
091769050011002001050223095900000000000002480009200000000919000000000000000000000000000000100000002000000000000050000000000
091769050012002001050223095900000000000002190000010000000599000000000000000000000000000000000000002250000000000010000000000
091769050013002001050223095900000000000001100012240000000611000000000000000000000000000000100000000500000000000020000000000
091769050014002001050223095900000000000001110004280000000214000000000000000000000000000000100000002000000000000020000000000
091769050015002001050223095900000000000001170002500000000100000000000000000000000000000000100000001430000000000020000000000
091769050016002001050223095900000000000001060003800000000228000000000000000000000000000000100000001500000000000020000000000
091769050017002001050223095900000000000001070001180000000236000000000000000000000000000000100000010000000000000020000000000
091769050018002001050223095900000000000003040000010000000199000000000000000000000000000000000000000700000000000040000000000
091769050019002001050223095900000000000003040000010000000199000000000000000000000000000000000000000700000000000040000000000
091769050020002001050223095900000000000003040000010000000199000000000000000000000000000000000000000700000000000040000000000
091769050021002001050223095900000000000005020000060000000600I 0000000000000000000000000000000000000100000000000020000000000
091769050022002001050223095900000000000002200000010000000799000000000000000000000000000000000000000990000000000010000000000
11176905002300200105022309590000040000220000009925000000992500000000000000000000000000992500000000000000
121769050024002001050223095900000000000000000000000000000000000000000000009925000000000000000000000000000000
07176906000000200105022310040000000000000000100000000000000000
091769060001002001050223100400000000000005020000070000000700I 0000000000000000000000000000000000000100000000000020000000000
091769060002002001050223100400000000000002140009620000000961000000000000000000000000000000100000001990000000000010000000000
091769060003002001050223100400000000000001290004400000000352000000000000000000000000000000100000000250000000000020000000000
091769060004002001050223100400000000000002080013280000000663000000000000000000000000000000100000000500000000000010000000000
091769060005002001050223100400000000000003030000010000000199000000000000000000000000000000000000000830000000000040000000000
091769060006002001050223100400000000000002170000010000000899000000000000000000000000000000000000006500000000000010000000000
11176906000700200105022310040000040000060000003774000000377400000000000000000000000000377400000000000000
121769060008002001050223100403010000000000000000000000000000000000000000003774000000000000000000000000000000
07176907000000200105022310040000000000000000100000000000000000
091769070001002001050223100400000000000001290006360000000508000000000000000000000000000000100000000250000000000020000000000
11176907000200200105022310040000040000010000000508000000050800000000000000000000000000050800000000000000
121769070003002001050223100400000000000000000000000000000000000000000000000508000000000000000000000000000000
07176908000000200105022310050000000000000000100000000000000000
091769080001002001050223100500000000000002020009360000000748000000000000000000000000000000100000001990000000000010000000000
11176908000200200105022310050000040000010000000748000000074800000000000000000000000000074800000000000000
121769080003002001050223100500000000000000000000000000000000000000000000000748000000000000000000000000000000
07176909000000200105022310050000000000000000100000000000000000
091769090001002001050223100500000000000002220000010000000399000000000000000000000000000000000000001500000000000010000000000
11176909000200200105022310050000040000010000000399000000039900000000000000000000000000039900000000000000
121769090003002001050223100500000000000000000000000000000000000000000000000399000000000000000000000000000000
07176910000000200105022310070000000000000000100000000000000000
091769100001002001050223100700000000000002080012100000000604000000000000000000000000000000100000000500000000000010000000000
091769100002002001050223100700000000000005020000010000000100I 0000000000000000000000000000000000000100000000000020000000000
091769100003002001050223100700000000000001300000010000000499000000000000000000000000000000000000002500000000000020000000000
091769100004002001050223100700000000000002190000010000000599000000000000000000000000000000000000002250000000000010000000000
091769100005002001050223100700000000000001180002600000000182000000000000000000000000000000100000001000000000000020000000000
11176910000600200105022310070000040000050000001984000000198400000000000000000000000000198400000000000000
121769100007002001050223100700000000000000000000000000000000000000000000001984000000000000000000000000000000
07176911000000200105022310080000000000000000100000000000000000
091769110001002001050223100800000000000001220006380000000318000000000000000000000000000000100000001500000000000020000000000
091769110002002001050223100800000000000002040008420000000252000000000000000000000000000000100000000500000000000010000000000
11176911000300200105022310080000040000020000000570000000057000000000000000000000000000057000000000000000
121769110004002001050223100800000000000000000000000000000000000000000000000570000000000000000000000000000000
07176912000000200105022310090000000000000000100000000000000000
091769120001002001050223100900000000000003120000010000000199000000000000000000000000000000000000000700000000000040000000000
091769120002002001050223100900000000000002250008140000000488000000000000000000000000000000100000002670000000000010000000000
091769120003002001050223100900000000000001100002440000000122000000000000000000000000000000100000000500000000000020000000000
11176912000400200105022310090000040000030000000809000000080900000000000000000000000000080900000000000000
121769120005002001050223100900000000000000000000000000000000000000000000000809000000000000000000000000000000
07176913000000200105022310100000000000000000100000000000000000
091769130001002001050223101000000000000003200000010000002000000000000000000000000000000000000000000000000000000050000000000
11176913000200200105022310100000040000010000002000000000200000000000000000000000000000200000000000000000
121769130003002001050223101000000000000000000000000000000000000000000000002000000000000000000000000000000000
07176914000000200105022310110000000000000000100000000000000000
091769140001002001050223101100000000000002080010020000000500000000000000000000000000000000100000000500000000000010000000000
091769140002002001050223101100000000000001170003080000000123000000000000000000000000000000100000001430000000000020000000000
091769140003002001050223101100000000000001060004260000000255000000000000000000000000000000100000001500000000000020000000000
11176914000400200105022310110000040000030000000878000000087800000000000000000000000000087800000000000000
121769140005002001050223101100000000000000000000000000000000000000000000000878000000000000000000000000000000
07176915000000200105022310130000000000000000100000000000000000
091769150001002001050223101300000000000001090000700000000056000000000000000000000000000000100000001500000000000020000000000
091769150002002001050223101300000000000001080002680000000402000000000000000000000000000000100000001000000000000020000000000
11176915000300200105022310130000040000020000000458000000045800000000000000000000000000045800000000000000
121769150004002001050223101300000000000000000000000000000000000000000000000458000000000000000000000000000000
07176916000000200105022310170000000000000000100000000000000000
091769160001002001050223101700000000000003040000010000000199000000000000000000000000000000000000000700000000000040000000000
11176916000200200105022310170000040000010000000199000000019900000000000000000000000000019900000000000000
121769160003002001050223101700000000000000000000000000000000000000000000000199000000000000000000000000000000
07176917000000200105022310180000000000000000100000000000000000
091769170001002001050223101800000000000003040000010000000199000000000000000000000000000000000000000700000000000040000000000
11176917000200200105022310180000040000010000000199000000019900000000000000000000000000019900000000000000
121769170003002001050223101800000000000000000000000000000000000000000000000199000000000000000000000000000000
07176918000000200105022310210000000000000000100000000000000000
091769180001002001050223102100000000000005020000020000000200I 0000000000000000000000000000000000000100000000000020000000000
091769180002002001050223102100000000000003040000010000000199000000000000000000000000000000000000000700000000000040000000000
091769180003002001050223102100000000000001010012020000000600000000000000000000000000000000100000001400000000000020000000000
091769180004002001050223102100000000000001220009260000000462000000000000000000000000000000100000001500000000000020000000000
11176918000500200105022310210000040000040000001461000000146100000000000000000000000000146100000000000000
121769180006002001050223102100000000000000000000000000000000000000000000001461000000000000000000000000000000
07176919000000200105022310220000000000000000100000000000000000
091769190001002001050223102200000000000002010026320000001313000000000000000000000000000000100000002150000000000010000000000
091769190002002001050223102200000000000002220000010000000399000000000000000000000000000000000000001500000000000010000000000
11176919000300200105022310220000040000020000001712000000171200000000000000000000000000171200000000000000
121769190004002001050223102200000000000000000000000000000000000000000000001712000000000000000000000000000000
07176920000000200105022310270000000000000000100000000000000000
17176920000100200105022310270000000000000799
091769200002002001050223102700000000000003120000010000000199000000000000000000000000000000000000000700000000000040000000000
091769200003002001050223102700000000000001300000010000000499000000000000000000000000000000000000002500000000000020000000000
091769200004002001050223102700000000000001110001620000000081000000000000000000000000000000100000002000000000000020000000000
091769200005002001050223102700000000000020100005340000000213000000000000000000000000000000100000002000000000000010000000000
091769200006002001050223102700000000000001130003380000000202000000000000000000000000000000100000001500000000000020000000000
11176920000700200105022310270000040000050000001194000000119400000000000000000000000000119400000000000000
121769200008002001050223102703010000000000000000000000000000000000000000001194000000000000000000000000000000
07176921000000200105022310290000000000000000100000000000000000
091769210001002001050223102900000000000003120000010000000199000000000000000000000000000000000000000700000000000040000000000
11176921000200200105022310290000040000010000000199000000019900000000000000000000000000019900000000000000
121769210003002001050223102900000000000000000000000000000000000000000000000199000000000000000000000000000000
07176922000000200105022310300000000000000000100000000000000000
091769220001002001050223103000000000000001040001760000000123000000000000000000000000000000100000002750000000000020000000000
11176922000200200105022310300000040000010000000123000000012300000000000000000000000000012300000000000000
121769220003002001050223103000000000000000000000000000000000000000000000000123000000000000000000000000000000
07176923000000200105022310310000000000000000100000000000000000
091769230001002001050223103100000000000003030000020000000398000000000000000000000000000000000000000830000000000040000000000
091769230002002001050223103100000000000003200000020000004000000000000000000000000000000000000000000000000000000050000000000
11176923000300200105022310310000040000020000004398000000439800000000000000000000000000439800000000000000
121769230004002001050223103100000000000000000000000000000000000000000000004398000000000000000000000000000000
07176924000000200105022310330000000000000000100000000000000000
091769240001002001050223103300000000000003040000010000000199000000000000000000000000000000000000000700000000000040000000000
091769240002002001050223103300000000000001040005220000000365000000000000000000000000000000100000002750000000000020000000000
091769240003002001050223103300000000000001010007140000000356000000000000000000000000000000100000001400000000000020000000000
091769240004002001050223103300000000000002130014700000000587000000000000000000000000000000100000001400000000000010000000000
11176924000500200105022310330000040000040000001507000000150700000000000000000000000000150700000000000000
121769240006002001050223103300000000000000000000000000000000000000000000001507000000000000000000000000000000
07176925000000200105022310350000000000000000100000000000000000
091769250001002001050223103500000000000002130017940000000716000000000000000000000000000000100000001400000000000010000000000
11176925000200200105022310350000040000010000000716000000071600000000000000000000000000071600000000000000
121769250003002001050223103500000000000000000000000000000000000000000000000716000000000000000000000000000000
07176926000000200105022310380000000000000000100000000000000000
091769260001002001050223103800000000000020100013740000000548000000000000000000000000000000100000002000000000000010000000000
091769260002002001050223103800000000000001220006500000000324000000000000000000000000000000100000001500000000000020000000000
091769260003002001050223103800000000000002070005020000000401000000000000000000000000000000100000001990000000000010000000000
11176926000400200105022310380000040000030000001273000000127300000000000000000000000000127300000000000000
121769260005002001050223103800000000000000000000000000000000000000000000001273000000000000000000000000000000
07176927000000200105022310400000000000000000100000000000000000
091769270001002001050223104000000000000002070006700000000535000000000000000000000000000000100000001990000000000010000000000
091769270002002001050223104000000000000002010004080000000204000000000000000000000000000000100000002150000000000010000000000
091769270003002001050223104000000000000001090000840000000067000000000000000000000000000000100000001500000000000020000000000
091769270004002001050223104000000000000002190000010000000599000000000000000000000000000000000000002250000000000010000000000
11176927000500200105022310400000040000040000001405000000140500000000000000000000000000140500000000000000
121769270006002001050223104000000000000000000000000000000000000000000000001405000000000000000000000000000000
07176928000000200105022310430000000000000000100000000000000000
091769280001002001050223104300000000000001050004960000000198000000000000000000000000000000100000002000000000000020000000000
091769280002002001050223104300000000000001120008000000001039000000000000000000000000000000100000001000000000000020000000000
091769280003002001050223104300000000000002220000010000000399000000000000000000000000000000000000001500000000000010000000000
091769280004002001050223104300000000000001220007900000000394000000000000000000000000000000100000001500000000000020000000000
091769280005002001050223104300000000000001210000010000000499000000000000000000000000000000000000001000000000000020000000000
091769280006002001050223104300000000000002090009260000001851000000000000000000000000000000100000004720000000000010000000000
091769280007002001050223104300000000000001060004920000000295000000000000000000000000000000100000001500000000000020000000000
091769280008002001050223104300000000000002290000010000000599000000000000000000000000000000000000002500000000000010000000000
091769280009002001050223104300000000000002070015600000001246000000000000000000000000000000100000001990000000000010000000000
091769280010002001050223104300000000000003030000030000000597000000000000000000000000000000000000000830000000000040000000000
11176928001100200105022310430000040000100000007117000000711700000000000000000000000000711700000000000000
121769280012002001050223104300000000000000000000000000000000000000000000007117000000000000000000000000000000
07176929000000200105022310450000000000000000100000000000000000
091769290001002001050223104500000000000005020000070000000700I 0000000000000000000000000000000000000100000000000020000000000
11176929000200200105022310450000040000010000000700000000070000000000000000000000000000070000000000000000
121769290003002001050223104503060000000000000000000000000000000000000000000700000000000000000000000000000000
07176930000000200105022310450000000000000000100000000000000000
091769300001002001050223104500000000000001100011420000000570000000000000000000000000000000100000000500000000000020000000000
11176930000200200105022310450000040000010000000570000000057000000000000000000000000000057000000000000000
121769300003002001050223104503010000000000000000000000000000000000000000000570000000000000000000000000000000
07176931000000200105022310460000000000000000100000000000000000
091769310001002001050223104600000000000001050002840000000113000000000000000000000000000000100000002000000000000020000000000
091769310002002001050223104600000000000002070011000000000879000000000000000000000000000000100000001990000000000010000000000
091769310003002001050223104600000000000002040003720000000111000000000000000000000000000000100000000500000000000010000000000
11176931000400200105022310460000040000030000001103000000110300000000000000000000000000110300000000000000
121769310005002001050223104600000000000000000000000000000000000000000000001103000000000000000000000000000000
07176932000000200105022310500000000000000000100000000000000000
091769320001002001050223105000000000000002250005020000000301000000000000000000000000000000100000002670000000000010000000000
091769320002002001050223105000000000000003040000010000000199000000000000000000000000000000000000000700000000000040000000000
11176932000300200105022310500000040000020000000500000000050000000000000000000000000000050000000000000000
121769320004002001050223105003020000000000000000000000000000000000000000000500000000000000000000000000000000
07176933000000200105022310510000000000000000100000000000000000
091769330001002001050223105100000000000002030037000000001846000000000000000000000000000000100000002990000000000010000000000
11176933000200200105022310510000040000010000001846000000184600000000000000000000000000184600000000000000
121769330003002001050223105100000000000000000000000000000000000000000000001846000000000000000000000000000000
07176934000000200105022310520000000000000000100000000000000000
091769340001002001050223105200000000000002040007980000000239000000000000000000000000000000100000000500000000000010000000000
11176934000200200105022310520000040000010000000239000000023900000000000000000000000000023900000000000000
121769340003002001050223105200000000000000000000000000000000000000000000000239000000000000000000000000000000
07176935000000200105022310530000000000000000100000000000000000
091769350001002001050223105300000000000001080003200000000480000000000000000000000000000000100000001000000000000020000000000
091769350002002001050223105300000000000001090001000000000080000000000000000000000000000000100000001500000000000020000000000
091769350003002001050223105300000000000003030000010000000199000000000000000000000000000000000000000830000000000040000000000
11176935000400200105022310530000040000030000000759000000075900000000000000000000000000075900000000000000
121769350005002001050223105300000000000000000000000000000000000000000000000759000000000000000000000000000000
07176936000000200105022310540000000000000000100000000000000000
091769360001002001050223105400000000000001060007800000000467000000000000000000000000000000100000001500000000000020000000000
091769360002002001050223105400000000000001010008300000000414000000000000000000000000000000100000001400000000000020000000000
11176936000300200105022310540000040000020000000881000000088100000000000000000000000000088100000000000000
121769360004002001050223105400000000000000000000000000000000000000000000000881000000000000000000000000000000
07176937000000200105022310540000000000000000100000000000000000
091769370001002001050223105400000000000001010008300000000414000000000000000000000000000000100000001400000000000020000000000
091769370002002001050223105400000000000001060007880000000472000000000000000000000000000000100000001500000000000020000000000
11176937000300200105022310540000040000020000000886000000088600000000000000000000000000088600000000000000
121769370004002001050223105402010000000000000000000000000000000000010000000886000000000000000000000000000000
101769370005002001050223105401000000000000000100000008860000000000000364000004
33176937000000200105022310550000000000000000100000000000000000
341769370001002001050223105500000000000001060007800000000467000000000000000000000000000000100000001500000000000020000000000
341769370002002001050223105500000000000001010008300000000414000000000000000000000000000000100000001400000000000020000000000
35176937000300200105022310550000044294960000000881000000088100000000000000000000000000088100000000000000
361769370004002001050223105500000000000000000000000000000000000000000000000881000000000000000000000000000000
07176938000000200105022310570000000000000000100000000000000000
091769380001002001050223105700000000000001290009060000000724000000000000000000000000000000100000000250000000000020000000000
091769380002002001050223105700000000000001090002560000000205000000000000000000000000000000100000001500000000000020000000000
091769380003002001050223105700000000000001240005460000000818000000000000000000000000000000100000001670000000000020000000000
091769380004002001050223105700000000000002220000010000000399000000000000000000000000000000000000001500000000000010000000000
11176938000500200105022310570000040000040000002146000000214600000000000000000000000000214600000000000000
121769380006002001050223105700000000000000000000000000000000000000000000002146000000000000000000000000000000
07176939000000200105022311010000000000000000100000000000000000
091769390001002001050223110100000000000001160005840000000233000000000000000000000000000000100000000670000000000020000000000
091769390002002001050223110100000000000001110005200000000259000000000000000000000000000000100000002000000000000020000000000
091769390003002001050223110100000000000001100008560000000427000000000000000000000000000000100000000500000000000020000000000
091769390004002001050223110100000000000001010010920000000545000000000000000000000000000000100000001400000000000020000000000
091769390005002001050223110100000000000001250008200000000409I 0000000000000000000000000000100000000530000000000020000000000
091769390006002001050223110100000000000001080005060000000758000000000000000000000000000000100000001000000000000020000000000
091769390007002001050223110100000000000001060007600000000455000000000000000000000000000000100000001500000000000020000000000
091769390008002001050223110100000000000001070002360000000472000000000000000000000000000000100000010000000000000020000000000
091769390009002001050223110100000000000003040000010000000199000000000000000000000000000000000000000700000000000040000000000
11176939001000200105022311010000040000090000003757000000375700000000000000000000000000375700000000000000
121769390011002001050223110100000000000000000000000000000000000000000000003757000000000000000000000000000000
14176940000000200105022311010000090000000000
07176941000000200105022311020000000000000000100000000000000000
091769410001002001050223110200000000000002030020200000001008000000000000000000000000000000100000002990000000000010000000000
091769410002002001050223110200000000000001040005160000000361000000000000000000000000000000100000002750000000000020000000000
091769410003002001050223110200000000000002070011560000000924000000000000000000000000000000100000001990000000000010000000000
091769410004002001050223110200000000000003030000020000000398000000000000000000000000000000000000000830000000000040000000000
11176941000500200105022311020000040000040000002691000000269100000000000000000000000000269100000000000000
121769410006002001050223110200000000000000000000000000000000000000000000002691000000000000000000000000000000
07176942000000200105022311050000000000000000100000000000000000
091769420001002001050223110500000000000001070000560000000112000000000000000000000000000000100000010000000000000020000000000
091769420002002001050223110500000000000001080002940000000441000000000000000000000000000000100000001000000000000020000000000
091769420003002001050223110500000000000003010000010000000900000000000000000000000000000000000000006000000000000050000000000
11176942000400200105022311050000040000030000001453000000145300000000000000000000000000145300000000000000
121769420005002001050223110503070000000000000000000000000000000000000000001453000000000000000000000000000000
07176943000000200105022311060000000000000000100000000000000000
091769430001002001050223110600000000000001010004260000000213000000000000000000000000000000100000001400000000000020000000000
17176943000200200105022311060000000000000157
091769430003002001050223110600000000000001050002240000000089000000000000000000000000000000100000002000000000000020000000000
091769430004002001050223110600000000000001060002840000000170000000000000000000000000000000100000001500000000000020000000000
17176943000500200105022311060000000000000900
091769430006002001050223110600000000000003030000010000000199000000000000000000000000000000000000000830000000000040000000000
091769430007002001050223110600000000000005020000050000000500I 0000000000000000000000000000000000000100000000000020000000000
11176943000800200105022311060000040000050000001171000000117100000000000000000000000000117100000000000000
121769430009002001050223110600000000000000000000000000000000000000000000001171000000000000000000000000000000
07176944000000200105022311080000000000000000100000000000000000
091769440001002001050223110800000000000001010019000000000948000000000000000000000000000000100000001400000000000020000000000
091769440002002001050223110800000000000001060005520000000331000000000000000000000000000000100000001500000000000020000000000
091769440003002001050223110800000000000003030000030000000597000000000000000000000000000000000000000830000000000040000000000
091769440004002001050223110800000000000002130020330000000812000000000000000000000000000000100000001400000000000010000000000
091769440005002001050223110800000000000002290000010000000599000000000000000000000000000000000000002500000000000010000000000
091769440006002001050223110800000000000005020000070000000700I 0000000000000000000000000000000000000100000000000020000000000
11176944000700200105022311080000040000060000003987000000398700000000000000000000000000398700000000000000
121769440008002001050223110802010000000000000000000000000000000000040000003987000000000000000000000000000000
101769440009002001050223110801000000000000000400000039870000000000000933000004
07176945000000200105022311100000000000000000100000000000000000
091769450001002001050223111000000000000002070004040000000323000000000000000000000000000000100000001990000000000010000000000
091769450002002001050223111000000000000002260003420000000205000000000000000000000000000000100000003000000000000010000000000
091769450003002001050223111000000000000002340001400000000280000000000000000000000000000000100000004170000000000010000000000
11176945000400200105022311100000040000030000000808000000080800000000000000000000000000080800000000000000
121769450005002001050223111003100000000000000000000000000000000000000000000808000000000000000000000000000000
07176946000000200105022311110000000000000000100000000000000000
091769460001002001050223111100000000000001010011580000000578000000000000000000000000000000100000001400000000000020000000000
11176946000200200105022311110000040000010000000578000000057800000000000000000000000000057800000000000000
121769460003002001050223111100000000000000000000000000000000000000000000000578000000000000000000000000000000
07176947000000200105022311120000000000000000100000000000000000
091769470001002001050223111200000000000005020000040000000400I 0000000000000000000000000000000000000100000000000020000000000
11176947000200200105022311120000040000010000000400000000040000000000000000000000000000040000000000000000
121769470003002001050223111200000000000000000000000000000000000000000000000400000000000000000000000000000000
07176948000000200105022311130000000000000000100000000000000000
091769480001002001050223111300000000000001010012920000000645000000000000000000000000000000100000001400000000000020000000000
091769480002002001050223111300000000000001180002460000000172000000000000000000000000000000100000001000000000000020000000000
091769480003002001050223111300000000000001290003700000000296000000000000000000000000000000100000000250000000000020000000000
091769480004002001050223111300000000000003030000010000000199000000000000000000000000000000000000000830000000000040000000000
11176948000500200105022311130000040000040000001312000000131200000000000000000000000000131200000000000000
121769480006002001050223111303010000000000000000000000000000000000000000001312000000000000000000000000000000
07176949000000200105022311130000000000000000100000000000000000
091769490001002001050223111300000000000001140003380000000338000000000000000000000000000000100000000500000000000020000000000
091769490002002001050223111300000000000020100003500000000140000000000000000000000000000000100000002000000000000010000000000
11176949000300200105022311130000040000020000000478000000047800000000000000000000000000047800000000000000
121769490004002001050223111300000000000000000000000000000000000000000000000478000000000000000000000000000000
07176950000000200105022311130000000000000000100000000000000000
091769500001002001050223111300000000000001070003420000000684000000000000000000000000000000100000010000000000000020000000000
091769500002002001050223111300000000000001090002080000000166000000000000000000000000000000100000001500000000000020000000000
11176950000300200105022311130000040000020000000850000000085000000000000000000000000000085000000000000000
121769500004002001050223111300000000000000000000000000000000000000000000000850000000000000000000000000000000
07176951000000200105022311190000000000000000100000000000000000
091769510001002001050223111900000000000002080016780000000837000000000000000000000000000000100000000500000000000010000000000
091769510002002001050223111900000000000002090005200000001039000000000000000000000000000000100000004720000000000010000000000
091769510003002001050223111900000000000001010008620000000430000000000000000000000000000000100000001400000000000020000000000
091769510004002001050223111900000000000001060003840000000230000000000000000000000000000000100000001500000000000020000000000
091769510005002001050223111900000000000002040007900000000236000000000000000000000000000000100000000500000000000010000000000
091769510006002001050223111900000000000001220017520000000874000000000000000000000000000000100000001500000000000020000000000
091769510007002001050223111900000000000003200000010000002000000000000000000000000000000000000000000000000000000050000000000
11176951000800200105022311190000040000070000005646000000564600000000000000000000000000564600000000000000
121769510009002001050223111900000000000000000000000000000000000000000000005646000000000000000000000000000000
07176952000000200105022311210000000000000000100000000000000000
091769520001002001050223112100000000000003030000020000000398000000000000000000000000000000000000000830000000000040000000000
11176952000200200105022311210000040000010000000398000000039800000000000000000000000000039800000000000000
121769520003002001050223112100000000000000000000000000000000000000000000000398000000000000000000000000000000
07176953000000200105022311330000000000000000100000000000000000
091769530001002001050223113300000000000003030000010000000199000000000000000000000000000000000000000830000000000040000000000
091769530002002001050223113300000000000001050005100000000203000000000000000000000000000000100000002000000000000020000000000
11176953000300200105022311330000040000020000000402000000040200000000000000000000000000040200000000000000
121769530004002001050223113300000000000000000000000000000000000000000000000402000000000000000000000000000000
07176954000000200105022311330000000000000000100000000000000000
091769540001002001050223113300000000000001040001260000000088000000000000000000000000000000100000002750000000000020000000000
091769540002002001050223113300000000000001010009420000000470000000000000000000000000000000100000001400000000000020000000000
091769540003002001050223113300000000000003070000020000000398000000000000000000000000000000000000000100000000000040000000000
11176954000400200105022311330000040000030000000956000000095600000000000000000000000000095600000000000000
121769540005002001050223113300000000000000000000000000000000000000000000000956000000000000000000000000000000
07176955000000200105022311350000000000000000100000000000000000
091769550001002001050223113500000000000003030000010000000199000000000000000000000000000000000000000830000000000040000000000
11176955000200200105022311350000040000010000000199000000019900000000000000000000000000019900000000000000
121769550003002001050223113500000000000000000000000000000000000000000000000199000000000000000000000000000000
07176956000000200105022311380000000000000000100000000000000000
091769560001002001050223113800000000000003030000020000000398000000000000000000000000000000000000000830000000000040000000000
091769560002002001050223113800000000000002190000010000000599000000000000000000000000000000000000002250000000000010000000000
11176956000300200105022311380000040000020000000997000000099700000000000000000000000000099700000000000000
121769560004002001050223113800000000000000000000000000000000000000000000000997000000000000000000000000000000
07176957000000200105022311430000000000000000100000000000000000
091769570001002001050223114300000000000001010017360000000866000000000000000000000000000000100000001400000000000020000000000
091769570002002001050223114300000000000001140002160000000216000000000000000000000000000000100000000500000000000020000000000
091769570003002001050223114300000000000002190000020000001198000000000000000000000000000000000000002250000000000010000000000
091769570004002001050223114300000000000005020000070000000700I 0000000000000000000000000000000000000100000000000020000000000
11176957000500200105022311430000040000040000002980000000298000000000000000000000000000298000000000000000
121769570006002001050223114303060000000000000000000000000000000000000000002980000000000000000000000000000000
07176958000000200105022311450000000000000000100000000000000000
091769580001002001050223114500000000000002070008820000000705000000000000000000000000000000100000001990000000000010000000000
091769580002002001050223114500000000000002080017540000000875000000000000000000000000000000100000000500000000000010000000000
091769580003002001050223114500000000000001090002720000000217000000000000000000000000000000100000001500000000000020000000000
091769580004002001050223114500000000000001080005160000000773000000000000000000000000000000100000001000000000000020000000000
11176958000500200105022311450000040000040000002570000000257000000000000000000000000000257000000000000000
121769580006002001050223114503010000000000000000000000000000000000000000002570000000000000000000000000000000
07176959000000200105022311450000000000000000100000000000000000
091769590001002001050223114500000000000005020000010000000100I 0000000000000000000000000000000000000100000000000020000000000
091769590002002001050223114500000000000003070000010000000199000000000000000000000000000000000000000100000000000040000000000
091769590003002001050223114500000000000003030000010000000199000000000000000000000000000000000000000830000000000040000000000
091769590004002001050223114500000000000001170005080000000203000000000000000000000000000000100000001430000000000020000000000
11176959000500200105022311450000040000040000000701000000070100000000000000000000000000070100000000000000
121769590006002001050223114500000000000000000000000000000000000000000000000701000000000000000000000000000000
07176960000000200105022311460000000000000000100000000000000000
091769600001002001050223114600000000000001290001480000000118000000000000000000000000000000100000000250000000000020000000000
091769600002002001050223114600000000000001050000700000000028000000000000000000000000000000100000002000000000000020000000000
11176960000300200105022311460000040000020000000146000000014600000000000000000000000000014600000000000000
121769600004002001050223114600000000000000000000000000000000000000000000000146000000000000000000000000000000
07176961000000200105022311470000000000000000100000000000000000
091769610001002001050223114700000000000001220013420000000670000000000000000000000000000000100000001500000000000020000000000
091769610002002001050223114700000000000003190000010000000450000000000000000000000000000000000000002000000000000050000000000
11176961000300200105022311470000040000020000001120000000112000000000000000000000000000112000000000000000
121769610004002001050223114700000000000000000000000000000000000000000000001120000000000000000000000000000000
14176962000000200105022311480000090000000000
07176963000000200105022311480000000000000000100000000000000000
091769630001002001050223114800000000000001050002280000000091000000000000000000000000000000100000002000000000000020000000000
11176963000200200105022311480000040000010000000091000000009100000000000000000000000000009100000000000000
121769630003002001050223114800000000000000000000000000000000000000000000000091000000000000000000000000000000
07176964000000200105022311480000000000000000100000000000000000
091769640001002001050223114800000000000005020000010000000100I 0000000000000000000000000000000000000100000000000020000000000
091769640002002001050223114800000000000003030000010000000199000000000000000000000000000000000000000830000000000040000000000
091769640003002001050223114800000000000003070000020000000398000000000000000000000000000000000000000100000000000040000000000
11176964000400200105022311480000040000030000000697000000069700000000000000000000000000069700000000000000
121769640005002001050223114800000000000000000000000000000000000000000000000697000000000000000000000000000000
07176965000000200105022311490000000000000000100000000000000000
091769650001002001050223114900000000000001130007080000000424000000000000000000000000000000100000001500000000000020000000000
091769650002002001050223114900000000000002010010140000000506000000000000000000000000000000100000002150000000000010000000000
091769650003002001050223114900000000000002130012280000000490000000000000000000000000000000100000001400000000000010000000000
11176965000400200105022311490000040000030000001420000000142000000000000000000000000000142000000000000000
121769650005002001050223114900000000000000000000000000000000000000000000001420000000000000000000000000000000
07176966000000200105022311530000000000000000100000000000000000
091769660001002001050223115300000000000001070000620000000124000000000000000000000000000000100000010000000000000020000000000
091769660002002001050223115300000000000003030000020000000398000000000000000000000000000000000000000830000000000040000000000
11176966000300200105022311530000040000020000000522000000052200000000000000000000000000052200000000000000
121769660004002001050223115300000000000000000000000000000000000000000000000522000000000000000000000000000000
07176967000000200105022311570000000000000000100000000000000000
091769670001002001050223115700000000000001010007240000000361000000000000000000000000000000100000001400000000000020000000000
091769670002002001050223115700000000000001040001540000000108000000000000000000000000000000100000002750000000000020000000000
091769670003002001050223115700000000000001140000400000000040000000000000000000000000000000100000000500000000000020000000000
091769670004002001050223115700000000000001080002220000000333000000000000000000000000000000100000001000000000000020000000000
091769670005002001050223115700000000000001170003500000000140000000000000000000000000000000100000001430000000000020000000000
091769670006002001050223115700000000000003030000010000000199000000000000000000000000000000000000000830000000000040000000000
11176967000700200105022311570000040000060000001181000000118100000000000000000000000000118100000000000000
121769670008002001050223115700000000000000000000000000000000000000000000001181000000000000000000000000000000
33176967000000200105022311570000000000000000100000000000000000
341769670001002001050223115700000000000001010007240000000361000000000000000000000000000000100000001400000000000020000000000
341769670002002001050223115700000000000001040001540000000108000000000000000000000000000000100000002750000000000020000000000
341769670003002001050223115700000000000001140000400000000040000000000000000000000000000000100000000500000000000020000000000
341769670004002001050223115700000000000001080002220000000333000000000000000000000000000000100000001000000000000020000000000
341769670005002001050223115700000000000001170003500000000140000000000000000000000000000000100000001430000000000020000000000
341769670006002001050223115700000000000003030000010000000199000000000000000000000000000000000000000830000000000040000000000
35176967000700200105022311570000044294960000001181000000118100000000000000000000000000118100000000000000
361769670008002001050223115700000000000000000000000000000000000000000000001181000000000000000000000000000000
07176968000000200105022312000000000000000000100000000000000000
091769680001002001050223120000000000000003070000030000000597000000000000000000000000000000000000000100000000000040000000000
11176968000200200105022312000000040000010000000597000000059700000000000000000000000000059700000000000000
121769680003002001050223120000000000000000000000000000000000000000000000000597000000000000000000000000000000
07176969000000200105022312020000000000000000100000000000000000
091769690001002001050223120200000000000002460007920000000395000000000000000000000000000000100000000000000000000010000000000
091769690002002001050223120200000000000001050005700000000227000000000000000000000000000000100000002000000000000020000000000
091769690003002001050223120200000000000020100006680000000267000000000000000000000000000000100000002000000000000010000000000
11176969000400200105022312020000040000030000000889000000088900000000000000000000000000088900000000000000
121769690005002001050223120203080000000000000000000000000000000000000000000889000000000000000000000000000000
07176970000000200105022312030000000000000000100000000000000000
091769700001002001050223120300000000000001220010980000000548000000000000000000000000000000100000001500000000000020000000000
11176970000200200105022312030000040000010000000548000000054800000000000000000000000000054800000000000000
121769700003002001050223120303070000000000000000000000000000000000000000000548000000000000000000000000000000
07176971000000200105022312040000000000000000100000000000000000
091769710001002001050223120400000000000001010006220000000310000000000000000000000000000000100000001400000000000020000000000
091769710002002001050223120400000000000001070000540000000108000000000000000000000000000000100000010000000000000020000000000
11176971000300200105022312040000040000020000000418000000041800000000000000000000000000041800000000000000
121769710004002001050223120403020000000000000000000000000000000000000000000418000000000000000000000000000000
07176972000000200105022312110000000000000000100000000000000000
091769720001002001050223121100000000000002130017220000000687000000000000000000000000000000100000001400000000000010000000000
091769720002002001050223121100000000000002090009340000001867000000000000000000000000000000100000004720000000000010000000000
11176972000300200105022312110000040000020000002554000000255400000000000000000000000000255400000000000000
121769720004002001050223121100000000000000000000000000000000000000000000002554000000000000000000000000000000
07176973000000200105022312180000000000000000100000000000000000
091769730001002001050223121800000000000001010009140000000456000000000000000000000000000000100000001400000000000020000000000
11176973000200200105022312180000040000010000000456000000045600000000000000000000000000045600000000000000
121769730003002001050223121800000000000000000000000000000000000000000000000456000000000000000000000000000000
07176974000000200105022312180000000000000000100000000000000000
091769740001002001050223121800000000000003030000010000000199000000000000000000000000000000000000000830000000000040000000000
11176974000200200105022312180000040000010000000199000000019900000000000000000000000000019900000000000000
121769740003002001050223121800000000000000000000000000000000000000000000000199000000000000000000000000000000
07176975000000200105022312230000000000000000100000000000000000
091769750001002001050223122300000000000001010007580000000378000000000000000000000000000000100000001400000000000020000000000
091769750002002001050223122300000000000003030000010000000199000000000000000000000000000000000000000830000000000040000000000
091769750003002001050223122300000000000001060003640000000218000000000000000000000000000000100000001500000000000020000000000
11176975000400200105022312230000040000030000000795000000079500000000000000000000000000079500000000000000
121769750005002001050223122300000000000000000000000000000000000000000000000795000000000000000000000000000000
07176976000000200105022312250000000000000000100000000000000000
091769760001002001050223122500000000000002260006420000000385000000000000000000000000000000100000003000000000000010000000000
091769760002002001050223122500000000000001080002140000000321000000000000000000000000000000100000001000000000000020000000000
091769760003002001050223122500000000000003030000010000000199000000000000000000000000000000000000000830000000000040000000000
11176976000400200105022312250000040000030000000905000000090500000000000000000000000000090500000000000000
121769760005002001050223122500000000000000000000000000000000000000000000000905000000000000000000000000000000
07176977000000200105022312260000000000000000100000000000000000
091769770001002001050223122600000000000003010000010000000900000000000000000000000000000000000000006000000000000050000000000
091769770002002001050223122600000000000002010010720000000535000000000000000000000000000000100000002150000000000010000000000
091769770003002001050223122600000000000001170003900000000156000000000000000000000000000000100000001430000000000020000000000
091769770004002001050223122600000000000001040002040000000143000000000000000000000000000000100000002750000000000020000000000
091769770005002001050223122600000000000002010002120000000106000000000000000000000000000000100000002150000000000010000000000
11176977000600200105022312260000040000050000001840000000184000000000000000000000000000184000000000000000
121769770007002001050223122600000000000000000000000000000000000000000000001840000000000000000000000000000000
07176978000000200105022312270000000000000000100000000000000000
091769780001002001050223122700000000000003030000020000000398000000000000000000000000000000000000000830000000000040000000000
11176978000200200105022312270000040000010000000398000000039800000000000000000000000000039800000000000000
121769780003002001050223122700000000000000000000000000000000000000000000000398000000000000000000000000000000
07176979000000200105022312280000000000000000100000000000000000
091769790001002001050223122800000000000001160002540000000101000000000000000000000000000000100000000670000000000020000000000
091769790002002001050223122800000000000001090000900000000072000000000000000000000000000000100000001500000000000020000000000
091769790003002001050223122800000000000001240001400000000210000000000000000000000000000000100000001670000000000020000000000
091769790004002001050223122800000000000001170002560000000102000000000000000000000000000000100000001430000000000020000000000
091769790005002001050223122800000000000001080002120000000318000000000000000000000000000000100000001000000000000020000000000
11176979000600200105022312280000040000050000000803000000080300000000000000000000000000080300000000000000
121769790007002001050223122800000000000000000000000000000000000000000000000803000000000000000000000000000000
07176980000000200105022312290000000000000000100000000000000000
091769800001002001050223122900000000000001090001020000000081000000000000000000000000000000100000001500000000000020000000000
091769800002002001050223122900000000000003030000010000000199000000000000000000000000000000000000000830000000000040000000000
11176980000300200105022312290000040000020000000280000000028000000000000000000000000000028000000000000000
121769800004002001050223122900000000000000000000000000000000000000000000000280000000000000000000000000000000
07176981000000200105022312330000000000000000100000000000000000
091769810001002001050223123300000000000002010006240000000311000000000000000000000000000000100000002150000000000010000000000
091769810002002001050223123300000000000002110008760000000525000000000000000000000000000000100000002990000000000010000000000
11176981000300200105022312330000040000020000000836000000083600000000000000000000000000330000000024640000
121769810004002001050223123300000000000000000000000000000000000000000000000836000000000000000000000000000000
07176982000000200105022312340000000000000000100000000000000000
091769820001002001050223123400000000000001010014540000000726000000000000000000000000000000100000001400000000000020000000000
11176982000200200105022312340000040000010000000726000000072600000000000000000000000000072600000000000000
121769820003002001050223123400000000000000000000000000000000000000000000000726000000000000000000000000000000
07176983000000200105022312350000000000000000100000000000000000
17176983000100200105022312350000000000000314
091769830002002001050223123500000000000020100006220000000248000000000000000000000000000000100000002000000000000010000000000
11176983000300200105022312350000040000010000000248000000024800000000000000000000000000024800000000000000
121769830004002001050223123500000000000000000000000000000000000000000000000248000000000000000000000000000000
07176984000000200105022312360000000000000000100000000000000000
091769840001002001050223123600000000000001290006080000000486000000000000000000000000000000100000000250000000000020000000000
091769840002002001050223123600000000000001050006040000000241000000000000000000000000000000100000002000000000000020000000000
11176984000300200105022312360000040000020000000727000000072700000000000000000000000000072700000000000000
121769840004002001050223123600000000000000000000000000000000000000000000000727000000000000000000000000000000
07176985000000200105022312360000000000000000100000000000000000
091769850001002001050223123600000000000003030000010000000199000000000000000000000000000000000000000830000000000040000000000
11176985000200200105022312360000040000010000000199000000019900000000000000000000000000019900000000000000
121769850003002001050223123600000000000000000000000000000000000000000000000199000000000000000000000000000000
07176986000000200105022312380000000000000000100000000000000000
091769860001002001050223123800000000000001160007180000000286000000000000000000000000000000100000000670000000000020000000000
091769860002002001050223123800000000000002170000010000000899000000000000000000000000000000000000006500000000000010000000000
11176986000300200105022312380000040000020000001185000000118500000000000000000000000000118500000000000000
121769860004002001050223123800000000000000000000000000000000000000000000001185000000000000000000000000000000
07176987000000200105022312390000000000000000100000000000000000
091769870001002001050223123900000000000002010005100000000254000000000000000000000000000000100000002150000000000010000000000
11176987000200200105022312390000040000010000000254000000025400000000000000000000000000025400000000000000
121769870003002001050223123900000000000000000000000000000000000000000000000254000000000000000000000000000000
07176988000000200105022312400000000000000000100000000000000000
091769880001002001050223124000000000000003070000010000000199000000000000000000000000000000000000000100000000000040000000000
11176988000200200105022312400000040000010000000199000000019900000000000000000000000000019900000000000000
121769880003002001050223124000000000000000000000000000000000000000000000000199000000000000000000000000000000
07176989000000200105022312460000000000000000100000000000000000
091769890001002001050223124600000000000003030000010000000199000000000000000000000000000000000000000830000000000040000000000
11176989000200200105022312460000040000010000000199000000019900000000000000000000000000019900000000000000
121769890003002001050223124600000000000000000000000000000000000000000000000199000000000000000000000000000000
07176990000000200105022312520000000000000000100000000000000000
091769900001002001050223125200000000000001110002780000000139000000000000000000000000000000100000002000000000000020000000000
11176990000200200105022312520000040000010000000139000000013900000000000000000000000000013900000000000000
121769900003002001050223125200000000000000000000000000000000000000000000000139000000000000000000000000000000
07176991000000200105022312520000000000000000100000000000000000
091769910001002001050223125200000000000002170000010000000899000000000000000000000000000000000000006500000000000010000000000
11176991000200200105022312520000040000010000000899000000089900000000000000000000000000089900000000000000
121769910003002001050223125200000000000000000000000000000000000000000000000899000000000000000000000000000000
07176992000000200105022312530000000000000000100000000000000000
091769920001002001050223125300000000000001010004720000000236000000000000000000000000000000100000001400000000000020000000000
091769920002002001050223125300000000000003030000010000000199000000000000000000000000000000000000000830000000000040000000000
11176992000300200105022312530000040000020000000435000000043500000000000000000000000000043500000000000000
121769920004002001050223125300000000000000000000000000000000000000000000000435000000000000000000000000000000
07176993000000200105022312550000000000000000100000000000000000
091769930001002001050223125500000000000003030000010000000199000000000000000000000000000000000000000830000000000040000000000
11176993000200200105022312550000040000010000000199000000019900000000000000000000000000019900000000000000
121769930003002001050223125500000000000000000000000000000000000000000000000199000000000000000000000000000000
07176994000000200105022312560000000000000000100000000000000000
091769940001002001050223125600000000000005020000020000000200I 0000000000000000000000000000000000000100000000000020000000000
091769940002002001050223125600000000000003030000010000000199000000000000000000000000000000000000000830000000000040000000000
11176994000300200105022312560000040000020000000399000000039900000000000000000000000000039900000000000000
121769940004002001050223125600000000000000000000000000000000000000000000000399000000000000000000000000000000
14176995000000200105022313050000090000000000
07176996000000200105022313060000000000000000100000000000000000
091769960001002001050223130600000000000003030000010000000199000000000000000000000000000000000000000830000000000040000000000
11176996000200200105022313060000040000010000000199000000019900000000000000000000000000019900000000000000
121769960003002001050223130600000000000000000000000000000000000000000000000199000000000000000000000000000000
07176997000000200105022313080000000000000000100000000000000000
091769970001002001050223130800000000000003030000030000000597000000000000000000000000000000000000000830000000000040000000000
11176997000200200105022313080000040000010000000597000000059700000000000000000000000000059700000000000000
121769970003002001050223130800000000000000000000000000000000000000000000000597000000000000000000000000000000
07176998000000200105022313090000000000000000100000000000000000
091769980001002001050223130900000000000001290002360000000189000000000000000000000000000000100000000250000000000020000000000
091769980002002001050223130900000000000003030000010000000199000000000000000000000000000000000000000830000000000040000000000
11176998000300200105022313090000040000020000000388000000038800000000000000000000000000038800000000000000
121769980004002001050223130900000000000000000000000000000000000000000000000388000000000000000000000000000000
07176999000000200105022313110000000000000000100000000000000000
091769990001002001050223131100000000000002010004420000000221000000000000000000000000000000100000002150000000000010000000000
11176999000200200105022313110000040000010000000221000000022100000000000000000000000000022100000000000000
121769990003002001050223131100000000000000000000000000000000000000000000000221000000000000000000000000000000
07177000000000200105022313130000000000000000100000000000000000
091770000001002001050223131300000000000003290000020000002400I 0300000000000000000000000000000000007000000000000050000000000
091770000002002001050223131300000000000001110004640000000232000000000000000000000000000000100000002000000000000020000000000
091770000003002001050223131300000000000005020000060000000600I 0000000000000000000000000000000000000100000000000020000000000
091770000004002001050223131300000000000005020000150000001500I 0000000000000000000000000000000000000100000000000020000000000
11177000000500200105022313130000040000040000004732000000473200000000000000000000000000473200000000000000
121770000006002001050223131303010000000000000000000000000000000000000000004732000000000000000000000000000000
07177001000000200105022313140000000000000000100000000000000000
091770010001002001050223131400000000000003030000020000000398000000000000000000000000000000000000000830000000000040000000000
091770010002002001050223131400000000000003030000020000000398000000000000000000000000000000000000000830000000000040000000000
11177001000300200105022313140000040000020000000796000000079600000000000000000000000000079600000000000000
121770010004002001050223131400000000000000000000000000000000000000000000000796000000000000000000000000000000
07177002000000200105022313140000000000000000100000000000000000
091770020001002001050223131400000000000002220000010000000399000000000000000000000000000000000000001500000000000010000000000
11177002000200200105022313140000040000010000000399000000039900000000000000000000000000039900000000000000
121770020003002001050223131400000000000000000000000000000000000000000000000399000000000000000000000000000000
07177003000000200105022313150000000000000000100000000000000000
091770030001002001050223131500000000000001100004160000000208000000000000000000000000000000100000000500000000000020000000000
091770030002002001050223131500000000000001010004700000000235000000000000000000000000000000100000001400000000000020000000000
091770030003002001050223131500000000000001120003700000000481000000000000000000000000000000100000001000000000000020000000000
091770030004002001050223131500000000000005020000040000000400I 0000000000000000000000000000000000000100000000000020000000000
11177003000500200105022313150000040000040000001324000000132400000000000000000000000000132400000000000000
121770030006002001050223131500000000000000000000000000000000000000000000001324000000000000000000000000000000
33177003000000200105022313170000000000000000100000000000000000
341770030001002001050223131700000000000003030000020000000398000000000000000000000000000000000000000830000000000040000000000
341770030002002001050223131700000000000003030000020000000398000000000000000000000000000000000000000830000000000040000000000
35177003000300200105022313170000044294960000000796000000079600000000000000000000000000079600000000000000
361770030004002001050223131700000000000000000000000000000000000000000000000796000000000000000000000000000000
07177004000000200105022313170000000000000000100000000000000000
091770040001002001050223131700000000000002220000010000000399000000000000000000000000000000000000001500000000000010000000000
11177004000200200105022313170000040000010000000399000000039900000000000000000000000000039900000000000000
121770040003002001050223131703020000000000000000000000000000000000000000000399000000000000000000000000000000
07177005000000200105022313200000000000000000100000000000000000
091770050001002001050223132000000000000001040004240000000296000000000000000000000000000000100000002750000000000020000000000
091770050002002001050223132000000000000001290004540000000363000000000000000000000000000000100000000250000000000020000000000
11177005000300200105022313200000040000020000000659000000065900000000000000000000000000065900000000000000
121770050004002001050223132000000000000000000000000000000000000000000000000659000000000000000000000000000000
07177006000000200105022313220000000000000000100000000000000000
091770060001002001050223132200000000000003040000010000000199000000000000000000000000000000000000000700000000000040000000000
091770060002002001050223132200000000000001290003120000000249000000000000000000000000000000100000000250000000000020000000000
091770060003002001050223132200000000000001050000520000000021000000000000000000000000000000100000002000000000000020000000000
11177006000400200105022313220000040000030000000469000000046900000000000000000000000000046900000000000000
121770060005002001050223132203010000000000000000000000000000000000000000000469000000000000000000000000000000
07177007000000200105022313240000000000000000100000000000000000
091770070001002001050223132400000000000001180002320000000162000000000000000000000000000000100000001000000000000020000000000
091770070002002001050223132400000000000001080002140000000321000000000000000000000000000000100000001000000000000020000000000
091770070003002001050223132400000000000001040001780000000124000000000000000000000000000000100000002750000000000020000000000
091770070004002001050223132400000000000003200000010000002000000000000000000000000000000000000000000000000000000050000000000
11177007000500200105022313240000040000040000002607000000260700000000000000000000000000260700000000000000
121770070006002001050223132400000000000000000000000000000000000000000000002607000000000000000000000000000000
07177008000000200105022313330000000000000000100000000000000000
091770080001002001050223133300000000000001290002340000000187000000000000000000000000000000100000000250000000000020000000000
091770080002002001050223133300000000000001090000720000000058000000000000000000000000000000100000001500000000000020000000000
11177008000300200105022313330000040000020000000245000000024500000000000000000000000000024500000000000000
121770080004002001050223133300000000000000000000000000000000000000000000000245000000000000000000000000000000
07177009000000200105022313360000000000000000100000000000000000
091770090001002001050223133600000000000003030000010000000199000000000000000000000000000000000000000830000000000040000000000
11177009000200200105022313360000040000010000000199000000019900000000000000000000000000019900000000000000
121770090003002001050223133600000000000000000000000000000000000000000000000199000000000000000000000000000000
07177010000000200105022313400000000000000000100000000000000000
17177010000100200105022313400000000000000250
091770100002002001050223134000000000000005020000100000001000I 0000000000000000000000000000000000000100000000000020000000000
091770100003002001050223134000000000000003200000010000002000000000000000000000000000000000000000000000000000000050000000000
11177010000400200105022313400000040000020000003000000000300000000000000000000000000000300000000000000000
121770100005002001050223134003010000000000000000000000000000000000000000003000000000000000000000000000000000
07177011000000200105022313400000000000000000100000000000000000
091770110001002001050223134000000000000002080002980000000149000000000000000000000000000000100000000500000000000010000000000
11177011000200200105022313400000040000010000000149000000014900000000000000000000000000014900000000000000
121770110003002001050223134000000000000000000000000000000000000000000000000149000000000000000000000000000000
07177012000000200105022313430000000000000000100000000000000000
091770120001002001050223134300000000000005020000100000001000I 0000000000000000000000000000000000000100000000000020000000000
11177012000200200105022313430000040000010000001000000000100000000000000000000000000000100000000000000000
121770120003002001050223134300000000000000000000000000000000000000000000001000000000000000000000000000000000
07177013000000200105022313480000000000000000100000000000000000
091770130001002001050223134800000000000002340000900000000180000000000000000000000000000000100000004170000000000010000000000
091770130002002001050223134800000000000001060006640000000398000000000000000000000000000000100000001500000000000020000000000
091770130003002001050223134800000000000001010018520000000924000000000000000000000000000000100000001400000000000020000000000
091770130004002001050223134800000000000001070001500000000300000000000000000000000000000000100000010000000000000020000000000
091770130005002001050223134800000000000002060003080000000616000000000000000000000000000000100000002990000000000010000000000
091770130006002001050223134800000000000002340000880000000176000000000000000000000000000000100000004170000000000010000000000
11177013000700200105022313480000040000060000002594000000259400000000000000000000000000259400000000000000
121770130008002001050223134800000000000000000000000000000000000000000000002594000000000000000000000000000000
07177014000000200105022313490000000000000000100000000000000000
091770140001002001050223134900000000000001290008640000000690000000000000000000000000000000100000000250000000000020000000000
11177014000200200105022313490000040000010000000690000000069000000000000000000000000000069000000000000000
121770140003002001050223134900000000000000000000000000000000000000000000000690000000000000000000000000000000
07177015000000200105022313520000000000000000100000000000000000
091770150001002001050223135200000000000002280008560000000427000000000000000000000000000000100000001000000000000010000000000
091770150002002001050223135200000000000002260009080000000544000000000000000000000000000000100000003000000000000010000000000
091770150003002001050223135200000000000002010007980000000398000000000000000000000000000000100000002150000000000010000000000
091770150004002001050223135200000000000002070009440000000754000000000000000000000000000000100000001990000000000010000000000
091770150005002001050223135200000000000002190000010000000599000000000000000000000000000000000000002250000000000010000000000
091770150006002001050223135200000000000002220000020000000798000000000000000000000000000000000000001500000000000010000000000
11177015000700200105022313520000040000060000003520000000352000000000000000000000000000352000000000000000
121770150008002001050223135200000000000000000000000000000000000000000000003520000000000000000000000000000000
07177016000000200105022313540000000000000000100000000000000000
091770160001002001050223135400000000000005480000010000000250I 0300000000000000000000000000000000000000000000000030000000000
11177016000200200105022313540000040000010000000250000000025000000000000000000000000000025000000000000000
121770160003002001050223135400000000000000000000000000000000000000000000000250000000000000000000000000000000
07177017000000200105022313540000000000000000100000000000000000
091770170001002001050223135400000000000003030000010000000199000000000000000000000000000000000000000830000000000040000000000
11177017000200200105022313540000040000010000000199000000019900000000000000000000000000019900000000000000
121770170003002001050223135400000000000000000000000000000000000000000000000199000000000000000000000000000000
07177018000000200105022313550000000000000000100000000000000000
091770180001002001050223135500000000000001010007060000000352000000000000000000000000000000100000001400000000000020000000000
11177018000200200105022313550000040000010000000352000000035200000000000000000000000000035200000000000000
121770180003002001050223135500000000000000000000000000000000000000000000000352000000000000000000000000000000
07177019000000200105022314020000000000000000100000000000000000
091770190001002001050223140200000000000005020000100000001000I 0000000000000000000000000000000000000100000000000020000000000
11177019000200200105022314020000040000010000001000000000100000000000000000000000000000100000000000000000
121770190003002001050223140200000000000000000000000000000000000000000000001000000000000000000000000000000000
18177019000400200105022314060100000020000000000000000000000001
18177019000500200105022314060600000007000000000000000000000001
18177019000600200105022314060200000002000000000000000000000001
18177019000700200105022314070200000035000000000000000000000001
18177019000800200105022314110400000070000000000000000000000001
061770190009002001050223141200000100001200000000000000000000000000000000000000000000
0417702000000020010502231413000001176855177020000001882924810000018849004305022300001851500000000000000000000000000038610001000000000000000000000000000000000000000000000000000000000000000000000000000000001234567890AB        
