01181177000000200103032307110000010000015000000001934231381.82G5E   1234567890AB        Generica            
02181177000100200103032307110000010000040000000000
07181178000000200103032307340000000000000000100000000000000000
091811780001002001030323073400000000000003030000020000000398000000000000000000000000000000000000000830000000000040000000000
11181178000200200103032307340000040000010000000398000000039800000000000000000000000000039800000000000000
121811780003002001030323073400000000000000000000000000000000000000000000000398000000000000000000000000000000
07181179000000200103032307410000000000000000100000000000000000
091811790001002001030323074100000000000003120000030000000597000000000000000000000000000000000000000700000000000040000000000
11181179000200200103032307410000040000010000000597000000059700000000000000000000000000059700000000000000
121811790003002001030323074100000000000000000000000000000000000000000000000597000000000000000000000000000000
07181180000000200103032307480000000000000000100000000000000000
091811800001002001030323074800000000000001060001220000000122000000000000000000000000000000100000001500000000000020000000000
091811800002002001030323074800000000000002040001920000000077000000000000000000000000000000100000000500000000000010000000000
091811800003002001030323074800000000000001030011340000000906000000000000000000000000000000100000002800000000000020000000000
091811800004002001030323074800000000000005020000010000000100I 0000000000000000000000000000000000000100000000000020000000000
11181180000500200103032307480000040000040000001205000000120500000000000000000000000000120500000000000000
121811800006002001030323074800000000000000000000000000000000000000000000001205000000000000000000000000000000
07181181000000200103032307500000000000000000100000000000000000
091811810001002001030323075000000000000005020000010000000100I 0000000000000000000000000000000000000100000000000020000000000
11181181000200200103032307500000040000010000000100000000010000000000000000000000000000010000000000000000
121811810003002001030323075000000000000000000000000000000000000000000000000100000000000000000000000000000000
07181182000000200103032307500000000000000000100000000000000000
091811820001002001030323075000000000000001050006520000000260000000000000000000000000000000100000002000000000000020000000000
11181182000200200103032307500000040000010000000260000000026000000000000000000000000000026000000000000000
121811820003002001030323075000000000000000000000000000000000000000000000000260000000000000000000000000000000
07181183000000200103032307530000000000000000100000000000000000
091811830001002001030323075300000000000002110003560000000213000000000000000000000000000000100000002990000000000010000000000
091811830002002001030323075300000000000003010000010000001000000000000000000000000000000000000000006000000000000050000000000
11181183000300200103032307530000040000020000001213000000121300000000000000000000000000121300000000000000
121811830004002001030323075300000000000000000000000000000000000000000000001213000000000000000000000000000000
14181184000000200103032308050000010000000000
14181185000000200103032308050000010000000000
18181185000100200103032308060200000001000000000000000000000001
14181186000000200103032308130000010000000000
07181187000000200103032308130000000000000000100000000000000000
091811870001002001030323081300000000000001130015500000000928000000000000000000000000000000100000001500000000000020000000000
11181187000200200103032308130000040000010000000928000000092800000000000000000000000000092800000000000000
121811870003002001030323081300000000000000000000000000000000000000000000000928000000000000000000000000000000
07181188000000200103032308130000000000000000100000000000000000
091811880001002001030323081300000000000005020000120000001200I 0000000000000000000000000000000000000100000000000020000000000
091811880002002001030323081300000000000003040000010000000299000000000000000000000000000000000000000700000000000040000000000
11181188000300200103032308130000040000020000001499000000149900000000000000000000000000149900000000000000
121811880004002001030323081300000000000000000000000000000000000000000000001499000000000000000000000000000000
07181189000000200103032308150000000000000000100000000000000000
091811890001002001030323081500000000000002480007100000000283000000000000000000000000000000100000002000000000000050000000000
11181189000200200103032308150000040000010000000283000000028300000000000000000000000000028300000000000000
121811890003002001030323081500000000000000000000000000000000000000000000000283000000000000000000000000000000
07181190000000200103032308270000000000000000100000000000000000
091811900001002001030323082700000000000005020000240000002400I 0000000000000000000000000000000000000100000000000020000000000
091811900002002001030323082700000000000005020000040000000400I 0000000000000000000000000000000000000100000000000020000000000
11181190000300200103032308270000040000020000002800000000280000000000000000000000000000280000000000000000
121811900004002001030323082700000000000000000000000000000000000000000000002800000000000000000000000000000000
07181191000000200103032308330000000000000000100000000000000000
091811910001002001030323083300000000000005020000010000000100I 0000000000000000000000000000000000000100000000000020000000000
091811910002002001030323083300000000000003030000010000000199000000000000000000000000000000000000000830000000000040000000000
091811910003002001030323083300000000000001130011680000000700000000000000000000000000000000100000001500000000000020000000000
091811910004002001030323083300000000000005020000060000000600I 0000000000000000000000000000000000000100000000000020000000000
091811910005002001030323083300000000000002080007660000000382000000000000000000000000000000100000000500000000000010000000000
091811910006002001030323083300000000000001160004940000000247000000000000000000000000000000100000000670000000000020000000000
091811910007002001030323083300000000000001250007480000000448I 0000000000000000000000000000100000000530000000000020000000000
091811910008002001030323083300000000000001040005600000000335000000000000000000000000000000100000002750000000000020000000000
091811910009002001030323083300000000000001180001860000000130000000000000000000000000000000100000001000000000000020000000000
091811910010002001030323083300000000000001110006760000000270000000000000000000000000000000100000002000000000000020000000000
091811910011002001030323083300000000000003010000010000001000000000000000000000000000000000000000006000000000000050000000000
091811910012002001030323083300000000000002170000010000001499000000000000000000000000000000000000006500000000000010000000000
091811910013002001030323083300000000000005020000120000001200I 0000000000000000000000000000000000000100000000000020000000000
091811910014002001030323083300000000000001150003880000000310000000000000000000000000000000100000001000000000000020000000000
091811910015002001030323083300000000000001100010120000000505000000000000000000000000000000100000000500000000000020000000000
091811910016002001030323083300000000000001070002560000000384000000000000000000000000000000100000010000000000000020000000000
091811910017002001030323083300000000000003110000010000000899000000000000000000000000000000000000001000000000000040000000000
091811910018002001030323083300000000000002040005620000000224000000000000000000000000000000100000000500000000000010000000000
091811910019002001030323083300000000000005020000060000000600I 0000000000000000000000000000000000000100000000000020000000000
091811910020002001030323083300000000000002130010080000000402000000000000000000000000000000100000001400000000000010000000000
11181191002100200103032308330000040000200000010434000001043400000000000000000000000001043400000000000000
121811910022002001030323083300000000000000000000000000000000000000000000010434000000000000000000000000000000
07181192000000200103032308340000000000000000100000000000000000
091811920001002001030323083400000000000001290012180000000425000000000000000000000000000000100000000250000000000020000000000
091811920002002001030323083400000000000003040000010000000299000000000000000000000000000000000000000700000000000040000000000
091811920003002001030323083400000000000003030000010000000199000000000000000000000000000000000000000830000000000040000000000
091811920004002001030323083400000000000003120000060000001194000000000000000000000000000000000000000700000000000040000000000
11181192000500200103032308340000040000040000002117000000211700000000000000000000000000211700000000000000
121811920006002001030323083403010000000000000000000000000000000000000000002117000000000000000000000000000000
07181193000000200103032308350000000000000000100000000000000000
091811930001002001030323083500000000000002040066000000002633000000000000000000000000000000100000000500000000000010000000000
091811930002002001030323083500000000000002220000020000000998000000000000000000000000000000000000001500000000000010000000000
11181193000300200103032308350000040000020000003631000000363100000000000000000000000000363100000000000000
121811930004002001030323083500000000000000000000000000000000000000000000003631000000000000000000000000000000
07181194000000200103032308370000000000000000100000000000000000
091811940001002001030323083700000000000001050054740000002184000000000000000000000000000000100000002000000000000020000000000
091811940002002001030323083700000000000002290000020000001598000000000000000000000000000000000000002500000000000010000000000
11181194000300200103032308370000040000020000003782000000378200000000000000000000000000378200000000000000
121811940004002001030323083700000000000000000000000000000000000000000000003782000000000000000000000000000000
07181195000000200103032308400000000000000000100000000000000000
091811950001002001030323084000000000000003040000010000000299000000000000000000000000000000000000000700000000000040000000000
091811950002002001030323084000000000000001090001080000000097000000000000000000000000000000100000001500000000000020000000000
11181195000300200103032308400000040000020000000396000000039600000000000000000000000000039600000000000000
121811950004002001030323084003060000000000000000000000000000000000000000000396000000000000000000000000000000
07181196000000200103032308430000000000000000100000000000000000
091811960001002001030323084300000000000001020014560000000727000000000000000000000000000000100000001200000000000020000000000
091811960002002001030323084300000000000001120004740000000521000000000000000000000000000000100000001000000000000020000000000
091811960003002001030323084300000000000001150002220000000177000000000000000000000000000000100000001000000000000020000000000
091811960004002001030323084300000000000003050000020000000398000000000000000000000000000000000000000700000000000040000000000
091811960005002001030323084300000000000005020000020000000200I 0000000000000000000000000000000000000100000000000020000000000
091811960006002001030323084300000000000005020000010000000100I 0000000000000000000000000000000000000100000000000020000000000
11181196000700200103032308430000040000060000002123000000212300000000000000000000000000212300000000000000
121811960008002001030323084303060000000000000000000000000000000000000000002123000000000000000000000000000000
07181197000000200103032308490000000000000000100000000000000000
091811970001002001030323084900000000000001160004680000000234000000000000000000000000000000100000000670000000000020000000000
091811970002002001030323084900000000000001060001300000000130000000000000000000000000000000100000001500000000000020000000000
091811970003002001030323084900000000000001250003600000000216I 0000000000000000000000000000100000000530000000000020000000000
091811970004002001030323084900000000000001100002120000000106000000000000000000000000000000100000000500000000000020000000000
091811970005002001030323084900000000000001270001900000000076000000000000000000000000000000100000000250000000000020000000000
091811970006002001030323084900000000000002460003200000000272000000000000000000000000000000100000000000000000000010000000000
11181197000700200103032308490000040000060000001034000000103400000000000000000000000000103400000000000000
121811970008002001030323084903010000000000000000000000000000000000000000001034000000000000000000000000000000
07181198000000200103032308490000000000000000100000000000000000
091811980001002001030323084900000000000002130010840000000433000000000000000000000000000000100000001400000000000010000000000
11181198000200200103032308490000040000010000000433000000043300000000000000000000000000043300000000000000
121811980003002001030323084900000000000000000000000000000000000000000000000433000000000000000000000000000000
07181199000000200103032308550000000000000000100000000000000000
091811990001002001030323085500000000000003030000010000000199000000000000000000000000000000000000000830000000000040000000000
091811990002002001030323085500000000000001110005200000000207000000000000000000000000000000100000002000000000000020000000000
091811990003002001030323085500000000000001040011000000000659000000000000000000000000000000100000002750000000000020000000000
091811990004002001030323085500000000000001060005280000000527000000000000000000000000000000100000001500000000000020000000000
091811990005002001030323085500000000000001080009200000000919000000000000000000000000000000100000001000000000000020000000000
091811990006002001030323085500000000000003200000010000002200000000000000000000000000000000000000000000000000000050000000000
11181199000700200103032308550000040000060000004711000000471100000000000000000000000000471100000000000000
121811990008002001030323085503010000000000000000000000000000000000000000004711000000000000000000000000000000
07181200000000200103032308560000000000000000100000000000000000
091812000001002001030323085600000000000002480003480000000139000000000000000000000000000000100000002000000000000050000000000
091812000002002001030323085600000000000003030000010000000199000000000000000000000000000000000000000830000000000040000000000
11181200000300200103032308560000040000020000000338000000033800000000000000000000000000033800000000000000
121812000004002001030323085600000000000000000000000000000000000000000000000338000000000000000000000000000000
07181201000000200103032309010000000000000000100000000000000000
091812010001002001030323090100000000000001080004320000000432000000000000000000000000000000100000001000000000000020000000000
091812010002002001030323090100000000000003050000010000000199000000000000000000000000000000000000000700000000000040000000000
091812010003002001030323090100000000000001090000840000000076000000000000000000000000000000100000001500000000000020000000000
091812010004002001030323090100000000000001070000700000000105000000000000000000000000000000100000010000000000000020000000000
091812010005002001030323090100000000000001050003240000000129000000000000000000000000000000100000002000000000000020000000000
091812010006002001030323090100000000000005020000030000000300I 0000000000000000000000000000000000000100000000000020000000000
11181201000700200103032309010000040000060000001241000000124100000000000000000000000000124100000000000000
121812010008002001030323090100000000000000000000000000000000000000000000001241000000000000000000000000000000
07181202000000200103032309100000000000000000100000000000000000
091812020001002001030323091000000000000002070007040000000562000000000000000000000000000000100000001990000000000010000000000
11181202000200200103032309100000040000010000000562000000056200000000000000000000000000056200000000000000
121812020003002001030323091000000000000000000000000000000000000000000000000562000000000000000000000000000000
07181203000000200103032309120000000000000000100000000000000000
091812030001002001030323091200000000000002080013280000000663000000000000000000000000000000100000000500000000000010000000000
11181203000200200103032309120000040000010000000663000000066300000000000000000000000000066300000000000000
121812030003002001030323091200000000000000000000000000000000000000000000000663000000000000000000000000000000
07181204000000200103032309150000000000000000100000000000000000
091812040001002001030323091500000000000001050008000000000319000000000000000000000000000000100000002000000000000020000000000
11181204000200200103032309150000040000010000000319000000031900000000000000000000000000031900000000000000
121812040003002001030323091500000000000000000000000000000000000000000000000319000000000000000000000000000000
07181205000000200103032309170000000000000000100000000000000000
091812050001002001030323091700000000000002070027880000002228000000000000000000000000000000100000001990000000000010000000000
091812050002002001030323091700000000000002280009020000000540000000000000000000000000000000100000001000000000000010000000000
11181205000300200103032309170000040000020000002768000000276800000000000000000000000000276800000000000000
121812050004002001030323091700000000000000000000000000000000000000000000002768000000000000000000000000000000
07181206000000200103032309290000000000000000100000000000000000
091812060001002001030323092900000000000001290000940000000033000000000000000000000000000000100000000250000000000020000000000
091812060002002001030323092900000000000001050000540000000022000000000000000000000000000000100000002000000000000020000000000
11181206000300200103032309290000040000020000000055000000005500000000000000000000000000005500000000000000
121812060004002001030323092900000000000000000000000000000000000000000000000055000000000000000000000000000000
07181207000000200103032309310000000000000000100000000000000000
091812070001002001030323093100000000000001290011280000000394000000000000000000000000000000100000000250000000000020000000000
091812070002002001030323093100000000000005020000100000001000I 0000000000000000000000000000000000000100000000000020000000000
11181207000300200103032309310000040000020000001394000000139400000000000000000000000000139400000000000000
121812070004002001030323093104000000000000000000000000000000000000000000001394000000000000000000000000000000
07181208000000200103032309320000000000000000100000000000000000
091812080001002001030323093200000000000001160004760000000238000000000000000000000000000000100000000670000000000020000000000
091812080002002001030323093200000000000003070000010000000199000000000000000000000000000000000000000100000000000040000000000
11181208000300200103032309320000040000020000000437000000043700000000000000000000000000043700000000000000
121812080004002001030323093200000000000000000000000000000000000000000000000437000000000000000000000000000000
07181209000000200103032309410000000000000000100000000000000000
091812090001002001030323094100000000000002110002900000000174000000000000000000000000000000100000002990000000000010000000000
091812090002002001030323094100000000000002010013220000000792000000000000000000000000000000100000002150000000000010000000000
11181209000300200103032309410000040000020000000966000000096600000000000000000000000000096600000000000000
121812090004002001030323094103060000000000000000000000000000000000000000000966000000000000000000000000000000
07181210000000200103032309540000000000000000100000000000000000
091812100001002001030323095400000000000002220000010000000499000000000000000000000000000000000000001500000000000010000000000
11181210000200200103032309540000040000010000000499000000049900000000000000000000000000049900000000000000
121812100003002001030323095400000000000000000000000000000000000000000000000499000000000000000000000000000000
07181211000000200103032310030000000000000000100000000000000000
091812110001002001030323100300000000000002480005880000000235000000000000000000000000000000100000002000000000000050000000000
091812110002002001030323100300000000000002080004060000000203000000000000000000000000000000100000000500000000000010000000000
091812110003002001030323100300000000000002040003440000000137000000000000000000000000000000100000000500000000000010000000000
091812110004002001030323100300000000000001060001980000000198000000000000000000000000000000100000001500000000000020000000000
091812110005002001030323100300000000000001170002420000000097000000000000000000000000000000100000001430000000000020000000000
091812110006002001030323100300000000000003030000010000000199000000000000000000000000000000000000000830000000000040000000000
091812110007002001030323100300000000000001080003860000000386000000000000000000000000000000100000001000000000000020000000000
091812110008002001030323100300000000000003110000010000000899000000000000000000000000000000000000001000000000000040000000000
091812110009002001030323100300000000000002130011340000000452000000000000000000000000000000100000001400000000000010000000000
091812110010002001030323100300000000000001090001480000000133000000000000000000000000000000100000001500000000000020000000000
11181211001100200103032310030000040000100000002939000000293900000000000000000000000000293900000000000000
121812110012002001030323100300000000000000000000000000000000000000000000002939000000000000000000000000000000
07181212000000200103032310050000000000000000100000000000000000
091812120001002001030323100500000000000001290005040000000176000000000000000000000000000000100000000250000000000020000000000
11181212000200200103032310050000040000010000000176000000017600000000000000000000000000017600000000000000
121812120003002001030323100500000000000000000000000000000000000000000000000176000000000000000000000000000000
07181213000000200103032310090000000000000000100000000000000000
091812130001002001030323100900000000000001070001100000000165000000000000000000000000000000100000010000000000000020000000000
11181213000200200103032310090000040000010000000165000000016500000000000000000000000000016500000000000000
121812130003002001030323100900000000000000000000000000000000000000000000000165000000000000000000000000000000
07181214000000200103032310100000000000000000100000000000000000
091812140001002001030323101000000000000002070007560000000604000000000000000000000000000000100000001990000000000010000000000
091812140002002001030323101000000000000003030000010000000199000000000000000000000000000000000000000830000000000040000000000
091812140003002001030323101000000000000003040000010000000299000000000000000000000000000000000000000700000000000040000000000
091812140004002001030323101000000000000002190000010000000699000000000000000000000000000000000000002250000000000010000000000
11181214000500200103032310100000040000040000001801000000180100000000000000000000000000180100000000000000
121812140006002001030323101003060000000000000000000000000000000000000000001801000000000000000000000000000000
07181215000000200103032310140000000000000000100000000000000000
091812150001002001030323101400000000000002010009260000000555000000000000000000000000000000100000002150000000000010000000000
091812150002002001030323101400000000000002070013200000001055000000000000000000000000000000100000001990000000000010000000000
091812150003002001030323101400000000000001050005000000000200000000000000000000000000000000100000002000000000000020000000000
091812150004002001030323101400000000000002090007220000000866000000000000000000000000000000100000004720000000000010000000000
091812150005002001030323101400000000000001170003780000000151000000000000000000000000000000100000001430000000000020000000000
11181215000600200103032310140000040000050000002827000000282700000000000000000000000000282700000000000000
121812150007002001030323101400000000000000000000000000000000000000000000002827000000000000000000000000000000
07181216000000200103032310150000000000000000100000000000000000
091812160001002001030323101500000000000002040019360000000772000000000000000000000000000000100000000500000000000010000000000
091812160002002001030323101500000000000005020000040000000400I 0000000000000000000000000000000000000100000000000020000000000
091812160003002001030323101500000000000005020000010000000100I 0000000000000000000000000000000000000100000000000020000000000
11181216000400200103032310150000040000030000001272000000127200000000000000000000000000127200000000000000
121812160005002001030323101500000000000000000000000000000000000000000000001272000000000000000000000000000000
07181217000000200103032310200000000000000000100000000000000000
091812170001002001030323102000000000000002010002240000000134000000000000000000000000000000100000002150000000000010000000000
11181217000200200103032310200000040000010000000134000000013400000000000000000000000000013400000000000000
121812170003002001030323102003010000000000000000000000000000000000000000000134000000000000000000000000000000
07181218000000200103032310220000000000000000100000000000000000
091812180001002001030323102200000000000005020000060000000600I 0000000000000000000000000000000000000100000000000020000000000
091812180002002001030323102200000000000005020000060000000600I 0000000000000000000000000000000000000100000000000020000000000
091812180003002001030323102200000000000005020000240000002400I 0000000000000000000000000000000000000100000000000020000000000
11181218000400200103032310220000040000030000003600000000360000000000000000000000000000360000000000000000
121812180005002001030323102200000000000000000000000000000000000000000000003600000000000000000000000000000000
07181219000000200103032310420000000000000000100000000000000000
091812190001002001030323104200000000000002480006000000000239000000000000000000000000000000100000002000000000000050000000000
091812190002002001030323104200000000000005020000010000000100I 0000000000000000000000000000000000000100000000000020000000000
11181219000300200103032310420000040000020000000339000000033900000000000000000000000000033900000000000000
121812190004002001030323104200000000000000000000000000000000000000000000000339000000000000000000000000000000
14181220000000200103032310450000010000000000
07181221000000200103032310530000000000000000100000000000000000
091812210001002001030323105300000000000005020000050000000500I 0000000000000000000000000000000000000100000000000020000000000
11181221000200200103032310530000040000010000000500000000050000000000000000000000000000050000000000000000
121812210003002001030323105300000000000000000000000000000000000000000000000500000000000000000000000000000000
07181222000000200103032310550000000000000000100000000000000000
091812220001002001030323105500000000000003200000010000002200000000000000000000000000000000000000000000000000000050000000000
11181222000200200103032310550000040000010000002200000000220000000000000000000000000000220000000000000000
121812220003002001030323105500000000000000000000000000000000000000000000002200000000000000000000000000000000
07181223000000200103032311040000000000000000100000000000000000
091812230001002001030323110400000000000001290007100000000248000000000000000000000000000000100000000250000000000020000000000
11181223000200200103032311040000040000010000000248000000024800000000000000000000000000024800000000000000
121812230003002001030323110400000000000000000000000000000000000000000000000248000000000000000000000000000000
07181224000000200103032311050000000000000000100000000000000000
091812240001002001030323110500000000000003030000010000000199000000000000000000000000000000000000000830000000000040000000000
091812240002002001030323110500000000000001290005260000000184000000000000000000000000000000100000000250000000000020000000000
11181224000300200103032311050000040000020000000383000000038300000000000000000000000000038300000000000000
121812240004002001030323110500000000000000000000000000000000000000000000000383000000000000000000000000000000
07181225000000200103032311110000000000000000100000000000000000
091812250001002001030323111100000000000002040005380000000215000000000000000000000000000000100000000500000000000010000000000
11181225000200200103032311110000040000010000000215000000021500000000000000000000000000021500000000000000
121812250003002001030323111100000000000000000000000000000000000000000000000215000000000000000000000000000000
07181226000000200103032311150000000000000000100000000000000000
091812260001002001030323111500000000000005020000060000000600I 0000000000000000000000000000000000000100000000000020000000000
091812260002002001030323111500000000000005020000060000000600I 0000000000000000000000000000000000000100000000000020000000000
091812260003002001030323111500000000000005020000060000000600I 0000000000000000000000000000000000000100000000000020000000000
11181226000400200103032311150000040000030000001800000000180000000000000000000000000000180000000000000000
121812260005002001030323111500000000000000000000000000000000000000000000001800000000000000000000000000000000
07181227000000200103032311160000000000000000100000000000000000
091812270001002001030323111600000000000003030000010000000199000000000000000000000000000000000000000830000000000040000000000
091812270002002001030323111600000000000003040000010000000299000000000000000000000000000000000000000700000000000040000000000
11181227000300200103032311160000040000020000000498000000049800000000000000000000000000049800000000000000
121812270004002001030323111600000000000000000000000000000000000000000000000498000000000000000000000000000000
07181228000000200103032311170000000000000000100000000000000000
091812280001002001030323111700000000000002260013400000001071000000000000000000000000000000100000003000000000000010000000000
091812280002002001030323111700000000000003190000010000000500000000000000000000000000000000000000002000000000000050000000000
11181228000300200103032311170000040000020000001571000000157100000000000000000000000000157100000000000000
121812280004002001030323111700000000000000000000000000000000000000000000001571000000000000000000000000000000
07181229000000200103032311200000000000000000100000000000000000
091812290001002001030323112000000000000001050014960000000597000000000000000000000000000000100000002000000000000020000000000
11181229000200200103032311200000040000010000000597000000059700000000000000000000000000059700000000000000
121812290003002001030323112000000000000000000000000000000000000000000000000597000000000000000000000000000000
07181230000000200103032311220000000000000000100000000000000000
091812300001002001030323112200000000000003070000010000000199000000000000000000000000000000000000000100000000000040000000000
11181230000200200103032311220000040000010000000199000000019900000000000000000000000000019900000000000000
121812300003002001030323112200000000000000000000000000000000000000000000000199000000000000000000000000000000
07181231000000200103032311270000000000000000100000000000000000
091812310001002001030323112700000000000002220000020000000998000000000000000000000000000000000000001500000000000010000000000
11181231000200200103032311270000040000010000000998000000099800000000000000000000000000099800000000000000
121812310003002001030323112703010000000000000000000000000000000000000000000998000000000000000000000000000000
07181232000000200103032311280000000000000000100000000000000000
091812320001002001030323112800000000000002130012720000000508000000000000000000000000000000100000001400000000000010000000000
11181232000200200103032311280000040000010000000508000000050800000000000000000000000000050800000000000000
121812320003002001030323112802010000000000000000000000000000000000220000000508000000000000000000000000000000
101812320004002001030323112801000000000000002200000005080000000000001312000004
07181233000000200103032311330000000000000000100000000000000000
091812330001002001030323113300000000000002070020780000001660000000000000000000000000000000100000001990000000000010000000000
091812330002002001030323113300000000000002090003880000000465000000000000000000000000000000100000004720000000000010000000000
11181233000300200103032311330000040000020000002125000000212500000000000000000000000000212500000000000000
121812330004002001030323113300000000000000000000000000000000000000000000002125000000000000000000000000000000
07181234000000200103032311350000000000000000100000000000000000
091812340001002001030323113500000000000003200000010000002200000000000000000000000000000000000000000000000000000050000000000
11181234000200200103032311350000040000010000002200000000220000000000000000000000000000220000000000000000
121812340003002001030323113503100000000000000000000000000000000000000000002200000000000000000000000000000000
07181235000000200103032311360000000000000000100000000000000000
091812350001002001030323113600000000000003010000010000001000000000000000000000000000000000000000006000000000000050000000000
11181235000200200103032311360000040000010000001000000000100000000000000000000000000000100000000000000000
121812350003002001030323113600000000000000000000000000000000000000000000001000000000000000000000000000000000
07181236000000200103032311420000000000000000100000000000000000
091812360001002001030323114200000000000002130012560000000501000000000000000000000000000000100000001400000000000010000000000
11181236000200200103032311420000040000010000000501000000050100000000000000000000000000050100000000000000
121812360003002001030323114200000000000000000000000000000000000000000000000501000000000000000000000000000000
07181237000000200103032311440000000000000000100000000000000000
091812370001002001030323114400000000000002130012940000000516000000000000000000000000000000100000001400000000000010000000000
091812370002002001030323114400000000000001080005340000000533000000000000000000000000000000100000001000000000000020000000000
17181237000300200103032311440000000000001499
11181237000400200103032311440000040000020000001049000000104900000000000000000000000000104900000000000000
121812370005002001030323114400000000000000000000000000000000000000000000001049000000000000000000000000000000
07181238000000200103032311450000000000000000100000000000000000
091812380001002001030323114500000000000002260020090000001606000000000000000000000000000000100000003000000000000010000000000
091812380002002001030323114500000000000002080016640000000830000000000000000000000000000000100000000500000000000010000000000
091812380003002001030323114500000000000002080013740000000686000000000000000000000000000000100000000500000000000010000000000
091812380004002001030323114500000000000002170000010000001499000000000000000000000000000000000000006500000000000010000000000
11181238000500200103032311450000040000040000004621000000462100000000000000000000000000462100000000000000
121812380006002001030323114500000000000000000000000000000000000000000000004621000000000000000000000000000000
07181239000000200103032311570000000000000000100000000000000000
091812390001002001030323115700000000000002130012940000000516000000000000000000000000000000100000001400000000000010000000000
091812390002002001030323115700000000000002220000010000000499000000000000000000000000000000000000001500000000000010000000000
11181239000300200103032311570000040000020000001015000000101500000000000000000000000000101500000000000000
121812390004002001030323115700000000000000000000000000000000000000000000001015000000000000000000000000000000
07181240000000200103032312050000000000000000100000000000000000
091812400001002001030323120500000000000003200000010000002200000000000000000000000000000000000000000000000000000050000000000
091812400002002001030323120500000000000005020000240000002400I 0000000000000000000000000000000000000100000000000020000000000
091812400003002001030323120500000000000005020000240000002400I 0000000000000000000000000000000000000100000000000020000000000
11181240000400200103032312050000040000030000007000000000700000000000000000000000000000700000000000000000
121812400005002001030323120503010000000000000000000000000000000000000000007000000000000000000000000000000000
07181241000000200103032312060000000000000000100000000000000000
091812410001002001030323120600000000000001220006820000000272000000000000000000000000000000100000001500000000000020000000000
091812410002002001030323120600000000000002040008100000000323000000000000000000000000000000100000000500000000000010000000000
091812410003002001030323120600000000000001070001300000000195000000000000000000000000000000100000010000000000000020000000000
091812410004002001030323120600000000000001050004220000000168000000000000000000000000000000100000002000000000000020000000000
091812410005002001030323120600000000000001120009100000001000000000000000000000000000000000100000001000000000000020000000000
11181241000600200103032312060000040000050000001958000000195800000000000000000000000000195800000000000000
121812410007002001030323120600000000000000000000000000000000000000000000001958000000000000000000000000000000
07181242000000200103032312070000000000000000100000000000000000
091812420001002001030323120700000000000002010006360000000381000000000000000000000000000000100000002150000000000010000000000
11181242000200200103032312070000040000010000000381000000038100000000000000000000000000038100000000000000
121812420003002001030323120700000000000000000000000000000000000000000000000381000000000000000000000000000000
07181243000000200103032312090000000000000000100000000000000000
091812430001002001030323120900000000000001070000660000000099000000000000000000000000000000100000010000000000000020000000000
091812430002002001030323120900000000000001090000860000000077000000000000000000000000000000100000001500000000000020000000000
091812430003002001030323120900000000000001040002060000000123000000000000000000000000000000100000002750000000000020000000000
091812430004002001030323120900000000000001080000900000000090000000000000000000000000000000100000001000000000000020000000000
11181243000500200103032312090000040000040000000389000000038900000000000000000000000000038900000000000000
121812430006002001030323120900000000000000000000000000000000000000000000000389000000000000000000000000000000
14181244000000200103032312090000010000000000
07181245000000200103032312100000000000000000100000000000000000
091812450001002001030323121000000000000003040000010000000299000000000000000000000000000000000000000700000000000040000000000
091812450002002001030323121000000000000001080002900000000290000000000000000000000000000000100000001000000000000020000000000
091812450003002001030323121000000000000001040002960000000177000000000000000000000000000000100000002750000000000020000000000
11181245000400200103032312100000040000030000000766000000076600000000000000000000000000076600000000000000
121812450005002001030323121000000000000000000000000000000000000000000000000766000000000000000000000000000000
07181246000000200103032312120000000000000000100000000000000000
091812460001002001030323121200000000000003030000010000000199000000000000000000000000000000000000000830000000000040000000000
091812460002002001030323121200000000000003040000010000000299000000000000000000000000000000000000000700000000000040000000000
091812460003002001030323121200000000000001080005620000000561000000000000000000000000000000100000001000000000000020000000000
091812460004002001030323121200000000000001050003780000000151000000000000000000000000000000100000002000000000000020000000000
091812460005002001030323121200000000000001090002200000000198000000000000000000000000000000100000001500000000000020000000000
091812460006002001030323121200000000000002130012240000000488000000000000000000000000000000100000001400000000000010000000000
091812460007002001030323121200000000000002110007600000000455000000000000000000000000000000100000002990000000000010000000000
11181246000800200103032312120000040000070000002351000000235100000000000000000000000000235100000000000000
121812460009002001030323121202010000000000000000000000000000000000190000002351000000000000000000000000000000
101812460010002001030323121201000000000000001900000023510000000000000317000004
07181247000000200103032312140000000000000000100000000000000000
091812470001002001030323121400000000000001130018800000001126000000000000000000000000000000100000001500000000000020000000000
091812470002002001030323121400000000000003050000010000000199000000000000000000000000000000000000000700000000000040000000000
11181247000300200103032312140000040000020000001325000000132500000000000000000000000000132500000000000000
121812470004002001030323121403100000000000000000000000000000000000000000001325000000000000000000000000000000
07181248000000200103032312140000000000000000100000000000000000
091812480001002001030323121400000000000002130010800000000431000000000000000000000000000000100000001400000000000010000000000
11181248000200200103032312140000040000010000000431000000043100000000000000000000000000043100000000000000
121812480003002001030323121400000000000000000000000000000000000000000000000431000000000000000000000000000000
07181249000000200103032312150000000000000000100000000000000000
091812490001002001030323121500000000000002040003260000000130000000000000000000000000000000100000000500000000000010000000000
11181249000200200103032312150000040000010000000130000000013000000000000000000000000000013000000000000000
121812490003002001030323121500000000000000000000000000000000000000000000000130000000000000000000000000000000
07181250000000200103032312170000000000000000100000000000000000
091812500001002001030323121700000000000001070000840000000126000000000000000000000000000000100000010000000000000020000000000
11181250000200200103032312170000040000010000000126000000012600000000000000000000000000012600000000000000
121812500003002001030323121700000000000000000000000000000000000000000000000126000000000000000000000000000000
07181251000000200103032312200000000000000000100000000000000000
091812510001002001030323122000000000000001230001800000000144000000000000000000000000000000100000008750000000000020000000000
091812510002002001030323122000000000000003010000010000001000000000000000000000000000000000000000006000000000000050000000000
091812510003002001030323122000000000000005020000120000001200I 0000000000000000000000000000000000000100000000000020000000000
11181251000400200103032312200000040000030000002344000000234400000000000000000000000000234400000000000000
121812510005002001030323122000000000000000000000000000000000000000000000002344000000000000000000000000000000
07181252000000200103032312230000000000000000100000000000000000
091812520001002001030323122300000000000001100007200000000359000000000000000000000000000000100000000500000000000020000000000
091812520002002001030323122300000000000001010005780000000288000000000000000000000000000000100000001400000000000020000000000
091812520003002001030323122300000000000001060002160000000216000000000000000000000000000000100000001500000000000020000000000
091812520004002001030323122300000000000001110003000000000120000000000000000000000000000000100000002000000000000020000000000
091812520005002001030323122300000000000001180002280000000159000000000000000000000000000000100000001000000000000020000000000
091812520006002001030323122300000000000001250007000000000419I 0000000000000000000000000000100000000530000000000020000000000
091812520007002001030323122300000000000001160004200000000210000000000000000000000000000000100000000670000000000020000000000
091812520008002001030323122300000000000005020000040000000400I 0000000000000000000000000000000000000100000000000020000000000
091812520009002001030323122300000000000005020000040000000400I 0000000000000000000000000000000000000100000000000020000000000
091812520010002001030323122300000000000003190000010000000500000000000000000000000000000000000000002000000000000050000000000
11181252001100200103032312230000040000100000003071000000307100000000000000000000000000307100000000000000
121812520012002001030323122303010000000000000000000000000000000000000000003071000000000000000000000000000000
07181253000000200103032312230000000000000000100000000000000000
091812530001002001030323122300000000000002040013020000000519000000000000000000000000000000100000000500000000000010000000000
11181253000200200103032312230000040000010000000519000000051900000000000000000000000000051900000000000000
121812530003002001030323122300000000000000000000000000000000000000000000000519000000000000000000000000000000
07181254000000200103032312350000000000000000100000000000000000
091812540001002001030323123500000000000002480008260000000330000000000000000000000000000000100000002000000000000050000000000
11181254000200200103032312350000040000010000000330000000033000000000000000000000000000033000000000000000
121812540003002001030323123500000000000000000000000000000000000000000000000330000000000000000000000000000000
07181255000000200103032312360000000000000000100000000000000000
091812550001002001030323123600000000000003030000010000000199000000000000000000000000000000000000000830000000000040000000000
11181255000200200103032312360000040000010000000199000000019900000000000000000000000000019900000000000000
121812550003002001030323123600000000000000000000000000000000000000000000000199000000000000000000000000000000
07181256000000200103032312370000000000000000100000000000000000
091812560001002001030323123700000000000003070000010000000199000000000000000000000000000000000000000100000000000040000000000
11181256000200200103032312370000040000010000000199000000019900000000000000000000000000019900000000000000
121812560003002001030323123702010000000000000000000000000000000000090000000199000000000000000000000000000000
101812560004002001030323123701000000000000000900000001990000000000000518000004
14181257000000200103032312440000010000000000
07181258000000200103032312450000000000000000100000000000000000
091812580001002001030323124500000000000005020000010000000100I 0000000000000000000000000000000000000100000000000020000000000
11181258000200200103032312450000040000010000000100000000010000000000000000000000000000010000000000000000
121812580003002001030323124500000000000000000000000000000000000000000000000100000000000000000000000000000000
14181259000000200103032312460000010000000000
07181260000000200103032312460000000000000000100000000000000000
091812600001002001030323124600000000000002250003520000000352000000000000000000000000000000100000002670000000000010000000000
11181260000200200103032312460000040000010000000352000000035200000000000000000000000000035200000000000000
121812600003002001030323124600000000000000000000000000000000000000000000000352000000000000000000000000000000
07181261000000200103032312490000000000000000100000000000000000
091812610001002001030323124900000000000001270002180000000087000000000000000000000000000000100000000250000000000020000000000
091812610002002001030323124900000000000001270001880000000075000000000000000000000000000000100000000250000000000020000000000
11181261000300200103032312490000040000020000000162000000016200000000000000000000000000016200000000000000
121812610004002001030323124900000000000000000000000000000000000000000000000162000000000000000000000000000000
07181262000000200103032312490000000000000000100000000000000000
091812620001002001030323124900000000000001070001160000000174000000000000000000000000000000100000010000000000000020000000000
11181262000200200103032312490000040000010000000174000000017400000000000000000000000000017400000000000000
121812620003002001030323124902010000000000000000000000000000000000210000000174000000000000000000000000000000
101812620004002001030323124901000000000000002100000001740000000000000210000004
07181263000000200103032313070000000000000000100000000000000000
091812630001002001030323130700000000000001070001960000000294000000000000000000000000000000100000010000000000000020000000000
11181263000200200103032313070000040000010000000294000000029400000000000000000000000000029400000000000000
121812630003002001030323130703050000000000000000000000000000000000000000000294000000000000000000000000000000
07181264000000200103032313170000000000000000100000000000000000
091812640001002001030323131700000000000001070002600000000390000000000000000000000000000000100000010000000000000020000000000
091812640002002001030323131700000000000002260006380000000510000000000000000000000000000000100000003000000000000010000000000
091812640003002001030323131700000000000002080004620000000231000000000000000000000000000000100000000500000000000010000000000
091812640004002001030323131700000000000003200000010000002200000000000000000000000000000000000000000000000000000050000000000
11181264000500200103032313170000040000040000003331000000333100000000000000000000000000333100000000000000
121812640006002001030323131703060000000000000000000000000000000000000000003331000000000000000000000000000000
14181265000000200103032313240000010000000000
07181266000000200103032313260000000000000000100000000000000000
091812660001002001030323132600000000000001270002300000000092000000000000000000000000000000100000000250000000000020000000000
11181266000200200103032313260000040000010000000092000000009200000000000000000000000000009200000000000000
121812660003002001030323132600000000000000000000000000000000000000000000000092000000000000000000000000000000
07181267000000200103032313340000000000000000100000000000000000
091812670001002001030323133400000000000001150003080000000246000000000000000000000000000000100000001000000000000020000000000
091812670002002001030323133400000000000002260004360000000348000000000000000000000000000000100000003000000000000010000000000
11181267000300200103032313340000040000020000000594000000059400000000000000000000000000059400000000000000
121812670004002001030323133400000000000000000000000000000000000000000000000594000000000000000000000000000000
07181268000000200103032313350000000000000000100000000000000000
091812680001002001030323133500000000000002070003360000000268000000000000000000000000000000100000001990000000000010000000000
11181268000200200103032313350000040000010000000268000000026800000000000000000000000000026800000000000000
121812680003002001030323133503010000000000000000000000000000000000000000000268000000000000000000000000000000
07181269000000200103032313430000000000000000100000000000000000
091812690001002001030323134300000000000001090002800000000252000000000000000000000000000000100000001500000000000020000000000
091812690002002001030323134300000000000001080004260000000426000000000000000000000000000000100000001000000000000020000000000
11181269000300200103032313430000040000020000000678000000067800000000000000000000000000067800000000000000
121812690004002001030323134300000000000000000000000000000000000000000000000678000000000000000000000000000000
061812690005002001030323134900000100000700000000000000000000000000000000000000000000
07181270000000200103032313560000000000000000100000000000000000
091812700001002001030323135600000000000003050000010000000199000000000000000000000000000000000000000700000000000040000000000
091812700002002001030323135600000000000003050000010000000199000000000000000000000000000000000000000700000000000040000000000
091812700003002001030323135600000000000003050000010000000199000000000000000000000000000000000000000700000000000040000000000
11181270000400200103032313560000040000030000000597000000059700000000000000000000000000059700000000000000
121812700005002001030323135600000000000000000000000000000000000000000000000597000000000000000000000000000000
07181271000000200103032314000000000000000000100000000000000000
091812710001002001030323140000000000000005040000010000000699I 0100000000000000000000000000000000000000000000000030000000000
11181271000200200103032314000000040000010000000699000000069900000000000000000000000000200000000013010000
121812710003002001030323140000000000000000000000000000000000000000000000000699000000000000000000000000000000
07181272000000200103032314040000000000000000100000000000000000
091812720001002001030323140400000000000005320000050000000995I 0100000000000000000000000000000000001490000000000080000000000
11181272000200200103032314040000040000010000000995000000099500000000000000000000000000099500000000000000
121812720003002001030323140403050000000000000000000000000000000000000000000995000000000000000000000000000000
07181273000000200103032314060000000000000000100000000000000000
091812730001002001030323140600000000000005020000030000000300I 0000000000000000000000000000000000000100000000000020000000000
11181273000200200103032314060000040000010000000300000000030000000000000000000000000000030000000000000000
121812730003002001030323140603060000000000000000000000000000000000000000000300000000000000000000000000000000
14181274000000200103032314070000010000000000
14181275000000200103032314080000010000000000
07181276000000200103032314110000000000000000100000000000000000
091812760001002001030323141100000000000002480004740000000189000000000000000000000000000000100000002000000000000050000000000
091812760002002001030323141100000000000002010008580000000514000000000000000000000000000000100000002150000000000010000000000
091812760003002001030323141100000000000002070013720000001096000000000000000000000000000000100000001990000000000010000000000
091812760004002001030323141100000000000002080011180000000558000000000000000000000000000000100000000500000000000010000000000
091812760005002001030323141100000000000001020007360000000367000000000000000000000000000000100000001200000000000020000000000
091812760006002001030323141100000000000001050003740000000149000000000000000000000000000000100000002000000000000020000000000
091812760007002001030323141100000000000001110003800000000152000000000000000000000000000000100000002000000000000020000000000
091812760008002001030323141100000000000001060004080000000408000000000000000000000000000000100000001500000000000020000000000
091812760009002001030323141100000000000002150000010000000599000000000000000000000000000000000000000500000000000010000000000
091812760010002001030323141100000000000002150000010000000599000000000000000000000000000000000000000500000000000010000000000
091812760011002001030323141100000000000002260011260000000900000000000000000000000000000000100000003000000000000010000000000
091812760012002001030323141100000000000001080005860000000585000000000000000000000000000000100000001000000000000020000000000
091812760013002001030323141100000000000002290000010000000799000000000000000000000000000000000000002500000000000010000000000
11181276001400200103032314110000040000130000006915000000691500000000000000000000000000691500000000000000
121812760015002001030323141100000000000000000000000000000000000000000000006915000000000000000000000000000000
07181277000000200103032314130000000000000000100000000000000000
091812770001002001030323141300000000000002010004920000000295000000000000000000000000000000100000002150000000000010000000000
091812770002002001030323141300000000000001010017460000000871000000000000000000000000000000100000001400000000000020000000000
091812770003002001030323141300000000000002040001860000000074000000000000000000000000000000100000000500000000000010000000000
091812770004002001030323141300000000000001140001760000000176000000000000000000000000000000100000000500000000000020000000000
091812770005002001030323141300000000000001120003560000000391000000000000000000000000000000100000001000000000000020000000000
091812770006002001030323141300000000000002340000940000000188000000000000000000000000000000100000004170000000000010000000000
11181277000700200103032314130000040000060000001995000000199500000000000000000000000001000000000080050000
121812770008002001030323141300000000000000000000000000000000000000000000001995000000000000000000000000000000
07181278000000200103032314160000000000000000100000000000000000
091812780001002001030323141600000000000005290000010000000399I 0100000000000000000000000000000000003990000000000080000000000
091812780002002001030323141600000000000005290000010000000399I 0100000000000000000000000000000000003990000000000080000000000
091812780003002001030323141600000000000003020000010000000100000000000000000000000000000000000000000500000000000000000000000
11181278000400200103032314160000040000030000000898000000089800000000000000000000000000100000000001020000
121812780005002001030323141600000000000000000000000000000000000000000000000898000000000000000000000000000000
07181279000000200103032314210000000000000000100000000000000000
091812790001002001030323142100000000000005080000010000002399I 0100000000000000000000000000000000015000000000000070000000000
11181279000200200103032314210000040000010000002399000000239900000000000000000000000001000000000076010000
121812790003002001030323142100000000000000000000000000000000000000000000002399000000000000000000000000000000
07181280000000200103032314280000000000000000100000000000000000
091812800001002001030323142800000000000001270009000000000359000000000000000000000000000000100000000250000000000020000000000
091812800002002001030323142800000000000001020014100000000704000000000000000000000000000000100000001200000000000020000000000
091812800003002001030323142800000000000001100007280000000363000000000000000000000000000000100000000500000000000020000000000
091812800004002001030323142800000000000002480005880000000235000000000000000000000000000000100000002000000000000050000000000
091812800005002001030323142800000000000005020000010000000100I 0000000000000000000000000000000000000100000000000020000000000
091812800006002001030323142800000000000005020000010000000100I 0000000000000000000000000000000000000100000000000020000000000
091812800007002001030323142800000000000005020000010000000100I 0000000000000000000000000000000000000100000000000020000000000
091812800008002001030323142800000000000001080002560000000256000000000000000000000000000000100000001000000000000020000000000
091812800009002001030323142800000000000001090000800000000072000000000000000000000000000000100000001500000000000020000000000
091812800010002001030323142800000000000001050006980000000279000000000000000000000000000000100000002000000000000020000000000
11181280001100200103032314280000040000100000002568000000256800000000000000000000000000300000000004320000
121812800012002001030323142800000000000000000000000000000000000000000000002568000000000000000000000000000000
14181281000000200103032314580000010000000000
07181282000000200103032314580000000000000000100000000000000000
091812820001002001030323145800000000000002130010480000000418000000000000000000000000000000100000001400000000000010000000000
11181282000200200103032314580000040000010000000418000000041800000000000000000000000000041800000000000000
121812820003002001030323145800000000000000000000000000000000000000000000000418000000000000000000000000000000
07181283000000200103032315140000000000000000100000000000000000
091812830001002001030323151400000000000002020008940000000893000000000000000000000000000000100000001990000000000010000000000
091812830002002001030323151400000000000005220000010000002200I 0100000000000000000000000000000000000000000000000070000000000
091812830003002001030323151400000000000002290000010000000799000000000000000000000000000000000000002500000000000010000000000
091812830004002001030323151400000000000002070007140000000570000000000000000000000000000000100000001990000000000010000000000
11181283000500200103032315140000040000040000004462000000446200000000000000000000000000500000000005380000
121812830006002001030323151400000000000000000000000000000000000000000000004462000000000000000000000000000000
07181284000000200103032315220000000000000000100000000000000000
091812840001002001030323152200000000000005020000010000000100I 0000000000000000000000000000000000000100000000000020000000000
091812840002002001030323152200000000000005020000070000000700I 0000000000000000000000000000000000000100000000000020000000000
11181284000300200103032315220000040000020000000800000000080000000000000000000000000000080000000000000000
121812840004002001030323152200000000000000000000000000000000000000000000000800000000000000000000000000000000
07181285000000200103032315390000000000000000100000000000000000
091812850001002001030323153900000000000005080000010000002399I 0100000000000000000000000000000000015000000000000070000000000
11181285000200200103032315390000040000010000002399000000239900000000000000000000000000239900000000000000
121812850003002001030323153903030000000000000000000000000000000000000000002399000000000000000000000000000000
07181286000000200103032315440000000000000000100000000000000000
091812860001002001030323154400000000000002120007720000000462000000000000000000000000000000100000002250000000000010000000000
091812860002002001030323154400000000000002480007040000000281000000000000000000000000000000100000002000000000000050000000000
11181286000300200103032315440000040000020000000743000000074300000000000000000000000000080000000000570000
121812860004002001030323154400000000000000000000000000000000000000000000000743000000000000000000000000000000
07181287000000200103032315450000000000000000100000000000000000
091812870001002001030323154500000000000002080006960000000347000000000000000000000000000000100000000500000000000010000000000
11181287000200200103032315450000040000010000000347000000034700000000000000000000000000050000000001530000
121812870003002001030323154500000000000000000000000000000000000000000000000347000000000000000000000000000000
07181288000000200103032315470000000000000000100000000000000000
091812880001002001030323154700000000000001050017160000000685000000000000000000000000000000100000002000000000000020000000000
11181288000200200103032315470000040000010000000685000000068500000000000000000000000000070000000000150000
121812880003002001030323154700000000000000000000000000000000000000000000000685000000000000000000000000000000
07181289000000200103032316050000000000000000100000000000000000
091812890001002001030323160500000000000002010012500000000749000000000000000000000000000000100000002150000000000010000000000
091812890002002001030323160500000000000002040004740000000189000000000000000000000000000000100000000500000000000010000000000
091812890003002001030323160500000000000002070004040000000323000000000000000000000000000000100000001990000000000010000000000
11181289000400200103032316050000040000030000001261000000126100000000000000000000000000500000000037390000
121812890005002001030323160500000000000000000000000000000000000000000000001261000000000000000000000000000000
101812890006002001030323161251000000000000001600000344310000000000000644000004
131812890000002001030323161200000000000006440000000000000016000000000003443100000000000000034431
07181290000000200103032316140000000000000000100000000000000000
091812900001002001030323161400000000000003010000010000001000000000000000000000000000000000000000006000000000000050000000000
11181290000200200103032316140000040000010000001000000000100000000000000000000000000000100000000000000000
121812900003002001030323161403030000000000000000000000000000000000000000001000000000000000000000000000000000
07181291000000200103032316260000000000000000100000000000000000
091812910001002001030323162600000000000003050000010000000199000000000000000000000000000000000000000700000000000040000000000
091812910002002001030323162600000000000003050000010000000199000000000000000000000000000000000000000700000000000040000000000
11181291000300200103032316260000040000020000000398000000039800000000000000000000000000050000000001020000
121812910004002001030323162600000000000000000000000000000000000000000000000398000000000000000000000000000000
07181292000000200103032316270000000000000000100000000000000000
091812920001002001030323162700000000000005020000120000001200I 0000000000000000000000000000000000000100000000000020000000000
11181292000200200103032316270000040000010000001200000000120000000000000000000000000000500000000038000000
121812920003002001030323162700000000000000000000000000000000000000000000001200000000000000000000000000000000
07181293000000200103032316390000000000000000100000000000000000
091812930001002001030323163900000000000001050006300000000251000000000000000000000000000000100000002000000000000020000000000
11181293000200200103032316390000040000010000000251000000025100000000000000000000000000100000000007490000
121812930003002001030323163900000000000000000000000000000000000000000000000251000000000000000000000000000000
07181294000000200103032316510000000000000000100000000000000000
091812940001002001030323165100000000000001010007940000000396000000000000000000000000000000100000001400000000000020000000000
091812940002002001030323165100000000000001070000760000000114000000000000000000000000000000100000010000000000000020000000000
091812940003002001030323165100000000000003040000010000000299000000000000000000000000000000000000000700000000000040000000000
11181294000400200103032316510000040000030000000809000000080900000000000000000000000000100000000001910000
121812940005002001030323165100000000000000000000000000000000000000000000000809000000000000000000000000000000
07181295000000200103032316580000000000000000100000000000000000
091812950001002001030323165800000000000002080012480000000623000000000000000000000000000000100000000500000000000010000000000
11181295000200200103032316580000040000010000000623000000062300000000000000000000000000100000000003770000
121812950003002001030323165800000000000000000000000000000000000000000000000623000000000000000000000000000000
07181296000000200103032317000000000000000000100000000000000000
091812960001002001030323170000000000000002090005440000000652000000000000000000000000000000100000004720000000000010000000000
11181296000200200103032317000000040000010000000652000000065200000000000000000000000000100000000003480000
121812960003002001030323170000000000000000000000000000000000000000000000000652000000000000000000000000000000
07181297000000200103032317060000000000000000100000000000000000
091812970001002001030323170600000000000002070004300000000344000000000000000000000000000000100000001990000000000010000000000
11181297000200200103032317060000040000010000000344000000034400000000000000000000000000034400000000000000
121812970003002001030323170603030000000000000000000000000000000000000000000344000000000000000000000000000000
07181298000000200103032317150000000000000000100000000000000000
091812980001002001030323171500000000000003030000010000000199000000000000000000000000000000000000000830000000000040000000000
091812980002002001030323171500000000000001250007900000000473I 0000000000000000000000000000100000000530000000000020000000000
091812980003002001030323171500000000000001080004720000000472000000000000000000000000000000100000001000000000000020000000000
091812980004002001030323171500000000000001220002820000000113000000000000000000000000000000100000001500000000000020000000000
091812980005002001030323171500000000000001160003440000000172000000000000000000000000000000100000000670000000000020000000000
091812980006002001030323171500000000000001010007920000000395000000000000000000000000000000100000001400000000000020000000000
091812980007002001030323171500000000000001100007480000000373000000000000000000000000000000100000000500000000000020000000000
091812980008002001030323171500000000000002070010900000000871000000000000000000000000000000100000001990000000000010000000000
091812980009002001030323171500000000000002250004520000000452000000000000000000000000000000100000002670000000000010000000000
091812980010002001030323171500000000000002150000010000000599000000000000000000000000000000000000000500000000000010000000000
11181298001100200103032317150000040000100000004119000000411900000000000000000000000001000000000058810000
121812980012002001030323171500000000000000000000000000000000000000000000004119000000000000000000000000000000
07181299000000200103032317160000000000000000100000000000000000
091812990001002001030323171600000000000003010000010000001000000000000000000000000000000000000000006000000000000050000000000
11181299000200200103032317160000040000010000001000000000100000000000000000000000000000500000000040000000
121812990003002001030323171600000000000000000000000000000000000000000000001000000000000000000000000000000000
07181300000000200103032317180000000000000000100000000000000000
091813000001002001030323171800000000000001110007200000000287000000000000000000000000000000100000002000000000000020000000000
091813000002002001030323171800000000000001060005500000000549000000000000000000000000000000100000001500000000000020000000000
091813000003002001030323171800000000000001250006220000000373I 0000000000000000000000000000100000000530000000000020000000000
091813000004002001030323171800000000000003190000010000000500000000000000000000000000000000000000002000000000000050000000000
11181300000500200103032317180000040000040000001709000000170900000000000000000000000000170900000000000000
121813000006002001030323171803030000000000000000000000000000000000000000001709000000000000000000000000000000
07181301000000200103032317200000000000000000100000000000000000
091813010001002001030323172000000000000003010000010000001000000000000000000000000000000000000000006000000000000050000000000
091813010002002001030323172000000000000003190000010000000500000000000000000000000000000000000000002000000000000050000000000
091813010003002001030323172000000000000002080011740000000586000000000000000000000000000000100000000500000000000010000000000
091813010004002001030323172000000000000002190000010000000499000000000000000000000000000000000000002250000000000010000000000
091813010005002001030323172000000000000002190000010000000499000000000000000000000000000000000000002250000000000010000000000
091813010006002001030323172000000000000002190000010000000499000000000000000000000000000000000000002250000000000010000000000
11181301000700200103032317200000040000060000003583000000358300000000000000000000000000358300000000000000
121813010008002001030323172003060000000000000000000000000000000000000000003583000000000000000000000000000000
07181302000000200103032317210000000000000000100000000000000000
091813020001002001030323172100000000000005080000010000002399I 0100000000000000000000000000000000015000000000000070000000000
11181302000200200103032317210000040000010000002399000000239900000000000000000000000000239900000000000000
121813020003002001030323172103100000000000000000000000000000000000000000002399000000000000000000000000000000
07181303000000200103032317220000000000000000100000000000000000
091813030001002001030323172200000000000005020000550000005500I 0000000000000000000000000000000000000100000000000020000000000
11181303000200200103032317220000040000010000005500000000550000000000000000000000000000550000000000000000
121813030003002001030323172200000000000000000000000000000000000000000000005500000000000000000000000000000000
07181304000000200103032317280000000000000000100000000000000000
091813040001002001030323172800000000000001150001800000000144000000000000000000000000000000100000001000000000000020000000000
091813040002002001030323172800000000000002080012500000000624000000000000000000000000000000100000000500000000000010000000000
091813040003002001030323172800000000000002040005420000000216000000000000000000000000000000100000000500000000000010000000000
091813040004002001030323172800000000000001080006420000000641000000000000000000000000000000100000001000000000000020000000000
091813040005002001030323172800000000000001040006140000000368000000000000000000000000000000100000002750000000000020000000000
091813040006002001030323172800000000000001010006900000000344000000000000000000000000000000100000001400000000000020000000000
091813040007002001030323172800000000000005040000010000000699I 0100000000000000000000000000000000000000000000000030000000000
11181304000800200103032317280000040000070000003036000000303600000000000000000000000000303600000000000000
121813040009002001030323172803030000000000000000000000000000000000000000003036000000000000000000000000000000
07181305000000200103032317390000000000000000100000000000000000
091813050001002001030323173900000000000001050003080000000123000000000000000000000000000000100000002000000000000020000000000
091813050002002001030323173900000000000002460004720000000401000000000000000000000000000000100000000000000000000010000000000
11181305000300200103032317390000040000020000000524000000052400000000000000000000000000052400000000000000
121813050004002001030323173903040000000000000000000000000000000000000000000524000000000000000000000000000000
07181306000000200103032317450000000000000000100000000000000000
091813060001002001030323174500000000000001010009100000000454000000000000000000000000000000100000001400000000000020000000000
091813060002002001030323174500000000000001170004320000000172000000000000000000000000000000100000001430000000000020000000000
11181306000300200103032317450000040000020000000626000000062600000000000000000000000000062600000000000000
121813060004002001030323174500000000000000000000000000000000000000000000000626000000000000000000000000000000
07181307000000200103032317450000000000000000100000000000000000
091813070001002001030323174500000000000002190000010000000499000000000000000000000000000000000000002250000000000010000000000
11181307000200200103032317450000040000010000000499000000049900000000000000000000000000049900000000000000
121813070003002001030323174500000000000000000000000000000000000000000000000499000000000000000000000000000000
07181308000000200103032317450000000000000000100000000000000000
091813080001002001030323174500000000000003270000010000000100000000000000000000000000000000000000000000000000000050000000000
11181308000200200103032317450000040000010000000100000000010000000000000000000000000000010000000000000000
121813080003002001030323174500000000000000000000000000000000000000000000000100000000000000000000000000000000
07181309000000200103032317530000000000000000100000000000000000
091813090001002001030323175300000000000001170003920000000156000000000000000000000000000000100000001430000000000020000000000
091813090002002001030323175300000000000001300000010000000499000000000000000000000000000000000000001000000000000020000000000
091813090003002001030323175300000000000002170000010000001499000000000000000000000000000000000000006500000000000010000000000
11181309000400200103032317530000040000030000002154000000215400000000000000000000000000215400000000000000
121813090005002001030323175300000000000000000000000000000000000000000000002154000000000000000000000000000000
07181310000000200103032317570000000000000000100000000000000000
091813100001002001030323175700000000000002130011440000000456000000000000000000000000000000100000001400000000000010000000000
11181310000200200103032317570000040000010000000456000000045600000000000000000000000000045600000000000000
121813100003002001030323175703100000000000000000000000000000000000000000000456000000000000000000000000000000
07181311000000200103032317590000000000000000100000000000000000
091813110001002001030323175900000000000002220000010000000499000000000000000000000000000000000000001500000000000010000000000
11181311000200200103032317590000040000010000000499000000049900000000000000000000000000049900000000000000
121813110003002001030323175900000000000000000000000000000000000000000000000499000000000000000000000000000000
07181312000000200103032318080000000000000000100000000000000000
091813120001002001030323180800000000000005020000010000000100I 0000000000000000000000000000000000000100000000000020000000000
091813120002002001030323180800000000000005020000010000000100I 0000000000000000000000000000000000000100000000000020000000000
11181312000300200103032318080000040000020000000200000000020000000000000000000000000000100000000008000000
121813120004002001030323180800000000000000000000000000000000000000000000000200000000000000000000000000000000
07181313000000200103032318100000000000000000100000000000000000
091813130001002001030323181000000000000001010007080000000353000000000000000000000000000000100000001400000000000020000000000
091813130002002001030323181000000000000001100007520000000375000000000000000000000000000000100000000500000000000020000000000
091813130003002001030323181000000000000001090002080000000187000000000000000000000000000000100000001500000000000020000000000
091813130004002001030323181000000000000001120005300000000582000000000000000000000000000000100000001000000000000020000000000
091813130005002001030323181000000000000001080003360000000336000000000000000000000000000000100000001000000000000020000000000
091813130006002001030323181000000000000002260006520000000521000000000000000000000000000000100000003000000000000010000000000
091813130007002001030323181000000000000002080013060000000652000000000000000000000000000000100000000500000000000010000000000
11181313000800200103032318100000040000070000003006000000300600000000000000000000000000300600000000000000
121813130009002001030323181003030000000000000000000000000000000000000000003006000000000000000000000000000000
07181314000000200103032318110000000000000000100000000000000000
091813140001002001030323181100000000000005230000010000004300I 0100000000000000000000000000000000000000000000000070000000000
11181314000200200103032318110000040000010000004300000000430000000000000000000000000001000000000057000000
121813140003002001030323181100000000000000000000000000000000000000000000004300000000000000000000000000000000
07181315000000200103032318120000000000000000100000000000000000
091813150001002001030323181200000000000002040002020000000081000000000000000000000000000000100000000500000000000010000000000
11181315000200200103032318120000040000010000000081000000008100000000000000000000000000008100000000000000
121813150003002001030323181203100000000000000000000000000000000000000000000081000000000000000000000000000000
07181316000000200103032318170000000000000000100000000000000000
091813160001002001030323181700000000000002480004820000000192000000000000000000000000000000100000002000000000000050000000000
091813160002002001030323181700000000000002070009220000000737000000000000000000000000000000100000001990000000000010000000000
11181316000300200103032318170000040000020000000929000000092900000000000000000000000000200000000010710000
121813160004002001030323181700000000000000000000000000000000000000000000000929000000000000000000000000000000
07181317000000200103032318200000000000000000100000000000000000
091813170001002001030323182000000000000001050003940000000157000000000000000000000000000000100000002000000000000020000000000
091813170002002001030323182000000000000001060002360000000236000000000000000000000000000000100000001500000000000020000000000
091813170003002001030323182000000000000001010009040000000451000000000000000000000000000000100000001400000000000020000000000
091813170004002001030323182000000000000001090001000000000090000000000000000000000000000000100000001500000000000020000000000
091813170005002001030323182000000000000002190000010000000499000000000000000000000000000000000000002250000000000010000000000
091813170006002001030323182000000000000001070000920000000138000000000000000000000000000000100000010000000000000020000000000
091813170007002001030323182000000000000004020000020000000200I 0300000000000000000000000000000000000230000000000030000000000
11181317000800200103032318200000040000070000001771000000177100000000000000000000000000177100000000000000
121813170009002001030323182003030000000000000000000000000000000000000000001771000000000000000000000000000000
07181318000000200103032318210000000000000000100000000000000000
091813180001002001030323182100000000000001030006700000000535000000000000000000000000000000100000002800000000000020000000000
11181318000200200103032318210000040000010000000535000000053500000000000000000000000000053500000000000000
121813180003002001030323182100000000000000000000000000000000000000000000000535000000000000000000000000000000
07181319000000200103032318270000000000000000100000000000000000
091813190001002001030323182700000000000002280003620000000217000000000000000000000000000000100000001000000000000010000000000
091813190002002001030323182700000000000002480003580000000143000000000000000000000000000000100000002000000000000050000000000
11181319000300200103032318270000040000020000000360000000036000000000000000000000000000036000000000000000
121813190004002001030323182700000000000000000000000000000000000000000000000360000000000000000000000000000000
07181320000000200103032318280000000000000000100000000000000000
091813200001002001030323182800000000000001020004000000000200000000000000000000000000000000100000001200000000000020000000000
11181320000200200103032318280000040000010000000200000000020000000000000000000000000000020000000000000000
121813200003002001030323182800000000000000000000000000000000000000000000000200000000000000000000000000000000
07181321000000200103032318430000000000000000100000000000000000
091813210001002001030323184300000000000002040028360000001132000000000000000000000000000000100000000500000000000010000000000
091813210002002001030323184300000000000002190000010000000499000000000000000000000000000000000000002250000000000010000000000
091813210003002001030323184300000000000002190000010000000499000000000000000000000000000000000000002250000000000010000000000
091813210004002001030323184300000000000002200000010000000599000000000000000000000000000000000000000990000000000010000000000
11181321000500200103032318430000040000040000002729000000272900000000000000000000000000500000000022710000
121813210006002001030323184300000000000000000000000000000000000000000000002729000000000000000000000000000000
07181322000000200103032318480000000000000000100000000000000000
091813220001002001030323184800000000000001220007860000000314000000000000000000000000000000100000001500000000000020000000000
091813220002002001030323184800000000000001100006480000000323000000000000000000000000000000100000000500000000000020000000000
091813220003002001030323184800000000000001260004300000000258000000000000000000000000000000100000000500000000000020000000000
091813220004002001030323184800000000000001010007380000000368000000000000000000000000000000100000001400000000000020000000000
091813220005002001030323184800000000000001040004780000000286000000000000000000000000000000100000002750000000000020000000000
091813220006002001030323184800000000000001160010880000000543000000000000000000000000000000100000000670000000000020000000000
091813220007002001030323184800000000000001270005820000000232000000000000000000000000000000100000000250000000000020000000000
11181322000800200103032318480000040000070000002324000000232400000000000000000000000000500000000026760000
121813220009002001030323184800000000000000000000000000000000000000000000002324000000000000000000000000000000
07181323000000200103032318500000000000000000100000000000000000
091813230001002001030323185000000000000001030008120000000649000000000000000000000000000000100000002800000000000020000000000
11181323000200200103032318500000040000010000000649000000064900000000000000000000000000064900000000000000
121813230003002001030323185003020000000000000000000000000000000000000000000649000000000000000000000000000000
07181324000000200103032319150000000000000000100000000000000000
091813240001002001030323191500000000000003050000010000000199000000000000000000000000000000000000000700000000000040000000000
091813240002002001030323191500000000000003050000010000000199000000000000000000000000000000000000000700000000000040000000000
11181324000300200103032319150000040000020000000398000000039800000000000000000000000000039800000000000000
121813240004002001030323191503090000000000000000000000000000000000000000000398000000000000000000000000000000
07181325000000200103032319170000000000000000100000000000000000
091813250001002001030323191700000000000002170000010000001499000000000000000000000000000000000000006500000000000010000000000
091813250002002001030323191700000000000002340004940000000988000000000000000000000000000000100000004170000000000010000000000
091813250003002001030323191700000000000002290000010000000799000000000000000000000000000000000000002500000000000010000000000
091813250004002001030323191700000000000011400001300000000091000000000000000000000000000000100000000000000000000010000000000
091813250005002001030323191700000000000002070016520000001320000000000000000000000000000000100000001990000000000010000000000
091813250006002001030323191700000000000002130009240000000369000000000000000000000000000000100000001400000000000010000000000
11181325000700200103032319170000040000060000005066000000506600000000000000000000000000520000000001340000
121813250008002001030323191700000000000000000000000000000000000000000000005066000000000000000000000000000000
07181326000000200103032319240000000000000000100000000000000000
091813260001002001030323192400000000000002190000010000000499000000000000000000000000000000000000002250000000000010000000000
11181326000200200103032319240000040000010000000499000000049900000000000000000000000000049900000000000000
121813260003002001030323192400000000000000000000000000000000000000000000000499000000000000000000000000000000
07181327000000200103032319500000000000000000100000000000000000
091813270001002001030323195000000000000003190000010000000500000000000000000000000000000000000000002000000000000050000000000
11181327000200200103032319500000040000010000000500000000050000000000000000000000000000050000000000000000
121813270003002001030323195002010000000000000000000000000000000000310000000500000000000000000000000000000000
101813270004002001030323195001000000000000003100000005000000000000000238000004
101813270005002001030323195151000000000000003100000005000000000000000239000004
131813270000002001030323195100000000000002390000000000000031000000000000050000000000000000000500
07181328000000200103032319510000000000000000100000000000000000
091813280001002001030323195100000000000003190000010000000500000000000000000000000000000000000000002000000000000050000000000
11181328000200200103032319510000040000010000000500000000050000000000000000000000000000050000000000000000
121813280003002001030323195102010000000000000000000000000000000000120000000500000000000000000000000000000000
101813280004002001030323195101000000000000001200000005000000000000000025000004
101813280005002001030323195251000000000000001200000031000000000000000026000004
131813280000002001030323195200000000000000260000000000000012000000000000310000000000000000003100
101813280001002001030323195251000000000000001200000009440000000000000027000004
131813280000002001030323195200000000000000270000000000000012000000000000094400000000000000001000
07181329000000200103032319560000000000000000100000000000000000
091813290001002001030323195600000000000002030007000000000489000000000000000000000000000000100000002990000000000010000000000
11181329000200200103032319560000040000010000000489000000048900000000000000000000000000050000000000110000
121813290003002001030323195600000000000000000000000000000000000000000000000489000000000000000000000000000000
07181330000000200103032319570000000000000000100000000000000000
091813300001002001030323195700000000000005290000010000000399I 0100000000000000000000000000000000003990000000000080000000000
11181330000200200103032319570000040000010000000399000000039900000000000000000000000000039900000000000000
121813300003002001030323195700000000000000000000000000000000000000000000000399000000000000000000000000000000
07181331000000200103032320030000000000000000100000000000000000
091813310001002001030323200300000000000001090001260000000113000000000000000000000000000000100000001500000000000020000000000
091813310002002001030323200300000000000001080001760000000176000000000000000000000000000000100000001000000000000020000000000
091813310003002001030323200300000000000001040006460000000387000000000000000000000000000000100000002750000000000020000000000
091813310004002001030323200300000000000003050000010000000199000000000000000000000000000000000000000700000000000040000000000
11181331000500200103032320030000040000040000000875000000087500000000000000000000000000087500000000000000
121813310006002001030323200303040000000000000000000000000000000000000000000875000000000000000000000000000000
07181332000000200103032320040000000000000000100000000000000000
091813320001002001030323200400000000000001070000800000000120000000000000000000000000000000100000010000000000000020000000000
11181332000200200103032320040000040000010000000120000000012000000000000000000000000000012000000000000000
121813320003002001030323200403030000000000000000000000000000000000000000000120000000000000000000000000000000
07181333000000200103032320060000000000000000100000000000000000
091813330001002001030323200600000000000005080000010000002399I 0100000000000000000000000000000000015000000000000070000000000
091813330002002001030323200600000000000005110000010000001499I 0100000000000000000000000000000000000000000000000050000000000
091813330003002001030323200600000000000003050000010000000199000000000000000000000000000000000000000700000000000040000000000
091813330004002001030323200600000000000003050000010000000199000000000000000000000000000000000000000700000000000040000000000
091813330005002001030323200600000000000003200000010000002200000000000000000000000000000000000000000000000000000050000000000
11181333000600200103032320060000040000050000006496000000649600000000000000000000000000649600000000000000
121813330007002001030323200603050000000000000000000000000000000000000000006496000000000000000000000000000000
07181334000000200103032320060000000000000000100000000000000000
091813340001002001030323200600000000000005040000010000000699I 0100000000000000000000000000000000000000000000000030000000000
11181334000200200103032320060000040000010000000699000000069900000000000000000000000000100000000003010000
121813340003002001030323200600000000000000000000000000000000000000000000000699000000000000000000000000000000
07181335000000200103032320070000000000000000100000000000000000
091813350001002001030323200700000000000003190000010000000500000000000000000000000000000000000000002000000000000050000000000
11181335000200200103032320070000040000010000000500000000050000000000000000000000000000050000000000000000
121813350003002001030323200700000000000000000000000000000000000000000000000500000000000000000000000000000000
07181336000000200103032320080000000000000000100000000000000000
091813360001002001030323200800000000000003190000010000000500000000000000000000000000000000000000002000000000000050000000000
11181336000200200103032320080000040000010000000500000000050000000000000000000000000000050000000000000000
121813360003002001030323200800000000000000000000000000000000000000000000000500000000000000000000000000000000
07181337000000200103032320090000000000000000100000000000000000
091813370001002001030323200900000000000002010006600000000395000000000000000000000000000000100000002150000000000010000000000
091813370002002001030323200900000000000002090005820000000698000000000000000000000000000000100000004720000000000010000000000
11181337000300200103032320090000040000020000001093000000109300000000000000000000000000109300000000000000
121813370004002001030323200903040000000000000000000000000000000000000000001093000000000000000000000000000000
07181338000000200103032320120000000000000000100000000000000000
091813380001002001030323201200000000000002190000010000000499000000000000000000000000000000000000002250000000000010000000000
11181338000200200103032320120000040000010000000499000000049900000000000000000000000000049900000000000000
121813380003002001030323201203030000000000000000000000000000000000000000000499000000000000000000000000000000
07181339000000200103032320130000000000000000100000000000000000
091813390001002001030323201300000000000002220000010000000499000000000000000000000000000000000000001500000000000010000000000
091813390002002001030323201300000000000002220000010000000499000000000000000000000000000000000000001500000000000010000000000
091813390003002001030323201300000000000002220000010000000499000000000000000000000000000000000000001500000000000010000000000
11181339000400200103032320130000040000030000001497000000149700000000000000000000000000149700000000000000
121813390005002001030323201303030000000000000000000000000000000000000000001497000000000000000000000000000000
07181340000000200103032320140000000000000000100000000000000000
091813400001002001030323201400000000000002080006840000000341000000000000000000000000000000100000000500000000000010000000000
11181340000200200103032320140000040000010000000341000000034100000000000000000000000000050000000001590000
121813400003002001030323201400000000000000000000000000000000000000000000000341000000000000000000000000000000
07181341000000200103032320160000000000000000100000000000000000
091813410001002001030323201600000000000002220000010000000499000000000000000000000000000000000000001500000000000010000000000
11181341000200200103032320160000040000010000000499000000049900000000000000000000000000049900000000000000
121813410003002001030323201603030000000000000000000000000000000000000000000499000000000000000000000000000000
07181342000000200103032320170000000000000000100000000000000000
091813420001002001030323201700000000000002130009240000000369000000000000000000000000000000100000001400000000000010000000000
091813420002002001030323201700000000000002220000010000000499000000000000000000000000000000000000001500000000000010000000000
091813420003002001030323201700000000000005040000010000000699I 0100000000000000000000000000000000000000000000000030000000000
091813420004002001030323201700000000000002260007700000000615000000000000000000000000000000100000003000000000000010000000000
11181342000500200103032320170000040000040000002182000000218200000000000000000000000000500000000028180000
121813420006002001030323201700000000000000000000000000000000000000000000002182000000000000000000000000000000
07181343000000200103032320210000000000000000100000000000000000
091813430001002001030323202100000000000002220000010000000499000000000000000000000000000000000000001500000000000010000000000
11181343000200200103032320210000040000010000000499000000049900000000000000000000000000049900000000000000
121813430003002001030323202103030000000000000000000000000000000000000000000499000000000000000000000000000000
07181344000000200103032320210000000000000000100000000000000000
091813440001002001030323202100000000000005290000010000000399I 0100000000000000000000000000000000003990000000000080000000000
11181344000200200103032320210000040000010000000399000000039900000000000000000000000000500000000046010000
121813440003002001030323202100000000000000000000000000000000000000000000000399000000000000000000000000000000
061813440004002001030323202500000100000700000000000000000000000000000000000000000000
07181345000000200103032320280000000000000000100000000000000000
091813450001002001030323202800000000000001100009140000000456000000000000000000000000000000100000000500000000000020000000000
11181345000200200103032320280000040000010000000456000000045600000000000000000000000000200000000015440000
121813450003002001030323202800000000000000000000000000000000000000000000000456000000000000000000000000000000
18181345000400200103032320290800000010000000000000000000000001
07181346000000200103032320330000000000000000100000000000000000
091813460001002001030323203300000000000002220000010000000499000000000000000000000000000000000000001500000000000010000000000
091813460002002001030323203300000000000002220000010000000499000000000000000000000000000000000000001500000000000010000000000
11181346000300200103032320330000040000020000000998000000099800000000000000000000000000200000000010020000
121813460004002001030323203300000000000000000000000000000000000000000000000998000000000000000000000000000000
07181347000000200103032320410000000000000000100000000000000000
091813470001002001030323204100000000000001150004600000000368000000000000000000000000000000100000001000000000000020000000000
11181347000200200103032320410000040000010000000368000000036800000000000000000000000000100000000006320000
121813470003002001030323204100000000000000000000000000000000000000000000000368000000000000000000000000000000
07181348000000200103032320500000000000000000100000000000000000
091813480001002001030323205000000000000005040000010000000699I 0100000000000000000000000000000000000000000000000030000000000
11181348000200200103032320500000040000010000000699000000069900000000000000000000000000069900000000000000
121813480003002001030323205003100000000000000000000000000000000000000000000699000000000000000000000000000000
0418134900000020010303232056000001181177181349000001934231380000019364310703032300002138480000000000000000000000000000000001000000000000000000000000000000000000000000000000000000000000000000000000000000001234567890AB        
