01183974000000200119032307000000010000009000000001965039941.82G5E   1234567890AB        Generica            
02183974000100200119032307000000010000070000000000
07183975000000200119032307110000000000000000100000000000000000
091839750001002001190323071100000000000003010000010000001000000000000000000000000000000000000000006000000000000050000000000
11183975000200200119032307110000070000010000001000000000100000000000000000000000000000100000000000000000
121839750003002001190323071100000000000000000000000000000000000000000000001000000000000000000000000000000000
07183976000000200119032307190000000000000000100000000000000000
091839760001002001190323071900000000000002070012480000000748000000000000000000000000000000100000001990000000000010000000000
091839760002002001190323071900000000000001080003820000000573000000000000000000000000000000100000001000000000000020000000000
11183976000300200119032307190000070000020000001321000000132100000000000000000000000000132100000000000000
121839760004002001190323071903030000000000000000000000000000000000000000001321000000000000000000000000000000
07183977000000200119032307250000000000000000100000000000000000
091839770001002001190323072500000000000004020000010000000100I 0300000000000000000000000000000000000230000000000030000000000
11183977000200200119032307250000070000010000000100000000010000000000000000000000000000010000000000000000
121839770003002001190323072500000000000000000000000000000000000000000000000100000000000000000000000000000000
07183978000000200119032307260000000000000000100000000000000000
091839780001002001190323072600000000000002090003400000000408000000000000000000000000000000100000004720000000000010000000000
11183978000200200119032307260000070000010000000408000000040800000000000000000000000000050000000000920000
121839780003002001190323072600000000000000000000000000000000000000000000000408000000000000000000000000000000
07183979000000200119032307370000000000000000100000000000000000
091839790001002001190323073700000000000002430005840000000467000000000000000000000000000000100000000000000000000010000000000
091839790002002001190323073700000000000002220000010000000499000000000000000000000000000000000000001500000000000010000000000
091839790003002001190323073700000000000002220000010000000499000000000000000000000000000000000000001500000000000010000000000
11183979000400200119032307370000070000030000001465000000146500000000000000000000000000146500000000000000
121839790005002001190323073703030000000000000000000000000000000000000000001465000000000000000000000000000000
07183980000000200119032307460000000000000000100000000000000000
091839800001002001190323074600000000000004020000010000000100I 0300000000000000000000000000000000000230000000000030000000000
091839800002002001190323074600000000000004020000010000000100I 0300000000000000000000000000000000000230000000000030000000000
091839800003002001190323074600000000000004020000010000000100I 0300000000000000000000000000000000000230000000000030000000000
11183980000400200119032307460000070000030000000300000000030000000000000000000000000000030000000000000000
121839800005002001190323074603050000000000000000000000000000000000000000000300000000000000000000000000000000
07183981000000200119032307550000000000000000100000000000000000
091839810001002001190323075500000000000002200000010000001199000000000000000000000000000000000000000990000000000010000000000
11183981000200200119032307550000070000010000001199000000119900000000000000000000000000119900000000000000
121839810003002001190323075503100000000000000000000000000000000000000000001199000000000000000000000000000000
07183982000000200119032307580000000000000000100000000000000000
091839820001002001190323075800000000000001220007340000000293000000000000000000000000000000100000001500000000000020000000000
11183982000200200119032307580000070000010000000293000000029300000000000000000000000000029300000000000000
121839820003002001190323075804000000000000000000000000000000000000000000000293000000000000000000000000000000
07183983000000200119032308090000000000000000100000000000000000
091839830001002001190323080900000000000001010012820000000319000000000000000000000000000000100000001400000000000020000000000
091839830002002001190323080900000000000001050006340000000253000000000000000000000000000000100000002000000000000020000000000
091839830003002001190323080900000000000003200000010000002200000000000000000000000000000000000000000000000000000050000000000
091839830004002001190323080900000000000001110005440000000217000000000000000000000000000000100000002000000000000020000000000
091839830005002001190323080900000000000001070001320000000198000000000000000000000000000000100000010000000000000020000000000
091839830006002001190323080900000000000001250008300000000331I 0000000000000000000000000000100000000530000000000020000000000
091839830007002001190323080900000000000001060004440000000399000000000000000000000000000000100000001500000000000020000000000
091839830008002001190323080900000000000001160009460000000472000000000000000000000000000000100000000670000000000020000000000
091839830009002001190323080900000000000002070019400000001162000000000000000000000000000000100000001990000000000010000000000
091839830010002001190323080900000000000002040003820000000133000000000000000000000000000000100000000500000000000010000000000
091839830011002001190323080900000000000002300001300000000260000000000000000000000000000000100000005500000000000010000000000
11183983001200200119032308090000070000110000005944000000594400000000000000000000000001000000000040560000
121839830013002001190323080900000000000000000000000000000000000000000000005944000000000000000000000000000000
07183984000000200119032308110000000000000000100000000000000000
091839840001002001190323081100000000000002090005280000000633000000000000000000000000000000100000004720000000000010000000000
091839840002002001190323081100000000000002010008640000000518000000000000000000000000000000100000002150000000000010000000000
11183984000300200119032308110000070000020000001151000000115100000000000000000000000000115100000000000000
121839840004002001190323081103060000000000000000000000000000000000000000001151000000000000000000000000000000
07183985000000200119032308150000000000000000100000000000000000
091839850001002001190323081500000000000002480012320000000492000000000000000000000000000000100000002000000000000050000000000
11183985000200200119032308150000070000010000000492000000049200000000000000000000000000049200000000000000
121839850003002001190323081500000000000000000000000000000000000000000000000492000000000000000000000000000000
07183986000000200119032308180000000000000000100000000000000000
091839860001002001190323081800000000000005020000020000000200I 0000000000000000000000000000000000000100000000000020000000000
091839860002002001190323081800000000000004020000010000000100I 0300000000000000000000000000000000000230000000000030000000000
091839860003002001190323081800000000000004020000010000000100I 0300000000000000000000000000000000000230000000000030000000000
11183986000400200119032308180000070000030000000400000000040000000000000000000000000000100000000006000000
121839860005002001190323081800000000000000000000000000000000000000000000000400000000000000000000000000000000
07183987000000200119032308230000000000000000100000000000000000
091839870001002001190323082300000000000003050000010000000299000000000000000000000000000000000000000700000000000040000000000
091839870002002001190323082300000000000003050000010000000299000000000000000000000000000000000000000700000000000040000000000
091839870003002001190323082300000000000003050000010000000299000000000000000000000000000000000000000700000000000040000000000
11183987000400200119032308230000070000030000000897000000089700000000000000000000000000200000000011030000
121839870005002001190323082300000000000000000000000000000000000000000000000897000000000000000000000000000000
07183988000000200119032308280000000000000000100000000000000000
091839880001002001190323082800000000000003190000010000000500000000000000000000000000000000000000002000000000000050000000000
091839880002002001190323082800000000000005320000010000000199I 0100000000000000000000000000000000001490000000000080000000000
11183988000300200119032308280000070000020000000699000000069900000000000000000000000000100000000003010000
121839880004002001190323082800000000000000000000000000000000000000000000000699000000000000000000000000000000
07183989000000200119032308340000000000000000100000000000000000
091839890001002001190323083400000000000003190000010000000500000000000000000000000000000000000000002000000000000050000000000
11183989000200200119032308340000070000010000000500000000050000000000000000000000000000050000000000000000
121839890003002001190323083400000000000000000000000000000000000000000000000500000000000000000000000000000000
07183990000000200119032308400000000000000000100000000000000000
091839900001002001190323084000000000000003040000010000000299000000000000000000000000000000000000000700000000000040000000000
11183990000200200119032308400000070000010000000299000000029900000000000000000000000000029900000000000000
121839900003002001190323084000000000000000000000000000000000000000000000000299000000000000000000000000000000
07183991000000200119032308440000000000000000100000000000000000
091839910001002001190323084400000000000002090009860000001182000000000000000000000000000000100000004720000000000010000000000
091839910002002001190323084400000000000002340003160000000632000000000000000000000000000000100000004170000000000010000000000
091839910003002001190323084400000000000001040008160000000489000000000000000000000000000000100000002750000000000020000000000
091839910004002001190323084400000000000001060005220000000469000000000000000000000000000000100000001500000000000020000000000
091839910005002001190323084400000000000002370000010000000999000000000000000000000000000000000000009380000000000010000000000
11183991000600200119032308440000070000050000003771000000377100000000000000000000000000500000000012290000
121839910007002001190323084400000000000000000000000000000000000000000000003771000000000000000000000000000000
07183992000000200119032308440000000000000000100000000000000000
091839920001002001190323084400000000000003050000010000000299000000000000000000000000000000000000000700000000000040000000000
11183992000200200119032308440000070000010000000299000000029900000000000000000000000000100000000007010000
121839920003002001190323084400000000000000000000000000000000000000000000000299000000000000000000000000000000
07183993000000200119032308480000000000000000100000000000000000
091839930001002001190323084800000000000001010051160000001274000000000000000000000000000000100000001400000000000020000000000
11183993000200200119032308480000070000010000001274000000127400000000000000000000000000500000000037260000
121839930003002001190323084800000000000000000000000000000000000000000000001274000000000000000000000000000000
07183994000000200119032308490000000000000000100000000000000000
091839940001002001190323084900000000000005290000010000000399I 0100000000000000000000000000000000003990000000000080000000000
11183994000200200119032308490000070000010000000399000000039900000000000000000000000000050000000001010000
121839940003002001190323084900000000000000000000000000000000000000000000000399000000000000000000000000000000
07183995000000200119032308520000000000000000100000000000000000
091839950001002001190323085200000000000001010014500000000361000000000000000000000000000000100000001400000000000020000000000
11183995000200200119032308520000070000010000000361000000036100000000000000000000000000050000000001390000
121839950003002001190323085200000000000000000000000000000000000000000000000361000000000000000000000000000000
07183996000000200119032308580000000000000000100000000000000000
091839960001002001190323085800000000000001010015760000000392000000000000000000000000000000100000001400000000000020000000000
091839960002002001190323085800000000000001040002720000000163000000000000000000000000000000100000002750000000000020000000000
11183996000300200119032308580000070000020000000555000000055500000000000000000000000000055500000000000000
121839960004002001190323085803050000000000000000000000000000000000000000000555000000000000000000000000000000
07183997000000200119032308590000000000000000100000000000000000
091839970001002001190323085900000000000003070000010000000199000000000000000000000000000000000000000100000000000040000000000
11183997000200200119032308590000070000010000000199000000019900000000000000000000000000019900000000000000
121839970003002001190323085900000000000000000000000000000000000000000000000199000000000000000000000000000000
07183998000000200119032309020000000000000000100000000000000000
091839980001002001190323090200000000000003050000010000000299000000000000000000000000000000000000000700000000000040000000000
11183998000200200119032309020000070000010000000299000000029900000000000000000000000000050000000002010000
121839980003002001190323090200000000000000000000000000000000000000000000000299000000000000000000000000000000
07183999000000200119032309070000000000000000100000000000000000
091839990001002001190323090700000000000001040005100000000305000000000000000000000000000000100000002750000000000020000000000
091839990002002001190323090700000000000001060006840000000615000000000000000000000000000000100000001500000000000020000000000
091839990003002001190323090700000000000001010006580000000164000000000000000000000000000000100000001400000000000020000000000
091839990004002001190323090700000000000001090001180000000094000000000000000000000000000000100000001500000000000020000000000
091839990005002001190323090700000000000001080003740000000561000000000000000000000000000000100000001000000000000020000000000
091839990006002001190323090700000000000002070011300000000677000000000000000000000000000000100000001990000000000010000000000
091839990007002001190323090700000000000002010018940000001135000000000000000000000000000000100000002150000000000010000000000
11183999000800200119032309070000070000070000003551000000355100000000000000000000000000400000000004490000
121839990009002001190323090700000000000000000000000000000000000000000000003551000000000000000000000000000000
14184000000000200119032309230000010000000000
07184001000000200119032309240000000000000000100000000000000000
091840010001002001190323092400000000000001050002140000000085000000000000000000000000000000100000002000000000000020000000000
091840010002002001190323092400000000000001100007640000000381000000000000000000000000000000100000000500000000000020000000000
11184001000300200119032309240000070000020000000466000000046600000000000000000000000000100000000005340000
121840010004002001190323092400000000000000000000000000000000000000000000000466000000000000000000000000000000
14184002000000200119032309250000010000000000
07184003000000200119032309270000000000000000100000000000000000
091840030001002001190323092700000000000001050008480000000338000000000000000000000000000000100000002000000000000020000000000
091840030002002001190323092700000000000001150005600000000447000000000000000000000000000000100000001000000000000020000000000
091840030003002001190323092700000000000002070015420000000924000000000000000000000000000000100000001990000000000010000000000
11184003000400200119032309270000070000030000001709000000170900000000000000000000000000500000000032910000
121840030005002001190323092700000000000000000000000000000000000000000000001709000000000000000000000000000000
07184004000000200119032309270000000000000000100000000000000000
091840040001002001190323092700000000000001290002960000000237000000000000000000000000000000100000000250000000000020000000000
11184004000200200119032309270000070000010000000237000000023700000000000000000000000000025000000000130000
121840040003002001190323092700000000000000000000000000000000000000000000000237000000000000000000000000000000
07184005000000200119032309290000000000000000100000000000000000
091840050001002001190323092900000000000005230000010000004300I 0100000000000000000000000000000000000000000000000070000000000
091840050002002001190323092900000000000005020000020000000200I 0000000000000000000000000000000000000100000000000020000000000
091840050003002001190323092900000000000002290000010000000699000000000000000000000000000000000000002500000000000010000000000
11184005000400200119032309290000070000030000005199000000519900000000000000000000000000519900000000000000
121840050005002001190323092903060000000000000000000000000000000000000000005199000000000000000000000000000000
07184006000000200119032309370000000000000000100000000000000000
091840060001002001190323093700000000000003030000010000000199000000000000000000000000000000000000000830000000000040000000000
091840060002002001190323093700000000000002040002240000000078000000000000000000000000000000100000000500000000000010000000000
091840060003002001190323093700000000000001080001220000000183000000000000000000000000000000100000001000000000000020000000000
11184006000400200119032309370000070000030000000460000000046000000000000000000000000000200000000015400000
121840060005002001190323093700000000000000000000000000000000000000000000000460000000000000000000000000000000
07184007000000200119032309410000000000000000100000000000000000
091840070001002001190323094100000000000001290004140000000331000000000000000000000000000000100000000250000000000020000000000
091840070002002001190323094100000000000002040005660000000198000000000000000000000000000000100000000500000000000010000000000
091840070003002001190323094100000000000001170004380000000175000000000000000000000000000000100000001430000000000020000000000
11184007000400200119032309410000070000030000000704000000070400000000000000000000000000200000000012960000
121840070005002001190323094100000000000000000000000000000000000000000000000704000000000000000000000000000000
07184008000000200119032309420000000000000000100000000000000000
091840080001002001190323094200000000000003030000010000000199000000000000000000000000000000000000000830000000000040000000000
11184008000200200119032309420000070000010000000199000000019900000000000000000000000000019900000000000000
121840080003002001190323094200000000000000000000000000000000000000000000000199000000000000000000000000000000
07184009000000200119032309420000000000000000100000000000000000
091840090001002001190323094200000000000005020000010000000100I 0000000000000000000000000000000000000100000000000020000000000
11184009000200200119032309420000070000010000000100000000010000000000000000000000000000010000000000000000
121840090003002001190323094200000000000000000000000000000000000000000000000100000000000000000000000000000000
07184010000000200119032309460000000000000000100000000000000000
091840100001002001190323094600000000000001080003580000000537000000000000000000000000000000100000001000000000000020000000000
091840100002002001190323094600000000000001040002980000000179000000000000000000000000000000100000002750000000000020000000000
091840100003002001190323094600000000000002430004240000000339000000000000000000000000000000100000000000000000000010000000000
091840100004002001190323094600000000000003030000010000000199000000000000000000000000000000000000000830000000000040000000000
091840100005002001190323094600000000000003030000010000000199000000000000000000000000000000000000000830000000000040000000000
11184010000600200119032309460000070000050000001453000000145300000000000000000000000000145300000000000000
121840100007002001190323094603040000000000000000000000000000000000000000001453000000000000000000000000000000
07184011000000200119032309460000000000000000100000000000000000
091840110001002001190323094600000000000001140002760000000276000000000000000000000000000000100000000500000000000020000000000
091840110002002001190323094600000000000003050000010000000299000000000000000000000000000000000000000700000000000040000000000
11184011000300200119032309460000070000020000000575000000057500000000000000000000000000070000000001250000
121840110004002001190323094600000000000000000000000000000000000000000000000575000000000000000000000000000000
07184012000000200119032309470000000000000000100000000000000000
091840120001002001190323094700000000000001020010600000000423000000000000000000000000000000100000001200000000000020000000000
091840120002002001190323094700000000000003070000010000000199000000000000000000000000000000000000000100000000000040000000000
091840120003002001190323094700000000000003070000010000000199000000000000000000000000000000000000000100000000000040000000000
11184012000400200119032309470000070000030000000821000000082100000000000000000000000000200000000011790000
121840120005002001190323094700000000000000000000000000000000000000000000000821000000000000000000000000000000
07184013000000200119032309490000000000000000100000000000000000
091840130001002001190323094900000000000004020000010000000100I 0300000000000000000000000000000000000230000000000030000000000
091840130002002001190323094900000000000004020000010000000100I 0300000000000000000000000000000000000230000000000030000000000
091840130003002001190323094900000000000004020000010000000100I 0300000000000000000000000000000000000230000000000030000000000
091840130004002001190323094900000000000003040000010000000299000000000000000000000000000000000000000700000000000040000000000
091840130005002001190323094900000000000002190000010000000499000000000000000000000000000000000000002250000000000010000000000
091840130006002001190323094900000000000002070012860000000770000000000000000000000000000000100000001990000000000010000000000
091840130007002001190323094900000000000001060003980000000358000000000000000000000000000000100000001500000000000020000000000
091840130008002001190323094900000000000001010007840000000391000000000000000000000000000000100000001400000000000020000000000
091840130009002001190323094900000000000003030000010000000199000000000000000000000000000000000000000830000000000040000000000
11184013001000200119032309490000070000090000002816000000281600000000000000000000000000281600000000000000
121840130011002001190323094903030000000000000000000000000000000000000000002816000000000000000000000000000000
07184014000000200119032309500000000000000000100000000000000000
091840140001002001190323095000000000000001090001140000000091000000000000000000000000000000100000001500000000000020000000000
11184014000200200119032309500000070000010000000091000000009100000000000000000000000000020000000001090000
121840140003002001190323095000000000000000000000000000000000000000000000000091000000000000000000000000000000
07184015000000200119032309520000000000000000100000000000000000
091840150001002001190323095200000000000001050001860000000074000000000000000000000000000000100000002000000000000020000000000
091840150002002001190323095200000000000001290003680000000294000000000000000000000000000000100000000250000000000020000000000
091840150003002001190323095200000000000001010007400000000369000000000000000000000000000000100000001400000000000020000000000
091840150004002001190323095200000000000001150002500000000200000000000000000000000000000000100000001000000000000020000000000
091840150005002001190323095200000000000002070007840000000470000000000000000000000000000000100000001990000000000010000000000
091840150006002001190323095200000000000003040000010000000299000000000000000000000000000000000000000700000000000040000000000
11184015000700200119032309520000070000060000001706000000170600000000000000000000000000170600000000000000
121840150008002001190323095203030000000000000000000000000000000000000000001706000000000000000000000000000000
07184016000000200119032309520000000000000000100000000000000000
091840160001002001190323095200000000000003030000010000000199000000000000000000000000000000000000000830000000000040000000000
11184016000200200119032309520000070000010000000199000000019900000000000000000000000000019900000000000000
121840160003002001190323095200000000000000000000000000000000000000000000000199000000000000000000000000000000
07184017000000200119032309530000000000000000100000000000000000
091840170001002001190323095300000000000001110002240000000089000000000000000000000000000000100000002000000000000020000000000
091840170002002001190323095300000000000001060004720000000424000000000000000000000000000000100000001500000000000020000000000
091840170003002001190323095300000000000001040005780000000346000000000000000000000000000000100000002750000000000020000000000
091840170004002001190323095300000000000001290006620000000529000000000000000000000000000000100000000250000000000020000000000
091840170005002001190323095300000000000003030000010000000199000000000000000000000000000000000000000830000000000040000000000
091840170006002001190323095300000000000003030000010000000199000000000000000000000000000000000000000830000000000040000000000
091840170007002001190323095300000000000003050000030000000897000000000000000000000000000000000000000700000000000040000000000
091840170008002001190323095300000000000003200000010000002200000000000000000000000000000000000000000000000000000050000000000
091840170009002001190323095300000000000003200000010000002200000000000000000000000000000000000000000000000000000050000000000
11184017001000200119032309530000070000090000007083000000708300000000000000000000000001000000000029170000
121840170011002001190323095300000000000000000000000000000000000000000000007083000000000000000000000000000000
07184018000000200119032309540000000000000000100000000000000000
091840180001002001190323095400000000000003050000010000000299000000000000000000000000000000000000000700000000000040000000000
091840180002002001190323095400000000000002280003840000000230000000000000000000000000000000100000001000000000000010000000000
11184018000300200119032309540000070000020000000529000000052900000000000000000000000000100000000004710000
121840180004002001190323095400000000000000000000000000000000000000000000000529000000000000000000000000000000
07184019000000200119032309570000000000000000100000000000000000
091840190001002001190323095700000000000003030000010000000199000000000000000000000000000000000000000830000000000040000000000
091840190002002001190323095700000000000002070008340000000500000000000000000000000000000000100000001990000000000010000000000
11184019000300200119032309570000070000020000000699000000069900000000000000000000000000100000000003010000
121840190004002001190323095700000000000000000000000000000000000000000000000699000000000000000000000000000000
07184020000000200119032309580000000000000000100000000000000000
091840200001002001190323095800000000000003050000010000000299000000000000000000000000000000000000000700000000000040000000000
091840200002002001190323095800000000000003050000010000000299000000000000000000000000000000000000000700000000000040000000000
091840200003002001190323095800000000000002120014040000000841000000000000000000000000000000100000002250000000000010000000000
091840200004002001190323095800000000000002130018520000000739000000000000000000000000000000100000001400000000000010000000000
11184020000500200119032309580000070000040000002178000000217800000000000000000000000000217800000000000000
121840200006002001190323095803050000000000000000000000000000000000000000002178000000000000000000000000000000
07184021000000200119032309590000000000000000100000000000000000
091840210001002001190323095900000000000003050000010000000299000000000000000000000000000000000000000700000000000040000000000
11184021000200200119032309590000070000010000000299000000029900000000000000000000000000029900000000000000
121840210003002001190323095900000000000000000000000000000000000000000000000299000000000000000000000000000000
07184022000000200119032309590000000000000000100000000000000000
091840220001002001190323095900000000000003030000010000000199000000000000000000000000000000000000000830000000000040000000000
091840220002002001190323095900000000000003030000010000000199000000000000000000000000000000000000000830000000000040000000000
11184022000300200119032309590000070000020000000398000000039800000000000000000000000000039800000000000000
121840220004002001190323095900000000000000000000000000000000000000000000000398000000000000000000000000000000
07184023000000200119032309590000000000000000100000000000000000
091840230001002001190323095900000000000003190000010000000500000000000000000000000000000000000000002000000000000050000000000
11184023000200200119032309590000070000010000000500000000050000000000000000000000000000050000000000000000
121840230003002001190323095900000000000000000000000000000000000000000000000500000000000000000000000000000000
07184024000000200119032310000000000000000000100000000000000000
091840240001002001190323100000000000000010100008120000000162000000000000000000000000000000100000000990000000000020000000000
11184024000200200119032310000000070000010000000162000000016200000000000000000000000000020000000000380000
121840240003002001190323100000000000000000000000000000000000000000000000000162000000000000000000000000000000
07184025000000200119032310010000000000000000100000000000000000
091840250001002001190323100100000000000002220000010000000499000000000000000000000000000000000000001500000000000010000000000
11184025000200200119032310010000070000010000000499000000049900000000000000000000000000049900000000000000
121840250003002001190323100100000000000000000000000000000000000000000000000499000000000000000000000000000000
07184026000000200119032310010000000000000000100000000000000000
091840260001002001190323100100000000000001290005400000000431000000000000000000000000000000100000000250000000000020000000000
091840260002002001190323100100000000000002040006640000000232000000000000000000000000000000100000000500000000000010000000000
11184026000300200119032310010000070000020000000663000000066300000000000000000000000000200000000013370000
121840260004002001190323100100000000000000000000000000000000000000000000000663000000000000000000000000000000
07184027000000200119032310020000000000000000100000000000000000
091840270001002001190323100200000000000001290000980000000078000000000000000000000000000000100000000250000000000020000000000
091840270002002001190323100200000000000001050000900000000036000000000000000000000000000000100000002000000000000020000000000
11184027000300200119032310020000070000020000000114000000011400000000000000000000000000015000000000360000
121840270004002001190323100200000000000000000000000000000000000000000000000114000000000000000000000000000000
07184028000000200119032310050000000000000000100000000000000000
091840280001002001190323100500000000000002430005000000000400000000000000000000000000000000100000000000000000000010000000000
091840280002002001190323100500000000000002070010500000000629000000000000000000000000000000100000001990000000000010000000000
11184028000300200119032310050000070000020000001029000000102900000000000000000000000000500000000039710000
121840280004002001190323100500000000000000000000000000000000000000000000001029000000000000000000000000000000
07184029000000200119032310130000000000000000100000000000000000
091840290001002001190323101300000000000001060002260000000203000000000000000000000000000000100000001500000000000020000000000
091840290002002001190323101300000000000001110003580000000143000000000000000000000000000000100000002000000000000020000000000
091840290003002001190323101300000000000002020004780000000382000000000000000000000000000000100000001990000000000010000000000
091840290004002001190323101300000000000001130003740000000224000000000000000000000000000000100000001500000000000020000000000
11184029000500200119032310130000070000040000000952000000095200000000000000000000000000095200000000000000
121840290006002001190323101303030000000000000000000000000000000000000000000952000000000000000000000000000000
07184030000000200119032310130000000000000000100000000000000000
091840300001002001190323101300000000000003120000010000000199000000000000000000000000000000000000000700000000000040000000000
11184030000200200119032310130000070000010000000199000000019900000000000000000000000000019900000000000000
121840300003002001190323101300000000000000000000000000000000000000000000000199000000000000000000000000000000
07184031000000200119032310160000000000000000100000000000000000
091840310001002001190323101600000000000003120000010000000199000000000000000000000000000000000000000700000000000040000000000
091840310002002001190323101600000000000003120000010000000199000000000000000000000000000000000000000700000000000040000000000
091840310003002001190323101600000000000003030000010000000199000000000000000000000000000000000000000830000000000040000000000
091840310004002001190323101600000000000001290001060000000085000000000000000000000000000000100000000250000000000020000000000
11184031000500200119032310160000070000040000000682000000068200000000000000000000000000100000000003180000
121840310006002001190323101600000000000000000000000000000000000000000000000682000000000000000000000000000000
07184032000000200119032310170000000000000000100000000000000000
091840320001002001190323101700000000000002220000010000000499000000000000000000000000000000000000001500000000000010000000000
11184032000200200119032310170000070000010000000499000000049900000000000000000000000000049900000000000000
121840320003002001190323101700000000000000000000000000000000000000000000000499000000000000000000000000000000
07184033000000200119032310190000000000000000100000000000000000
091840330001002001190323101900000000000001110003560000000142000000000000000000000000000000100000002000000000000020000000000
091840330002002001190323101900000000000001070001820000000273000000000000000000000000000000100000010000000000000020000000000
091840330003002001190323101900000000000002040003500000000122000000000000000000000000000000100000000500000000000010000000000
11184033000400200119032310190000070000030000000537000000053700000000000000000000000000060000000000630000
121840330005002001190323101900000000000000000000000000000000000000000000000537000000000000000000000000000000
07184034000000200119032310210000000000000000100000000000000000
091840340001002001190323102100000000000001020007640000000305000000000000000000000000000000100000001200000000000020000000000
091840340002002001190323102100000000000003070000010000000199000000000000000000000000000000000000000100000000000040000000000
11184034000300200119032310210000070000020000000504000000050400000000000000000000000000200000000014960000
121840340004002001190323102100000000000000000000000000000000000000000000000504000000000000000000000000000000
07184035000000200119032310250000000000000000100000000000000000
091840350001002001190323102500000000000010100024080000000479000000000000000000000000000000100000000990000000000020000000000
091840350002002001190323102500000000000001050009440000000377000000000000000000000000000000100000002000000000000020000000000
091840350003002001190323102500000000000001150003140000000251000000000000000000000000000000100000001000000000000020000000000
091840350004002001190323102500000000000001290004000000000320000000000000000000000000000000100000000250000000000020000000000
11184035000500200119032310250000070000040000001427000000142700000000000000000000000000200000000005730000
121840350006002001190323102500000000000000000000000000000000000000000000001427000000000000000000000000000000
07184036000000200119032310280000000000000000100000000000000000
091840360001002001190323102800000000000002040008720000000304000000000000000000000000000000100000000500000000000010000000000
11184036000200200119032310280000070000010000000304000000030400000000000000000000000000050000000001960000
121840360003002001190323102800000000000000000000000000000000000000000000000304000000000000000000000000000000
07184037000000200119032310320000000000000000100000000000000000
091840370001002001190323103200000000000001010006060000000302000000000000000000000000000000100000001400000000000020000000000
091840370002002001190323103200000000000003050000010000000299000000000000000000000000000000000000000700000000000040000000000
091840370003002001190323103200000000000003040000010000000299000000000000000000000000000000000000000700000000000040000000000
091840370004002001190323103200000000000002150000010000000799000000000000000000000000000000000000000500000000000010000000000
091840370005002001190323103200000000000002150000010000000799000000000000000000000000000000000000000500000000000010000000000
091840370006002001190323103200000000000002150000010000000799000000000000000000000000000000000000000500000000000010000000000
091840370007002001190323103200000000000001080004280000000642000000000000000000000000000000100000001000000000000020000000000
091840370008002001190323103200000000000002040004560000000159000000000000000000000000000000100000000500000000000010000000000
11184037000900200119032310320000070000080000004098000000409800000000000000000000000000500000000009020000
121840370010002001190323103200000000000000000000000000000000000000000000004098000000000000000000000000000000
07184038000000200119032310410000000000000000100000000000000000
091840380001002001190323104100000000000003040000010000000299000000000000000000000000000000000000000700000000000040000000000
11184038000200200119032310410000070000010000000299000000029900000000000000000000000000029900000000000000
121840380003002001190323104103020000000000000000000000000000000000000000000299000000000000000000000000000000
07184039000000200119032310470000000000000000100000000000000000
091840390001002001190323104700000000000002070019280000001155000000000000000000000000000000100000001990000000000010000000000
091840390002002001190323104700000000000001170009720000000388000000000000000000000000000000100000001430000000000020000000000
091840390003002001190323104700000000000001100009660000000482000000000000000000000000000000100000000500000000000020000000000
091840390004002001190323104700000000000001010021440000001070000000000000000000000000000000100000001400000000000020000000000
091840390005002001190323104700000000000005020000030000000300I 0000000000000000000000000000000000000100000000000020000000000
091840390006002001190323104700000000000002170000010000001099000000000000000000000000000000000000006500000000000010000000000
091840390007002001190323104700000000000001070002060000000309000000000000000000000000000000100000010000000000000020000000000
091840390008002001190323104700000000000001230001980000000158000000000000000000000000000000100000008750000000000020000000000
091840390009002001190323104700000000000001140005740000000573000000000000000000000000000000100000000500000000000020000000000
091840390010002001190323104700000000000001290007220000000577000000000000000000000000000000100000000250000000000020000000000
091840390011002001190323104700000000000002130019300000000770000000000000000000000000000000100000001400000000000010000000000
091840390012002001190323104700000000000003030000010000000199000000000000000000000000000000000000000830000000000040000000000
11184039001300200119032310470000070000120000007080000000708000000000000000000000000000708000000000000000
121840390014002001190323104703030000000000000000000000000000000000000000007080000000000000000000000000000000
07184040000000200119032310480000000000000000100000000000000000
091840400001002001190323104800000000000001060000960000000086000000000000000000000000000000100000001500000000000020000000000
091840400002002001190323104800000000000001010004040000000202000000000000000000000000000000100000001400000000000020000000000
091840400003002001190323104800000000000003190000010000000500000000000000000000000000000000000000002000000000000050000000000
11184040000400200119032310480000070000030000000788000000078800000000000000000000000000090000000001120000
121840400005002001190323104800000000000000000000000000000000000000000000000788000000000000000000000000000000
07184041000000200119032310490000000000000000100000000000000000
091840410001002001190323104900000000000002220000010000000499000000000000000000000000000000000000001500000000000010000000000
11184041000200200119032310490000070000010000000499000000049900000000000000000000000000049900000000000000
121840410003002001190323104900000000000000000000000000000000000000000000000499000000000000000000000000000000
14184042000000200119032310500000010000000609
07184043000000200119032310510000000000000000100000000000000000
091840430001002001190323105100000000000003040000010000000299000000000000000000000000000000000000000700000000000040000000000
091840430002002001190323105100000000000001080002340000000351000000000000000000000000000000100000001000000000000020000000000
091840430003002001190323105100000000000001090001660000000133000000000000000000000000000000100000001500000000000020000000000
091840430004002001190323105100000000000001040003700000000222000000000000000000000000000000100000002750000000000020000000000
11184043000500200119032310510000070000040000001005000000100500000000000000000000000000200000000009950000
121840430006002001190323105100000000000000000000000000000000000000000000001005000000000000000000000000000000
07184044000000200119032310510000000000000000100000000000000000
091840440001002001190323105100000000000010100006880000000137000000000000000000000000000000100000000990000000000020000000000
091840440002002001190323105100000000000002090002700000000324000000000000000000000000000000100000004720000000000010000000000
091840440003002001190323105100000000000002070002940000000176000000000000000000000000000000100000001990000000000010000000000
11184044000400200119032310510000070000030000000637000000063700000000000000000000000000100000000003630000
121840440005002001190323105100000000000000000000000000000000000000000000000637000000000000000000000000000000
07184045000000200119032310530000000000000000100000000000000000
091840450001002001190323105300000000000001150003220000000257000000000000000000000000000000100000001000000000000020000000000
091840450002002001190323105300000000000003040000010000000299000000000000000000000000000000000000000700000000000040000000000
091840450003002001190323105300000000000004020000010000000100I 0300000000000000000000000000000000000230000000000030000000000
091840450004002001190323105300000000000004020000010000000100I 0300000000000000000000000000000000000230000000000030000000000
11184045000500200119032310530000070000040000000756000000075600000000000000000000000000075600000000000000
121840450006002001190323105300000000000000000000000000000000000000000000000756000000000000000000000000000000
07184046000000200119032310570000000000000000100000000000000000
091840460001002001190323105700000000000003040000010000000299000000000000000000000000000000000000000700000000000040000000000
091840460002002001190323105700000000000003050000010000000299000000000000000000000000000000000000000700000000000040000000000
11184046000300200119032310570000070000020000000598000000059800000000000000000000000000100000000004020000
121840460004002001190323105700000000000000000000000000000000000000000000000598000000000000000000000000000000
07184047000000200119032311000000000000000000100000000000000000
091840470001002001190323110000000000000002430015860000001267000000000000000000000000000000100000000000000000000010000000000
091840470002002001190323110000000000000004020000040000000400I 0300000000000000000000000000000000000230000000000030000000000
091840470003002001190323110000000000000003040000010000000299000000000000000000000000000000000000000700000000000040000000000
091840470004002001190323110000000000000003050000010000000299000000000000000000000000000000000000000700000000000040000000000
091840470005002001190323110000000000000002010036240000002171000000000000000000000000000000100000002150000000000010000000000
091840470006002001190323110000000000000002130015840000000632000000000000000000000000000000100000001400000000000010000000000
091840470007002001190323110000000000000002120015860000000950000000000000000000000000000000100000002250000000000010000000000
091840470008002001190323110000000000000002200000010000001199000000000000000000000000000000000000000990000000000010000000000
091840470009002001190323110000000000000001080005560000000833000000000000000000000000000000100000001000000000000020000000000
091840470010002001190323110000000000000001320002780000000417000000000000000000000000000000100000011110000000000020000000000
091840470011002001190323110000000000000001060003400000000306000000000000000000000000000000100000001500000000000020000000000
091840470012002001190323110000000000000001040005660000000339000000000000000000000000000000100000002750000000000020000000000
091840470013002001190323110000000000000001070002940000000441000000000000000000000000000000100000010000000000000020000000000
091840470014002001190323110000000000000001090001320000000105000000000000000000000000000000100000001500000000000020000000000
11184047001500200119032311000000070000140000009658000000965800000000000000000000000001000000000003420000
121840470016002001190323110000000000000000000000000000000000000000000000009658000000000000000000000000000000
07184048000000200119032311030000000000000000100000000000000000
091840480001002001190323110300000000000002030013580000000881000000000000000000000000000000100000002990000000000010000000000
091840480002002001190323110300000000000002430008560000000684000000000000000000000000000000100000000000000000000010000000000
091840480003002001190323110300000000000002020005440000000435000000000000000000000000000000100000001990000000000010000000000
091840480004002001190323110300000000000002460005980000000597000000000000000000000000000000100000000000000000000010000000000
091840480005002001190323110300000000000003120000040000000796000000000000000000000000000000000000000700000000000040000000000
11184048000600200119032311030000070000050000003393000000339300000000000000000000000001000000000066070000
121840480007002001190323110300000000000000000000000000000000000000000000003393000000000000000000000000000000
07184049000000200119032311040000000000000000100000000000000000
091840490001002001190323110400000000000002260014720000001176000000000000000000000000000000100000003000000000000010000000000
091840490002002001190323110400000000000002070016200000000970000000000000000000000000000000100000001990000000000010000000000
11184049000300200119032311040000070000020000002146000000214600000000000000000000000000220000000000540000
121840490004002001190323110400000000000000000000000000000000000000000000002146000000000000000000000000000000
07184050000000200119032311060000000000000000100000000000000000
091840500001002001190323110600000000000005020000040000000400I 0000000000000000000000000000000000000100000000000020000000000
091840500002002001190323110600000000000002130027480000001096000000000000000000000000000000100000001400000000000010000000000
091840500003002001190323110600000000000001080003840000000576000000000000000000000000000000100000001000000000000020000000000
091840500004002001190323110600000000000002070009280000000556000000000000000000000000000000100000001990000000000010000000000
11184050000500200119032311060000070000040000002628000000262800000000000000000000000000262800000000000000
121840500006002001190323110603040000000000000000000000000000000000000000002628000000000000000000000000000000
07184051000000200119032311060000000000000000100000000000000000
091840510001002001190323110600000000000001290000740000000059000000000000000000000000000000100000000250000000000020000000000
11184051000200200119032311060000070000010000000059000000005900000000000000000000000000005900000000000000
121840510003002001190323110600000000000000000000000000000000000000000000000059000000000000000000000000000000
07184052000000200119032311060000000000000000100000000000000000
091840520001002001190323110600000000000001150002440000000195000000000000000000000000000000100000001000000000000020000000000
11184052000200200119032311060000070000010000000195000000019500000000000000000000000000050000000003050000
121840520003002001190323110600000000000000000000000000000000000000000000000195000000000000000000000000000000
07184053000000200119032311070000000000000000100000000000000000
091840530001002001190323110700000000000001290003720000000297000000000000000000000000000000100000000250000000000020000000000
091840530002002001190323110700000000000001050004940000000197000000000000000000000000000000100000002000000000000020000000000
091840530003002001190323110700000000000010100009660000000192000000000000000000000000000000100000000990000000000020000000000
11184053000400200119032311070000070000030000000686000000068600000000000000000000000000200000000013140000
121840530005002001190323110700000000000000000000000000000000000000000000000686000000000000000000000000000000
07184054000000200119032311090000000000000000100000000000000000
091840540001002001190323110900000000000001070000500000000075000000000000000000000000000000100000010000000000000020000000000
091840540002002001190323110900000000000002090002720000000326000000000000000000000000000000100000004720000000000010000000000
091840540003002001190323110900000000000002070003960000000237000000000000000000000000000000100000001990000000000010000000000
091840540004002001190323110900000000000001080002440000000366000000000000000000000000000000100000001000000000000020000000000
11184054000500200119032311090000070000040000001004000000100400000000000000000000000000100400000000000000
121840540006002001190323110903020000000000000000000000000000000000000000001004000000000000000000000000000000
07184055000000200119032311100000000000000000100000000000000000
091840550001002001190323111000000000000001080003280000000492000000000000000000000000000000100000001000000000000020000000000
091840550002002001190323111000000000000003030000010000000199000000000000000000000000000000000000000830000000000040000000000
11184055000300200119032311100000070000020000000691000000069100000000000000000000000000080000000001090000
121840550004002001190323111000000000000000000000000000000000000000000000000691000000000000000000000000000000
07184056000000200119032311100000000000000000100000000000000000
091840560001002001190323111000000000000002220000010000000499000000000000000000000000000000000000001500000000000010000000000
11184056000200200119032311100000070000010000000499000000049900000000000000000000000000060000000001010000
121840560003002001190323111000000000000000000000000000000000000000000000000499000000000000000000000000000000
07184057000000200119032311110000000000000000100000000000000000
091840570001002001190323111100000000000003050000010000000299000000000000000000000000000000000000000700000000000040000000000
11184057000200200119032311110000070000010000000299000000029900000000000000000000000000200000000017010000
121840570003002001190323111100000000000000000000000000000000000000000000000299000000000000000000000000000000
07184058000000200119032311130000000000000000100000000000000000
091840580001002001190323111300000000000004020000010000000100I 0300000000000000000000000000000000000230000000000030000000000
091840580002002001190323111300000000000004020000010000000100I 0300000000000000000000000000000000000230000000000030000000000
11184058000300200119032311130000070000020000000200000000020000000000000000000000000000100000000008000000
121840580004002001190323111300000000000000000000000000000000000000000000000200000000000000000000000000000000
07184059000000200119032311140000000000000000100000000000000000
091840590001002001190323111400000000000001070002540000000381000000000000000000000000000000100000010000000000000020000000000
11184059000200200119032311140000070000010000000381000000038100000000000000000000000000200000000016190000
121840590003002001190323111400000000000000000000000000000000000000000000000381000000000000000000000000000000
07184060000000200119032311150000000000000000100000000000000000
091840600001002001190323111500000000000003050000010000000299000000000000000000000000000000000000000700000000000040000000000
091840600002002001190323111500000000000003040000010000000299000000000000000000000000000000000000000700000000000040000000000
091840600003002001190323111500000000000001020005220000000208000000000000000000000000000000100000001200000000000020000000000
091840600004002001190323111500000000000002030014080000000914000000000000000000000000000000100000002990000000000010000000000
11184060000500200119032311150000070000040000001720000000172000000000000000000000000000200000000002800000
121840600006002001190323111500000000000000000000000000000000000000000000001720000000000000000000000000000000
07184061000000200119032311170000000000000000100000000000000000
091840610001002001190323111700000000000001010009580000000478000000000000000000000000000000100000001400000000000020000000000
11184061000200200119032311170000070000010000000478000000047800000000000000000000000000050000000000220000
121840610003002001190323111700000000000000000000000000000000000000000000000478000000000000000000000000000000
07184062000000200119032311230000000000000000100000000000000000
091840620001002001190323112300000000000005530000010000000200I 0300000000000000000000000000000000001000000000000080000000000
091840620002002001190323112300000000000005530000010000000200I 0300000000000000000000000000000000001000000000000080000000000
091840620003002001190323112300000000000004020000010000000100I 0300000000000000000000000000000000000230000000000030000000000
091840620004002001190323112300000000000004020000010000000100I 0300000000000000000000000000000000000230000000000030000000000
091840620005002001190323112300000000000004020000010000000100I 0300000000000000000000000000000000000230000000000030000000000
091840620006002001190323112300000000000004020000010000000100I 0300000000000000000000000000000000000230000000000030000000000
11184062000700200119032311230000070000060000000800000000080000000000000000000000000000080000000000000000
121840620008002001190323112302010000000000000000000000000000000000080000000800000000000000000000000000000000
101840620009002001190323112301000000000000000800000008000000000000000406000007
07184063000000200119032311230000000000000000100000000000000000
091840630001002001190323112300000000000001090003240000000259000000000000000000000000000000100000001500000000000020000000000
091840630002002001190323112300000000000001040006660000000399000000000000000000000000000000100000002750000000000020000000000
091840630003002001190323112300000000000001290007260000000580000000000000000000000000000000100000000250000000000020000000000
11184063000400200119032311230000070000030000001238000000123800000000000000000000000000200000000007620000
121840630005002001190323112300000000000000000000000000000000000000000000001238000000000000000000000000000000
07184064000000200119032311250000000000000000100000000000000000
091840640001002001190323112500000000000005030000010000001099I 0000000000000000000000000000000000004420000000000020000000000
11184064000200200119032311250000070000010000001099000000109900000000000000000000000000109900000000000000
121840640003002001190323112502010000000000000000000000000000000000080000001099000000000000000000000000000000
101840640004002001190323112501000000000000000800000010990000000000000407000007
07184065000000200119032311260000000000000000100000000000000000
091840650001002001190323112600000000000002460004900000000490000000000000000000000000000000100000000000000000000010000000000
11184065000200200119032311260000070000010000000490000000049000000000000000000000000000049000000000000000
121840650003002001190323112603050000000000000000000000000000000000000000000490000000000000000000000000000000
07184066000000200119032311260000000000000000100000000000000000
091840660001002001190323112600000000000001010012440000000621000000000000000000000000000000100000001400000000000020000000000
091840660002002001190323112600000000000001060007000000000629000000000000000000000000000000100000001500000000000020000000000
11184066000300200119032311260000070000020000001250000000125000000000000000000000000000125000000000000000
121840660004002001190323112602010000000000000000000000000000000000010000001250000000000000000000000000000000
101840660005002001190323112601000000000000000100000012500000000000000381000007
07184067000000200119032311270000000000000000100000000000000000
091840670001002001190323112700000000000002070010380000000622000000000000000000000000000000100000001990000000000010000000000
11184067000200200119032311270000070000010000000622000000062200000000000000000000000000062200000000000000
121840670003002001190323112702010000000000000000000000000000000000220000000622000000000000000000000000000000
101840670004002001190323112701000000000000002200000006220000000000001332000007
07184068000000200119032311280000000000000000100000000000000000
091840680001002001190323112800000000000010100008680000000173000000000000000000000000000000100000000990000000000020000000000
091840680002002001190323112800000000000001060001520000000137000000000000000000000000000000100000001500000000000020000000000
11184068000300200119032311280000070000020000000310000000031000000000000000000000000000031000000000000000
121840680004002001190323112800000000000000000000000000000000000000000000000310000000000000000000000000000000
07184069000000200119032311290000000000000000100000000000000000
091840690001002001190323112900000000000001040002500000000150000000000000000000000000000000100000002750000000000020000000000
091840690002002001190323112900000000000001080003300000000495000000000000000000000000000000100000001000000000000020000000000
11184069000300200119032311290000070000020000000645000000064500000000000000000000000000064500000000000000
121840690004002001190323112902010000000000000000000000000000000000080000000645000000000000000000000000000000
101840690005002001190323112901000000000000000800000006450000000000000408000007
07184070000000200119032311300000000000000000100000000000000000
091840700001002001190323113000000000000010100044020000000876000000000000000000000000000000100000000990000000000020000000000
091840700002002001190323113000000000000005020000010000000100I 0000000000000000000000000000000000000100000000000020000000000
091840700003002001190323113000000000000005020000010000000100I 0000000000000000000000000000000000000100000000000020000000000
091840700004002001190323113000000000000003040000010000000299000000000000000000000000000000000000000700000000000040000000000
11184070000500200119032311300000070000040000001375000000137500000000000000000000000000200000000006250000
121840700006002001190323113000000000000000000000000000000000000000000000001375000000000000000000000000000000
07184071000000200119032311320000000000000000100000000000000000
091840710001002001190323113200000000000002220000010000000499000000000000000000000000000000000000001500000000000010000000000
091840710002002001190323113200000000000002220000010000000499000000000000000000000000000000000000001500000000000010000000000
091840710003002001190323113200000000000002190000010000000499000000000000000000000000000000000000002250000000000010000000000
091840710004002001190323113200000000000002190000010000000499000000000000000000000000000000000000002250000000000010000000000
11184071000500200119032311320000070000040000001996000000199600000000000000000000000000199600000000000000
121840710006002001190323113203030000000000000000000000000000000000000000001996000000000000000000000000000000
07184072000000200119032311350000000000000000100000000000000000
091840720001002001190323113500000000000002130015620000000623000000000000000000000000000000100000001400000000000010000000000
091840720002002001190323113500000000000003200000010000002200000000000000000000000000000000000000000000000000000050000000000
091840720003002001190323113500000000000001070001180000000177000000000000000000000000000000100000010000000000000020000000000
091840720004002001190323113500000000000001140002940000000294000000000000000000000000000000100000000500000000000020000000000
091840720005002001190323113500000000000002260004580000000366000000000000000000000000000000100000003000000000000010000000000
091840720006002001190323113500000000000001090001360000000109000000000000000000000000000000100000001500000000000020000000000
091840720007002001190323113500000000000001010006500000000324000000000000000000000000000000100000001400000000000020000000000
091840720008002001190323113500000000000002090002760000000331000000000000000000000000000000100000004720000000000010000000000
091840720009002001190323113500000000000001060001000000000090000000000000000000000000000000100000001500000000000020000000000
11184072001000200119032311350000070000090000004514000000451400000000000000000000000000451400000000000000
121840720011002001190323113503050000000000000000000000000000000000000000004514000000000000000000000000000000
07184073000000200119032311360000000000000000100000000000000000
091840730001002001190323113600000000000001110006840000000273000000000000000000000000000000100000002000000000000020000000000
11184073000200200119032311360000070000010000000273000000027300000000000000000000000000050000000002270000
121840730003002001190323113600000000000000000000000000000000000000000000000273000000000000000000000000000000
07184074000000200119032311360000000000000000100000000000000000
091840740001002001190323113600000000000003070000010000000199000000000000000000000000000000000000000100000000000040000000000
091840740002002001190323113600000000000003070000010000000199000000000000000000000000000000000000000100000000000040000000000
091840740003002001190323113600000000000003070000010000000199000000000000000000000000000000000000000100000000000040000000000
11184074000400200119032311360000070000030000000597000000059700000000000000000000000000070000000001030000
121840740005002001190323113600000000000000000000000000000000000000000000000597000000000000000000000000000000
07184075000000200119032311400000000000000000100000000000000000
091840750001002001190323114000000000000002070010460000000627000000000000000000000000000000100000001990000000000010000000000
091840750002002001190323114000000000000001040004440000000266000000000000000000000000000000100000002750000000000020000000000
091840750003002001190323114000000000000002090006580000000789000000000000000000000000000000100000004720000000000010000000000
091840750004002001190323114000000000000001290006120000000489000000000000000000000000000000100000000250000000000020000000000
091840750005002001190323114000000000000001060004420000000397000000000000000000000000000000100000001500000000000020000000000
091840750006002001190323114000000000000001010009640000000481000000000000000000000000000000100000001400000000000020000000000
091840750007002001190323114000000000000001100011860000000592000000000000000000000000000000100000000500000000000020000000000
091840750008002001190323114000000000000002040001960000000068000000000000000000000000000000100000000500000000000010000000000
11184075000900200119032311400000070000080000003709000000370900000000000000000000000000370900000000000000
121840750010002001190323114000000000000000000000000000000000000000000000003709000000000000000000000000000000
14184076000000200119032311400000010000000000
07184077000000200119032311400000000000000000100000000000000000
091840770001002001190323114000000000000002220000010000000499000000000000000000000000000000000000001500000000000010000000000
091840770002002001190323114000000000000002220000010000000499000000000000000000000000000000000000001500000000000010000000000
091840770003002001190323114000000000000002220000010000000499000000000000000000000000000000000000001500000000000010000000000
11184077000400200119032311400000070000030000001497000000149700000000000000000000000001000000000085030000
121840770005002001190323114000000000000000000000000000000000000000000000001497000000000000000000000000000000
07184078000000200119032311410000000000000000100000000000000000
091840780001002001190323114100000000000002040001440000000050000000000000000000000000000000100000000500000000000010000000000
091840780002002001190323114100000000000001090000820000000066000000000000000000000000000000100000001500000000000020000000000
11184078000300200119032311410000070000020000000116000000011600000000000000000000000000011600000000000000
121840780004002001190323114100000000000000000000000000000000000000000000000116000000000000000000000000000000
07184079000000200119032311420000000000000000100000000000000000
091840790001002001190323114200000000000003030000010000000199000000000000000000000000000000000000000830000000000040000000000
091840790002002001190323114200000000000001030009800000000979000000000000000000000000000000100000002800000000000020000000000
091840790003002001190323114200000000000005240000010000000499I 0100000000000000000000000000000000004990000000000080000000000
091840790004002001190323114200000000000005240000010000000499I 0100000000000000000000000000000000004990000000000080000000000
11184079000500200119032311420000070000040000002176000000217600000000000000000000000000500000000028240000
121840790006002001190323114200000000000000000000000000000000000000000000002176000000000000000000000000000000
07184080000000200119032311430000000000000000100000000000000000
091840800001002001190323114300000000000003040000010000000299000000000000000000000000000000000000000700000000000040000000000
11184080000200200119032311430000070000010000000299000000029900000000000000000000000000029900000000000000
121840800003002001190323114300000000000000000000000000000000000000000000000299000000000000000000000000000000
07184081000000200119032311440000000000000000100000000000000000
091840810001002001190323114400000000000002280007060000000423000000000000000000000000000000100000001000000000000010000000000
11184081000200200119032311440000070000010000000423000000042300000000000000000000000000042300000000000000
121840810003002001190323114400000000000000000000000000000000000000000000000423000000000000000000000000000000
07184082000000200119032311440000000000000000100000000000000000
091840820001002001190323114400000000000002340000780000000156000000000000000000000000000000100000004170000000000010000000000
11184082000200200119032311440000070000010000000156000000015600000000000000000000000000050000000003440000
121840820003002001190323114400000000000000000000000000000000000000000000000156000000000000000000000000000000
07184083000000200119032311440000000000000000100000000000000000
091840830001002001190323114400000000000003030000010000000199000000000000000000000000000000000000000830000000000040000000000
11184083000200200119032311440000070000010000000199000000019900000000000000000000000000019900000000000000
121840830003002001190323114400000000000000000000000000000000000000000000000199000000000000000000000000000000
07184084000000200119032311450000000000000000100000000000000000
091840840001002001190323114500000000000003040000010000000299000000000000000000000000000000000000000700000000000040000000000
091840840002002001190323114500000000000003040000010000000299000000000000000000000000000000000000000700000000000040000000000
091840840003002001190323114500000000000003040000010000000299000000000000000000000000000000000000000700000000000040000000000
11184084000400200119032311450000070000030000000897000000089700000000000000000000000000089700000000000000
121840840005002001190323114503030000000000000000000000000000000000000000000897000000000000000000000000000000
07184085000000200119032311460000000000000000100000000000000000
091840850001002001190323114600000000000002040001140000000040000000000000000000000000000000100000000500000000000010000000000
11184085000200200119032311460000070000010000000040000000004000000000000000000000000000004000000000000000
121840850003002001190323114600000000000000000000000000000000000000000000000040000000000000000000000000000000
07184086000000200119032311480000000000000000100000000000000000
091840860001002001190323114800000000000001160009140000000456000000000000000000000000000000100000000670000000000020000000000
091840860002002001190323114800000000000001090002180000000174000000000000000000000000000000100000001500000000000020000000000
091840860003002001190323114800000000000001010008800000000439000000000000000000000000000000100000001400000000000020000000000
091840860004002001190323114800000000000005020000020000000200I 0000000000000000000000000000000000000100000000000020000000000
091840860005002001190323114800000000000003030000010000000199000000000000000000000000000000000000000830000000000040000000000
091840860006002001190323114800000000000003040000010000000299000000000000000000000000000000000000000700000000000040000000000
091840860007002001190323114800000000000003040000010000000299000000000000000000000000000000000000000700000000000040000000000
11184086000800200119032311480000070000070000002066000000206600000000000000000000000000206600000000000000
121840860009002001190323114802010000000000000000000000000000000000190000002066000000000000000000000000000000
101840860010002001190323114801000000000000001900000020660000000000000320000007
18184086001100200119032311490600000010000000000000000000000001
07184087000000200119032311490000000000000000100000000000000000
091840870001002001190323114900000000000003040000010000000299000000000000000000000000000000000000000700000000000040000000000
091840870002002001190323114900000000000003030000010000000199000000000000000000000000000000000000000830000000000040000000000
11184087000300200119032311490000070000020000000498000000049800000000000000000000000000049800000000000000
121840870004002001190323114900000000000000000000000000000000000000000000000498000000000000000000000000000000
07184088000000200119032311500000000000000000100000000000000000
091840880001002001190323115000000000000005320000010000000199I 0100000000000000000000000000000000001490000000000080000000000
091840880002002001190323115000000000000005320000010000000199I 0100000000000000000000000000000000001490000000000080000000000
11184088000300200119032311500000070000020000000398000000039800000000000000000000000000039800000000000000
121840880004002001190323115000000000000000000000000000000000000000000000000398000000000000000000000000000000
07184089000000200119032311510000000000000000100000000000000000
091840890001002001190323115100000000000002040000920000000032000000000000000000000000000000100000000500000000000010000000000
11184089000200200119032311510000070000010000000032000000003200000000000000000000000000003200000000000000
121840890003002001190323115100000000000000000000000000000000000000000000000032000000000000000000000000000000
07184090000000200119032311520000000000000000100000000000000000
091840900001002001190323115200000000000001220008160000000326000000000000000000000000000000100000001500000000000020000000000
11184090000200200119032311520000070000010000000326000000032600000000000000000000000000040000000000740000
121840900003002001190323115200000000000000000000000000000000000000000000000326000000000000000000000000000000
07184091000000200119032311530000000000000000100000000000000000
091840910001002001190323115300000000000005530000010000000200I 0300000000000000000000000000000000001000000000000080000000000
091840910002002001190323115300000000000005530000010000000200I 0300000000000000000000000000000000001000000000000080000000000
11184091000300200119032311530000070000020000000400000000040000000000000000000000000000040000000000000000
121840910004002001190323115300000000000000000000000000000000000000000000000400000000000000000000000000000000
07184092000000200119032311550000000000000000100000000000000000
091840920001002001190323115500000000000010100014720000000293000000000000000000000000000000100000000990000000000020000000000
091840920002002001190323115500000000000001060001920000000173000000000000000000000000000000100000001500000000000020000000000
11184092000300200119032311550000070000020000000466000000046600000000000000000000000000046600000000000000
121840920004002001190323115500000000000000000000000000000000000000000000000466000000000000000000000000000000
07184093000000200119032311580000000000000000100000000000000000
091840930001002001190323115800000000000002070011360000000680000000000000000000000000000000100000001990000000000010000000000
091840930002002001190323115800000000000001010009640000000481000000000000000000000000000000100000001400000000000020000000000
091840930003002001190323115800000000000002280006380000000382000000000000000000000000000000100000001000000000000010000000000
091840930004002001190323115800000000000003070000010000000199000000000000000000000000000000000000000100000000000040000000000
091840930005002001190323115800000000000003030000010000000199000000000000000000000000000000000000000830000000000040000000000
11184093000600200119032311580000070000050000001941000000194100000000000000000000000000194100000000000000
121840930007002001190323115803060000000000000000000000000000000000000000001941000000000000000000000000000000
07184094000000200119032312010000000000000000100000000000000000
091840940001002001190323120100000000000001040006740000000404000000000000000000000000000000100000002750000000000020000000000
091840940002002001190323120100000000000001090003460000000276000000000000000000000000000000100000001500000000000020000000000
11184094000300200119032312010000070000020000000680000000068000000000000000000000000000068000000000000000
121840940004002001190323120103050000000000000000000000000000000000000000000680000000000000000000000000000000
07184095000000200119032312010000000000000000100000000000000000
091840950001002001190323120100000000000001010008320000000415000000000000000000000000000000100000001400000000000020000000000
11184095000200200119032312010000070000010000000415000000041500000000000000000000000000050000000000850000
121840950003002001190323120100000000000000000000000000000000000000000000000415000000000000000000000000000000
07184096000000200119032312040000000000000000100000000000000000
091840960001002001190323120400000000000002290000010000000699000000000000000000000000000000000000002500000000000010000000000
091840960002002001190323120400000000000002090004080000000489000000000000000000000000000000100000004720000000000010000000000
091840960003002001190323120400000000000002070008240000000494000000000000000000000000000000100000001990000000000010000000000
11184096000400200119032312040000070000030000001682000000168200000000000000000000000000200000000003180000
121840960005002001190323120400000000000000000000000000000000000000000000001682000000000000000000000000000000
07184097000000200119032312050000000000000000100000000000000000
091840970001002001190323120500000000000001170003060000000122000000000000000000000000000000100000001430000000000020000000000
11184097000200200119032312050000070000010000000122000000012200000000000000000000000000050000000003780000
121840970003002001190323120500000000000000000000000000000000000000000000000122000000000000000000000000000000
07184098000000200119032312050000000000000000100000000000000000
091840980001002001190323120500000000000002220000010000000499000000000000000000000000000000000000001500000000000010000000000
11184098000200200119032312050000070000010000000499000000049900000000000000000000000000049900000000000000
121840980003002001190323120500000000000000000000000000000000000000000000000499000000000000000000000000000000
07184099000000200119032312100000000000000000100000000000000000
091840990001002001190323121000000000000003030000010000000199000000000000000000000000000000000000000830000000000040000000000
17184099000200200119032312100000000000000199
091840990003002001190323121000000000000003010000010000001000000000000000000000000000000000000000006000000000000050000000000
091840990004002001190323121000000000000001290001740000000139000000000000000000000000000000100000000250000000000020000000000
091840990005002001190323121000000000000001050005260000000210000000000000000000000000000000100000002000000000000020000000000
11184099000600200119032312100000070000040000001548000000154800000000000000000000000000154800000000000000
121840990007002001190323121003050000000000000000000000000000000000000000001548000000000000000000000000000000
07184100000000200119032312110000000000000000100000000000000000
091841000001002001190323121100000000000001010017280000000862000000000000000000000000000000100000001400000000000020000000000
091841000002002001190323121100000000000001060006840000000615000000000000000000000000000000100000001500000000000020000000000
091841000003002001190323121100000000000001070001020000000153000000000000000000000000000000100000010000000000000020000000000
11184100000400200119032312110000070000030000001630000000163000000000000000000000000000163000000000000000
121841000005002001190323121103100000000000000000000000000000000000000000001630000000000000000000000000000000
07184101000000200119032312120000000000000000100000000000000000
091841010001002001190323121200000000000003190000010000000500000000000000000000000000000000000000002000000000000050000000000
11184101000200200119032312120000070000010000000500000000050000000000000000000000000000050000000000000000
121841010003002001190323121203010000000000000000000000000000000000000000000200000000000000000000000000000000
121841010004002001190323121200000000000000000000000000000000000000000000000300000000000000000000000000000000
14184102000000200119032312130000010000000866
07184103000000200119032312130000000000000000100000000000000000
091841030001002001190323121300000000000003030000010000000199000000000000000000000000000000000000000830000000000040000000000
091841030002002001190323121300000000000001080002160000000324000000000000000000000000000000100000001000000000000020000000000
11184103000300200119032312130000070000020000000523000000052300000000000000000000000000052300000000000000
121841030004002001190323121300000000000000000000000000000000000000000000000523000000000000000000000000000000
07184104000000200119032312140000000000000000100000000000000000
091841040001002001190323121400000000000001170003100000000124000000000000000000000000000000100000001430000000000020000000000
11184104000200200119032312140000070000010000000124000000012400000000000000000000000000012400000000000000
121841040003002001190323121400000000000000000000000000000000000000000000000124000000000000000000000000000000
07184105000000200119032312150000000000000000100000000000000000
091841050001002001190323121500000000000003030000010000000199000000000000000000000000000000000000000830000000000040000000000
091841050002002001190323121500000000000001110003860000000154000000000000000000000000000000100000002000000000000020000000000
091841050003002001190323121500000000000001170005260000000210000000000000000000000000000000100000001430000000000020000000000
091841050004002001190323121500000000000002040005920000000207000000000000000000000000000000100000000500000000000010000000000
091841050005002001190323121500000000000002010009960000000597000000000000000000000000000000100000002150000000000010000000000
11184105000600200119032312150000070000050000001367000000136700000000000000000000000000500000000036330000
121841050007002001190323121500000000000000000000000000000000000000000000001367000000000000000000000000000000
07184106000000200119032312170000000000000000100000000000000000
091841060001002001190323121700000000000003120000010000000199000000000000000000000000000000000000000700000000000040000000000
091841060002002001190323121700000000000003120000010000000199000000000000000000000000000000000000000700000000000040000000000
091841060003002001190323121700000000000003120000010000000199000000000000000000000000000000000000000700000000000040000000000
11184106000400200119032312170000070000030000000597000000059700000000000000000000000000059700000000000000
121841060005002001190323121700000000000000000000000000000000000000000000000597000000000000000000000000000000
07184107000000200119032312180000000000000000100000000000000000
091841070001002001190323121800000000000001010006980000000348000000000000000000000000000000100000001400000000000020000000000
091841070002002001190323121800000000000001060003280000000295000000000000000000000000000000100000001500000000000020000000000
11184107000300200119032312180000070000020000000643000000064300000000000000000000000000064300000000000000
121841070004002001190323121803030000000000000000000000000000000000000000000643000000000000000000000000000000
07184108000000200119032312190000000000000000100000000000000000
091841080001002001190323121900000000000002070009240000000553000000000000000000000000000000100000001990000000000010000000000
11184108000200200119032312190000070000010000000553000000055300000000000000000000000000055300000000000000
121841080003002001190323121903030000000000000000000000000000000000000000000553000000000000000000000000000000
07184109000000200119032312200000000000000000100000000000000000
091841090001002001190323122000000000000001070001020000000153000000000000000000000000000000100000010000000000000020000000000
091841090002002001190323122000000000000001080004620000000693000000000000000000000000000000100000001000000000000020000000000
091841090003002001190323122000000000000001090001440000000115000000000000000000000000000000100000001500000000000020000000000
11184109000400200119032312200000070000030000000961000000096100000000000000000000000000200000000010390000
121841090005002001190323122000000000000000000000000000000000000000000000000961000000000000000000000000000000
07184110000000200119032312280000000000000000100000000000000000
091841100001002001190323122800000000000001090001380000000110000000000000000000000000000000100000001500000000000020000000000
091841100002002001190323122800000000000003040000010000000299000000000000000000000000000000000000000700000000000040000000000
091841100003002001190323122800000000000001290003660000000292000000000000000000000000000000100000000250000000000020000000000
11184110000400200119032312280000070000030000000701000000070100000000000000000000000000100000000002990000
121841100005002001190323122800000000000000000000000000000000000000000000000701000000000000000000000000000000
07184111000000200119032312290000000000000000100000000000000000
091841110001002001190323122900000000000002010004940000000296000000000000000000000000000000100000002150000000000010000000000
091841110002002001190323122900000000000002090001300000000156000000000000000000000000000000100000004720000000000010000000000
091841110003002001190323122900000000000003070000010000000199000000000000000000000000000000000000000100000000000040000000000
11184111000400200119032312290000070000030000000651000000065100000000000000000000000000070000000000490000
121841110005002001190323122900000000000000000000000000000000000000000000000651000000000000000000000000000000
07184112000000200119032312310000000000000000100000000000000000
091841120001002001190323123100000000000001050005660000000226000000000000000000000000000000100000002000000000000020000000000
091841120002002001190323123100000000000001290009840000000786000000000000000000000000000000100000000250000000000020000000000
091841120003002001190323123100000000000001070002280000000342000000000000000000000000000000100000010000000000000020000000000
091841120004002001190323123100000000000001010010460000000522000000000000000000000000000000100000001400000000000020000000000
091841120005002001190323123100000000000002070021480000001287000000000000000000000000000000100000001990000000000010000000000
091841120006002001190323123100000000000003010000010000001000000000000000000000000000000000000000006000000000000050000000000
091841120007002001190323123100000000000002340004020000000804000000000000000000000000000000100000004170000000000010000000000
11184112000800200119032312310000070000070000004967000000496700000000000000000000000000500000000000330000
121841120009002001190323123100000000000000000000000000000000000000000000004967000000000000000000000000000000
07184113000000200119032312360000000000000000100000000000000000
091841130001002001190323123600000000000001040001680000000101000000000000000000000000000000100000002750000000000020000000000
091841130002002001190323123600000000000003040000010000000299000000000000000000000000000000000000000700000000000040000000000
11184113000300200119032312360000070000020000000400000000040000000000000000000000000000050000000001000000
121841130004002001190323123600000000000000000000000000000000000000000000000400000000000000000000000000000000
07184114000000200119032312390000000000000000100000000000000000
091841140001002001190323123900000000000004020000010000000100I 0300000000000000000000000000000000000230000000000030000000000
11184114000200200119032312390000070000010000000100000000010000000000000000000000000000100000000009000000
121841140003002001190323123900000000000000000000000000000000000000000000000100000000000000000000000000000000
07184115000000200119032312410000000000000000100000000000000000
091841150001002001190323124100000000000010100015560000000310000000000000000000000000000000100000000990000000000020000000000
11184115000200200119032312410000070000010000000310000000031000000000000000000000000000031000000000000000
121841150003002001190323124100000000000000000000000000000000000000000000000310000000000000000000000000000000
07184116000000200119032312430000000000000000100000000000000000
091841160001002001190323124300000000000002070005580000000334000000000000000000000000000000100000001990000000000010000000000
11184116000200200119032312430000070000010000000334000000033400000000000000000000000000200000000016660000
121841160003002001190323124300000000000000000000000000000000000000000000000334000000000000000000000000000000
07184117000000200119032312440000000000000000100000000000000000
091841170001002001190323124400000000000001090001600000000128000000000000000000000000000000100000001500000000000020000000000
11184117000200200119032312440000070000010000000128000000012800000000000000000000000000020000000000720000
121841170003002001190323124400000000000000000000000000000000000000000000000128000000000000000000000000000000
07184118000000200119032312470000000000000000100000000000000000
091841180001002001190323124700000000000002460007740000000773000000000000000000000000000000100000000000000000000010000000000
091841180002002001190323124700000000000002090004080000000489000000000000000000000000000000100000004720000000000010000000000
091841180003002001190323124700000000000002230004040000000484000000000000000000000000000000100000004980000000000010000000000
091841180004002001190323124700000000000001290004060000000324000000000000000000000000000000100000000250000000000020000000000
091841180005002001190323124700000000000002010006460000000387000000000000000000000000000000100000002150000000000010000000000
091841180006002001190323124700000000000001020005360000000214000000000000000000000000000000100000001200000000000020000000000
091841180007002001190323124700000000000001060002880000000259000000000000000000000000000000100000001500000000000020000000000
091841180008002001190323124700000000000002070010220000000612000000000000000000000000000000100000001990000000000010000000000
091841180009002001190323124700000000000001050001700000000068000000000000000000000000000000100000002000000000000020000000000
091841180010002001190323124700000000000002130013040000000520000000000000000000000000000000100000001400000000000010000000000
091841180011002001190323124700000000000002170000010000001099000000000000000000000000000000000000006500000000000010000000000
11184118001200200119032312470000070000110000005229000000522900000000000000000000000000522900000000000000
121841180013002001190323124703020000000000000000000000000000000000000000005229000000000000000000000000000000
07184119000000200119032312510000000000000000100000000000000000
091841190001002001190323125100000000000002230002540000000305000000000000000000000000000000100000004980000000000010000000000
091841190002002001190323125100000000000002090002920000000350000000000000000000000000000000100000004720000000000010000000000
11184119000300200119032312510000070000020000000655000000065500000000000000000000000000065500000000000000
121841190004002001190323125103040000000000000000000000000000000000000000000655000000000000000000000000000000
07184120000000200119032313030000000000000000100000000000000000
091841200001002001190323130300000000000001220010540000000421000000000000000000000000000000100000001500000000000020000000000
091841200002002001190323130300000000000003040000010000000299000000000000000000000000000000000000000700000000000040000000000
11184120000300200119032313030000070000020000000720000000072000000000000000000000000000072000000000000000
121841200004002001190323130303030000000000000000000000000000000000000000000720000000000000000000000000000000
07184121000000200119032313080000000000000000100000000000000000
091841210001002001190323130800000000000002010009180000000550000000000000000000000000000000100000002150000000000010000000000
091841210002002001190323130800000000000002460020120000002010000000000000000000000000000000100000000000000000000010000000000
091841210003002001190323130800000000000001010011300000000564000000000000000000000000000000100000001400000000000020000000000
091841210004002001190323130800000000000001290005140000000411000000000000000000000000000000100000000250000000000020000000000
091841210005002001190323130800000000000002090004040000000484000000000000000000000000000000100000004720000000000010000000000
11184121000600200119032313080000070000050000004019000000401900000000000000000000000000401900000000000000
121841210007002001190323130803060000000000000000000000000000000000000000004019000000000000000000000000000000
07184122000000200119032313100000000000000000100000000000000000
091841220001002001190323131000000000000001010010440000000521000000000000000000000000000000100000001400000000000020000000000
091841220002002001190323131000000000000003030000010000000199000000000000000000000000000000000000000830000000000040000000000
091841220003002001190323131000000000000003070000010000000199000000000000000000000000000000000000000100000000000040000000000
11184122000400200119032313100000070000030000000919000000091900000000000000000000000000091900000000000000
121841220005002001190323131003030000000000000000000000000000000000000000000919000000000000000000000000000000
07184123000000200119032313500000000000000000100000000000000000
091841230001002001190323135000000000000001290004120000000329000000000000000000000000000000100000000250000000000020000000000
091841230002002001190323135000000000000001050007040000000281000000000000000000000000000000100000002000000000000020000000000
091841230003002001190323135000000000000001090004360000000348000000000000000000000000000000100000001500000000000020000000000
091841230004002001190323135000000000000001070002720000000408000000000000000000000000000000100000010000000000000020000000000
091841230005002001190323135000000000000002040006620000000231000000000000000000000000000000100000000500000000000010000000000
11184123000600200119032313500000070000050000001597000000159700000000000000000000000000500000000034030000
121841230007002001190323135000000000000000000000000000000000000000000000001597000000000000000000000000000000
07184124000000200119032313510000000000000000100000000000000000
091841240001002001190323135100000000000001290003360000000268000000000000000000000000000000100000000250000000000020000000000
11184124000200200119032313510000070000010000000268000000026800000000000000000000000000026800000000000000
121841240003002001190323135103100000000000000000000000000000000000000000000268000000000000000000000000000000
07184125000000200119032313530000000000000000100000000000000000
091841250001002001190323135300000000000002040003100000000108000000000000000000000000000000100000000500000000000010000000000
11184125000200200119032313530000070000010000000108000000010800000000000000000000000000020000000000920000
121841250003002001190323135300000000000000000000000000000000000000000000000108000000000000000000000000000000
14184126000000200119032313560000010000000000
061841260001002001190323135600000100001050000000000000000000000000000000000000000000
0418412700000020011903231357000001183974184127000001965039940000019667684619032300001667630000000000000000000000000014750001000000000000000000000000000000000000000000000000000000000000000000000000000000001234567890AB        
