01194981000000200128052307270000010000010000000002085794521.82G5E   1234567890AB        Generica            
02194981000100200128052307270000010000070000000000
07194982000000200128052307280000000000000000100000000000000000
091949820001002001280523072800000000000001020009740000000291000000000000000000000000000000100000001200000000000020000000000
091949820002002001280523072800000000000003050000010000000199000000000000000000000000000000000000000700000000000040000000000
11194982000300200128052307280000070000020000000490000000049000000000000000000000000000049000000000000000
121949820004002001280523072800000000000000000000000000000000000000000000000490000000000000000000000000000000
07194983000000200128052307420000000000000000100000000000000000
091949830001002001280523074200000000000003120000040000000796000000000000000000000000000000000000000700000000000040000000000
11194983000200200128052307420000070000010000000796000000079600000000000000000000000000100000000002040000
121949830003002001280523074200000000000000000000000000000000000000000000000796000000000000000000000000000000
14194984000000200128052307490000010000000000
07194985000000200128052307500000000000000000100000000000000000
091949850001002001280523075000000000000020700006760000000202000000000000000000000000000000100000000990000000000010000000000
11194985000200200128052307500000070000010000000202000000020200000000000000000000000000020200000000000000
121949850003002001280523075002010000000000000000000000000000000000310000000202000000000000000000000000000000
101949850004002001280523075001000000000000003100000002020000000000000249000007
07194986000000200128052308060000000000000000100000000000000000
091949860001002001280523080600000000000002130014260000000569000000000000000000000000000000100000001400000000000010000000000
091949860002002001280523080600000000000002050011000000000384000000000000000000000000000000100000000890000000000010000000000
091949860003002001280523080600000000000005020000010000000099I 0000000000000000000000000000000000000100000000000020000000000
11194986000400200128052308060000070000030000001052000000105200000000000000000000000000105200000000000000
121949860005002001280523080603040000000000000000000000000000000000000000001052000000000000000000000000000000
07194987000000200128052308120000000000000000100000000000000000
091949870001002001280523081200000000000002050024500000000855000000000000000000000000000000100000000890000000000010000000000
091949870002002001280523081200000000000001140008520000000766000000000000000000000000000000100000000500000000000020000000000
091949870003002001280523081200000000000001040016580000001159000000000000000000000000000000100000002750000000000020000000000
091949870004002001280523081200000000000001250005920000000059I 0000000000000000000000000000100000000530000000000020000000000
091949870005002001280523081200000000000001080009640000001156000000000000000000000000000000100000001000000000000020000000000
091949870006002001280523081200000000000001090001340000000107000000000000000000000000000000100000001500000000000020000000000
091949870007002001280523081200000000000003040000010000000199000000000000000000000000000000000000000700000000000040000000000
11194987000800200128052308120000070000070000004301000000430100000000000000000000000000500000000006990000
121949870009002001280523081200000000000000000000000000000000000000000000004301000000000000000000000000000000
07194988000000200128052308200000000000000000100000000000000000
091949880001002001280523082000000000000002040011780000000293000000000000000000000000000000100000000500000000000010000000000
091949880002002001280523082000000000000001040013600000000951000000000000000000000000000000100000002750000000000020000000000
091949880003002001280523082000000000000001150011960000001793000000000000000000000000000000100000001000000000000020000000000
091949880004002001280523082000000000000003050000010000000199000000000000000000000000000000000000000700000000000040000000000
091949880005002001280523082000000000000003050000010000000199000000000000000000000000000000000000000700000000000040000000000
11194988000600200128052308200000070000050000003435000000343500000000000000000000000000343500000000000000
121949880007002001280523082003020000000000000000000000000000000000000000003435000000000000000000000000000000
07194989000000200128052308270000000000000000100000000000000000
091949890001002001280523082700000000000002110008960000000358000000000000000000000000000000100000000990000000000010000000000
091949890002002001280523082700000000000002080001420000000057000000000000000000000000000000100000000500000000000010000000000
091949890003002001280523082700000000000020700014460000000432000000000000000000000000000000100000000990000000000010000000000
091949890004002001280523082700000000000002050003880000000135000000000000000000000000000000100000000890000000000010000000000
11194989000500200128052308270000070000040000000982000000098200000000000000000000000000100000000000180000
121949890006002001280523082700000000000000000000000000000000000000000000000982000000000000000000000000000000
07194990000000200128052308300000000000000000100000000000000000
091949900001002001280523083000000000000002040008920000000222000000000000000000000000000000100000000500000000000010000000000
091949900002002001280523083000000000000001080005020000000602000000000000000000000000000000100000001000000000000020000000000
091949900003002001280523083000000000000001090000760000000061000000000000000000000000000000100000001500000000000020000000000
091949900004002001280523083000000000000001040001900000000133000000000000000000000000000000100000002750000000000020000000000
091949900005002001280523083000000000000003030000010000000199000000000000000000000000000000000000000830000000000040000000000
11194990000600200128052308300000070000050000001217000000121700000000000000000000000000200000000007830000
121949900007002001280523083000000000000000000000000000000000000000000000001217000000000000000000000000000000
07194991000000200128052308330000000000000000100000000000000000
091949910001002001280523083300000000000002010009740000000340000000000000000000000000000000100000002150000000000010000000000
091949910002002001280523083300000000000001050001500000000060000000000000000000000000000000100000002000000000000020000000000
091949910003002001280523083300000000000001080004300000000516000000000000000000000000000000100000001000000000000020000000000
091949910004002001280523083300000000000001070000540000000108000000000000000000000000000000100000010000000000000020000000000
11194991000500200128052308330000070000040000001024000000102400000000000000000000000000102400000000000000
121949910006002001280523083303020000000000000000000000000000000000000000001024000000000000000000000000000000
07194992000000200128052308400000000000000000100000000000000000
091949920001002001280523084000000000000003050000010000000199000000000000000000000000000000000000000700000000000040000000000
091949920002002001280523084000000000000003050000010000000199000000000000000000000000000000000000000700000000000040000000000
11194992000300200128052308400000070000020000000398000000039800000000000000000000000000039800000000000000
121949920004002001280523084003030000000000000000000000000000000000000000000398000000000000000000000000000000
07194993000000200128052308460000000000000000100000000000000000
091949930001002001280523084600000000000002260006740000000404000000000000000000000000000000100000002000000000000010000000000
091949930002002001280523084600000000000002150000010000000399000000000000000000000000000000000000000500000000000010000000000
091949930003002001280523084600000000000002150000010000000399000000000000000000000000000000000000000500000000000010000000000
091949930004002001280523084600000000000003120000010000000199000000000000000000000000000000000000000700000000000040000000000
091949930005002001280523084600000000000003030000010000000199000000000000000000000000000000000000000830000000000040000000000
11194993000600200128052308460000070000050000001600000000160000000000000000000000000000160000000000000000
121949930007002001280523084603030000000000000000000000000000000000000000001600000000000000000000000000000000
07194994000000200128052309040000000000000000100000000000000000
091949940001002001280523090400000000000003020000010000000100000000000000000000000000000000000000000500000000000000000000000
091949940002002001280523090400000000000001070001760000000352000000000000000000000000000000100000010000000000000020000000000
091949940003002001280523090400000000000003030000010000000199000000000000000000000000000000000000000830000000000040000000000
091949940004002001280523090400000000000003050000010000000199000000000000000000000000000000000000000700000000000040000000000
11194994000500200128052309040000070000040000000850000000085000000000000000000000000000100000000001500000
121949940006002001280523090400000000000000000000000000000000000000000000000850000000000000000000000000000000
07194995000000200128052309080000000000000000100000000000000000
091949950001002001280523090800000000000001090000920000000074000000000000000000000000000000100000001500000000000020000000000
091949950002002001280523090800000000000001050002660000000106000000000000000000000000000000100000002000000000000020000000000
091949950003002001280523090800000000000003040000010000000199000000000000000000000000000000000000000700000000000040000000000
11194995000400200128052309080000070000030000000379000000037900000000000000000000000000200000000016210000
121949950005002001280523090800000000000000000000000000000000000000000000000379000000000000000000000000000000
07194996000000200128052309130000000000000000100000000000000000
091949960001002001280523091300000000000002270001820000000236000000000000000000000000000000100000003990000000000010000000000
11194996000200200128052309130000070000010000000236000000023600000000000000000000000000050000000002640000
121949960003002001280523091300000000000000000000000000000000000000000000000236000000000000000000000000000000
07194997000000200128052309190000000000000000100000000000000000
091949970001002001280523091900000000000003010000010000001200000000000000000000000000000000000000006000000000000050000000000
11194997000200200128052309190000070000010000001200000000120000000000000000000000000000120000000000000000
121949970003002001280523091903030000000000000000000000000000000000000000001200000000000000000000000000000000
07194998000000200128052309250000000000000000100000000000000000
091949980001002001280523092500000000000001010012460000000622000000000000000000000000000000100000001400000000000020000000000
091949980002002001280523092500000000000001140003160000000284000000000000000000000000000000100000000500000000000020000000000
091949980003002001280523092500000000000003050000010000000199000000000000000000000000000000000000000700000000000040000000000
091949980004002001280523092500000000000003030000010000000199000000000000000000000000000000000000000830000000000040000000000
11194998000500200128052309250000070000040000001304000000130400000000000000000000000000130400000000000000
121949980006002001280523092502010000000000000000000000000000000000010000001304000000000000000000000000000000
101949980007002001280523092501000000000000000100000013040000000000000407000007
07194999000000200128052309270000000000000000100000000000000000
091949990001002001280523092700000000000001020005960000000178000000000000000000000000000000100000001200000000000020000000000
091949990002002001280523092700000000000001060002700000000135000000000000000000000000000000100000001500000000000020000000000
091949990003002001280523092700000000000001050002140000000085000000000000000000000000000000100000002000000000000020000000000
091949990004002001280523092700000000000001090000700000000056000000000000000000000000000000100000001500000000000020000000000
091949990005002001280523092700000000000003020000010000000100000000000000000000000000000000000000000500000000000000000000000
11194999000600200128052309270000070000050000000554000000055400000000000000000000000000060000000000460000
121949990007002001280523092700000000000000000000000000000000000000000000000554000000000000000000000000000000
07195000000000200128052309290000000000000000100000000000000000
091950000001002001280523092900000000000001060003240000000162000000000000000000000000000000100000001500000000000020000000000
091950000002002001280523092900000000000001080002920000000350000000000000000000000000000000100000001000000000000020000000000
091950000003002001280523092900000000000001250003520000000035I 0000000000000000000000000000100000000530000000000020000000000
091950000004002001280523092900000000000001110003680000000092000000000000000000000000000000100000000500000000000020000000000
091950000005002001280523092900000000000002010003020000000105000000000000000000000000000000100000002150000000000010000000000
091950000006002001280523092900000000000002070007540000000376000000000000000000000000000000100000001990000000000010000000000
091950000007002001280523092900000000000002050003700000000129000000000000000000000000000000100000000890000000000010000000000
11195000000800200128052309290000070000070000001249000000124900000000000000000000000000124900000000000000
121950000009002001280523092903030000000000000000000000000000000000000000001249000000000000000000000000000000
07195001000000200128052309290000000000000000100000000000000000
091950010001002001280523092900000000000003030000010000000199000000000000000000000000000000000000000830000000000040000000000
11195001000200200128052309290000070000010000000199000000019900000000000000000000000000019900000000000000
121950010003002001280523092900000000000000000000000000000000000000000000000199000000000000000000000000000000
07195002000000200128052309310000000000000000100000000000000000
091950020001002001280523093100000000000001050001200000000048000000000000000000000000000000100000002000000000000020000000000
091950020002002001280523093100000000000002050006680000000233000000000000000000000000000000100000000890000000000010000000000
091950020003002001280523093100000000000002070003360000000168000000000000000000000000000000100000001990000000000010000000000
091950020004002001280523093100000000000003030000010000000199000000000000000000000000000000000000000830000000000040000000000
11195002000500200128052309310000070000040000000648000000064800000000000000000000000000064800000000000000
121950020006002001280523093103020000000000000000000000000000000000000000000648000000000000000000000000000000
07195003000000200128052309340000000000000000100000000000000000
091950030001002001280523093400000000000004020000040000000400I 0300000000000000000000000000000000000230000000000030000000000
11195003000200200128052309340000070000010000000400000000040000000000000000000000000000040000000000000000
121950030003002001280523093403030000000000000000000000000000000000000000000400000000000000000000000000000000
07195004000000200128052309360000000000000000100000000000000000
091950040001002001280523093600000000000002220000010000000499000000000000000000000000000000000000001500000000000010000000000
11195004000200200128052309360000070000010000000499000000049900000000000000000000000000049900000000000000
121950040003002001280523093603020000000000000000000000000000000000000000000499000000000000000000000000000000
07195005000000200128052309370000000000000000100000000000000000
091950050001002001280523093700000000000001150003080000000462000000000000000000000000000000100000001000000000000020000000000
11195005000200200128052309370000070000010000000462000000046200000000000000000000000000100000000005380000
121950050003002001280523093700000000000000000000000000000000000000000000000462000000000000000000000000000000
07195006000000200128052309400000000000000000100000000000000000
091950060001002001280523094000000000000003030000010000000199000000000000000000000000000000000000000830000000000040000000000
11195006000200200128052309400000070000010000000199000000019900000000000000000000000000019900000000000000
121950060003002001280523094000000000000000000000000000000000000000000000000199000000000000000000000000000000
07195007000000200128052309410000000000000000100000000000000000
091950070001002001280523094100000000000001220009400000000469000000000000000000000000000000100000001500000000000020000000000
091950070002002001280523094100000000000002220000010000000499000000000000000000000000000000000000001500000000000010000000000
11195007000300200128052309410000070000020000000968000000096800000000000000000000000000100000000000320000
121950070004002001280523094100000000000000000000000000000000000000000000000968000000000000000000000000000000
07195008000000200128052309440000000000000000100000000000000000
091950080001002001280523094400000000000001270002100000000105000000000000000000000000000000100000000250000000000020000000000
091950080002002001280523094400000000000001070000580000000116000000000000000000000000000000100000010000000000000020000000000
091950080003002001280523094400000000000005020000010000000099I 0000000000000000000000000000000000000100000000000020000000000
11195008000400200128052309440000070000030000000320000000032000000000000000000000000000050000000001800000
121950080005002001280523094400000000000000000000000000000000000000000000000320000000000000000000000000000000
07195009000000200128052309450000000000000000100000000000000000
091950090001002001280523094500000000000003030000010000000199000000000000000000000000000000000000000830000000000040000000000
11195009000200200128052309450000070000010000000199000000019900000000000000000000000000019900000000000000
121950090003002001280523094500000000000000000000000000000000000000000000000199000000000000000000000000000000
07195010000000200128052309460000000000000000100000000000000000
091950100001002001280523094600000000000002050007380000000258000000000000000000000000000000100000000890000000000010000000000
17195010000200200128052309460000000000000499
11195010000300200128052309460000070000010000000258000000025800000000000000000000000000025800000000000000
121950100004002001280523094603030000000000000000000000000000000000000000000258000000000000000000000000000000
07195011000000200128052309470000000000000000100000000000000000
091950110001002001280523094700000000000002270003620000000470000000000000000000000000000000100000003990000000000010000000000
11195011000200200128052309470000070000010000000470000000047000000000000000000000000000047000000000000000
121950110003002001280523094703030000000000000000000000000000000000000000000470000000000000000000000000000000
07195012000000200128052309550000000000000000100000000000000000
091950120001002001280523095500000000000002040004520000000113000000000000000000000000000000100000000500000000000010000000000
091950120002002001280523095500000000000005320000010000000199I 0100000000000000000000000000000000001490000000000080000000000
11195012000300200128052309550000070000020000000312000000031200000000000000000000000000100000000006880000
121950120004002001280523095500000000000000000000000000000000000000000000000312000000000000000000000000000000
07195013000000200128052309580000000000000000100000000000000000
091950130001002001280523095800000000000005040000010000000699I 0100000000000000000000000000000000000000000000000030000000000
091950130002002001280523095800000000000005040000010000000699I 0100000000000000000000000000000000000000000000000030000000000
11195013000300200128052309580000070000020000001398000000139800000000000000000000000000139800000000000000
121950130004002001280523095803100000000000000000000000000000000000000000001398000000000000000000000000000000
07195014000000200128052309580000000000000000100000000000000000
091950140001002001280523095800000000000005040000010000000699I 0100000000000000000000000000000000000000000000000030000000000
11195014000200200128052309580000070000010000000699000000069900000000000000000000000000069900000000000000
121950140003002001280523095800000000000000000000000000000000000000000000000699000000000000000000000000000000
07195015000000200128052309590000000000000000100000000000000000
091950150001002001280523095900000000000003030000010000000199000000000000000000000000000000000000000830000000000040000000000
091950150002002001280523095900000000000003030000010000000199000000000000000000000000000000000000000830000000000040000000000
091950150003002001280523095900000000000003050000010000000199000000000000000000000000000000000000000700000000000040000000000
11195015000400200128052309590000070000030000000597000000059700000000000000000000000000059700000000000000
121950150005002001280523095900000000000000000000000000000000000000000000000597000000000000000000000000000000
07195016000000200128052310000000000000000000100000000000000000
091950160001002001280523100000000000000001050003860000000154000000000000000000000000000000100000002000000000000020000000000
11195016000200200128052310000000070000010000000154000000015400000000000000000000000000020000000000460000
121950160003002001280523100000000000000000000000000000000000000000000000000154000000000000000000000000000000
07195017000000200128052310020000000000000000100000000000000000
091950170001002001280523100200000000000003120000010000000199000000000000000000000000000000000000000700000000000040000000000
091950170002002001280523100200000000000001070001480000000296000000000000000000000000000000100000010000000000000020000000000
091950170003002001280523100200000000000001170006720000000403000000000000000000000000000000100000001430000000000020000000000
11195017000400200128052310020000070000030000000898000000089800000000000000000000000000200000000011020000
121950170005002001280523100200000000000000000000000000000000000000000000000898000000000000000000000000000000
07195018000000200128052310030000000000000000100000000000000000
091950180001002001280523100300000000000002610000010000000799000000000000000000000000000000000000004500000000000010000000000
091950180002002001280523100300000000000002070009360000000467000000000000000000000000000000100000001990000000000010000000000
091950180003002001280523100300000000000002190000010000000999000000000000000000000000000000000000002250000000000010000000000
091950180004002001280523100300000000000002150000010000000399000000000000000000000000000000000000000500000000000010000000000
091950180005002001280523100300000000000002150000010000000399000000000000000000000000000000000000000500000000000010000000000
091950180006002001280523100300000000000002150000010000000399000000000000000000000000000000000000000500000000000010000000000
11195018000700200128052310030000070000060000003462000000346200000000000000000000000000500000000015380000
121950180008002001280523100300000000000000000000000000000000000000000000003462000000000000000000000000000000
07195019000000200128052310030000000000000000100000000000000000
091950190001002001280523100300000000000005020000010000000099I 0000000000000000000000000000000000000100000000000020000000000
11195019000200200128052310030000070000010000000099000000009900000000000000000000000000009900000000000000
121950190003002001280523100300000000000000000000000000000000000000000000000099000000000000000000000000000000
07195020000000200128052310040000000000000000100000000000000000
091950200001002001280523100400000000000001230002060000000185000000000000000000000000000000100000008750000000000020000000000
11195020000200200128052310040000070000010000000185000000018500000000000000000000000000200000000018150000
121950200003002001280523100400000000000000000000000000000000000000000000000185000000000000000000000000000000
07195021000000200128052310040000000000000000100000000000000000
091950210001002001280523100400000000000003050000010000000199000000000000000000000000000000000000000700000000000040000000000
091950210002002001280523100400000000000003050000010000000199000000000000000000000000000000000000000700000000000040000000000
091950210003002001280523100400000000000003050000010000000199000000000000000000000000000000000000000700000000000040000000000
11195021000400200128052310040000070000030000000597000000059700000000000000000000000000100000000004030000
121950210005002001280523100400000000000000000000000000000000000000000000000597000000000000000000000000000000
07195022000000200128052310070000000000000000100000000000000000
091950220001002001280523100700000000000004020000020000000200I 0300000000000000000000000000000000000230000000000030000000000
091950220002002001280523100700000000000001070003600000000720000000000000000000000000000000100000010000000000000020000000000
11195022000300200128052310070000070000020000000920000000092000000000000000000000000000200000000010800000
121950220004002001280523100700000000000000000000000000000000000000000000000920000000000000000000000000000000
07195023000000200128052310130000000000000000100000000000000000
091950230001002001280523101300000000000002130014620000000583000000000000000000000000000000100000001400000000000010000000000
091950230002002001280523101300000000000002200000010000000899000000000000000000000000000000000000000990000000000010000000000
091950230003002001280523101300000000000001020015660000000468000000000000000000000000000000100000001200000000000020000000000
091950230004002001280523101300000000000002260013620000000816000000000000000000000000000000100000002000000000000010000000000
091950230005002001280523101300000000000001170004440000000266000000000000000000000000000000100000001430000000000020000000000
091950230006002001280523101300000000000002070010700000000534000000000000000000000000000000100000001990000000000010000000000
11195023000700200128052310130000070000060000003566000000356600000000000000000000000001000000000064340000
121950230008002001280523101300000000000000000000000000000000000000000000003566000000000000000000000000000000
07195024000000200128052310130000000000000000100000000000000000
091950240001002001280523101300000000000002220000010000000499000000000000000000000000000000000000001500000000000010000000000
091950240002002001280523101300000000000002220000010000000499000000000000000000000000000000000000001500000000000010000000000
11195024000300200128052310130000070000020000000998000000099800000000000000000000000000099800000000000000
121950240004002001280523101303030000000000000000000000000000000000000000000998000000000000000000000000000000
07195025000000200128052310170000000000000000100000000000000000
091950250001002001280523101700000000000001050002100000000084000000000000000000000000000000100000002000000000000020000000000
11195025000200200128052310170000070000010000000084000000008400000000000000000000000000010000000000160000
121950250003002001280523101700000000000000000000000000000000000000000000000084000000000000000000000000000000
07195026000000200128052310180000000000000000100000000000000000
091950260001002001280523101800000000000002050002120000000074000000000000000000000000000000100000000890000000000010000000000
11195026000200200128052310180000070000010000000074000000007400000000000000000000000000007400000000000000
121950260003002001280523101800000000000000000000000000000000000000000000000074000000000000000000000000000000
07195027000000200128052310190000000000000000100000000000000000
091950270001002001280523101900000000000001010010600000000529000000000000000000000000000000100000001400000000000020000000000
091950270002002001280523101900000000000003050000010000000199000000000000000000000000000000000000000700000000000040000000000
11195027000300200128052310190000070000020000000728000000072800000000000000000000000000090000000001720000
121950270004002001280523101900000000000000000000000000000000000000000000000728000000000000000000000000000000
07195028000000200128052310220000000000000000100000000000000000
091950280001002001280523102200000000000003190000010000000600000000000000000000000000000000000000002000000000000050000000000
091950280002002001280523102200000000000001080001620000000194000000000000000000000000000000100000001000000000000020000000000
11195028000300200128052310220000070000020000000794000000079400000000000000000000000000080000000000060000
121950280004002001280523102200000000000000000000000000000000000000000000000794000000000000000000000000000000
07195029000000200128052310240000000000000000100000000000000000
091950290001002001280523102400000000000003200000010000002500000000000000000000000000000000000000000000000000000050000000000
091950290002002001280523102400000000000003200000010000002500000000000000000000000000000000000000000000000000000050000000000
091950290003002001280523102400000000000003030000010000000199000000000000000000000000000000000000000830000000000040000000000
091950290004002001280523102400000000000003030000010000000199000000000000000000000000000000000000000830000000000040000000000
11195029000500200128052310240000070000040000005398000000539800000000000000000000000000550000000001020000
121950290006002001280523102400000000000000000000000000000000000000000000005398000000000000000000000000000000
07195030000000200128052310250000000000000000100000000000000000
091950300001002001280523102500000000000003200000010000002500000000000000000000000000000000000000000000000000000050000000000
091950300002002001280523102500000000000005080000010000002399I 0100000000000000000000000000000000015000000000000070000000000
11195030000300200128052310250000070000020000004899000000489900000000000000000000000000489900000000000000
121950300004002001280523102503100000000000000000000000000000000000000000004899000000000000000000000000000000
07195031000000200128052310290000000000000000100000000000000000
091950310001002001280523102900000000000002070011040000000551000000000000000000000000000000100000001990000000000010000000000
091950310002002001280523102900000000000002010003680000000128000000000000000000000000000000100000002150000000000010000000000
17195031000300200128052310290000000000000599
17195031000400200128052310290000000000000599
091950310005002001280523102900000000000002260006000000000359000000000000000000000000000000100000002000000000000010000000000
091950310006002001280523102900000000000001010005100000000254000000000000000000000000000000100000001400000000000020000000000
091950310007002001280523102900000000000001050001620000000065000000000000000000000000000000100000002000000000000020000000000
091950310008002001280523102900000000000001070000500000000100000000000000000000000000000000100000010000000000000020000000000
091950310009002001280523102900000000000003050000010000000199000000000000000000000000000000000000000700000000000040000000000
091950310010002001280523102900000000000003030000010000000199000000000000000000000000000000000000000830000000000040000000000
091950310011002001280523102900000000000001090000820000000066000000000000000000000000000000100000001500000000000020000000000
11195031001200200128052310290000070000090000001921000000192100000000000000000000000000200000000000790000
121950310013002001280523102900000000000000000000000000000000000000000000001921000000000000000000000000000000
07195032000000200128052310320000000000000000100000000000000000
091950320001002001280523103200000000000003030000010000000199000000000000000000000000000000000000000830000000000040000000000
091950320002002001280523103200000000000002050004020000000140000000000000000000000000000000100000000890000000000010000000000
11195032000300200128052310320000070000020000000339000000033900000000000000000000000000040000000000610000
121950320004002001280523103200000000000000000000000000000000000000000000000339000000000000000000000000000000
07195033000000200128052310370000000000000000100000000000000000
091950330001002001280523103700000000000001080003140000000376000000000000000000000000000000100000001000000000000020000000000
091950330002002001280523103700000000000002040003220000000080000000000000000000000000000000100000000500000000000010000000000
091950330003002001280523103700000000000002050004560000000159000000000000000000000000000000100000000890000000000010000000000
091950330004002001280523103700000000000001020013700000000410000000000000000000000000000000100000001200000000000020000000000
091950330005002001280523103700000000000001050004080000000163000000000000000000000000000000100000002000000000000020000000000
091950330006002001280523103700000000000002070005760000000287000000000000000000000000000000100000001990000000000010000000000
091950330007002001280523103700000000000001090000840000000067000000000000000000000000000000100000001500000000000020000000000
091950330008002001280523103700000000000002270003480000000452000000000000000000000000000000100000003990000000000010000000000
091950330009002001280523103700000000000002150000010000000399000000000000000000000000000000000000000500000000000010000000000
091950330010002001280523103700000000000001140000740000000067000000000000000000000000000000100000000500000000000020000000000
11195033001100200128052310370000070000100000002460000000246000000000000000000000000000500000000025400000
121950330012002001280523103700000000000000000000000000000000000000000000002460000000000000000000000000000000
07195034000000200128052310380000000000000000100000000000000000
091950340001002001280523103800000000000003050000010000000199000000000000000000000000000000000000000700000000000040000000000
091950340002002001280523103800000000000003050000010000000199000000000000000000000000000000000000000700000000000040000000000
11195034000300200128052310380000070000020000000398000000039800000000000000000000000000039800000000000000
121950340004002001280523103803020000000000000000000000000000000000000000000398000000000000000000000000000000
07195035000000200128052310410000000000000000100000000000000000
091950350001002001280523104100000000000001030006940000000624000000000000000000000000000000100000002800000000000020000000000
091950350002002001280523104100000000000003030000010000000199000000000000000000000000000000000000000830000000000040000000000
11195035000300200128052310410000070000020000000823000000082300000000000000000000000000082300000000000000
121950350004002001280523104103030000000000000000000000000000000000000000000823000000000000000000000000000000
07195036000000200128052310430000000000000000100000000000000000
091950360001002001280523104300000000000001020006100000000182000000000000000000000000000000100000001200000000000020000000000
091950360002002001280523104300000000000005020000030000000297I 0000000000000000000000000000000000000100000000000060000000000
091950360003002001280523104300000000000003050000010000000199000000000000000000000000000000000000000700000000000040000000000
11195036000400200128052310430000070000030000000678000000067800000000000000000000000000067800000000000000
121950360005002001280523104300000000000000000000000000000000000000000000000678000000000000000000000000000000
07195037000000200128052310440000000000000000100000000000000000
091950370001002001280523104400000000000001220003280000000164000000000000000000000000000000100000001500000000000020000000000
091950370002002001280523104400000000000001110003580000000089000000000000000000000000000000100000000500000000000020000000000
11195037000300200128052310440000070000020000000253000000025300000000000000000000000000050000000002470000
121950370004002001280523104400000000000000000000000000000000000000000000000253000000000000000000000000000000
07195038000000200128052310440000000000000000100000000000000000
091950380001002001280523104400000000000003030000010000000199000000000000000000000000000000000000000830000000000040000000000
11195038000200200128052310440000070000010000000199000000019900000000000000000000000000019900000000000000
121950380003002001280523104400000000000000000000000000000000000000000000000199000000000000000000000000000000
07195039000000200128052310460000000000000000100000000000000000
091950390001002001280523104600000000000003120000010000000199000000000000000000000000000000000000000700000000000040000000000
11195039000200200128052310460000070000010000000199000000019900000000000000000000000000019900000000000000
121950390003002001280523104600000000000000000000000000000000000000000000000199000000000000000000000000000000
07195040000000200128052310500000000000000000100000000000000000
091950400001002001280523105000000000000003030000010000000199000000000000000000000000000000000000000830000000000040000000000
091950400002002001280523105000000000000004020000010000000100I 0300000000000000000000000000000000000230000000000030000000000
11195040000300200128052310500000070000020000000299000000029900000000000000000000000000029900000000000000
121950400004002001280523105003100000000000000000000000000000000000000000000299000000000000000000000000000000
07195041000000200128052310510000000000000000100000000000000000
091950410001002001280523105100000000000001160002920000000073000000000000000000000000000000100000000670000000000020000000000
091950410002002001280523105100000000000005020000010000000099I 0000000000000000000000000000000000000100000000000060000000000
091950410003002001280523105100000000000003120000010000000199000000000000000000000000000000000000000700000000000040000000000
091950410004002001280523105100000000000003070000010000000199000000000000000000000000000000000000000100000000000040000000000
091950410005002001280523105100000000000003030000010000000199000000000000000000000000000000000000000830000000000040000000000
11195041000600200128052310510000070000050000000769000000076900000000000000000000000000100000000002310000
121950410007002001280523105100000000000000000000000000000000000000000000000769000000000000000000000000000000
07195042000000200128052310530000000000000000100000000000000000
091950420001002001280523105300000000000020700009840000000294000000000000000000000000000000100000000990000000000010000000000
11195042000200200128052310530000070000010000000294000000029400000000000000000000000000029400000000000000
121950420003002001280523105300000000000000000000000000000000000000000000000294000000000000000000000000000000
14195043000000200128052310530000010000000304
07195044000000200128052310550000000000000000100000000000000000
091950440001002001280523105500000000000002290000010000000699000000000000000000000000000000000000002500000000000010000000000
091950440002002001280523105500000000000002220000010000000499000000000000000000000000000000000000001500000000000010000000000
091950440003002001280523105500000000000002220000010000000499000000000000000000000000000000000000001500000000000010000000000
091950440004002001280523105500000000000001140004340000000390000000000000000000000000000000100000000500000000000020000000000
091950440005002001280523105500000000000003040000010000000199000000000000000000000000000000000000000700000000000040000000000
091950440006002001280523105500000000000003040000010000000199000000000000000000000000000000000000000700000000000040000000000
091950440007002001280523105500000000000003050000010000000199000000000000000000000000000000000000000700000000000040000000000
11195044000800200128052310550000070000070000002684000000268400000000000000000000000000500000000023160000
121950440009002001280523105500000000000000000000000000000000000000000000002684000000000000000000000000000000
07195045000000200128052310560000000000000000100000000000000000
091950450001002001280523105600000000000003120000010000000199000000000000000000000000000000000000000700000000000040000000000
091950450002002001280523105600000000000003120000010000000199000000000000000000000000000000000000000700000000000040000000000
091950450003002001280523105600000000000003040000010000000199000000000000000000000000000000000000000700000000000040000000000
091950450004002001280523105600000000000001250015100000000149I 0000000000000000000000000000100000000530000000000020000000000
091950450005002001280523105600000000000001060003100000000155000000000000000000000000000000100000001500000000000020000000000
11195045000600200128052310560000070000050000000901000000090100000000000000000000000000100000000000990000
121950450007002001280523105600000000000000000000000000000000000000000000000901000000000000000000000000000000
07195046000000200128052310570000000000000000100000000000000000
091950460001002001280523105700000000000002050006980000000244000000000000000000000000000000100000000890000000000010000000000
11195046000200200128052310570000070000010000000244000000024400000000000000000000000000050000000002560000
121950460003002001280523105700000000000000000000000000000000000000000000000244000000000000000000000000000000
07195047000000200128052310590000000000000000100000000000000000
091950470001002001280523105900000000000004020000030000000300I 0300000000000000000000000000000000000230000000000030000000000
091950470002002001280523105900000000000004020000010000000100I 0300000000000000000000000000000000000230000000000030000000000
091950470003002001280523105900000000000004020000010000000100I 0300000000000000000000000000000000000230000000000030000000000
11195047000400200128052310590000070000030000000500000000050000000000000000000000000000050000000000000000
121950470005002001280523105903020000000000000000000000000000000000000000000500000000000000000000000000000000
07195048000000200128052311000000000000000000100000000000000000
091950480001002001280523110000000000000003030000040000000796000000000000000000000000000000000000000830000000000040000000000
11195048000200200128052311000000070000010000000796000000079600000000000000000000000000200000000012040000
121950480003002001280523110000000000000000000000000000000000000000000000000796000000000000000000000000000000
07195049000000200128052311010000000000000000100000000000000000
091950490001002001280523110100000000000002460007920000000791000000000000000000000000000000100000000000000000000010000000000
091950490002002001280523110100000000000001210000010000000799000000000000000000000000000000000000001000000000000020000000000
11195049000300200128052311010000070000020000001590000000159000000000000000000000000000159000000000000000
121950490004002001280523110103030000000000000000000000000000000000000000001590000000000000000000000000000000
07195050000000200128052311010000000000000000100000000000000000
091950500001002001280523110100000000000005020000010000000099I 0000000000000000000000000000000000000100000000000060000000000
11195050000200200128052311010000070000010000000099000000009900000000000000000000000000009900000000000000
121950500003002001280523110100000000000000000000000000000000000000000000000099000000000000000000000000000000
07195051000000200128052311030000000000000000100000000000000000
091950510001002001280523110300000000000003020000010000000100000000000000000000000000000000000000000500000000000000000000000
11195051000200200128052311030000070000010000000100000000010000000000000000000000000000050000000004000000
121950510003002001280523110300000000000000000000000000000000000000000000000100000000000000000000000000000000
07195052000000200128052311060000000000000000100000000000000000
091950520001002001280523110600000000000002270004220000000548000000000000000000000000000000100000003990000000000010000000000
091950520002002001280523110600000000000003200000010000002500000000000000000000000000000000000000000000000000000050000000000
091950520003002001280523110600000000000002040003400000000085000000000000000000000000000000100000000500000000000010000000000
11195052000400200128052311060000070000030000003133000000313300000000000000000000000000313300000000000000
121950520005002001280523110603030000000000000000000000000000000000000000003133000000000000000000000000000000
07195053000000200128052311060000000000000000100000000000000000
091950530001002001280523110600000000000003200000010000002500000000000000000000000000000000000000000000000000000050000000000
11195053000200200128052311060000070000010000002500000000250000000000000000000000000000500000000025000000
121950530003002001280523110600000000000000000000000000000000000000000000002500000000000000000000000000000000
07195054000000200128052311070000000000000000100000000000000000
091950540001002001280523110700000000000001090001360000000109000000000000000000000000000000100000001500000000000020000000000
091950540002002001280523110700000000000001080003200000000384000000000000000000000000000000100000001000000000000020000000000
091950540003002001280523110700000000000005030000010000001099I 0000000000000000000000000000000000004420000000000020000000000
11195054000400200128052311070000070000030000001592000000159200000000000000000000000000200000000004080000
121950540005002001280523110700000000000000000000000000000000000000000000001592000000000000000000000000000000
18195054000600200128052311080800000010000000000000000000000001
07195055000000200128052311110000000000000000100000000000000000
091950550001002001280523111100000000000001170002540000000152000000000000000000000000000000100000001430000000000020000000000
091950550002002001280523111100000000000001080001820000000218000000000000000000000000000000100000001000000000000020000000000
091950550003002001280523111100000000000001040001780000000124000000000000000000000000000000100000002750000000000020000000000
11195055000400200128052311110000070000030000000494000000049400000000000000000000000000049400000000000000
121950550005002001280523111103060000000000000000000000000000000000000000000494000000000000000000000000000000
07195056000000200128052311130000000000000000100000000000000000
091950560001002001280523111300000000000002070012840000000641000000000000000000000000000000100000001990000000000010000000000
091950560002002001280523111300000000000003030000010000000199000000000000000000000000000000000000000830000000000040000000000
091950560003002001280523111300000000000002320000010000000599000000000000000000000000000000000000000500000000000010000000000
11195056000400200128052311130000070000030000001439000000143900000000000000000000000000143900000000000000
121950560005002001280523111303030000000000000000000000000000000000000000001439000000000000000000000000000000
07195057000000200128052311130000000000000000100000000000000000
091950570001002001280523111300000000000003010000010000001200000000000000000000000000000000000000006000000000000050000000000
091950570002002001280523111300000000000003030000010000000199000000000000000000000000000000000000000830000000000040000000000
11195057000300200128052311130000070000020000001399000000139900000000000000000000000000140000000000010000
121950570004002001280523111300000000000000000000000000000000000000000000001399000000000000000000000000000000
07195058000000200128052311140000000000000000100000000000000000
091950580001002001280523111400000000000003030000010000000199000000000000000000000000000000000000000830000000000040000000000
091950580002002001280523111400000000000002070006620000000330000000000000000000000000000000100000001990000000000010000000000
11195058000300200128052311140000070000020000000529000000052900000000000000000000000000105000000005210000
121950580004002001280523111400000000000000000000000000000000000000000000000529000000000000000000000000000000
07195059000000200128052311150000000000000000100000000000000000
091950590001002001280523111500000000000002260003880000000232000000000000000000000000000000100000002000000000000010000000000
11195059000200200128052311150000070000010000000232000000023200000000000000000000000000100000000007680000
121950590003002001280523111500000000000000000000000000000000000000000000000232000000000000000000000000000000
07195060000000200128052311150000000000000000100000000000000000
091950600001002001280523111500000000000001010012620000000630000000000000000000000000000000100000001400000000000020000000000
11195060000200200128052311150000070000010000000630000000063000000000000000000000000000063000000000000000
121950600003002001280523111503020000000000000000000000000000000000000000000630000000000000000000000000000000
07195061000000200128052311160000000000000000100000000000000000
091950610001002001280523111600000000000001070001880000000376000000000000000000000000000000100000010000000000000020000000000
091950610002002001280523111600000000000002130018180000000725000000000000000000000000000000100000001400000000000010000000000
11195061000300200128052311160000070000020000001101000000110100000000000000000000000000500000000038990000
121950610004002001280523111600000000000000000000000000000000000000000000001101000000000000000000000000000000
07195062000000200128052311170000000000000000100000000000000000
091950620001002001280523111700000000000001010005840000000291000000000000000000000000000000100000001400000000000020000000000
11195062000200200128052311170000070000010000000291000000029100000000000000000000000000040000000001090000
121950620003002001280523111700000000000000000000000000000000000000000000000291000000000000000000000000000000
07195063000000200128052311180000000000000000100000000000000000
091950630001002001280523111800000000000004020000070000000700I 0300000000000000000000000000000000000230000000000030000000000
11195063000200200128052311180000070000010000000700000000070000000000000000000000000000070000000000000000
121950630003002001280523111803030000000000000000000000000000000000000000000700000000000000000000000000000000
07195064000000200128052311180000000000000000100000000000000000
091950640001002001280523111800000000000001020004380000000131000000000000000000000000000000100000001200000000000020000000000
11195064000200200128052311180000070000010000000131000000013100000000000000000000000000020000000000690000
121950640003002001280523111800000000000000000000000000000000000000000000000131000000000000000000000000000000
07195065000000200128052311190000000000000000100000000000000000
091950650001002001280523111900000000000003120000010000000199000000000000000000000000000000000000000700000000000040000000000
091950650002002001280523111900000000000003120000010000000199000000000000000000000000000000000000000700000000000040000000000
11195065000300200128052311190000070000020000000398000000039800000000000000000000000000039800000000000000
121950650004002001280523111903030000000000000000000000000000000000000000000398000000000000000000000000000000
07195066000000200128052311200000000000000000100000000000000000
091950660001002001280523112000000000000004100000200000000280I 0300000000000000000000000000100000000480000000000030000000000
11195066000200200128052311200000070000010000000280000000028000000000000000000000000000030000000000200000
121950660003002001280523112000000000000000000000000000000000000000000000000280000000000000000000000000000000
07195067000000200128052311220000000000000000100000000000000000
091950670001002001280523112200000000000004020000010000000100I 0300000000000000000000000000000000000230000000000030000000000
091950670002002001280523112200000000000004020000010000000100I 0300000000000000000000000000000000000230000000000030000000000
091950670003002001280523112200000000000003030000010000000199000000000000000000000000000000000000000830000000000040000000000
091950670004002001280523112200000000000003050000010000000199000000000000000000000000000000000000000700000000000040000000000
091950670005002001280523112200000000000003050000010000000199000000000000000000000000000000000000000700000000000040000000000
091950670006002001280523112200000000000002130015600000000622000000000000000000000000000000100000001400000000000010000000000
091950670007002001280523112200000000000001090000680000000054000000000000000000000000000000100000001500000000000020000000000
091950670008002001280523112200000000000002070003920000000196000000000000000000000000000000100000001990000000000010000000000
091950670009002001280523112200000000000002230001720000000206000000000000000000000000000000100000004980000000000010000000000
091950670010002001280523112200000000000002090001600000000192000000000000000000000000000000100000004720000000000010000000000
091950670011002001280523112200000000000001040004760000000333000000000000000000000000000000100000002750000000000020000000000
091950670012002001280523112200000000000001080002120000000254000000000000000000000000000000100000001000000000000020000000000
091950670013002001280523112200000000000003010000010000001200000000000000000000000000000000000000006000000000000050000000000
091950670014002001280523112200000000000001120002020000000141000000000000000000000000000000100000001000000000000020000000000
091950670015002001280523112200000000000002040002460000000061000000000000000000000000000000100000000500000000000010000000000
091950670016002001280523112200000000000001270001720000000086000000000000000000000000000000100000000250000000000020000000000
091950670017002001280523112200000000000001070000460000000092000000000000000000000000000000100000010000000000000020000000000
11195067001800200128052311220000070000170000004234000000423400000000000000000000000000423400000000000000
121950670019002001280523112203050000000000000000000000000000000000000000004234000000000000000000000000000000
07195068000000200128052311220000000000000000100000000000000000
091950680001002001280523112200000000000001070002160000000432000000000000000000000000000000100000010000000000000020000000000
11195068000200200128052311220000070000010000000432000000043200000000000000000000000000060000000001680000
121950680003002001280523112200000000000000000000000000000000000000000000000432000000000000000000000000000000
07195069000000200128052311220000000000000000100000000000000000
091950690001002001280523112200000000000003030000010000000199000000000000000000000000000000000000000830000000000040000000000
091950690002002001280523112200000000000003200000010000002500000000000000000000000000000000000000000000000000000050000000000
11195069000300200128052311220000070000020000002699000000269900000000000000000000000000500000000023010000
121950690004002001280523112200000000000000000000000000000000000000000000002699000000000000000000000000000000
07195070000000200128052311230000000000000000100000000000000000
091950700001002001280523112300000000000002270007720000001003000000000000000000000000000000100000003990000000000010000000000
11195070000200200128052311230000070000010000001003000000100300000000000000000000000000100300000000000000
121950700003002001280523112303030000000000000000000000000000000000000000001003000000000000000000000000000000
07195071000000200128052311240000000000000000100000000000000000
091950710001002001280523112400000000000002010009360000000327000000000000000000000000000000100000002150000000000010000000000
091950710002002001280523112400000000000002070010640000000531000000000000000000000000000000100000001990000000000010000000000
091950710003002001280523112400000000000002040003660000000091000000000000000000000000000000100000000500000000000010000000000
11195071000400200128052311240000070000030000000949000000094900000000000000000000000000200000000010510000
121950710005002001280523112400000000000000000000000000000000000000000000000949000000000000000000000000000000
07195072000000200128052311250000000000000000100000000000000000
091950720001002001280523112500000000000002070011740000000586000000000000000000000000000000100000001990000000000010000000000
11195072000200200128052311250000070000010000000586000000058600000000000000000000000000100000000004140000
121950720003002001280523112500000000000000000000000000000000000000000000000586000000000000000000000000000000
07195073000000200128052311260000000000000000100000000000000000
091950730001002001280523112600000000000002010003540000000124000000000000000000000000000000100000002150000000000010000000000
091950730002002001280523112600000000000001230000420000000038000000000000000000000000000000100000008750000000000020000000000
091950730003002001280523112600000000000004020000010000000100I 0300000000000000000000000000000000000230000000000030000000000
091950730004002001280523112600000000000005020000030000000297I 0000000000000000000000000000000000000100000000000060000000000
11195073000500200128052311260000070000040000000559000000055900000000000000000000000000100000000004410000
121950730006002001280523112600000000000000000000000000000000000000000000000559000000000000000000000000000000
07195074000000200128052311270000000000000000100000000000000000
091950740001002001280523112700000000000001010009780000000488000000000000000000000000000000100000001400000000000020000000000
11195074000200200128052311270000070000010000000488000000048800000000000000000000000000048800000000000000
121950740003002001280523112703030000000000000000000000000000000000000000000488000000000000000000000000000000
14195075000000200128052311350000010000000000
07195076000000200128052311350000000000000000100000000000000000
091950760001002001280523113500000000000001070002540000000508000000000000000000000000000000100000010000000000000020000000000
11195076000200200128052311350000070000010000000508000000050800000000000000000000000000050800000000000000
121950760003002001280523113500000000000000000000000000000000000000000000000508000000000000000000000000000000
07195077000000200128052311370000000000000000100000000000000000
091950770001002001280523113700000000000002070014320000000715000000000000000000000000000000100000001990000000000010000000000
11195077000200200128052311370000070000010000000715000000071500000000000000000000000000100000000002850000
121950770003002001280523113700000000000000000000000000000000000000000000000715000000000000000000000000000000
14195078000000200128052311380000010000001122
07195079000000200128052311390000000000000000100000000000000000
091950790001002001280523113900000000000001010008080000000403000000000000000000000000000000100000001400000000000020000000000
091950790002002001280523113900000000000001080001940000000233000000000000000000000000000000100000001000000000000020000000000
091950790003002001280523113900000000000001180002160000000151000000000000000000000000000000100000001000000000000020000000000
11195079000400200128052311390000070000030000000787000000078700000000000000000000000000078700000000000000
121950790005002001280523113903030000000000000000000000000000000000000000000787000000000000000000000000000000
07195080000000200128052311400000000000000000100000000000000000
091950800001002001280523114000000000000001010007240000000361000000000000000000000000000000100000001400000000000020000000000
11195080000200200128052311400000070000010000000361000000036100000000000000000000000000050000000001390000
121950800003002001280523114000000000000000000000000000000000000000000000000361000000000000000000000000000000
07195081000000200128052311480000000000000000100000000000000000
091950810001002001280523114800000000000003190000010000000600000000000000000000000000000000000000002000000000000050000000000
091950810002002001280523114800000000000001060003680000000184000000000000000000000000000000100000001500000000000020000000000
091950810003002001280523114800000000000002070006600000000329000000000000000000000000000000100000001990000000000010000000000
11195081000400200128052311480000070000030000001113000000111300000000000000000000000000111300000000000000
121950810005002001280523114803020000000000000000000000000000000000000000001113000000000000000000000000000000
07195082000000200128052311490000000000000000100000000000000000
091950820001002001280523114900000000000001020005460000000163000000000000000000000000000000100000001200000000000020000000000
091950820002002001280523114900000000000005320000010000000199I 0100000000000000000000000000000000001490000000000080000000000
091950820003002001280523114900000000000005020000010000000099I 0000000000000000000000000000000000000100000000000060000000000
091950820004002001280523114900000000000005020000010000000099I 0000000000000000000000000000000000000100000000000060000000000
11195082000500200128052311490000070000040000000560000000056000000000000000000000000000070000000001400000
121950820006002001280523114900000000000000000000000000000000000000000000000560000000000000000000000000000000
07195083000000200128052311500000000000000000100000000000000000
091950830001002001280523115000000000000004020000010000000100I 0300000000000000000000000000000000000230000000000030000000000
11195083000200200128052311500000070000010000000100000000010000000000000000000000000000010000000000000000
121950830003002001280523115000000000000000000000000000000000000000000000000100000000000000000000000000000000
07195084000000200128052311500000000000000000100000000000000000
091950840001002001280523115000000000000003030000010000000199000000000000000000000000000000000000000830000000000040000000000
11195084000200200128052311500000070000010000000199000000019900000000000000000000000000019900000000000000
121950840003002001280523115000000000000000000000000000000000000000000000000199000000000000000000000000000000
07195085000000200128052311520000000000000000100000000000000000
091950850001002001280523115200000000000004020000080000000800I 0300000000000000000000000000000000000230000000000030000000000
091950850002002001280523115200000000000003040000010000000199000000000000000000000000000000000000000700000000000040000000000
11195085000300200128052311520000070000020000000999000000099900000000000000000000000000099900000000000000
121950850004002001280523115203100000000000000000000000000000000000000000000999000000000000000000000000000000
07195086000000200128052311530000000000000000100000000000000000
091950860001002001280523115300000000000005020000010000000099I 0000000000000000000000000000000000000100000000000060000000000
11195086000200200128052311530000070000010000000099000000009900000000000000000000000000009900000000000000
121950860003002001280523115300000000000000000000000000000000000000000000000099000000000000000000000000000000
07195087000000200128052311540000000000000000100000000000000000
091950870001002001280523115400000000000001070000860000000172000000000000000000000000000000100000010000000000000020000000000
091950870002002001280523115400000000000003050000010000000199000000000000000000000000000000000000000700000000000040000000000
091950870003002001280523115400000000000003050000010000000199000000000000000000000000000000000000000700000000000040000000000
091950870004002001280523115400000000000002040003380000000084000000000000000000000000000000100000000500000000000010000000000
11195087000500200128052311540000070000040000000654000000065400000000000000000000000000065400000000000000
121950870006002001280523115403030000000000000000000000000000000000000000000654000000000000000000000000000000
07195088000000200128052311570000000000000000100000000000000000
091950880001002001280523115700000000000003070000010000000199000000000000000000000000000000000000000100000000000040000000000
091950880002002001280523115700000000000003070000010000000199000000000000000000000000000000000000000100000000000040000000000
11195088000300200128052311570000070000020000000398000000039800000000000000000000000000039800000000000000
121950880004002001280523115703030000000000000000000000000000000000000000000398000000000000000000000000000000
07195089000000200128052311580000000000000000100000000000000000
091950890001002001280523115800000000000001090001420000000113000000000000000000000000000000100000001500000000000020000000000
11195089000200200128052311580000070000010000000113000000011300000000000000000000000000011300000000000000
121950890003002001280523115803030000000000000000000000000000000000000000000113000000000000000000000000000000
07195090000000200128052311590000000000000000100000000000000000
091950900001002001280523115900000000000003040000010000000199000000000000000000000000000000000000000700000000000040000000000
11195090000200200128052311590000070000010000000199000000019900000000000000000000000000050000000003010000
121950900003002001280523115900000000000000000000000000000000000000000000000199000000000000000000000000000000
07195091000000200128052312000000000000000000100000000000000000
091950910001002001280523120000000000000003040000010000000199000000000000000000000000000000000000000700000000000040000000000
11195091000200200128052312000000070000010000000199000000019900000000000000000000000000019900000000000000
121950910003002001280523120000000000000000000000000000000000000000000000000199000000000000000000000000000000
07195092000000200128052312010000000000000000100000000000000000
091950920001002001280523120100000000000001010005080000000253000000000000000000000000000000100000001400000000000020000000000
091950920002002001280523120100000000000001040002560000000179000000000000000000000000000000100000002750000000000020000000000
091950920003002001280523120100000000000001080004180000000501000000000000000000000000000000100000001000000000000020000000000
091950920004002001280523120100000000000003070000010000000199000000000000000000000000000000000000000100000000000040000000000
11195092000500200128052312010000070000040000001132000000113200000000000000000000000000113200000000000000
121950920006002001280523120103030000000000000000000000000000000000000000001132000000000000000000000000000000
07195093000000200128052312020000000000000000100000000000000000
091950930001002001280523120200000000000001080002340000000281000000000000000000000000000000100000001000000000000020000000000
11195093000200200128052312020000070000010000000281000000028100000000000000000000000000028100000000000000
121950930003002001280523120203030000000000000000000000000000000000000000000281000000000000000000000000000000
07195094000000200128052312020000000000000000100000000000000000
091950940001002001280523120200000000000003030000010000000199000000000000000000000000000000000000000830000000000040000000000
11195094000200200128052312020000070000010000000199000000019900000000000000000000000000019900000000000000
121950940003002001280523120200000000000000000000000000000000000000000000000199000000000000000000000000000000
14195095000000200128052312080000010000002557
07195096000000200128052312080000000000000000100000000000000000
091950960001002001280523120800000000000002040007140000000178000000000000000000000000000000100000000500000000000010000000000
11195096000200200128052312080000070000010000000178000000017800000000000000000000000000020000000000220000
121950960003002001280523120800000000000000000000000000000000000000000000000178000000000000000000000000000000
07195097000000200128052312100000000000000000100000000000000000
091950970001002001280523121000000000000002050003000000000105000000000000000000000000000000100000000890000000000010000000000
091950970002002001280523121000000000000002070007820000000390000000000000000000000000000000100000001990000000000010000000000
091950970003002001280523121000000000000001040003320000000232000000000000000000000000000000100000002750000000000020000000000
091950970004002001280523121000000000000001080005040000000604000000000000000000000000000000100000001000000000000020000000000
091950970005002001280523121000000000000001090000760000000061000000000000000000000000000000100000001500000000000020000000000
11195097000600200128052312100000070000050000001392000000139200000000000000000000000000139200000000000000
121950970007002001280523121003030000000000000000000000000000000000000000001392000000000000000000000000000000
07195098000000200128052312110000000000000000100000000000000000
091950980001002001280523121100000000000001070002180000000436000000000000000000000000000000100000010000000000000020000000000
091950980002002001280523121100000000000004020000010000000100I 0300000000000000000000000000000000000230000000000030000000000
091950980003002001280523121100000000000004020000010000000100I 0300000000000000000000000000000000000230000000000030000000000
11195098000400200128052312110000070000030000000636000000063600000000000000000000000000063600000000000000
121950980005002001280523121103030000000000000000000000000000000000000000000636000000000000000000000000000000
07195099000000200128052312120000000000000000100000000000000000
091950990001002001280523121200000000000001050001420000000057000000000000000000000000000000100000002000000000000020000000000
091950990002002001280523121200000000000003200000010000002500000000000000000000000000000000000000000000000000000050000000000
11195099000300200128052312120000070000020000002557000000255700000000000000000000000000255700000000000000
121950990004002001280523121203040000000000000000000000000000000000000000002557000000000000000000000000000000
07195100000000200128052312120000000000000000100000000000000000
091951000001002001280523121200000000000005480000010000000250I 0300000000000000000000000000000000000000000000000030000000000
11195100000200200128052312120000070000010000000250000000025000000000000000000000000000040000000001500000
121951000003002001280523121200000000000000000000000000000000000000000000000250000000000000000000000000000000
07195101000000200128052312130000000000000000100000000000000000
091951010001002001280523121300000000000003040000010000000199000000000000000000000000000000000000000700000000000040000000000
091951010002002001280523121300000000000001080001820000000218000000000000000000000000000000100000001000000000000020000000000
091951010003002001280523121300000000000001090001180000000094000000000000000000000000000000100000001500000000000020000000000
091951010004002001280523121300000000000004020000010000000100I 0300000000000000000000000000000000000230000000000030000000000
091951010005002001280523121300000000000004020000010000000100I 0300000000000000000000000000000000000230000000000030000000000
11195101000600200128052312130000070000050000000711000000071100000000000000000000000000100000000002890000
121951010007002001280523121300000000000000000000000000000000000000000000000711000000000000000000000000000000
07195102000000200128052312140000000000000000100000000000000000
091951020001002001280523121400000000000001070001040000000208000000000000000000000000000000100000010000000000000020000000000
11195102000200200128052312140000070000010000000208000000020800000000000000000000000000020800000000000000
121951020003002001280523121400000000000000000000000000000000000000000000000208000000000000000000000000000000
07195103000000200128052312160000000000000000100000000000000000
091951030001002001280523121600000000000002040001240000000031000000000000000000000000000000100000000500000000000010000000000
091951030002002001280523121600000000000002010001820000000064000000000000000000000000000000100000002150000000000010000000000
11195103000300200128052312160000070000020000000095000000009500000000000000000000000000009500000000000000
121951030004002001280523121603030000000000000000000000000000000000000000000095000000000000000000000000000000
07195104000000200128052312200000000000000000100000000000000000
091951040001002001280523122000000000000002080008000000000319000000000000000000000000000000100000000500000000000010000000000
091951040002002001280523122000000000000002610000010000000799000000000000000000000000000000000000004500000000000010000000000
091951040003002001280523122000000000000001010013240000000661000000000000000000000000000000100000001400000000000020000000000
091951040004002001280523122000000000000002090007020000000842000000000000000000000000000000100000004720000000000010000000000
091951040005002001280523122000000000000002110009640000000385000000000000000000000000000000100000000990000000000010000000000
091951040006002001280523122000000000000003040000010000000199000000000000000000000000000000000000000700000000000040000000000
091951040007002001280523122000000000000003050000010000000199000000000000000000000000000000000000000700000000000040000000000
11195104000800200128052312200000070000070000003404000000340400000000000000000000000000340400000000000000
121951040009002001280523122003050000000000000000000000000000000000000000003404000000000000000000000000000000
07195105000000200128052312210000000000000000100000000000000000
091951050001002001280523122100000000000005120000010000001000I 0100000000000000000000000000000000000000000000000050000000000
091951050002002001280523122100000000000001050007140000000285000000000000000000000000000000100000002000000000000020000000000
091951050003002001280523122100000000000001090000760000000061000000000000000000000000000000100000001500000000000020000000000
091951050004002001280523122100000000000003120000010000000199000000000000000000000000000000000000000700000000000040000000000
091951050005002001280523122100000000000001080001940000000233000000000000000000000000000000100000001000000000000020000000000
11195105000600200128052312210000070000050000001778000000177800000000000000000000000000500000000032220000
121951050007002001280523122100000000000000000000000000000000000000000000001778000000000000000000000000000000
07195106000000200128052312220000000000000000100000000000000000
091951060001002001280523122200000000000002090007120000000854000000000000000000000000000000100000004720000000000010000000000
11195106000200200128052312220000070000010000000854000000085400000000000000000000000000100000000001460000
121951060003002001280523122200000000000000000000000000000000000000000000000854000000000000000000000000000000
14195107000000200128052312230000010000000299
07195108000000200128052312230000000000000000100000000000000000
091951080001002001280523122300000000000003030000010000000199000000000000000000000000000000000000000830000000000040000000000
11195108000200200128052312230000070000010000000199000000019900000000000000000000000000050000000003010000
121951080003002001280523122300000000000000000000000000000000000000000000000199000000000000000000000000000000
07195109000000200128052312240000000000000000100000000000000000
091951090001002001280523122400000000000001010005920000000295000000000000000000000000000000100000001400000000000020000000000
11195109000200200128052312240000070000010000000295000000029500000000000000000000000000029500000000000000
121951090003002001280523122400000000000000000000000000000000000000000000000295000000000000000000000000000000
07195110000000200128052312250000000000000000100000000000000000
091951100001002001280523122500000000000002430009120000000455000000000000000000000000000000100000000000000000000010000000000
11195110000200200128052312250000070000010000000455000000045500000000000000000000000000050000000000450000
121951100003002001280523122500000000000000000000000000000000000000000000000455000000000000000000000000000000
07195111000000200128052312260000000000000000100000000000000000
091951110001002001280523122600000000000001080003560000000427000000000000000000000000000000100000001000000000000020000000000
091951110002002001280523122600000000000001090001060000000085000000000000000000000000000000100000001500000000000020000000000
091951110003002001280523122600000000000001070001620000000324000000000000000000000000000000100000010000000000000020000000000
091951110004002001280523122600000000000003030000010000000199000000000000000000000000000000000000000830000000000040000000000
091951110005002001280523122600000000000001050004440000000177000000000000000000000000000000100000002000000000000020000000000
11195111000600200128052312260000070000050000001212000000121200000000000000000000000000121200000000000000
121951110007002001280523122600000000000000000000000000000000000000000000001212000000000000000000000000000000
07195112000000200128052312270000000000000000100000000000000000
091951120001002001280523122700000000000003030000010000000199000000000000000000000000000000000000000830000000000040000000000
091951120002002001280523122700000000000001090001140000000091000000000000000000000000000000100000001500000000000020000000000
11195112000300200128052312270000070000020000000290000000029000000000000000000000000000200000000017100000
121951120004002001280523122700000000000000000000000000000000000000000000000290000000000000000000000000000000
07195113000000200128052312280000000000000000100000000000000000
091951130001002001280523122800000000000002080016980000000678000000000000000000000000000000100000000500000000000010000000000
091951130002002001280523122800000000000002090004540000000544000000000000000000000000000000100000004720000000000010000000000
11195113000300200128052312280000070000020000001222000000122200000000000000000000000000122200000000000000
121951130004002001280523122803030000000000000000000000000000000000000000001222000000000000000000000000000000
07195114000000200128052312330000000000000000100000000000000000
091951140001002001280523123300000000000002480004380000000219000000000000000000000000000000100000002000000000000050000000000
091951140002002001280523123300000000000002050003420000000119000000000000000000000000000000100000000890000000000010000000000
091951140003002001280523123300000000000002080004140000000165000000000000000000000000000000100000000500000000000010000000000
11195114000400200128052312330000070000030000000503000000050300000000000000000000000000050300000000000000
121951140005002001280523123300000000000000000000000000000000000000000000000503000000000000000000000000000000
07195115000000200128052312380000000000000000100000000000000000
091951150001002001280523123800000000000002130012960000000517000000000000000000000000000000100000001400000000000010000000000
091951150002002001280523123800000000000004020000010000000100I 0300000000000000000000000000000000000230000000000030000000000
091951150003002001280523123800000000000004020000010000000100I 0300000000000000000000000000000000000230000000000030000000000
091951150004002001280523123800000000000002020012700000000888000000000000000000000000000000100000001990000000000010000000000
11195115000500200128052312380000070000040000001605000000160500000000000000000000000000160500000000000000
121951150006002001280523123803030000000000000000000000000000000000000000001605000000000000000000000000000000
07195116000000200128052312380000000000000000100000000000000000
091951160001002001280523123800000000000002290000010000000699000000000000000000000000000000000000002500000000000010000000000
11195116000200200128052312380000070000010000000699000000069900000000000000000000000000069900000000000000
121951160003002001280523123800000000000000000000000000000000000000000000000699000000000000000000000000000000
07195117000000200128052312380000000000000000100000000000000000
091951170001002001280523123800000000000002070010160000000507000000000000000000000000000000100000001990000000000010000000000
11195117000200200128052312380000070000010000000507000000050700000000000000000000000000050700000000000000
121951170003002001280523123800000000000000000000000000000000000000000000000507000000000000000000000000000000
07195118000000200128052312400000000000000000100000000000000000
091951180001002001280523124000000000000003120000010000000199000000000000000000000000000000000000000700000000000040000000000
091951180002002001280523124000000000000003120000010000000199000000000000000000000000000000000000000700000000000040000000000
091951180003002001280523124000000000000003120000010000000199000000000000000000000000000000000000000700000000000040000000000
11195118000400200128052312400000070000030000000597000000059700000000000000000000000000059700000000000000
121951180005002001280523124003030000000000000000000000000000000000000000000597000000000000000000000000000000
07195119000000200128052312410000000000000000100000000000000000
091951190001002001280523124100000000000001010010040000000501000000000000000000000000000000100000001400000000000020000000000
11195119000200200128052312410000070000010000000501000000050100000000000000000000000000050100000000000000
121951190003002001280523124103020000000000000000000000000000000000000000000501000000000000000000000000000000
14195120000000200128052312500000010000004313
07195121000000200128052312510000000000000000100000000000000000
091951210001002001280523125100000000000002070012540000000626000000000000000000000000000000100000001990000000000010000000000
091951210002002001280523125100000000000001010010280000000513000000000000000000000000000000100000001400000000000020000000000
091951210003002001280523125100000000000001020009120000000273000000000000000000000000000000100000001200000000000020000000000
091951210004002001280523125100000000000001070001020000000204000000000000000000000000000000100000010000000000000020000000000
091951210005002001280523125100000000000005110000010000001499I 0100000000000000000000000000000000000000000000000050000000000
091951210006002001280523125100000000000003020000010000000100000000000000000000000000000000000000000500000000000000000000000
091951210007002001280523125100000000000002070012640000000631000000000000000000000000000000100000001990000000000010000000000
091951210008002001280523125100000000000005020000010000000099I 0000000000000000000000000000000000000100000000000060000000000
091951210009002001280523125100000000000005020000010000000099I 0000000000000000000000000000000000000100000000000060000000000
091951210010002001280523125100000000000001090001240000000099000000000000000000000000000000100000001500000000000020000000000
091951210011002001280523125100000000000002610000010000000799000000000000000000000000000000000000004500000000000010000000000
091951210012002001280523125100000000000001090001100000000088000000000000000000000000000000100000001500000000000020000000000
11195121001300200128052312510000070000120000005030000000503000000000000000000000000000503000000000000000
121951210014002001280523125100000000000000000000000000000000000000000000005030000000000000000000000000000000
07195122000000200128052312520000000000000000100000000000000000
091951220001002001280523125200000000000003120000010000000199000000000000000000000000000000000000000700000000000040000000000
091951220002002001280523125200000000000003120000010000000199000000000000000000000000000000000000000700000000000040000000000
11195122000300200128052312520000070000020000000398000000039800000000000000000000000000039800000000000000
121951220004002001280523125200000000000000000000000000000000000000000000000398000000000000000000000000000000
07195123000000200128052312530000000000000000100000000000000000
091951230001002001280523125300000000000002080021840000000871000000000000000000000000000000100000000500000000000010000000000
091951230002002001280523125300000000000005080000010000002399I 0100000000000000000000000000000000015000000000000070000000000
11195123000300200128052312530000070000020000003270000000327000000000000000000000000000500000000017300000
121951230004002001280523125300000000000000000000000000000000000000000000003270000000000000000000000000000000
07195124000000200128052312550000000000000000100000000000000000
091951240001002001280523125500000000000002080068450000002731000000000000000000000000000000100000000500000000000010000000000
11195124000200200128052312550000070000010000002731000000273100000000000000000000000000300000000002690000
121951240003002001280523125500000000000000000000000000000000000000000000002731000000000000000000000000000000
07195125000000200128052312570000000000000000100000000000000000
091951250001002001280523125700000000000002080005460000000218000000000000000000000000000000100000000500000000000010000000000
11195125000200200128052312570000070000010000000218000000021800000000000000000000000000021800000000000000
121951250003002001280523125703030000000000000000000000000000000000000000000218000000000000000000000000000000
07195126000000200128052312590000000000000000100000000000000000
091951260001002001280523125900000000000001230000580000000052000000000000000000000000000000100000008750000000000020000000000
091951260002002001280523125900000000000003190000010000000600000000000000000000000000000000000000002000000000000050000000000
091951260003002001280523125900000000000005020000010000000099I 0000000000000000000000000000000000000100000000000060000000000
091951260004002001280523125900000000000005020000010000000099I 0000000000000000000000000000000000000100000000000060000000000
091951260005002001280523125900000000000005020000010000000099I 0000000000000000000000000000000000000100000000000060000000000
11195126000600200128052312590000070000050000000949000000094900000000000000000000000000200000000010510000
121951260007002001280523125900000000000000000000000000000000000000000000000949000000000000000000000000000000
07195127000000200128052313010000000000000000100000000000000000
091951270001002001280523130100000000000003200000010000002500000000000000000000000000000000000000000000000000000050000000000
11195127000200200128052313010000070000010000002500000000250000000000000000000000000000250000000000000000
121951270003002001280523130103030000000000000000000000000000000000000000002500000000000000000000000000000000
07195128000000200128052313020000000000000000100000000000000000
091951280001002001280523130200000000000001230001620000000146000000000000000000000000000000100000008750000000000020000000000
17195128000200200128052313020000000000000196
091951280003002001280523130200000000000001170002800000000168000000000000000000000000000000100000001430000000000020000000000
091951280004002001280523130200000000000005020000040000000396I 0000000000000000000000000000000000000100000000000060000000000
091951280005002001280523130200000000000002010009460000000330000000000000000000000000000000100000002150000000000010000000000
091951280006002001280523130200000000000001080002760000000331000000000000000000000000000000100000001000000000000020000000000
091951280007002001280523130200000000000002040003480000000087000000000000000000000000000000100000000500000000000010000000000
091951280008002001280523130200000000000005050000010000000800I 0100000000000000000000000000000000006000000000000030000000000
091951280009002001280523130200000000000002080010620000000424000000000000000000000000000000100000000500000000000010000000000
091951280010002001280523130200000000000003010000010000001200000000000000000000000000000000000000006000000000000050000000000
11195128001100200128052313020000070000090000003882000000388200000000000000000000000000500000000011180000
121951280012002001280523130200000000000000000000000000000000000000000000003882000000000000000000000000000000
07195129000000200128052313040000000000000000100000000000000000
091951290001002001280523130400000000000003010000010000001200000000000000000000000000000000000000006000000000000050000000000
11195129000200200128052313040000070000010000001200000000120000000000000000000000000000120000000000000000
121951290003002001280523130403060000000000000000000000000000000000000000001200000000000000000000000000000000
07195130000000200128052313040000000000000000100000000000000000
091951300001002001280523130400000000000005080000010000002399I 0100000000000000000000000000000000015000000000000070000000000
11195130000200200128052313040000070000010000002399000000239900000000000000000000000000300000000006010000
121951300003002001280523130400000000000000000000000000000000000000000000002399000000000000000000000000000000
07195131000000200128052313080000000000000000100000000000000000
091951310001002001280523130800000000000001130018580000000741000000000000000000000000000000100000001500000000000020000000000
11195131000200200128052313080000070000010000000741000000074100000000000000000000000000074100000000000000
121951310003002001280523130800000000000000000000000000000000000000000000000741000000000000000000000000000000
07195132000000200128052313080000000000000000100000000000000000
091951320001002001280523130800000000000001080006920000000830000000000000000000000000000000100000001000000000000020000000000
11195132000200200128052313080000070000010000000830000000083000000000000000000000000000100000000001700000
121951320003002001280523130800000000000000000000000000000000000000000000000830000000000000000000000000000000
14195133000000200128052313090000010000000000
07195134000000200128052313100000000000000000100000000000000000
091951340001002001280523131000000000000001070002100000000420000000000000000000000000000000100000010000000000000020000000000
11195134000200200128052313100000070000010000000420000000042000000000000000000000000000042000000000000000
121951340003002001280523131003100000000000000000000000000000000000000000000420000000000000000000000000000000
07195135000000200128052313110000000000000000100000000000000000
091951350001002001280523131100000000000001060010400000000519000000000000000000000000000000100000001500000000000020000000000
091951350002002001280523131100000000000001010023100000001153000000000000000000000000000000100000001400000000000020000000000
11195135000300200128052313110000070000020000001672000000167200000000000000000000000001000000000083280000
121951350004002001280523131100000000000000000000000000000000000000000000001672000000000000000000000000000000
07195136000000200128052313130000000000000000100000000000000000
091951360001002001280523131300000000000003030000010000000199000000000000000000000000000000000000000830000000000040000000000
091951360002002001280523131300000000000002090006460000000775000000000000000000000000000000100000004720000000000010000000000
091951360003002001280523131300000000000002610000010000000799000000000000000000000000000000000000004500000000000010000000000
091951360004002001280523131300000000000002610000010000000799000000000000000000000000000000000000004500000000000010000000000
11195136000500200128052313130000070000040000002572000000257200000000000000000000000000257200000000000000
121951360006002001280523131303040000000000000000000000000000000000000000002572000000000000000000000000000000
07195137000000200128052313190000000000000000100000000000000000
091951370001002001280523131900000000000001010010560000000527000000000000000000000000000000100000001400000000000020000000000
11195137000200200128052313190000070000010000000527000000052700000000000000000000000000052700000000000000
121951370003002001280523131903030000000000000000000000000000000000000000000527000000000000000000000000000000
07195138000000200128052313190000000000000000100000000000000000
091951380001002001280523131900000000000005020000010000000099I 0000000000000000000000000000000000000100000000000060000000000
091951380002002001280523131900000000000005020000010000000099I 0000000000000000000000000000000000000100000000000060000000000
11195138000300200128052313190000070000020000000198000000019800000000000000000000000000019800000000000000
121951380004002001280523131900000000000000000000000000000000000000000000000198000000000000000000000000000000
07195139000000200128052313260000000000000000100000000000000000
091951390001002001280523132600000000000002220000010000000499000000000000000000000000000000000000001500000000000010000000000
091951390002002001280523132600000000000002110008980000000358000000000000000000000000000000100000000990000000000010000000000
11195139000300200128052313260000070000020000000857000000085700000000000000000000000000500000000041430000
121951390004002001280523132600000000000000000000000000000000000000000000000857000000000000000000000000000000
07195140000000200128052313330000000000000000100000000000000000
091951400001002001280523133300000000000001010014060000000702000000000000000000000000000000100000001400000000000020000000000
091951400002002001280523133300000000000001070001860000000372000000000000000000000000000000100000010000000000000020000000000
11195140000300200128052313330000070000020000001074000000107400000000000000000000000000120000000001260000
121951400004002001280523133300000000000000000000000000000000000000000000001074000000000000000000000000000000
07195141000000200128052313370000000000000000100000000000000000
091951410001002001280523133700000000000001020015000000000449000000000000000000000000000000100000001200000000000020000000000
11195141000200200128052313370000070000010000000449000000044900000000000000000000000000044900000000000000
121951410003002001280523133700000000000000000000000000000000000000000000000449000000000000000000000000000000
07195142000000200128052313380000000000000000100000000000000000
091951420001002001280523133800000000000002040005160000000128000000000000000000000000000000100000000500000000000010000000000
11195142000200200128052313380000070000010000000128000000012800000000000000000000000000020000000000720000
121951420003002001280523133800000000000000000000000000000000000000000000000128000000000000000000000000000000
07195143000000200128052313420000000000000000100000000000000000
091951430001002001280523134200000000000002090006520000000782000000000000000000000000000000100000004720000000000010000000000
091951430002002001280523134200000000000002040003880000000097000000000000000000000000000000100000000500000000000010000000000
091951430003002001280523134200000000000005050000010000000800I 0100000000000000000000000000000000006000000000000030000000000
11195143000400200128052313420000070000030000001679000000167900000000000000000000000000500000000033210000
121951430005002001280523134200000000000000000000000000000000000000000000001679000000000000000000000000000000
07195144000000200128052313450000000000000000100000000000000000
091951440001002001280523134500000000000003200000010000002500000000000000000000000000000000000000000000000000000050000000000
11195144000200200128052313450000070000010000002500000000250000000000000000000000000000250000000000000000
121951440003002001280523134503030000000000000000000000000000000000000000002500000000000000000000000000000000
07195145000000200128052313510000000000000000100000000000000000
091951450001002001280523135100000000000001010024160000001206000000000000000000000000000000100000001400000000000020000000000
091951450002002001280523135100000000000001060010820000000540000000000000000000000000000000100000001500000000000020000000000
091951450003002001280523135100000000000001080004500000000540000000000000000000000000000000100000001000000000000020000000000
091951450004002001280523135100000000000001070000960000000192000000000000000000000000000000100000010000000000000020000000000
11195145000500200128052313510000070000040000002478000000247800000000000000000000000000300000000005220000
121951450006002001280523135100000000000000000000000000000000000000000000002478000000000000000000000000000000
07195146000000200128052313520000000000000000100000000000000000
091951460001002001280523135200000000000003200000010000002500000000000000000000000000000000000000000000000000000050000000000
11195146000200200128052313520000070000010000002500000000250000000000000000000000000000250000000000000000
121951460003002001280523135203060000000000000000000000000000000000000000002500000000000000000000000000000000
07195147000000200128052313530000000000000000100000000000000000
091951470001002001280523135300000000000002010025660000000896000000000000000000000000000000100000002150000000000010000000000
091951470002002001280523135300000000000002040003200000000080000000000000000000000000000000100000000500000000000010000000000
091951470003002001280523135300000000000002480010060000000502000000000000000000000000000000100000002000000000000050000000000
091951470004002001280523135300000000000002070013040000000651000000000000000000000000000000100000001990000000000010000000000
11195147000500200128052313530000070000040000002129000000212900000000000000000000000000500000000028710000
121951470006002001280523135300000000000000000000000000000000000000000000002129000000000000000000000000000000
07195148000000200128052313550000000000000000100000000000000000
091951480001002001280523135500000000000002040013140000000327000000000000000000000000000000100000000500000000000010000000000
091951480002002001280523135500000000000001010020560000001026000000000000000000000000000000100000001400000000000020000000000
091951480003002001280523135500000000000002130014420000000575000000000000000000000000000000100000001400000000000010000000000
091951480004002001280523135500000000000002140008220000000492000000000000000000000000000000100000001990000000000010000000000
091951480005002001280523135500000000000002290000010000000699000000000000000000000000000000000000002500000000000010000000000
11195148000600200128052313550000070000050000003119000000311900000000000000000000000000311900000000000000
121951480007002001280523135502010000000000000000000000000000000000040000003119000000000000000000000000000000
101951480008002001280523135501000000000000000400000031190000000000000991000007
18195148000900200128052313570100000020000000000000000000000001
07195149000000200128052314010000000000000000100000000000000000
091951490001002001280523140100000000000005030000010000001099I 0000000000000000000000000000000000004420000000000020000000000
11195149000200200128052314010000070000010000001099000000109900000000000000000000000000109900000000000000
121951490003002001280523140102010000000000000000000000000000000000040000001099000000000000000000000000000000
101951490004002001280523140101000000000000000400000010990000000000000992000007
18195149000500200128052314010400000060000000000000000000000001
061951490006002001280523140200000100000960000000000000000000000000000000000000000000
0419515000000020012805231404000001194981195150000002085794520000020875995928052300001694110000000000000000000000000085950001000000000000000000000000000000000000000000000000000000000000000000000000000000001234567890AB        
