01191848000000200107052306460000010000004000000002051363961.82G5E   1234567890AB        Generica            
02191848000100200107052306460000010000040000000000
07191849000000200107052307170000000000000000100000000000000000
091918490001002001070523071700000000000001010004140000000227000000000000000000000000000000100000001400000000000020000000000
091918490002002001070523071700000000000001060002640000000211000000000000000000000000000000100000001500000000000020000000000
11191849000300200107052307170000040000020000000438000000043800000000000000000000000000043800000000000000
121918490004002001070523071703020000000000000000000000000000000000000000000438000000000000000000000000000000
07191850000000200107052307240000000000000000100000000000000000
091918500001002001070523072400000000000004200000030000000300I 0000000000000000000000000000000000000000000000000030000000000
091918500002002001070523072400000000000005020000010000000100I 0000000000000000000000000000000000000100000000000020000000000
091918500003002001070523072400000000000002040004220000000084000000000000000000000000000000100000000500000000000010000000000
091918500004002001070523072400000000000005020000010000000100I 0000000000000000000000000000000000000100000000000020000000000
11191850000500200107052307240000040000040000000584000000058400000000000000000000000000058400000000000000
121918500006002001070523072403020000000000000000000000000000000000000000000584000000000000000000000000000000
07191851000000200107052307380000000000000000100000000000000000
091918510001002001070523073800000000000003200000010000002200000000000000000000000000000000000000000000000000000050000000000
11191851000200200107052307380000040000010000002200000000220000000000000000000000000000520000000030000000
121918510003002001070523073800000000000000000000000000000000000000000000002200000000000000000000000000000000
07191852000000200107052307420000000000000000100000000000000000
091918520001002001070523074200000000000002070007580000000378000000000000000000000000000000100000001990000000000010000000000
11191852000200200107052307420000040000010000000378000000037800000000000000000000000000050000000001220000
121918520003002001070523074200000000000000000000000000000000000000000000000378000000000000000000000000000000
07191853000000200107052307460000000000000000100000000000000000
091918530001002001070523074600000000000002070006340000000316000000000000000000000000000000100000001990000000000010000000000
11191853000200200107052307460000040000010000000316000000031600000000000000000000000000031600000000000000
121918530003002001070523074600000000000000000000000000000000000000000000000316000000000000000000000000000000
07191854000000200107052307490000000000000000100000000000000000
091918540001002001070523074900000000000003190000010000000500000000000000000000000000000000000000002000000000000050000000000
11191854000200200107052307490000040000010000000500000000050000000000000000000000000000050000000000000000
121918540003002001070523074903020000000000000000000000000000000000000000000500000000000000000000000000000000
07191855000000200107052308000000000000000000100000000000000000
091918550001002001070523080000000000000003190000010000000500000000000000000000000000000000000000002000000000000050000000000
11191855000200200107052308000000040000010000000500000000050000000000000000000000000000050000000000000000
121918550003002001070523080000000000000000000000000000000000000000000000000500000000000000000000000000000000
07191856000000200107052308000000000000000000100000000000000000
091918560001002001070523080000000000000002040002320000000046000000000000000000000000000000100000000500000000000010000000000
11191856000200200107052308000000040000010000000046000000004600000000000000000000000000004600000000000000
121918560003002001070523080000000000000000000000000000000000000000000000000046000000000000000000000000000000
07191857000000200107052308100000000000000000100000000000000000
091918570001002001070523081000000000000001020009540000000333000000000000000000000000000000100000001200000000000020000000000
091918570002002001070523081000000000000003080000010000000199000000000000000000000000000000000000000700000000000040000000000
11191857000300200107052308100000040000020000000532000000053200000000000000000000000000053200000000000000
121918570004002001070523081000000000000000000000000000000000000000000000000532000000000000000000000000000000
07191858000000200107052308120000000000000000100000000000000000
091918580001002001070523081200000000000005330000010000000199I 0100000000000000000000000000000000001490000000000080000000000
091918580002002001070523081200000000000003070000010000000199000000000000000000000000000000000000000100000000000040000000000
11191858000300200107052308120000040000020000000398000000039800000000000000000000000000100000000006020000
121918580004002001070523081200000000000000000000000000000000000000000000000398000000000000000000000000000000
07191859000000200107052308130000000000000000100000000000000000
091918590001002001070523081300000000000003170000010000000199000000000000000000000000000000000000000700000000000040000000000
091918590002002001070523081300000000000003080000010000000199000000000000000000000000000000000000000700000000000040000000000
091918590003002001070523081300000000000003030000010000000199000000000000000000000000000000000000000830000000000040000000000
091918590004002001070523081300000000000001130008420000000420000000000000000000000000000000100000001500000000000020000000000
11191859000500200107052308130000040000040000001017000000101700000000000000000000000000101700000000000000
121918590006002001070523081303020000000000000000000000000000000000000000001017000000000000000000000000000000
07191860000000200107052308130000000000000000100000000000000000
091918600001002001070523081300000000000002220000010000000399000000000000000000000000000000000000001500000000000010000000000
11191860000200200107052308130000040000010000000399000000039900000000000000000000000000100000000006010000
121918600003002001070523081300000000000000000000000000000000000000000000000399000000000000000000000000000000
07191861000000200107052308170000000000000000100000000000000000
091918610001002001070523081700000000000001020020290000000708000000000000000000000000000000100000001200000000000020000000000
11191861000200200107052308170000040000010000000708000000070800000000000000000000000000500000000042920000
121918610003002001070523081700000000000000000000000000000000000000000000000708000000000000000000000000000000
07191862000000200107052308240000000000000000100000000000000000
091918620001002001070523082400000000000003030000010000000199000000000000000000000000000000000000000830000000000040000000000
091918620002002001070523082400000000000003070000010000000199000000000000000000000000000000000000000100000000000040000000000
11191862000300200107052308240000040000020000000398000000039800000000000000000000000000039800000000000000
121918620004002001070523082400000000000000000000000000000000000000000000000398000000000000000000000000000000
07191863000000200107052308380000000000000000100000000000000000
091918630001002001070523083800000000000003030000010000000199000000000000000000000000000000000000000830000000000040000000000
091918630002002001070523083800000000000001080003720000000446000000000000000000000000000000100000001000000000000020000000000
11191863000300200107052308380000040000020000000645000000064500000000000000000000000000200000000013550000
121918630004002001070523083800000000000000000000000000000000000000000000000645000000000000000000000000000000
07191864000000200107052308430000000000000000100000000000000000
091918640001002001070523084300000000000003130000010000000199000000000000000000000000000000000000000700000000000040000000000
091918640002002001070523084300000000000003080000010000000199000000000000000000000000000000000000000700000000000040000000000
091918640003002001070523084300000000000003050000010000000199000000000000000000000000000000000000000700000000000040000000000
091918640004002001070523084300000000000005020000010000000100I 0000000000000000000000000000000000000100000000000020000000000
091918640005002001070523084300000000000001130009060000000452000000000000000000000000000000100000001500000000000020000000000
091918640006002001070523084300000000000002070013880000000693000000000000000000000000000000100000001990000000000010000000000
091918640007002001070523084300000000000002250004100000000410000000000000000000000000000000100000002670000000000010000000000
091918640008002001070523084300000000000005020000010000000100I 0000000000000000000000000000000000000100000000000020000000000
091918640009002001070523084300000000000002090007800000000623000000000000000000000000000000100000004720000000000010000000000
091918640010002001070523084300000000000001010008540000000469000000000000000000000000000000100000001400000000000020000000000
091918640011002001070523084300000000000001220004980000000239000000000000000000000000000000100000001500000000000020000000000
091918640012002001070523084300000000000001120006680000000467000000000000000000000000000000100000001000000000000020000000000
091918640013002001070523084300000000000001090003400000000340000000000000000000000000000000100000001500000000000020000000000
091918640014002001070523084300000000000002040004920000000098000000000000000000000000000000100000000500000000000010000000000
091918640015002001070523084300000000000002230005180000000776000000000000000000000000000000100000004980000000000010000000000
11191864001600200107052308430000040000150000005364000000536400000000000000000000000000600000000006360000
121918640017002001070523084300000000000000000000000000000000000000000000005364000000000000000000000000000000
07191865000000200107052308530000000000000000100000000000000000
091918650001002001070523085300000000000001070001180000000236000000000000000000000000000000100000010000000000000020000000000
091918650002002001070523085300000000000002040004440000000088000000000000000000000000000000100000000500000000000010000000000
11191865000300200107052308530000040000020000000324000000032400000000000000000000000000040000000000760000
121918650004002001070523085300000000000000000000000000000000000000000000000324000000000000000000000000000000
07191866000000200107052308550000000000000000100000000000000000
091918660001002001070523085500000000000002220000020000000798000000000000000000000000000000000000001500000000000010000000000
091918660002002001070523085500000000000001290004980000000398000000000000000000000000000000100000000250000000000020000000000
11191866000300200107052308550000040000020000001196000000119600000000000000000000000000119600000000000000
121918660004002001070523085503020000000000000000000000000000000000000000001196000000000000000000000000000000
07191867000000200107052308590000000000000000100000000000000000
091918670001002001070523085900000000000001160012080000000240000000000000000000000000000000100000000670000000000020000000000
091918670002002001070523085900000000000005020000010000000100I 0000000000000000000000000000000000000100000000000020000000000
11191867000300200107052308590000040000020000000340000000034000000000000000000000000000050000000001600000
121918670004002001070523085900000000000000000000000000000000000000000000000340000000000000000000000000000000
07191868000000200107052309010000000000000000100000000000000000
091918680001002001070523090100000000000003070000010000000199000000000000000000000000000000000000000100000000000040000000000
091918680002002001070523090100000000000003010000010000001000000000000000000000000000000000000000006000000000000050000000000
091918680003002001070523090100000000000001020011880000000415000000000000000000000000000000100000001200000000000020000000000
11191868000400200107052309010000040000030000001614000000161400000000000000000000000000161400000000000000
121918680005002001070523090103020000000000000000000000000000000000000000001614000000000000000000000000000000
07191869000000200107052309030000000000000000100000000000000000
091918690001002001070523090300000000000002320000010000000799000000000000000000000000000000000000000500000000000010000000000
091918690002002001070523090300000000000002190000010000001299000000000000000000000000000000000000002250000000000010000000000
11191869000300200107052309030000040000020000002098000000209800000000000000000000000000209800000000000000
121918690004002001070523090303020000000000000000000000000000000000000000002098000000000000000000000000000000
07191870000000200107052309030000000000000000100000000000000000
091918700001002001070523090300000000000003070000010000000199000000000000000000000000000000000000000100000000000040000000000
091918700002002001070523090300000000000003030000010000000199000000000000000000000000000000000000000830000000000040000000000
11191870000300200107052309030000040000020000000398000000039800000000000000000000000000039800000000000000
121918700004002001070523090300000000000000000000000000000000000000000000000398000000000000000000000000000000
07191871000000200107052309040000000000000000100000000000000000
091918710001002001070523090400000000000003080000010000000199000000000000000000000000000000000000000700000000000040000000000
11191871000200200107052309040000040000010000000199000000019900000000000000000000000000050000000003010000
121918710003002001070523090400000000000000000000000000000000000000000000000199000000000000000000000000000000
07191872000000200107052309080000000000000000100000000000000000
091918720001002001070523090800000000000001020012740000000445000000000000000000000000000000100000001200000000000020000000000
11191872000200200107052309080000040000010000000445000000044500000000000000000000000000044500000000000000
121918720003002001070523090800000000000000000000000000000000000000000000000445000000000000000000000000000000
07191873000000200107052309120000000000000000100000000000000000
091918730001002001070523091200000000000001080018560000002225000000000000000000000000000000100000001000000000000020000000000
091918730002002001070523091200000000000003030000050000000995000000000000000000000000000000000000000830000000000040000000000
11191873000300200107052309120000040000020000003220000000322000000000000000000000000000400000000007800000
121918730004002001070523091200000000000000000000000000000000000000000000003220000000000000000000000000000000
07191874000000200107052309140000000000000000100000000000000000
091918740001002001070523091400000000000005020000050000000500I 0000000000000000000000000000000000000100000000000020000000000
091918740002002001070523091400000000000010700002060000000165000000000000000000000000000000100000000000000000000020000000000
091918740003002001070523091400000000000003070000010000000199000000000000000000000000000000000000000100000000000040000000000
11191874000400200107052309140000040000030000000864000000086400000000000000000000000000200000000011360000
121918740005002001070523091400000000000000000000000000000000000000000000000864000000000000000000000000000000
14191875000000200107052309160000010000000000
07191876000000200107052309170000000000000000100000000000000000
091918760001002001070523091700000000000001060010460000000836000000000000000000000000000000100000001500000000000020000000000
091918760002002001070523091700000000000001010014420000000792000000000000000000000000000000100000001400000000000020000000000
091918760003002001070523091700000000000002070013180000000658000000000000000000000000000000100000001990000000000010000000000
091918760004002001070523091700000000000002080010520000000525000000000000000000000000000000100000000500000000000010000000000
11191876000500200107052309170000040000040000002811000000281100000000000000000000000000281100000000000000
121918760006002001070523091703060000000000000000000000000000000000000000002811000000000000000000000000000000
07191877000000200107052309200000000000000000100000000000000000
091918770001002001070523092000000000000001050005060000000202000000000000000000000000000000100000002000000000000020000000000
091918770002002001070523092000000000000001090000480000000048000000000000000000000000000000100000001500000000000020000000000
091918770003002001070523092000000000000001080002460000000295000000000000000000000000000000100000001000000000000020000000000
091918770004002001070523092000000000000003120000020000000398000000000000000000000000000000000000000700000000000040000000000
091918770005002001070523092000000000000003040000010000000199000000000000000000000000000000000000000700000000000040000000000
091918770006002001070523092000000000000010600002000000000100000000000000000000000000000000100000000000000000000020000000000
11191877000700200107052309200000040000060000001242000000124200000000000000000000000000140000000001580000
121918770008002001070523092000000000000000000000000000000000000000000000001242000000000000000000000000000000
07191878000000200107052309230000000000000000100000000000000000
091918780001002001070523092300000000000002040007040000000140000000000000000000000000000000100000000500000000000010000000000
11191878000200200107052309230000040000010000000140000000014000000000000000000000000000014000000000000000
121918780003002001070523092300000000000000000000000000000000000000000000000140000000000000000000000000000000
07191879000000200107052309270000000000000000100000000000000000
091918790001002001070523092700000000000001160002960000000059000000000000000000000000000000100000000670000000000020000000000
091918790002002001070523092700000000000003110000010000000799000000000000000000000000000000000000001000000000000040000000000
091918790003002001070523092700000000000010600005560000000277000000000000000000000000000000100000000000000000000020000000000
091918790004002001070523092700000000000011200006940000000277000000000000000000000000000000100000000000000000000010000000000
11191879000500200107052309270000040000040000001412000000141200000000000000000000000000141200000000000000
121918790006002001070523092700000000000000000000000000000000000000000000001412000000000000000000000000000000
07191880000000200107052309330000000000000000100000000000000000
091918800001002001070523093300000000000002070028480000001421000000000000000000000000000000100000001990000000000010000000000
091918800002002001070523093300000000000002110012160000000607000000000000000000000000000000100000000990000000000010000000000
091918800003002001070523093300000000000003030000060000001194000000000000000000000000000000000000000830000000000040000000000
091918800004002001070523093300000000000001290015160000001211000000000000000000000000000000100000000250000000000020000000000
091918800005002001070523093300000000000003010000020000002000000000000000000000000000000000000000006000000000000050000000000
091918800006002001070523093300000000000005120000010000001000I 0100000000000000000000000000000000000000000000000050000000000
091918800007002001070523093300000000000002430026440000001848000000000000000000000000000000100000000000000000000010000000000
11191880000800200107052309330000040000070000009281000000928100000000000000000000000000928100000000000000
121918800009002001070523093303060000000000000000000000000000000000000000009281000000000000000000000000000000
07191881000000200107052309360000000000000000100000000000000000
091918810001002001070523093600000000000004200000040000000400I 0000000000000000000000000000000000000000000000000030000000000
091918810002002001070523093600000000000003190000010000000500000000000000000000000000000000000000002000000000000050000000000
091918810003002001070523093600000000000001040003660000000256000000000000000000000000000000100000002750000000000020000000000
091918810004002001070523093600000000000003030000020000000398000000000000000000000000000000000000000830000000000040000000000
091918810005002001070523093600000000000003040000010000000199000000000000000000000000000000000000000700000000000040000000000
091918810006002001070523093600000000000003080000010000000199000000000000000000000000000000000000000700000000000040000000000
091918810007002001070523093600000000000001060002100000000168000000000000000000000000000000100000001500000000000020000000000
091918810008002001070523093600000000000001090001020000000102000000000000000000000000000000100000001500000000000020000000000
091918810009002001070523093600000000000001010008160000000448000000000000000000000000000000100000001400000000000020000000000
091918810010002001070523093600000000000001080004120000000494000000000000000000000000000000100000001000000000000020000000000
11191881001100200107052309360000040000100000003164000000316400000000000000000000000000350000000003360000
121918810012002001070523093600000000000000000000000000000000000000000000003164000000000000000000000000000000
07191882000000200107052309370000000000000000100000000000000000
091918820001002001070523093700000000000003040000010000000199000000000000000000000000000000000000000700000000000040000000000
091918820002002001070523093700000000000003160000010000000199000000000000000000000000000000000000000830000000000040000000000
11191882000300200107052309370000040000020000000398000000039800000000000000000000000000039800000000000000
121918820004002001070523093700000000000000000000000000000000000000000000000398000000000000000000000000000000
07191883000000200107052309380000000000000000100000000000000000
091918830001002001070523093800000000000003030000010000000199000000000000000000000000000000000000000830000000000040000000000
091918830002002001070523093800000000000002220000010000000399000000000000000000000000000000000000001500000000000010000000000
091918830003002001070523093800000000000003010000010000001000000000000000000000000000000000000000006000000000000050000000000
11191883000400200107052309380000040000030000001598000000159800000000000000000000000000159800000000000000
121918830005002001070523093803020000000000000000000000000000000000000000001598000000000000000000000000000000
07191884000000200107052309390000000000000000100000000000000000
091918840001002001070523093900000000000002040001860000000037000000000000000000000000000000100000000500000000000010000000000
11191884000200200107052309390000040000010000000037000000003700000000000000000000000000003700000000000000
121918840003002001070523093900000000000000000000000000000000000000000000000037000000000000000000000000000000
07191885000000200107052309440000000000000000100000000000000000
091918850001002001070523094400000000000002040005700000000113000000000000000000000000000000100000000500000000000010000000000
11191885000200200107052309440000040000010000000113000000011300000000000000000000000000050000000003870000
121918850003002001070523094400000000000000000000000000000000000000000000000113000000000000000000000000000000
07191886000000200107052309470000000000000000100000000000000000
091918860001002001070523094700000000000003040000010000000199000000000000000000000000000000000000000700000000000040000000000
091918860002002001070523094700000000000001090001220000000122000000000000000000000000000000100000001500000000000020000000000
091918860003002001070523094700000000000001080002540000000305000000000000000000000000000000100000001000000000000020000000000
11191886000400200107052309470000040000030000000626000000062600000000000000000000000000100000000003740000
121918860005002001070523094700000000000000000000000000000000000000000000000626000000000000000000000000000000
07191887000000200107052309490000000000000000100000000000000000
17191887000100200107052309490000000000000369
091918870002002001070523094900000000000003120000010000000199000000000000000000000000000000000000000700000000000040000000000
091918870003002001070523094900000000000001020008280000000289000000000000000000000000000000100000001200000000000020000000000
091918870004002001070523094900000000000001020002300000000080000000000000000000000000000000100000001200000000000020000000000
11191887000500200107052309490000040000030000000568000000056800000000000000000000000000056800000000000000
121918870006002001070523094903020000000000000000000000000000000000000000000568000000000000000000000000000000
07191888000000200107052309590000000000000000100000000000000000
091918880001002001070523095900000000000010700006880000000550000000000000000000000000000000100000000000000000000020000000000
091918880002002001070523095900000000000005020000070000000700I 0000000000000000000000000000000000000100000000000020000000000
091918880003002001070523095900000000000004070000010000000050I 0300000000000000000000000000000000000070000000000030000000000
11191888000400200107052309590000040000030000001300000000130000000000000000000000000000130000000000000000
121918880005002001070523095900000000000000000000000000000000000000000000001300000000000000000000000000000000
07191889000000200107052310000000000000000000100000000000000000
091918890001002001070523100000000000000001140004980000000498000000000000000000000000000000100000000500000000000020000000000
091918890002002001070523100000000000000001150003420000000478000000000000000000000000000000100000001000000000000020000000000
11191889000300200107052310000000040000020000000976000000097600000000000000000000000000097600000000000000
121918890004002001070523100000000000000000000000000000000000000000000000000976000000000000000000000000000000
07191890000000200107052310010000000000000000100000000000000000
091918900001002001070523100100000000000001010004680000000257000000000000000000000000000000100000001400000000000020000000000
091918900002002001070523100100000000000003190000010000000500000000000000000000000000000000000000002000000000000050000000000
11191890000300200107052310010000040000020000000757000000075700000000000000000000000001000000000092430000
121918900004002001070523100100000000000000000000000000000000000000000000000757000000000000000000000000000000
07191891000000200107052310020000000000000000100000000000000000
091918910001002001070523100200000000000002070035160000001754000000000000000000000000000000100000001990000000000010000000000
11191891000200200107052310020000040000010000001754000000175400000000000000000000000000175400000000000000
121918910003002001070523100203020000000000000000000000000000000000000000001754000000000000000000000000000000
07191892000000200107052310040000000000000000100000000000000000
091918920001002001070523100400000000000001150008140000001139000000000000000000000000000000100000001000000000000020000000000
091918920002002001070523100400000000000001040003360000000235000000000000000000000000000000100000002750000000000020000000000
091918920003002001070523100400000000000001180002260000000135000000000000000000000000000000100000001000000000000020000000000
091918920004002001070523100400000000000001090001000000000100000000000000000000000000000000100000001500000000000020000000000
091918920005002001070523100400000000000001080004420000000530000000000000000000000000000000100000001000000000000020000000000
091918920006002001070523100400000000000003040000010000000199000000000000000000000000000000000000000700000000000040000000000
091918920007002001070523100400000000000004200000020000000200I 0000000000000000000000000000000000000000000000000030000000000
091918920008002001070523100400000000000004020000020000000200I 0300000000000000000000000000000000000230000000000030000000000
11191892000900200107052310040000040000080000002738000000273800000000000000000000000000273800000000000000
121918920010002001070523100403020000000000000000000000000000000000000000002738000000000000000000000000000000
07191893000000200107052310050000000000000000100000000000000000
091918930001002001070523100500000000000003080000010000000199000000000000000000000000000000000000000700000000000040000000000
11191893000200200107052310050000040000010000000199000000019900000000000000000000000000019900000000000000
121918930003002001070523100500000000000000000000000000000000000000000000000199000000000000000000000000000000
07191894000000200107052310060000000000000000100000000000000000
091918940001002001070523100600000000000001050004900000000196000000000000000000000000000000100000002000000000000020000000000
091918940002002001070523100600000000000002040009080000000181000000000000000000000000000000100000000500000000000010000000000
091918940003002001070523100600000000000001070003180000000636000000000000000000000000000000100000010000000000000020000000000
091918940004002001070523100600000000000002330002380000000714000000000000000000000000000000100000020000000000000010000000000
091918940005002001070523100600000000000001290008360000000668000000000000000000000000000000100000000250000000000020000000000
11191894000600200107052310060000040000050000002395000000239500000000000000000000000000239500000000000000
121918940007002001070523100600000000000000000000000000000000000000000000002395000000000000000000000000000000
07191895000000200107052310080000000000000000100000000000000000
091918950001002001070523100800000000000003120000020000000398000000000000000000000000000000000000000700000000000040000000000
091918950002002001070523100800000000000003030000010000000199000000000000000000000000000000000000000830000000000040000000000
091918950003002001070523100800000000000004200000020000000200I 0000000000000000000000000000000000000000000000000030000000000
091918950004002001070523100800000000000001040002760000000193000000000000000000000000000000100000002750000000000020000000000
091918950005002001070523100800000000000003040000010000000199000000000000000000000000000000000000000700000000000040000000000
091918950006002001070523100800000000000001080002640000000317000000000000000000000000000000100000001000000000000020000000000
091918950007002001070523100800000000000002040002140000000043000000000000000000000000000000100000000500000000000010000000000
11191895000800200107052310080000040000070000001549000000154900000000000000000000000000200000000004510000
121918950009002001070523100800000000000000000000000000000000000000000000001549000000000000000000000000000000
07191896000000200107052310090000000000000000100000000000000000
091918960001002001070523100900000000000003030000010000000199000000000000000000000000000000000000000830000000000040000000000
091918960002002001070523100900000000000003160000010000000199000000000000000000000000000000000000000830000000000040000000000
091918960003002001070523100900000000000002030015000000000599000000000000000000000000000000100000002990000000000010000000000
11191896000400200107052310090000040000030000000997000000099700000000000000000000000000099700000000000000
121918960005002001070523100900000000000000000000000000000000000000000000000997000000000000000000000000000000
07191897000000200107052310090000000000000000100000000000000000
091918970001002001070523100900000000000002080021080000001052000000000000000000000000000000100000000500000000000010000000000
091918970002002001070523100900000000000003080000020000000398000000000000000000000000000000000000000700000000000040000000000
11191897000300200107052310090000040000020000001450000000145000000000000000000000000000200000000005500000
121918970004002001070523100900000000000000000000000000000000000000000000001450000000000000000000000000000000
07191898000000200107052310130000000000000000100000000000000000
091918980001002001070523101300000000000003030000010000000199000000000000000000000000000000000000000830000000000040000000000
091918980002002001070523101300000000000003080000010000000199000000000000000000000000000000000000000700000000000040000000000
091918980003002001070523101300000000000004110000040000000200I 0300000000000000000000000000000000000180000000000030000000000
091918980004002001070523101300000000000004020000020000000200I 0300000000000000000000000000000000000230000000000030000000000
091918980005002001070523101300000000000001120005260000000368000000000000000000000000000000100000001000000000000020000000000
11191898000600200107052310130000040000050000001166000000116600000000000000000000000000116600000000000000
121918980007002001070523101300000000000000000000000000000000000000000000001166000000000000000000000000000000
07191899000000200107052310140000000000000000100000000000000000
091918990001002001070523101400000000000001060006860000000548000000000000000000000000000000100000001500000000000020000000000
091918990002002001070523101400000000000001010005640000000310000000000000000000000000000000100000001400000000000020000000000
11191899000300200107052310140000040000020000000858000000085800000000000000000000000000200000000011420000
121918990004002001070523101400000000000000000000000000000000000000000000000858000000000000000000000000000000
07191900000000200107052310150000000000000000100000000000000000
091919000001002001070523101500000000000001160019440000000387000000000000000000000000000000100000000670000000000020000000000
091919000002002001070523101500000000000002080010940000000546000000000000000000000000000000100000000500000000000010000000000
11191900000300200107052310150000040000020000000933000000093300000000000000000000000000100000000000670000
121919000004002001070523101500000000000000000000000000000000000000000000000933000000000000000000000000000000
07191901000000200107052310150000000000000000100000000000000000
091919010001002001070523101500000000000003010000010000001000000000000000000000000000000000000000006000000000000050000000000
11191901000200200107052310150000040000010000001000000000100000000000000000000000000000100000000000000000
121919010003002001070523101500000000000000000000000000000000000000000000001000000000000000000000000000000000
07191902000000200107052310160000000000000000100000000000000000
091919020001002001070523101600000000000002010013720000000547000000000000000000000000000000100000002150000000000010000000000
11191902000200200107052310160000040000010000000547000000054700000000000000000000000000200000000014530000
121919020003002001070523101600000000000000000000000000000000000000000000000547000000000000000000000000000000
07191903000000200107052310180000000000000000100000000000000000
091919030001002001070523101800000000000001010008220000000451000000000000000000000000000000100000001400000000000020000000000
091919030002002001070523101800000000000001150003200000000448000000000000000000000000000000100000001000000000000020000000000
091919030003002001070523101800000000000002260003280000000328000000000000000000000000000000100000003000000000000010000000000
091919030004002001070523101800000000000001290001680000000134000000000000000000000000000000100000000250000000000020000000000
091919030005002001070523101800000000000002150000010000000299000000000000000000000000000000000000000500000000000010000000000
11191903000600200107052310180000040000050000001660000000166000000000000000000000000000166000000000000000
121919030007002001070523101800000000000000000000000000000000000000000000001660000000000000000000000000000000
07191904000000200107052310200000000000000000100000000000000000
091919040001002001070523102000000000000002290000010000000699000000000000000000000000000000000000002500000000000010000000000
11191904000200200107052310200000040000010000000699000000069900000000000000000000000000100000000003010000
121919040003002001070523102000000000000000000000000000000000000000000000000699000000000000000000000000000000
07191905000000200107052310230000000000000000100000000000000000
091919050001002001070523102300000000000002290000010000000699000000000000000000000000000000000000002500000000000010000000000
11191905000200200107052310230000040000010000000699000000069900000000000000000000000000069900000000000000
121919050003002001070523102303060000000000000000000000000000000000000000000699000000000000000000000000000000
07191906000000200107052310240000000000000000100000000000000000
091919060001002001070523102400000000000001080003800000000456000000000000000000000000000000100000001000000000000020000000000
11191906000200200107052310240000040000010000000456000000045600000000000000000000000000045600000000000000
121919060003002001070523102400000000000000000000000000000000000000000000000456000000000000000000000000000000
07191907000000200107052310250000000000000000100000000000000000
091919070001002001070523102500000000000001170003080000000184000000000000000000000000000000100000001430000000000020000000000
091919070002002001070523102500000000000001060006560000000524000000000000000000000000000000100000001500000000000020000000000
091919070003002001070523102500000000000001040005040000000352000000000000000000000000000000100000002750000000000020000000000
091919070004002001070523102500000000000001250008600000000214I 0000000000000000000000000000100000000530000000000020000000000
091919070005002001070523102500000000000001270004840000000387000000000000000000000000000000100000000250000000000020000000000
091919070006002001070523102500000000000001080006840000000820000000000000000000000000000000100000001000000000000020000000000
11191907000700200107052310250000040000060000002481000000248100000000000000000000000000250000000000190000
121919070008002001070523102500000000000000000000000000000000000000000000002481000000000000000000000000000000
07191908000000200107052310280000000000000000100000000000000000
091919080001002001070523102800000000000003030000030000000597000000000000000000000000000000000000000830000000000040000000000
091919080002002001070523102800000000000001080005140000000616000000000000000000000000000000100000001000000000000020000000000
091919080003002001070523102800000000000001170003440000000206000000000000000000000000000000100000001430000000000020000000000
091919080004002001070523102800000000000002040011880000000236000000000000000000000000000000100000000500000000000010000000000
11191908000500200107052310280000040000040000001655000000165500000000000000000000000000165500000000000000
121919080006002001070523102803060000000000000000000000000000000000000000001655000000000000000000000000000000
07191909000000200107052310290000000000000000100000000000000000
17191909000100200107052310290000000000000566
091919090002002001070523102900000000000003050000010000000199000000000000000000000000000000000000000700000000000040000000000
091919090003002001070523102900000000000001080001800000000216000000000000000000000000000000100000001000000000000020000000000
11191909000400200107052310290000040000020000000415000000041500000000000000000000000000041500000000000000
121919090005002001070523102900000000000000000000000000000000000000000000000415000000000000000000000000000000
07191910000000200107052310300000000000000000100000000000000000
091919100001002001070523103000000000000001070002000000000400000000000000000000000000000000100000010000000000000020000000000
091919100002002001070523103000000000000003030000010000000199000000000000000000000000000000000000000830000000000040000000000
091919100003002001070523103000000000000003190000010000000500000000000000000000000000000000000000002000000000000050000000000
11191910000400200107052310300000040000030000001099000000109900000000000000000000000000109900000000000000
121919100005002001070523103003020000000000000000000000000000000000000000001099000000000000000000000000000000
07191911000000200107052310310000000000000000100000000000000000
091919110001002001070523103100000000000001220006280000000301000000000000000000000000000000100000001500000000000020000000000
091919110002002001070523103100000000000001060007180000000574000000000000000000000000000000100000001500000000000020000000000
091919110003002001070523103100000000000003050000030000000597000000000000000000000000000000000000000700000000000040000000000
11191911000400200107052310310000040000030000001472000000147200000000000000000000000000500000000035280000
121919110005002001070523103100000000000000000000000000000000000000000000001472000000000000000000000000000000
07191912000000200107052310320000000000000000100000000000000000
091919120001002001070523103200000000000011200024380000000973000000000000000000000000000000100000000000000000000010000000000
091919120002002001070523103200000000000005080000010000002399I 0100000000000000000000000000000000015000000000000070000000000
11191912000300200107052310320000040000020000003372000000337200000000000000000000000000500000000016280000
121919120004002001070523103200000000000000000000000000000000000000000000003372000000000000000000000000000000
07191913000000200107052310330000000000000000100000000000000000
091919130001002001070523103300000000000001150003220000000450000000000000000000000000000000100000001000000000000020000000000
11191913000200200107052310330000040000010000000450000000045000000000000000000000000000050000000000500000
121919130003002001070523103300000000000000000000000000000000000000000000000450000000000000000000000000000000
07191914000000200107052310340000000000000000100000000000000000
091919140001002001070523103400000000000001010005820000000320000000000000000000000000000000100000001400000000000020000000000
11191914000200200107052310340000040000010000000320000000032000000000000000000000000000032000000000000000
121919140003002001070523103403030000000000000000000000000000000000000000000320000000000000000000000000000000
07191915000000200107052310370000000000000000100000000000000000
091919150001002001070523103700000000000002270007120000001067000000000000000000000000000000100000003990000000000010000000000
091919150002002001070523103700000000000002040010800000000215000000000000000000000000000000100000000500000000000010000000000
091919150003002001070523103700000000000003020000010000000100000000000000000000000000000000000000000500000000000000000000000
091919150004002001070523103700000000000001050001900000000076000000000000000000000000000000100000002000000000000020000000000
091919150005002001070523103700000000000001070001780000000356000000000000000000000000000000100000010000000000000020000000000
091919150006002001070523103700000000000004020000020000000200I 0300000000000000000000000000000000000230000000000030000000000
091919150007002001070523103700000000000004020000020000000200I 0300000000000000000000000000000000000230000000000030000000000
091919150008002001070523103700000000000003040000010000000199000000000000000000000000000000000000000700000000000040000000000
11191915000900200107052310370000040000080000002413000000241300000000000000000000000000241300000000000000
121919150010002001070523103703100000000000000000000000000000000000000000002413000000000000000000000000000000
07191916000000200107052310410000000000000000100000000000000000
091919160001002001070523104100000000000003040000010000000199000000000000000000000000000000000000000700000000000040000000000
11191916000200200107052310410000040000010000000199000000019900000000000000000000000000019900000000000000
121919160003002001070523104100000000000000000000000000000000000000000000000199000000000000000000000000000000
07191917000000200107052310410000000000000000100000000000000000
091919170001002001070523104100000000000003040000010000000199000000000000000000000000000000000000000700000000000040000000000
091919170002002001070523104100000000000003050000010000000199000000000000000000000000000000000000000700000000000040000000000
11191917000300200107052310410000040000020000000398000000039800000000000000000000000000100000000006020000
121919170004002001070523104100000000000000000000000000000000000000000000000398000000000000000000000000000000
07191918000000200107052310430000000000000000100000000000000000
091919180001002001070523104300000000000001220013660000000654000000000000000000000000000000100000001500000000000020000000000
11191918000200200107052310430000040000010000000654000000065400000000000000000000000000100000000003460000
121919180003002001070523104300000000000000000000000000000000000000000000000654000000000000000000000000000000
07191919000000200107052310440000000000000000100000000000000000
091919190001002001070523104400000000000001050001880000000075000000000000000000000000000000100000002000000000000020000000000
091919190002002001070523104400000000000001020004580000000160000000000000000000000000000000100000001200000000000020000000000
11191919000300200107052310440000040000020000000235000000023500000000000000000000000000050000000002650000
121919190004002001070523104400000000000000000000000000000000000000000000000235000000000000000000000000000000
07191920000000200107052310450000000000000000100000000000000000
091919200001002001070523104500000000000003200000010000002200000000000000000000000000000000000000000000000000000050000000000
091919200002002001070523104500000000000002030005080000000203000000000000000000000000000000100000002990000000000010000000000
11191920000300200107052310450000040000020000002403000000240300000000000000000000000000240300000000000000
121919200004002001070523104503020000000000000000000000000000000000000000002403000000000000000000000000000000
07191921000000200107052310490000000000000000100000000000000000
091919210001002001070523104900000000000002260004660000000466000000000000000000000000000000100000003000000000000010000000000
091919210002002001070523104900000000000001300000010000000499000000000000000000000000000000000000001000000000000020000000000
091919210003002001070523104900000000000001070002280000000456000000000000000000000000000000100000010000000000000020000000000
091919210004002001070523104900000000000003070000010000000199000000000000000000000000000000000000000100000000000040000000000
091919210005002001070523104900000000000005020000040000000400I 0000000000000000000000000000000000000100000000000020000000000
091919210006002001070523104900000000000005480000010000000250I 0300000000000000000000000000000000000000000000000030000000000
091919210007002001070523104900000000000005480000010000000250I 0300000000000000000000000000000000000000000000000030000000000
11191921000800200107052310490000040000070000002520000000252000000000000000000000000000252000000000000000
121919210009002001070523104903100000000000000000000000000000000000000000002520000000000000000000000000000000
07191922000000200107052310500000000000000000100000000000000000
091919220001002001070523105000000000000001020007540000000263000000000000000000000000000000100000001200000000000020000000000
091919220002002001070523105000000000000001270009040000000722000000000000000000000000000000100000000250000000000020000000000
11191922000300200107052310500000040000020000000985000000098500000000000000000000000000098500000000000000
121919220004002001070523105003100000000000000000000000000000000000000000000985000000000000000000000000000000
07191923000000200107052310530000000000000000100000000000000000
091919230001002001070523105300000000000002430010080000000705000000000000000000000000000000100000000000000000000010000000000
091919230002002001070523105300000000000002200000010000001099000000000000000000000000000000000000000990000000000010000000000
11191923000300200107052310530000040000020000001804000000180400000000000000000000000000180400000000000000
121919230004002001070523105303100000000000000000000000000000000000000000001804000000000000000000000000000000
07191924000000200107052310530000000000000000100000000000000000
091919240001002001070523105300000000000003040000010000000199000000000000000000000000000000000000000700000000000040000000000
11191924000200200107052310530000040000010000000199000000019900000000000000000000000000019900000000000000
121919240003002001070523105300000000000000000000000000000000000000000000000199000000000000000000000000000000
07191925000000200107052311000000000000000000100000000000000000
091919250001002001070523110000000000000003030000010000000199000000000000000000000000000000000000000830000000000040000000000
091919250002002001070523110000000000000001080002480000000297000000000000000000000000000000100000001000000000000020000000000
091919250003002001070523110000000000000002030007060000000282000000000000000000000000000000100000002990000000000010000000000
11191925000400200107052311000000040000030000000778000000077800000000000000000000000000077800000000000000
121919250005002001070523110000000000000000000000000000000000000000000000000778000000000000000000000000000000
07191926000000200107052311000000000000000000100000000000000000
091919260001002001070523110000000000000005040000010000000699I 0100000000000000000000000000000000000000000000000030000000000
11191926000200200107052311000000040000010000000699000000069900000000000000000000000000200000000013010000
121919260003002001070523110000000000000000000000000000000000000000000000000699000000000000000000000000000000
07191927000000200107052311010000000000000000100000000000000000
091919270001002001070523110100000000000005020000020000000200I 0000000000000000000000000000000000000100000000000020000000000
11191927000200200107052311010000040000010000000200000000020000000000000000000000000000100000000008000000
121919270003002001070523110100000000000000000000000000000000000000000000000200000000000000000000000000000000
07191928000000200107052311020000000000000000100000000000000000
091919280001002001070523110200000000000005040000010000000699I 0100000000000000000000000000000000000000000000000030000000000
11191928000200200107052311020000040000010000000699000000069900000000000000000000000000069900000000000000
121919280003002001070523110203060000000000000000000000000000000000000000000699000000000000000000000000000000
07191929000000200107052311030000000000000000100000000000000000
091919290001002001070523110300000000000001080002820000000338000000000000000000000000000000100000001000000000000020000000000
091919290002002001070523110300000000000001240003060000000306000000000000000000000000000000100000001670000000000020000000000
091919290003002001070523110300000000000001070001180000000236000000000000000000000000000000100000010000000000000020000000000
091919290004002001070523110300000000000003070000020000000398000000000000000000000000000000000000000100000000000040000000000
11191929000500200107052311030000040000040000001278000000127800000000000000000000000000200000000007220000
121919290006002001070523110300000000000000000000000000000000000000000000001278000000000000000000000000000000
07191930000000200107052311030000000000000000100000000000000000
091919300001002001070523110300000000000001130012140000000606000000000000000000000000000000100000001500000000000020000000000
091919300002002001070523110300000000000001080002600000000312000000000000000000000000000000100000001000000000000020000000000
091919300003002001070523110300000000000003160000010000000199000000000000000000000000000000000000000830000000000040000000000
11191930000400200107052311030000040000030000001117000000111700000000000000000000000000111700000000000000
121919300005002001070523110300000000000000000000000000000000000000000000001117000000000000000000000000000000
07191931000000200107052311050000000000000000100000000000000000
091919310001002001070523110500000000000004020000040000000400I 0300000000000000000000000000000000000230000000000030000000000
091919310002002001070523110500000000000001170005160000000309000000000000000000000000000000100000001430000000000020000000000
091919310003002001070523110500000000000001080004260000000511000000000000000000000000000000100000001000000000000020000000000
091919310004002001070523110500000000000001050004660000000186000000000000000000000000000000100000002000000000000020000000000
11191931000500200107052311050000040000040000001406000000140600000000000000000000000000140600000000000000
121919310006002001070523110503020000000000000000000000000000000000000000001406000000000000000000000000000000
07191932000000200107052311060000000000000000100000000000000000
091919320001002001070523110600000000000001010012580000000691000000000000000000000000000000100000001400000000000020000000000
091919320002002001070523110600000000000001040003500000000245000000000000000000000000000000100000002750000000000020000000000
091919320003002001070523110600000000000001090001360000000136000000000000000000000000000000100000001500000000000020000000000
091919320004002001070523110600000000000001070001580000000316000000000000000000000000000000100000010000000000000020000000000
091919320005002001070523110600000000000002040002280000000045000000000000000000000000000000100000000500000000000010000000000
091919320006002001070523110600000000000001080004020000000482000000000000000000000000000000100000001000000000000020000000000
091919320007002001070523110600000000000001060002520000000201000000000000000000000000000000100000001500000000000020000000000
091919320008002001070523110600000000000002430008260000000577000000000000000000000000000000100000000000000000000010000000000
11191932000900200107052311060000040000080000002693000000269300000000000000000000000000269300000000000000
121919320010002001070523110603020000000000000000000000000000000000000000002693000000000000000000000000000000
07191933000000200107052311070000000000000000100000000000000000
091919330001002001070523110700000000000002180000010000000599000000000000000000000000000000000000002990000000000010000000000
091919330002002001070523110700000000000003170000010000000199000000000000000000000000000000000000000700000000000040000000000
091919330003002001070523110700000000000001090001120000000112000000000000000000000000000000100000001500000000000020000000000
091919330004002001070523110700000000000001110001900000000076000000000000000000000000000000100000000500000000000020000000000
091919330005002001070523110700000000000005020000010000000100I 0000000000000000000000000000000000000100000000000020000000000
11191933000600200107052311070000040000050000001086000000108600000000000000000000000000120000000001140000
121919330007002001070523110700000000000000000000000000000000000000000000001086000000000000000000000000000000
07191934000000200107052311080000000000000000100000000000000000
091919340001002001070523110800000000000003040000010000000199000000000000000000000000000000000000000700000000000040000000000
091919340002002001070523110800000000000003070000010000000199000000000000000000000000000000000000000100000000000040000000000
11191934000300200107052311080000040000020000000398000000039800000000000000000000000000039800000000000000
121919340004002001070523110800000000000000000000000000000000000000000000000398000000000000000000000000000000
07191935000000200107052311090000000000000000100000000000000000
091919350001002001070523110900000000000003050000010000000199000000000000000000000000000000000000000700000000000040000000000
091919350002002001070523110900000000000001060006580000000526000000000000000000000000000000100000001500000000000020000000000
091919350003002001070523110900000000000001010010500000000576000000000000000000000000000000100000001400000000000020000000000
11191935000400200107052311090000040000030000001301000000130100000000000000000000000000130100000000000000
121919350005002001070523110900000000000000000000000000000000000000000000001301000000000000000000000000000000
07191936000000200107052311130000000000000000100000000000000000
091919360001002001070523111300000000000002220000020000000798000000000000000000000000000000000000001500000000000010000000000
091919360002002001070523111300000000000002290000010000000699000000000000000000000000000000000000002500000000000010000000000
091919360003002001070523111300000000000001050005320000000212000000000000000000000000000000100000002000000000000020000000000
091919360004002001070523111300000000000002090010920000000873000000000000000000000000000000100000004720000000000010000000000
091919360005002001070523111300000000000001090003060000000306000000000000000000000000000000100000001500000000000020000000000
091919360006002001070523111300000000000001250004600000000115I 0000000000000000000000000000100000000530000000000020000000000
091919360007002001070523111300000000000003030000010000000199000000000000000000000000000000000000000830000000000040000000000
091919360008002001070523111300000000000002070028960000001445000000000000000000000000000000100000001990000000000010000000000
11191936000900200107052311130000040000080000004647000000464700000000000000000000000001000000000053530000
121919360010002001070523111300000000000000000000000000000000000000000000004647000000000000000000000000000000
07191937000000200107052311160000000000000000100000000000000000
091919370001002001070523111600000000000002270002340000000351000000000000000000000000000000100000003990000000000010000000000
11191937000200200107052311160000040000010000000351000000035100000000000000000000000000035100000000000000
121919370003002001070523111603020000000000000000000000000000000000000000000351000000000000000000000000000000
07191938000000200107052311170000000000000000100000000000000000
091919380001002001070523111700000000000003070000010000000199000000000000000000000000000000000000000100000000000040000000000
11191938000200200107052311170000040000010000000199000000019900000000000000000000000000050000000003010000
121919380003002001070523111700000000000000000000000000000000000000000000000199000000000000000000000000000000
14191939000000200107052311170000010000000000
14191940000000200107052311180000010000000000
07191941000000200107052311180000000000000000100000000000000000
091919410001002001070523111800000000000001020006380000000223000000000000000000000000000000100000001200000000000020000000000
11191941000200200107052311180000040000010000000223000000022300000000000000000000000000022300000000000000
121919410003002001070523111800000000000000000000000000000000000000000000000223000000000000000000000000000000
07191942000000200107052311200000000000000000100000000000000000
091919420001002001070523112000000000000001010010700000000587000000000000000000000000000000100000001400000000000020000000000
091919420002002001070523112000000000000001060009740000000778000000000000000000000000000000100000001500000000000020000000000
11191942000300200107052311200000040000020000001365000000136500000000000000000000000000136500000000000000
121919420004002001070523112002010000000000000000000000000000000000010000001365000000000000000000000000000000
101919420005002001070523112001000000000000000100000013650000000000000400000004
07191943000000200107052311230000000000000000100000000000000000
091919430001002001070523112300000000000002070014280000000713000000000000000000000000000000100000001990000000000010000000000
091919430002002001070523112300000000000002010009520000000380000000000000000000000000000000100000002150000000000010000000000
11191943000300200107052311230000040000020000001093000000109300000000000000000000000000109300000000000000
121919430004002001070523112303090000000000000000000000000000000000000000001093000000000000000000000000000000
07191944000000200107052311250000000000000000100000000000000000
091919440001002001070523112500000000000001150003820000000534000000000000000000000000000000100000001000000000000020000000000
091919440002002001070523112500000000000001140004640000000464000000000000000000000000000000100000000500000000000020000000000
091919440003002001070523112500000000000002080013260000000662000000000000000000000000000000100000000500000000000010000000000
091919440004002001070523112500000000000002070008980000000448000000000000000000000000000000100000001990000000000010000000000
091919440005002001070523112500000000000002460003660000000439000000000000000000000000000000100000000000000000000010000000000
091919440006002001070523112500000000000003130000010000000199000000000000000000000000000000000000000700000000000040000000000
11191944000700200107052311250000040000060000002746000000274600000000000000000000000000500000000022540000
121919440008002001070523112500000000000000000000000000000000000000000000002746000000000000000000000000000000
07191945000000200107052311270000000000000000100000000000000000
091919450001002001070523112700000000000003040000010000000199000000000000000000000000000000000000000700000000000040000000000
091919450002002001070523112700000000000001090001160000000116000000000000000000000000000000100000001500000000000020000000000
091919450003002001070523112700000000000001070000700000000140000000000000000000000000000000100000010000000000000020000000000
091919450004002001070523112700000000000001040003160000000221000000000000000000000000000000100000002750000000000020000000000
091919450005002001070523112700000000000001080001380000000165000000000000000000000000000000100000001000000000000020000000000
11191945000600200107052311270000040000050000000841000000084100000000000000000000000000084100000000000000
121919450007002001070523112703020000000000000000000000000000000000000000000841000000000000000000000000000000
07191946000000200107052311270000000000000000100000000000000000
091919460001002001070523112700000000000001080002700000000324000000000000000000000000000000100000001000000000000020000000000
11191946000200200107052311270000040000010000000324000000032400000000000000000000000000050000000001760000
121919460003002001070523112700000000000000000000000000000000000000000000000324000000000000000000000000000000
07191947000000200107052311280000000000000000100000000000000000
091919470001002001070523112800000000000001080004060000000487000000000000000000000000000000100000001000000000000020000000000
091919470002002001070523112800000000000003080000010000000199000000000000000000000000000000000000000700000000000040000000000
11191947000300200107052311280000040000020000000686000000068600000000000000000000000000200000000013140000
121919470004002001070523112800000000000000000000000000000000000000000000000686000000000000000000000000000000
07191948000000200107052311280000000000000000100000000000000000
091919480001002001070523112800000000000001110002300000000092000000000000000000000000000000100000000500000000000020000000000
091919480002002001070523112800000000000001060003060000000244000000000000000000000000000000100000001500000000000020000000000
11191948000300200107052311280000040000020000000336000000033600000000000000000000000000200000000016640000
121919480004002001070523112800000000000000000000000000000000000000000000000336000000000000000000000000000000
07191949000000200107052311320000000000000000100000000000000000
091919490001002001070523113200000000000002010017180000000685000000000000000000000000000000100000002150000000000010000000000
11191949000200200107052311320000040000010000000685000000068500000000000000000000000000068500000000000000
121919490003002001070523113200000000000000000000000000000000000000000000000685000000000000000000000000000000
07191950000000200107052311340000000000000000100000000000000000
091919500001002001070523113400000000000002030006480000000259000000000000000000000000000000100000002990000000000010000000000
091919500002002001070523113400000000000002040008800000000175000000000000000000000000000000100000000500000000000010000000000
091919500003002001070523113400000000000001070002300000000460000000000000000000000000000000100000010000000000000020000000000
11191950000400200107052311340000040000030000000894000000089400000000000000000000000000500000000041060000
121919500005002001070523113400000000000000000000000000000000000000000000000894000000000000000000000000000000
07191951000000200107052311400000000000000000100000000000000000
091919510001002001070523114000000000000024300016760000000501000000000000000000000000000000100000000990000000000010000000000
091919510002002001070523114000000000000005020000030000000300I 0000000000000000000000000000000000000100000000000020000000000
11191951000300200107052311400000040000020000000801000000080100000000000000000000000000500000000041990000
121919510004002001070523114000000000000000000000000000000000000000000000000801000000000000000000000000000000
07191952000000200107052311430000000000000000100000000000000000
091919520001002001070523114300000000000003110000010000000799000000000000000000000000000000000000001000000000000040000000000
11191952000200200107052311430000040000010000000799000000079900000000000000000000000000200000000012010000
121919520003002001070523114300000000000000000000000000000000000000000000000799000000000000000000000000000000
07191953000000200107052311450000000000000000100000000000000000
091919530001002001070523114500000000000003110000010000000799000000000000000000000000000000000000001000000000000040000000000
091919530002002001070523114500000000000001040009480000000663000000000000000000000000000000100000002750000000000020000000000
091919530003002001070523114500000000000001010014280000000784000000000000000000000000000000100000001400000000000020000000000
11191953000400200107052311450000040000030000002246000000224600000000000000000000000000500000000027540000
121919530005002001070523114500000000000000000000000000000000000000000000002246000000000000000000000000000000
07191954000000200107052311460000000000000000100000000000000000
091919540001002001070523114600000000000001080008800000001055000000000000000000000000000000100000001000000000000020000000000
11191954000200200107052311460000040000010000001055000000105500000000000000000000000000105500000000000000
121919540003002001070523114603060000000000000000000000000000000000000000001055000000000000000000000000000000
07191955000000200107052311490000000000000000100000000000000000
091919550001002001070523114900000000000001300000010000000499000000000000000000000000000000000000001000000000000020000000000
091919550002002001070523114900000000000001020008180000000285000000000000000000000000000000100000001200000000000020000000000
091919550003002001070523114900000000000003050000010000000199000000000000000000000000000000000000000700000000000040000000000
091919550004002001070523114900000000000001090001340000000134000000000000000000000000000000100000001500000000000020000000000
091919550005002001070523114900000000000002070005040000000251000000000000000000000000000000100000001990000000000010000000000
091919550006002001070523114900000000000001040002620000000183000000000000000000000000000000100000002750000000000020000000000
11191955000700200107052311490000040000060000001551000000155100000000000000000000000000200000000004490000
121919550008002001070523114900000000000000000000000000000000000000000000001551000000000000000000000000000000
07191956000000200107052311500000000000000000100000000000000000
091919560001002001070523115000000000000001080001080000000129000000000000000000000000000000100000001000000000000020000000000
091919560002002001070523115000000000000001050000680000000027000000000000000000000000000000100000002000000000000020000000000
091919560003002001070523115000000000000005020000010000000100I 0000000000000000000000000000000000000100000000000020000000000
091919560004002001070523115000000000000001080001040000000125000000000000000000000000000000100000001000000000000020000000000
091919560005002001070523115000000000000001050000560000000022000000000000000000000000000000100000002000000000000020000000000
11191956000600200107052311500000040000050000000403000000040300000000000000000000000000040300000000000000
121919560007002001070523115000000000000000000000000000000000000000000000000403000000000000000000000000000000
07191957000000200107052311500000000000000000100000000000000000
091919570001002001070523115000000000000003040000010000000199000000000000000000000000000000000000000700000000000040000000000
091919570002002001070523115000000000000003050000010000000199000000000000000000000000000000000000000700000000000040000000000
11191957000300200107052311500000040000020000000398000000039800000000000000000000000000039800000000000000
121919570004002001070523115000000000000000000000000000000000000000000000000398000000000000000000000000000000
07191958000000200107052311520000000000000000100000000000000000
091919580001002001070523115200000000000003030000010000000199000000000000000000000000000000000000000830000000000040000000000
11191958000200200107052311520000040000010000000199000000019900000000000000000000000000019900000000000000
121919580003002001070523115200000000000000000000000000000000000000000000000199000000000000000000000000000000
07191959000000200107052311530000000000000000100000000000000000
091919590001002001070523115300000000000001170003500000000210000000000000000000000000000000100000001430000000000020000000000
091919590002002001070523115300000000000003070000010000000199000000000000000000000000000000000000000100000000000040000000000
11191959000300200107052311530000040000020000000409000000040900000000000000000000000000050000000000910000
121919590004002001070523115300000000000000000000000000000000000000000000000409000000000000000000000000000000
07191960000000200107052311550000000000000000100000000000000000
091919600001002001070523115500000000000001020018620000000650000000000000000000000000000000100000001200000000000020000000000
091919600002002001070523115500000000000001120002560000000179000000000000000000000000000000100000001000000000000020000000000
11191960000300200107052311550000040000020000000829000000082900000000000000000000000000200000000011710000
121919600004002001070523115500000000000000000000000000000000000000000000000829000000000000000000000000000000
07191961000000200107052312010000000000000000100000000000000000
091919610001002001070523120100000000000004020000030000000300I 0300000000000000000000000000000000000230000000000030000000000
091919610002002001070523120100000000000001080003840000000460000000000000000000000000000000100000001000000000000020000000000
091919610003002001070523120100000000000003040000010000000199000000000000000000000000000000000000000700000000000040000000000
091919610004002001070523120100000000000003030000010000000199000000000000000000000000000000000000000830000000000040000000000
11191961000500200107052312010000040000040000001158000000115800000000000000000000000000115800000000000000
121919610006002001070523120100000000000000000000000000000000000000000000001158000000000000000000000000000000
061919610007002001070523120100000100000700000000000000000000000000000000000000000000
18191961000800200107052312010100000030000000000000000000000001
18191961000900200107052312020200000025000000000000000000000001
07191962000000200107052312020000000000000000100000000000000000
091919620001002001070523120200000000000001050008840000000353000000000000000000000000000000100000002000000000000020000000000
11191962000200200107052312020000040000010000000353000000035300000000000000000000000000035300000000000000
121919620003002001070523120200000000000000000000000000000000000000000000000353000000000000000000000000000000
07191963000000200107052312080000000000000000100000000000000000
091919630001002001070523120800000000000001020005960000000208000000000000000000000000000000100000001200000000000020000000000
091919630002002001070523120800000000000001070001040000000208000000000000000000000000000000100000010000000000000020000000000
11191963000300200107052312080000040000020000000416000000041600000000000000000000000000050000000000840000
121919630004002001070523120800000000000000000000000000000000000000000000000416000000000000000000000000000000
07191964000000200107052312100000000000000000100000000000000000
091919640001002001070523121000000000000001070003040000000608000000000000000000000000000000100000010000000000000020000000000
11191964000200200107052312100000040000010000000608000000060800000000000000000000000000060800000000000000
121919640003002001070523121000000000000000000000000000000000000000000000000608000000000000000000000000000000
07191965000000200107052312110000000000000000100000000000000000
091919650001002001070523121100000000000001110009000000000359000000000000000000000000000000100000000500000000000020000000000
11191965000200200107052312110000040000010000000359000000035900000000000000000000000000035900000000000000
121919650003002001070523121103020000000000000000000000000000000000000000000359000000000000000000000000000000
07191966000000200107052312140000000000000000100000000000000000
091919660001002001070523121400000000000003040000010000000199000000000000000000000000000000000000000700000000000040000000000
11191966000200200107052312140000040000010000000199000000019900000000000000000000000000019900000000000000
121919660003002001070523121400000000000000000000000000000000000000000000000199000000000000000000000000000000
07191967000000200107052312180000000000000000100000000000000000
091919670001002001070523121800000000000002010021620000000863000000000000000000000000000000100000002150000000000010000000000
091919670002002001070523121800000000000002580017520000002626000000000000000000000000000000100000009990000000000010000000000
11191967000300200107052312180000040000020000003489000000348900000000000000000000000000350000000000110000
121919670004002001070523121800000000000000000000000000000000000000000000003489000000000000000000000000000000
07191968000000200107052312190000000000000000100000000000000000
091919680001002001070523121900000000000003040000010000000199000000000000000000000000000000000000000700000000000040000000000
11191968000200200107052312190000040000010000000199000000019900000000000000000000000000019900000000000000
121919680003002001070523121900000000000000000000000000000000000000000000000199000000000000000000000000000000
07191969000000200107052312210000000000000000100000000000000000
091919690001002001070523122100000000000003040000060000001194000000000000000000000000000000000000000700000000000040000000000
11191969000200200107052312210000040000010000001194000000119400000000000000000000000000119400000000000000
121919690003002001070523122100000000000000000000000000000000000000000000001194000000000000000000000000000000
07191970000000200107052312220000000000000000100000000000000000
091919700001002001070523122200000000000005070000010000002000I 0100000000000000000000000000000000000000000000000030000000000
11191970000200200107052312220000040000010000002000000000200000000000000000000000000000200000000000000000
121919700003002001070523122203020000000000000000000000000000000000000000002000000000000000000000000000000000
07191971000000200107052312240000000000000000100000000000000000
091919710001002001070523122400000000000003050000010000000199000000000000000000000000000000000000000700000000000040000000000
11191971000200200107052312240000040000010000000199000000019900000000000000000000000000019900000000000000
121919710003002001070523122400000000000000000000000000000000000000000000000199000000000000000000000000000000
07191972000000200107052312250000000000000000100000000000000000
091919720001002001070523122500000000000003050000010000000199000000000000000000000000000000000000000700000000000040000000000
11191972000200200107052312250000040000010000000199000000019900000000000000000000000000019900000000000000
121919720003002001070523122500000000000000000000000000000000000000000000000199000000000000000000000000000000
07191973000000200107052312260000000000000000100000000000000000
091919730001002001070523122600000000000002070007380000000368000000000000000000000000000000100000001990000000000010000000000
091919730002002001070523122600000000000002260004060000000406000000000000000000000000000000100000003000000000000010000000000
091919730003002001070523122600000000000002080004960000000248000000000000000000000000000000100000000500000000000010000000000
11191973000400200107052312260000040000030000001022000000102200000000000000000000000000120000000001780000
121919730005002001070523122600000000000000000000000000000000000000000000001022000000000000000000000000000000
07191974000000200107052312270000000000000000100000000000000000
091919740001002001070523122700000000000001090000980000000098000000000000000000000000000000100000001500000000000020000000000
091919740002002001070523122700000000000001010005380000000295000000000000000000000000000000100000001400000000000020000000000
091919740003002001070523122700000000000001070001140000000228000000000000000000000000000000100000010000000000000020000000000
091919740004002001070523122700000000000001040002180000000152000000000000000000000000000000100000002750000000000020000000000
091919740005002001070523122700000000000001080001520000000182000000000000000000000000000000100000001000000000000020000000000
091919740006002001070523122700000000000003040000010000000199000000000000000000000000000000000000000700000000000040000000000
11191974000700200107052312270000040000060000001154000000115400000000000000000000000000200000000008460000
121919740008002001070523122700000000000000000000000000000000000000000000001154000000000000000000000000000000
07191975000000200107052312280000000000000000100000000000000000
091919750001002001070523122800000000000003030000010000000199000000000000000000000000000000000000000830000000000040000000000
11191975000200200107052312280000040000010000000199000000019900000000000000000000000000019900000000000000
121919750003002001070523122800000000000000000000000000000000000000000000000199000000000000000000000000000000
07191976000000200107052312290000000000000000100000000000000000
091919760001002001070523122900000000000003070000010000000199000000000000000000000000000000000000000100000000000040000000000
11191976000200200107052312290000040000010000000199000000019900000000000000000000000000019900000000000000
121919760003002001070523122900000000000000000000000000000000000000000000000199000000000000000000000000000000
07191977000000200107052312290000000000000000100000000000000000
091919770001002001070523122900000000000001080003360000000403000000000000000000000000000000100000001000000000000020000000000
091919770002002001070523122900000000000005020000010000000100I 0000000000000000000000000000000000000100000000000020000000000
11191977000300200107052312290000040000020000000503000000050300000000000000000000000000050300000000000000
121919770004002001070523122900000000000000000000000000000000000000000000000503000000000000000000000000000000
07191978000000200107052312300000000000000000100000000000000000
091919780001002001070523123000000000000002070011520000000575000000000000000000000000000000100000001990000000000010000000000
091919780002002001070523123000000000000003050000010000000199000000000000000000000000000000000000000700000000000040000000000
11191978000300200107052312300000040000020000000774000000077400000000000000000000000000077400000000000000
121919780004002001070523123003090000000000000000000000000000000000000000000774000000000000000000000000000000
07191979000000200107052312340000000000000000100000000000000000
091919790001002001070523123400000000000001060005260000000420000000000000000000000000000000100000001500000000000020000000000
091919790002002001070523123400000000000003050000010000000199000000000000000000000000000000000000000700000000000040000000000
11191979000300200107052312340000040000020000000619000000061900000000000000000000000000061900000000000000
121919790004002001070523123400000000000000000000000000000000000000000000000619000000000000000000000000000000
07191980000000200107052312360000000000000000100000000000000000
091919800001002001070523123600000000000003040000020000000398000000000000000000000000000000000000000700000000000040000000000
091919800002002001070523123600000000000001130040140000002003000000000000000000000000000000100000001500000000000020000000000
11191980000300200107052312360000040000020000002401000000240100000000000000000000000000240100000000000000
121919800004002001070523123600000000000000000000000000000000000000000000002401000000000000000000000000000000
07191981000000200107052312360000000000000000100000000000000000
091919810001002001070523123600000000000003050000020000000398000000000000000000000000000000000000000700000000000040000000000
11191981000200200107052312360000040000010000000398000000039800000000000000000000000000100000000006020000
121919810003002001070523123600000000000000000000000000000000000000000000000398000000000000000000000000000000
07191982000000200107052312380000000000000000100000000000000000
091919820001002001070523123800000000000001150004840000000677000000000000000000000000000000100000001000000000000020000000000
091919820002002001070523123800000000000001080002620000000314000000000000000000000000000000100000001000000000000020000000000
091919820003002001070523123800000000000001050001640000000065000000000000000000000000000000100000002000000000000020000000000
11191982000400200107052312380000040000030000001056000000105600000000000000000000000000500000000039440000
121919820005002001070523123800000000000000000000000000000000000000000000001056000000000000000000000000000000
07191983000000200107052312390000000000000000100000000000000000
091919830001002001070523123900000000000002150000010000000299000000000000000000000000000000000000000500000000000010000000000
091919830002002001070523123900000000000002010033700000001345000000000000000000000000000000100000002150000000000010000000000
091919830003002001070523123900000000000002230001880000000282000000000000000000000000000000100000004980000000000010000000000
11191983000400200107052312390000040000030000001926000000192600000000000000000000000000192600000000000000
121919830005002001070523123900000000000000000000000000000000000000000000001926000000000000000000000000000000
07191984000000200107052312410000000000000000100000000000000000
091919840001002001070523124100000000000001130010260000000512000000000000000000000000000000100000001500000000000020000000000
091919840002002001070523124100000000000002080012160000000607000000000000000000000000000000100000000500000000000010000000000
11191984000300200107052312410000040000020000001119000000111900000000000000000000000000111900000000000000
121919840004002001070523124100000000000000000000000000000000000000000000001119000000000000000000000000000000
07191985000000200107052312420000000000000000100000000000000000
091919850001002001070523124200000000000002070013640000000681000000000000000000000000000000100000001990000000000010000000000
091919850002002001070523124200000000000002110005000000000250000000000000000000000000000000100000000990000000000010000000000
11191985000300200107052312420000040000020000000931000000093100000000000000000000000000093100000000000000
121919850004002001070523124203020000000000000000000000000000000000000000000931000000000000000000000000000000
07191986000000200107052312430000000000000000100000000000000000
091919860001002001070523124300000000000001090000920000000092000000000000000000000000000000100000001500000000000020000000000
091919860002002001070523124300000000000003040000010000000199000000000000000000000000000000000000000700000000000040000000000
11191986000300200107052312430000040000020000000291000000029100000000000000000000000000029100000000000000
121919860004002001070523124303020000000000000000000000000000000000000000000291000000000000000000000000000000
07191987000000200107052312490000000000000000100000000000000000
091919870001002001070523124900000000000004020000040000000400I 0300000000000000000000000000000000000230000000000030000000000
091919870002002001070523124900000000000003040000010000000199000000000000000000000000000000000000000700000000000040000000000
091919870003002001070523124900000000000005480000010000000250I 0300000000000000000000000000000000000000000000000030000000000
11191987000400200107052312490000040000030000000849000000084900000000000000000000000000090000000000510000
121919870005002001070523124900000000000000000000000000000000000000000000000849000000000000000000000000000000
07191988000000200107052312520000000000000000100000000000000000
091919880001002001070523125200000000000003120000010000000199000000000000000000000000000000000000000700000000000040000000000
11191988000200200107052312520000040000010000000199000000019900000000000000000000000000019900000000000000
121919880003002001070523125203060000000000000000000000000000000000000000000199000000000000000000000000000000
07191989000000200107052312530000000000000000100000000000000000
091919890001002001070523125300000000000002070014240000000711000000000000000000000000000000100000001990000000000010000000000
091919890002002001070523125300000000000001160004640000000092000000000000000000000000000000100000000670000000000020000000000
091919890003002001070523125300000000000002180000010000000599000000000000000000000000000000000000002990000000000010000000000
11191989000400200107052312530000040000030000001402000000140200000000000000000000000000140200000000000000
121919890005002001070523125303020000000000000000000000000000000000000000001402000000000000000000000000000000
07191990000000200107052312540000000000000000100000000000000000
091919900001002001070523125400000000000001150005180000000725000000000000000000000000000000100000001000000000000020000000000
11191990000200200107052312540000040000010000000725000000072500000000000000000000000000072500000000000000
121919900003002001070523125400000000000000000000000000000000000000000000000725000000000000000000000000000000
07191991000000200107052312540000000000000000100000000000000000
091919910001002001070523125400000000000002040002140000000043000000000000000000000000000000100000000500000000000010000000000
091919910002002001070523125400000000000002430002160000000151000000000000000000000000000000100000000000000000000010000000000
11191991000300200107052312540000040000020000000194000000019400000000000000000000000000019400000000000000
121919910004002001070523125400000000000000000000000000000000000000000000000194000000000000000000000000000000
07191992000000200107052312560000000000000000100000000000000000
091919920001002001070523125600000000000003010000010000001000000000000000000000000000000000000000006000000000000050000000000
11191992000200200107052312560000040000010000001000000000100000000000000000000000000000100000000000000000
121919920003002001070523125603020000000000000000000000000000000000000000001000000000000000000000000000000000
07191993000000200107052312570000000000000000100000000000000000
091919930001002001070523125700000000000001010010120000000556000000000000000000000000000000100000001400000000000020000000000
091919930002002001070523125700000000000002080013620000000680000000000000000000000000000000100000000500000000000010000000000
11191993000300200107052312570000040000020000001236000000123600000000000000000000000000123600000000000000
121919930004002001070523125703020000000000000000000000000000000000000000001236000000000000000000000000000000
07191994000000200107052313000000000000000000100000000000000000
091919940001002001070523130000000000000003050000010000000199000000000000000000000000000000000000000700000000000040000000000
091919940002002001070523130000000000000003070000010000000199000000000000000000000000000000000000000100000000000040000000000
091919940003002001070523130000000000000001080002420000000290000000000000000000000000000000100000001000000000000020000000000
091919940004002001070523130000000000000001040001780000000124000000000000000000000000000000100000002750000000000020000000000
091919940005002001070523130000000000000003030000010000000199000000000000000000000000000000000000000830000000000040000000000
11191994000600200107052313000000040000050000001011000000101100000000000000000000000000101100000000000000
121919940007002001070523130000000000000000000000000000000000000000000000001011000000000000000000000000000000
07191995000000200107052313030000000000000000100000000000000000
091919950001002001070523130300000000000003030000010000000199000000000000000000000000000000000000000830000000000040000000000
11191995000200200107052313030000040000010000000199000000019900000000000000000000000000019900000000000000
121919950003002001070523130303020000000000000000000000000000000000000000000199000000000000000000000000000000
07191996000000200107052313040000000000000000100000000000000000
091919960001002001070523130400000000000001060002120000000169000000000000000000000000000000100000001500000000000020000000000
091919960002002001070523130400000000000001110001940000000077000000000000000000000000000000100000000500000000000020000000000
11191996000300200107052313040000040000020000000246000000024600000000000000000000000000024600000000000000
121919960004002001070523130403020000000000000000000000000000000000000000000246000000000000000000000000000000
07191997000000200107052313060000000000000000100000000000000000
091919970001002001070523130600000000000001010010540000000579000000000000000000000000000000100000001400000000000020000000000
091919970002002001070523130600000000000001060004760000000380000000000000000000000000000000100000001500000000000020000000000
11191997000300200107052313060000040000020000000959000000095900000000000000000000000000095900000000000000
121919970004002001070523130603020000000000000000000000000000000000000000000959000000000000000000000000000000
07191998000000200107052313100000000000000000100000000000000000
091919980001002001070523131000000000000001010006500000000357000000000000000000000000000000100000001400000000000020000000000
091919980002002001070523131000000000000002180000010000000599000000000000000000000000000000000000002990000000000010000000000
091919980003002001070523131000000000000002080007160000000357000000000000000000000000000000100000000500000000000010000000000
091919980004002001070523131000000000000001040001520000000106000000000000000000000000000000100000002750000000000020000000000
11191998000500200107052313100000040000040000001419000000141900000000000000000000000000141900000000000000
121919980006002001070523131003020000000000000000000000000000000000000000001419000000000000000000000000000000
07191999000000200107052313130000000000000000100000000000000000
091919990001002001070523131300000000000001020013120000000458000000000000000000000000000000100000001200000000000020000000000
091919990002002001070523131300000000000001080006820000000818000000000000000000000000000000100000001000000000000020000000000
091919990003002001070523131300000000000003030000020000000398000000000000000000000000000000000000000830000000000040000000000
091919990004002001070523131300000000000003080000010000000199000000000000000000000000000000000000000700000000000040000000000
11191999000500200107052313130000040000040000001873000000187300000000000000000000000000187300000000000000
121919990006002001070523131303020000000000000000000000000000000000000000001873000000000000000000000000000000
07192000000000200107052313130000000000000000100000000000000000
091920000001002001070523131300000000000005330000010000000199I 0100000000000000000000000000000000001490000000000080000000000
091920000002002001070523131300000000000004020000030000000300I 0300000000000000000000000000000000000230000000000030000000000
11192000000300200107052313130000040000020000000499000000049900000000000000000000000000049900000000000000
121920000004002001070523131303020000000000000000000000000000000000000000000499000000000000000000000000000000
07192001000000200107052313150000000000000000100000000000000000
091920010001002001070523131500000000000003030000020000000398000000000000000000000000000000000000000830000000000040000000000
091920010002002001070523131500000000000003050000010000000199000000000000000000000000000000000000000700000000000040000000000
11192001000300200107052313150000040000020000000597000000059700000000000000000000000000059700000000000000
121920010004002001070523131503020000000000000000000000000000000000000000000597000000000000000000000000000000
07192002000000200107052313200000000000000000100000000000000000
091920020001002001070523132000000000000001130019780000000987000000000000000000000000000000100000001500000000000020000000000
091920020002002001070523132000000000000002080008400000000419000000000000000000000000000000100000000500000000000010000000000
091920020003002001070523132000000000000003120000010000000199000000000000000000000000000000000000000700000000000040000000000
091920020004002001070523132000000000000001090001580000000158000000000000000000000000000000100000001500000000000020000000000
091920020005002001070523132000000000000001040003100000000217000000000000000000000000000000100000002750000000000020000000000
091920020006002001070523132000000000000001070001920000000384000000000000000000000000000000100000010000000000000020000000000
091920020007002001070523132000000000000001080004080000000489000000000000000000000000000000100000001000000000000020000000000
091920020008002001070523132000000000000002070013620000000680000000000000000000000000000000100000001990000000000010000000000
091920020009002001070523132000000000000001080004140000000496000000000000000000000000000000100000001000000000000020000000000
091920020010002001070523132000000000000001020009500000000332000000000000000000000000000000100000001200000000000020000000000
091920020011002001070523132000000000000002150000020000000598000000000000000000000000000000000000000500000000000010000000000
091920020012002001070523132000000000000001090001660000000166000000000000000000000000000000100000001500000000000020000000000
091920020013002001070523132000000000000001040003040000000212000000000000000000000000000000100000002750000000000020000000000
091920020014002001070523132000000000000003200000010000002200000000000000000000000000000000000000000000000000000050000000000
091920020015002001070523132000000000000001070001980000000396000000000000000000000000000000100000010000000000000020000000000
11192002001600200107052313200000040000150000007933000000793300000000000000000000000000793300000000000000
121920020017002001070523132003060000000000000000000000000000000000000000007933000000000000000000000000000000
07192003000000200107052313220000000000000000100000000000000000
091920030001002001070523132200000000000003200000010000002200000000000000000000000000000000000000000000000000000050000000000
091920030002002001070523132200000000000002170000010000001199000000000000000000000000000000000000006500000000000010000000000
091920030003002001070523132200000000000002080005640000000281000000000000000000000000000000100000000500000000000010000000000
091920030004002001070523132200000000000001060004860000000388000000000000000000000000000000100000001500000000000020000000000
11192003000500200107052313220000040000040000004068000000406800000000000000000000000000406800000000000000
121920030006002001070523132203020000000000000000000000000000000000000000004068000000000000000000000000000000
14192004000000200107052313290000010000000000
18192004000100200107052313300300000120000000000000000000000001
07192005000000200107052313390000000000000000100000000000000000
091920050001002001070523133900000000000001080005340000000640000000000000000000000000000000100000001000000000000020000000000
091920050002002001070523133900000000000001310000010000000399000000000000000000000000000000000000002500000000000020000000000
11192005000300200107052313390000040000020000001039000000103900000000000000000000000000103900000000000000
121920050004002001070523133903020000000000000000000000000000000000000000001039000000000000000000000000000000
07192006000000200107052313500000000000000000100000000000000000
091920060001002001070523135000000000000002220000010000000399000000000000000000000000000000000000001500000000000010000000000
11192006000200200107052313500000040000010000000399000000039900000000000000000000000000039900000000000000
121920060003002001070523135000000000000000000000000000000000000000000000000399000000000000000000000000000000
07192007000000200107052314030000000000000000100000000000000000
091920070001002001070523140300000000000002070008240000000411000000000000000000000000000000100000001990000000000010000000000
091920070002002001070523140300000000000002150000010000000299000000000000000000000000000000000000000500000000000010000000000
091920070003002001070523140300000000000002260003860000000386000000000000000000000000000000100000003000000000000010000000000
091920070004002001070523140300000000000002320000010000000799000000000000000000000000000000000000000500000000000010000000000
091920070005002001070523140300000000000001070001240000000248000000000000000000000000000000100000010000000000000020000000000
11192007000600200107052314030000040000050000002143000000214300000000000000000000000000214300000000000000
121920070007002001070523140300000000000000000000000000000000000000000000002143000000000000000000000000000000
07192008000000200107052314070000000000000000100000000000000000
091920080001002001070523140700000000000003030000010000000199000000000000000000000000000000000000000830000000000040000000000
091920080002002001070523140700000000000005020000040000000400I 0000000000000000000000000000000000000100000000000020000000000
091920080003002001070523140700000000000002070010440000000521000000000000000000000000000000100000001990000000000010000000000
091920080004002001070523140700000000000001080006080000000729000000000000000000000000000000100000001000000000000020000000000
091920080005002001070523140700000000000001040003120000000218000000000000000000000000000000100000002750000000000020000000000
091920080006002001070523140700000000000001090001100000000110000000000000000000000000000000100000001500000000000020000000000
091920080007002001070523140700000000000002260008440000000843000000000000000000000000000000100000003000000000000010000000000
11192008000800200107052314070000040000070000003020000000302000000000000000000000000000302000000000000000
121920080009002001070523140700000000000000000000000000000000000000000000003020000000000000000000000000000000
0419200900000020010705231410000001191848192009000002051363960000020531855307052300001804280000000000000000000000000000000001000000000000000000000000000000000000000000000000000000000000000000000000000000001234567890AB        
