01196294000000200106062307060000010000004500000002098972081.82G5E   1234567890AB        Generica            
02196294000100200106062307060000010000070000000000
07196295000000200106062307160000000000000000100000000000000000
091962950001002001060623071600000000000002480004500000000180000000000000000000000000000000100000002000000000000050000000000
11196295000200200106062307160000070000010000000180000000018000000000000000000000000000020000000000200000
121962950003002001060623071600000000000000000000000000000000000000000000000180000000000000000000000000000000
07196296000000200106062307200000000000000000100000000000000000
091962960001002001060623072000000000000001050003200000000128000000000000000000000000000000100000002000000000000020000000000
091962960002002001060623072000000000000005250000010000000399I 0100000000000000000000000000000000002990000000000080000000000
091962960003002001060623072000000000000001100014880000000371000000000000000000000000000000100000000500000000000020000000000
091962960004002001060623072000000000000002480006960000000278000000000000000000000000000000100000002000000000000050000000000
11196296000500200106062307200000070000040000001176000000117600000000000000000000000000520000000040240000
121962960006002001060623072000000000000000000000000000000000000000000000001176000000000000000000000000000000
18196296000700200106062307230800000010000000000000000000000001
07196297000000200106062307520000000000000000100000000000000000
091962970001002001060623075200000000000005110000050000007495I 0100000000000000000000000000000000000000000000000050000000000
091962970002002001060623075200000000000003010000010000001200000000000000000000000000000000000000006000000000000050000000000
11196297000300200106062307520000070000020000008695000000869500000000000000000000000000869500000000000000
121962970004002001060623075203020000000000000000000000000000000000000000008695000000000000000000000000000000
07196298000000200106062307540000000000000000100000000000000000
091962980001002001060623075400000000000003190000010000000600000000000000000000000000000000000000002000000000000050000000000
091962980002002001060623075400000000000002150000010000000399000000000000000000000000000000000000000500000000000010000000000
091962980003002001060623075400000000000002150000010000000399000000000000000000000000000000000000000500000000000010000000000
091962980004002001060623075400000000000002150000010000000399000000000000000000000000000000000000000500000000000010000000000
11196298000500200106062307540000070000040000001797000000179700000000000000000000000000179700000000000000
121962980006002001060623075403030000000000000000000000000000000000000000001797000000000000000000000000000000
07196299000000200106062307550000000000000000100000000000000000
091962990001002001060623075500000000000001010069750000002783000000000000000000000000000000100000001400000000000020000000000
11196299000200200106062307550000070000010000002783000000278300000000000000000000000000278300000000000000
121962990003002001060623075503030000000000000000000000000000000000000000002783000000000000000000000000000000
07196300000000200106062308040000000000000000100000000000000000
091963000001002001060623080400000000000001110003480000000139000000000000000000000000000000100000000500000000000020000000000
091963000002002001060623080400000000000001100004600000000115000000000000000000000000000000100000000500000000000020000000000
091963000003002001060623080400000000000001080006820000000681000000000000000000000000000000100000001000000000000020000000000
11196300000400200106062308040000070000030000000935000000093500000000000000000000000000100000000000650000
121963000005002001060623080400000000000000000000000000000000000000000000000935000000000000000000000000000000
07196301000000200106062308060000000000000000100000000000000000
091963010001002001060623080600000000000001160007340000000183000000000000000000000000000000100000000670000000000020000000000
091963010002002001060623080600000000000001010008920000000356000000000000000000000000000000100000001400000000000020000000000
091963010003002001060623080600000000000001150002820000000423000000000000000000000000000000100000001000000000000020000000000
091963010004002001060623080600000000000001080003840000000384000000000000000000000000000000100000001000000000000020000000000
11196301000500200106062308060000070000040000001346000000134600000000000000000000000000500000000036540000
121963010006002001060623080600000000000000000000000000000000000000000000001346000000000000000000000000000000
07196302000000200106062308210000000000000000100000000000000000
091963020001002001060623082100000000000003120000010000000199000000000000000000000000000000000000000700000000000040000000000
11196302000200200106062308210000070000010000000199000000019900000000000000000000000000019900000000000000
121963020003002001060623082100000000000000000000000000000000000000000000000199000000000000000000000000000000
07196303000000200106062308220000000000000000100000000000000000
091963030001002001060623082200000000000001020004460000000133000000000000000000000000000000100000001200000000000020000000000
11196303000200200106062308220000070000010000000133000000013300000000000000000000000000013300000000000000
121963030003002001060623082200000000000000000000000000000000000000000000000133000000000000000000000000000000
07196304000000200106062308240000000000000000100000000000000000
091963040001002001060623082400000000000001220005540000000276000000000000000000000000000000100000001500000000000020000000000
091963040002002001060623082400000000000001040003880000000271000000000000000000000000000000100000002750000000000020000000000
091963040003002001060623082400000000000001090002560000000205000000000000000000000000000000100000001500000000000020000000000
091963040004002001060623082400000000000001080005340000000533000000000000000000000000000000100000001000000000000020000000000
11196304000500200106062308240000070000040000001285000000128500000000000000000000000000200000000007150000
121963040006002001060623082400000000000000000000000000000000000000000000001285000000000000000000000000000000
07196305000000200106062308330000000000000000100000000000000000
091963050001002001060623083300000000000001010003040000000121000000000000000000000000000000100000001400000000000020000000000
091963050002002001060623083300000000000001060002260000000158000000000000000000000000000000100000001500000000000020000000000
091963050003002001060623083300000000000001100007040000000175000000000000000000000000000000100000000500000000000020000000000
091963050004002001060623083300000000000003120000010000000199000000000000000000000000000000000000000700000000000040000000000
11196305000500200106062308330000070000040000000653000000065300000000000000000000000000100000000003470000
121963050006002001060623083300000000000000000000000000000000000000000000000653000000000000000000000000000000
07196306000000200106062308350000000000000000100000000000000000
091963060001002001060623083500000000000003120000060000001194000000000000000000000000000000000000000700000000000040000000000
11196306000200200106062308350000070000010000001194000000119400000000000000000000000000119400000000000000
121963060003002001060623083503020000000000000000000000000000000000000000001194000000000000000000000000000000
07196307000000200106062308370000000000000000100000000000000000
091963070001002001060623083700000000000005020000010000000099I 0000000000000000000000000000000000000100000000000060000000000
091963070002002001060623083700000000000005020000010000000099I 0000000000000000000000000000000000000100000000000060000000000
091963070003002001060623083700000000000005020000010000000099I 0000000000000000000000000000000000000100000000000060000000000
11196307000400200106062308370000070000030000000297000000029700000000000000000000000000029700000000000000
121963070005002001060623083703030000000000000000000000000000000000000000000297000000000000000000000000000000
07196308000000200106062308530000000000000000100000000000000000
091963080001002001060623085300000000000003040000010000000199000000000000000000000000000000000000000700000000000040000000000
11196308000200200106062308530000070000010000000199000000019900000000000000000000000000019900000000000000
121963080003002001060623085300000000000000000000000000000000000000000000000199000000000000000000000000000000
07196309000000200106062308590000000000000000100000000000000000
091963090001002001060623085900000000000003120000010000000199000000000000000000000000000000000000000700000000000040000000000
091963090002002001060623085900000000000003120000010000000199000000000000000000000000000000000000000700000000000040000000000
11196309000300200106062308590000070000020000000398000000039800000000000000000000000000039800000000000000
121963090004002001060623085903030000000000000000000000000000000000000000000398000000000000000000000000000000
07196310000000200106062309010000000000000000100000000000000000
091963100001002001060623090100000000000003050000010000000199000000000000000000000000000000000000000700000000000040000000000
091963100002002001060623090100000000000003030000010000000199000000000000000000000000000000000000000830000000000040000000000
11196310000300200106062309010000070000020000000398000000039800000000000000000000000000200000000016020000
121963100004002001060623090100000000000000000000000000000000000000000000000398000000000000000000000000000000
07196311000000200106062309070000000000000000100000000000000000
091963110001002001060623090700000000000003050000010000000199000000000000000000000000000000000000000700000000000040000000000
091963110002002001060623090700000000000003040000010000000199000000000000000000000000000000000000000700000000000040000000000
11196311000300200106062309070000070000020000000398000000039800000000000000000000000000039800000000000000
121963110004002001060623090703020000000000000000000000000000000000000000000398000000000000000000000000000000
07196312000000200106062309100000000000000000100000000000000000
091963120001002001060623091000000000000001220002460000000123000000000000000000000000000000100000001500000000000020000000000
11196312000200200106062309100000070000010000000123000000012300000000000000000000000000012300000000000000
121963120003002001060623091000000000000000000000000000000000000000000000000123000000000000000000000000000000
07196313000000200106062309160000000000000000100000000000000000
091963130001002001060623091600000000000001130022180000000885000000000000000000000000000000100000001500000000000020000000000
091963130002002001060623091600000000000002040006420000000096000000000000000000000000000000100000000500000000000010000000000
091963130003002001060623091600000000000001090004560000000364000000000000000000000000000000100000001500000000000020000000000
091963130004002001060623091600000000000001060008120000000568000000000000000000000000000000100000001500000000000020000000000
091963130005002001060623091600000000000001020013360000000399000000000000000000000000000000100000001200000000000020000000000
091963130006002001060623091600000000000001160005860000000146000000000000000000000000000000100000000670000000000020000000000
091963130007002001060623091600000000000001250008300000000165I 0000000000000000000000000000100000000530000000000020000000000
091963130008002001060623091600000000000001140004800000000432000000000000000000000000000000100000000500000000000020000000000
091963130009002001060623091600000000000002150000010000000399000000000000000000000000000000000000000500000000000010000000000
091963130010002001060623091600000000000003030000010000000199000000000000000000000000000000000000000830000000000040000000000
091963130011002001060623091600000000000002430012340000000616000000000000000000000000000000100000000000000000000010000000000
11196313001200200106062309160000070000110000004269000000426900000000000000000000000000500000000007310000
121963130013002001060623091600000000000000000000000000000000000000000000004269000000000000000000000000000000
07196314000000200106062309180000000000000000100000000000000000
091963140001002001060623091800000000000001020021560000000645000000000000000000000000000000100000001200000000000020000000000
091963140002002001060623091800000000000001020016000000000478000000000000000000000000000000100000001200000000000020000000000
091963140003002001060623091800000000000002140009540000000762000000000000000000000000000000100000001990000000000010000000000
11196314000400200106062309180000070000030000001885000000188500000000000000000000000000500000000031150000
121963140005002001060623091800000000000000000000000000000000000000000000001885000000000000000000000000000000
07196315000000200106062309210000000000000000100000000000000000
091963150001002001060623092100000000000001010005940000000237000000000000000000000000000000100000001400000000000020000000000
11196315000200200106062309210000070000010000000237000000023700000000000000000000000000023700000000000000
121963150003002001060623092100000000000000000000000000000000000000000000000237000000000000000000000000000000
07196316000000200106062309230000000000000000100000000000000000
091963160001002001060623092300000000000001260003460000000276000000000000000000000000000000100000000500000000000020000000000
11196316000200200106062309230000070000010000000276000000027600000000000000000000000000027600000000000000
121963160003002001060623092300000000000000000000000000000000000000000000000276000000000000000000000000000000
07196317000000200106062309250000000000000000100000000000000000
091963170001002001060623092500000000000001040001380000000096000000000000000000000000000000100000002750000000000020000000000
11196317000200200106062309250000070000010000000096000000009600000000000000000000000000020000000001040000
121963170003002001060623092500000000000000000000000000000000000000000000000096000000000000000000000000000000
07196318000000200106062309260000000000000000100000000000000000
091963180001002001060623092600000000000002020009800000000685000000000000000000000000000000100000001990000000000010000000000
091963180002002001060623092600000000000002140007420000000593000000000000000000000000000000100000001990000000000010000000000
091963180003002001060623092600000000000003010000010000001200000000000000000000000000000000000000006000000000000050000000000
11196318000400200106062309260000070000030000002478000000247800000000000000000000000000247800000000000000
121963180005002001060623092602010000000000000000000000000000000000200000002478000000000000000000000000000000
101963180006002001060623092601000000000000002000000024780000000000000028000007
07196319000000200106062309270000000000000000100000000000000000
091963190001002001060623092700000000000001250006720000000134I 0000000000000000000000000000100000000530000000000020000000000
091963190002002001060623092700000000000001010006360000000254000000000000000000000000000000100000001400000000000020000000000
091963190003002001060623092700000000000001060003940000000275000000000000000000000000000000100000001500000000000020000000000
11196319000400200106062309270000070000030000000663000000066300000000000000000000000000200000000013370000
121963190005002001060623092700000000000000000000000000000000000000000000000663000000000000000000000000000000
07196320000000200106062309380000000000000000100000000000000000
091963200001002001060623093800000000000002150000010000000399000000000000000000000000000000000000000500000000000010000000000
11196320000200200106062309380000070000010000000399000000039900000000000000000000000000039900000000000000
121963200003002001060623093803030000000000000000000000000000000000000000000399000000000000000000000000000000
07196321000000200106062309410000000000000000100000000000000000
091963210001002001060623094100000000000003200000010000002500000000000000000000000000000000000000000000000000000050000000000
11196321000200200106062309410000070000010000002500000000250000000000000000000000000000250000000000000000
121963210003002001060623094103030000000000000000000000000000000000000000002500000000000000000000000000000000
07196322000000200106062309450000000000000000100000000000000000
091963220001002001060623094500000000000005020000010000000099I 0000000000000000000000000000000000000100000000000060000000000
091963220002002001060623094500000000000005020000010000000099I 0000000000000000000000000000000000000100000000000060000000000
11196322000300200106062309450000070000020000000198000000019800000000000000000000000000050000000003020000
121963220004002001060623094500000000000000000000000000000000000000000000000198000000000000000000000000000000
07196323000000200106062309520000000000000000100000000000000000
091963230001002001060623095200000000000001010007560000000302000000000000000000000000000000100000001400000000000020000000000
11196323000200200106062309520000070000010000000302000000030200000000000000000000000000040000000000980000
121963230003002001060623095200000000000000000000000000000000000000000000000302000000000000000000000000000000
07196324000000200106062309530000000000000000100000000000000000
091963240001002001060623095300000000000005020000010000000099I 0000000000000000000000000000000000000100000000000060000000000
091963240002002001060623095300000000000005020000010000000099I 0000000000000000000000000000000000000100000000000060000000000
091963240003002001060623095300000000000005020000010000000099I 0000000000000000000000000000000000000100000000000060000000000
11196324000400200106062309530000070000030000000297000000029700000000000000000000000000040000000001030000
121963240005002001060623095300000000000000000000000000000000000000000000000297000000000000000000000000000000
07196325000000200106062309550000000000000000100000000000000000
091963250001002001060623095500000000000002480017780000000709000000000000000000000000000000100000002000000000000050000000000
11196325000200200106062309550000070000010000000709000000070900000000000000000000000000070900000000000000
121963250003002001060623095503030000000000000000000000000000000000000000000709000000000000000000000000000000
07196326000000200106062309580000000000000000100000000000000000
091963260001002001060623095800000000000002230002860000000572000000000000000000000000000000100000004980000000000010000000000
091963260002002001060623095800000000000001170005380000000322000000000000000000000000000000100000001430000000000020000000000
091963260003002001060623095800000000000001250006120000000122I 0000000000000000000000000000100000000530000000000020000000000
11196326000400200106062309580000070000030000001016000000101600000000000000000000000000500000000039840000
121963260005002001060623095800000000000000000000000000000000000000000000001016000000000000000000000000000000
07196327000000200106062309590000000000000000100000000000000000
091963270001002001060623095900000000000003040000010000000199000000000000000000000000000000000000000700000000000040000000000
11196327000200200106062309590000070000010000000199000000019900000000000000000000000000019900000000000000
121963270003002001060623095900000000000000000000000000000000000000000000000199000000000000000000000000000000
07196328000000200106062310120000000000000000100000000000000000
091963280001002001060623101200000000000005250000010000000399I 0100000000000000000000000000000000002990000000000080000000000
091963280002002001060623101200000000000005250000010000000399I 0100000000000000000000000000000000002990000000000080000000000
091963280003002001060623101200000000000005250000010000000399I 0100000000000000000000000000000000002990000000000080000000000
091963280004002001060623101200000000000005250000010000000399I 0100000000000000000000000000000000002990000000000080000000000
091963280005002001060623101200000000000005250000010000000399I 0100000000000000000000000000000000002990000000000080000000000
091963280006002001060623101200000000000004020000010000000100I 0300000000000000000000000000000000000230000000000030000000000
091963280007002001060623101200000000000004020000010000000100I 0300000000000000000000000000000000000230000000000030000000000
091963280008002001060623101200000000000001160003020000000075000000000000000000000000000000100000000670000000000020000000000
11196328000900200106062310120000070000080000002270000000227000000000000000000000000000227000000000000000
121963280010002001060623101200000000000000000000000000000000000000000000002270000000000000000000000000000000
14196329000000200106062310130000010000000000
07196330000000200106062310140000000000000000100000000000000000
091963300001002001060623101400000000000001070002160000000432000000000000000000000000000000100000010000000000000020000000000
11196330000200200106062310140000070000010000000432000000043200000000000000000000000000050000000000680000
121963300003002001060623101400000000000000000000000000000000000000000000000432000000000000000000000000000000
07196331000000200106062310200000000000000000100000000000000000
091963310001002001060623102000000000000002150000010000000399000000000000000000000000000000000000000500000000000010000000000
11196331000200200106062310200000070000010000000399000000039900000000000000000000000000039900000000000000
121963310003002001060623102000000000000000000000000000000000000000000000000399000000000000000000000000000000
07196332000000200106062310420000000000000000100000000000000000
091963320001002001060623104200000000000001070000720000000144000000000000000000000000000000100000010000000000000020000000000
11196332000200200106062310420000070000010000000144000000014400000000000000000000000000020000000000560000
121963320003002001060623104200000000000000000000000000000000000000000000000144000000000000000000000000000000
07196333000000200106062310500000000000000000100000000000000000
091963330001002001060623105000000000000001020069850000002089000000000000000000000000000000100000001200000000000020000000000
091963330002002001060623105000000000000001020041400000001238000000000000000000000000000000100000001200000000000020000000000
091963330003002001060623105000000000000001160013460000000335000000000000000000000000000000100000000670000000000020000000000
11196333000400200106062310500000070000030000003662000000366200000000000000000000000000370000000000380000
121963330005002001060623105000000000000000000000000000000000000000000000003662000000000000000000000000000000
07196334000000200106062310560000000000000000100000000000000000
091963340001002001060623105600000000000003030000010000000199000000000000000000000000000000000000000830000000000040000000000
11196334000200200106062310560000070000010000000199000000019900000000000000000000000000019900000000000000
121963340003002001060623105600000000000000000000000000000000000000000000000199000000000000000000000000000000
07196335000000200106062310560000000000000000100000000000000000
091963350001002001060623105600000000000001070003440000000688000000000000000000000000000000100000010000000000000020000000000
11196335000200200106062310560000070000010000000688000000068800000000000000000000000000100000000003120000
121963350003002001060623105600000000000000000000000000000000000000000000000688000000000000000000000000000000
07196336000000200106062310570000000000000000100000000000000000
091963360001002001060623105700000000000001270005720000000285000000000000000000000000000000100000000250000000000020000000000
091963360002002001060623105700000000000002150000010000000399000000000000000000000000000000000000000500000000000010000000000
091963360003002001060623105700000000000002150000010000000399000000000000000000000000000000000000000500000000000010000000000
091963360004002001060623105700000000000002150000010000000399000000000000000000000000000000000000000500000000000010000000000
11196336000500200106062310570000070000040000001482000000148200000000000000000000000000200000000005180000
121963360006002001060623105700000000000000000000000000000000000000000000001482000000000000000000000000000000
07196337000000200106062311040000000000000000100000000000000000
091963370001002001060623110400000000000002290000010000000699000000000000000000000000000000000000002500000000000010000000000
091963370002002001060623110400000000000002040002820000000042000000000000000000000000000000100000000500000000000010000000000
11196337000300200106062311040000070000020000000741000000074100000000000000000000000000100000000002590000
121963370004002001060623110400000000000000000000000000000000000000000000000741000000000000000000000000000000
07196338000000200106062311060000000000000000100000000000000000
091963380001002001060623110600000000000001020005340000000160000000000000000000000000000000100000001200000000000020000000000
11196338000200200106062311060000070000010000000160000000016000000000000000000000000000020000000000400000
121963380003002001060623110600000000000000000000000000000000000000000000000160000000000000000000000000000000
07196339000000200106062311110000000000000000100000000000000000
091963390001002001060623111100000000000002020008060000000563000000000000000000000000000000100000001990000000000010000000000
091963390002002001060623111100000000000001140002860000000257000000000000000000000000000000100000000500000000000020000000000
091963390003002001060623111100000000000002070011700000000584000000000000000000000000000000100000001990000000000010000000000
091963390004002001060623111100000000000002430009820000000490000000000000000000000000000000100000000000000000000010000000000
11196339000500200106062311110000070000040000001894000000189400000000000000000000000000200000000001060000
121963390006002001060623111100000000000000000000000000000000000000000000001894000000000000000000000000000000
07196340000000200106062311120000000000000000100000000000000000
091963400001002001060623111200000000000001220029900000001492000000000000000000000000000000100000001500000000000020000000000
11196340000200200106062311120000070000010000001492000000149200000000000000000000000000149200000000000000
121963400003002001060623111203030000000000000000000000000000000000000000001492000000000000000000000000000000
07196341000000200106062311120000000000000000100000000000000000
091963410001002001060623111200000000000001040001940000000136000000000000000000000000000000100000002750000000000020000000000
11196341000200200106062311120000070000010000000136000000013600000000000000000000000000100000000008640000
121963410003002001060623111200000000000000000000000000000000000000000000000136000000000000000000000000000000
07196342000000200106062311150000000000000000100000000000000000
091963420001002001060623111500000000000003030000010000000199000000000000000000000000000000000000000830000000000040000000000
091963420002002001060623111500000000000001080003880000000388000000000000000000000000000000100000001000000000000020000000000
091963420003002001060623111500000000000002480005420000000216000000000000000000000000000000100000002000000000000050000000000
091963420004002001060623111500000000000002150000010000000399000000000000000000000000000000000000000500000000000010000000000
091963420005002001060623111500000000000002150000010000000399000000000000000000000000000000000000000500000000000010000000000
091963420006002001060623111500000000000002150000010000000399000000000000000000000000000000000000000500000000000010000000000
091963420007002001060623111500000000000003010000010000001200000000000000000000000000000000000000006000000000000050000000000
11196342000800200106062311150000070000070000003200000000320000000000000000000000000000320000000000000000
121963420009002001060623111503010000000000000000000000000000000000000000001000000000000000000000000000000000
121963420010002001060623111500000000000000000000000000000000000000000000002200000000000000000000000000000000
14196343000000200106062311180000010000000000
07196344000000200106062311210000000000000000100000000000000000
091963440001002001060623112100000000000001130018220000000727000000000000000000000000000000100000001500000000000020000000000
091963440002002001060623112100000000000001240002620000000262000000000000000000000000000000100000001670000000000020000000000
091963440003002001060623112100000000000001060002220000000155000000000000000000000000000000100000001500000000000020000000000
11196344000400200106062311210000070000030000001144000000114400000000000000000000000000114400000000000000
121963440005002001060623112100000000000000000000000000000000000000000000001144000000000000000000000000000000
07196345000000200106062311250000000000000000100000000000000000
091963450001002001060623112500000000000002030012500000000874000000000000000000000000000000100000002990000000000010000000000
091963450002002001060623112500000000000002070006140000000306000000000000000000000000000000100000001990000000000010000000000
091963450003002001060623112500000000000001080004000000000400000000000000000000000000000000100000001000000000000020000000000
11196345000400200106062311250000070000030000001580000000158000000000000000000000000000200000000004200000
121963450005002001060623112500000000000000000000000000000000000000000000001580000000000000000000000000000000
07196346000000200106062311260000000000000000100000000000000000
091963460001002001060623112600000000000005110000010000001499I 0100000000000000000000000000000000000000000000000050000000000
11196346000200200106062311260000070000010000001499000000149900000000000000000000000000149900000000000000
121963460003002001060623112602010000000000000000000000000000000000200000001499000000000000000000000000000000
101963460004002001060623112601000000000000002000000014990000000000000029000007
07196347000000200106062311310000000000000000100000000000000000
091963470001002001060623113100000000000001080002780000000278000000000000000000000000000000100000001000000000000020000000000
091963470002002001060623113100000000000001060002840000000199000000000000000000000000000000100000001500000000000020000000000
091963470003002001060623113100000000000001110003920000000156000000000000000000000000000000100000000500000000000020000000000
091963470004002001060623113100000000000003050000010000000199000000000000000000000000000000000000000700000000000040000000000
11196347000500200106062311310000070000040000000832000000083200000000000000000000000000083200000000000000
121963470006002001060623113103100000000000000000000000000000000000000000000832000000000000000000000000000000
07196348000000200106062311310000000000000000100000000000000000
091963480001002001060623113100000000000005250000010000000399I 0100000000000000000000000000000000002990000000000080000000000
11196348000200200106062311310000070000010000000399000000039900000000000000000000000000039900000000000000
121963480003002001060623113100000000000000000000000000000000000000000000000399000000000000000000000000000000
07196349000000200106062311330000000000000000100000000000000000
091963490001002001060623113300000000000001080004340000000434000000000000000000000000000000100000001000000000000020000000000
091963490002002001060623113300000000000003030000010000000199000000000000000000000000000000000000000830000000000040000000000
091963490003002001060623113300000000000003050000010000000199000000000000000000000000000000000000000700000000000040000000000
091963490004002001060623113300000000000003050000010000000199000000000000000000000000000000000000000700000000000040000000000
091963490005002001060623113300000000000003050000010000000199000000000000000000000000000000000000000700000000000040000000000
11196349000600200106062311330000070000050000001230000000123000000000000000000000000000225000000010200000
121963490007002001060623113300000000000000000000000000000000000000000000001230000000000000000000000000000000
07196350000000200106062311390000000000000000100000000000000000
091963500001002001060623113900000000000001100006840000000170000000000000000000000000000000100000000500000000000020000000000
091963500002002001060623113900000000000001270004740000000237000000000000000000000000000000100000000250000000000020000000000
091963500003002001060623113900000000000001140002980000000268000000000000000000000000000000100000000500000000000020000000000
091963500004002001060623113900000000000001060004560000000319000000000000000000000000000000100000001500000000000020000000000
091963500005002001060623113900000000000003040000010000000199000000000000000000000000000000000000000700000000000040000000000
091963500006002001060623113900000000000001040003280000000229000000000000000000000000000000100000002750000000000020000000000
091963500007002001060623113900000000000001070001080000000216000000000000000000000000000000100000010000000000000020000000000
091963500008002001060623113900000000000001250008500000000169I 0000000000000000000000000000100000000530000000000020000000000
091963500009002001060623113900000000000001080006220000000621000000000000000000000000000000100000001000000000000020000000000
11196350001000200106062311390000070000090000002428000000242800000000000000000000000000242800000000000000
121963500011002001060623113900000000000000000000000000000000000000000000002428000000000000000000000000000000
07196351000000200106062311400000000000000000100000000000000000
091963510001002001060623114000000000000002130020240000000808000000000000000000000000000000100000001400000000000010000000000
11196351000200200106062311400000070000010000000808000000080800000000000000000000000000100000000001920000
121963510003002001060623114000000000000000000000000000000000000000000000000808000000000000000000000000000000
07196352000000200106062311510000000000000000100000000000000000
091963520001002001060623115100000000000002280006380000000446000000000000000000000000000000100000001000000000000010000000000
091963520002002001060623115100000000000001060004020000000281000000000000000000000000000000100000001500000000000020000000000
091963520003002001060623115100000000000001010011260000000562000000000000000000000000000000100000001400000000000020000000000
091963520004002001060623115100000000000004020000010000000100I 0300000000000000000000000000000000000230000000000030000000000
091963520005002001060623115100000000000004020000010000000100I 0300000000000000000000000000000000000230000000000030000000000
11196352000600200106062311510000070000050000001489000000148900000000000000000000000000148900000000000000
121963520007002001060623115103010000000000000000000000000000000000000000001489000000000000000000000000000000
07196353000000200106062311520000000000000000100000000000000000
091963530001002001060623115200000000000002280012900000000902000000000000000000000000000000100000001000000000000010000000000
091963530002002001060623115200000000000005120000010000001000I 0100000000000000000000000000000000000000000000000050000000000
11196353000300200106062311520000070000020000001902000000190200000000000000000000000000200000000000980000
121963530004002001060623115200000000000000000000000000000000000000000000001902000000000000000000000000000000
07196354000000200106062311530000000000000000100000000000000000
091963540001002001060623115300000000000001010009380000000468000000000000000000000000000000100000001400000000000020000000000
11196354000200200106062311530000070000010000000468000000046800000000000000000000000000046800000000000000
121963540003002001060623115303050000000000000000000000000000000000000000000468000000000000000000000000000000
07196355000000200106062311550000000000000000100000000000000000
091963550001002001060623115500000000000001070001700000000340000000000000000000000000000000100000010000000000000020000000000
091963550002002001060623115500000000000001080009820000000981000000000000000000000000000000100000001000000000000020000000000
091963550003002001060623115500000000000001040002880000000201000000000000000000000000000000100000002750000000000020000000000
091963550004002001060623115500000000000001120011920000000833000000000000000000000000000000100000001000000000000020000000000
091963550005002001060623115500000000000002070015840000000790000000000000000000000000000000100000001990000000000010000000000
11196355000600200106062311550000070000050000003145000000314500000000000000000000000000320000000000550000
121963550007002001060623115500000000000000000000000000000000000000000000003145000000000000000000000000000000
07196356000000200106062311560000000000000000100000000000000000
091963560001002001060623115600000000000001340000010000000249000000000000000000000000000000000000000200000000000020000000000
091963560002002001060623115600000000000001340000010000000249000000000000000000000000000000000000000200000000000020000000000
091963560003002001060623115600000000000001340000010000000249000000000000000000000000000000000000000200000000000020000000000
11196356000400200106062311560000070000030000000747000000074700000000000000000000000000074700000000000000
121963560005002001060623115600000000000000000000000000000000000000000000000747000000000000000000000000000000
07196357000000200106062312040000000000000000100000000000000000
091963570001002001060623120400000000000002070010820000000540000000000000000000000000000000100000001990000000000010000000000
091963570002002001060623120400000000000002050010000000000399000000000000000000000000000000100000000890000000000010000000000
11196357000300200106062312040000070000020000000939000000093900000000000000000000000000093900000000000000
121963570004002001060623120400000000000000000000000000000000000000000000000939000000000000000000000000000000
07196358000000200106062312110000000000000000100000000000000000
091963580001002001060623121100000000000001090002040000000163000000000000000000000000000000100000001500000000000020000000000
091963580002002001060623121100000000000001060001960000000137000000000000000000000000000000100000001500000000000020000000000
11196358000300200106062312110000070000020000000300000000030000000000000000000000000000030000000000000000
121963580004002001060623121103030000000000000000000000000000000000000000000300000000000000000000000000000000
07196359000000200106062312170000000000000000100000000000000000
091963590001002001060623121700000000000002050010520000000420000000000000000000000000000000100000000890000000000010000000000
11196359000200200106062312170000070000010000000420000000042000000000000000000000000000042000000000000000
121963590003002001060623121703020000000000000000000000000000000000000000000420000000000000000000000000000000
07196360000000200106062312170000000000000000100000000000000000
091963600001002001060623121700000000000001230000440000000040000000000000000000000000000000100000008750000000000020000000000
11196360000200200106062312170000070000010000000040000000004000000000000000000000000000004000000000000000
121963600003002001060623121700000000000000000000000000000000000000000000000040000000000000000000000000000000
07196361000000200106062312330000000000000000100000000000000000
091963610001002001060623123300000000000001010015420000000769000000000000000000000000000000100000001400000000000020000000000
091963610002002001060623123300000000000003070000010000000199000000000000000000000000000000000000000100000000000040000000000
091963610003002001060623123300000000000003030000010000000199000000000000000000000000000000000000000830000000000040000000000
11196361000400200106062312330000070000030000001167000000116700000000000000000000000000116700000000000000
121963610005002001060623123303030000000000000000000000000000000000000000001167000000000000000000000000000000
07196362000000200106062312350000000000000000100000000000000000
091963620001002001060623123500000000000003070000010000000199000000000000000000000000000000000000000100000000000040000000000
11196362000200200106062312350000070000010000000199000000019900000000000000000000000000019900000000000000
121963620003002001060623123500000000000000000000000000000000000000000000000199000000000000000000000000000000
07196363000000200106062312400000000000000000100000000000000000
091963630001002001060623124000000000000002120008560000000684000000000000000000000000000000100000002250000000000010000000000
091963630002002001060623124000000000000002130009780000000390000000000000000000000000000000100000001400000000000010000000000
11196363000300200106062312400000070000020000001074000000107400000000000000000000000000120000000001260000
121963630004002001060623124000000000000000000000000000000000000000000000001074000000000000000000000000000000
07196364000000200106062312450000000000000000100000000000000000
091963640001002001060623124500000000000001080002400000000240000000000000000000000000000000100000001000000000000020000000000
091963640002002001060623124500000000000003010000010000001200000000000000000000000000000000000000006000000000000050000000000
11196364000300200106062312450000070000020000001440000000144000000000000000000000000000144000000000000000
121963640004002001060623124503020000000000000000000000000000000000000000001440000000000000000000000000000000
07196365000000200106062312460000000000000000100000000000000000
091963650001002001060623124600000000000005020000010000000099I 0000000000000000000000000000000000000100000000000060000000000
11196365000200200106062312460000070000010000000099000000009900000000000000000000000000009900000000000000
121963650003002001060623124600000000000000000000000000000000000000000000000099000000000000000000000000000000
07196366000000200106062312500000000000000000100000000000000000
091963660001002001060623125000000000000001050002100000000084000000000000000000000000000000100000002000000000000020000000000
11196366000200200106062312500000070000010000000084000000008400000000000000000000000000020000000001160000
121963660003002001060623125000000000000000000000000000000000000000000000000084000000000000000000000000000000
07196367000000200106062312540000000000000000100000000000000000
091963670001002001060623125400000000000001020008600000000257000000000000000000000000000000100000001200000000000020000000000
11196367000200200106062312540000070000010000000257000000025700000000000000000000000000050000000002430000
121963670003002001060623125400000000000000000000000000000000000000000000000257000000000000000000000000000000
07196368000000200106062313000000000000000000100000000000000000
091963680001002001060623130000000000000001080004980000000498000000000000000000000000000000100000001000000000000020000000000
091963680002002001060623130000000000000001040003080000000215000000000000000000000000000000100000002750000000000020000000000
11196368000300200106062313000000070000020000000713000000071300000000000000000000000000071300000000000000
121963680004002001060623130003100000000000000000000000000000000000000000000713000000000000000000000000000000
07196369000000200106062313070000000000000000100000000000000000
091963690001002001060623130700000000000001020012320000000368000000000000000000000000000000100000001200000000000020000000000
11196369000200200106062313070000070000010000000368000000036800000000000000000000000000036800000000000000
121963690003002001060623130702010000000000000000000000000000000000210000000368000000000000000000000000000000
101963690004002001060623130701000000000000002100000003680000000000000276000007
07196370000000200106062313120000000000000000100000000000000000
091963700001002001060623131200000000000002070012060000000602000000000000000000000000000000100000001990000000000010000000000
11196370000200200106062313120000070000010000000602000000060200000000000000000000000000200000000013980000
121963700003002001060623131200000000000000000000000000000000000000000000000602000000000000000000000000000000
07196371000000200106062313140000000000000000100000000000000000
091963710001002001060623131400000000000003030000010000000199000000000000000000000000000000000000000830000000000040000000000
091963710002002001060623131400000000000001110007000000000279000000000000000000000000000000100000000500000000000020000000000
091963710003002001060623131400000000000003200000010000002500000000000000000000000000000000000000000000000000000050000000000
11196371000400200106062313140000070000030000002978000000297800000000000000000000000000500000000020220000
121963710005002001060623131400000000000000000000000000000000000000000000002978000000000000000000000000000000
07196372000000200106062313220000000000000000100000000000000000
091963720001002001060623132200000000000002050008880000000354000000000000000000000000000000100000000890000000000010000000000
11196372000200200106062313220000070000010000000354000000035400000000000000000000000000200000000016460000
121963720003002001060623132200000000000000000000000000000000000000000000000354000000000000000000000000000000
07196373000000200106062313290000000000000000100000000000000000
091963730001002001060623132900000000000001060004740000000331000000000000000000000000000000100000001500000000000020000000000
091963730002002001060623132900000000000002050008320000000332000000000000000000000000000000100000000890000000000010000000000
091963730003002001060623132900000000000001050004040000000161000000000000000000000000000000100000002000000000000020000000000
091963730004002001060623132900000000000001220008560000000427000000000000000000000000000000100000001500000000000020000000000
11196373000500200106062313290000070000040000001251000000125100000000000000000000000001000000000087490000
121963730006002001060623132900000000000000000000000000000000000000000000001251000000000000000000000000000000
061963730007002001060623133100000100000350000000000000000000000000000000000000000000
07196374000000200106062313320000000000000000100000000000000000
091963740001002001060623133200000000000003030000010000000199000000000000000000000000000000000000000830000000000040000000000
11196374000200200106062313320000070000010000000199000000019900000000000000000000000000019900000000000000
121963740003002001060623133200000000000000000000000000000000000000000000000199000000000000000000000000000000
07196375000000200106062313350000000000000000100000000000000000
091963750001002001060623133500000000000001140005280000000475000000000000000000000000000000100000000500000000000020000000000
11196375000200200106062313350000070000010000000475000000047500000000000000000000000000047500000000000000
121963750003002001060623133503030000000000000000000000000000000000000000000475000000000000000000000000000000
07196376000000200106062313410000000000000000100000000000000000
091963760001002001060623134100000000000003030000010000000199000000000000000000000000000000000000000830000000000040000000000
11196376000200200106062313410000070000010000000199000000019900000000000000000000000000100000000008010000
121963760003002001060623134100000000000000000000000000000000000000000000000199000000000000000000000000000000
07196377000000200106062313430000000000000000100000000000000000
091963770001002001060623134300000000000001150016260000002437000000000000000000000000000000100000001000000000000020000000000
11196377000200200106062313430000070000010000002437000000243700000000000000000000000000243700000000000000
121963770003002001060623134303030000000000000000000000000000000000000000002437000000000000000000000000000000
07196378000000200106062313440000000000000000100000000000000000
091963780001002001060623134400000000000001040003340000000233000000000000000000000000000000100000002750000000000020000000000
11196378000200200106062313440000070000010000000233000000023300000000000000000000000000023300000000000000
121963780003002001060623134400000000000000000000000000000000000000000000000233000000000000000000000000000000
061963780004002001060623140000000100000125000000000000000000000000000000000000000000
07196379000000200106062314020000000000000000100000000000000000
091963790001002001060623140200000000000002070003200000000160000000000000000000000000000000100000001990000000000010000000000
11196379000200200106062314020000070000010000000160000000016000000000000000000000000000016000000000000000
121963790003002001060623140203010000000000000000000000000000000000000000000160000000000000000000000000000000
14196380000000200106062314090000010000000000
07196381000000200106062314090000000000000000100000000000000000
091963810001002001060623140900000000000001090001520000000121000000000000000000000000000000100000001500000000000020000000000
091963810002002001060623140900000000000003050000010000000199000000000000000000000000000000000000000700000000000040000000000
091963810003002001060623140900000000000003120000010000000199000000000000000000000000000000000000000700000000000040000000000
11196381000400200106062314090000070000030000000519000000051900000000000000000000000000051900000000000000
121963810005002001060623140900000000000000000000000000000000000000000000000519000000000000000000000000000000
07196382000000200106062314100000000000000000100000000000000000
091963820001002001060623141000000000000001100049400000001230000000000000000000000000000000100000000500000000000020000000000
11196382000200200106062314100000070000010000001230000000123000000000000000000000000000123000000000000000
121963820003002001060623141003050000000000000000000000000000000000000000001230000000000000000000000000000000
07196383000000200106062314170000000000000000100000000000000000
091963830001002001060623141700000000000001250017340000000345I 0000000000000000000000000000100000000530000000000020000000000
091963830002002001060623141700000000000001060019260000001346000000000000000000000000000000100000001500000000000020000000000
091963830003002001060623141700000000000002070012060000000602000000000000000000000000000000100000001990000000000010000000000
091963830004002001060623141700000000000001040020860000001458000000000000000000000000000000100000002750000000000020000000000
091963830005002001060623141700000000000001010033920000001693000000000000000000000000000000100000001400000000000020000000000
091963830006002001060623141700000000000001090003900000000312000000000000000000000000000000100000001500000000000020000000000
091963830007002001060623141700000000000001150005260000000788000000000000000000000000000000100000001000000000000020000000000
11196383000800200106062314170000070000070000006544000000654400000000000000000000000000700000000004560000
121963830009002001060623141700000000000000000000000000000000000000000000006544000000000000000000000000000000
07196384000000200106062314230000000000000000100000000000000000
091963840001002001060623142300000000000002070017380000000867000000000000000000000000000000100000001990000000000010000000000
11196384000200200106062314230000070000010000000867000000086700000000000000000000000000100000000001330000
121963840003002001060623142300000000000000000000000000000000000000000000000867000000000000000000000000000000
07196385000000200106062314380000000000000000100000000000000000
091963850001002001060623143800000000000003040000010000000199000000000000000000000000000000000000000700000000000040000000000
091963850002002001060623143800000000000001090001320000000105000000000000000000000000000000100000001500000000000020000000000
091963850003002001060623143800000000000001250007800000000155I 0000000000000000000000000000100000000530000000000020000000000
091963850004002001060623143800000000000001080001800000000180000000000000000000000000000000100000001000000000000020000000000
091963850005002001060623143800000000000001010005520000000275000000000000000000000000000000100000001400000000000020000000000
11196385000600200106062314380000070000050000000914000000091400000000000000000000000000091400000000000000
121963850007002001060623143800000000000000000000000000000000000000000000000914000000000000000000000000000000
07196386000000200106062314580000000000000000100000000000000000
091963860001002001060623145800000000000002010003400000000204000000000000000000000000000000100000002150000000000010000000000
091963860002002001060623145800000000000002090001360000000163000000000000000000000000000000100000004720000000000010000000000
11196386000300200106062314580000070000020000000367000000036700000000000000000000000000036700000000000000
121963860004002001060623145800000000000000000000000000000000000000000000000367000000000000000000000000000000
07196387000000200106062314590000000000000000100000000000000000
091963870001002001060623145900000000000003050000010000000199000000000000000000000000000000000000000700000000000040000000000
11196387000200200106062314590000070000010000000199000000019900000000000000000000000000019900000000000000
121963870003002001060623145900000000000000000000000000000000000000000000000199000000000000000000000000000000
07196388000000200106062315000000000000000000100000000000000000
091963880001002001060623150000000000000001080001400000000140000000000000000000000000000000100000001000000000000020000000000
11196388000200200106062315000000070000010000000140000000014000000000000000000000000000014000000000000000
121963880003002001060623150000000000000000000000000000000000000000000000000140000000000000000000000000000000
0319638800040020010606231512000001000007
02196388000500200106062315120000010000090000000000
07196389000000200106062315140000000000000000100000000000000000
091963890001002001060623151400000000000002140010760000000860000000000000000000000000000000100000001990000000000010000000000
091963890002002001060623151400000000000005020000140000001386I 0000000000000000000000000000000000000100000000000060000000000
091963890003002001060623151400000000000002090006160000000739000000000000000000000000000000100000004720000000000010000000000
091963890004002001060623151400000000000002070008340000000416000000000000000000000000000000100000001990000000000010000000000
091963890005002001060623151400000000000002430024360000001216000000000000000000000000000000100000000000000000000010000000000
091963890006002001060623151400000000000002170000020000001998000000000000000000000000000000000000006500000000000010000000000
11196389000700200106062315140000090000060000006615000000661500000000000000000000000000661500000000000000
121963890008002001060623151403050000000000000000000000000000000000000000006615000000000000000000000000000000
07196390000000200106062315170000000000000000100000000000000000
091963900001002001060623151700000000000001060008800000000615000000000000000000000000000000100000001500000000000020000000000
091963900002002001060623151700000000000001010020290000001013000000000000000000000000000000100000001400000000000020000000000
11196390000300200106062315170000090000020000001628000000162800000000000000000000000000162800000000000000
121963900004002001060623151703020000000000000000000000000000000000000000001628000000000000000000000000000000
07196391000000200106062315200000000000000000100000000000000000
091963910001002001060623152000000000000001220004640000000232000000000000000000000000000000100000001500000000000020000000000
091963910002002001060623152000000000000001010009380000000468000000000000000000000000000000100000001400000000000020000000000
091963910003002001060623152000000000000001060004600000000322000000000000000000000000000000100000001500000000000020000000000
11196391000400200106062315200000090000030000001022000000102200000000000000000000000000200000000009780000
121963910005002001060623152000000000000000000000000000000000000000000000001022000000000000000000000000000000
07196392000000200106062315200000000000000000100000000000000000
091963920001002001060623152000000000000002230006960000001391000000000000000000000000000000100000004980000000000010000000000
091963920002002001060623152000000000000002090007920000000950000000000000000000000000000000100000004720000000000010000000000
11196392000300200106062315200000090000020000002341000000234100000000000000000000000000234100000000000000
121963920004002001060623152000000000000000000000000000000000000000000000002341000000000000000000000000000000
07196393000000200106062315330000000000000000100000000000000000
091963930001002001060623153300000000000001020006400000000191000000000000000000000000000000100000001200000000000020000000000
091963930002002001060623153300000000000003050000010000000199000000000000000000000000000000000000000700000000000040000000000
091963930003002001060623153300000000000005020000010000000099I 0000000000000000000000000000000000000100000000000060000000000
091963930004002001060623153300000000000005020000010000000099I 0000000000000000000000000000000000000100000000000060000000000
091963930005002001060623153300000000000002010003120000000187000000000000000000000000000000100000002150000000000010000000000
091963930006002001060623153300000000000001120002420000000169000000000000000000000000000000100000001000000000000020000000000
11196393000700200106062315330000090000060000000944000000094400000000000000000000000000094400000000000000
121963930008002001060623153300000000000000000000000000000000000000000000000944000000000000000000000000000000
07196394000000200106062315370000000000000000100000000000000000
091963940001002001060623153700000000000005020000150000001485I 0000000000000000000000000000000000000100000000000060000000000
11196394000200200106062315370000090000010000001485000000148500000000000000000000000000148500000000000000
121963940003002001060623153703060000000000000000000000000000000000000000001485000000000000000000000000000000
07196395000000200106062315420000000000000000100000000000000000
091963950001002001060623154200000000000002070010880000000543000000000000000000000000000000100000001990000000000010000000000
11196395000200200106062315420000090000010000000543000000054300000000000000000000000000054300000000000000
121963950003002001060623154200000000000000000000000000000000000000000000000543000000000000000000000000000000
07196396000000200106062315430000000000000000100000000000000000
091963960001002001060623154300000000000003200000010000002500000000000000000000000000000000000000000000000000000050000000000
11196396000200200106062315430000090000010000002500000000250000000000000000000000000000250000000000000000
121963960003002001060623154303060000000000000000000000000000000000000000002500000000000000000000000000000000
07196397000000200106062315540000000000000000100000000000000000
091963970001002001060623155400000000000002280006000000000419000000000000000000000000000000100000001000000000000010000000000
11196397000200200106062315540000090000010000000419000000041900000000000000000000000000041900000000000000
121963970003002001060623155400000000000000000000000000000000000000000000000419000000000000000000000000000000
07196398000000200106062316050000000000000000100000000000000000
091963980001002001060623160500000000000002130015200000000606000000000000000000000000000000100000001400000000000010000000000
11196398000200200106062316050000090000010000000606000000060600000000000000000000000000060600000000000000
121963980003002001060623160500000000000000000000000000000000000000000000000606000000000000000000000000000000
07196399000000200106062316110000000000000000100000000000000000
091963990001002001060623161100000000000001020009920000000297000000000000000000000000000000100000001200000000000020000000000
11196399000200200106062316110000090000010000000297000000029700000000000000000000000000029700000000000000
121963990003002001060623161100000000000000000000000000000000000000000000000297000000000000000000000000000000
07196400000000200106062316140000000000000000100000000000000000
091964000001002001060623161400000000000002030007000000000489000000000000000000000000000000100000002990000000000010000000000
091964000002002001060623161400000000000002070007440000000371000000000000000000000000000000100000001990000000000010000000000
11196400000300200106062316140000090000020000000860000000086000000000000000000000000000086000000000000000
121964000004002001060623161400000000000000000000000000000000000000000000000860000000000000000000000000000000
14196401000000200106062316190000010000000000
07196402000000200106062316200000000000000000100000000000000000
091964020001002001060623162000000000000001020009360000000280000000000000000000000000000000100000001200000000000020000000000
11196402000200200106062316200000090000010000000280000000028000000000000000000000000000028000000000000000
121964020003002001060623162000000000000000000000000000000000000000000000000280000000000000000000000000000000
07196403000000200106062316420000000000000000100000000000000000
091964030001002001060623164200000000000001080008100000000809000000000000000000000000000000100000001000000000000020000000000
091964030002002001060623164200000000000002090009320000001117000000000000000000000000000000100000004720000000000010000000000
091964030003002001060623164200000000000002050012580000000502000000000000000000000000000000100000000890000000000010000000000
091964030004002001060623164200000000000003030000020000000398000000000000000000000000000000000000000830000000000040000000000
11196403000500200106062316420000090000040000002826000000282600000000000000000000000000282600000000000000
121964030006002001060623164203010000000000000000000000000000000000000000002826000000000000000000000000000000
14196404000000200106062316450000010000000000
07196405000000200106062316460000000000000000100000000000000000
091964050001002001060623164600000000000001120011360000000794000000000000000000000000000000100000001000000000000020000000000
11196405000200200106062316460000090000010000000794000000079400000000000000000000000000079400000000000000
121964050003002001060623164600000000000000000000000000000000000000000000000794000000000000000000000000000000
07196406000000200106062316470000000000000000100000000000000000
091964060001002001060623164700000000000002210019360000000966000000000000000000000000000000100000003990000000000010000000000
11196406000200200106062316470000090000010000000966000000096600000000000000000000000000096600000000000000
121964060003002001060623164703050000000000000000000000000000000000000000000966000000000000000000000000000000
07196407000000200106062316480000000000000000100000000000000000
091964070001002001060623164800000000000001100010920000000272000000000000000000000000000000100000000500000000000020000000000
091964070002002001060623164800000000000003050000010000000199000000000000000000000000000000000000000700000000000040000000000
11196407000300200106062316480000090000020000000471000000047100000000000000000000000000047100000000000000
121964070004002001060623164800000000000000000000000000000000000000000000000471000000000000000000000000000000
07196408000000200106062316520000000000000000100000000000000000
091964080001002001060623165200000000000002040003460000000052000000000000000000000000000000100000000500000000000010000000000
11196408000200200106062316520000090000010000000052000000005200000000000000000000000000005200000000000000
121964080003002001060623165200000000000000000000000000000000000000000000000052000000000000000000000000000000
07196409000000200106062317110000000000000000100000000000000000
091964090001002001060623171100000000000002430009120000000455000000000000000000000000000000100000000000000000000010000000000
091964090002002001060623171100000000000002050007400000000295000000000000000000000000000000100000000890000000000010000000000
091964090003002001060623171100000000000002090002840000000341000000000000000000000000000000100000004720000000000010000000000
091964090004002001060623171100000000000002070010200000000509000000000000000000000000000000100000001990000000000010000000000
091964090005002001060623171100000000000002130018300000000730000000000000000000000000000000100000001400000000000010000000000
11196409000600200106062317110000090000050000002330000000233000000000000000000000000000233000000000000000
121964090007002001060623171100000000000000000000000000000000000000000000002330000000000000000000000000000000
07196410000000200106062317140000000000000000100000000000000000
091964100001002001060623171400000000000001010006140000000306000000000000000000000000000000100000001400000000000020000000000
091964100002002001060623171400000000000001080002300000000230000000000000000000000000000000100000001000000000000020000000000
091964100003002001060623171400000000000001070000440000000088000000000000000000000000000000100000010000000000000020000000000
091964100004002001060623171400000000000003010000010000001200000000000000000000000000000000000000006000000000000050000000000
11196410000500200106062317140000090000040000001824000000182400000000000000000000000000182400000000000000
121964100006002001060623171403010000000000000000000000000000000000000000001824000000000000000000000000000000
07196411000000200106062317160000000000000000100000000000000000
091964110001002001060623171600000000000002070008640000000431000000000000000000000000000000100000001990000000000010000000000
11196411000200200106062317160000090000010000000431000000043100000000000000000000000000043100000000000000
121964110003002001060623171603010000000000000000000000000000000000000000000431000000000000000000000000000000
07196412000000200106062317200000000000000000100000000000000000
091964120001002001060623172000000000000001010008120000000405000000000000000000000000000000100000001400000000000020000000000
11196412000200200106062317200000090000010000000405000000040500000000000000000000000000040500000000000000
121964120003002001060623172003050000000000000000000000000000000000000000000405000000000000000000000000000000
07196413000000200106062317210000000000000000100000000000000000
091964130001002001060623172100000000000001130009640000000385000000000000000000000000000000100000001500000000000020000000000
11196413000200200106062317210000090000010000000385000000038500000000000000000000000000038500000000000000
121964130003002001060623172100000000000000000000000000000000000000000000000385000000000000000000000000000000
07196414000000200106062317230000000000000000100000000000000000
091964140001002001060623172300000000000001010003620000000181000000000000000000000000000000100000001400000000000020000000000
091964140002002001060623172300000000000001070000500000000100000000000000000000000000000000100000010000000000000020000000000
11196414000300200106062317230000090000020000000281000000028100000000000000000000000000200000000017190000
121964140004002001060623172300000000000000000000000000000000000000000000000281000000000000000000000000000000
07196415000000200106062317290000000000000000100000000000000000
091964150001002001060623172900000000000003030000010000000199000000000000000000000000000000000000000830000000000040000000000
091964150002002001060623172900000000000005020000030000000297I 0000000000000000000000000000000000000100000000000060000000000
11196415000300200106062317290000090000020000000496000000049600000000000000000000000000500000000045040000
121964150004002001060623172900000000000000000000000000000000000000000000000496000000000000000000000000000000
07196416000000200106062317330000000000000000100000000000000000
091964160001002001060623173300000000000001100007040000000175000000000000000000000000000000100000000500000000000020000000000
091964160002002001060623173300000000000002040002600000000039000000000000000000000000000000100000000500000000000010000000000
091964160003002001060623173300000000000001070004300000000860000000000000000000000000000000100000010000000000000020000000000
091964160004002001060623173300000000000001240004800000000480000000000000000000000000000000100000001670000000000020000000000
091964160005002001060623173300000000000001110005280000000211000000000000000000000000000000100000000500000000000020000000000
091964160006002001060623173300000000000002030008880000000621000000000000000000000000000000100000002990000000000010000000000
091964160007002001060623173300000000000001090002000000000160000000000000000000000000000000100000001500000000000020000000000
091964160008002001060623173300000000000002070010300000000514000000000000000000000000000000100000001990000000000010000000000
091964160009002001060623173300000000000002050008120000000324000000000000000000000000000000100000000890000000000010000000000
091964160010002001060623173300000000000001080005260000000525000000000000000000000000000000100000001000000000000020000000000
11196416001100200106062317330000090000100000003909000000390900000000000000000000000000500000000010910000
121964160012002001060623173300000000000000000000000000000000000000000000003909000000000000000000000000000000
07196417000000200106062317350000000000000000100000000000000000
091964170001002001060623173500000000000002070011160000000557000000000000000000000000000000100000001990000000000010000000000
091964170002002001060623173500000000000001100010800000000269000000000000000000000000000000100000000500000000000020000000000
091964170003002001060623173500000000000001020009100000000272000000000000000000000000000000100000001200000000000020000000000
091964170004002001060623173500000000000005020000020000000198I 0000000000000000000000000000000000000100000000000060000000000
091964170005002001060623173500000000000005020000050000000495I 0000000000000000000000000000000000000100000000000060000000000
091964170006002001060623173500000000000005020000050000000495I 0000000000000000000000000000000000000100000000000060000000000
11196417000700200106062317350000090000060000002286000000228600000000000000000000000000300000000007140000
121964170008002001060623173500000000000000000000000000000000000000000000002286000000000000000000000000000000
07196418000000200106062317500000000000000000100000000000000000
091964180001002001060623175000000000000001070001280000000256000000000000000000000000000000100000010000000000000020000000000
11196418000200200106062317500000090000010000000256000000025600000000000000000000000000025600000000000000
121964180003002001060623175003010000000000000000000000000000000000000000000256000000000000000000000000000000
07196419000000200106062317530000000000000000100000000000000000
091964190001002001060623175300000000000002270005920000000769000000000000000000000000000000100000003990000000000010000000000
091964190002002001060623175300000000000002110007100000000283000000000000000000000000000000100000000990000000000010000000000
091964190003002001060623175300000000000003040000010000000199000000000000000000000000000000000000000700000000000040000000000
091964190004002001060623175300000000000005020000010000000099I 0000000000000000000000000000000000000100000000000060000000000
11196419000500200106062317530000090000040000001350000000135000000000000000000000000000200000000006500000
121964190006002001060623175300000000000000000000000000000000000000000000001350000000000000000000000000000000
14196420000000200106062317580000010000000000
07196421000000200106062317580000000000000000100000000000000000
091964210001002001060623175800000000000001150003360000000504000000000000000000000000000000100000001000000000000020000000000
11196421000200200106062317580000090000010000000504000000050400000000000000000000000000050400000000000000
121964210003002001060623175800000000000000000000000000000000000000000000000504000000000000000000000000000000
07196422000000200106062318000000000000000000100000000000000000
091964220001002001060623180000000000000001040002620000000183000000000000000000000000000000100000002750000000000020000000000
091964220002002001060623180000000000000001060004180000000292000000000000000000000000000000100000001500000000000020000000000
091964220003002001060623180000000000000001250005840000000116I 0000000000000000000000000000100000000530000000000020000000000
091964220004002001060623180000000000000001010006840000000341000000000000000000000000000000100000001400000000000020000000000
091964220005002001060623180000000000000001080003180000000318000000000000000000000000000000100000001000000000000020000000000
11196422000600200106062318000000090000050000001250000000125000000000000000000000000000125000000000000000
121964220007002001060623180003010000000000000000000000000000000000000000001250000000000000000000000000000000
07196423000000200106062318010000000000000000100000000000000000
091964230001002001060623180100000000000002070008040000000401000000000000000000000000000000100000001990000000000010000000000
091964230002002001060623180100000000000002050007940000000317000000000000000000000000000000100000000890000000000010000000000
091964230003002001060623180100000000000001130012800000000511000000000000000000000000000000100000001500000000000020000000000
11196423000400200106062318010000090000030000001229000000122900000000000000000000000000200000000007710000
121964230005002001060623180100000000000000000000000000000000000000000000001229000000000000000000000000000000
07196424000000200106062318030000000000000000100000000000000000
091964240001002001060623180300000000000002210008560000000427000000000000000000000000000000100000003990000000000010000000000
11196424000200200106062318030000090000010000000427000000042700000000000000000000000000042700000000000000
121964240003002001060623180300000000000000000000000000000000000000000000000427000000000000000000000000000000
07196425000000200106062318060000000000000000100000000000000000
091964250001002001060623180600000000000001010012940000000646000000000000000000000000000000100000001400000000000020000000000
091964250002002001060623180600000000000001040003160000000221000000000000000000000000000000100000002750000000000020000000000
091964250003002001060623180600000000000001080002740000000274000000000000000000000000000000100000001000000000000020000000000
091964250004002001060623180600000000000003200000010000002500000000000000000000000000000000000000000000000000000050000000000
11196425000500200106062318060000090000040000003641000000364100000000000000000000000000364100000000000000
121964250006002001060623180603060000000000000000000000000000000000000000003641000000000000000000000000000000
07196426000000200106062318080000000000000000100000000000000000
091964260001002001060623180800000000000001160014940000000372000000000000000000000000000000100000000670000000000020000000000
11196426000200200106062318080000090000010000000372000000037200000000000000000000000000037200000000000000
121964260003002001060623180800000000000000000000000000000000000000000000000372000000000000000000000000000000
07196427000000200106062318130000000000000000100000000000000000
091964270001002001060623181300000000000003010000010000001200000000000000000000000000000000000000006000000000000050000000000
11196427000200200106062318130000090000010000001200000000120000000000000000000000000000120000000000000000
121964270003002001060623181300000000000000000000000000000000000000000000001200000000000000000000000000000000
07196428000000200106062318210000000000000000100000000000000000
091964280001002001060623182100000000000002070018160000000906000000000000000000000000000000100000001990000000000010000000000
091964280002002001060623182100000000000001070003600000000720000000000000000000000000000000100000010000000000000020000000000
091964280003002001060623182100000000000002090010900000001307000000000000000000000000000000100000004720000000000010000000000
091964280004002001060623182100000000000002050010840000000433000000000000000000000000000000100000000890000000000010000000000
091964280005002001060623182100000000000002050017500000000698000000000000000000000000000000100000000890000000000010000000000
091964280006002001060623182100000000000001040005700000000398000000000000000000000000000000100000002750000000000020000000000
091964280007002001060623182100000000000001060005760000000403000000000000000000000000000000100000001500000000000020000000000
091964280008002001060623182100000000000001020011340000000339000000000000000000000000000000100000001200000000000020000000000
17196428000900200106062318210000000000000204
091964280010002001060623182100000000000002110011820000000472000000000000000000000000000000100000000990000000000010000000000
091964280011002001060623182100000000000001220009400000000469000000000000000000000000000000100000001500000000000020000000000
091964280012002001060623182100000000000001080009060000000905000000000000000000000000000000100000001000000000000020000000000
091964280013002001060623182100000000000003200000010000002500000000000000000000000000000000000000000000000000000050000000000
091964280014002001060623182100000000000002140009260000000740000000000000000000000000000000100000001990000000000010000000000
11196428001500200106062318210000090000130000010290000001029000000000000000000000000001029000000000000000
121964280016002001060623182102010000000000000000000000000000000000280000010290000000000000000000000000000000
101964280017002001060623182101000000000000002800000102900000000000001291000009
07196429000000200106062318230000000000000000100000000000000000
091964290001002001060623182300000000000003050000010000000199000000000000000000000000000000000000000700000000000040000000000
11196429000200200106062318230000090000010000000199000000019900000000000000000000000000019900000000000000
121964290003002001060623182300000000000000000000000000000000000000000000000199000000000000000000000000000000
07196430000000200106062318310000000000000000100000000000000000
091964300001002001060623183100000000000002070013300000000664000000000000000000000000000000100000001990000000000010000000000
11196430000200200106062318310000090000010000000664000000066400000000000000000000000000066400000000000000
121964300003002001060623183100000000000000000000000000000000000000000000000664000000000000000000000000000000
07196431000000200106062318350000000000000000100000000000000000
091964310001002001060623183500000000000003190000010000000600000000000000000000000000000000000000002000000000000050000000000
11196431000200200106062318350000090000010000000600000000060000000000000000000000000000060000000000000000
121964310003002001060623183500000000000000000000000000000000000000000000000600000000000000000000000000000000
07196432000000200106062318370000000000000000100000000000000000
091964320001002001060623183700000000000002070003140000000157000000000000000000000000000000100000001990000000000010000000000
091964320002002001060623183700000000000001120004240000000296000000000000000000000000000000100000001000000000000020000000000
091964320003002001060623183700000000000002460004960000000595000000000000000000000000000000100000000000000000000010000000000
11196432000400200106062318370000090000030000001048000000104800000000000000000000000000104800000000000000
121964320005002001060623183702010000000000000000000000000000000000220000001048000000000000000000000000000000
101964320006002001060623183701000000000000002200000010480000000000001442000009
07196433000000200106062318490000000000000000100000000000000000
091964330001002001060623184900000000000002070006800000000339000000000000000000000000000000100000001990000000000010000000000
11196433000200200106062318490000090000010000000339000000033900000000000000000000000000033900000000000000
121964330003002001060623184900000000000000000000000000000000000000000000000339000000000000000000000000000000
14196434000000200106062319010000010000000000
07196435000000200106062319040000000000000000100000000000000000
091964350001002001060623190400000000000002040009340000000326000000000000000000000000000000100000000500000000000010000000000
091964350002002001060623190400000000000002460010380000001245000000000000000000000000000000100000000000000000000010000000000
11196435000300200106062319040000090000020000001571000000157100000000000000000000000000157100000000000000
121964350004002001060623190403010000000000000000000000000000000000000000001571000000000000000000000000000000
07196436000000200106062319090000000000000000100000000000000000
091964360001002001060623190900000000000002020009220000000644000000000000000000000000000000100000001990000000000010000000000
11196436000200200106062319090000090000010000000644000000064400000000000000000000000000064400000000000000
121964360003002001060623190900000000000000000000000000000000000000000000000644000000000000000000000000000000
07196437000000200106062319170000000000000000100000000000000000
091964370001002001060623191700000000000001130011280000000450000000000000000000000000000000100000001500000000000020000000000
11196437000200200106062319170000090000010000000450000000045000000000000000000000000000045000000000000000
121964370003002001060623191703050000000000000000000000000000000000000000000450000000000000000000000000000000
07196438000000200106062319210000000000000000100000000000000000
091964380001002001060623192100000000000002040003480000000121000000000000000000000000000000100000000500000000000010000000000
091964380002002001060623192100000000000003050000010000000199000000000000000000000000000000000000000700000000000040000000000
091964380003002001060623192100000000000005020000010000000099I 0000000000000000000000000000000000000100000000000060000000000
11196438000400200106062319210000090000030000000419000000041900000000000000000000000000041900000000000000
121964380005002001060623192103010000000000000000000000000000000000000000000419000000000000000000000000000000
07196439000000200106062319280000000000000000100000000000000000
091964390001002001060623192800000000000003030000010000000199000000000000000000000000000000000000000830000000000040000000000
11196439000200200106062319280000090000010000000199000000019900000000000000000000000000019900000000000000
121964390003002001060623192800000000000000000000000000000000000000000000000199000000000000000000000000000000
07196440000000200106062319320000000000000000100000000000000000
091964400001002001060623193200000000000001080009080000000907000000000000000000000000000000100000001000000000000020000000000
091964400002002001060623193200000000000005020000150000001485I 0000000000000000000000000000000000000100000000000060000000000
11196440000300200106062319320000090000020000002392000000239200000000000000000000000000239200000000000000
121964400004002001060623193203060000000000000000000000000000000000000000002392000000000000000000000000000000
07196441000000200106062319350000000000000000100000000000000000
091964410001002001060623193500000000000001020005460000000163000000000000000000000000000000100000001200000000000020000000000
11196441000200200106062319350000090000010000000163000000016300000000000000000000000000016300000000000000
121964410003002001060623193500000000000000000000000000000000000000000000000163000000000000000000000000000000
07196442000000200106062319380000000000000000100000000000000000
091964420001002001060623193800000000000001250006300000000125I 0000000000000000000000000000100000000530000000000020000000000
091964420002002001060623193800000000000001250005820000000116I 0000000000000000000000000000100000000530000000000020000000000
091964420003002001060623193800000000000001140001500000000135000000000000000000000000000000100000000500000000000020000000000
11196442000400200106062319380000090000030000000376000000037600000000000000000000000000037600000000000000
121964420005002001060623193800000000000000000000000000000000000000000000000376000000000000000000000000000000
07196443000000200106062319420000000000000000100000000000000000
091964430001002001060623194200000000000002460004340000000520000000000000000000000000000000100000000000000000000010000000000
091964430002002001060623194200000000000001120009960000000696000000000000000000000000000000100000001000000000000020000000000
11196443000300200106062319420000090000020000001216000000121600000000000000000000000000121600000000000000
121964430004002001060623194203100000000000000000000000000000000000000000001216000000000000000000000000000000
07196444000000200106062319440000000000000000100000000000000000
091964440001002001060623194400000000000002110006960000000278000000000000000000000000000000100000000990000000000010000000000
091964440002002001060623194400000000000001070003240000000648000000000000000000000000000000100000010000000000000020000000000
091964440003002001060623194400000000000003030000010000000199000000000000000000000000000000000000000830000000000040000000000
091964440004002001060623194400000000000002290000010000000699000000000000000000000000000000000000002500000000000010000000000
11196444000500200106062319440000090000040000001824000000182400000000000000000000000000182400000000000000
121964440006002001060623194403010000000000000000000000000000000000000000001824000000000000000000000000000000
07196445000000200106062319490000000000000000100000000000000000
091964450001002001060623194900000000000003190000010000000600000000000000000000000000000000000000002000000000000050000000000
11196445000200200106062319490000090000010000000600000000060000000000000000000000000000060000000000000000
121964450003002001060623194900000000000000000000000000000000000000000000000600000000000000000000000000000000
07196446000000200106062319510000000000000000100000000000000000
091964460001002001060623195100000000000001040004400000000308000000000000000000000000000000100000002750000000000020000000000
091964460002002001060623195100000000000003040000010000000199000000000000000000000000000000000000000700000000000040000000000
091964460003002001060623195100000000000002070007100000000354000000000000000000000000000000100000001990000000000010000000000
091964460004002001060623195100000000000003050000010000000199000000000000000000000000000000000000000700000000000040000000000
11196446000500200106062319510000090000040000001060000000106000000000000000000000000000106000000000000000
121964460006002001060623195100000000000000000000000000000000000000000000001060000000000000000000000000000000
07196447000000200106062319530000000000000000100000000000000000
091964470001002001060623195300000000000001040002480000000173000000000000000000000000000000100000002750000000000020000000000
11196447000200200106062319530000090000010000000173000000017300000000000000000000000000017300000000000000
121964470003002001060623195300000000000000000000000000000000000000000000000173000000000000000000000000000000
07196448000000200106062319540000000000000000100000000000000000
091964480001002001060623195400000000000001030011160000001003000000000000000000000000000000100000002800000000000020000000000
11196448000200200106062319540000090000010000001003000000100300000000000000000000000000100300000000000000
121964480003002001060623195403010000000000000000000000000000000000000000001003000000000000000000000000000000
07196449000000200106062320010000000000000000100000000000000000
091964490001002001060623200100000000000001130012380000000494000000000000000000000000000000100000001500000000000020000000000
17196449000200200106062320010000000000000199
11196449000300200106062320010000090000010000000494000000049400000000000000000000000000049400000000000000
121964490004002001060623200103010000000000000000000000000000000000000000000494000000000000000000000000000000
07196450000000200106062320040000000000000000100000000000000000
091964500001002001060623200400000000000001250009540000000190I 0000000000000000000000000000100000000530000000000020000000000
091964500002002001060623200400000000000001120008340000000583000000000000000000000000000000100000001000000000000020000000000
091964500003002001060623200400000000000001110004580000000183000000000000000000000000000000100000000500000000000020000000000
091964500004002001060623200400000000000001220010100000000504000000000000000000000000000000100000001500000000000020000000000
091964500005002001060623200400000000000001180007120000000498000000000000000000000000000000100000001000000000000020000000000
091964500006002001060623200400000000000002170000010000000999000000000000000000000000000000000000006500000000000010000000000
091964500007002001060623200400000000000002050008400000000335000000000000000000000000000000100000000890000000000010000000000
091964500008002001060623200400000000000002110004440000000177000000000000000000000000000000100000000990000000000010000000000
091964500009002001060623200400000000000002070012240000000611000000000000000000000000000000100000001990000000000010000000000
11196450001000200106062320040000090000090000004080000000408000000000000000000000000000408000000000000000
121964500011002001060623200403010000000000000000000000000000000000000000004080000000000000000000000000000000
07196451000000200106062320140000000000000000100000000000000000
091964510001002001060623201400000000000001090001700000000136000000000000000000000000000000100000001500000000000020000000000
091964510002002001060623201400000000000001010010840000000541000000000000000000000000000000100000001400000000000020000000000
091964510003002001060623201400000000000001060002020000000141000000000000000000000000000000100000001500000000000020000000000
091964510004002001060623201400000000000001070001760000000352000000000000000000000000000000100000010000000000000020000000000
091964510005002001060623201400000000000002040007700000000269000000000000000000000000000000100000000500000000000010000000000
091964510006002001060623201400000000000003010000010000001200000000000000000000000000000000000000006000000000000050000000000
11196451000700200106062320140000090000060000002639000000263900000000000000000000000000300000000003610000
121964510008002001060623201400000000000000000000000000000000000000000000002639000000000000000000000000000000
07196452000000200106062320160000000000000000100000000000000000
091964520001002001060623201600000000000001020005680000000170000000000000000000000000000000100000001200000000000020000000000
091964520002002001060623201600000000000003030000010000000199000000000000000000000000000000000000000830000000000040000000000
11196452000300200106062320160000090000020000000369000000036900000000000000000000000000200000000016310000
121964520004002001060623201600000000000000000000000000000000000000000000000369000000000000000000000000000000
07196453000000200106062320180000000000000000100000000000000000
091964530001002001060623201800000000000001070004240000000848000000000000000000000000000000100000010000000000000020000000000
11196453000200200106062320180000090000010000000848000000084800000000000000000000000000084800000000000000
121964530003002001060623201800000000000000000000000000000000000000000000000848000000000000000000000000000000
061964530004002001060623201900000100000400000000000000000000000000000000000000000000
07196454000000200106062320260000000000000000100000000000000000
091964540001002001060623202600000000000002170000010000000999000000000000000000000000000000000000006500000000000010000000000
091964540002002001060623202600000000000005020000040000000396I 0000000000000000000000000000000000000100000000000060000000000
11196454000300200106062320260000090000020000001395000000139500000000000000000000000000139500000000000000
121964540004002001060623202603010000000000000000000000000000000000000000001395000000000000000000000000000000
07196455000000200106062320350000000000000000100000000000000000
091964550001002001060623203500000000000002070026480000001321000000000000000000000000000000100000001990000000000010000000000
091964550002002001060623203500000000000002170000010000000999000000000000000000000000000000000000006500000000000010000000000
091964550003002001060623203500000000000002090012640000001516000000000000000000000000000000100000004720000000000010000000000
11196455000400200106062320350000090000030000003836000000383600000000000000000000000000383600000000000000
121964550005002001060623203503010000000000000000000000000000000000000000003836000000000000000000000000000000
061964550006002001060623204600000100000050000000000000000000000000000000000000000000
07196456000000200106062320470000000000000000100000000000000000
091964560001002001060623204700000000000003050000010000000199000000000000000000000000000000000000000700000000000040000000000
091964560002002001060623204700000000000001080000220000000022000000000000000000000000000000100000001000000000000020000000000
11196456000300200106062320470000090000020000000221000000022100000000000000000000000000022100000000000000
121964560004002001060623204703010000000000000000000000000000000000000000000221000000000000000000000000000000
07196457000000200106062320490000000000000000100000000000000000
091964570001002001060623204900000000000002040007060000000246000000000000000000000000000000100000000500000000000010000000000
11196457000200200106062320490000090000010000000246000000024600000000000000000000000000024600000000000000
121964570003002001060623204903010000000000000000000000000000000000000000000246000000000000000000000000000000
0419645800000020010606232100000001196294196458000002098972080000021008677106062300001856340000000000000000000000000000000001000000000000000000000000000000000000000000000000000000000000000000000000000000001234567890AB        
