01198748000000200124062307230000010000008000000002124976091.82G5E   1234567890AB        Generica            
02198748000100200124062307230000010000090000000000
07198749000000200124062307270000000000000000100000000000000000
091987490001002001240623072700000000000001290009780000000684000000000000000000000000000000100000000250000000000020000000000
091987490002002001240623072700000000000001040006260000000375000000000000000000000000000000100000002750000000000020000000000
091987490003002001240623072700000000000005020000120000001200I 0000000000000000000000000000000000000100000000000060000000000
091987490004002001240623072700000000000005020000060000000600I 0000000000000000000000000000000000000100000000000060000000000
11198749000500200124062307270000090000040000002859000000285900000000000000000000000000285900000000000000
121987490006002001240623072703010000000000000000000000000000000000000000002859000000000000000000000000000000
07198750000000200124062307550000000000000000100000000000000000
091987500001002001240623075500000000000001290004000000000280000000000000000000000000000000100000000250000000000020000000000
091987500002002001240623075500000000000003250000010000000149000000000000000000000000000000000000000000000000000040000000000
11198750000300200124062307550000090000020000000429000000042900000000000000000000000000042900000000000000
121987500004002001240623075503010000000000000000000000000000000000000000000429000000000000000000000000000000
07198751000000200124062308220000000000000000100000000000000000
091987510001002001240623082200000000000005080000010000002399I 0100000000000000000000000000000000015000000000000070000000000
11198751000200200124062308220000090000010000002399000000239900000000000000000000000000239900000000000000
121987510003002001240623082203010000000000000000000000000000000000000000002399000000000000000000000000000000
07198752000000200124062308320000000000000000100000000000000000
091987520001002001240623083200000000000001040006100000000365000000000000000000000000000000100000002750000000000020000000000
091987520002002001240623083200000000000003250000010000000149000000000000000000000000000000000000000000000000000040000000000
11198752000300200124062308320000090000020000000514000000051400000000000000000000000000051400000000000000
121987520004002001240623083200000000000000000000000000000000000000000000000514000000000000000000000000000000
07198753000000200124062308360000000000000000100000000000000000
091987530001002001240623083600000000000002080012460000000622000000000000000000000000000000100000000500000000000010000000000
11198753000200200124062308360000090000010000000622000000062200000000000000000000000000500000000043780000
121987530003002001240623083600000000000000000000000000000000000000000000000622000000000000000000000000000000
07198754000000200124062308380000000000000000100000000000000000
091987540001002001240623083800000000000001070002340000000468000000000000000000000000000000100000010000000000000020000000000
11198754000200200124062308380000090000010000000468000000046800000000000000000000000000046800000000000000
121987540003002001240623083800000000000000000000000000000000000000000000000468000000000000000000000000000000
07198755000000200124062308390000000000000000100000000000000000
091987550001002001240623083900000000000003190000010000000600000000000000000000000000000000000000002000000000000050000000000
091987550002002001240623083900000000000001290001280000000089000000000000000000000000000000100000000250000000000020000000000
11198755000300200124062308390000090000020000000689000000068900000000000000000000000000068900000000000000
121987550004002001240623083903010000000000000000000000000000000000000000000689000000000000000000000000000000
14198756000000200124062308480000010000002093
07198757000000200124062308490000000000000000100000000000000000
091987570001002001240623084900000000000001010004940000000247000000000000000000000000000000100000001400000000000020000000000
091987570002002001240623084900000000000003250000020000000298000000000000000000000000000000000000000000000000000040000000000
11198757000300200124062308490000090000020000000545000000054500000000000000000000000000100000000004550000
121987570004002001240623084900000000000000000000000000000000000000000000000545000000000000000000000000000000
07198758000000200124062308540000000000000000100000000000000000
091987580001002001240623085400000000000003250000020000000298000000000000000000000000000000000000000000000000000040000000000
11198758000200200124062308540000090000010000000298000000029800000000000000000000000000029800000000000000
121987580003002001240623085400000000000000000000000000000000000000000000000298000000000000000000000000000000
07198759000000200124062308560000000000000000100000000000000000
091987590001002001240623085600000000000001160006500000000194000000000000000000000000000000100000000670000000000020000000000
091987590002002001240623085600000000000001290001600000000112000000000000000000000000000000100000000250000000000020000000000
091987590003002001240623085600000000000001070000540000000108000000000000000000000000000000100000010000000000000020000000000
11198759000400200124062308560000090000030000000414000000041400000000000000000000000000200000000015860000
121987590005002001240623085600000000000000000000000000000000000000000000000414000000000000000000000000000000
07198760000000200124062308580000000000000000100000000000000000
091987600001002001240623085800000000000003250000050000000745000000000000000000000000000000000000000000000000000040000000000
091987600002002001240623085800000000000003010000010000001200000000000000000000000000000000000000006000000000000050000000000
11198760000300200124062308580000090000020000001945000000194500000000000000000000000000500000000030550000
121987600004002001240623085800000000000000000000000000000000000000000000001945000000000000000000000000000000
07198761000000200124062309000000000000000000100000000000000000
091987610001002001240623090000000000000005020000050000000500I 0000000000000000000000000000000000000100000000000060000000000
11198761000200200124062309000000090000010000000500000000050000000000000000000000000000050000000000000000
121987610003002001240623090003100000000000000000000000000000000000000000000500000000000000000000000000000000
07198762000000200124062309080000000000000000100000000000000000
091987620001002001240623090800000000000002480005900000000235000000000000000000000000000000100000002000000000000050000000000
091987620002002001240623090800000000000002070003080000000154000000000000000000000000000000100000001990000000000010000000000
11198762000300200124062309080000090000020000000389000000038900000000000000000000000000038900000000000000
121987620004002001240623090802010000000000000000000000000000000000220000000389000000000000000000000000000000
101987620005002001240623090801000000000000002200000003890000000000001469000009
07198763000000200124062309100000000000000000100000000000000000
091987630001002001240623091000000000000002220000010000000499000000000000000000000000000000000000001500000000000010000000000
11198763000200200124062309100000090000010000000499000000049900000000000000000000000000049900000000000000
121987630003002001240623091000000000000000000000000000000000000000000000000499000000000000000000000000000000
07198764000000200124062309340000000000000000100000000000000000
091987640001002001240623093400000000000005080000010000002399I 0100000000000000000000000000000000015000000000000070000000000
11198764000200200124062309340000090000010000002399000000239900000000000000000000000000239900000000000000
121987640003002001240623093403050000000000000000000000000000000000000000002399000000000000000000000000000000
07198765000000200124062309510000000000000000100000000000000000
091987650001002001240623095100000000000003250000020000000298000000000000000000000000000000000000000000000000000040000000000
091987650002002001240623095100000000000003200000010000002500000000000000000000000000000000000000000000000000000050000000000
11198765000300200124062309510000090000020000002798000000279800000000000000000000000000279800000000000000
121987650004002001240623095103010000000000000000000000000000000000000000002798000000000000000000000000000000
07198766000000200124062309560000000000000000100000000000000000
091987660001002001240623095600000000000005080000010000002399I 0100000000000000000000000000000000015000000000000070000000000
091987660002002001240623095600000000000003010000010000001200000000000000000000000000000000000000006000000000000050000000000
11198766000300200124062309560000090000020000003599000000359900000000000000000000000000500000000014010000
121987660004002001240623095600000000000000000000000000000000000000000000003599000000000000000000000000000000
07198767000000200124062309580000000000000000100000000000000000
091987670001002001240623095800000000000003250000020000000298000000000000000000000000000000000000000000000000000040000000000
091987670002002001240623095800000000000003250000010000000149000000000000000000000000000000000000000000000000000040000000000
091987670003002001240623095800000000000001090003300000000231000000000000000000000000000000100000001500000000000020000000000
091987670004002001240623095800000000000001060006820000000477000000000000000000000000000000100000001500000000000020000000000
091987670005002001240623095800000000000001040005740000000344000000000000000000000000000000100000002750000000000020000000000
091987670006002001240623095800000000000001290003580000000250000000000000000000000000000000100000000250000000000020000000000
091987670007002001240623095800000000000005020000600000006000I 0000000000000000000000000000000000000100000000000060000000000
11198767000800200124062309580000090000070000007749000000774900000000000000000000000000774900000000000000
121987670009002001240623095800000000000000000000000000000000000000000000007749000000000000000000000000000000
07198768000000200124062310060000000000000000100000000000000000
091987680001002001240623100600000000000001020004460000000111000000000000000000000000000000100000001200000000000020000000000
091987680002002001240623100600000000000002050003360000000067000000000000000000000000000000100000000890000000000010000000000
11198768000300200124062310060000090000020000000178000000017800000000000000000000000000017800000000000000
121987680004002001240623100603010000000000000000000000000000000000000000000178000000000000000000000000000000
07198769000000200124062310320000000000000000100000000000000000
091987690001002001240623103200000000000010100011140000000222000000000000000000000000000000100000000990000000000020000000000
091987690002002001240623103200000000000002010012380000000370000000000000000000000000000000100000002150000000000010000000000
11198769000300200124062310320000090000020000000592000000059200000000000000000000000000059200000000000000
121987690004002001240623103200000000000000000000000000000000000000000000000592000000000000000000000000000000
07198770000000200124062310390000000000000000100000000000000000
091987700001002001240623103900000000000002040002700000000094000000000000000000000000000000100000000500000000000010000000000
11198770000200200124062310390000090000010000000094000000009400000000000000000000000000009400000000000000
121987700003002001240623103900000000000000000000000000000000000000000000000094000000000000000000000000000000
07198771000000200124062310440000000000000000100000000000000000
091987710001002001240623104400000000000003190000010000000600000000000000000000000000000000000000002000000000000050000000000
11198771000200200124062310440000090000010000000600000000060000000000000000000000000000060000000000000000
121987710003002001240623104400000000000000000000000000000000000000000000000600000000000000000000000000000000
07198772000000200124062310450000000000000000100000000000000000
091987720001002001240623104500000000000003250000010000000149000000000000000000000000000000000000000000000000000040000000000
11198772000200200124062310450000090000010000000149000000014900000000000000000000000000014900000000000000
121987720003002001240623104500000000000000000000000000000000000000000000000149000000000000000000000000000000
07198773000000200124062310480000000000000000100000000000000000
091987730001002001240623104800000000000003190000010000000600000000000000000000000000000000000000002000000000000050000000000
11198773000200200124062310480000090000010000000600000000060000000000000000000000000000060000000000000000
121987730003002001240623104803010000000000000000000000000000000000000000000600000000000000000000000000000000
07198774000000200124062311000000000000000000100000000000000000
17198774000100200124062311000000000000000138
091987740002002001240623110000000000000003250000010000000149000000000000000000000000000000000000000000000000000040000000000
091987740003002001240623110000000000000002260001980000000158000000000000000000000000000000100000002000000000000010000000000
11198774000400200124062311000000090000020000000307000000030700000000000000000000000001000000000096930000
121987740005002001240623110000000000000000000000000000000000000000000000000307000000000000000000000000000000
07198775000000200124062311030000000000000000100000000000000000
091987750001002001240623110300000000000001130020320000000811000000000000000000000000000000100000001500000000000020000000000
091987750002002001240623110300000000000001010011000000000659000000000000000000000000000000100000001400000000000020000000000
091987750003002001240623110300000000000005020000040000000400I 0000000000000000000000000000000000000100000000000060000000000
091987750004002001240623110300000000000005480000010000000250I 0300000000000000000000000000000000000000000000000030000000000
091987750005002001240623110300000000000005020000070000000700I 0000000000000000000000000000000000000100000000000060000000000
091987750006002001240623110300000000000005080000010000002399I 0100000000000000000000000000000000015000000000000070000000000
091987750007002001240623110300000000000002070020840000001040000000000000000000000000000000100000001990000000000010000000000
091987750008002001240623110300000000000001150003120000000499000000000000000000000000000000100000001000000000000020000000000
091987750009002001240623110300000000000005020000040000000400I 0000000000000000000000000000000000000100000000000060000000000
091987750010002001240623110300000000000005020000050000000500I 0000000000000000000000000000000000000100000000000060000000000
091987750011002001240623110300000000000001230001620000000146000000000000000000000000000000100000008750000000000020000000000
091987750012002001240623110300000000000002040005320000000186000000000000000000000000000000100000000500000000000010000000000
091987750013002001240623110300000000000001140004620000000184000000000000000000000000000000100000000500000000000020000000000
091987750014002001240623110300000000000002060000920000000046000000000000000000000000000000100000000000000000000010000000000
091987750015002001240623110300000000000002080002160000000108000000000000000000000000000000100000000500000000000010000000000
091987750016002001240623110300000000000005020000020000000200I 0000000000000000000000000000000000000100000000000060000000000
11198775001700200124062311030000090000160000008528000000852800000000000000000000000000852800000000000000
121987750018002001240623110302010000000000000000000000000000000000220000008528000000000000000000000000000000
101987750019002001240623110301000000000000002200000085280000000000001470000009
07198776000000200124062311030000000000000000100000000000000000
091987760001002001240623110300000000000001070000680000000136000000000000000000000000000000100000010000000000000020000000000
091987760002002001240623110300000000000005020000020000000200I 0000000000000000000000000000000000000100000000000060000000000
11198776000300200124062311030000090000020000000336000000033600000000000000000000000000033600000000000000
121987760004002001240623110300000000000000000000000000000000000000000000000336000000000000000000000000000000
07198777000000200124062311050000000000000000100000000000000000
091987770001002001240623110500000000000003200000010000002500000000000000000000000000000000000000000000000000000050000000000
11198777000200200124062311050000090000010000002500000000250000000000000000000000000000250000000000000000
121987770003002001240623110503010000000000000000000000000000000000000000002500000000000000000000000000000000
07198778000000200124062311120000000000000000100000000000000000
091987780001002001240623111200000000000002260004320000000345000000000000000000000000000000100000002000000000000010000000000
091987780002002001240623111200000000000003250000010000000149000000000000000000000000000000000000000000000000000040000000000
091987780003002001240623111200000000000001060003200000000160000000000000000000000000000000100000001500000000000020000000000
091987780004002001240623111200000000000001040002820000000197000000000000000000000000000000100000002750000000000020000000000
091987780005002001240623111200000000000002050009080000000181000000000000000000000000000000100000000890000000000010000000000
091987780006002001240623111200000000000001220006000000000179000000000000000000000000000000100000001500000000000020000000000
091987780007002001240623111200000000000002070015280000000762000000000000000000000000000000100000001990000000000010000000000
11198778000800200124062311120000090000070000001973000000197300000000000000000000000000200000000000270000
121987780009002001240623111200000000000000000000000000000000000000000000001973000000000000000000000000000000
07198779000000200124062311130000000000000000100000000000000000
091987790001002001240623111300000000000001270004300000000215000000000000000000000000000000100000000250000000000020000000000
11198779000200200124062311130000090000010000000215000000021500000000000000000000000000021500000000000000
121987790003002001240623111300000000000000000000000000000000000000000000000215000000000000000000000000000000
14198780000000200124062311140000010000000000
07198781000000200124062311150000000000000000100000000000000000
091987810001002001240623111500000000000001130010620000000424000000000000000000000000000000100000001500000000000020000000000
11198781000200200124062311150000090000010000000424000000042400000000000000000000000000042400000000000000
121987810003002001240623111500000000000000000000000000000000000000000000000424000000000000000000000000000000
07198782000000200124062311160000000000000000100000000000000000
091987820001002001240623111600000000000024300005000000000150000000000000000000000000000000100000000990000000000010000000000
11198782000200200124062311160000090000010000000150000000015000000000000000000000000000015000000000000000
121987820003002001240623111600000000000000000000000000000000000000000000000150000000000000000000000000000000
07198783000000200124062311160000000000000000100000000000000000
091987830001002001240623111600000000000003250000020000000298000000000000000000000000000000000000000000000000000040000000000
11198783000200200124062311160000090000010000000298000000029800000000000000000000000000029800000000000000
121987830003002001240623111600000000000000000000000000000000000000000000000298000000000000000000000000000000
07198784000000200124062311180000000000000000100000000000000000
091987840001002001240623111800000000000005020000120000001200I 0000000000000000000000000000000000000100000000000060000000000
091987840002002001240623111800000000000002430008320000000498000000000000000000000000000000100000000000000000000010000000000
091987840003002001240623111800000000000001040001580000000110000000000000000000000000000000100000002750000000000020000000000
091987840004002001240623111800000000000005020000050000000500I 0000000000000000000000000000000000000100000000000060000000000
11198784000500200124062311180000090000040000002308000000230800000000000000000000000000230800000000000000
121987840006002001240623111803010000000000000000000000000000000000000000002308000000000000000000000000000000
07198785000000200124062311220000000000000000100000000000000000
091987850001002001240623112200000000000001070000780000000156000000000000000000000000000000100000010000000000000020000000000
11198785000200200124062311220000090000010000000156000000015600000000000000000000000000015600000000000000
121987850003002001240623112200000000000000000000000000000000000000000000000156000000000000000000000000000000
07198786000000200124062311260000000000000000100000000000000000
091987860001002001240623112600000000000001230002040000000183000000000000000000000000000000100000008750000000000020000000000
091987860002002001240623112600000000000005020000120000001200I 0000000000000000000000000000000000000100000000000060000000000
091987860003002001240623112600000000000005080000010000002399I 0100000000000000000000000000000000015000000000000070000000000
091987860004002001240623112600000000000024300009500000000284000000000000000000000000000000100000000990000000000010000000000
11198786000500200124062311260000090000040000004066000000406600000000000000000000000000406600000000000000
121987860006002001240623112603050000000000000000000000000000000000000000004066000000000000000000000000000000
07198787000000200124062311270000000000000000100000000000000000
091987870001002001240623112700000000000005020000050000000500I 0000000000000000000000000000000000000100000000000060000000000
11198787000200200124062311270000090000010000000500000000050000000000000000000000000000050000000000000000
121987870003002001240623112703010000000000000000000000000000000000000000000500000000000000000000000000000000
07198788000000200124062311310000000000000000100000000000000000
091987880001002001240623113100000000000001130014280000000570000000000000000000000000000000100000001500000000000020000000000
11198788000200200124062311310000090000010000000570000000057000000000000000000000000000200000000014300000
121987880003002001240623113100000000000000000000000000000000000000000000000570000000000000000000000000000000
07198789000000200124062311380000000000000000100000000000000000
091987890001002001240623113800000000000002050008980000000179000000000000000000000000000000100000000890000000000010000000000
091987890002002001240623113800000000000002010014000000000419000000000000000000000000000000100000002150000000000010000000000
091987890003002001240623113800000000000002080008340000000416000000000000000000000000000000100000000500000000000010000000000
091987890004002001240623113800000000000005020000040000000400I 0000000000000000000000000000000000000100000000000060000000000
11198789000500200124062311380000090000040000001414000000141400000000000000000000000000141400000000000000
121987890006002001240623113803010000000000000000000000000000000000000000001414000000000000000000000000000000
07198790000000200124062311440000000000000000100000000000000000
091987900001002001240623114400000000000001010007960000000477000000000000000000000000000000100000001400000000000020000000000
11198790000200200124062311440000090000010000000477000000047700000000000000000000000000047700000000000000
121987900003002001240623114400000000000000000000000000000000000000000000000477000000000000000000000000000000
07198791000000200124062311470000000000000000100000000000000000
091987910001002001240623114700000000000001010008820000000528000000000000000000000000000000100000001400000000000020000000000
091987910002002001240623114700000000000003190000010000000600000000000000000000000000000000000000002000000000000050000000000
091987910003002001240623114700000000000002020003460000000242000000000000000000000000000000100000001990000000000010000000000
091987910004002001240623114700000000000002070003820000000191000000000000000000000000000000100000001990000000000010000000000
091987910005002001240623114700000000000002280001480000000118000000000000000000000000000000100000001000000000000010000000000
11198791000600200124062311470000090000050000001679000000167900000000000000000000000000167900000000000000
121987910007002001240623114703010000000000000000000000000000000000000000001679000000000000000000000000000000
07198792000000200124062311520000000000000000100000000000000000
091987920001002001240623115200000000000003190000010000000600000000000000000000000000000000000000002000000000000050000000000
11198792000200200124062311520000090000010000000600000000060000000000000000000000000000060000000000000000
121987920003002001240623115200000000000000000000000000000000000000000000000600000000000000000000000000000000
07198793000000200124062311540000000000000000100000000000000000
091987930001002001240623115400000000000001010023600000001414000000000000000000000000000000100000001400000000000020000000000
11198793000200200124062311540000090000010000001414000000141400000000000000000000000000141400000000000000
121987930003002001240623115403050000000000000000000000000000000000000000001414000000000000000000000000000000
07198794000000200124062311550000000000000000100000000000000000
091987940001002001240623115500000000000002260001740000000139000000000000000000000000000000100000002000000000000010000000000
091987940002002001240623115500000000000001040001360000000095000000000000000000000000000000100000002750000000000020000000000
091987940003002001240623115500000000000001070000660000000132000000000000000000000000000000100000010000000000000020000000000
11198794000400200124062311550000090000030000000366000000036600000000000000000000000000036600000000000000
121987940005002001240623115500000000000000000000000000000000000000000000000366000000000000000000000000000000
07198795000000200124062312040000000000000000100000000000000000
091987950001002001240623120400000000000001080006620000000529000000000000000000000000000000100000001000000000000020000000000
091987950002002001240623120400000000000001040007620000000533000000000000000000000000000000100000002750000000000020000000000
091987950003002001240623120400000000000001240001800000000180000000000000000000000000000000100000001670000000000020000000000
091987950004002001240623120400000000000002080005320000000265000000000000000000000000000000100000000500000000000010000000000
091987950005002001240623120400000000000003250000020000000298000000000000000000000000000000000000000000000000000040000000000
11198795000600200124062312040000090000050000001805000000180500000000000000000000000000180500000000000000
121987950007002001240623120400000000000000000000000000000000000000000000001805000000000000000000000000000000
07198796000000200124062312130000000000000000100000000000000000
091987960001002001240623121300000000000001080010860000000868000000000000000000000000000000100000001000000000000020000000000
091987960002002001240623121300000000000001120009220000000552000000000000000000000000000000100000001000000000000020000000000
091987960003002001240623121300000000000001150004180000000668000000000000000000000000000000100000001000000000000020000000000
091987960004002001240623121300000000000002080014860000000742000000000000000000000000000000100000000500000000000010000000000
091987960005002001240623121300000000000001140003120000000124000000000000000000000000000000100000000500000000000020000000000
091987960006002001240623121300000000000001160010740000000321000000000000000000000000000000100000000670000000000020000000000
091987960007002001240623121300000000000001170004020000000241000000000000000000000000000000100000001430000000000020000000000
11198796000800200124062312130000090000070000003516000000351600000000000000000000000000351600000000000000
121987960009002001240623121303010000000000000000000000000000000000000000003516000000000000000000000000000000
07198797000000200124062312140000000000000000100000000000000000
091987970001002001240623121400000000000002070013020000000650000000000000000000000000000000100000001990000000000010000000000
091987970002002001240623121400000000000005080000010000002399I 0100000000000000000000000000000000015000000000000070000000000
091987970003002001240623121400000000000003250000010000000149000000000000000000000000000000000000000000000000000040000000000
091987970004002001240623121400000000000001050009500000000379000000000000000000000000000000100000002000000000000020000000000
091987970005002001240623121400000000000002050009480000000189000000000000000000000000000000100000000890000000000010000000000
091987970006002001240623121400000000000001060005680000000283000000000000000000000000000000100000001500000000000020000000000
11198797000700200124062312140000090000060000004049000000404900000000000000000000000001000000000059510000
121987970008002001240623121400000000000000000000000000000000000000000000004049000000000000000000000000000000
14198798000000200124062312150000010000000000
07198799000000200124062312160000000000000000100000000000000000
091987990001002001240623121600000000000001010019380000001161000000000000000000000000000000100000001400000000000020000000000
091987990002002001240623121600000000000001060009100000000454000000000000000000000000000000100000001500000000000020000000000
091987990003002001240623121600000000000003250000010000000149000000000000000000000000000000000000000000000000000040000000000
11198799000400200124062312160000090000030000001764000000176400000000000000000000000000200000000002360000
121987990005002001240623121600000000000000000000000000000000000000000000001764000000000000000000000000000000
07198800000000200124062312170000000000000000100000000000000000
091988000001002001240623121700000000000001130010960000000437000000000000000000000000000000100000001500000000000020000000000
091988000002002001240623121700000000000001020023820000000950000000000000000000000000000000100000001200000000000020000000000
091988000003002001240623121700000000000001040003340000000233000000000000000000000000000000100000002750000000000020000000000
091988000004002001240623121700000000000001080006440000000515000000000000000000000000000000100000001000000000000020000000000
091988000005002001240623121700000000000001070002480000000496000000000000000000000000000000100000010000000000000020000000000
091988000006002001240623121700000000000005020000010000000100I 0000000000000000000000000000000000000100000000000060000000000
11198800000700200124062312170000090000060000002731000000273100000000000000000000000000273100000000000000
121988000008002001240623121703010000000000000000000000000000000000000000002731000000000000000000000000000000
07198801000000200124062312190000000000000000100000000000000000
091988010001002001240623121900000000000002040004180000000146000000000000000000000000000000100000000500000000000010000000000
091988010002002001240623121900000000000003250000010000000149000000000000000000000000000000000000000000000000000040000000000
11198801000300200124062312190000090000020000000295000000029500000000000000000000000000029500000000000000
121988010004002001240623121900000000000000000000000000000000000000000000000295000000000000000000000000000000
14198802000000200124062312220000010000003678
07198803000000200124062312260000000000000000100000000000000000
091988030001002001240623122600000000000002010003660000000109000000000000000000000000000000100000002150000000000010000000000
11198803000200200124062312260000090000010000000109000000010900000000000000000000000000010900000000000000
121988030003002001240623122600000000000000000000000000000000000000000000000109000000000000000000000000000000
07198804000000200124062312270000000000000000100000000000000000
091988040001002001240623122700000000000001080001240000000099000000000000000000000000000000100000001000000000000020000000000
11198804000200200124062312270000090000010000000099000000009900000000000000000000000000009900000000000000
121988040003002001240623122700000000000000000000000000000000000000000000000099000000000000000000000000000000
07198805000000200124062312290000000000000000100000000000000000
091988050001002001240623122900000000000001090002060000000144000000000000000000000000000000100000001500000000000020000000000
091988050002002001240623122900000000000002040003800000000133000000000000000000000000000000100000000500000000000010000000000
091988050003002001240623122900000000000001220005640000000169000000000000000000000000000000100000001500000000000020000000000
091988050004002001240623122900000000000001050004980000000199000000000000000000000000000000100000002000000000000020000000000
091988050005002001240623122900000000000002020005720000000400000000000000000000000000000000100000001990000000000010000000000
091988050006002001240623122900000000000001080005260000000420000000000000000000000000000000100000001000000000000020000000000
091988050007002001240623122900000000000001070001800000000360000000000000000000000000000000100000010000000000000020000000000
091988050008002001240623122900000000000002070009900000000494000000000000000000000000000000100000001990000000000010000000000
11198805000900200124062312290000090000080000002319000000231900000000000000000000000000231900000000000000
121988050010002001240623122900000000000000000000000000000000000000000000002319000000000000000000000000000000
07198806000000200124062312300000000000000000100000000000000000
091988060001002001240623123000000000000003200000010000002500000000000000000000000000000000000000000000000000000050000000000
11198806000200200124062312300000090000010000002500000000250000000000000000000000000000250000000000000000
121988060003002001240623123003010000000000000000000000000000000000000000002500000000000000000000000000000000
07198807000000200124062312320000000000000000100000000000000000
091988070001002001240623123200000000000001090000940000000066000000000000000000000000000000100000001500000000000020000000000
17198807000200200124062312320000000000000200
091988070003002001240623123200000000000005020000010000000100I 0000000000000000000000000000000000000100000000000060000000000
091988070004002001240623123200000000000001050002960000000118000000000000000000000000000000100000002000000000000020000000000
11198807000500200124062312320000090000030000000284000000028400000000000000000000000000028400000000000000
121988070006002001240623123200000000000000000000000000000000000000000000000284000000000000000000000000000000
07198808000000200124062312410000000000000000100000000000000000
091988080001002001240623124100000000000001080005580000000446000000000000000000000000000000100000001000000000000020000000000
091988080002002001240623124100000000000001140004860000000194000000000000000000000000000000100000000500000000000020000000000
091988080003002001240623124100000000000001060003180000000159000000000000000000000000000000100000001500000000000020000000000
091988080004002001240623124100000000000001100004860000000243000000000000000000000000000000100000000500000000000020000000000
091988080005002001240623124100000000000001240004900000000490000000000000000000000000000000100000001670000000000020000000000
091988080006002001240623124100000000000001090002260000000158000000000000000000000000000000100000001500000000000020000000000
091988080007002001240623124100000000000002220000010000000499000000000000000000000000000000000000001500000000000010000000000
11198808000800200124062312410000090000070000002189000000218900000000000000000000000000218900000000000000
121988080009002001240623124100000000000000000000000000000000000000000000002189000000000000000000000000000000
07198809000000200124062312420000000000000000100000000000000000
091988090001002001240623124200000000000001040001100000000077000000000000000000000000000000100000002750000000000020000000000
091988090002002001240623124200000000000003250000010000000149000000000000000000000000000000000000000000000000000040000000000
091988090003002001240623124200000000000001170002760000000165000000000000000000000000000000100000001430000000000020000000000
091988090004002001240623124200000000000002480002860000000114000000000000000000000000000000100000002000000000000050000000000
11198809000500200124062312420000090000040000000505000000050500000000000000000000000000050500000000000000
121988090006002001240623124200000000000000000000000000000000000000000000000505000000000000000000000000000000
07198810000000200124062312460000000000000000100000000000000000
091988100001002001240623124600000000000002070008260000000412000000000000000000000000000000100000001990000000000010000000000
091988100002002001240623124600000000000002010008800000000263000000000000000000000000000000100000002150000000000010000000000
11198810000300200124062312460000090000020000000675000000067500000000000000000000000000067500000000000000
121988100004002001240623124600000000000000000000000000000000000000000000000675000000000000000000000000000000
07198811000000200124062312470000000000000000100000000000000000
091988110001002001240623124700000000000002040005860000000205000000000000000000000000000000100000000500000000000010000000000
11198811000200200124062312470000090000010000000205000000020500000000000000000000000000020500000000000000
121988110003002001240623124700000000000000000000000000000000000000000000000205000000000000000000000000000000
07198812000000200124062312470000000000000000100000000000000000
091988120001002001240623124700000000000002070012200000000609000000000000000000000000000000100000001990000000000010000000000
091988120002002001240623124700000000000001010008560000000513000000000000000000000000000000100000001400000000000020000000000
11198812000300200124062312470000090000020000001122000000112200000000000000000000000000200000000008780000
121988120004002001240623124700000000000000000000000000000000000000000000001122000000000000000000000000000000
07198813000000200124062312490000000000000000100000000000000000
091988130001002001240623124900000000000002050009960000000198000000000000000000000000000000100000000890000000000010000000000
11198813000200200124062312490000090000010000000198000000019800000000000000000000000000019800000000000000
121988130003002001240623124900000000000000000000000000000000000000000000000198000000000000000000000000000000
07198814000000200124062312520000000000000000100000000000000000
091988140001002001240623125200000000000003250000020000000298000000000000000000000000000000000000000000000000000040000000000
11198814000200200124062312520000090000010000000298000000029800000000000000000000000000029800000000000000
121988140003002001240623125200000000000000000000000000000000000000000000000298000000000000000000000000000000
07198815000000200124062312550000000000000000100000000000000000
091988150001002001240623125500000000000001140006780000000271000000000000000000000000000000100000000500000000000020000000000
11198815000200200124062312550000090000010000000271000000027100000000000000000000000000027100000000000000
121988150003002001240623125500000000000000000000000000000000000000000000000271000000000000000000000000000000
07198816000000200124062312590000000000000000100000000000000000
091988160001002001240623125900000000000003250000010000000149000000000000000000000000000000000000000000000000000040000000000
11198816000200200124062312590000090000010000000149000000014900000000000000000000000000014900000000000000
121988160003002001240623125903060000000000000000000000000000000000000000000149000000000000000000000000000000
07198817000000200124062313000000000000000000100000000000000000
091988170001002001240623130000000000000002280007120000000569000000000000000000000000000000100000001000000000000010000000000
11198817000200200124062313000000090000010000000569000000056900000000000000000000000000056900000000000000
121988170003002001240623130000000000000000000000000000000000000000000000000569000000000000000000000000000000
07198818000000200124062313000000000000000000100000000000000000
091988180001002001240623130000000000000001050002580000000103000000000000000000000000000000100000002000000000000020000000000
11198818000200200124062313000000090000010000000103000000010300000000000000000000000000010300000000000000
121988180003002001240623130000000000000000000000000000000000000000000000000103000000000000000000000000000000
07198819000000200124062313020000000000000000100000000000000000
091988190001002001240623130200000000000001140002220000000089000000000000000000000000000000100000000500000000000020000000000
091988190002002001240623130200000000000001280003140000000094000000000000000000000000000000100000000980000000000020000000000
091988190003002001240623130200000000000005020000030000000300I 0000000000000000000000000000000000000100000000000060000000000
11198819000400200124062313020000090000030000000483000000048300000000000000000000000000048300000000000000
121988190005002001240623130203010000000000000000000000000000000000000000000483000000000000000000000000000000
07198820000000200124062313030000000000000000100000000000000000
091988200001002001240623130300000000000001070002620000000524000000000000000000000000000000100000010000000000000020000000000
091988200002002001240623130300000000000001040001100000000077000000000000000000000000000000100000002750000000000020000000000
091988200003002001240623130300000000000001180001500000000105000000000000000000000000000000100000001000000000000020000000000
11198820000400200124062313030000090000030000000706000000070600000000000000000000000000070600000000000000
121988200005002001240623130303010000000000000000000000000000000000000000000706000000000000000000000000000000
07198821000000200124062313130000000000000000100000000000000000
091988210001002001240623131300000000000001040003540000000247000000000000000000000000000000100000002750000000000020000000000
091988210002002001240623131300000000000003250000010000000149000000000000000000000000000000000000000000000000000040000000000
091988210003002001240623131300000000000001090001880000000131000000000000000000000000000000100000001500000000000020000000000
091988210004002001240623131300000000000001080005240000000419000000000000000000000000000000100000001000000000000020000000000
11198821000500200124062313130000090000040000000946000000094600000000000000000000000000094600000000000000
121988210006002001240623131300000000000000000000000000000000000000000000000946000000000000000000000000000000
07198822000000200124062313160000000000000000100000000000000000
091988220001002001240623131600000000000002040008040000000281000000000000000000000000000000100000000500000000000010000000000
11198822000200200124062313160000090000010000000281000000028100000000000000000000000000028100000000000000
121988220003002001240623131603010000000000000000000000000000000000000000000281000000000000000000000000000000
07198823000000200124062313280000000000000000100000000000000000
091988230001002001240623132800000000000001130009540000000381000000000000000000000000000000100000001500000000000020000000000
091988230002002001240623132800000000000001060002580000000129000000000000000000000000000000100000001500000000000020000000000
091988230003002001240623132800000000000001050004300000000172000000000000000000000000000000100000002000000000000020000000000
091988230004002001240623132800000000000001080003560000000284000000000000000000000000000000100000001000000000000020000000000
091988230005002001240623132800000000000003250000010000000149000000000000000000000000000000000000000000000000000040000000000
091988230006002001240623132800000000000005020000010000000100I 0000000000000000000000000000000000000100000000000060000000000
091988230007002001240623132800000000000005020000030000000300I 0000000000000000000000000000000000000100000000000060000000000
11198823000800200124062313280000090000070000001515000000151500000000000000000000000000151500000000000000
121988230009002001240623132803010000000000000000000000000000000000000000001515000000000000000000000000000000
07198824000000200124062313290000000000000000100000000000000000
091988240001002001240623132900000000000002040005220000000182000000000000000000000000000000100000000500000000000010000000000
17198824000200200124062313290000000000002998
11198824000300200124062313290000090000010000000182000000018200000000000000000000000000200000000018180000
121988240004002001240623132900000000000000000000000000000000000000000000000182000000000000000000000000000000
07198825000000200124062313310000000000000000100000000000000000
091988250001002001240623133100000000000002230005960000001191000000000000000000000000000000100000004980000000000010000000000
091988250002002001240623133100000000000002230003000000000600000000000000000000000000000000100000004980000000000010000000000
091988250003002001240623133100000000000002190000010000001499000000000000000000000000000000000000002250000000000010000000000
11198825000400200124062313310000090000030000003290000000329000000000000000000000000000329000000000000000
121988250005002001240623133103010000000000000000000000000000000000000000003290000000000000000000000000000000
07198826000000200124062313380000000000000000100000000000000000
091988260001002001240623133800000000000003250000020000000298000000000000000000000000000000000000000000000000000040000000000
11198826000200200124062313380000090000010000000298000000029800000000000000000000000000029800000000000000
121988260003002001240623133800000000000000000000000000000000000000000000000298000000000000000000000000000000
061988260004002001240623133900000100000450000000000000000000000000000000000000000000
07198827000000200124062313440000000000000000100000000000000000
091988270001002001240623134400000000000002280009680000000773000000000000000000000000000000100000001000000000000010000000000
11198827000200200124062313440000090000010000000773000000077300000000000000000000000000077300000000000000
121988270003002001240623134403010000000000000000000000000000000000000000000773000000000000000000000000000000
07198828000000200124062313450000000000000000100000000000000000
091988280001002001240623134500000000000002090003280000000393000000000000000000000000000000100000004720000000000010000000000
11198828000200200124062313450000090000010000000393000000039300000000000000000000000000039300000000000000
121988280003002001240623134500000000000000000000000000000000000000000000000393000000000000000000000000000000
07198829000000200124062313470000000000000000100000000000000000
091988290001002001240623134700000000000005020000180000001800I 0000000000000000000000000000000000000100000000000060000000000
11198829000200200124062313470000090000010000001800000000180000000000000000000000000000180000000000000000
121988290003002001240623134703100000000000000000000000000000000000000000001800000000000000000000000000000000
14198830000000200124062313520000010000000000
07198831000000200124062313520000000000000000100000000000000000
091988310001002001240623135200000000000001130014060000000561000000000000000000000000000000100000001500000000000020000000000
11198831000200200124062313520000090000010000000561000000056100000000000000000000000000056100000000000000
121988310003002001240623135200000000000000000000000000000000000000000000000561000000000000000000000000000000
07198832000000200124062313540000000000000000100000000000000000
091988320001002001240623135400000000000001010008520000000510000000000000000000000000000000100000001400000000000020000000000
091988320002002001240623135400000000000001050002460000000098000000000000000000000000000000100000002000000000000020000000000
091988320003002001240623135400000000000001070001320000000264000000000000000000000000000000100000010000000000000020000000000
091988320004002001240623135400000000000002050009440000000188000000000000000000000000000000100000000890000000000010000000000
11198832000500200124062313540000090000040000001060000000106000000000000000000000000000106000000000000000
121988320006002001240623135403010000000000000000000000000000000000000000001060000000000000000000000000000000
07198833000000200124062313550000000000000000100000000000000000
091988330001002001240623135500000000000001050013220000000527000000000000000000000000000000100000002000000000000020000000000
091988330002002001240623135500000000000005020000050000000500I 0000000000000000000000000000000000000100000000000060000000000
091988330003002001240623135500000000000005020000080000000800I 0000000000000000000000000000000000000100000000000060000000000
11198833000400200124062313550000090000030000001827000000182700000000000000000000000000182700000000000000
121988330005002001240623135500000000000000000000000000000000000000000000001827000000000000000000000000000000
07198834000000200124062314010000000000000000100000000000000000
091988340001002001240623140100000000000005020000040000000400I 0000000000000000000000000000000000000100000000000060000000000
11198834000200200124062314010000090000010000000400000000040000000000000000000000000000040000000000000000
121988340003002001240623140100000000000000000000000000000000000000000000000400000000000000000000000000000000
07198835000000200124062314020000000000000000100000000000000000
091988350001002001240623140200000000000001080006020000000481000000000000000000000000000000100000001000000000000020000000000
11198835000200200124062314020000090000010000000481000000048100000000000000000000000000048100000000000000
121988350003002001240623140203010000000000000000000000000000000000000000000481000000000000000000000000000000
07198836000000200124062314020000000000000000100000000000000000
091988360001002001240623140200000000000003250000010000000149000000000000000000000000000000000000000000000000000040000000000
11198836000200200124062314020000090000010000000149000000014900000000000000000000000000014900000000000000
121988360003002001240623140200000000000000000000000000000000000000000000000149000000000000000000000000000000
07198837000000200124062314050000000000000000100000000000000000
091988370001002001240623140500000000000003250000010000000149000000000000000000000000000000000000000000000000000040000000000
091988370002002001240623140500000000000001180003580000000250000000000000000000000000000000100000001000000000000020000000000
091988370003002001240623140500000000000001120001320000000079000000000000000000000000000000100000001000000000000020000000000
091988370004002001240623140500000000000001140003540000000141000000000000000000000000000000100000000500000000000020000000000
091988370005002001240623140500000000000001060001580000000079000000000000000000000000000000100000001500000000000020000000000
091988370006002001240623140500000000000001270002000000000100000000000000000000000000000000100000000250000000000020000000000
091988370007002001240623140500000000000001250002560000000023I 0000000000000000000000000000100000000530000000000020000000000
11198837000800200124062314050000090000070000000821000000082100000000000000000000000000082100000000000000
121988370009002001240623140503010000000000000000000000000000000000000000000821000000000000000000000000000000
07198838000000200124062314110000000000000000100000000000000000
091988380001002001240623141100000000000002280018660000001491000000000000000000000000000000100000001000000000000010000000000
11198838000200200124062314110000090000010000001491000000149100000000000000000000000000200000000005090000
121988380003002001240623141100000000000000000000000000000000000000000000001491000000000000000000000000000000
07198839000000200124062314330000000000000000100000000000000000
091988390001002001240623143300000000000002070023300000001163000000000000000000000000000000100000001990000000000010000000000
17198839000200200124062314330000000000001000
091988390003002001240623143300000000000002130014160000000423000000000000000000000000000000100000001400000000000010000000000
091988390004002001240623143300000000000002480007380000000294000000000000000000000000000000100000002000000000000050000000000
091988390005002001240623143300000000000001080003160000000252000000000000000000000000000000100000001000000000000020000000000
091988390006002001240623143300000000000001120004540000000272000000000000000000000000000000100000001000000000000020000000000
091988390007002001240623143300000000000001130013520000000539000000000000000000000000000000100000001500000000000020000000000
11198839000800200124062314330000090000060000002943000000294300000000000000000000000000294300000000000000
121988390009002001240623143303010000000000000000000000000000000000000000002943000000000000000000000000000000
07198840000000200124062314340000000000000000100000000000000000
17198840000100200124062314340000000000000200
091988400002002001240623143400000000000005020000030000000300I 0000000000000000000000000000000000000100000000000060000000000
11198840000300200124062314340000090000010000000300000000030000000000000000000000000000030000000000000000
121988400004002001240623143400000000000000000000000000000000000000000000000300000000000000000000000000000000
07198841000000200124062314350000000000000000100000000000000000
091988410001002001240623143500000000000003010000010000001200000000000000000000000000000000000000006000000000000050000000000
091988410002002001240623143500000000000005020000080000000800I 0000000000000000000000000000000000000100000000000060000000000
091988410003002001240623143500000000000005020000020000000200I 0000000000000000000000000000000000000100000000000060000000000
11198841000400200124062314350000090000030000002200000000220000000000000000000000000000520000000030000000
121988410005002001240623143500000000000000000000000000000000000000000000002200000000000000000000000000000000
07198842000000200124062314370000000000000000100000000000000000
091988420001002001240623143700000000000005480000010000000250I 0300000000000000000000000000000000000000000000000030000000000
11198842000200200124062314370000090000010000000250000000025000000000000000000000000000025000000000000000
121988420003002001240623143702010000000000000000000000000000000000210000000250000000000000000000000000000000
101988420004002001240623143701000000000000002100000002500000000000000289000009
14198843000000200124062314500000010000000000
07198844000000200124062314570000000000000000100000000000000000
091988440001002001240623145700000000000005020000030000000300I 0000000000000000000000000000000000000100000000000060000000000
091988440002002001240623145700000000000002130017240000000515000000000000000000000000000000100000001400000000000010000000000
11198844000300200124062314570000090000020000000815000000081500000000000000000000000000100000000001850000
121988440004002001240623145700000000000000000000000000000000000000000000000815000000000000000000000000000000
07198845000000200124062315060000000000000000100000000000000000
091988450001002001240623150600000000000003200000010000002500000000000000000000000000000000000000000000000000000050000000000
091988450002002001240623150600000000000005020000100000001000I 0000000000000000000000000000000000000100000000000060000000000
091988450003002001240623150600000000000002590027820000002779000000000000000000000000000000100000002990000000000010000000000
091988450004002001240623150600000000000002070010180000000508000000000000000000000000000000100000001990000000000010000000000
11198845000500200124062315060000090000040000006787000000678700000000000000000000000000700000000002130000
121988450006002001240623150600000000000000000000000000000000000000000000006787000000000000000000000000000000
07198846000000200124062315070000000000000000100000000000000000
091988460001002001240623150700000000000005020000070000000700I 0000000000000000000000000000000000000100000000000060000000000
11198846000200200124062315070000090000010000000700000000070000000000000000000000000000100000000003000000
121988460003002001240623150700000000000000000000000000000000000000000000000700000000000000000000000000000000
07198847000000200124062315080000000000000000100000000000000000
091988470001002001240623150800000000000002010040110000001200000000000000000000000000000000100000002150000000000010000000000
091988470002002001240623150800000000000002070009580000000478000000000000000000000000000000100000001990000000000010000000000
11198847000300200124062315080000090000020000001678000000167800000000000000000000000000167800000000000000
121988470004002001240623150803050000000000000000000000000000000000000000001678000000000000000000000000000000
14198848000000200124062315120000010000000000
07198849000000200124062315130000000000000000100000000000000000
091988490001002001240623151300000000000002480000740000000030000000000000000000000000000000100000002000000000000050000000000
11198849000200200124062315130000090000010000000030000000003000000000000000000000000000003000000000000000
121988490003002001240623151300000000000000000000000000000000000000000000000030000000000000000000000000000000
07198850000000200124062315240000000000000000100000000000000000
091988500001002001240623152400000000000005080000010000002399I 0100000000000000000000000000000000015000000000000070000000000
11198850000200200124062315240000090000010000002399000000239900000000000000000000000000239900000000000000
121988500003002001240623152403010000000000000000000000000000000000000000002399000000000000000000000000000000
07198851000000200124062315360000000000000000100000000000000000
091988510001002001240623153600000000000002280003900000000312000000000000000000000000000000100000001000000000000010000000000
091988510002002001240623153600000000000002430001640000000098000000000000000000000000000000100000000000000000000010000000000
11198851000300200124062315360000090000020000000410000000041000000000000000000000000000050000000000900000
121988510004002001240623153600000000000000000000000000000000000000000000000410000000000000000000000000000000
07198852000000200124062315510000000000000000100000000000000000
091988520001002001240623155100000000000001120006040000000362000000000000000000000000000000100000001000000000000020000000000
091988520002002001240623155100000000000003190000010000000600000000000000000000000000000000000000002000000000000050000000000
091988520003002001240623155100000000000001270002240000000112000000000000000000000000000000100000000250000000000020000000000
091988520004002001240623155100000000000002050004360000000087000000000000000000000000000000100000000890000000000010000000000
11198852000500200124062315510000090000040000001161000000116100000000000000000000000000200000000008390000
121988520006002001240623155100000000000000000000000000000000000000000000001161000000000000000000000000000000
07198853000000200124062316000000000000000000100000000000000000
091988530001002001240623160000000000000002480001420000000057000000000000000000000000000000100000002000000000000050000000000
11198853000200200124062316000000090000010000000057000000005700000000000000000000000000005700000000000000
121988530003002001240623160000000000000000000000000000000000000000000000000057000000000000000000000000000000
07198854000000200124062316010000000000000000100000000000000000
091988540001002001240623160100000000000002110006660000000332000000000000000000000000000000100000000990000000000010000000000
091988540002002001240623160100000000000002040002520000000088000000000000000000000000000000100000000500000000000010000000000
11198854000300200124062316010000090000020000000420000000042000000000000000000000000000200000000015800000
121988540004002001240623160100000000000000000000000000000000000000000000000420000000000000000000000000000000
07198855000000200124062316220000000000000000100000000000000000
091988550001002001240623162200000000000002020006640000000464000000000000000000000000000000100000001990000000000010000000000
091988550002002001240623162200000000000002090003380000000405000000000000000000000000000000100000004720000000000010000000000
091988550003002001240623162200000000000002070014360000000717000000000000000000000000000000100000001990000000000010000000000
091988550004002001240623162200000000000002010003760000000112000000000000000000000000000000100000002150000000000010000000000
091988550005002001240623162200000000000002040006660000000232000000000000000000000000000000100000000500000000000010000000000
091988550006002001240623162200000000000002150000010000000399000000000000000000000000000000000000000500000000000010000000000
11198855000700200124062316220000090000060000002329000000232900000000000000000000000001000000000076710000
121988550008002001240623162200000000000000000000000000000000000000000000002329000000000000000000000000000000
07198856000000200124062316450000000000000000100000000000000000
091988560001002001240623164500000000000005030000010000001099I 0000000000000000000000000000000000004420000000000020000000000
091988560002002001240623164500000000000002040006160000000215000000000000000000000000000000100000000500000000000010000000000
11198856000300200124062316450000090000020000001314000000131400000000000000000000000000131400000000000000
121988560004002001240623164503050000000000000000000000000000000000000000001314000000000000000000000000000000
07198857000000200124062317000000000000000000100000000000000000
091988570001002001240623170000000000000001130021340000000851000000000000000000000000000000100000001500000000000020000000000
11198857000200200124062317000000090000010000000851000000085100000000000000000000000000085100000000000000
121988570003002001240623170003010000000000000000000000000000000000000000000851000000000000000000000000000000
07198858000000200124062317100000000000000000100000000000000000
091988580001002001240623171000000000000004090000010000000100I 0300000000000000000000000000000000000180000000000030000000000
091988580002002001240623171000000000000004170000020000000198000000000000000000000000000000000000000000000000000030000000000
091988580003002001240623171000000000000004120000020000000200I 0300000000000000000000000000000000000480000000000030000000000
091988580004002001240623171000000000000004020000020000000200I 0300000000000000000000000000000000000230000000000030000000000
11198858000500200124062317100000090000040000000698000000069800000000000000000000000000069800000000000000
121988580006002001240623171002010000000000000000000000000000000000210000000698000000000000000000000000000000
101988580007002001240623171001000000000000002100000006980000000000000290000009
07198859000000200124062317130000000000000000100000000000000000
091988590001002001240623171300000000000002290000010000000699000000000000000000000000000000000000002500000000000010000000000
11198859000200200124062317130000090000010000000699000000069900000000000000000000000000069900000000000000
121988590003002001240623171300000000000000000000000000000000000000000000000699000000000000000000000000000000
07198860000000200124062317140000000000000000100000000000000000
091988600001002001240623171400000000000005020000080000000800I 0000000000000000000000000000000000000100000000000060000000000
11198860000200200124062317140000090000010000000800000000080000000000000000000000000000100000000002000000
121988600003002001240623171400000000000000000000000000000000000000000000000800000000000000000000000000000000
07198861000000200124062317190000000000000000100000000000000000
091988610001002001240623171900000000000003180000010000000150000000000000000000000000000000000000000500000000000040000000000
11198861000200200124062317190000090000010000000150000000015000000000000000000000000000015000000000000000
121988610003002001240623171902010000000000000000000000000000000000210000000150000000000000000000000000000000
101988610004002001240623171901000000000000002100000001500000000000000291000009
07198862000000200124062317240000000000000000100000000000000000
091988620001002001240623172400000000000001100012200000000609000000000000000000000000000000100000000500000000000020000000000
091988620002002001240623172400000000000005020000040000000400I 0000000000000000000000000000000000000100000000000060000000000
11198862000300200124062317240000090000020000001009000000100900000000000000000000000000102500000000160000
121988620004002001240623172400000000000000000000000000000000000000000000001009000000000000000000000000000000
07198863000000200124062317470000000000000000100000000000000000
091988630001002001240623174700000000000001020035700000001424000000000000000000000000000000100000001200000000000020000000000
11198863000200200124062317470000090000010000001424000000142400000000000000000000000000500000000035760000
121988630003002001240623174700000000000000000000000000000000000000000000001424000000000000000000000000000000
07198864000000200124062317500000000000000000100000000000000000
091988640001002001240623175000000000000005080000010000002399I 0100000000000000000000000000000000015000000000000070000000000
11198864000200200124062317500000090000010000002399000000239900000000000000000000000000500000000026010000
121988640003002001240623175000000000000000000000000000000000000000000000002399000000000000000000000000000000
07198865000000200124062318030000000000000000100000000000000000
091988650001002001240623180300000000000002120007040000000562000000000000000000000000000000100000002250000000000010000000000
091988650002002001240623180300000000000005020000050000000500I 0000000000000000000000000000000000000100000000000060000000000
11198865000300200124062318030000090000020000001062000000106200000000000000000000000000200000000009380000
121988650004002001240623180300000000000000000000000000000000000000000000001062000000000000000000000000000000
07198866000000200124062318240000000000000000100000000000000000
091988660001002001240623182400000000000005020000060000000600I 0000000000000000000000000000000000000100000000000060000000000
11198866000200200124062318240000090000010000000600000000060000000000000000000000000000100000000004000000
121988660003002001240623182400000000000000000000000000000000000000000000000600000000000000000000000000000000
07198867000000200124062318270000000000000000100000000000000000
091988670001002001240623182700000000000005020000050000000500I 0000000000000000000000000000000000000100000000000060000000000
091988670002002001240623182700000000000002010019380000000579000000000000000000000000000000100000002150000000000010000000000
11198867000300200124062318270000090000020000001079000000107900000000000000000000000000110000000000210000
121988670004002001240623182700000000000000000000000000000000000000000000001079000000000000000000000000000000
07198868000000200124062318280000000000000000100000000000000000
091988680001002001240623182800000000000005480000010000000250I 0300000000000000000000000000000000000000000000000030000000000
11198868000200200124062318280000090000010000000250000000025000000000000000000000000000025000000000000000
121988680003002001240623182802010000000000000000000000000000000000210000000250000000000000000000000000000000
101988680004002001240623182801000000000000002100000002500000000000000292000009
14198869000000200124062318280000010000000000
07198870000000200124062318350000000000000000100000000000000000
091988700001002001240623183500000000000001040005480000000383000000000000000000000000000000100000002750000000000020000000000
091988700002002001240623183500000000000002260009100000000727000000000000000000000000000000100000002000000000000010000000000
11198870000300200124062318350000090000020000001110000000111000000000000000000000000000200000000008900000
121988700004002001240623183500000000000000000000000000000000000000000000001110000000000000000000000000000000
07198871000000200124062318410000000000000000100000000000000000
091988710001002001240623184100000000000003250000010000000149000000000000000000000000000000000000000000000000000040000000000
091988710002002001240623184100000000000003250000010000000149000000000000000000000000000000000000000000000000000040000000000
11198871000300200124062318410000090000020000000298000000029800000000000000000000000000040000000001020000
121988710004002001240623184100000000000000000000000000000000000000000000000298000000000000000000000000000000
07198872000000200124062318430000000000000000100000000000000000
091988720001002001240623184300000000000001020003520000000140000000000000000000000000000000100000001200000000000020000000000
091988720002002001240623184300000000000001060000980000000049000000000000000000000000000000100000001500000000000020000000000
11198872000300200124062318430000090000020000000189000000018900000000000000000000000000020000000000110000
121988720004002001240623184300000000000000000000000000000000000000000000000189000000000000000000000000000000
07198873000000200124062318440000000000000000100000000000000000
091988730001002001240623184400000000000001020012220000000488000000000000000000000000000000100000001200000000000020000000000
11198873000200200124062318440000090000010000000488000000048800000000000000000000000000050000000000120000
121988730003002001240623184400000000000000000000000000000000000000000000000488000000000000000000000000000000
07198874000000200124062318460000000000000000100000000000000000
091988740001002001240623184600000000000001070001620000000324000000000000000000000000000000100000010000000000000020000000000
091988740002002001240623184600000000000002040013120000000458000000000000000000000000000000100000000500000000000010000000000
091988740003002001240623184600000000000002030016300000001302000000000000000000000000000000100000002990000000000010000000000
091988740004002001240623184600000000000002070009380000000468000000000000000000000000000000100000001990000000000010000000000
091988740005002001240623184600000000000002110006020000000300000000000000000000000000000000100000000990000000000010000000000
091988740006002001240623184600000000000003190000010000000600000000000000000000000000000000000000002000000000000050000000000
11198874000700200124062318460000090000060000003452000000345200000000000000000000000000500000000015480000
121988740008002001240623184600000000000000000000000000000000000000000000003452000000000000000000000000000000
07198875000000200124062318480000000000000000100000000000000000
091988750001002001240623184800000000000001020005180000000207000000000000000000000000000000100000001200000000000020000000000
11198875000200200124062318480000090000010000000207000000020700000000000000000000000000021000000000030000
121988750003002001240623184800000000000000000000000000000000000000000000000207000000000000000000000000000000
07198876000000200124062318490000000000000000100000000000000000
091988760001002001240623184900000000000001020004780000000191000000000000000000000000000000100000001200000000000020000000000
11198876000200200124062318490000090000010000000191000000019100000000000000000000000000050000000003090000
121988760003002001240623184900000000000000000000000000000000000000000000000191000000000000000000000000000000
18198876000400200124062318540200000013000000000000000000000001
18198876000500200124062318540400000160000000000000000000000001
14198877000000200124062319090000010000000000
07198878000000200124062319100000000000000000100000000000000000
091988780001002001240623191000000000000002090004360000000523000000000000000000000000000000100000004720000000000010000000000
17198878000200200124062319100000000000000748
17198878000300200124062319100000000000000376
091988780004002001240623191000000000000002230001860000000372000000000000000000000000000000100000004980000000000010000000000
11198878000500200124062319100000090000020000000895000000089500000000000000000000000000100000000001050000
121988780006002001240623191000000000000000000000000000000000000000000000000895000000000000000000000000000000
07198879000000200124062319110000000000000000100000000000000000
091988790001002001240623191100000000000003010000010000001200000000000000000000000000000000000000006000000000000050000000000
091988790002002001240623191100000000000002480004360000000174000000000000000000000000000000100000002000000000000050000000000
11198879000300200124062319110000090000020000001374000000137400000000000000000000000000137400000000000000
121988790004002001240623191103010000000000000000000000000000000000000000001374000000000000000000000000000000
07198880000000200124062319170000000000000000100000000000000000
091988800001002001240623191700000000000003200000010000002500000000000000000000000000000000000000000000000000000050000000000
091988800002002001240623191700000000000002070014280000000713000000000000000000000000000000100000001990000000000010000000000
11198880000300200124062319170000090000020000003213000000321300000000000000000000000000321300000000000000
121988800004002001240623191700000000000000000000000000000000000000000000003213000000000000000000000000000000
14198881000000200124062319290000010000000000
07198882000000200124062319300000000000000000100000000000000000
091988820001002001240623193000000000000005030000010000001099I 0000000000000000000000000000000000004420000000000020000000000
11198882000200200124062319300000090000010000001099000000109900000000000000000000000000109900000000000000
121988820003002001240623193003050000000000000000000000000000000000000000001099000000000000000000000000000000
07198883000000200124062319440000000000000000100000000000000000
091988830001002001240623194400000000000001130010740000000429000000000000000000000000000000100000001500000000000020000000000
11198883000200200124062319440000090000010000000429000000042900000000000000000000000000100000000005710000
121988830003002001240623194400000000000000000000000000000000000000000000000429000000000000000000000000000000
07198884000000200124062319480000000000000000100000000000000000
091988840001002001240623194800000000000001230001100000000099000000000000000000000000000000100000008750000000000020000000000
091988840002002001240623194800000000000004060000200000000300I 0300000000000000000000000000100000015000000000000030000000000
091988840003002001240623194800000000000004100000080000000112I 0300000000000000000000000000100000000480000000000030000000000
091988840004002001240623194800000000000002090003040000000364000000000000000000000000000000100000004720000000000010000000000
091988840005002001240623194800000000000002040002660000000093000000000000000000000000000000100000000500000000000010000000000
091988840006002001240623194800000000000002010003580000000107000000000000000000000000000000100000002150000000000010000000000
11198884000700200124062319480000090000060000001075000000107500000000000000000000000000200000000009250000
121988840008002001240623194800000000000000000000000000000000000000000000001075000000000000000000000000000000
14198885000000200124062319490000010000000000
07198886000000200124062319560000000000000000100000000000000000
091988860001002001240623195600000000000002040018800000000656000000000000000000000000000000100000000500000000000010000000000
11198886000200200124062319560000090000010000000656000000065600000000000000000000000000065600000000000000
121988860003002001240623195603010000000000000000000000000000000000000000000656000000000000000000000000000000
07198887000000200124062320040000000000000000100000000000000000
091988870001002001240623200400000000000001050002620000000105000000000000000000000000000000100000002000000000000020000000000
091988870002002001240623200400000000000003250000010000000149000000000000000000000000000000000000000000000000000040000000000
11198887000300200124062320040000090000020000000254000000025400000000000000000000000000200000000017460000
121988870004002001240623200400000000000000000000000000000000000000000000000254000000000000000000000000000000
07198888000000200124062320170000000000000000100000000000000000
091988880001002001240623201700000000000001060003860000000193000000000000000000000000000000100000001500000000000020000000000
11198888000200200124062320170000090000010000000193000000019300000000000000000000000000020000000000070000
121988880003002001240623201700000000000000000000000000000000000000000000000193000000000000000000000000000000
07198889000000200124062320190000000000000000100000000000000000
091988890001002001240623201900000000000002070008600000000429000000000000000000000000000000100000001990000000000010000000000
091988890002002001240623201900000000000005020000050000000500I 0000000000000000000000000000000000000100000000000060000000000
11198889000300200124062320190000090000020000000929000000092900000000000000000000000000092900000000000000
121988890004002001240623201903100000000000000000000000000000000000000000000929000000000000000000000000000000
07198890000000200124062320200000000000000000100000000000000000
091988900001002001240623202000000000000003190000010000000600000000000000000000000000000000000000002000000000000050000000000
11198890000200200124062320200000090000010000000600000000060000000000000000000000000000060000000000000000
121988900003002001240623202000000000000000000000000000000000000000000000000600000000000000000000000000000000
14198891000000200124062320300000010000000000
061988910001002001240623205400000100000100000000000000000000000000000000000000000000
18198891000200200124062320540300000020000000000000000000000001
18198891000300200124062320540400000060000000000000000000000001
18198891000400200124062320546000000060000000000000000000000001
0419889200000020012406232056000001198748198892000002124976090000021266564224062300001542870000000000000000000000000057710001000000000000000000000000000000000000000000000000000000000000000000000000000000001234567890AB        
