01200031000000200103072307030000010000003000000002138375521.82G5E   1234567890AB        Generica            
02200031000100200103072307030000010000090000000000
07200032000000200103072307050000000000000000100000000000000000
092000320001002001030723070500000000000002090003300000000396000000000000000000000000000000100000004720000000000010000000000
092000320002002001030723070500000000000002070011740000000703000000000000000000000000000000100000001990000000000010000000000
092000320003002001030723070500000000000002110012980000000518000000000000000000000000000000100000000990000000000010000000000
11200032000400200103072307050000090000030000001617000000161700000000000000000000000000161700000000000000
122000320005002001030723070500000000000000000000000000000000000000000000001617000000000000000000000000000000
07200033000000200103072308050000000000000000100000000000000000
092000330001002001030723080500000000000003200000010000002399000000000000000000000000000000000000000000000000000050000000000
11200033000200200103072308050000090000010000002399000000239900000000000000000000000000239900000000000000
122000330003002001030723080503060000000000000000000000000000000000000000002399000000000000000000000000000000
07200034000000200103072308350000000000000000100000000000000000
092000340001002001030723083500000000000001080042480000005093000000000000000000000000000000100000001000000000000020000000000
11200034000200200103072308350000090000010000005093000000509300000000000000000000000000509300000000000000
122000340003002001030723083503010000000000000000000000000000000000000000005093000000000000000000000000000000
07200035000000200103072308400000000000000000100000000000000000
092000350001002001030723084000000000000001070011020000002203000000000000000000000000000000100000010000000000000020000000000
092000350002002001030723084000000000000001130027440000001095000000000000000000000000000000100000001500000000000020000000000
092000350003002001030723084000000000000002070011940000000715000000000000000000000000000000100000001990000000000010000000000
092000350004002001030723084000000000000002260013060000000652000000000000000000000000000000100000002000000000000010000000000
092000350005002001030723084000000000000003200000010000002399000000000000000000000000000000000000000000000000000050000000000
092000350006002001030723084000000000000005080000010000002399I 0100000000000000000000000000000000015000000000000070000000000
11200035000700200103072308400000090000060000009463000000946300000000000000000000000000946300000000000000
122000350008002001030723084003010000000000000000000000000000000000000000009463000000000000000000000000000000
07200036000000200103072308420000000000000000100000000000000000
092000360001002001030723084200000000000005080000010000002399I 0100000000000000000000000000000000015000000000000070000000000
11200036000200200103072308420000090000010000002399000000239900000000000000000000000000239900000000000000
122000360003002001030723084200000000000000000000000000000000000000000000002399000000000000000000000000000000
07200037000000200103072308500000000000000000100000000000000000
092000370001002001030723085000000000000002070005100000000305000000000000000000000000000000100000001990000000000010000000000
11200037000200200103072308500000090000010000000305000000030500000000000000000000000000030500000000000000
122000370003002001030723085000000000000000000000000000000000000000000000000305000000000000000000000000000000
07200038000000200103072309100000000000000000100000000000000000
092000380001002001030723091000000000000002220000020000000598000000000000000000000000000000000000001500000000000010000000000
11200038000200200103072309100000090000010000000598000000059800000000000000000000000000059800000000000000
122000380003002001030723091000000000000000000000000000000000000000000000000598000000000000000000000000000000
07200039000000200103072309210000000000000000100000000000000000
092000390001002001030723092100000000000001160011280000000337000000000000000000000000000000100000000670000000000020000000000
092000390002002001030723092100000000000003010000010000001099000000000000000000000000000000000000006000000000000050000000000
092000390003002001030723092100000000000001010014040000000701000000000000000000000000000000100000001400000000000020000000000
092000390004002001030723092100000000000002090003560000000427000000000000000000000000000000100000004720000000000010000000000
092000390005002001030723092100000000000001070001860000000372000000000000000000000000000000100000010000000000000020000000000
092000390006002001030723092100000000000001060002380000000166000000000000000000000000000000100000001500000000000020000000000
092000390007002001030723092100000000000002070006760000000405000000000000000000000000000000100000001990000000000010000000000
092000390008002001030723092100000000000001080003780000000453000000000000000000000000000000100000001000000000000020000000000
092000390009002001030723092100000000000003250000010000000150000000000000000000000000000000000000000000000000000040000000000
11200039001000200103072309210000090000090000004110000000411000000000000000000000000000550000000013900000
122000390011002001030723092100000000000000000000000000000000000000000000004110000000000000000000000000000000
07200040000000200103072309330000000000000000100000000000000000
092000400001002001030723093300000000000003250000020000000300000000000000000000000000000000000000000000000000000040000000000
11200040000200200103072309330000090000010000000300000000030000000000000000000000000000030000000000000000
122000400003002001030723093300000000000000000000000000000000000000000000000300000000000000000000000000000000
07200041000000200103072309340000000000000000100000000000000000
092000410001002001030723093400000000000003200000010000002399000000000000000000000000000000000000000000000000000050000000000
11200041000200200103072309340000090000010000002399000000239900000000000000000000000000239900000000000000
122000410003002001030723093400000000000000000000000000000000000000000000002399000000000000000000000000000000
07200042000000200103072309390000000000000000100000000000000000
092000420001002001030723093900000000000003200000010000002399000000000000000000000000000000000000000000000000000050000000000
11200042000200200103072309390000090000010000002399000000239900000000000000000000000000239900000000000000
122000420003002001030723093903020000000000000000000000000000000000000000002399000000000000000000000000000000
07200043000000200103072309550000000000000000100000000000000000
092000430001002001030723095500000000000002070008360000000501000000000000000000000000000000100000001990000000000010000000000
092000430002002001030723095500000000000001220006420000000192000000000000000000000000000000100000001500000000000020000000000
092000430003002001030723095500000000000001150001360000000204000000000000000000000000000000100000001000000000000020000000000
092000430004002001030723095500000000000001060003400000000238000000000000000000000000000000100000001500000000000020000000000
092000430005002001030723095500000000000001070000600000000120000000000000000000000000000000100000010000000000000020000000000
092000430006002001030723095500000000000001180002120000000148000000000000000000000000000000100000001000000000000020000000000
092000430007002001030723095500000000000002040001260000000031000000000000000000000000000000100000000500000000000010000000000
092000430008002001030723095500000000000001110003380000000135000000000000000000000000000000100000000500000000000020000000000
11200043000900200103072309550000090000080000001569000000156900000000000000000000000000200000000004310000
122000430010002001030723095500000000000000000000000000000000000000000000001569000000000000000000000000000000
07200044000000200103072310010000000000000000100000000000000000
092000440001002001030723100100000000000005020000050000000500I 0000000000000000000000000000000000000100000000000060000000000
092000440002002001030723100100000000000002070006440000000386000000000000000000000000000000100000001990000000000010000000000
092000440003002001030723100100000000000001220009980000000298000000000000000000000000000000100000001500000000000020000000000
092000440004002001030723100100000000000001020009080000000317000000000000000000000000000000100000001200000000000020000000000
11200044000500200103072310010000090000040000001501000000150100000000000000000000000000150100000000000000
122000440006002001030723100103060000000000000000000000000000000000000000001501000000000000000000000000000000
07200045000000200103072310020000000000000000100000000000000000
092000450001002001030723100200000000000002480006820000000340000000000000000000000000000000100000002000000000000050000000000
092000450002002001030723100200000000000005020000100000001000I 0000000000000000000000000000000000000100000000000060000000000
092000450003002001030723100200000000000002070010000000000599000000000000000000000000000000100000001990000000000010000000000
092000450004002001030723100200000000000005020000080000000800I 0000000000000000000000000000000000000100000000000060000000000
11200045000500200103072310020000090000040000002739000000273900000000000000000000000000273900000000000000
122000450006002001030723100203060000000000000000000000000000000000000000002739000000000000000000000000000000
07200046000000200103072310030000000000000000100000000000000000
092000460001002001030723100300000000000005030000010000001099I 0000000000000000000000000000000000004420000000000020000000000
11200046000200200103072310030000090000010000001099000000109900000000000000000000000000500000000039010000
122000460003002001030723100300000000000000000000000000000000000000000000001099000000000000000000000000000000
07200047000000200103072310080000000000000000100000000000000000
092000470001002001030723100800000000000003200000010000002399000000000000000000000000000000000000000000000000000050000000000
11200047000200200103072310080000090000010000002399000000239900000000000000000000000000300000000006010000
122000470003002001030723100800000000000000000000000000000000000000000000002399000000000000000000000000000000
07200048000000200103072310090000000000000000100000000000000000
092000480001002001030723100900000000000005080000010000002399I 0100000000000000000000000000000000015000000000000070000000000
11200048000200200103072310090000090000010000002399000000239900000000000000000000000000239900000000000000
122000480003002001030723100900000000000000000000000000000000000000000000002399000000000000000000000000000000
18200048000400200103072310110500000030000000000000000000000001
07200049000000200103072310170000000000000000100000000000000000
092000490001002001030723101700000000000001080007900000000947000000000000000000000000000000100000001000000000000020000000000
11200049000200200103072310170000090000010000000947000000094700000000000000000000000000200000000010530000
122000490003002001030723101700000000000000000000000000000000000000000000000947000000000000000000000000000000
07200050000000200103072310230000000000000000100000000000000000
092000500001002001030723102300000000000002010025120000000751000000000000000000000000000000100000000990000000000010000000000
092000500002002001030723102300000000000001220007720000000231000000000000000000000000000000100000001500000000000020000000000
092000500003002001030723102300000000000003200000010000002399000000000000000000000000000000000000000000000000000050000000000
092000500004002001030723102300000000000002110006080000000243000000000000000000000000000000100000000990000000000010000000000
092000500005002001030723102300000000000003250000010000000150000000000000000000000000000000000000000000000000000040000000000
11200050000600200103072310230000090000050000003774000000377400000000000000000000000000377400000000000000
122000500007002001030723102303060000000000000000000000000000000000000000003774000000000000000000000000000000
14200051000000200103072310250000010000000000
07200052000000200103072310300000000000000000100000000000000000
092000520001002001030723103000000000000002080012980000000518000000000000000000000000000000100000000500000000000010000000000
092000520002002001030723103000000000000002070004320000000259000000000000000000000000000000100000001990000000000010000000000
11200052000300200103072310300000090000020000000777000000077700000000000000000000000000200000000012230000
122000520004002001030723103000000000000000000000000000000000000000000000000777000000000000000000000000000000
07200053000000200103072310320000000000000000100000000000000000
092000530001002001030723103200000000000002070009680000000580000000000000000000000000000000100000001990000000000010000000000
092000530002002001030723103200000000000002110010980000000438000000000000000000000000000000100000000990000000000010000000000
092000530003002001030723103200000000000002280004540000000363000000000000000000000000000000100000001000000000000010000000000
092000530004002001030723103200000000000005330000020000000398I 0100000000000000000000000000000000001490000000000080000000000
11200053000500200103072310320000090000040000001779000000177900000000000000000000000000200000000002210000
122000530006002001030723103200000000000000000000000000000000000000000000001779000000000000000000000000000000
07200054000000200103072310370000000000000000100000000000000000
092000540001002001030723103700000000000003020000010000000100000000000000000000000000000000000000000500000000000000000000000
11200054000200200103072310370000090000010000000100000000010000000000000000000000000000010000000000000000
122000540003002001030723103700000000000000000000000000000000000000000000000100000000000000000000000000000000
07200055000000200103072310400000000000000000100000000000000000
092000550001002001030723104000000000000001060002200000000154000000000000000000000000000000100000001500000000000020000000000
092000550002002001030723104000000000000001010006520000000325000000000000000000000000000000100000001400000000000020000000000
092000550003002001030723104000000000000002020004620000000323000000000000000000000000000000100000001990000000000010000000000
11200055000400200103072310400000090000030000000802000000080200000000000000000000000000080200000000000000
122000550005002001030723104003020000000000000000000000000000000000000000000802000000000000000000000000000000
07200056000000200103072310410000000000000000100000000000000000
092000560001002001030723104100000000000001040005520000000386000000000000000000000000000000100000002750000000000020000000000
092000560002002001030723104100000000000001220006640000000199000000000000000000000000000000100000001500000000000020000000000
092000560003002001030723104100000000000001160005800000000173000000000000000000000000000000100000000670000000000020000000000
11200056000400200103072310410000090000030000000758000000075800000000000000000000000000200000000012420000
122000560005002001030723104100000000000000000000000000000000000000000000000758000000000000000000000000000000
07200057000000200103072310460000000000000000100000000000000000
092000570001002001030723104600000000000001120004120000000288000000000000000000000000000000100000001000000000000020000000000
092000570002002001030723104600000000000001110003420000000136000000000000000000000000000000100000000500000000000020000000000
092000570003002001030723104600000000000001100007880000000314000000000000000000000000000000100000000500000000000020000000000
11200057000400200103072310460000090000030000000738000000073800000000000000000000000000073800000000000000
122000570005002001030723104603020000000000000000000000000000000000000000000738000000000000000000000000000000
07200058000000200103072311020000000000000000100000000000000000
092000580001002001030723110200000000000003010000010000001099000000000000000000000000000000000000006000000000000050000000000
11200058000200200103072311020000090000010000001099000000109900000000000000000000000000120000000001010000
122000580003002001030723110200000000000000000000000000000000000000000000001099000000000000000000000000000000
07200059000000200103072311020000000000000000100000000000000000
092000590001002001030723110200000000000005480000010000000250I 0300000000000000000000000000000000000000000000000030000000000
11200059000200200103072311020000090000010000000250000000025000000000000000000000000000025000000000000000
122000590003002001030723110200000000000000000000000000000000000000000000000250000000000000000000000000000000
07200060000000200103072311110000000000000000100000000000000000
092000600001002001030723111100000000000003010000010000001099000000000000000000000000000000000000006000000000000050000000000
11200060000200200103072311110000090000010000001099000000109900000000000000000000000000109900000000000000
122000600003002001030723111103020000000000000000000000000000000000000000001099000000000000000000000000000000
07200061000000200103072311110000000000000000100000000000000000
092000610001002001030723111100000000000002270007560000000755000000000000000000000000000000100000003990000000000010000000000
092000610002002001030723111100000000000002080008020000000320000000000000000000000000000000100000000500000000000010000000000
092000610003002001030723111100000000000005020000010000000100I 0000000000000000000000000000000000000100000000000060000000000
11200061000400200103072311110000090000030000001175000000117500000000000000000000000000120000000000250000
122000610005002001030723111100000000000000000000000000000000000000000000001175000000000000000000000000000000
07200062000000200103072311120000000000000000100000000000000000
092000620001002001030723111200000000000003250000010000000150000000000000000000000000000000000000000000000000000040000000000
092000620002002001030723111200000000000004110000010000000050I 0300000000000000000000000000000000000180000000000030000000000
11200062000300200103072311120000090000020000000200000000020000000000000000000000000000020000000000000000
122000620004002001030723111200000000000000000000000000000000000000000000000200000000000000000000000000000000
07200063000000200103072311190000000000000000100000000000000000
092000630001002001030723111900000000000003250000010000000150000000000000000000000000000000000000000000000000000040000000000
11200063000200200103072311190000090000010000000150000000015000000000000000000000000000015000000000000000
122000630003002001030723111900000000000000000000000000000000000000000000000150000000000000000000000000000000
07200064000000200103072311340000000000000000100000000000000000
092000640001002001030723113400000000000002040013760000000343000000000000000000000000000000100000000500000000000010000000000
11200064000200200103072311340000090000010000000343000000034300000000000000000000000000040000000000570000
122000640003002001030723113400000000000000000000000000000000000000000000000343000000000000000000000000000000
07200065000000200103072311490000000000000000100000000000000000
092000650001002001030723114900000000000003190000010000000550000000000000000000000000000000000000002000000000000050000000000
11200065000200200103072311490000090000010000000550000000055000000000000000000000000000055000000000000000
122000650003002001030723114900000000000000000000000000000000000000000000000550000000000000000000000000000000
07200066000000200103072311500000000000000000100000000000000000
092000660001002001030723115000000000000001080005200000000623000000000000000000000000000000100000001000000000000020000000000
092000660002002001030723115000000000000001180002900000000203000000000000000000000000000000100000001000000000000020000000000
11200066000300200103072311500000090000020000000826000000082600000000000000000000000000100000000001740000
122000660004002001030723115000000000000000000000000000000000000000000000000826000000000000000000000000000000
07200067000000200103072311530000000000000000100000000000000000
092000670001002001030723115300000000000002040006080000000151000000000000000000000000000000100000000500000000000010000000000
092000670002002001030723115300000000000003250000020000000300000000000000000000000000000000000000000000000000000040000000000
11200067000300200103072311530000090000020000000451000000045100000000000000000000000000060000000001490000
122000670004002001030723115300000000000000000000000000000000000000000000000451000000000000000000000000000000
07200068000000200103072311530000000000000000100000000000000000
092000680001002001030723115300000000000003020000010000000100000000000000000000000000000000000000000500000000000000000000000
11200068000200200103072311530000090000010000000100000000010000000000000000000000000000010000000000000000
122000680003002001030723115300000000000000000000000000000000000000000000000100000000000000000000000000000000
07200069000000200103072312010000000000000000100000000000000000
092000690001002001030723120100000000000002270009140000000913000000000000000000000000000000100000003990000000000010000000000
11200069000200200103072312010000090000010000000913000000091300000000000000000000000000091300000000000000
122000690003002001030723120103020000000000000000000000000000000000000000000913000000000000000000000000000000
07200070000000200103072312140000000000000000100000000000000000
092000700001002001030723121400000000000002050013700000000684000000000000000000000000000000100000000890000000000010000000000
11200070000200200103072312140000090000010000000684000000068400000000000000000000000000068400000000000000
122000700003002001030723121400000000000000000000000000000000000000000000000684000000000000000000000000000000
07200071000000200103072312150000000000000000100000000000000000
092000710001002001030723121500000000000002050019160000000956000000000000000000000000000000100000000890000000000010000000000
11200071000200200103072312150000090000010000000956000000095600000000000000000000000000500000000040440000
122000710003002001030723121500000000000000000000000000000000000000000000000956000000000000000000000000000000
07200072000000200103072312220000000000000000100000000000000000
092000720001002001030723122200000000000001010005100000000254000000000000000000000000000000100000001400000000000020000000000
092000720002002001030723122200000000000002050001800000000090000000000000000000000000000000100000000890000000000010000000000
11200072000300200103072312220000090000020000000344000000034400000000000000000000000000050000000001560000
122000720004002001030723122200000000000000000000000000000000000000000000000344000000000000000000000000000000
07200073000000200103072312240000000000000000100000000000000000
092000730001002001030723122400000000000003010000010000001099000000000000000000000000000000000000006000000000000050000000000
11200073000200200103072312240000090000010000001099000000109900000000000000000000000000109900000000000000
122000730003002001030723122400000000000000000000000000000000000000000000001099000000000000000000000000000000
07200074000000200103072312270000000000000000100000000000000000
092000740001002001030723122700000000000001060001780000000124000000000000000000000000000000100000001500000000000020000000000
092000740002002001030723122700000000000001020004140000000144000000000000000000000000000000100000001200000000000020000000000
092000740003002001030723122700000000000005020000010000000100I 0000000000000000000000000000000000000100000000000060000000000
092000740004002001030723122700000000000005020000010000000100I 0000000000000000000000000000000000000100000000000060000000000
11200074000500200103072312270000090000040000000468000000046800000000000000000000000000050000000000320000
122000740006002001030723122700000000000000000000000000000000000000000000000468000000000000000000000000000000
07200075000000200103072312310000000000000000100000000000000000
092000750001002001030723123100000000000001010009480000000473000000000000000000000000000000100000001400000000000020000000000
11200075000200200103072312310000090000010000000473000000047300000000000000000000000000047300000000000000
122000750003002001030723123100000000000000000000000000000000000000000000000473000000000000000000000000000000
07200076000000200103072312310000000000000000100000000000000000
092000760001002001030723123100000000000004010000030000000300I 0300000000000000000000000000000000000000000000000030000000000
11200076000200200103072312310000090000010000000300000000030000000000000000000000000000030000000000000000
122000760003002001030723123100000000000000000000000000000000000000000000000300000000000000000000000000000000
07200077000000200103072312320000000000000000100000000000000000
092000770001002001030723123200000000000001140002440000000195000000000000000000000000000000100000000500000000000020000000000
11200077000200200103072312320000090000010000000195000000019500000000000000000000000000019500000000000000
122000770003002001030723123200000000000000000000000000000000000000000000000195000000000000000000000000000000
07200078000000200103072312400000000000000000100000000000000000
092000780001002001030723124000000000000001010008080000000403000000000000000000000000000000100000001400000000000020000000000
11200078000200200103072312400000090000010000000403000000040300000000000000000000000000040300000000000000
122000780003002001030723124003020000000000000000000000000000000000000000000403000000000000000000000000000000
14200079000000200103072312430000010000000000
07200080000000200103072312450000000000000000100000000000000000
092000800001002001030723124500000000000005020000100000001000I 0000000000000000000000000000000000000100000000000060000000000
092000800002002001030723124500000000000003250000020000000300000000000000000000000000000000000000000000000000000040000000000
092000800003002001030723124500000000000002040004000000000100000000000000000000000000000000100000000500000000000010000000000
092000800004002001030723124500000000000020800019000000000378000000000000000000000000000000100000000990000000000010000000000
092000800005002001030723124500000000000001080003180000000381000000000000000000000000000000100000001000000000000020000000000
11200080000600200103072312450000090000050000002159000000215900000000000000000000000000215900000000000000
122000800007002001030723124503060000000000000000000000000000000000000000002159000000000000000000000000000000
07200081000000200103072312510000000000000000100000000000000000
092000810001002001030723125100000000000001010008460000000422000000000000000000000000000000100000001400000000000020000000000
092000810002002001030723125100000000000002050009900000000494000000000000000000000000000000100000000890000000000010000000000
11200081000300200103072312510000090000020000000916000000091600000000000000000000000000100000000000840000
122000810004002001030723125100000000000000000000000000000000000000000000000916000000000000000000000000000000
18200081000500200103072312590100000020000000000000000000000001
07200082000000200103072313050000000000000000100000000000000000
092000820001002001030723130500000000000001050004840000000193000000000000000000000000000000100000002000000000000020000000000
11200082000200200103072313050000090000010000000193000000019300000000000000000000000000019300000000000000
122000820003002001030723130500000000000000000000000000000000000000000000000193000000000000000000000000000000
07200083000000200103072313070000000000000000100000000000000000
092000830001002001030723130700000000000001050001140000000045000000000000000000000000000000100000002000000000000020000000000
092000830002002001030723130700000000000001080001220000000146000000000000000000000000000000100000001000000000000020000000000
092000830003002001030723130700000000000001070000600000000120000000000000000000000000000000100000010000000000000020000000000
092000830004002001030723130700000000000003250000010000000150000000000000000000000000000000000000000000000000000040000000000
11200083000500200103072313070000090000040000000461000000046100000000000000000000000000046100000000000000
122000830006002001030723130700000000000000000000000000000000000000000000000461000000000000000000000000000000
07200084000000200103072313230000000000000000100000000000000000
092000840001002001030723132300000000000001010008760000000437000000000000000000000000000000100000001400000000000020000000000
11200084000200200103072313230000090000010000000437000000043700000000000000000000000000043700000000000000
122000840003002001030723132303020000000000000000000000000000000000000000000437000000000000000000000000000000
14200085000000200103072313340000010000000000
07200086000000200103072313340000000000000000100000000000000000
092000860001002001030723133400000000000001010011180000000558000000000000000000000000000000100000001400000000000020000000000
11200086000200200103072313340000090000010000000558000000055800000000000000000000000000055800000000000000
122000860003002001030723133400000000000000000000000000000000000000000000000558000000000000000000000000000000
07200087000000200103072313350000000000000000100000000000000000
092000870001002001030723133500000000000001070002980000000596000000000000000000000000000000100000010000000000000020000000000
092000870002002001030723133500000000000002070015360000000920000000000000000000000000000000100000001990000000000010000000000
11200087000300200103072313350000090000020000001516000000151600000000000000000000000000151600000000000000
122000870004002001030723133502010000000000000000000000000000000000010000001516000000000000000000000000000000
102000870005002001030723133501000000000000000100000015160000000000000420000009
07200088000000200103072313440000000000000000100000000000000000
092000880001002001030723134400000000000001140003700000000296000000000000000000000000000000100000000500000000000020000000000
11200088000200200103072313440000090000010000000296000000029600000000000000000000000000050000000002040000
122000880003002001030723134400000000000000000000000000000000000000000000000296000000000000000000000000000000
07200089000000200103072314100000000000000000100000000000000000
092000890001002001030723141000000000000002070008260000000495000000000000000000000000000000100000001990000000000010000000000
092000890002002001030723141000000000000002010007480000000224000000000000000000000000000000100000000990000000000010000000000
092000890003002001030723141000000000000002130013420000000401000000000000000000000000000000100000001400000000000010000000000
11200089000400200103072314100000090000030000001120000000112000000000000000000000000000120000000000800000
122000890005002001030723141000000000000000000000000000000000000000000000001120000000000000000000000000000000
18200089000600200103072314140300000010000000000000000000000001
062000890007002001030723141500000100000300000000000000000000000000000000000000000000
07200090000000200103072314170000000000000000100000000000000000
092000900001002001030723141700000000000001020005480000000191000000000000000000000000000000100000001200000000000020000000000
092000900002002001030723141700000000000005020000020000000200I 0000000000000000000000000000000000000100000000000060000000000
11200090000300200103072314170000090000020000000391000000039100000000000000000000000000050000000001090000
122000900004002001030723141700000000000000000000000000000000000000000000000391000000000000000000000000000000
07200091000000200103072314180000000000000000100000000000000000
092000910001002001030723141800000000000001090001080000000075000000000000000000000000000000100000001500000000000020000000000
092000910002002001030723141800000000000001080001400000000168000000000000000000000000000000100000001000000000000020000000000
11200091000300200103072314180000090000020000000243000000024300000000000000000000000000200000000017570000
122000910004002001030723141800000000000000000000000000000000000000000000000243000000000000000000000000000000
07200092000000200103072314240000000000000000100000000000000000
092000920001002001030723142400000000000001080001600000000192000000000000000000000000000000100000001000000000000020000000000
092000920002002001030723142400000000000001050001100000000044000000000000000000000000000000100000002000000000000020000000000
092000920003002001030723142400000000000003250000010000000150000000000000000000000000000000000000000000000000000040000000000
092000920004002001030723142400000000000001070000140000000028000000000000000000000000000000100000010000000000000020000000000
11200092000500200103072314240000090000040000000414000000041400000000000000000000000000041400000000000000
122000920006002001030723142400000000000000000000000000000000000000000000000414000000000000000000000000000000
07200093000000200103072314270000000000000000100000000000000000
092000930001002001030723142700000000000003250000010000000150000000000000000000000000000000000000000000000000000040000000000
11200093000200200103072314270000090000010000000150000000015000000000000000000000000000015000000000000000
122000930003002001030723142700000000000000000000000000000000000000000000000150000000000000000000000000000000
07200094000000200103072314310000000000000000100000000000000000
092000940001002001030723143100000000000001020003940000000138000000000000000000000000000000100000001200000000000020000000000
092000940002002001030723143100000000000002040001700000000042000000000000000000000000000000100000000500000000000010000000000
11200094000300200103072314310000090000020000000180000000018000000000000000000000000000020000000000200000
122000940004002001030723143100000000000000000000000000000000000000000000000180000000000000000000000000000000
07200095000000200103072314350000000000000000100000000000000000
092000950001002001030723143500000000000005320000010000000199I 0100000000000000000000000000000000001490000000000080000000000
092000950002002001030723143500000000000002070002380000000143000000000000000000000000000000100000001990000000000010000000000
11200095000300200103072314350000090000020000000342000000034200000000000000000000000000040000000000580000
122000950004002001030723143500000000000000000000000000000000000000000000000342000000000000000000000000000000
07200096000000200103072314350000000000000000100000000000000000
092000960001002001030723143500000000000003250000010000000150000000000000000000000000000000000000000000000000000040000000000
11200096000200200103072314350000090000010000000150000000015000000000000000000000000000015000000000000000
122000960003002001030723143500000000000000000000000000000000000000000000000150000000000000000000000000000000
07200097000000200103072314360000000000000000100000000000000000
092000970001002001030723143600000000000002250004520000000316000000000000000000000000000000100000002670000000000010000000000
092000970002002001030723143600000000000002140010600000000529000000000000000000000000000000100000001990000000000010000000000
092000970003002001030723143600000000000002070006280000000376000000000000000000000000000000100000001990000000000010000000000
11200097000400200103072314360000090000030000001221000000122100000000000000000000000000200000000007790000
122000970005002001030723143600000000000000000000000000000000000000000000001221000000000000000000000000000000
07200098000000200103072314430000000000000000100000000000000000
092000980001002001030723144300000000000001080001380000000165000000000000000000000000000000100000001000000000000020000000000
092000980002002001030723144300000000000001090000900000000063000000000000000000000000000000100000001500000000000020000000000
11200098000300200103072314430000090000020000000228000000022800000000000000000000000000022800000000000000
122000980004002001030723144302010000000000000000000000000000000000050000000228000000000000000000000000000000
102000980005002001030723144301000000000000000500000002280000000000000366000009
07200099000000200103072314550000000000000000100000000000000000
092000990001002001030723145500000000000002070011940000000715000000000000000000000000000000100000001990000000000010000000000
11200099000200200103072314550000090000010000000715000000071500000000000000000000000000100000000002850000
122000990003002001030723145500000000000000000000000000000000000000000000000715000000000000000000000000000000
07200100000000200103072314560000000000000000100000000000000000
092001000001002001030723145600000000000003190000010000000550000000000000000000000000000000000000002000000000000050000000000
11200100000200200103072314560000090000010000000550000000055000000000000000000000000000070000000001500000
122001000003002001030723145600000000000000000000000000000000000000000000000550000000000000000000000000000000
07200101000000200103072315290000000000000000100000000000000000
092001010001002001030723152900000000000002080007480000000298000000000000000000000000000000100000000500000000000010000000000
11200101000200200103072315290000090000010000000298000000029800000000000000000000000000050000000002020000
122001010003002001030723152900000000000000000000000000000000000000000000000298000000000000000000000000000000
07200102000000200103072315300000000000000000100000000000000000
092001020001002001030723153000000000000010100007740000000270000000000000000000000000000000100000000990000000000020000000000
092001020002002001030723153000000000000001040001600000000112000000000000000000000000000000100000002750000000000020000000000
092001020003002001030723153000000000000001080002020000000242000000000000000000000000000000100000001000000000000020000000000
092001020004002001030723153000000000000001070000560000000112000000000000000000000000000000100000010000000000000020000000000
11200102000500200103072315300000090000040000000736000000073600000000000000000000000000500000000042640000
122001020006002001030723153000000000000000000000000000000000000000000000000736000000000000000000000000000000
07200103000000200103072315340000000000000000100000000000000000
092001030001002001030723153400000000000020700002980000000030000000000000000000000000000000100000000500000000000010000000000
092001030002002001030723153400000000000002010001680000000050000000000000000000000000000000100000000990000000000010000000000
092001030003002001030723153400000000000002010001700000000051000000000000000000000000000000100000000990000000000010000000000
11200103000400200103072315340000090000030000000131000000013100000000000000000000000000013100000000000000
122001030005002001030723153403100000000000000000000000000000000000000000000131000000000000000000000000000000
07200104000000200103072315420000000000000000100000000000000000
092001040001002001030723154200000000000001060002120000000148000000000000000000000000000000100000001500000000000020000000000
092001040002002001030723154200000000000005020000010000000100I 0000000000000000000000000000000000000100000000000060000000000
11200104000300200103072315420000090000020000000248000000024800000000000000000000000000024800000000000000
122001040004002001030723154200000000000000000000000000000000000000000000000248000000000000000000000000000000
07200105000000200103072315440000000000000000100000000000000000
092001050001002001030723154400000000000002070010500000000629000000000000000000000000000000100000001990000000000010000000000
11200105000200200103072315440000090000010000000629000000062900000000000000000000000000100000000003710000
122001050003002001030723154400000000000000000000000000000000000000000000000629000000000000000000000000000000
14200106000000200103072315470000010000000000
07200107000000200103072315520000000000000000100000000000000000
092001070001002001030723155200000000000001240002960000000296000000000000000000000000000000100000001670000000000020000000000
092001070002002001030723155200000000000002040002980000000074000000000000000000000000000000100000000500000000000010000000000
092001070003002001030723155200000000000003250000010000000150000000000000000000000000000000000000000000000000000040000000000
092001070004002001030723155200000000000001080003720000000446000000000000000000000000000000100000001000000000000020000000000
11200107000500200103072315520000090000040000000966000000096600000000000000000000000000100000000000340000
122001070006002001030723155200000000000000000000000000000000000000000000000966000000000000000000000000000000
07200108000000200103072315590000000000000000100000000000000000
092001080001002001030723155900000000000005080000010000002399I 0100000000000000000000000000000000015000000000000070000000000
11200108000200200103072315590000090000010000002399000000239900000000000000000000000001000000000076010000
122001080003002001030723155900000000000000000000000000000000000000000000002399000000000000000000000000000000
07200109000000200103072316020000000000000000100000000000000000
092001090001002001030723160200000000000002090008380000001005000000000000000000000000000000100000004720000000000010000000000
092001090002002001030723160200000000000002230004700000000940000000000000000000000000000000100000004980000000000010000000000
092001090003002001030723160200000000000002050007560000000377000000000000000000000000000000100000000890000000000010000000000
092001090004002001030723160200000000000002050009560000000477000000000000000000000000000000100000000890000000000010000000000
11200109000500200103072316020000090000040000002799000000279900000000000000000000000000279900000000000000
122001090006002001030723160203030000000000000000000000000000000000000000002799000000000000000000000000000000
07200110000000200103072316030000000000000000100000000000000000
092001100001002001030723160300000000000002130013840000000414000000000000000000000000000000100000001400000000000010000000000
11200110000200200103072316030000090000010000000414000000041400000000000000000000000000050000000000860000
122001100003002001030723160300000000000000000000000000000000000000000000000414000000000000000000000000000000
07200111000000200103072316300000000000000000100000000000000000
092001110001002001030723163000000000000002110005300000000211000000000000000000000000000000100000000990000000000010000000000
11200111000200200103072316300000090000010000000211000000021100000000000000000000000000021100000000000000
122001110003002001030723163000000000000000000000000000000000000000000000000211000000000000000000000000000000
07200112000000200103072316330000000000000000100000000000000000
092001120001002001030723163300000000000003250000010000000150000000000000000000000000000000000000000000000000000040000000000
092001120002002001030723163300000000000001070001340000000268000000000000000000000000000000100000010000000000000020000000000
11200112000300200103072316330000090000020000000418000000041800000000000000000000000000041800000000000000
122001120004002001030723163303030000000000000000000000000000000000000000000418000000000000000000000000000000
102001120005002001030723163851000000000000001100000160000000000000000156000009
132001120000002001030723163800000000000001560000000000000011000000000001600000000000000000016000
07200113000000200103072316430000000000000000100000000000000000
092001130001002001030723164300000000000003250000010000000150000000000000000000000000000000000000000000000000000040000000000
092001130002002001030723164300000000000001220003480000000104000000000000000000000000000000100000001500000000000020000000000
092001130003002001030723164300000000000001110001460000000058000000000000000000000000000000100000000500000000000020000000000
092001130004002001030723164300000000000001060002120000000148000000000000000000000000000000100000001500000000000020000000000
092001130005002001030723164300000000000003020000010000000100000000000000000000000000000000000000000500000000000000000000000
11200113000600200103072316430000090000050000000560000000056000000000000000000000000000056000000000000000
122001130007002001030723164303040000000000000000000000000000000000000000000560000000000000000000000000000000
07200114000000200103072316460000000000000000100000000000000000
092001140001002001030723164600000000000003190000010000000550000000000000000000000000000000000000002000000000000050000000000
11200114000200200103072316460000090000010000000550000000055000000000000000000000000000060000000000500000
122001140003002001030723164600000000000000000000000000000000000000000000000550000000000000000000000000000000
07200115000000200103072316540000000000000000100000000000000000
092001150001002001030723165400000000000002050008800000000439000000000000000000000000000000100000000890000000000010000000000
092001150002002001030723165400000000000002070006840000000410000000000000000000000000000000100000001990000000000010000000000
11200115000300200103072316540000090000020000000849000000084900000000000000000000000000200000000011510000
122001150004002001030723165400000000000000000000000000000000000000000000000849000000000000000000000000000000
14200116000000200103072316560000010000000000
07200117000000200103072316580000000000000000100000000000000000
092001170001002001030723165800000000000001020020780000000725000000000000000000000000000000100000001200000000000020000000000
092001170002002001030723165800000000000001050013720000000547000000000000000000000000000000100000002000000000000020000000000
092001170003002001030723165800000000000003250000010000000150000000000000000000000000000000000000000000000000000040000000000
092001170004002001030723165800000000000003250000010000000150000000000000000000000000000000000000000000000000000040000000000
092001170005002001030723165800000000000001020028600000000998000000000000000000000000000000100000001200000000000020000000000
11200117000600200103072316580000090000050000002570000000257000000000000000000000000000257000000000000000
122001170007002001030723165803060000000000000000000000000000000000000000002570000000000000000000000000000000
07200118000000200103072317260000000000000000100000000000000000
092001180001002001030723172600000000000002130021320000000637000000000000000000000000000000100000001400000000000010000000000
092001180002002001030723172600000000000001160007120000000213000000000000000000000000000000100000000670000000000020000000000
092001180003002001030723172600000000000002110007740000000309000000000000000000000000000000100000000990000000000010000000000
11200118000400200103072317260000090000030000001159000000115900000000000000000000000000200000000008410000
122001180005002001030723172600000000000000000000000000000000000000000000001159000000000000000000000000000000
07200119000000200103072317280000000000000000100000000000000000
092001190001002001030723172800000000000001160004540000000136000000000000000000000000000000100000000670000000000020000000000
092001190002002001030723172800000000000001220006720000000201000000000000000000000000000000100000001500000000000020000000000
092001190003002001030723172800000000000001230000860000000077000000000000000000000000000000100000008750000000000020000000000
092001190004002001030723172800000000000001080005400000000647000000000000000000000000000000100000001000000000000020000000000
092001190005002001030723172800000000000001090001140000000080000000000000000000000000000000100000001500000000000020000000000
092001190006002001030723172800000000000002040005280000000131000000000000000000000000000000100000000500000000000010000000000
092001190007002001030723172800000000000002090004900000000588000000000000000000000000000000100000004720000000000010000000000
092001190008002001030723172800000000000001240002880000000288000000000000000000000000000000100000001670000000000020000000000
092001190009002001030723172800000000000001140004700000000376000000000000000000000000000000100000000500000000000020000000000
11200119001000200103072317280000090000090000002524000000252400000000000000000000000000270000000001760000
122001190011002001030723172800000000000000000000000000000000000000000000002524000000000000000000000000000000
07200120000000200103072317330000000000000000100000000000000000
092001200001002001030723173300000000000001120005960000000417000000000000000000000000000000100000001000000000000020000000000
092001200002002001030723173300000000000001220009000000000269000000000000000000000000000000100000001500000000000020000000000
092001200003002001030723173300000000000001160009960000000298000000000000000000000000000000100000000670000000000020000000000
092001200004002001030723173300000000000001250013080000000260I 0000000000000000000000000000100000000530000000000020000000000
092001200005002001030723173300000000000001010012340000000616000000000000000000000000000000100000001400000000000020000000000
092001200006002001030723173300000000000001100008040000000321000000000000000000000000000000100000000500000000000020000000000
092001200007002001030723173300000000000001060008640000000604000000000000000000000000000000100000001500000000000020000000000
11200120000800200103072317330000090000070000002785000000278500000000000000000000000000278500000000000000
122001200009002001030723173302010000000000000000000000000000000000040000002785000000000000000000000000000000
102001200010002001030723173301000000000000000400000027850000000000001010000009
07200121000000200103072317330000000000000000100000000000000000
092001210001002001030723173300000000000002050031000000001547000000000000000000000000000000100000000890000000000010000000000
092001210002002001030723173300000000000002070007920000000474000000000000000000000000000000100000001990000000000010000000000
11200121000300200103072317330000090000020000002021000000202100000000000000000000000000202100000000000000
122001210004002001030723173300000000000000000000000000000000000000000000002021000000000000000000000000000000
07200122000000200103072317370000000000000000100000000000000000
092001220001002001030723173700000000000003250000010000000150000000000000000000000000000000000000000000000000000040000000000
092001220002002001030723173700000000000003190000010000000550000000000000000000000000000000000000002000000000000050000000000
092001220003002001030723173700000000000001340000010000000200000000000000000000000000000000000000000200000000000020000000000
092001220004002001030723173700000000000001340000010000000200000000000000000000000000000000000000000200000000000020000000000
092001220005002001030723173700000000000005020000010000000100I 0000000000000000000000000000000000000100000000000060000000000
092001220006002001030723173700000000000002270004360000000436000000000000000000000000000000100000003990000000000010000000000
11200122000700200103072317370000090000060000001636000000163600000000000000000000000000163600000000000000
122001220008002001030723173703040000000000000000000000000000000000000000001636000000000000000000000000000000
07200123000000200103072317490000000000000000100000000000000000
092001230001002001030723174900000000000002040007460000000186000000000000000000000000000000100000000500000000000010000000000
092001230002002001030723174900000000000001180004980000000348000000000000000000000000000000100000001000000000000020000000000
092001230003002001030723174900000000000003250000010000000150000000000000000000000000000000000000000000000000000040000000000
11200123000400200103072317490000090000030000000684000000068400000000000000000000000000100000000003160000
122001230005002001030723174900000000000000000000000000000000000000000000000684000000000000000000000000000000
07200124000000200103072317560000000000000000100000000000000000
092001240001002001030723175600000000000005020000010000000100I 0000000000000000000000000000000000000100000000000060000000000
092001240002002001030723175600000000000005020000010000000100I 0000000000000000000000000000000000000100000000000060000000000
11200124000300200103072317560000090000020000000200000000020000000000000000000000000000020000000000000000
122001240004002001030723175600000000000000000000000000000000000000000000000200000000000000000000000000000000
07200125000000200103072317570000000000000000100000000000000000
092001250001002001030723175700000000000003020000010000000100000000000000000000000000000000000000000500000000000000000000000
092001250002002001030723175700000000000003020000010000000100000000000000000000000000000000000000000500000000000000000000000
11200125000300200103072317570000090000020000000200000000020000000000000000000000000000020000000000000000
122001250004002001030723175700000000000000000000000000000000000000000000000200000000000000000000000000000000
07200126000000200103072318010000000000000000100000000000000000
092001260001002001030723180100000000000001080003600000000432000000000000000000000000000000100000001000000000000020000000000
092001260002002001030723180100000000000002070009440000000565000000000000000000000000000000100000001990000000000010000000000
11200126000300200103072318010000090000020000000997000000099700000000000000000000000000200000000010030000
122001260004002001030723180100000000000000000000000000000000000000000000000997000000000000000000000000000000
07200127000000200103072318070000000000000000100000000000000000
092001270001002001030723180700000000000003020000010000000100000000000000000000000000000000000000000500000000000000000000000
092001270002002001030723180700000000000003020000010000000100000000000000000000000000000000000000000500000000000000000000000
092001270003002001030723180700000000000004060000640000000960I 0300000000000000000000000000100000015000000000000030000000000
092001270004002001030723180700000000000002090010560000001266000000000000000000000000000000100000004720000000000010000000000
092001270005002001030723180700000000000002190000010000001199000000000000000000000000000000000000002250000000000010000000000
092001270006002001030723180700000000000002050033680000001681000000000000000000000000000000100000000890000000000010000000000
092001270007002001030723180700000000000002560035580000005333000000000000000000000000000000100000000000000000000050000000000
092001270008002001030723180700000000000005040000010000000699I 0100000000000000000000000000000000000000000000000030000000000
092001270009002001030723180700000000000005040000010000000699I 0100000000000000000000000000000000000000000000000030000000000
092001270010002001030723180700000000000005020000650000006500I 0000000000000000000000000000000000000100000000000060000000000
11200127001100200103072318070000090000100000018537000001853700000000000000000000000001853700000000000000
122001270012002001030723180703050000000000000000000000000000000000000000018537000000000000000000000000000000
07200128000000200103072318100000000000000000100000000000000000
092001280001002001030723181000000000000005020000030000000300I 0000000000000000000000000000000000000100000000000060000000000
092001280002002001030723181000000000000005080000010000002399I 0100000000000000000000000000000000015000000000000070000000000
11200128000300200103072318100000090000020000002699000000269900000000000000000000000000269900000000000000
122001280004002001030723181003100000000000000000000000000000000000000000002699000000000000000000000000000000
07200129000000200103072318110000000000000000100000000000000000
092001290001002001030723181100000000000002070013800000000827000000000000000000000000000000100000001990000000000010000000000
092001290002002001030723181100000000000001270006660000000332000000000000000000000000000000100000000250000000000020000000000
092001290003002001030723181100000000000005480000010000000250I 0300000000000000000000000000000000000000000000000030000000000
11200129000400200103072318110000090000030000001409000000140900000000000000000000000000140900000000000000
122001290005002001030723181103090000000000000000000000000000000000000000001409000000000000000000000000000000
07200130000000200103072318120000000000000000100000000000000000
092001300001002001030723181200000000000002040002840000000071000000000000000000000000000000100000000500000000000010000000000
092001300002002001030723181200000000000001090001000000000070000000000000000000000000000000100000001500000000000020000000000
092001300003002001030723181200000000000003250000010000000150000000000000000000000000000000000000000000000000000040000000000
092001300004002001030723181200000000000002070009520000000570000000000000000000000000000000100000001990000000000010000000000
11200130000500200103072318120000090000040000000861000000086100000000000000000000000000086100000000000000
122001300006002001030723181203030000000000000000000000000000000000000000000861000000000000000000000000000000
07200131000000200103072318130000000000000000100000000000000000
092001310001002001030723181300000000000001010011200000000559000000000000000000000000000000100000001400000000000020000000000
092001310002002001030723181300000000000001070002460000000492000000000000000000000000000000100000010000000000000020000000000
092001310003002001030723181300000000000001080001240000000149000000000000000000000000000000100000001000000000000020000000000
092001310004002001030723181300000000000001040001240000000087000000000000000000000000000000100000002750000000000020000000000
11200131000500200103072318130000090000040000001287000000128700000000000000000000000000200000000007130000
122001310006002001030723181300000000000000000000000000000000000000000000001287000000000000000000000000000000
07200132000000200103072318150000000000000000100000000000000000
092001320001002001030723181500000000000001160016020000000479000000000000000000000000000000100000000670000000000020000000000
092001320002002001030723181500000000000003250000010000000150000000000000000000000000000000000000000000000000000040000000000
092001320003002001030723181500000000000001050009420000000376000000000000000000000000000000100000002000000000000020000000000
092001320004002001030723181500000000000002040002560000000064000000000000000000000000000000100000000500000000000010000000000
092001320005002001030723181500000000000005320000010000000199I 0100000000000000000000000000000000001490000000000080000000000
092001320006002001030723181500000000000002080006620000000264000000000000000000000000000000100000000500000000000010000000000
11200132000700200103072318150000090000060000001532000000153200000000000000000000000000500000000034680000
122001320008002001030723181500000000000000000000000000000000000000000000001532000000000000000000000000000000
07200133000000200103072318160000000000000000100000000000000000
092001330001002001030723181600000000000001330024500000003673000000000000000000000000000000100000002780000000000020000000000
11200133000200200103072318160000090000010000003673000000367300000000000000000000000001000000000063270000
122001330003002001030723181600000000000000000000000000000000000000000000003673000000000000000000000000000000
07200134000000200103072318230000000000000000100000000000000000
092001340001002001030723182300000000000002480010160000000507000000000000000000000000000000100000002000000000000050000000000
11200134000200200103072318230000090000010000000507000000050700000000000000000000000000200000000014930000
122001340003002001030723182300000000000000000000000000000000000000000000000507000000000000000000000000000000
07200135000000200103072318240000000000000000100000000000000000
092001350001002001030723182400000000000001070001180000000236000000000000000000000000000000100000010000000000000020000000000
11200135000200200103072318240000090000010000000236000000023600000000000000000000000000050000000002640000
122001350003002001030723182400000000000000000000000000000000000000000000000236000000000000000000000000000000
07200136000000200103072318370000000000000000100000000000000000
092001360001002001030723183700000000000003250000010000000150000000000000000000000000000000000000000000000000000040000000000
092001360002002001030723183700000000000001070001180000000236000000000000000000000000000000100000010000000000000020000000000
092001360003002001030723183700000000000003250000010000000150000000000000000000000000000000000000000000000000000040000000000
11200136000400200103072318370000090000030000000536000000053600000000000000000000000000053600000000000000
122001360005002001030723183703100000000000000000000000000000000000000000000536000000000000000000000000000000
07200137000000200103072318410000000000000000100000000000000000
092001370001002001030723184100000000000002070009340000000559000000000000000000000000000000100000001990000000000010000000000
092001370002002001030723184100000000000002460009800000001175000000000000000000000000000000100000000000000000000010000000000
092001370003002001030723184100000000000001220005800000000173000000000000000000000000000000100000001500000000000020000000000
11200137000400200103072318410000090000030000001907000000190700000000000000000000000000190700000000000000
122001370005002001030723184103030000000000000000000000000000000000000000001907000000000000000000000000000000
07200138000000200103072318460000000000000000100000000000000000
092001380001002001030723184600000000000001080005480000000657000000000000000000000000000000100000001000000000000020000000000
092001380002002001030723184600000000000003250000010000000150000000000000000000000000000000000000000000000000000040000000000
092001380003002001030723184600000000000001240002060000000206000000000000000000000000000000100000001670000000000020000000000
11200138000400200103072318460000090000030000001013000000101300000000000000000000000000101300000000000000
122001380005002001030723184603030000000000000000000000000000000000000000001013000000000000000000000000000000
07200139000000200103072318480000000000000000100000000000000000
092001390001002001030723184800000000000002080010340000000413000000000000000000000000000000100000000500000000000010000000000
092001390002002001030723184800000000000003190000010000000550000000000000000000000000000000000000002000000000000050000000000
11200139000300200103072318480000090000020000000963000000096300000000000000000000000000100000000000370000
122001390004002001030723184800000000000000000000000000000000000000000000000963000000000000000000000000000000
07200140000000200103072318500000000000000000100000000000000000
092001400001002001030723185000000000000001150002980000000447000000000000000000000000000000100000001000000000000020000000000
092001400002002001030723185000000000000001220010980000000328000000000000000000000000000000100000001500000000000020000000000
11200140000300200103072318500000090000020000000775000000077500000000000000000000000000077500000000000000
122001400004002001030723185002010000000000000000000000000000000000090000000775000000000000000000000000000000
102001400005002001030723185001000000000000000900000007750000000000000574000009
07200141000000200103072318570000000000000000100000000000000000
092001410001002001030723185700000000000002040001780000000044000000000000000000000000000000100000000500000000000010000000000
11200141000200200103072318570000090000010000000044000000004400000000000000000000000000010000000000560000
122001410003002001030723185700000000000000000000000000000000000000000000000044000000000000000000000000000000
07200142000000200103072319040000000000000000100000000000000000
092001420001002001030723190400000000000001080004760000000571000000000000000000000000000000100000001000000000000020000000000
092001420002002001030723190400000000000001040005720000000400000000000000000000000000000000100000002750000000000020000000000
092001420003002001030723190400000000000001070000660000000132000000000000000000000000000000100000010000000000000020000000000
092001420004002001030723190400000000000003250000010000000150000000000000000000000000000000000000000000000000000040000000000
11200142000500200103072319040000090000040000001253000000125300000000000000000000000000150000000002470000
122001420006002001030723190400000000000000000000000000000000000000000000001253000000000000000000000000000000
07200143000000200103072319070000000000000000100000000000000000
092001430001002001030723190700000000000001170002500000000150000000000000000000000000000000100000001430000000000020000000000
092001430002002001030723190700000000000002070008320000000498000000000000000000000000000000100000001990000000000010000000000
11200143000300200103072319070000090000020000000648000000064800000000000000000000000000080000000001520000
122001430004002001030723190700000000000000000000000000000000000000000000000648000000000000000000000000000000
07200144000000200103072319080000000000000000100000000000000000
092001440001002001030723190800000000000003250000010000000150000000000000000000000000000000000000000000000000000040000000000
11200144000200200103072319080000090000010000000150000000015000000000000000000000000000015000000000000000
122001440003002001030723190800000000000000000000000000000000000000000000000150000000000000000000000000000000
07200145000000200103072319210000000000000000100000000000000000
092001450001002001030723192100000000000001050004920000000196000000000000000000000000000000100000002000000000000020000000000
092001450002002001030723192100000000000004020000010000000100I 0300000000000000000000000000000000000230000000000030000000000
092001450003002001030723192100000000000004020000010000000100I 0300000000000000000000000000000000000230000000000030000000000
092001450004002001030723192100000000000004020000010000000100I 0300000000000000000000000000000000000230000000000030000000000
11200145000500200103072319210000090000040000000496000000049600000000000000000000000000100000000005040000
122001450006002001030723192100000000000000000000000000000000000000000000000496000000000000000000000000000000
07200146000000200103072319240000000000000000100000000000000000
092001460001002001030723192400000000000003010000010000001099000000000000000000000000000000000000006000000000000050000000000
11200146000200200103072319240000090000010000001099000000109900000000000000000000000000109900000000000000
122001460003002001030723192400000000000000000000000000000000000000000000001099000000000000000000000000000000
07200147000000200103072319340000000000000000100000000000000000
092001470001002001030723193400000000000001010006360000000317000000000000000000000000000000100000001400000000000020000000000
092001470002002001030723193400000000000003250000010000000150000000000000000000000000000000000000000000000000000040000000000
092001470003002001030723193400000000000001070000600000000120000000000000000000000000000000100000010000000000000020000000000
11200147000400200103072319340000090000030000000587000000058700000000000000000000000000058700000000000000
122001470005002001030723193403110000000000000000000000000000000000000000000587000000000000000000000000000000
07200148000000200103072319340000000000000000100000000000000000
092001480001002001030723193400000000000003010000010000001099000000000000000000000000000000000000006000000000000050000000000
11200148000200200103072319340000090000010000001099000000109900000000000000000000000000200000000009010000
122001480003002001030723193400000000000000000000000000000000000000000000001099000000000000000000000000000000
07200149000000200103072319370000000000000000100000000000000000
092001490001002001030723193700000000000002070005160000000309000000000000000000000000000000100000001990000000000010000000000
11200149000200200103072319370000090000010000000309000000030900000000000000000000000000030900000000000000
122001490003002001030723193703030000000000000000000000000000000000000000000309000000000000000000000000000000
14200150000000200103072319400000010000000000
07200151000000200103072319400000000000000000100000000000000000
092001510001002001030723194000000000000002280004840000000387000000000000000000000000000000100000001000000000000010000000000
092001510002002001030723194000000000000002040012000000000299000000000000000000000000000000100000000500000000000010000000000
11200151000300200103072319400000090000020000000686000000068600000000000000000000000000070000000000140000
122001510004002001030723194000000000000000000000000000000000000000000000000686000000000000000000000000000000
07200152000000200103072319410000000000000000100000000000000000
092001520001002001030723194100000000000005400000010000000299000000000000000000000000000000000000001990000000000080000000000
11200152000200200103072319410000090000010000000299000000029900000000000000000000000000029900000000000000
122001520003002001030723194103030000000000000000000000000000000000000000000299000000000000000000000000000000
07200153000000200103072319440000000000000000100000000000000000
092001530001002001030723194400000000000002250007440000000520000000000000000000000000000000100000002670000000000010000000000
092001530002002001030723194400000000000002460005760000000691000000000000000000000000000000100000000000000000000010000000000
092001530003002001030723194400000000000002070011360000000680000000000000000000000000000000100000001990000000000010000000000
11200153000400200103072319440000090000030000001891000000189100000000000000000000000000189100000000000000
122001530005002001030723194403030000000000000000000000000000000000000000001891000000000000000000000000000000
07200154000000200103072319440000000000000000100000000000000000
092001540001002001030723194400000000000003010000010000001099000000000000000000000000000000000000006000000000000050000000000
11200154000200200103072319440000090000010000001099000000109900000000000000000000000000109900000000000000
122001540003002001030723194400000000000000000000000000000000000000000000001099000000000000000000000000000000
07200155000000200103072319570000000000000000100000000000000000
092001550001002001030723195700000000000003010000010000001099000000000000000000000000000000000000006000000000000050000000000
11200155000200200103072319570000090000010000001099000000109900000000000000000000000000109900000000000000
122001550003002001030723195703030000000000000000000000000000000000000000001099000000000000000000000000000000
07200156000000200103072319570000000000000000100000000000000000
092001560001002001030723195700000000000005040000010000000699I 0100000000000000000000000000000000000000000000000030000000000
11200156000200200103072319570000090000010000000699000000069900000000000000000000000000069900000000000000
122001560003002001030723195700000000000000000000000000000000000000000000000699000000000000000000000000000000
07200157000000200103072320010000000000000000100000000000000000
092001570001002001030723200100000000000002010008260000000247000000000000000000000000000000100000000990000000000010000000000
11200157000200200103072320010000090000010000000247000000024700000000000000000000000000024700000000000000
122001570003002001030723200103030000000000000000000000000000000000000000000247000000000000000000000000000000
07200158000000200103072320070000000000000000100000000000000000
092001580001002001030723200700000000000001130007740000000309000000000000000000000000000000100000001500000000000020000000000
11200158000200200103072320070000090000010000000309000000030900000000000000000000000000030900000000000000
122001580003002001030723200700000000000000000000000000000000000000000000000309000000000000000000000000000000
07200159000000200103072320120000000000000000100000000000000000
092001590001002001030723201200000000000005020000010000000100I 0000000000000000000000000000000000000100000000000060000000000
092001590002002001030723201200000000000001230001100000000099000000000000000000000000000000100000008750000000000020000000000
092001590003002001030723201200000000000001060000900000000063000000000000000000000000000000100000001500000000000020000000000
11200159000400200103072320120000090000030000000262000000026200000000000000000000000000026200000000000000
122001590005002001030723201200000000000000000000000000000000000000000000000262000000000000000000000000000000
07200160000000200103072320250000000000000000100000000000000000
092001600001002001030723202500000000000002200000010000000499000000000000000000000000000000000000000990000000000010000000000
17200160000200200103072320250000000000000260
092001600003002001030723202500000000000002140011880000000593000000000000000000000000000000100000001990000000000010000000000
11200160000400200103072320250000090000020000001092000000109200000000000000000000000000200000000009080000
122001600005002001030723202500000000000000000000000000000000000000000000001092000000000000000000000000000000
062001600006002001030723204000000100000300000000000000000000000000000000000000000000
062001600007002001030723204300000100000050000000000000000000000000000000000000000000
0420016100000020010307232052000001200031200161000002138375520000021399154603072300001520680000000000000000000000000000000001000000000000000000000000000000000000000000000000000000000000000000000000000000001234567890AB        
