01200842000000200109072307160000010000009700000002147435071.82G5E   1234567890AB        Generica            
02200842000100200109072307160000010000050000000000
07200843000000200109072307190000000000000000100000000000000000
092008430001002001090723071900000000000002150000010000000199000000000000000000000000000000000000000500000000000010000000000
11200843000200200109072307190000050000010000000199000000019900000000000000000000000000019900000000000000
122008430003002001090723071900000000000000000000000000000000000000000000000199000000000000000000000000000000
07200844000000200109072307230000000000000000100000000000000000
092008440001002001090723072300000000000002080014580000000728000000000000000000000000000000100000000500000000000010000000000
11200844000200200109072307230000050000010000000728000000072800000000000000000000000000200000000012720000
122008440003002001090723072300000000000000000000000000000000000000000000000728000000000000000000000000000000
07200845000000200109072307250000000000000000100000000000000000
092008450001002001090723072500000000000001110001820000000091000000000000000000000000000000100000000500000000000020000000000
092008450002002001090723072500000000000003250000010000000149000000000000000000000000000000000000000000000000000040000000000
11200845000300200109072307250000050000020000000240000000024000000000000000000000000000024000000000000000
122008450004002001090723072500000000000000000000000000000000000000000000000240000000000000000000000000000000
07200846000000200109072307260000000000000000100000000000000000
092008460001002001090723072600000000000003100000010000000799000000000000000000000000000000000000000800000000000040000000000
11200846000200200109072307260000050000010000000799000000079900000000000000000000000000100000000002010000
122008460003002001090723072600000000000000000000000000000000000000000000000799000000000000000000000000000000
07200847000000200109072307330000000000000000100000000000000000
092008470001002001090723073300000000000001130019700000000786000000000000000000000000000000100000001500000000000020000000000
11200847000200200109072307330000050000010000000786000000078600000000000000000000000000100000000002140000
122008470003002001090723073300000000000000000000000000000000000000000000000786000000000000000000000000000000
07200848000000200109072307440000000000000000100000000000000000
092008480001002001090723074400000000000005230000010000004300I 0100000000000000000000000000000000000000000000000070000000000
11200848000200200109072307440000050000010000004300000000430000000000000000000000000000430000000000000000
122008480003002001090723074403010000000000000000000000000000000000000000004300000000000000000000000000000000
07200849000000200109072307490000000000000000100000000000000000
092008490001002001090723074900000000000002080010340000000516000000000000000000000000000000100000000500000000000010000000000
092008490002002001090723074900000000000005480000010000000250I 0300000000000000000000000000000000000000000000000030000000000
11200849000300200109072307490000050000020000000766000000076600000000000000000000000000100000000002340000
122008490004002001090723074900000000000000000000000000000000000000000000000766000000000000000000000000000000
07200850000000200109072307510000000000000000100000000000000000
092008500001002001090723075100000000000001120008740000000524000000000000000000000000000000100000001000000000000020000000000
11200850000200200109072307510000050000010000000524000000052400000000000000000000000000200000000014760000
122008500003002001090723075100000000000000000000000000000000000000000000000524000000000000000000000000000000
07200851000000200109072307590000000000000000100000000000000000
092008510001002001090723075900000000000005480000010000000250I 0300000000000000000000000000000000000000000000000030000000000
11200851000200200109072307590000050000010000000250000000025000000000000000000000000000025000000000000000
122008510003002001090723075900000000000000000000000000000000000000000000000250000000000000000000000000000000
07200852000000200109072308080000000000000000100000000000000000
092008520001002001090723080800000000000002070003680000000220000000000000000000000000000000100000001990000000000010000000000
11200852000200200109072308080000050000010000000220000000022000000000000000000000000000022000000000000000
122008520003002001090723080803050000000000000000000000000000000000000000000220000000000000000000000000000000
07200853000000200109072308090000000000000000100000000000000000
092008530001002001090723080900000000000003250000010000000149000000000000000000000000000000000000000000000000000040000000000
11200853000200200109072308090000050000010000000149000000014900000000000000000000000000020000000000510000
122008530003002001090723080900000000000000000000000000000000000000000000000149000000000000000000000000000000
07200854000000200109072308100000000000000000100000000000000000
092008540001002001090723081000000000000001050001440000000057000000000000000000000000000000100000002000000000000020000000000
11200854000200200109072308100000050000010000000057000000005700000000000000000000000000020000000001430000
122008540003002001090723081000000000000000000000000000000000000000000000000057000000000000000000000000000000
07200855000000200109072308110000000000000000100000000000000000
092008550001002001090723081100000000000002210008760000000612000000000000000000000000000000100000003990000000000010000000000
11200855000200200109072308110000050000010000000612000000061200000000000000000000000000080000000001880000
122008550003002001090723081100000000000000000000000000000000000000000000000612000000000000000000000000000000
07200856000000200109072308200000000000000000100000000000000000
092008560001002001090723082000000000000001010006440000000321000000000000000000000000000000100000001400000000000020000000000
092008560002002001090723082000000000000001060004620000000323000000000000000000000000000000100000001500000000000020000000000
092008560003002001090723082000000000000003250000020000000298000000000000000000000000000000000000000000000000000040000000000
11200856000400200109072308200000050000030000000942000000094200000000000000000000000000200000000010580000
122008560005002001090723082000000000000000000000000000000000000000000000000942000000000000000000000000000000
07200857000000200109072308240000000000000000100000000000000000
092008570001002001090723082400000000000001040010280000000616000000000000000000000000000000100000002750000000000020000000000
092008570002002001090723082400000000000001080004780000000573000000000000000000000000000000100000001000000000000020000000000
092008570003002001090723082400000000000001090001740000000139000000000000000000000000000000100000001500000000000020000000000
092008570004002001090723082400000000000002070011480000000688000000000000000000000000000000100000001990000000000010000000000
092008570005002001090723082400000000000001080001540000000185000000000000000000000000000000100000001000000000000020000000000
092008570006002001090723082400000000000001090000960000000077000000000000000000000000000000100000001500000000000020000000000
092008570007002001090723082400000000000003250000020000000298000000000000000000000000000000000000000000000000000040000000000
11200857000800200109072308240000050000070000002576000000257600000000000000000000000000257600000000000000
122008570009002001090723082403010000000000000000000000000000000000000000002576000000000000000000000000000000
14200858000000200109072308350000010000000000
07200859000000200109072308410000000000000000100000000000000000
092008590001002001090723084100000000000001090000860000000069000000000000000000000000000000100000001500000000000020000000000
092008590002002001090723084100000000000001060005120000000358000000000000000000000000000000100000001500000000000020000000000
092008590003002001090723084100000000000003250000010000000149000000000000000000000000000000000000000000000000000040000000000
092008590004002001090723084100000000000005020000040000000400I 0000000000000000000000000000000000000100000000000060000000000
11200859000500200109072308410000050000040000000976000000097600000000000000000000000000200000000010240000
122008590006002001090723084100000000000000000000000000000000000000000000000976000000000000000000000000000000
07200860000000200109072308450000000000000000100000000000000000
092008600001002001090723084500000000000005020000070000000700I 0000000000000000000000000000000000000100000000000060000000000
11200860000200200109072308450000050000010000000700000000070000000000000000000000000000500000000043000000
122008600003002001090723084500000000000000000000000000000000000000000000000700000000000000000000000000000000
07200861000000200109072308460000000000000000100000000000000000
092008610001002001090723084600000000000002220000010000000399000000000000000000000000000000000000001500000000000010000000000
11200861000200200109072308460000050000010000000399000000039900000000000000000000000000050000000001010000
122008610003002001090723084600000000000000000000000000000000000000000000000399000000000000000000000000000000
14200862000000200109072308480000010000000000
14200863000000200109072308500000010000000000
14200864000000200109072308530000010000000000
07200865000000200109072308530000000000000000100000000000000000
092008650001002001090723085300000000000003010000010000001099000000000000000000000000000000000000006000000000000050000000000
11200865000200200109072308530000050000010000001099000000109900000000000000000000000000120000000001010000
122008650003002001090723085300000000000000000000000000000000000000000000001099000000000000000000000000000000
07200866000000200109072308580000000000000000100000000000000000
092008660001002001090723085800000000000003250000030000000447000000000000000000000000000000000000000000000000000040000000000
092008660002002001090723085800000000000001170003120000000124000000000000000000000000000000100000001430000000000020000000000
092008660003002001090723085800000000000002260008320000000415000000000000000000000000000000100000002000000000000010000000000
092008660004002001090723085800000000000002150000030000000597000000000000000000000000000000000000000500000000000010000000000
092008660005002001090723085800000000000003010000010000001099000000000000000000000000000000000000006000000000000050000000000
11200866000600200109072308580000050000050000002682000000268200000000000000000000000000268200000000000000
122008660007002001090723085803010000000000000000000000000000000000000000002682000000000000000000000000000000
07200867000000200109072308590000000000000000100000000000000000
092008670001002001090723085900000000000001020057280000001999000000000000000000000000000000100000001200000000000020000000000
11200867000200200109072308590000050000010000001999000000199900000000000000000000000000500000000030010000
122008670003002001090723085900000000000000000000000000000000000000000000001999000000000000000000000000000000
07200868000000200109072309020000000000000000100000000000000000
092008680001002001090723090200000000000001170006260000000250000000000000000000000000000000100000001430000000000020000000000
092008680002002001090723090200000000000002010017540000000612000000000000000000000000000000100000000990000000000010000000000
11200868000300200109072309020000050000020000000862000000086200000000000000000000000000090000000000380000
122008680004002001090723090200000000000000000000000000000000000000000000000862000000000000000000000000000000
07200869000000200109072309030000000000000000100000000000000000
092008690001002001090723090300000000000001020005660000000198000000000000000000000000000000100000001200000000000020000000000
11200869000200200109072309030000050000010000000198000000019800000000000000000000000000020000000000020000
122008690003002001090723090300000000000000000000000000000000000000000000000198000000000000000000000000000000
07200870000000200109072309090000000000000000100000000000000000
092008700001002001090723090900000000000001020032900000001148000000000000000000000000000000100000001200000000000020000000000
11200870000200200109072309090000050000010000001148000000114800000000000000000000000000114800000000000000
122008700003002001090723090902010000000000000000000000000000000000210000001148000000000000000000000000000000
102008700004002001090723090901000000000000002100000011480000000000000301000005
07200871000000200109072309270000000000000000100000000000000000
092008710001002001090723092700000000000003250000040000000596000000000000000000000000000000000000000000000000000040000000000
11200871000200200109072309270000050000010000000596000000059600000000000000000000000000059600000000000000
122008710003002001090723092703010000000000000000000000000000000000000000000596000000000000000000000000000000
07200872000000200109072309270000000000000000100000000000000000
092008720001002001090723092700000000000003010000010000001099000000000000000000000000000000000000006000000000000050000000000
11200872000200200109072309270000050000010000001099000000109900000000000000000000000000500000000039010000
122008720003002001090723092700000000000000000000000000000000000000000000001099000000000000000000000000000000
07200873000000200109072309350000000000000000100000000000000000
092008730001002001090723093500000000000001020025040000000874000000000000000000000000000000100000001200000000000020000000000
11200873000200200109072309350000050000010000000874000000087400000000000000000000000000087400000000000000
122008730003002001090723093503010000000000000000000000000000000000000000000874000000000000000000000000000000
07200874000000200109072309410000000000000000100000000000000000
092008740001002001090723094100000000000003250000010000000149000000000000000000000000000000000000000000000000000040000000000
092008740002002001090723094100000000000003250000010000000149000000000000000000000000000000000000000000000000000040000000000
092008740003002001090723094100000000000003250000010000000149000000000000000000000000000000000000000000000000000040000000000
092008740004002001090723094100000000000003250000010000000149000000000000000000000000000000000000000000000000000040000000000
092008740005002001090723094100000000000005020000010000000100I 0000000000000000000000000000000000000100000000000060000000000
092008740006002001090723094100000000000005020000010000000100I 0000000000000000000000000000000000000100000000000060000000000
092008740007002001090723094100000000000001050008160000000326000000000000000000000000000000100000002000000000000020000000000
092008740008002001090723094100000000000001020010580000000369000000000000000000000000000000100000001200000000000020000000000
11200874000900200109072309410000050000080000001491000000149100000000000000000000000000500000000035090000
122008740010002001090723094100000000000000000000000000000000000000000000001491000000000000000000000000000000
07200875000000200109072309420000000000000000100000000000000000
092008750001002001090723094200000000000005020000010000000100I 0000000000000000000000000000000000000100000000000060000000000
11200875000200200109072309420000050000010000000100000000010000000000000000000000000000010000000000000000
122008750003002001090723094200000000000000000000000000000000000000000000000100000000000000000000000000000000
07200876000000200109072309440000000000000000100000000000000000
092008760001002001090723094400000000000005020000030000000300I 0000000000000000000000000000000000000100000000000060000000000
092008760002002001090723094400000000000001130008440000000337000000000000000000000000000000100000001500000000000020000000000
092008760003002001090723094400000000000003250000020000000298000000000000000000000000000000000000000000000000000040000000000
11200876000400200109072309440000050000030000000935000000093500000000000000000000000000103500000001000000
122008760005002001090723094400000000000000000000000000000000000000000000000935000000000000000000000000000000
07200877000000200109072309470000000000000000100000000000000000
092008770001002001090723094700000000000005480000010000000250I 0300000000000000000000000000000000000000000000000030000000000
11200877000200200109072309470000050000010000000250000000025000000000000000000000000000025000000000000000
122008770003002001090723094700000000000000000000000000000000000000000000000250000000000000000000000000000000
14200878000000200109072309510000010000000000
07200879000000200109072309520000000000000000100000000000000000
092008790001002001090723095200000000000005020000010000000100I 0000000000000000000000000000000000000100000000000060000000000
11200879000200200109072309520000050000010000000100000000010000000000000000000000000000010000000000000000
122008790003002001090723095200000000000000000000000000000000000000000000000100000000000000000000000000000000
14200880000000200109072309540000010000000000
07200881000000200109072309570000000000000000100000000000000000
092008810001002001090723095700000000000003250000010000000149000000000000000000000000000000000000000000000000000040000000000
092008810002002001090723095700000000000005020000010000000100I 0000000000000000000000000000000000000100000000000060000000000
11200881000300200109072309570000050000020000000249000000024900000000000000000000000000024900000000000000
122008810004002001090723095703050000000000000000000000000000000000000000000249000000000000000000000000000000
07200882000000200109072310070000000000000000100000000000000000
092008820001002001090723100700000000000001130010960000000437000000000000000000000000000000100000001500000000000020000000000
11200882000200200109072310070000050000010000000437000000043700000000000000000000000000043700000000000000
122008820003002001090723100703010000000000000000000000000000000000000000000437000000000000000000000000000000
14200883000000200109072310070000010000000000
07200884000000200109072310130000000000000000100000000000000000
092008840001002001090723101300000000000002270004480000000448000000000000000000000000000000100000003990000000000010000000000
092008840002002001090723101300000000000002080002960000000148000000000000000000000000000000100000000500000000000010000000000
092008840003002001090723101300000000000002070005800000000347000000000000000000000000000000100000001990000000000010000000000
11200884000400200109072310130000050000030000000943000000094300000000000000000000000000100000000000570000
122008840005002001090723101300000000000000000000000000000000000000000000000943000000000000000000000000000000
07200885000000200109072310140000000000000000100000000000000000
092008850001002001090723101400000000000003100000010000000799000000000000000000000000000000000000000800000000000040000000000
092008850002002001090723101400000000000005020000010000000100I 0000000000000000000000000000000000000100000000000060000000000
11200885000300200109072310140000050000020000000899000000089900000000000000000000000000089900000000000000
122008850004002001090723101400000000000000000000000000000000000000000000000899000000000000000000000000000000
07200886000000200109072310180000000000000000100000000000000000
092008860001002001090723101800000000000001010010860000000542000000000000000000000000000000100000001400000000000020000000000
11200886000200200109072310180000050000010000000542000000054200000000000000000000000000055000000000080000
122008860003002001090723101800000000000000000000000000000000000000000000000542000000000000000000000000000000
07200887000000200109072310210000000000000000100000000000000000
092008870001002001090723102100000000000002270005320000000531000000000000000000000000000000100000003990000000000010000000000
11200887000200200109072310210000050000010000000531000000053100000000000000000000000000070000000001690000
122008870003002001090723102100000000000000000000000000000000000000000000000531000000000000000000000000000000
07200888000000200109072310230000000000000000100000000000000000
092008880001002001090723102300000000000002130019480000000582000000000000000000000000000000100000001400000000000010000000000
092008880002002001090723102300000000000002050017980000000897000000000000000000000000000000100000000890000000000010000000000
092008880003002001090723102300000000000003250000010000000149000000000000000000000000000000000000000000000000000040000000000
092008880004002001090723102300000000000003250000010000000149000000000000000000000000000000000000000000000000000040000000000
092008880005002001090723102300000000000002070014880000000891000000000000000000000000000000100000001990000000000010000000000
11200888000600200109072310230000050000050000002668000000266800000000000000000000000000300000000003320000
122008880007002001090723102300000000000000000000000000000000000000000000002668000000000000000000000000000000
07200889000000200109072310240000000000000000100000000000000000
092008890001002001090723102400000000000002040005620000000196000000000000000000000000000000100000000500000000000010000000000
11200889000200200109072310240000050000010000000196000000019600000000000000000000000000020000000000040000
122008890003002001090723102400000000000000000000000000000000000000000000000196000000000000000000000000000000
07200890000000200109072310240000000000000000100000000000000000
092008900001002001090723102400000000000001050003980000000159000000000000000000000000000000100000002000000000000020000000000
11200890000200200109072310240000050000010000000159000000015900000000000000000000000000015900000000000000
122008900003002001090723102400000000000000000000000000000000000000000000000159000000000000000000000000000000
14200891000000200109072310240000010000000000
07200892000000200109072310250000000000000000100000000000000000
092008920001002001090723102500000000000003250000010000000149000000000000000000000000000000000000000000000000000040000000000
092008920002002001090723102500000000000002070006780000000406000000000000000000000000000000100000001990000000000010000000000
092008920003002001090723102500000000000001010015220000000759000000000000000000000000000000100000001400000000000020000000000
11200892000400200109072310250000050000030000001314000000131400000000000000000000000000200000000006860000
122008920005002001090723102500000000000000000000000000000000000000000000001314000000000000000000000000000000
07200893000000200109072310290000000000000000100000000000000000
092008930001002001090723102900000000000001020009140000000319000000000000000000000000000000100000001200000000000020000000000
17200893000200200109072310290000000000000152
092008930003002001090723102900000000000001050002540000000101000000000000000000000000000000100000002000000000000020000000000
092008930004002001090723102900000000000005020000010000000100I 0000000000000000000000000000000000000100000000000060000000000
11200893000500200109072310290000050000030000000520000000052000000000000000000000000000200000000014800000
122008930006002001090723102900000000000000000000000000000000000000000000000520000000000000000000000000000000
07200894000000200109072310300000000000000000100000000000000000
092008940001002001090723103000000000000001050004580000000183000000000000000000000000000000100000002000000000000020000000000
092008940002002001090723103000000000000001020005180000000181000000000000000000000000000000100000001200000000000020000000000
092008940003002001090723103000000000000001070002460000000492000000000000000000000000000000100000010000000000000020000000000
092008940004002001090723103000000000000002050005780000000288000000000000000000000000000000100000000890000000000010000000000
11200894000500200109072310300000050000040000001144000000114400000000000000000000000000200000000008560000
122008940006002001090723103000000000000000000000000000000000000000000000001144000000000000000000000000000000
07200895000000200109072310310000000000000000100000000000000000
092008950001002001090723103100000000000002070008020000000480000000000000000000000000000000100000001990000000000010000000000
092008950002002001090723103100000000000002080006840000000341000000000000000000000000000000100000000500000000000010000000000
092008950003002001090723103100000000000001010012380000000618000000000000000000000000000000100000001400000000000020000000000
092008950004002001090723103100000000000002040004720000000165000000000000000000000000000000100000000500000000000010000000000
11200895000500200109072310310000050000040000001604000000160400000000000000000000000000160400000000000000
122008950006002001090723103103010000000000000000000000000000000000000000001604000000000000000000000000000000
07200896000000200109072310320000000000000000100000000000000000
092008960001002001090723103200000000000003250000010000000149000000000000000000000000000000000000000000000000000040000000000
11200896000200200109072310320000050000010000000149000000014900000000000000000000000000020000000000510000
122008960003002001090723103200000000000000000000000000000000000000000000000149000000000000000000000000000000
14200897000000200109072310330000010000000000
07200898000000200109072310340000000000000000100000000000000000
092008980001002001090723103400000000000002130069600000002081000000000000000000000000000000100000001400000000000010000000000
092008980002002001090723103400000000000001010011460000000572000000000000000000000000000000100000001400000000000020000000000
11200898000300200109072310340000050000020000002653000000265300000000000000000000000000265300000000000000
122008980004002001090723103403050000000000000000000000000000000000000000002653000000000000000000000000000000
07200899000000200109072310360000000000000000100000000000000000
092008990001002001090723103600000000000003250000010000000149000000000000000000000000000000000000000000000000000040000000000
092008990002002001090723103600000000000001080008380000001005000000000000000000000000000000100000001000000000000020000000000
092008990003002001090723103600000000000001010010000000000499000000000000000000000000000000100000001400000000000020000000000
092008990004002001090723103600000000000002040003760000000131000000000000000000000000000000100000000500000000000010000000000
092008990005002001090723103600000000000001090001620000000129000000000000000000000000000000100000001500000000000020000000000
11200899000600200109072310360000050000050000001913000000191300000000000000000000000000191300000000000000
122008990007002001090723103603010000000000000000000000000000000000000000001913000000000000000000000000000000
07200900000000200109072310370000000000000000100000000000000000
092009000001002001090723103700000000000001020011320000000395000000000000000000000000000000100000001200000000000020000000000
092009000002002001090723103700000000000001070000960000000192000000000000000000000000000000100000010000000000000020000000000
092009000003002001090723103700000000000001090000960000000077000000000000000000000000000000100000001500000000000020000000000
092009000004002001090723103700000000000003250000010000000149000000000000000000000000000000000000000000000000000040000000000
092009000005002001090723103700000000000005020000010000000100I 0000000000000000000000000000000000000100000000000060000000000
092009000006002001090723103700000000000003250000010000000149000000000000000000000000000000000000000000000000000040000000000
11200900000700200109072310370000050000060000001062000000106200000000000000000000000000106200000000000000
122009000008002001090723103703010000000000000000000000000000000000000000001062000000000000000000000000000000
07200901000000200109072310380000000000000000100000000000000000
092009010001002001090723103800000000000002050001060000000053000000000000000000000000000000100000000890000000000010000000000
11200901000200200109072310380000050000010000000053000000005300000000000000000000000000010000000000470000
122009010003002001090723103800000000000000000000000000000000000000000000000053000000000000000000000000000000
07200902000000200109072310390000000000000000100000000000000000
092009020001002001090723103900000000000005020000020000000200I 0000000000000000000000000000000000000100000000000060000000000
11200902000200200109072310390000050000010000000200000000020000000000000000000000000000020000000000000000
122009020003002001090723103903010000000000000000000000000000000000000000000200000000000000000000000000000000
18200902000400200109072310440600000010000000000000000000000001
07200903000000200109072310450000000000000000100000000000000000
092009030001002001090723104500000000000001080004600000000552000000000000000000000000000000100000001000000000000020000000000
092009030002002001090723104500000000000002090005600000000671000000000000000000000000000000100000004720000000000010000000000
092009030003002001090723104500000000000001070001000000000200000000000000000000000000000000100000010000000000000020000000000
092009030004002001090723104500000000000002040002700000000094000000000000000000000000000000100000000500000000000010000000000
092009030005002001090723104500000000000001040003940000000236000000000000000000000000000000100000002750000000000020000000000
11200903000600200109072310450000050000050000001753000000175300000000000000000000000000175300000000000000
122009030007002001090723104503010000000000000000000000000000000000000000001753000000000000000000000000000000
14200904000000200109072310460000010000000000
14200905000000200109072310460000010000000000
07200906000000200109072310480000000000000000100000000000000000
092009060001002001090723104800000000000001160006400000000191000000000000000000000000000000100000000670000000000020000000000
092009060002002001090723104800000000000002260007940000000396000000000000000000000000000000100000002000000000000010000000000
092009060003002001090723104800000000000003250000020000000298000000000000000000000000000000000000000000000000000040000000000
11200906000400200109072310480000050000030000000885000000088500000000000000000000000000088500000000000000
122009060005002001090723104803010000000000000000000000000000000000000000000885000000000000000000000000000000
07200907000000200109072310480000000000000000100000000000000000
092009070001002001090723104800000000000001130007260000000290000000000000000000000000000000100000001500000000000020000000000
11200907000200200109072310480000050000010000000290000000029000000000000000000000000000030000000000100000
122009070003002001090723104800000000000000000000000000000000000000000000000290000000000000000000000000000000
07200908000000200109072310490000000000000000100000000000000000
092009080001002001090723104900000000000001070001540000000308000000000000000000000000000000100000010000000000000020000000000
11200908000200200109072310490000050000010000000308000000030800000000000000000000000000030800000000000000
122009080003002001090723104903050000000000000000000000000000000000000000000308000000000000000000000000000000
07200909000000200109072310560000000000000000100000000000000000
17200909000100200109072310560000000000000149
17200909000200200109072310560000000000000542
17200909000300200109072310560000000000000086
17200909000400200109072310560000000000000261
17200909000500200109072310560000000000001499
11200909000600200109072310560000050000000000000000000000000000000000000000000000000000100000000010000000
122009090007002001090723105600000000000000000000000000000000000000000000000000000000000000000000000000000000
07200910000000200109072311050000000000000000100000000000000000
092009100001002001090723110500000000000001090003760000000300000000000000000000000000000000100000001500000000000020000000000
11200910000200200109072311050000050000010000000300000000030000000000000000000000000000040000000001000000
122009100003002001090723110500000000000000000000000000000000000000000000000300000000000000000000000000000000
07200911000000200109072311060000000000000000100000000000000000
092009110001002001090723110600000000000003250000010000000149000000000000000000000000000000000000000000000000000040000000000
092009110002002001090723110600000000000001070000500000000100000000000000000000000000000000100000010000000000000020000000000
11200911000300200109072311060000050000020000000249000000024900000000000000000000000000040000000001510000
122009110004002001090723110600000000000000000000000000000000000000000000000249000000000000000000000000000000
07200912000000200109072311060000000000000000100000000000000000
092009120001002001090723110600000000000001080002860000000343000000000000000000000000000000100000001000000000000020000000000
092009120002002001090723110600000000000003250000010000000149000000000000000000000000000000000000000000000000000040000000000
11200912000300200109072311060000050000020000000492000000049200000000000000000000000000050000000000080000
122009120004002001090723110600000000000000000000000000000000000000000000000492000000000000000000000000000000
07200913000000200109072311070000000000000000100000000000000000
092009130001002001090723110700000000000003250000020000000298000000000000000000000000000000000000000000000000000040000000000
11200913000200200109072311070000050000010000000298000000029800000000000000000000000000029800000000000000
122009130003002001090723110700000000000000000000000000000000000000000000000298000000000000000000000000000000
07200914000000200109072311080000000000000000100000000000000000
092009140001002001090723110800000000000002070007140000000428000000000000000000000000000000100000001990000000000010000000000
11200914000200200109072311080000050000010000000428000000042800000000000000000000000000050000000000720000
122009140003002001090723110800000000000000000000000000000000000000000000000428000000000000000000000000000000
07200915000000200109072311110000000000000000100000000000000000
092009150001002001090723111100000000000002060008340000000416000000000000000000000000000000100000000000000000000010000000000
092009150002002001090723111100000000000001140006380000000510000000000000000000000000000000100000000500000000000020000000000
092009150003002001090723111100000000000003010000010000001099000000000000000000000000000000000000006000000000000050000000000
092009150004002001090723111100000000000001020012660000000442000000000000000000000000000000100000001200000000000020000000000
11200915000500200109072311110000050000040000002467000000246700000000000000000000000000246700000000000000
122009150006002001090723111103010000000000000000000000000000000000000000002467000000000000000000000000000000
07200916000000200109072311120000000000000000100000000000000000
092009160001002001090723111200000000000001080004320000000518000000000000000000000000000000100000001000000000000020000000000
092009160002002001090723111200000000000003250000010000000149000000000000000000000000000000000000000000000000000040000000000
11200916000300200109072311120000050000020000000667000000066700000000000000000000000000080000000001330000
122009160004002001090723111200000000000000000000000000000000000000000000000667000000000000000000000000000000
07200917000000200109072311130000000000000000100000000000000000
092009170001002001090723111300000000000003250000010000000149000000000000000000000000000000000000000000000000000040000000000
092009170002002001090723111300000000000002070008940000000536000000000000000000000000000000100000001990000000000010000000000
11200917000300200109072311130000050000020000000685000000068500000000000000000000000000100000000003150000
122009170004002001090723111300000000000000000000000000000000000000000000000685000000000000000000000000000000
07200918000000200109072311150000000000000000100000000000000000
092009180001002001090723111500000000000001100011180000000446000000000000000000000000000000100000000500000000000020000000000
092009180002002001090723111500000000000002070004380000000262000000000000000000000000000000100000001990000000000010000000000
11200918000300200109072311150000050000020000000708000000070800000000000000000000000000100000000002920000
122009180004002001090723111500000000000000000000000000000000000000000000000708000000000000000000000000000000
14200919000000200109072311240000010000000000
07200920000000200109072311270000000000000000100000000000000000
092009200001002001090723112700000000000001080004180000000501000000000000000000000000000000100000001000000000000020000000000
092009200002002001090723112700000000000001090001140000000091000000000000000000000000000000100000001500000000000020000000000
092009200003002001090723112700000000000001040003400000000204000000000000000000000000000000100000002750000000000020000000000
092009200004002001090723112700000000000003250000020000000298000000000000000000000000000000000000000000000000000040000000000
092009200005002001090723112700000000000003250000010000000149000000000000000000000000000000000000000000000000000040000000000
092009200006002001090723112700000000000003250000010000000149000000000000000000000000000000000000000000000000000040000000000
092009200007002001090723112700000000000001070004200000000840000000000000000000000000000000100000010000000000000020000000000
092009200008002001090723112700000000000002070020880000001251000000000000000000000000000000100000001990000000000010000000000
092009200009002001090723112700000000000001020027040000000944000000000000000000000000000000100000001200000000000020000000000
092009200010002001090723112700000000000002050010260000000512000000000000000000000000000000100000000890000000000010000000000
092009200011002001090723112700000000000001080005780000000693000000000000000000000000000000100000001000000000000020000000000
092009200012002001090723112700000000000001090001980000000158000000000000000000000000000000100000001500000000000020000000000
092009200013002001090723112700000000000001040002640000000158000000000000000000000000000000100000002750000000000020000000000
11200920001400200109072311270000050000130000005948000000594800000000000000000000000000594800000000000000
122009200015002001090723112703050000000000000000000000000000000000000000005948000000000000000000000000000000
07200921000000200109072311280000000000000000100000000000000000
092009210001002001090723112800000000000001070002180000000436000000000000000000000000000000100000010000000000000020000000000
092009210002002001090723112800000000000003250000010000000149000000000000000000000000000000000000000000000000000040000000000
092009210003002001090723112800000000000001010009160000000457000000000000000000000000000000100000001400000000000020000000000
092009210004002001090723112800000000000001080004480000000537000000000000000000000000000000100000001000000000000020000000000
11200921000500200109072311280000050000040000001579000000157900000000000000000000000000157900000000000000
122009210006002001090723112803010000000000000000000000000000000000000000001579000000000000000000000000000000
07200922000000200109072311290000000000000000100000000000000000
092009220001002001090723112900000000000003250000010000000149000000000000000000000000000000000000000000000000000040000000000
092009220002002001090723112900000000000001080003780000000453000000000000000000000000000000100000001000000000000020000000000
092009220003002001090723112900000000000003190000010000000550000000000000000000000000000000000000002000000000000050000000000
11200922000400200109072311290000050000030000001152000000115200000000000000000000000000120000000000480000
122009220005002001090723112900000000000000000000000000000000000000000000001152000000000000000000000000000000
07200923000000200109072311310000000000000000100000000000000000
092009230001002001090723113100000000000001050003200000000128000000000000000000000000000000100000002000000000000020000000000
11200923000200200109072311310000050000010000000128000000012800000000000000000000000000013000000000020000
122009230003002001090723113100000000000000000000000000000000000000000000000128000000000000000000000000000000
07200924000000200109072311310000000000000000100000000000000000
092009240001002001090723113100000000000003250000010000000149000000000000000000000000000000000000000000000000000040000000000
11200924000200200109072311310000050000010000000149000000014900000000000000000000000000025000000001010000
122009240003002001090723113100000000000000000000000000000000000000000000000149000000000000000000000000000000
07200925000000200109072311320000000000000000100000000000000000
092009250001002001090723113200000000000001050009100000000363000000000000000000000000000000100000002000000000000020000000000
092009250002002001090723113200000000000002040005780000000202000000000000000000000000000000100000000500000000000010000000000
092009250003002001090723113200000000000003250000010000000149000000000000000000000000000000000000000000000000000040000000000
11200925000400200109072311320000050000030000000714000000071400000000000000000000000000071400000000000000
122009250005002001090723113200000000000000000000000000000000000000000000000714000000000000000000000000000000
07200926000000200109072311330000000000000000100000000000000000
092009260001002001090723113300000000000003250000010000000149000000000000000000000000000000000000000000000000000040000000000
11200926000200200109072311330000050000010000000149000000014900000000000000000000000000014900000000000000
122009260003002001090723113300000000000000000000000000000000000000000000000149000000000000000000000000000000
07200927000000200109072311330000000000000000100000000000000000
092009270001002001090723113300000000000003250000010000000149000000000000000000000000000000000000000000000000000040000000000
11200927000200200109072311330000050000010000000149000000014900000000000000000000000000200000000018510000
122009270003002001090723113300000000000000000000000000000000000000000000000149000000000000000000000000000000
07200928000000200109072311340000000000000000100000000000000000
092009280001002001090723113400000000000003250000040000000596000000000000000000000000000000000000000000000000000040000000000
092009280002002001090723113400000000000001100003640000000145000000000000000000000000000000100000000500000000000020000000000
092009280003002001090723113400000000000003250000010000000149000000000000000000000000000000000000000000000000000040000000000
11200928000400200109072311340000050000030000000890000000089000000000000000000000000000100000000001100000
122009280005002001090723113400000000000000000000000000000000000000000000000890000000000000000000000000000000
07200929000000200109072311370000000000000000100000000000000000
092009290001002001090723113700000000000003250000020000000298000000000000000000000000000000000000000000000000000040000000000
11200929000200200109072311370000050000010000000298000000029800000000000000000000000000040000000001020000
122009290003002001090723113700000000000000000000000000000000000000000000000298000000000000000000000000000000
07200930000000200109072311380000000000000000100000000000000000
092009300001002001090723113800000000000002050017560000000876000000000000000000000000000000100000000890000000000010000000000
11200930000200200109072311380000050000010000000876000000087600000000000000000000000000100000000001240000
122009300003002001090723113800000000000000000000000000000000000000000000000876000000000000000000000000000000
07200931000000200109072311410000000000000000100000000000000000
092009310001002001090723114100000000000003190000010000000550000000000000000000000000000000000000002000000000000050000000000
092009310002002001090723114100000000000001070000320000000064000000000000000000000000000000100000010000000000000020000000000
092009310003002001090723114100000000000001240000900000000090000000000000000000000000000000100000001670000000000020000000000
11200931000400200109072311410000050000030000000704000000070400000000000000000000000000070400000000000000
122009310005002001090723114100000000000000000000000000000000000000000000000704000000000000000000000000000000
07200932000000200109072311440000000000000000100000000000000000
092009320001002001090723114400000000000002460019580000002348000000000000000000000000000000100000000000000000000010000000000
092009320002002001090723114400000000000002070015020000000900000000000000000000000000000000100000001990000000000010000000000
092009320003002001090723114400000000000002050009660000000482000000000000000000000000000000100000000890000000000010000000000
092009320004002001090723114400000000000003250000020000000298000000000000000000000000000000000000000000000000000040000000000
11200932000500200109072311440000050000040000004028000000402800000000000000000000000000402800000000000000
122009320006002001090723114403010000000000000000000000000000000000000000004028000000000000000000000000000000
07200933000000200109072311440000000000000000100000000000000000
092009330001002001090723114400000000000003250000010000000149000000000000000000000000000000000000000000000000000040000000000
11200933000200200109072311440000050000010000000149000000014900000000000000000000000000014900000000000000
122009330003002001090723114400000000000000000000000000000000000000000000000149000000000000000000000000000000
07200934000000200109072311450000000000000000100000000000000000
092009340001002001090723114500000000000003250000010000000149000000000000000000000000000000000000000000000000000040000000000
092009340002002001090723114500000000000001270009520000000142000000000000000000000000000000100000000250000000000020000000000
11200934000300200109072311450000050000020000000291000000029100000000000000000000000000029100000000000000
122009340004002001090723114503090000000000000000000000000000000000000000000291000000000000000000000000000000
07200935000000200109072311460000000000000000100000000000000000
092009350001002001090723114600000000000003250000010000000149000000000000000000000000000000000000000000000000000040000000000
11200935000200200109072311460000050000010000000149000000014900000000000000000000000000014900000000000000
122009350003002001090723114603100000000000000000000000000000000000000000000149000000000000000000000000000000
07200936000000200109072311470000000000000000100000000000000000
092009360001002001090723114700000000000001020005240000000183000000000000000000000000000000100000001200000000000020000000000
092009360002002001090723114700000000000003250000020000000298000000000000000000000000000000000000000000000000000040000000000
092009360003002001090723114700000000000001080004980000000597000000000000000000000000000000100000001000000000000020000000000
11200936000400200109072311470000050000030000001078000000107800000000000000000000000000200000000009220000
122009360005002001090723114700000000000000000000000000000000000000000000001078000000000000000000000000000000
07200937000000200109072311480000000000000000100000000000000000
092009370001002001090723114800000000000001020012640000000441000000000000000000000000000000100000001200000000000020000000000
092009370002002001090723114800000000000001050003900000000156000000000000000000000000000000100000002000000000000020000000000
11200937000300200109072311480000050000020000000597000000059700000000000000000000000000059700000000000000
122009370004002001090723114803050000000000000000000000000000000000000000000597000000000000000000000000000000
07200938000000200109072311490000000000000000100000000000000000
092009380001002001090723114900000000000001070002220000000444000000000000000000000000000000100000010000000000000020000000000
092009380002002001090723114900000000000001080002580000000309000000000000000000000000000000100000001000000000000020000000000
092009380003002001090723114900000000000002110006740000000336000000000000000000000000000000100000000990000000000010000000000
092009380004002001090723114900000000000003250000010000000149000000000000000000000000000000000000000000000000000040000000000
092009380005002001090723114900000000000005020000030000000300I 0000000000000000000000000000000000000100000000000060000000000
11200938000600200109072311490000050000050000001538000000153800000000000000000000000001000000000084620000
122009380007002001090723114900000000000000000000000000000000000000000000001538000000000000000000000000000000
07200939000000200109072311510000000000000000100000000000000000
092009390001002001090723115100000000000002050038060000001899000000000000000000000000000000100000000890000000000010000000000
092009390002002001090723115100000000000002070009720000000582000000000000000000000000000000100000001990000000000010000000000
092009390003002001090723115100000000000005480000020000000500I 0300000000000000000000000000000000000000000000000030000000000
11200939000400200109072311510000050000030000002981000000298100000000000000000000000000298100000000000000
122009390005002001090723115103010000000000000000000000000000000000000000002981000000000000000000000000000000
07200940000000200109072311530000000000000000100000000000000000
092009400001002001090723115300000000000005120000010000001000I 0100000000000000000000000000000000000000000000000050000000000
092009400002002001090723115300000000000002110004700000000235000000000000000000000000000000100000000990000000000010000000000
092009400003002001090723115300000000000002040004240000000148000000000000000000000000000000100000000500000000000010000000000
092009400004002001090723115300000000000002050004200000000210000000000000000000000000000000100000000890000000000010000000000
11200940000500200109072311530000050000040000001593000000159300000000000000000000000000159300000000000000
122009400006002001090723115303050000000000000000000000000000000000000000001593000000000000000000000000000000
07200941000000200109072311530000000000000000100000000000000000
092009410001002001090723115300000000000005020000070000000700I 0000000000000000000000000000000000000100000000000060000000000
11200941000200200109072311530000050000010000000700000000070000000000000000000000000000070000000000000000
122009410003002001090723115303010000000000000000000000000000000000000000000700000000000000000000000000000000
07200942000000200109072311550000000000000000100000000000000000
092009420001002001090723115500000000000001250003720000000074I 0000000000000000000000000000100000000530000000000020000000000
092009420002002001090723115500000000000001060001520000000106000000000000000000000000000000100000001500000000000020000000000
092009420003002001090723115500000000000001180001800000000126000000000000000000000000000000100000001000000000000020000000000
11200942000400200109072311550000050000030000000306000000030600000000000000000000000000500000000046940000
122009420005002001090723115500000000000000000000000000000000000000000000000306000000000000000000000000000000
14200943000000200109072311560000010000000000
07200944000000200109072311580000000000000000100000000000000000
092009440001002001090723115800000000000001080003820000000458000000000000000000000000000000100000001000000000000020000000000
092009440002002001090723115800000000000005020000020000000200I 0000000000000000000000000000000000000100000000000060000000000
11200944000300200109072311580000050000020000000658000000065800000000000000000000000000200000000013420000
122009440004002001090723115800000000000000000000000000000000000000000000000658000000000000000000000000000000
07200945000000200109072312000000000000000000100000000000000000
092009450001002001090723120000000000000001070000700000000140000000000000000000000000000000100000010000000000000020000000000
11200945000200200109072312000000050000010000000140000000014000000000000000000000000000020000000000600000
122009450003002001090723120000000000000000000000000000000000000000000000000140000000000000000000000000000000
07200946000000200109072312040000000000000000100000000000000000
092009460001002001090723120400000000000005020000040000000400I 0000000000000000000000000000000000000100000000000060000000000
11200946000200200109072312040000050000010000000400000000040000000000000000000000000000040000000000000000
122009460003002001090723120400000000000000000000000000000000000000000000000400000000000000000000000000000000
07200947000000200109072312090000000000000000100000000000000000
17200947000100200109072312090000000000000184
092009470002002001090723120900000000000003250000010000000149000000000000000000000000000000000000000000000000000040000000000
092009470003002001090723120900000000000001050003640000000145000000000000000000000000000000100000002000000000000020000000000
11200947000400200109072312090000050000020000000294000000029400000000000000000000000000200000000017060000
122009470005002001090723120900000000000000000000000000000000000000000000000294000000000000000000000000000000
07200948000000200109072312140000000000000000100000000000000000
092009480001002001090723121400000000000002070014140000000847000000000000000000000000000000100000001990000000000010000000000
092009480002002001090723121400000000000002090006100000000731000000000000000000000000000000100000004720000000000010000000000
092009480003002001090723121400000000000002170000010000000799000000000000000000000000000000000000006500000000000010000000000
11200948000400200109072312140000050000030000002377000000237700000000000000000000000000237700000000000000
122009480005002001090723121403010000000000000000000000000000000000000000002377000000000000000000000000000000
14200949000000200109072312150000010000000000
07200950000000200109072312160000000000000000100000000000000000
092009500001002001090723121600000000000003250000010000000149000000000000000000000000000000000000000000000000000040000000000
092009500002002001090723121600000000000001090001100000000088000000000000000000000000000000100000001500000000000020000000000
11200950000300200109072312160000050000020000000237000000023700000000000000000000000000025000000000130000
122009500004002001090723121600000000000000000000000000000000000000000000000237000000000000000000000000000000
07200951000000200109072312200000000000000000100000000000000000
092009510001002001090723122000000000000001080006820000000818000000000000000000000000000000100000001000000000000020000000000
11200951000200200109072312200000050000010000000818000000081800000000000000000000000000200000000011820000
122009510003002001090723122000000000000000000000000000000000000000000000000818000000000000000000000000000000
07200952000000200109072312210000000000000000100000000000000000
092009520001002001090723122100000000000005080000010000002399I 0100000000000000000000000000000000015000000000000070000000000
11200952000200200109072312210000050000010000002399000000239900000000000000000000000000239900000000000000
122009520003002001090723122103050000000000000000000000000000000000000000002399000000000000000000000000000000
14200953000000200109072312220000010000000000
07200954000000200109072312230000000000000000100000000000000000
092009540001002001090723122300000000000001050006100000000243000000000000000000000000000000100000002000000000000020000000000
092009540002002001090723122300000000000001220007500000000224000000000000000000000000000000100000001500000000000020000000000
092009540003002001090723122300000000000003250000010000000149000000000000000000000000000000000000000000000000000040000000000
092009540004002001090723122300000000000002260005880000000293000000000000000000000000000000100000002000000000000010000000000
092009540005002001090723122300000000000002050002140000000107000000000000000000000000000000100000000890000000000010000000000
11200954000600200109072312230000050000050000001016000000101600000000000000000000000000102500000000090000
122009540007002001090723122300000000000000000000000000000000000000000000001016000000000000000000000000000000
14200955000000200109072312230000010000000000
07200956000000200109072312240000000000000000100000000000000000
092009560001002001090723122400000000000002050007120000000355000000000000000000000000000000100000000890000000000010000000000
11200956000200200109072312240000050000010000000355000000035500000000000000000000000000055000000001950000
122009560003002001090723122400000000000000000000000000000000000000000000000355000000000000000000000000000000
07200957000000200109072312250000000000000000100000000000000000
092009570001002001090723122500000000000002070006440000000386000000000000000000000000000000100000001990000000000010000000000
092009570002002001090723122500000000000002050007540000000376000000000000000000000000000000100000000890000000000010000000000
092009570003002001090723122500000000000003250000010000000149000000000000000000000000000000000000000000000000000040000000000
092009570004002001090723122500000000000001250003880000000077I 0000000000000000000000000000100000000530000000000020000000000
11200957000500200109072312250000050000040000000988000000098800000000000000000000000000500000000040120000
122009570006002001090723122500000000000000000000000000000000000000000000000988000000000000000000000000000000
07200958000000200109072312260000000000000000100000000000000000
092009580001002001090723122600000000000001080001180000000141000000000000000000000000000000100000001000000000000020000000000
092009580002002001090723122600000000000001150005740000000860000000000000000000000000000000100000001000000000000020000000000
11200958000300200109072312260000050000020000001001000000100100000000000000000000000000100100000000000000
122009580004002001090723122603010000000000000000000000000000000000000000001001000000000000000000000000000000
14200959000000200109072312260000010000000000
07200960000000200109072312270000000000000000100000000000000000
092009600001002001090723122700000000000003250000010000000149000000000000000000000000000000000000000000000000000040000000000
092009600002002001090723122700000000000001080001740000000209000000000000000000000000000000100000001000000000000020000000000
092009600003002001090723122700000000000002010003640000000127000000000000000000000000000000100000000990000000000010000000000
11200960000400200109072312270000050000030000000485000000048500000000000000000000000000050000000000150000
122009600005002001090723122700000000000000000000000000000000000000000000000485000000000000000000000000000000
14200961000000200109072312280000010000000000
07200962000000200109072312290000000000000000100000000000000000
092009620001002001090723122900000000000001010005660000000282000000000000000000000000000000100000001400000000000020000000000
092009620002002001090723122900000000000003250000010000000149000000000000000000000000000000000000000000000000000040000000000
092009620003002001090723122900000000000001060002480000000173000000000000000000000000000000100000001500000000000020000000000
11200962000400200109072312290000050000030000000604000000060400000000000000000000000000500000000043960000
122009620005002001090723122900000000000000000000000000000000000000000000000604000000000000000000000000000000
07200963000000200109072312300000000000000000100000000000000000
17200963000100200109072312300000000000000270
092009630002002001090723123000000000000004060000140000000210I 0300000000000000000000000000100000015000000000000030000000000
11200963000300200109072312300000050000010000000210000000021000000000000000000000000000021000000000000000
122009630004002001090723123000000000000000000000000000000000000000000000000210000000000000000000000000000000
07200964000000200109072312310000000000000000100000000000000000
092009640001002001090723123100000000000005030000010000001099I 0000000000000000000000000000000000004420000000000020000000000
092009640002002001090723123100000000000005030000010000001099I 0000000000000000000000000000000000004420000000000020000000000
11200964000300200109072312310000050000020000002198000000219800000000000000000000000000220000000000020000
122009640004002001090723123100000000000000000000000000000000000000000000002198000000000000000000000000000000
07200965000000200109072312330000000000000000100000000000000000
092009650001002001090723123300000000000002290000010000000499000000000000000000000000000000000000002500000000000010000000000
092009650002002001090723123300000000000001010010840000000541000000000000000000000000000000100000001400000000000020000000000
092009650003002001090723123300000000000002270004960000000496000000000000000000000000000000100000003990000000000010000000000
092009650004002001090723123300000000000001080010040000001204000000000000000000000000000000100000001000000000000020000000000
092009650005002001090723123300000000000001060004620000000323000000000000000000000000000000100000001500000000000020000000000
092009650006002001090723123300000000000001040004740000000284000000000000000000000000000000100000002750000000000020000000000
11200965000700200109072312330000050000060000003347000000334700000000000000000000000000500000000016530000
122009650008002001090723123300000000000000000000000000000000000000000000003347000000000000000000000000000000
07200966000000200109072312330000000000000000100000000000000000
092009660001002001090723123300000000000002080004720000000236000000000000000000000000000000100000000500000000000010000000000
11200966000200200109072312330000050000010000000236000000023600000000000000000000000000023600000000000000
122009660003002001090723123300000000000000000000000000000000000000000000000236000000000000000000000000000000
07200967000000200109072312360000000000000000100000000000000000
092009670001002001090723123600000000000003250000020000000298000000000000000000000000000000000000000000000000000040000000000
092009670002002001090723123600000000000002070012680000000760000000000000000000000000000000100000001990000000000010000000000
092009670003002001090723123600000000000001010008840000000441000000000000000000000000000000100000001400000000000020000000000
092009670004002001090723123600000000000002090007220000000866000000000000000000000000000000100000004720000000000010000000000
11200967000500200109072312360000050000040000002365000000236500000000000000000000000000236500000000000000
122009670006002001090723123603050000000000000000000000000000000000000000002365000000000000000000000000000000
07200968000000200109072312370000000000000000100000000000000000
092009680001002001090723123700000000000005400000010000000299000000000000000000000000000000000000001990000000000080000000000
11200968000200200109072312370000050000010000000299000000029900000000000000000000000000029900000000000000
122009680003002001090723123700000000000000000000000000000000000000000000000299000000000000000000000000000000
07200969000000200109072312390000000000000000100000000000000000
092009690001002001090723123900000000000001130010220000000408000000000000000000000000000000100000001500000000000020000000000
092009690002002001090723123900000000000002080011180000000558000000000000000000000000000000100000000500000000000010000000000
092009690003002001090723123900000000000003250000010000000149000000000000000000000000000000000000000000000000000040000000000
11200969000400200109072312390000050000030000001115000000111500000000000000000000000000120000000000850000
122009690005002001090723123900000000000000000000000000000000000000000000001115000000000000000000000000000000
07200970000000200109072312400000000000000000100000000000000000
092009700001002001090723124000000000000003250000020000000298000000000000000000000000000000000000000000000000000040000000000
11200970000200200109072312400000050000010000000298000000029800000000000000000000000000029800000000000000
122009700003002001090723124003050000000000000000000000000000000000000000000298000000000000000000000000000000
07200971000000200109072312440000000000000000100000000000000000
092009710001002001090723124400000000000003250000010000000149000000000000000000000000000000000000000000000000000040000000000
11200971000200200109072312440000050000010000000149000000014900000000000000000000000000014900000000000000
122009710003002001090723124403050000000000000000000000000000000000000000000149000000000000000000000000000000
07200972000000200109072312450000000000000000100000000000000000
092009720001002001090723124500000000000005020000010000000100I 0000000000000000000000000000000000000100000000000060000000000
092009720002002001090723124500000000000001070000600000000120000000000000000000000000000000100000010000000000000020000000000
092009720003002001090723124500000000000002040002040000000071000000000000000000000000000000100000000500000000000010000000000
11200972000400200109072312450000050000030000000291000000029100000000000000000000000000200000000017090000
122009720005002001090723124500000000000000000000000000000000000000000000000291000000000000000000000000000000
07200973000000200109072312460000000000000000100000000000000000
092009730001002001090723124600000000000002210009760000000682000000000000000000000000000000100000003990000000000010000000000
11200973000200200109072312460000050000010000000682000000068200000000000000000000000000068200000000000000
122009730003002001090723124600000000000000000000000000000000000000000000000682000000000000000000000000000000
07200974000000200109072312470000000000000000100000000000000000
092009740001002001090723124700000000000003250000020000000298000000000000000000000000000000000000000000000000000040000000000
11200974000200200109072312470000050000010000000298000000029800000000000000000000000000030000000000020000
122009740003002001090723124700000000000000000000000000000000000000000000000298000000000000000000000000000000
07200975000000200109072312490000000000000000100000000000000000
092009750001002001090723124900000000000005480000020000000500I 0300000000000000000000000000000000000000000000000030000000000
092009750002002001090723124900000000000002260009300000000464000000000000000000000000000000100000002000000000000010000000000
092009750003002001090723124900000000000002280004720000000377000000000000000000000000000000100000001000000000000010000000000
11200975000400200109072312490000050000030000001341000000134100000000000000000000000000134100000000000000
122009750005002001090723124903010000000000000000000000000000000000000000001341000000000000000000000000000000
07200976000000200109072312510000000000000000100000000000000000
092009760001002001090723125100000000000002050011420000000570000000000000000000000000000000100000000890000000000010000000000
11200976000200200109072312510000050000010000000570000000057000000000000000000000000000100000000004300000
122009760003002001090723125100000000000000000000000000000000000000000000000570000000000000000000000000000000
07200977000000200109072312520000000000000000100000000000000000
092009770001002001090723125200000000000002070016040000000961000000000000000000000000000000100000001990000000000010000000000
11200977000200200109072312520000050000010000000961000000096100000000000000000000000000100000000000390000
122009770003002001090723125200000000000000000000000000000000000000000000000961000000000000000000000000000000
07200978000000200109072312540000000000000000100000000000000000
092009780001002001090723125400000000000005020000070000000700I 0000000000000000000000000000000000000100000000000060000000000
11200978000200200109072312540000050000010000000700000000070000000000000000000000000000070000000000000000
122009780003002001090723125403010000000000000000000000000000000000000000000700000000000000000000000000000000
07200979000000200109072312560000000000000000100000000000000000
092009790001002001090723125600000000000002040018820000000657000000000000000000000000000000100000000500000000000010000000000
092009790002002001090723125600000000000003250000020000000298000000000000000000000000000000000000000000000000000040000000000
092009790003002001090723125600000000000002070010820000000648000000000000000000000000000000100000001990000000000010000000000
11200979000400200109072312560000050000030000001603000000160300000000000000000000000000200000000003970000
122009790005002001090723125600000000000000000000000000000000000000000000001603000000000000000000000000000000
07200980000000200109072312570000000000000000100000000000000000
092009800001002001090723125700000000000001120009900000000593000000000000000000000000000000100000001000000000000020000000000
092009800002002001090723125700000000000001050001780000000071000000000000000000000000000000100000002000000000000020000000000
11200980000300200109072312570000050000020000000664000000066400000000000000000000000000500000000043360000
122009800004002001090723125700000000000000000000000000000000000000000000000664000000000000000000000000000000
14200981000000200109072312580000010000000000
07200982000000200109072313000000000000000000100000000000000000
092009820001002001090723130000000000000003250000010000000149000000000000000000000000000000000000000000000000000040000000000
092009820002002001090723130000000000000002110009480000000473000000000000000000000000000000100000000990000000000010000000000
092009820003002001090723130000000000000001080004600000000552000000000000000000000000000000100000001000000000000020000000000
11200982000400200109072313000000050000030000001174000000117400000000000000000000000000117400000000000000
122009820005002001090723130003100000000000000000000000000000000000000000001174000000000000000000000000000000
07200983000000200109072313010000000000000000100000000000000000
092009830001002001090723130100000000000005020000100000001000I 0000000000000000000000000000000000000100000000000060000000000
092009830002002001090723130100000000000005480000010000000250I 0300000000000000000000000000000000000000000000000030000000000
092009830003002001090723130100000000000005480000010000000250I 0300000000000000000000000000000000000000000000000030000000000
11200983000400200109072313010000050000030000001500000000150000000000000000000000000000150000000000000000
122009830005002001090723130103100000000000000000000000000000000000000000001500000000000000000000000000000000
07200984000000200109072313020000000000000000100000000000000000
092009840001002001090723130200000000000003190000010000000550000000000000000000000000000000000000002000000000000050000000000
092009840002002001090723130200000000000002150000020000000398000000000000000000000000000000000000000500000000000010000000000
092009840003002001090723130200000000000002080002620000000131000000000000000000000000000000100000000500000000000010000000000
092009840004002001090723130200000000000002070001980000000119000000000000000000000000000000100000001990000000000010000000000
11200984000500200109072313020000050000040000001198000000119800000000000000000000000000120000000000020000
122009840006002001090723130200000000000000000000000000000000000000000000001198000000000000000000000000000000
07200985000000200109072313030000000000000000100000000000000000
092009850001002001090723130300000000000001050001000000000040000000000000000000000000000000100000002000000000000020000000000
11200985000200200109072313030000050000010000000040000000004000000000000000000000000000005000000000100000
122009850003002001090723130300000000000000000000000000000000000000000000000040000000000000000000000000000000
07200986000000200109072313040000000000000000100000000000000000
092009860001002001090723130400000000000001070001880000000376000000000000000000000000000000100000010000000000000020000000000
092009860002002001090723130400000000000002270010700000001069000000000000000000000000000000100000003990000000000010000000000
11200986000300200109072313040000050000020000001445000000144500000000000000000000000000144500000000000000
122009860004002001090723130403100000000000000000000000000000000000000000001445000000000000000000000000000000
07200987000000200109072313040000000000000000100000000000000000
092009870001002001090723130400000000000005480000020000000500I 0300000000000000000000000000000000000000000000000030000000000
11200987000200200109072313040000050000010000000500000000050000000000000000000000000000050000000000000000
122009870003002001090723130400000000000000000000000000000000000000000000000500000000000000000000000000000000
07200988000000200109072313050000000000000000100000000000000000
092009880001002001090723130500000000000005480000010000000250I 0300000000000000000000000000000000000000000000000030000000000
11200988000200200109072313050000050000010000000250000000025000000000000000000000000000025000000000000000
122009880003002001090723130500000000000000000000000000000000000000000000000250000000000000000000000000000000
07200989000000200109072313110000000000000000100000000000000000
092009890001002001090723131100000000000003250000020000000298000000000000000000000000000000000000000000000000000040000000000
092009890002002001090723131100000000000001260004280000000256000000000000000000000000000000100000000500000000000020000000000
092009890003002001090723131100000000000001180001920000000134000000000000000000000000000000100000001000000000000020000000000
092009890004002001090723131100000000000002070004960000000297000000000000000000000000000000100000001990000000000010000000000
092009890005002001090723131100000000000002120011740000000938000000000000000000000000000000100000002250000000000010000000000
092009890006002001090723131100000000000002110006460000000322000000000000000000000000000000100000000990000000000010000000000
11200989000700200109072313110000050000060000002245000000224500000000000000000000000000500000000027550000
122009890008002001090723131100000000000000000000000000000000000000000000002245000000000000000000000000000000
07200990000000200109072313130000000000000000100000000000000000
092009900001002001090723131300000000000003250000010000000149000000000000000000000000000000000000000000000000000040000000000
092009900002002001090723131300000000000002050005360000000267000000000000000000000000000000100000000890000000000010000000000
11200990000300200109072313130000050000020000000416000000041600000000000000000000000000041600000000000000
122009900004002001090723131303010000000000000000000000000000000000000000000416000000000000000000000000000000
07200991000000200109072313210000000000000000100000000000000000
092009910001002001090723132100000000000001060004880000000341000000000000000000000000000000100000001500000000000020000000000
092009910002002001090723132100000000000001120008080000000484000000000000000000000000000000100000001000000000000020000000000
092009910003002001090723132100000000000001010010080000000503000000000000000000000000000000100000001400000000000020000000000
092009910004002001090723132100000000000001170008520000000340000000000000000000000000000000100000001430000000000020000000000
092009910005002001090723132100000000000001160008560000000256000000000000000000000000000000100000000670000000000020000000000
092009910006002001090723132100000000000001090003360000000268000000000000000000000000000000100000001500000000000020000000000
092009910007002001090723132100000000000001080005220000000626000000000000000000000000000000100000001000000000000020000000000
092009910008002001090723132100000000000005020000090000000900I 0000000000000000000000000000000000000100000000000060000000000
11200991000900200109072313210000050000080000003718000000371800000000000000000000000000371800000000000000
122009910010002001090723132103100000000000000000000000000000000000000000003718000000000000000000000000000000
07200992000000200109072313230000000000000000100000000000000000
092009920001002001090723132300000000000003010000010000001099000000000000000000000000000000000000006000000000000050000000000
092009920002002001090723132300000000000002040002540000000089000000000000000000000000000000100000000500000000000010000000000
11200992000300200109072313230000050000020000001188000000118800000000000000000000000000118800000000000000
122009920004002001090723132303050000000000000000000000000000000000000000001188000000000000000000000000000000
07200993000000200109072313250000000000000000100000000000000000
092009930001002001090723132500000000000003250000010000000149000000000000000000000000000000000000000000000000000040000000000
11200993000200200109072313250000050000010000000149000000014900000000000000000000000000014900000000000000
122009930003002001090723132503010000000000000000000000000000000000000000000149000000000000000000000000000000
07200994000000200109072313270000000000000000100000000000000000
092009940001002001090723132700000000000003250000020000000298000000000000000000000000000000000000000000000000000040000000000
11200994000200200109072313270000050000010000000298000000029800000000000000000000000000040000000001020000
122009940003002001090723132700000000000000000000000000000000000000000000000298000000000000000000000000000000
07200995000000200109072313370000000000000000100000000000000000
092009950001002001090723133700000000000002050005840000000291000000000000000000000000000000100000000890000000000010000000000
092009950002002001090723133700000000000001270005980000000089000000000000000000000000000000100000000250000000000020000000000
092009950003002001090723133700000000000002040005940000000207000000000000000000000000000000100000000500000000000010000000000
092009950004002001090723133700000000000002010007420000000259000000000000000000000000000000100000000990000000000010000000000
11200995000500200109072313370000050000040000000846000000084600000000000000000000000000084600000000000000
122009950006002001090723133703010000000000000000000000000000000000000000000846000000000000000000000000000000
07200996000000200109072313410000000000000000100000000000000000
092009960001002001090723134100000000000001010010620000000530000000000000000000000000000000100000001400000000000020000000000
11200996000200200109072313410000050000010000000530000000053000000000000000000000000000053000000000000000
122009960003002001090723134103010000000000000000000000000000000000000000000530000000000000000000000000000000
14200997000000200109072313420000010000000000
07200998000000200109072313430000000000000000100000000000000000
092009980001002001090723134300000000000003250000010000000149000000000000000000000000000000000000000000000000000040000000000
11200998000200200109072313430000050000010000000149000000014900000000000000000000000000014900000000000000
122009980003002001090723134303050000000000000000000000000000000000000000000149000000000000000000000000000000
07200999000000200109072313440000000000000000100000000000000000
092009990001002001090723134400000000000002040004660000000163000000000000000000000000000000100000000500000000000010000000000
092009990002002001090723134400000000000001090003020000000241000000000000000000000000000000100000001500000000000020000000000
11200999000300200109072313440000050000020000000404000000040400000000000000000000000000100000000005960000
122009990004002001090723134400000000000000000000000000000000000000000000000404000000000000000000000000000000
07201000000000200109072313450000000000000000100000000000000000
092010000001002001090723134500000000000002050020120000001004000000000000000000000000000000100000000890000000000010000000000
092010000002002001090723134500000000000002090010880000001305000000000000000000000000000000100000004720000000000010000000000
092010000003002001090723134500000000000002070021820000001307000000000000000000000000000000100000001990000000000010000000000
11201000000400200109072313450000050000030000003616000000361600000000000000000000000000361600000000000000
122010000005002001090723134503010000000000000000000000000000000000000000003616000000000000000000000000000000
07201001000000200109072313460000000000000000100000000000000000
092010010001002001090723134600000000000002080009780000000488000000000000000000000000000000100000000500000000000010000000000
092010010002002001090723134600000000000002050007280000000363000000000000000000000000000000100000000890000000000010000000000
11201001000300200109072313460000050000020000000851000000085100000000000000000000000000100000000001490000
122010010004002001090723134600000000000000000000000000000000000000000000000851000000000000000000000000000000
07201002000000200109072313500000000000000000100000000000000000
092010020001002001090723135000000000000002010014120000000493000000000000000000000000000000100000000990000000000010000000000
092010020002002001090723135000000000000002070010300000000617000000000000000000000000000000100000001990000000000010000000000
092010020003002001090723135000000000000002050011440000000571000000000000000000000000000000100000000890000000000010000000000
092010020004002001090723135000000000000001130012980000000518000000000000000000000000000000100000001500000000000020000000000
11201002000500200109072313500000050000040000002199000000219900000000000000000000000000219900000000000000
122010020006002001090723135003010000000000000000000000000000000000000000002199000000000000000000000000000000
07201003000000200109072313530000000000000000100000000000000000
092010030001002001090723135300000000000002090003100000000372000000000000000000000000000000100000004720000000000010000000000
092010030002002001090723135300000000000002070003260000000195000000000000000000000000000000100000001990000000000010000000000
11201003000300200109072313530000050000020000000567000000056700000000000000000000000000070000000001330000
122010030004002001090723135300000000000000000000000000000000000000000000000567000000000000000000000000000000
07201004000000200109072313590000000000000000100000000000000000
092010040001002001090723135900000000000001050003580000000143000000000000000000000000000000100000002000000000000020000000000
11201004000200200109072313590000050000010000000143000000014300000000000000000000000000014300000000000000
122010040003002001090723135900000000000000000000000000000000000000000000000143000000000000000000000000000000
18201004000400200109072313590400000060000000000000000000000001
062010040005002001090723140000000100000480000000000000000000000000000000000000000000
18201004000600200109072314010400000080000000000000000000000001
07201005000000200109072314100000000000000000100000000000000000
092010050001002001090723141000000000000001070004000000000800000000000000000000000000000000100000010000000000000020000000000
11201005000200200109072314100000050000010000000800000000080000000000000000000000000000100000000002000000
122010050003002001090723141000000000000000000000000000000000000000000000000800000000000000000000000000000000
07201006000000200109072314130000000000000000100000000000000000
092010060001002001090723141300000000000001070003700000000740000000000000000000000000000000100000010000000000000020000000000
11201006000200200109072314130000050000010000000740000000074000000000000000000000000000200000000012600000
122010060003002001090723141300000000000000000000000000000000000000000000000740000000000000000000000000000000
07201007000000200109072314220000000000000000100000000000000000
092010070001002001090723142200000000000001050009120000000364000000000000000000000000000000100000002000000000000020000000000
11201007000200200109072314220000050000010000000364000000036400000000000000000000000000200000000016360000
122010070003002001090723142200000000000000000000000000000000000000000000000364000000000000000000000000000000
0420100800000020010907231503000001200842201008000002147435070000021489016009072300001359970000000000000000000000000000000001000000000000000000000000000000000000000000000000000000000000000000000000000000001234567890AB        
