01204476000000200104082307030000010000011000000002183195241.82G5E   1234567890AB        Generica            
02204476000100200104082307030000010000090000000000
07204477000000200104082307040000000000000000100000000000000000
092044770001002001040823070400000000000002330000010000000999000000000000000000000000000000000000004990000000000010000000000
11204477000200200104082307040000090000010000000999000000099900000000000000000000000000099900000000000000
122044770003002001040823070403050000000000000000000000000000000000000000000999000000000000000000000000000000
07204478000000200104082307250000000000000000100000000000000000
092044780001002001040823072500000000000001160008780000000350000000000000000000000000000000100000000670000000000020000000000
11204478000200200104082307250000090000010000000350000000035000000000000000000000000000035000000000000000
122044780003002001040823072500000000000000000000000000000000000000000000000350000000000000000000000000000000
07204479000000200104082307290000000000000000100000000000000000
092044790001002001040823072900000000000001040007140000000356000000000000000000000000000000100000002000000000000020000000000
11204479000200200104082307290000090000010000000356000000035600000000000000000000000000035600000000000000
122044790003002001040823072900000000000000000000000000000000000000000000000356000000000000000000000000000000
07204480000000200104082307300000000000000000100000000000000000
092044800001002001040823073000000000000001080003120000000187000000000000000000000000000000100000001000000000000020000000000
11204480000200200104082307300000090000010000000187000000018700000000000000000000000000018700000000000000
122044800003002001040823073000000000000000000000000000000000000000000000000187000000000000000000000000000000
07204481000000200104082307370000000000000000100000000000000000
092044810001002001040823073700000000000003250000020000000298000000000000000000000000000000000000000790000000000040000000000
092044810002002001040823073700000000000001010016980000000508000000000000000000000000000000100000001400000000000020000000000
092044810003002001040823073700000000000001080004540000000272000000000000000000000000000000100000001000000000000020000000000
092044810004002001040823073700000000000001060007320000000365000000000000000000000000000000100000001500000000000020000000000
11204481000500200104082307370000090000040000001443000000144300000000000000000000000000144300000000000000
122044810006002001040823073703010000000000000000000000000000000000000000001443000000000000000000000000000000
07204482000000200104082307370000000000000000100000000000000000
092044820001002001040823073700000000000003250000120000001788000000000000000000000000000000000000000790000000000040000000000
092044820002002001040823073700000000000001010064050000001915000000000000000000000000000000100000001400000000000020000000000
092044820003002001040823073700000000000002290000020000000998000000000000000000000000000000000000002500000000000010000000000
11204482000400200104082307370000090000030000004701000000470100000000000000000000000000470100000000000000
122044820005002001040823073700000000000000000000000000000000000000000000004701000000000000000000000000000000
07204483000000200104082307380000000000000000100000000000000000
092044830001002001040823073800000000000002460001500000000180000000000000000000000000000000100000000000000000000010000000000
11204483000200200104082307380000090000010000000180000000018000000000000000000000000000018000000000000000
122044830003002001040823073800000000000000000000000000000000000000000000000180000000000000000000000000000000
07204484000000200104082307430000000000000000100000000000000000
092044840001002001040823074300000000000002070013520000000675000000000000000000000000000000100000001990000000000010000000000
11204484000200200104082307430000090000010000000675000000067500000000000000000000000000067500000000000000
122044840003002001040823074303010000000000000000000000000000000000000000000675000000000000000000000000000000
07204485000000200104082307450000000000000000100000000000000000
092044850001002001040823074500000000000004100000140000000196I 0300000000000000000000000000100000000480000000000030000000000
11204485000200200104082307450000090000010000000196000000019600000000000000000000000000019600000000000000
122044850003002001040823074503010000000000000000000000000000000000000000000196000000000000000000000000000000
07204486000000200104082307580000000000000000100000000000000000
092044860001002001040823075800000000000003200000010000002399000000000000000000000000000000000000000000000000000050000000000
11204486000200200104082307580000090000010000002399000000239900000000000000000000000000239900000000000000
122044860003002001040823075803050000000000000000000000000000000000000000002399000000000000000000000000000000
07204487000000200104082308070000000000000000100000000000000000
092044870001002001040823080700000000000003250000010000000149000000000000000000000000000000000000000790000000000040000000000
11204487000200200104082308070000090000010000000149000000014900000000000000000000000000014900000000000000
122044870003002001040823080700000000000000000000000000000000000000000000000149000000000000000000000000000000
07204488000000200104082308170000000000000000100000000000000000
092044880001002001040823081700000000000001080008560000000513000000000000000000000000000000100000001000000000000020000000000
092044880002002001040823081700000000000003250000070000001043000000000000000000000000000000000000000790000000000040000000000
11204488000300200104082308170000090000020000001556000000155600000000000000000000000000155600000000000000
122044880004002001040823081703010000000000000000000000000000000000000000001556000000000000000000000000000000
07204489000000200104082308190000000000000000100000000000000000
092044890001002001040823081900000000000002040030580000003055000000000000000000000000000000100000000500000000000010000000000
11204489000200200104082308190000090000010000003055000000305500000000000000000000000000305500000000000000
122044890003002001040823081903010000000000000000000000000000000000000000003055000000000000000000000000000000
07204490000000200104082308330000000000000000100000000000000000
092044900001002001040823083300000000000003010000010000001099000000000000000000000000000000000000006000000000000050000000000
11204490000200200104082308330000090000010000001099000000109900000000000000000000000000109900000000000000
122044900003002001040823083300000000000000000000000000000000000000000000001099000000000000000000000000000000
07204491000000200104082308360000000000000000100000000000000000
092044910001002001040823083600000000000002210004820000000337000000000000000000000000000000100000003990000000000010000000000
092044910002002001040823083600000000000002200000010000000699000000000000000000000000000000000000000990000000000010000000000
11204491000300200104082308360000090000020000001036000000103600000000000000000000000000103600000000000000
122044910004002001040823083600000000000000000000000000000000000000000000001036000000000000000000000000000000
07204492000000200104082308590000000000000000100000000000000000
092044920001002001040823085900000000000003190000010000000550000000000000000000000000000000000000002000000000000050000000000
11204492000200200104082308590000090000010000000550000000055000000000000000000000000000055000000000000000
122044920003002001040823085903010000000000000000000000000000000000000000000550000000000000000000000000000000
07204493000000200104082309010000000000000000100000000000000000
092044930001002001040823090100000000000003190000010000000550000000000000000000000000000000000000002000000000000050000000000
11204493000200200104082309010000090000010000000550000000055000000000000000000000000000200000000014500000
122044930003002001040823090100000000000000000000000000000000000000000000000550000000000000000000000000000000
07204494000000200104082309020000000000000000100000000000000000
092044940001002001040823090200000000000002070018880000000942000000000000000000000000000000100000001990000000000010000000000
11204494000200200104082309020000090000010000000942000000094200000000000000000000000000094200000000000000
122044940003002001040823090200000000000000000000000000000000000000000000000942000000000000000000000000000000
07204495000000200104082309040000000000000000100000000000000000
092044950001002001040823090400000000000005020000020000000200I 0000000000000000000000000000000000000100000000000060000000000
092044950002002001040823090400000000000004110000010000000050I 0300000000000000000000000000000000000180000000000030000000000
11204495000300200104082309040000090000020000000250000000025000000000000000000000000000025000000000000000
122044950004002001040823090402010000000000000000000000000000000000210000000250000000000000000000000000000000
102044950005002001040823090401000000000000002100000002500000000000000325000009
07204496000000200104082309070000000000000000100000000000000000
092044960001002001040823090700000000000005020000010000000100I 0000000000000000000000000000000000000100000000000060000000000
092044960002002001040823090700000000000001180002580000000180000000000000000000000000000000100000001000000000000020000000000
092044960003002001040823090700000000000001160006060000000242000000000000000000000000000000100000000670000000000020000000000
092044960004002001040823090700000000000001060001760000000088000000000000000000000000000000100000001500000000000020000000000
092044960005002001040823090700000000000001110002100000000105000000000000000000000000000000100000002990000000000020000000000
092044960006002001040823090700000000000001250002660000000053I 0000000000000000000000000000100000000530000000000020000000000
092044960007002001040823090700000000000001100003760000000150000000000000000000000000000000100000000500000000000020000000000
092044960008002001040823090700000000000001120002600000000156000000000000000000000000000000100000001000000000000020000000000
092044960009002001040823090700000000000002150000010000000399000000000000000000000000000000000000000500000000000010000000000
11204496001000200104082309070000090000090000001473000000147300000000000000000000000000147300000000000000
122044960011002001040823090700000000000000000000000000000000000000000000001473000000000000000000000000000000
07204497000000200104082309220000000000000000100000000000000000
092044970001002001040823092200000000000020700028000000000557000000000000000000000000000000100000000500000000000010000000000
17204497000200200104082309220000000000000226
092044970003002001040823092200000000000010700011360000000908000000000000000000000000000000100000000000000000000020000000000
11204497000400200104082309220000090000020000001465000000146500000000000000000000000000146500000000000000
122044970005002001040823092203030000000000000000000000000000000000000000001465000000000000000000000000000000
07204498000000200104082309250000000000000000100000000000000000
092044980001002001040823092500000000000003250000100000001490000000000000000000000000000000000000000790000000000040000000000
11204498000200200104082309250000090000010000001490000000149000000000000000000000000000149000000000000000
122044980003002001040823092503010000000000000000000000000000000000000000001490000000000000000000000000000000
07204499000000200104082309270000000000000000100000000000000000
092044990001002001040823092700000000000001130008300000000331000000000000000000000000000000100000001500000000000020000000000
092044990002002001040823092700000000000002220000010000000399000000000000000000000000000000000000001500000000000010000000000
11204499000300200104082309270000090000020000000730000000073000000000000000000000000000073000000000000000
122044990004002001040823092703050000000000000000000000000000000000000000000730000000000000000000000000000000
07204500000000200104082309400000000000000000100000000000000000
092045000001002001040823094000000000000001040002680000000134000000000000000000000000000000100000002000000000000020000000000
092045000002002001040823094000000000000001180004720000000330000000000000000000000000000000100000001000000000000020000000000
092045000003002001040823094000000000000001090001480000000103000000000000000000000000000000100000001500000000000020000000000
092045000004002001040823094000000000000001220003980000000159000000000000000000000000000000100000001500000000000020000000000
092045000005002001040823094000000000000002200000010000000699000000000000000000000000000000000000000990000000000010000000000
092045000006002001040823094000000000000002070008240000000411000000000000000000000000000000100000001990000000000010000000000
092045000007002001040823094000000000000001080001560000000093000000000000000000000000000000100000001000000000000020000000000
092045000008002001040823094000000000000001070000420000000084000000000000000000000000000000100000005000000000000020000000000
11204500000900200104082309400000090000080000002013000000201300000000000000000000000000201300000000000000
122045000010002001040823094000000000000000000000000000000000000000000000002013000000000000000000000000000000
07204501000000200104082309430000000000000000100000000000000000
092045010001002001040823094300000000000001130010740000000429000000000000000000000000000000100000001500000000000020000000000
092045010002002001040823094300000000000001220004480000000179000000000000000000000000000000100000001500000000000020000000000
092045010003002001040823094300000000000001100012560000000501000000000000000000000000000000100000000500000000000020000000000
092045010004002001040823094300000000000001120005340000000320000000000000000000000000000000100000001000000000000020000000000
11204501000500200104082309430000090000040000001429000000142900000000000000000000000000500000000035710000
122045010006002001040823094300000000000000000000000000000000000000000000001429000000000000000000000000000000
07204502000000200104082309470000000000000000100000000000000000
092045020001002001040823094700000000000003250000030000000447000000000000000000000000000000000000000790000000000040000000000
11204502000200200104082309470000090000010000000447000000044700000000000000000000000000044700000000000000
122045020003002001040823094700000000000000000000000000000000000000000000000447000000000000000000000000000000
07204503000000200104082309480000000000000000100000000000000000
092045030001002001040823094800000000000003200000020000004798000000000000000000000000000000000000000000000000000050000000000
092045030002002001040823094800000000000003250000020000000298000000000000000000000000000000000000000790000000000040000000000
11204503000300200104082309480000090000020000005096000000509600000000000000000000000000509600000000000000
122045030004002001040823094803010000000000000000000000000000000000000000005096000000000000000000000000000000
07204504000000200104082309560000000000000000100000000000000000
092045040001002001040823095600000000000002070003760000000188000000000000000000000000000000100000001990000000000010000000000
11204504000200200104082309560000090000010000000188000000018800000000000000000000000000018800000000000000
122045040003002001040823095600000000000000000000000000000000000000000000000188000000000000000000000000000000
07204505000000200104082310020000000000000000100000000000000000
092045050001002001040823100200000000000001050009100000000363000000000000000000000000000000100000002000000000000020000000000
092045050002002001040823100200000000000001080007520000000450000000000000000000000000000000100000001000000000000020000000000
11204505000300200104082310020000090000020000000813000000081300000000000000000000000000081300000000000000
122045050004002001040823100203010000000000000000000000000000000000000000000813000000000000000000000000000000
07204506000000200104082310030000000000000000100000000000000000
092045060001002001040823100300000000000002130011340000000339000000000000000000000000000000100000001400000000000010000000000
092045060002002001040823100300000000000001010008200000000245000000000000000000000000000000100000001400000000000020000000000
11204506000300200104082310030000090000020000000584000000058400000000000000000000000000058400000000000000
122045060004002001040823100300000000000000000000000000000000000000000000000584000000000000000000000000000000
07204507000000200104082310040000000000000000100000000000000000
092045070001002001040823100400000000000001070002900000000580000000000000000000000000000000100000005000000000000020000000000
11204507000200200104082310040000090000010000000580000000058000000000000000000000000000058000000000000000
122045070003002001040823100402010000000000000000000000000000000000200000000580000000000000000000000000000000
102045070004002001040823100401000000000000002000000005800000000000000041000009
102045070005002001040823100551000000000000002000000051920000000000000042000009
132045070000002001040823100500000000000000420000000000000020000000000000519200000000000000005192
07204508000000200104082310120000000000000000100000000000000000
092045080001002001040823101200000000000001020006620000000198000000000000000000000000000000100000001200000000000020000000000
092045080002002001040823101200000000000003250000040000000596000000000000000000000000000000000000000790000000000040000000000
11204508000300200104082310120000090000020000000794000000079400000000000000000000000000079400000000000000
122045080004002001040823101200000000000000000000000000000000000000000000000794000000000000000000000000000000
07204509000000200104082310220000000000000000100000000000000000
092045090001002001040823102200000000000002220000010000000399000000000000000000000000000000000000001500000000000010000000000
092045090002002001040823102200000000000002030014180000000708000000000000000000000000000000100000002990000000000010000000000
11204509000300200104082310220000090000020000001107000000110700000000000000000000000000110700000000000000
122045090004002001040823102200000000000000000000000000000000000000000000001107000000000000000000000000000000
07204510000000200104082310310000000000000000100000000000000000
092045100001002001040823103100000000000002040001260000000126000000000000000000000000000000100000000500000000000010000000000
092045100002002001040823103100000000000001070000440000000088000000000000000000000000000000100000005000000000000020000000000
11204510000300200104082310310000090000020000000214000000021400000000000000000000000000021400000000000000
122045100004002001040823103100000000000000000000000000000000000000000000000214000000000000000000000000000000
07204511000000200104082310360000000000000000100000000000000000
092045110001002001040823103600000000000003250000020000000298000000000000000000000000000000000000000790000000000040000000000
11204511000200200104082310360000090000010000000298000000029800000000000000000000000000029800000000000000
122045110003002001040823103600000000000000000000000000000000000000000000000298000000000000000000000000000000
07204512000000200104082310390000000000000000100000000000000000
092045120001002001040823103900000000000001050007940000000317000000000000000000000000000000100000002000000000000020000000000
092045120002002001040823103900000000000001060012660000000632000000000000000000000000000000100000001500000000000020000000000
092045120003002001040823103900000000000001110006640000000331000000000000000000000000000000100000002990000000000020000000000
092045120004002001040823103900000000000003250000010000000149000000000000000000000000000000000000000790000000000040000000000
11204512000500200104082310390000090000040000001429000000142900000000000000000000000000142900000000000000
122045120006002001040823103900000000000000000000000000000000000000000000001429000000000000000000000000000000
07204513000000200104082310390000000000000000100000000000000000
092045130001002001040823103900000000000003250000010000000149000000000000000000000000000000000000000790000000000040000000000
11204513000200200104082310390000090000010000000149000000014900000000000000000000000000014900000000000000
122045130003002001040823103900000000000000000000000000000000000000000000000149000000000000000000000000000000
07204514000000200104082310400000000000000000100000000000000000
092045140001002001040823104000000000000001070002120000000424000000000000000000000000000000100000005000000000000020000000000
092045140002002001040823104000000000000001040011760000000587000000000000000000000000000000100000002000000000000020000000000
11204514000300200104082310400000090000020000001011000000101100000000000000000000000000101100000000000000
122045140004002001040823104000000000000000000000000000000000000000000000001011000000000000000000000000000000
07204515000000200104082310410000000000000000100000000000000000
092045150001002001040823104100000000000005020000300000003000I 0000000000000000000000000000000000000100000000000060000000000
092045150002002001040823104100000000000005020000440000004400I 0000000000000000000000000000000000000100000000000060000000000
11204515000300200104082310410000090000020000007400000000740000000000000000000000000000740000000000000000
122045150004002001040823104103010000000000000000000000000000000000000000007400000000000000000000000000000000
07204516000000200104082310430000000000000000100000000000000000
092045160001002001040823104300000000000002070009000000000449000000000000000000000000000000100000001990000000000010000000000
092045160002002001040823104300000000000003250000020000000298000000000000000000000000000000000000000790000000000040000000000
092045160003002001040823104300000000000001260002400000000096000000000000000000000000000000100000000500000000000020000000000
092045160004002001040823104300000000000002050010140000000607000000000000000000000000000000100000000890000000000010000000000
092045160005002001040823104300000000000001010007840000000234000000000000000000000000000000100000001400000000000020000000000
11204516000600200104082310430000090000050000001684000000168400000000000000000000000000168400000000000000
122045160007002001040823104300000000000000000000000000000000000000000000001684000000000000000000000000000000
07204517000000200104082310430000000000000000100000000000000000
092045170001002001040823104300000000000001020020540000000614000000000000000000000000000000100000001200000000000020000000000
11204517000200200104082310430000090000010000000614000000061400000000000000000000000000061400000000000000
122045170003002001040823104300000000000000000000000000000000000000000000000614000000000000000000000000000000
07204518000000200104082311010000000000000000100000000000000000
092045180001002001040823110100000000000002010083150000002486000000000000000000000000000000100000000990000000000010000000000
11204518000200200104082311010000090000010000002486000000248600000000000000000000000000500000000025140000
122045180003002001040823110100000000000000000000000000000000000000000000002486000000000000000000000000000000
07204519000000200104082311070000000000000000100000000000000000
092045190001002001040823110700000000000002010039280000001174000000000000000000000000000000100000000990000000000010000000000
11204519000200200104082311070000090000010000001174000000117400000000000000000000000000117400000000000000
122045190003002001040823110700000000000000000000000000000000000000000000001174000000000000000000000000000000
07204520000000200104082311070000000000000000100000000000000000
092045200001002001040823110700000000000002210010580000000740000000000000000000000000000000100000003990000000000010000000000
11204520000200200104082311070000090000010000000740000000074000000000000000000000000000074000000000000000
122045200003002001040823110700000000000000000000000000000000000000000000000740000000000000000000000000000000
07204521000000200104082311080000000000000000100000000000000000
092045210001002001040823110800000000000002130017640000000527000000000000000000000000000000100000001400000000000010000000000
092045210002002001040823110800000000000002250003240000000194000000000000000000000000000000100000002670000000000010000000000
11204521000300200104082311080000090000020000000721000000072100000000000000000000000000072100000000000000
122045210004002001040823110800000000000000000000000000000000000000000000000721000000000000000000000000000000
07204522000000200104082311110000000000000000100000000000000000
092045220001002001040823111100000000000001180003760000000263000000000000000000000000000000100000001000000000000020000000000
092045220002002001040823111100000000000003250000010000000149000000000000000000000000000000000000000790000000000040000000000
092045220003002001040823111100000000000001140001740000000139000000000000000000000000000000100000000500000000000020000000000
11204522000400200104082311110000090000030000000551000000055100000000000000000000000000055100000000000000
122045220005002001040823111103010000000000000000000000000000000000000000000551000000000000000000000000000000
07204523000000200104082311130000000000000000100000000000000000
092045230001002001040823111300000000000001150004920000000492000000000000000000000000000000100000001000000000000020000000000
092045230002002001040823111300000000000002130014640000000438000000000000000000000000000000100000001400000000000010000000000
092045230003002001040823111300000000000002050007900000000473000000000000000000000000000000100000000890000000000010000000000
092045230004002001040823111300000000000002010019200000000574000000000000000000000000000000100000000990000000000010000000000
11204523000500200104082311130000090000040000001977000000197700000000000000000000000000197700000000000000
122045230006002001040823111303010000000000000000000000000000000000000000001977000000000000000000000000000000
07204524000000200104082311190000000000000000100000000000000000
092045240001002001040823111900000000000005020000080000000800I 0000000000000000000000000000000000000100000000000060000000000
11204524000200200104082311190000090000010000000800000000080000000000000000000000000000080000000000000000
122045240003002001040823111900000000000000000000000000000000000000000000000800000000000000000000000000000000
07204525000000200104082311210000000000000000100000000000000000
092045250001002001040823112100000000000002080009260000000462000000000000000000000000000000100000000500000000000010000000000
11204525000200200104082311210000090000010000000462000000046200000000000000000000000000046200000000000000
122045250003002001040823112103010000000000000000000000000000000000000000000462000000000000000000000000000000
07204526000000200104082311280000000000000000100000000000000000
092045260001002001040823112800000000000003250000020000000298000000000000000000000000000000000000000790000000000040000000000
11204526000200200104082311280000090000010000000298000000029800000000000000000000000000029800000000000000
122045260003002001040823112800000000000000000000000000000000000000000000000298000000000000000000000000000000
07204527000000200104082311370000000000000000100000000000000000
092045270001002001040823113700000000000001010003380000000101000000000000000000000000000000100000001400000000000020000000000
092045270002002001040823113700000000000002080008240000000411000000000000000000000000000000100000000500000000000010000000000
092045270003002001040823113700000000000005480000010000000250I 0300000000000000000000000000000000000000000000000030000000000
11204527000400200104082311370000090000030000000762000000076200000000000000000000000000076200000000000000
122045270005002001040823113700000000000000000000000000000000000000000000000762000000000000000000000000000000
07204528000000200104082311460000000000000000100000000000000000
092045280001002001040823114600000000000003010000010000001099000000000000000000000000000000000000006000000000000050000000000
11204528000200200104082311460000090000010000001099000000109900000000000000000000000000109900000000000000
122045280003002001040823114603010000000000000000000000000000000000000000001099000000000000000000000000000000
07204529000000200104082311470000000000000000100000000000000000
092045290001002001040823114700000000000005020000020000000200I 0000000000000000000000000000000000000100000000000060000000000
092045290002002001040823114700000000000001270002040000000041000000000000000000000000000000100000000250000000000020000000000
092045290003002001040823114700000000000001220005720000000228000000000000000000000000000000100000001500000000000020000000000
11204529000400200104082311470000090000030000000469000000046900000000000000000000000000046900000000000000
122045290005002001040823114700000000000000000000000000000000000000000000000469000000000000000000000000000000
07204530000000200104082311470000000000000000100000000000000000
092045300001002001040823114700000000000005020000070000000700I 0000000000000000000000000000000000000100000000000060000000000
11204530000200200104082311470000090000010000000700000000070000000000000000000000000000070000000000000000
122045300003002001040823114700000000000000000000000000000000000000000000000700000000000000000000000000000000
07204531000000200104082311500000000000000000100000000000000000
092045310001002001040823115000000000000002220000020000000798000000000000000000000000000000000000001500000000000010000000000
11204531000200200104082311500000090000010000000798000000079800000000000000000000000000079800000000000000
122045310003002001040823115000000000000000000000000000000000000000000000000798000000000000000000000000000000
07204532000000200104082311550000000000000000100000000000000000
092045320001002001040823115500000000000002030024900000001243000000000000000000000000000000100000002990000000000010000000000
092045320002002001040823115500000000000002050014060000000842000000000000000000000000000000100000000890000000000010000000000
11204532000300200104082311550000090000020000002085000000208500000000000000000000000000208500000000000000
122045320004002001040823115500000000000000000000000000000000000000000000002085000000000000000000000000000000
07204533000000200104082311560000000000000000100000000000000000
092045330001002001040823115600000000000001080002520000000151000000000000000000000000000000100000001000000000000020000000000
092045330002002001040823115600000000000001170002000000000100000000000000000000000000000000100000002490000000000020000000000
092045330003002001040823115600000000000001040001460000000073000000000000000000000000000000100000002000000000000020000000000
11204533000400200104082311560000090000030000000324000000032400000000000000000000000000032400000000000000
122045330005002001040823115600000000000000000000000000000000000000000000000324000000000000000000000000000000
07204534000000200104082312100000000000000000100000000000000000
092045340001002001040823121000000000000005480000010000000250I 0300000000000000000000000000000000000000000000000030000000000
092045340002002001040823121000000000000005020000020000000200I 0000000000000000000000000000000000000100000000000060000000000
11204534000300200104082312100000090000020000000450000000045000000000000000000000000000045000000000000000
122045340004002001040823121003010000000000000000000000000000000000000000000450000000000000000000000000000000
07204535000000200104082312110000000000000000100000000000000000
092045350001002001040823121100000000000002230005660000000679000000000000000000000000000000100000004980000000000010000000000
11204535000200200104082312110000090000010000000679000000067900000000000000000000000000067900000000000000
122045350003002001040823121100000000000000000000000000000000000000000000000679000000000000000000000000000000
07204536000000200104082312190000000000000000100000000000000000
092045360001002001040823121900000000000002210011700000000818000000000000000000000000000000100000003990000000000010000000000
11204536000200200104082312190000090000010000000818000000081800000000000000000000000000081800000000000000
122045360003002001040823121903010000000000000000000000000000000000000000000818000000000000000000000000000000
07204537000000200104082312220000000000000000100000000000000000
092045370001002001040823122200000000000005020000030000000300I 0000000000000000000000000000000000000100000000000060000000000
11204537000200200104082312220000090000010000000300000000030000000000000000000000000000030000000000000000
122045370003002001040823122202010000000000000000000000000000000000210000000300000000000000000000000000000000
102045370004002001040823122201000000000000002100000003000000000000000326000009
07204538000000200104082312240000000000000000100000000000000000
092045380001002001040823122400000000000002050004480000000268000000000000000000000000000000100000000890000000000010000000000
092045380002002001040823122400000000000001060001500000000075000000000000000000000000000000100000001500000000000020000000000
092045380003002001040823122400000000000001250003300000000066I 0000000000000000000000000000100000000530000000000020000000000
092045380004002001040823122400000000000001220007820000000312000000000000000000000000000000100000001500000000000020000000000
11204538000500200104082312240000090000040000000721000000072100000000000000000000000000072100000000000000
122045380006002001040823122403060000000000000000000000000000000000000000000721000000000000000000000000000000
07204539000000200104082312280000000000000000100000000000000000
092045390001002001040823122800000000000001080004460000000267000000000000000000000000000000100000001000000000000020000000000
092045390002002001040823122800000000000001180003320000000232000000000000000000000000000000100000001000000000000020000000000
092045390003002001040823122800000000000003250000020000000298000000000000000000000000000000000000000790000000000040000000000
11204539000400200104082312280000090000030000000797000000079700000000000000000000000000079700000000000000
122045390005002001040823122800000000000000000000000000000000000000000000000797000000000000000000000000000000
07204540000000200104082312290000000000000000100000000000000000
092045400001002001040823122900000000000001090001620000000113000000000000000000000000000000100000001500000000000020000000000
092045400002002001040823122900000000000003250000010000000149000000000000000000000000000000000000000790000000000040000000000
11204540000300200104082312290000090000020000000262000000026200000000000000000000000000026200000000000000
122045400004002001040823122900000000000000000000000000000000000000000000000262000000000000000000000000000000
07204541000000200104082312440000000000000000100000000000000000
092045410001002001040823124400000000000005020000050000000500I 0000000000000000000000000000000000000100000000000060000000000
11204541000200200104082312440000090000010000000500000000050000000000000000000000000000050000000000000000
122045410003002001040823124400000000000000000000000000000000000000000000000500000000000000000000000000000000
07204542000000200104082312480000000000000000100000000000000000
092045420001002001040823124800000000000002150000020000000798000000000000000000000000000000000000000500000000000010000000000
092045420002002001040823124800000000000001090002640000000185000000000000000000000000000000100000001500000000000020000000000
092045420003002001040823124800000000000001040008680000000433000000000000000000000000000000100000002000000000000020000000000
092045420004002001040823124800000000000002040006140000000613000000000000000000000000000000100000000500000000000010000000000
092045420005002001040823124800000000000001060003000000000150000000000000000000000000000000100000001500000000000020000000000
092045420006002001040823124800000000000001110006780000000338000000000000000000000000000000100000002990000000000020000000000
092045420007002001040823124800000000000001080006760000000405000000000000000000000000000000100000001000000000000020000000000
092045420008002001040823124800000000000002070009040000000451000000000000000000000000000000100000001990000000000010000000000
092045420009002001040823124800000000000002020016600000000994000000000000000000000000000000100000001990000000000010000000000
092045420010002001040823124800000000000002270012080000001207000000000000000000000000000000100000003990000000000010000000000
092045420011002001040823124800000000000002190000020000001798000000000000000000000000000000000000002250000000000010000000000
092045420012002001040823124800000000000002050014880000000891000000000000000000000000000000100000000890000000000010000000000
092045420013002001040823124800000000000002290000010000000499000000000000000000000000000000000000002500000000000010000000000
092045420014002001040823124800000000000002090010620000001273000000000000000000000000000000100000004720000000000010000000000
092045420015002001040823124800000000000002170000010000000799000000000000000000000000000000000000006500000000000010000000000
11204542001600200104082312480000090000150000010834000001083400000000000000000000000001083400000000000000
122045420017002001040823124803010000000000000000000000000000000000000000010834000000000000000000000000000000
07204543000000200104082312500000000000000000100000000000000000
092045430001002001040823125000000000000003250000010000000149000000000000000000000000000000000000000790000000000040000000000
11204543000200200104082312500000090000010000000149000000014900000000000000000000000000014900000000000000
122045430003002001040823125000000000000000000000000000000000000000000000000149000000000000000000000000000000
07204544000000200104082313010000000000000000100000000000000000
092045440001002001040823130100000000000002070010680000000533000000000000000000000000000000100000001990000000000010000000000
092045440002002001040823130100000000000002070008200000000409000000000000000000000000000000100000001990000000000010000000000
092045440003002001040823130100000000000002110005840000000408000000000000000000000000000000100000000990000000000010000000000
092045440004002001040823130100000000000002140012600000000503000000000000000000000000000000100000001990000000000010000000000
092045440005002001040823130100000000000002260006500000000324000000000000000000000000000000100000002000000000000010000000000
092045440006002001040823130100000000000005020000060000000600I 0000000000000000000000000000000000000100000000000060000000000
11204544000700200104082313010000090000060000002777000000277700000000000000000000000000277700000000000000
122045440008002001040823130103010000000000000000000000000000000000000000002777000000000000000000000000000000
07204545000000200104082313030000000000000000100000000000000000
092045450001002001040823130300000000000002080029100000001452000000000000000000000000000000100000000500000000000010000000000
092045450002002001040823130300000000000002080014280000000713000000000000000000000000000000100000000500000000000010000000000
092045450003002001040823130300000000000002110006220000000435000000000000000000000000000000100000000990000000000010000000000
092045450004002001040823130300000000000002250003740000000224000000000000000000000000000000100000002670000000000010000000000
092045450005002001040823130300000000000001060003740000000187000000000000000000000000000000100000001500000000000020000000000
11204545000600200104082313030000090000050000003011000000301100000000000000000000000000301100000000000000
122045450007002001040823130303010000000000000000000000000000000000000000003011000000000000000000000000000000
14204546000000200104082313040000010000000000
07204547000000200104082313050000000000000000100000000000000000
092045470001002001040823130500000000000001010005180000000155000000000000000000000000000000100000001400000000000020000000000
11204547000200200104082313050000090000010000000155000000015500000000000000000000000000015500000000000000
122045470003002001040823130500000000000000000000000000000000000000000000000155000000000000000000000000000000
07204548000000200104082313060000000000000000100000000000000000
092045480001002001040823130600000000000002130013540000000405000000000000000000000000000000100000001400000000000010000000000
11204548000200200104082313060000090000010000000405000000040500000000000000000000000000040500000000000000
122045480003002001040823130603010000000000000000000000000000000000000000000405000000000000000000000000000000
07204549000000200104082313070000000000000000100000000000000000
092045490001002001040823130700000000000003010000010000001099000000000000000000000000000000000000006000000000000050000000000
11204549000200200104082313070000090000010000001099000000109900000000000000000000000000109900000000000000
122045490003002001040823130700000000000000000000000000000000000000000000001099000000000000000000000000000000
07204550000000200104082313090000000000000000100000000000000000
092045500001002001040823130900000000000002260003600000000180000000000000000000000000000000100000002000000000000010000000000
092045500002002001040823130900000000000003010000010000001099000000000000000000000000000000000000006000000000000050000000000
092045500003002001040823130900000000000002110002480000000173000000000000000000000000000000100000000990000000000010000000000
092045500004002001040823130900000000000001180002340000000164000000000000000000000000000000100000001000000000000020000000000
092045500005002001040823130900000000000002460011440000001372000000000000000000000000000000100000000000000000000010000000000
11204550000600200104082313090000090000050000002988000000298800000000000000000000000001000000000070120000
122045500007002001040823130900000000000000000000000000000000000000000000002988000000000000000000000000000000
07204551000000200104082313140000000000000000100000000000000000
092045510001002001040823131400000000000002040005080000000507000000000000000000000000000000100000000500000000000010000000000
092045510002002001040823131400000000000001010015580000000466000000000000000000000000000000100000001400000000000020000000000
092045510003002001040823131400000000000001250009340000000186I 0000000000000000000000000000100000000530000000000020000000000
092045510004002001040823131400000000000002030013480000000673000000000000000000000000000000100000002990000000000010000000000
092045510005002001040823131400000000000005020000060000000600I 0000000000000000000000000000000000000100000000000060000000000
11204551000600200104082313140000090000050000002432000000243200000000000000000000000000243200000000000000
122045510007002001040823131403010000000000000000000000000000000000000000002432000000000000000000000000000000
07204552000000200104082313200000000000000000100000000000000000
092045520001002001040823132000000000000002150000030000001197000000000000000000000000000000000000000500000000000010000000000
11204552000200200104082313200000090000010000001197000000119700000000000000000000000000119700000000000000
122045520003002001040823132003100000000000000000000000000000000000000000001197000000000000000000000000000000
07204553000000200104082313510000000000000000100000000000000000
092045530001002001040823135100000000000001170002940000000147000000000000000000000000000000100000002490000000000020000000000
092045530002002001040823135100000000000001110002340000000117000000000000000000000000000000100000002990000000000020000000000
092045530003002001040823135100000000000001060001900000000095000000000000000000000000000000100000001500000000000020000000000
11204553000400200104082313510000090000030000000359000000035900000000000000000000000000035900000000000000
122045530005002001040823135100000000000000000000000000000000000000000000000359000000000000000000000000000000
062045530006002001040823135200000100000350000000000000000000000000000000000000000000
07204554000000200104082313540000000000000000100000000000000000
092045540001002001040823135400000000000002480003840000000134000000000000000000000000000000100000001000000000000050000000000
11204554000200200104082313540000090000010000000134000000013400000000000000000000000000013400000000000000
122045540003002001040823135402010000000000000000000000000000000000050000000134000000000000000000000000000000
102045540004002001040823135401000000000000000500000001340000000000000375000009
07204555000000200104082313590000000000000000100000000000000000
092045550001002001040823135900000000000002050001740000000104000000000000000000000000000000100000000890000000000010000000000
11204555000200200104082313590000090000010000000104000000010400000000000000000000000000010400000000000000
122045550003002001040823135902010000000000000000000000000000000000220000000104000000000000000000000000000000
102045550004002001040823135901000000000000002200000001040000000000001540000009
07204556000000200104082314330000000000000000100000000000000000
092045560001002001040823143300000000000002070009560000000477000000000000000000000000000000100000001990000000000010000000000
092045560002002001040823143300000000000002080016280000000812000000000000000000000000000000100000000500000000000010000000000
11204556000300200104082314330000090000020000001289000000128900000000000000000000000000500000000037110000
122045560004002001040823143300000000000000000000000000000000000000000000001289000000000000000000000000000000
07204557000000200104082314350000000000000000100000000000000000
092045570001002001040823143500000000000003250000010000000149000000000000000000000000000000000000000790000000000040000000000
11204557000200200104082314350000090000010000000149000000014900000000000000000000000000014900000000000000
122045570003002001040823143500000000000000000000000000000000000000000000000149000000000000000000000000000000
07204558000000200104082314590000000000000000100000000000000000
092045580001002001040823145900000000000001170004160000000208000000000000000000000000000000100000002490000000000020000000000
092045580002002001040823145900000000000002050004480000000268000000000000000000000000000000100000000890000000000010000000000
092045580003002001040823145900000000000001070001100000000220000000000000000000000000000000100000005000000000000020000000000
092045580004002001040823145900000000000004020000010000000100I 0300000000000000000000000000000000000230000000000030000000000
092045580005002001040823145900000000000003190000010000000550000000000000000000000000000000000000002000000000000050000000000
092045580006002001040823145900000000000002130011420000000341000000000000000000000000000000100000001400000000000010000000000
11204558000700200104082314590000090000060000001687000000168700000000000000000000000000168700000000000000
122045580008002001040823145903030000000000000000000000000000000000000000001687000000000000000000000000000000
07204559000000200104082315030000000000000000100000000000000000
092045590001002001040823150300000000000005020000280000002800I 0000000000000000000000000000000000000100000000000060000000000
11204559000200200104082315030000090000010000002800000000280000000000000000000000000000280000000000000000
122045590003002001040823150302010000000000000000000000000000000000340000002800000000000000000000000000000000
102045590004002001040823150301000000000000003400000028000000000000000000000009
07204560000000200104082315220000000000000000100000000000000000
092045600001002001040823152200000000000003010000010000001099000000000000000000000000000000000000006000000000000050000000000
092045600002002001040823152200000000000005110000010000001499I 0100000000000000000000000000000000000000000000000050000000000
092045600003002001040823152200000000000005480000010000000250I 0300000000000000000000000000000000000000000000000030000000000
092045600004002001040823152200000000000005480000010000000250I 0300000000000000000000000000000000000000000000000030000000000
11204560000500200104082315220000090000040000003098000000309800000000000000000000000000309800000000000000
122045600006002001040823152200000000000000000000000000000000000000000000003098000000000000000000000000000000
07204561000000200104082315230000000000000000100000000000000000
092045610001002001040823152300000000000005520000010000000200I 0300000000000000000000000000000000001000000000000080000000000
11204561000200200104082315230000090000010000000200000000020000000000000000000000000000020000000000000000
122045610003002001040823152302010000000000000000000000000000000000220000000200000000000000000000000000000000
102045610004002001040823152301000000000000002200000002000000000000001541000009
07204562000000200104082315440000000000000000100000000000000000
092045620001002001040823154400000000000003200000010000002399000000000000000000000000000000000000000000000000000050000000000
11204562000200200104082315440000090000010000002399000000239900000000000000000000000000500000000026010000
122045620003002001040823154400000000000000000000000000000000000000000000002399000000000000000000000000000000
07204563000000200104082315450000000000000000100000000000000000
092045630001002001040823154500000000000001130016240000000648000000000000000000000000000000100000001500000000000020000000000
092045630002002001040823154500000000000005040000010000000699I 0100000000000000000000000000000000000000000000000030000000000
11204563000300200104082315450000090000020000001347000000134700000000000000000000000000134700000000000000
122045630004002001040823154500000000000000000000000000000000000000000000001347000000000000000000000000000000
07204564000000200104082315470000000000000000100000000000000000
092045640001002001040823154700000000000002110004620000000323000000000000000000000000000000100000000990000000000010000000000
11204564000200200104082315470000090000010000000323000000032300000000000000000000000000050000000001770000
122045640003002001040823154700000000000000000000000000000000000000000000000323000000000000000000000000000000
07204565000000200104082315490000000000000000100000000000000000
092045650001002001040823154900000000000005020000020000000200I 0000000000000000000000000000000000000100000000000060000000000
11204565000200200104082315490000090000010000000200000000020000000000000000000000000000020000000000000000
122045650003002001040823154900000000000000000000000000000000000000000000000200000000000000000000000000000000
07204566000000200104082315500000000000000000100000000000000000
092045660001002001040823155000000000000001160008040000000321000000000000000000000000000000100000000670000000000020000000000
092045660002002001040823155000000000000002040002760000000276000000000000000000000000000000100000000500000000000010000000000
092045660003002001040823155000000000000001090001980000000138000000000000000000000000000000100000001500000000000020000000000
11204566000400200104082315500000090000030000000735000000073500000000000000000000000000100000000002650000
122045660005002001040823155000000000000000000000000000000000000000000000000735000000000000000000000000000000
07204567000000200104082315510000000000000000100000000000000000
092045670001002001040823155100000000000002190000010000000899000000000000000000000000000000000000002250000000000010000000000
092045670002002001040823155100000000000002190000010000000899000000000000000000000000000000000000002250000000000010000000000
11204567000300200104082315510000090000020000001798000000179800000000000000000000000000200000000002020000
122045670004002001040823155100000000000000000000000000000000000000000000001798000000000000000000000000000000
07204568000000200104082315520000000000000000100000000000000000
092045680001002001040823155200000000000001070000920000000184000000000000000000000000000000100000005000000000000020000000000
092045680002002001040823155200000000000001070000420000000084000000000000000000000000000000100000005000000000000020000000000
11204568000300200104082315520000090000020000000268000000026800000000000000000000000000026800000000000000
122045680004002001040823155200000000000000000000000000000000000000000000000268000000000000000000000000000000
07204569000000200104082315550000000000000000100000000000000000
092045690001002001040823155500000000000002150000010000000399000000000000000000000000000000000000000500000000000010000000000
092045690002002001040823155500000000000004010000010000000100I 0300000000000000000000000000000000000000000000000030000000000
092045690003002001040823155500000000000004020000010000000100I 0300000000000000000000000000000000000230000000000030000000000
092045690004002001040823155500000000000004020000010000000100I 0300000000000000000000000000000000000230000000000030000000000
092045690005002001040823155500000000000004020000010000000100I 0300000000000000000000000000000000000230000000000030000000000
11204569000600200104082315550000090000050000000799000000079900000000000000000000000000500000000042010000
122045690007002001040823155500000000000000000000000000000000000000000000000799000000000000000000000000000000
07204570000000200104082315560000000000000000100000000000000000
092045700001002001040823155600000000000003250000010000000149000000000000000000000000000000000000000790000000000040000000000
092045700002002001040823155600000000000003250000010000000149000000000000000000000000000000000000000790000000000040000000000
092045700003002001040823155600000000000001250008600000000171I 0000000000000000000000000000100000000530000000000020000000000
11204570000400200104082315560000090000030000000469000000046900000000000000000000000000060000000001310000
122045700005002001040823155600000000000000000000000000000000000000000000000469000000000000000000000000000000
07204571000000200104082316010000000000000000100000000000000000
092045710001002001040823160100000000000002070012340000000616000000000000000000000000000000100000001990000000000010000000000
092045710002002001040823160100000000000002140016500000000658000000000000000000000000000000100000001990000000000010000000000
092045710003002001040823160100000000000002110005220000000365000000000000000000000000000000100000000990000000000010000000000
092045710004002001040823160100000000000002190000010000000899000000000000000000000000000000000000002250000000000010000000000
092045710005002001040823160100000000000002250016260000000974000000000000000000000000000000100000002670000000000010000000000
092045710006002001040823160100000000000002050019080000001143000000000000000000000000000000100000000890000000000010000000000
092045710007002001040823160100000000000003200000010000002399000000000000000000000000000000000000000000000000000050000000000
092045710008002001040823160100000000000002330000010000000999000000000000000000000000000000000000004990000000000010000000000
11204571000900200104082316010000090000080000008053000000805300000000000000000000000000805300000000000000
122045710010002001040823160103060000000000000000000000000000000000000000008053000000000000000000000000000000
07204572000000200104082316070000000000000000100000000000000000
092045720001002001040823160700000000000003250000040000000596000000000000000000000000000000000000000790000000000040000000000
11204572000200200104082316070000090000010000000596000000059600000000000000000000000000059600000000000000
122045720003002001040823160703030000000000000000000000000000000000000000000596000000000000000000000000000000
14204573000000200104082316270000010000000000
18204573000100200104082316270100000020000000000000000000000001
18204573000200200104082316270200000005500000000000000000000001
07204574000000200104082316300000000000000000100000000000000000
092045740001002001040823163000000000000001050021400000000854000000000000000000000000000000100000002000000000000020000000000
092045740002002001040823163000000000000002040004200000000420000000000000000000000000000000100000000500000000000010000000000
092045740003002001040823163000000000000002080010800000000539000000000000000000000000000000100000000500000000000010000000000
092045740004002001040823163000000000000002080002780000000139000000000000000000000000000000100000000500000000000010000000000
11204574000500200104082316300000090000040000001952000000195200000000000000000000000000195200000000000000
122045740006002001040823163003100000000000000000000000000000000000000000001952000000000000000000000000000000
07204575000000200104082316320000000000000000100000000000000000
092045750001002001040823163200000000000001270008380000000167000000000000000000000000000000100000000250000000000020000000000
092045750002002001040823163200000000000001110001780000000089000000000000000000000000000000100000002990000000000020000000000
092045750003002001040823163200000000000002270002640000000264000000000000000000000000000000100000003990000000000010000000000
092045750004002001040823163200000000000001120003680000000220000000000000000000000000000000100000001000000000000020000000000
11204575000500200104082316320000090000040000000740000000074000000000000000000000000000100000000002600000
122045750006002001040823163200000000000000000000000000000000000000000000000740000000000000000000000000000000
07204576000000200104082316360000000000000000100000000000000000
092045760001002001040823163600000000000002110012880000000900000000000000000000000000000000100000000990000000000010000000000
092045760002002001040823163600000000000002080013160000000657000000000000000000000000000000100000000500000000000010000000000
092045760003002001040823163600000000000002040002180000000218000000000000000000000000000000100000000500000000000010000000000
11204576000400200104082316360000090000030000001775000000177500000000000000000000000000200000000002250000
122045760005002001040823163600000000000000000000000000000000000000000000001775000000000000000000000000000000
07204577000000200104082316400000000000000000100000000000000000
092045770001002001040823164000000000000005080000010000002399I 0100000000000000000000000000000000015000000000000070000000000
11204577000200200104082316400000090000010000002399000000239900000000000000000000000000500000000026010000
122045770003002001040823164000000000000000000000000000000000000000000000002399000000000000000000000000000000
07204578000000200104082316420000000000000000100000000000000000
092045780001002001040823164200000000000001120006480000000388000000000000000000000000000000100000001000000000000020000000000
092045780002002001040823164200000000000003250000010000000149000000000000000000000000000000000000000790000000000040000000000
11204578000300200104082316420000090000020000000537000000053700000000000000000000000000500000000044630000
122045780004002001040823164200000000000000000000000000000000000000000000000537000000000000000000000000000000
07204579000000200104082316450000000000000000100000000000000000
092045790001002001040823164500000000000002080012600000000629000000000000000000000000000000100000000500000000000010000000000
11204579000200200104082316450000090000010000000629000000062900000000000000000000000000070000000000710000
122045790003002001040823164500000000000000000000000000000000000000000000000629000000000000000000000000000000
07204580000000200104082316510000000000000000100000000000000000
092045800001002001040823165100000000000001120006620000000397000000000000000000000000000000100000001000000000000020000000000
092045800002002001040823165100000000000001080001260000000075000000000000000000000000000000100000001000000000000020000000000
11204580000300200104082316510000090000020000000472000000047200000000000000000000000000050000000000280000
122045800004002001040823165100000000000000000000000000000000000000000000000472000000000000000000000000000000
07204581000000200104082317060000000000000000100000000000000000
092045810001002001040823170600000000000002010011280000000337000000000000000000000000000000100000000990000000000010000000000
092045810002002001040823170600000000000001020010900000000326000000000000000000000000000000100000001200000000000020000000000
11204581000300200104082317060000090000020000000663000000066300000000000000000000000000100000000003370000
122045810004002001040823170600000000000000000000000000000000000000000000000663000000000000000000000000000000
07204582000000200104082317190000000000000000100000000000000000
092045820001002001040823171900000000000002080007240000000361000000000000000000000000000000100000000500000000000010000000000
11204582000200200104082317190000090000010000000361000000036100000000000000000000000000200000000016390000
122045820003002001040823171900000000000000000000000000000000000000000000000361000000000000000000000000000000
07204583000000200104082317300000000000000000100000000000000000
092045830001002001040823173000000000000002110009700000000678000000000000000000000000000000100000000990000000000010000000000
11204583000200200104082317300000090000010000000678000000067800000000000000000000000000070000000000220000
122045830003002001040823173000000000000000000000000000000000000000000000000678000000000000000000000000000000
07204584000000200104082317320000000000000000100000000000000000
092045840001002001040823173200000000000001220009460000000377000000000000000000000000000000100000001500000000000020000000000
11204584000200200104082317320000090000010000000377000000037700000000000000000000000000040000000000230000
122045840003002001040823173200000000000000000000000000000000000000000000000377000000000000000000000000000000
07204585000000200104082317350000000000000000100000000000000000
092045850001002001040823173500000000000005020000010000000100I 0000000000000000000000000000000000000100000000000060000000000
11204585000200200104082317350000090000010000000100000000010000000000000000000000000000010000000000000000
122045850003002001040823173500000000000000000000000000000000000000000000000100000000000000000000000000000000
07204586000000200104082317380000000000000000100000000000000000
092045860001002001040823173800000000000001020002960000000089000000000000000000000000000000100000001200000000000020000000000
11204586000200200104082317380000090000010000000089000000008900000000000000000000000000008900000000000000
122045860003002001040823173800000000000000000000000000000000000000000000000089000000000000000000000000000000
07204587000000200104082317400000000000000000100000000000000000
092045870001002001040823174000000000000001070000400000000080000000000000000000000000000000100000005000000000000020000000000
092045870002002001040823174000000000000001050000940000000038000000000000000000000000000000100000002000000000000020000000000
11204587000300200104082317400000090000020000000118000000011800000000000000000000000000015000000000320000
122045870004002001040823174000000000000000000000000000000000000000000000000118000000000000000000000000000000
07204588000000200104082317450000000000000000100000000000000000
092045880001002001040823174500000000000001040003840000000192000000000000000000000000000000100000002000000000000020000000000
11204588000200200104082317450000090000010000000192000000019200000000000000000000000000020000000000080000
122045880003002001040823174500000000000000000000000000000000000000000000000192000000000000000000000000000000
07204589000000200104082317490000000000000000100000000000000000
092045890001002001040823174900000000000002280003280000000164000000000000000000000000000000100000001000000000000010000000000
092045890002002001040823174900000000000002250011240000000673000000000000000000000000000000100000002670000000000010000000000
11204589000300200104082317490000090000020000000837000000083700000000000000000000000000100000000001630000
122045890004002001040823174900000000000000000000000000000000000000000000000837000000000000000000000000000000
07204590000000200104082317580000000000000000100000000000000000
092045900001002001040823175800000000000001140005700000000455000000000000000000000000000000100000000500000000000020000000000
092045900002002001040823175800000000000001020009840000000294000000000000000000000000000000100000001200000000000020000000000
092045900003002001040823175800000000000002050009700000000581000000000000000000000000000000100000000890000000000010000000000
092045900004002001040823175800000000000003190000010000000550000000000000000000000000000000000000002000000000000050000000000
11204590000500200104082317580000090000040000001880000000188000000000000000000000000000188000000000000000
122045900006002001040823175803020000000000000000000000000000000000000000001880000000000000000000000000000000
07204591000000200104082318000000000000000000100000000000000000
092045910001002001040823180000000000000001020040670000001216000000000000000000000000000000100000001200000000000020000000000
092045910002002001040823180000000000000001060004340000000217000000000000000000000000000000100000001500000000000020000000000
092045910003002001040823180000000000000003250000010000000149000000000000000000000000000000000000000790000000000040000000000
11204591000400200104082318000000090000030000001582000000158200000000000000000000000000158200000000000000
122045910005002001040823180003030000000000000000000000000000000000000000001582000000000000000000000000000000
07204592000000200104082318100000000000000000100000000000000000
092045920001002001040823181000000000000001050000980000000039000000000000000000000000000000100000002000000000000020000000000
092045920002002001040823181000000000000001090000800000000056000000000000000000000000000000100000001500000000000020000000000
092045920003002001040823181000000000000001080001360000000081000000000000000000000000000000100000001000000000000020000000000
11204592000400200104082318100000090000030000000176000000017600000000000000000000000000017600000000000000
122045920005002001040823181002010000000000000000000000000000000000050000000176000000000000000000000000000000
102045920006002001040823181001000000000000000500000001760000000000000376000009
07204593000000200104082318150000000000000000100000000000000000
092045930001002001040823181500000000000002070015380000000767000000000000000000000000000000100000001990000000000010000000000
092045930002002001040823181500000000000002250010600000000635000000000000000000000000000000100000002670000000000010000000000
092045930003002001040823181500000000000002140007560000000302000000000000000000000000000000100000001990000000000010000000000
092045930004002001040823181500000000000005220000010000002200I 0100000000000000000000000000000000000000000000000070000000000
092045930005002001040823181500000000000002170000010000000799000000000000000000000000000000000000006500000000000010000000000
092045930006002001040823181500000000000002090006620000000794000000000000000000000000000000100000004720000000000010000000000
092045930007002001040823181500000000000002050008200000000491000000000000000000000000000000100000000890000000000010000000000
092045930008002001040823181500000000000002130026860000000803000000000000000000000000000000100000001400000000000010000000000
11204593000900200104082318150000090000080000006791000000679100000000000000000000000000679100000000000000
122045930010002001040823181503030000000000000000000000000000000000000000006791000000000000000000000000000000
07204594000000200104082318170000000000000000100000000000000000
092045940001002001040823181700000000000003250000010000000149000000000000000000000000000000000000000790000000000040000000000
11204594000200200104082318170000090000010000000149000000014900000000000000000000000000014900000000000000
122045940003002001040823181700000000000000000000000000000000000000000000000149000000000000000000000000000000
07204595000000200104082318410000000000000000100000000000000000
092045950001002001040823184100000000000005020000010000000100I 0000000000000000000000000000000000000100000000000060000000000
092045950002002001040823184100000000000001040006820000000340000000000000000000000000000000100000002000000000000020000000000
092045950003002001040823184100000000000001080003260000000195000000000000000000000000000000100000001000000000000020000000000
11204595000400200104082318410000090000030000000635000000063500000000000000000000000000100000000003650000
122045950005002001040823184100000000000000000000000000000000000000000000000635000000000000000000000000000000
14204596000000200104082318420000010000000000
07204597000000200104082318420000000000000000100000000000000000
092045970001002001040823184200000000000005020000010000000100I 0000000000000000000000000000000000000100000000000060000000000
11204597000200200104082318420000090000010000000100000000010000000000000000000000000000010000000000000000
122045970003002001040823184200000000000000000000000000000000000000000000000100000000000000000000000000000000
102045970004002001040823184351000000000000000800000201710000000000000453000009
132045970000002001040823184300000000000004530000000000000008000000000002017100000000000000020171
07204598000000200104082319000000000000000000100000000000000000
092045980001002001040823190000000000000001070001260000000252000000000000000000000000000000100000005000000000000020000000000
11204598000200200104082319000000090000010000000252000000025200000000000000000000000000025200000000000000
122045980003002001040823190000000000000000000000000000000000000000000000000252000000000000000000000000000000
07204599000000200104082319030000000000000000100000000000000000
092045990001002001040823190300000000000002330000010000000999000000000000000000000000000000000000004990000000000010000000000
11204599000200200104082319030000090000010000000999000000099900000000000000000000000000099900000000000000
122045990003002001040823190300000000000000000000000000000000000000000000000999000000000000000000000000000000
07204600000000200104082319040000000000000000100000000000000000
092046000001002001040823190400000000000005110000010000001499I 0100000000000000000000000000000000000000000000000050000000000
11204600000200200104082319040000090000010000001499000000149900000000000000000000000000149900000000000000
122046000003002001040823190400000000000000000000000000000000000000000000001499000000000000000000000000000000
07204601000000200104082319040000000000000000100000000000000000
092046010001002001040823190400000000000002040002300000000230000000000000000000000000000000100000000500000000000010000000000
11204601000200200104082319040000090000010000000230000000023000000000000000000000000000100000000007700000
122046010003002001040823190400000000000000000000000000000000000000000000000230000000000000000000000000000000
07204602000000200104082319160000000000000000100000000000000000
092046020001002001040823191600000000000003200000010000002399000000000000000000000000000000000000000000000000000050000000000
11204602000200200104082319160000090000010000002399000000239900000000000000000000000000239900000000000000
122046020003002001040823191603030000000000000000000000000000000000000000002399000000000000000000000000000000
07204603000000200104082319520000000000000000100000000000000000
092046030001002001040823195200000000000003010000010000001099000000000000000000000000000000000000006000000000000050000000000
11204603000200200104082319520000090000010000001099000000109900000000000000000000000000109900000000000000
122046030003002001040823195203030000000000000000000000000000000000000000001099000000000000000000000000000000
07204604000000200104082319590000000000000000100000000000000000
092046040001002001040823195900000000000003200000010000002399000000000000000000000000000000000000000000000000000050000000000
092046040002002001040823195900000000000002050012660000000758000000000000000000000000000000100000000890000000000010000000000
092046040003002001040823195900000000000002150000010000000399000000000000000000000000000000000000000500000000000010000000000
092046040004002001040823195900000000000002150000010000000399000000000000000000000000000000000000000500000000000010000000000
092046040005002001040823195900000000000002070013980000000698000000000000000000000000000000100000001990000000000010000000000
092046040006002001040823195900000000000005570000010000000499I 0300000000000000000000000000000000002990000000000080000000000
092046040007002001040823195900000000000005570000010000000499I 0300000000000000000000000000000000002990000000000080000000000
11204604000800200104082319590000090000070000005651000000565100000000000000000000000000570000000000490000
122046040009002001040823195900000000000000000000000000000000000000000000005651000000000000000000000000000000
07204605000000200104082320040000000000000000100000000000000000
092046050001002001040823200400000000000002040004500000000450000000000000000000000000000000100000000500000000000010000000000
11204605000200200104082320040000090000010000000450000000045000000000000000000000000000045000000000000000
122046050003002001040823200403050000000000000000000000000000000000000000000450000000000000000000000000000000
07204606000000200104082320070000000000000000100000000000000000
092046060001002001040823200700000000000002090005000000000600000000000000000000000000000000100000004720000000000010000000000
092046060002002001040823200700000000000001060002980000000149000000000000000000000000000000100000001500000000000020000000000
092046060003002001040823200700000000000001040005860000000292000000000000000000000000000000100000002000000000000020000000000
092046060004002001040823200700000000000001070002080000000416000000000000000000000000000000100000005000000000000020000000000
092046060005002001040823200700000000000005040000010000000699I 0100000000000000000000000000000000000000000000000030000000000
092046060006002001040823200700000000000002220000010000000399000000000000000000000000000000000000001500000000000010000000000
11204606000700200104082320070000090000060000002555000000255500000000000000000000000000255500000000000000
122046060008002001040823200703060000000000000000000000000000000000000000002555000000000000000000000000000000
07204607000000200104082320100000000000000000100000000000000000
092046070001002001040823201000000000000001010008420000000252000000000000000000000000000000100000001400000000000020000000000
092046070002002001040823201000000000000001270008120000000162000000000000000000000000000000100000000250000000000020000000000
092046070003002001040823201000000000000001010006940000000208000000000000000000000000000000100000001400000000000020000000000
092046070004002001040823201000000000000002080005440000000271000000000000000000000000000000100000000500000000000010000000000
092046070005002001040823201000000000000002260005740000000286000000000000000000000000000000100000002000000000000010000000000
092046070006002001040823201000000000000001060005860000000292000000000000000000000000000000100000001500000000000020000000000
092046070007002001040823201000000000000001250011160000000222I 0000000000000000000000000000100000000530000000000020000000000
092046070008002001040823201000000000000001260004940000000197000000000000000000000000000000100000000500000000000020000000000
092046070009002001040823201000000000000001100007420000000296000000000000000000000000000000100000000500000000000020000000000
092046070010002001040823201000000000000002040002780000000278000000000000000000000000000000100000000500000000000010000000000
11204607001100200104082320100000090000100000002464000000246400000000000000000000000000246400000000000000
122046070012002001040823201002010000000000000000000000000000000000090000002464000000000000000000000000000000
102046070013002001040823201001000000000000000900000024640000000000000590000009
07204608000000200104082320120000000000000000100000000000000000
092046080001002001040823201200000000000002040008200000000819000000000000000000000000000000100000000500000000000010000000000
17204608000200200104082320120000000000000999
092046080003002001040823201200000000000002270003280000000328000000000000000000000000000000100000003990000000000010000000000
092046080004002001040823201200000000000002270008620000000861000000000000000000000000000000100000003990000000000010000000000
11204608000500200104082320120000090000030000002008000000200800000000000000000000000000200800000000000000
122046080006002001040823201203030000000000000000000000000000000000000000002008000000000000000000000000000000
07204609000000200104082320130000000000000000100000000000000000
092046090001002001040823201300000000000005570000010000000499I 0300000000000000000000000000000000002990000000000080000000000
11204609000200200104082320130000090000010000000499000000049900000000000000000000000000049900000000000000
122046090003002001040823201300000000000000000000000000000000000000000000000499000000000000000000000000000000
07204610000000200104082320170000000000000000100000000000000000
092046100001002001040823201700000000000002050003400000000204000000000000000000000000000000100000000890000000000010000000000
092046100002002001040823201700000000000001090001060000000074000000000000000000000000000000100000001500000000000020000000000
092046100003002001040823201700000000000001050000720000000029000000000000000000000000000000100000002000000000000020000000000
11204610000400200104082320170000090000030000000307000000030700000000000000000000000000030700000000000000
122046100005002001040823201700000000000000000000000000000000000000000000000307000000000000000000000000000000
07204611000000200104082320180000000000000000100000000000000000
092046110001002001040823201800000000000002050000980000000059000000000000000000000000000000100000000890000000000010000000000
11204611000200200104082320180000090000010000000059000000005900000000000000000000000000005900000000000000
122046110003002001040823201800000000000000000000000000000000000000000000000059000000000000000000000000000000
07204612000000200104082320200000000000000000100000000000000000
092046120001002001040823202000000000000002070011100000000554000000000000000000000000000000100000001990000000000010000000000
11204612000200200104082320200000090000010000000554000000055400000000000000000000000000055400000000000000
122046120003002001040823202000000000000000000000000000000000000000000000000554000000000000000000000000000000
07204613000000200104082320280000000000000000100000000000000000
092046130001002001040823202800000000000005040000010000000699I 0100000000000000000000000000000000000000000000000030000000000
092046130002002001040823202800000000000005320000010000000199I 0100000000000000000000000000000000001490000000000080000000000
092046130003002001040823202800000000000005430000010000000299000000000000000000000000000000000000001990000000000080000000000
11204613000400200104082320280000090000030000001197000000119700000000000000000000000000200000000008030000
122046130005002001040823202800000000000000000000000000000000000000000000001197000000000000000000000000000000
07204614000000200104082320290000000000000000100000000000000000
092046140001002001040823202900000000000002040003720000000372000000000000000000000000000000100000000500000000000010000000000
11204614000200200104082320290000090000010000000372000000037200000000000000000000000000050000000001280000
122046140003002001040823202900000000000000000000000000000000000000000000000372000000000000000000000000000000
062046140004002001040823203400000100000300000000000000000000000000000000000000000000
18204614000500200104082320400200000085000000000000000000000001
07204615000000200104082320470000000000000000100000000000000000
092046150001002001040823204700000000000002090001860000000223000000000000000000000000000000100000004720000000000010000000000
092046150002002001040823204700000000000003190000010000000550000000000000000000000000000000000000002000000000000050000000000
11204615000300200104082320470000090000020000000773000000077300000000000000000000000000077300000000000000
122046150004002001040823204700000000000000000000000000000000000000000000000773000000000000000000000000000000
0420461600000020010408232057000001204476204616000002183195240000021849085604082300001701070000000000000000000000000000000001000000000000000000000000000000000000000000000000000000000000000000000000000000001234567890AB        
