01206381000000200118082307070000010000008000000002202918721.82G5E   1234567890AB        Generica            
02206381000100200118082307070000010000090000000000
07206382000000200118082307140000000000000000100000000000000000
092063820001002001180823071400000000000001070001080000000227000000000000000000000000000000100000005000000000000020000000000
092063820002002001180823071400000000000003250000020000000300000000000000000000000000000000000000000790000000000040000000000
092063820003002001180823071400000000000005020000040000000400I 0000000000000000000000000000000000000100000000000060000000000
11206382000400200118082307140000090000030000000927000000092700000000000000000000000000092700000000000000
122063820005002001180823071400000000000000000000000000000000000000000000000927000000000000000000000000000000
07206383000000200118082307270000000000000000100000000000000000
092063830001002001180823072700000000000002010004560000000182000000000000000000000000000000100000000990000000000010000000000
092063830002002001180823072700000000000002110003860000000154000000000000000000000000000000100000000990000000000010000000000
092063830003002001180823072700000000000002070004020000000241000000000000000000000000000000100000001990000000000010000000000
11206383000400200118082307270000090000030000000577000000057700000000000000000000000000500000000044230000
122063830005002001180823072700000000000000000000000000000000000000000000000577000000000000000000000000000000
07206384000000200118082307500000000000000000100000000000000000
092063840001002001180823075000000000000001020017540000000437000000000000000000000000000000100000001200000000000020000000000
092063840002002001180823075000000000000003250000080000001200000000000000000000000000000000000000000790000000000040000000000
092063840003002001180823075000000000000001070002300000000483000000000000000000000000000000100000005000000000000020000000000
11206384000400200118082307500000090000030000002120000000212000000000000000000000000000212000000000000000
122063840005002001180823075003010000000000000000000000000000000000000000002120000000000000000000000000000000
07206385000000200118082307520000000000000000100000000000000000
092063850001002001180823075200000000000001100003460000000138000000000000000000000000000000100000000500000000000020000000000
092063850002002001180823075200000000000001250007640000000228I 0000000000000000000000000000100000000530000000000020000000000
092063850003002001180823075200000000000001050001420000000042000000000000000000000000000000100000002000000000000020000000000
092063850004002001180823075200000000000001080001300000000091000000000000000000000000000000100000001000000000000020000000000
092063850005002001180823075200000000000001060003680000000184000000000000000000000000000000100000001500000000000020000000000
092063850006002001180823075200000000000001110001580000000079000000000000000000000000000000100000002990000000000020000000000
092063850007002001180823075200000000000001090001480000000074000000000000000000000000000000100000001500000000000020000000000
092063850008002001180823075200000000000002200000010000000699000000000000000000000000000000000000000990000000000010000000000
092063850009002001180823075200000000000003250000010000000150000000000000000000000000000000000000000790000000000040000000000
11206385001000200118082307520000090000090000001685000000168500000000000000000000000000168500000000000000
122063850011002001180823075203060000000000000000000000000000000000000000001685000000000000000000000000000000
07206386000000200118082307540000000000000000100000000000000000
092063860001002001180823075400000000000002010016480000000658000000000000000000000000000000100000000990000000000010000000000
092063860002002001180823075400000000000002480012100000000362000000000000000000000000000000100000001000000000000050000000000
11206386000300200118082307540000090000020000001020000000102000000000000000000000000000200000000009800000
122063860004002001180823075400000000000000000000000000000000000000000000001020000000000000000000000000000000
07206387000000200118082308020000000000000000100000000000000000
092063870001002001180823080200000000000001220005080000000203000000000000000000000000000000100000001500000000000020000000000
11206387000200200118082308020000090000010000000203000000020300000000000000000000000000020300000000000000
122063870003002001180823080200000000000000000000000000000000000000000000000203000000000000000000000000000000
07206388000000200118082308110000000000000000100000000000000000
092063880001002001180823081100000000000003250000020000000300000000000000000000000000000000000000000790000000000040000000000
092063880002002001180823081100000000000001040006940000000312000000000000000000000000000000100000002000000000000020000000000
092063880003002001180823081100000000000001060002420000000121000000000000000000000000000000100000001500000000000020000000000
092063880004002001180823081100000000000001110001900000000095000000000000000000000000000000100000002990000000000020000000000
092063880005002001180823081100000000000001080006420000000449000000000000000000000000000000100000001000000000000020000000000
11206388000600200118082308110000090000050000001277000000127700000000000000000000000000500000000037230000
122063880007002001180823081100000000000000000000000000000000000000000000001277000000000000000000000000000000
14206389000000200118082308150000010000000000
07206390000000200118082308150000000000000000100000000000000000
092063900001002001180823081500000000000005020000120000001200I 0000000000000000000000000000000000000100000000000060000000000
11206390000200200118082308150000090000010000001200000000120000000000000000000000000000500000000038000000
122063900003002001180823081500000000000000000000000000000000000000000000001200000000000000000000000000000000
14206391000000200118082308320000010000002003
07206392000000200118082308330000000000000000100000000000000000
092063920001002001180823083300000000000001070001940000000407000000000000000000000000000000100000005000000000000020000000000
11206392000200200118082308330000090000010000000407000000040700000000000000000000000000040700000000000000
122063920003002001180823083300000000000000000000000000000000000000000000000407000000000000000000000000000000
07206393000000200118082308330000000000000000100000000000000000
092063930001002001180823083300000000000001040010320000000463000000000000000000000000000000100000002000000000000020000000000
092063930002002001180823083300000000000001070004480000000940000000000000000000000000000000100000005000000000000020000000000
11206393000300200118082308330000090000020000001403000000140300000000000000000000000000140300000000000000
122063930004002001180823083302010000000000000000000000000000000000120000001403000000000000000000000000000000
102063930005002001180823083301000000000000001200000014030000000000000039000009
07206394000000200118082308330000000000000000100000000000000000
092063940001002001180823083300000000000005020000060000000600I 0000000000000000000000000000000000000100000000000060000000000
11206394000200200118082308330000090000010000000600000000060000000000000000000000000000060000000000000000
122063940003002001180823083300000000000000000000000000000000000000000000000600000000000000000000000000000000
07206395000000200118082308360000000000000000100000000000000000
092063950001002001180823083600000000000001050006040000000181000000000000000000000000000000100000002000000000000020000000000
092063950002002001180823083600000000000001100011440000000456000000000000000000000000000000100000000500000000000020000000000
092063950003002001180823083600000000000001020014040000000350000000000000000000000000000000100000001200000000000020000000000
092063950004002001180823083600000000000003250000010000000150000000000000000000000000000000000000000790000000000040000000000
11206395000500200118082308360000090000040000001137000000113700000000000000000000000000113700000000000000
122063950006002001180823083600000000000000000000000000000000000000000000001137000000000000000000000000000000
07206396000000200118082308380000000000000000100000000000000000
092063960001002001180823083800000000000003200000010000002299000000000000000000000000000000000000000000000000000050000000000
11206396000200200118082308380000090000010000002299000000229900000000000000000000000000229900000000000000
122063960003002001180823083802010000000000000000000000000000000000010000002299000000000000000000000000000000
102063960004002001180823083801000000000000000100000022990000000000000440000009
07206397000000200118082308420000000000000000100000000000000000
092063970001002001180823084200000000000002290000010000000599000000000000000000000000000000000000002500000000000010000000000
092063970002002001180823084200000000000003200000010000002299000000000000000000000000000000000000000000000000000050000000000
092063970003002001180823084200000000000005020000050000000500I 0000000000000000000000000000000000000100000000000060000000000
11206397000400200118082308420000090000030000003398000000339800000000000000000000000000500000000016020000
122063970005002001180823084200000000000000000000000000000000000000000000003398000000000000000000000000000000
07206398000000200118082308530000000000000000100000000000000000
092063980001002001180823085300000000000003190000010000000500000000000000000000000000000000000000002000000000000050000000000
11206398000200200118082308530000090000010000000500000000050000000000000000000000000000050000000000000000
122063980003002001180823085300000000000000000000000000000000000000000000000500000000000000000000000000000000
07206399000000200118082308570000000000000000100000000000000000
092063990001002001180823085700000000000002040000480000000034000000000000000000000000000000100000000500000000000010000000000
11206399000200200118082308570000090000010000000034000000003400000000000000000000000000003400000000000000
122063990003002001180823085700000000000000000000000000000000000000000000000034000000000000000000000000000000
07206400000000200118082309040000000000000000100000000000000000
092064000001002001180823090400000000000001070001100000000231000000000000000000000000000000100000005000000000000020000000000
092064000002002001180823090400000000000001080001400000000098000000000000000000000000000000100000001000000000000020000000000
092064000003002001180823090400000000000001250002960000000089I 0000000000000000000000000000100000000530000000000020000000000
092064000004002001180823090400000000000001060001140000000057000000000000000000000000000000100000001500000000000020000000000
092064000005002001180823090400000000000001160004500000000135000000000000000000000000000000100000000670000000000020000000000
092064000006002001180823090400000000000001050002740000000082000000000000000000000000000000100000002000000000000020000000000
11206400000700200118082309040000090000060000000692000000069200000000000000000000000000069200000000000000
122064000008002001180823090400000000000000000000000000000000000000000000000692000000000000000000000000000000
07206401000000200118082309040000000000000000100000000000000000
092064010001002001180823090400000000000002070006580000000394000000000000000000000000000000100000001990000000000010000000000
11206401000200200118082309040000090000010000000394000000039400000000000000000000000000039400000000000000
122064010003002001180823090400000000000000000000000000000000000000000000000394000000000000000000000000000000
07206402000000200118082309060000000000000000100000000000000000
092064020001002001180823090600000000000002140013360000000667000000000000000000000000000000100000001990000000000010000000000
11206402000200200118082309060000090000010000000667000000066700000000000000000000000000100000000003330000
122064020003002001180823090600000000000000000000000000000000000000000000000667000000000000000000000000000000
07206403000000200118082309070000000000000000100000000000000000
092064030001002001180823090700000000000001130007860000000392000000000000000000000000000000100000001500000000000020000000000
11206403000200200118082309070000090000010000000392000000039200000000000000000000000000039200000000000000
122064030003002001180823090700000000000000000000000000000000000000000000000392000000000000000000000000000000
07206404000000200118082309080000000000000000100000000000000000
092064040001002001180823090800000000000002140013040000000651000000000000000000000000000000100000001990000000000010000000000
11206404000200200118082309080000090000010000000651000000065100000000000000000000000000065100000000000000
122064040003002001180823090800000000000000000000000000000000000000000000000651000000000000000000000000000000
07206405000000200118082309150000000000000000100000000000000000
092064050001002001180823091500000000000001050009920000000297000000000000000000000000000000100000002000000000000020000000000
11206405000200200118082309150000090000010000000297000000029700000000000000000000000000029700000000000000
122064050003002001180823091500000000000000000000000000000000000000000000000297000000000000000000000000000000
07206406000000200118082309230000000000000000100000000000000000
092064060001002001180823092300000000000003250000030000000450000000000000000000000000000000000000000790000000000040000000000
092064060002002001180823092300000000000003200000010000002299000000000000000000000000000000000000000000000000000050000000000
092064060003002001180823092300000000000001020016340000000407000000000000000000000000000000100000001200000000000020000000000
092064060004002001180823092300000000000001140003780000000189000000000000000000000000000000100000000500000000000020000000000
092064060005002001180823092300000000000001120004280000000256000000000000000000000000000000100000001000000000000020000000000
092064060006002001180823092300000000000001050005060000000151000000000000000000000000000000100000002000000000000020000000000
092064060007002001180823092300000000000001080008320000000582000000000000000000000000000000100000001000000000000020000000000
11206406000800200118082309230000090000070000004334000000433400000000000000000000000000433400000000000000
122064060009002001180823092303010000000000000000000000000000000000000000004334000000000000000000000000000000
07206407000000200118082309310000000000000000100000000000000000
092064070001002001180823093100000000000001250006400000000191I 0000000000000000000000000000100000000530000000000020000000000
092064070002002001180823093100000000000005020000040000000400I 0000000000000000000000000000000000000100000000000060000000000
092064070003002001180823093100000000000001250007900000000236I 0000000000000000000000000000100000000530000000000020000000000
11206407000400200118082309310000090000030000000827000000082700000000000000000000000000082700000000000000
122064070005002001180823093103010000000000000000000000000000000000000000000827000000000000000000000000000000
07206408000000200118082309330000000000000000100000000000000000
092064080001002001180823093300000000000001080003840000000268000000000000000000000000000000100000001000000000000020000000000
11206408000200200118082309330000090000010000000268000000026800000000000000000000000000026800000000000000
122064080003002001180823093303010000000000000000000000000000000000000000000268000000000000000000000000000000
07206409000000200118082309340000000000000000100000000000000000
092064090001002001180823093400000000000001010006540000000228000000000000000000000000000000100000001400000000000020000000000
11206409000200200118082309340000090000010000000228000000022800000000000000000000000000022800000000000000
122064090003002001180823093400000000000000000000000000000000000000000000000228000000000000000000000000000000
07206410000000200118082309340000000000000000100000000000000000
092064100001002001180823093400000000000001020006260000000156000000000000000000000000000000100000001200000000000020000000000
11206410000200200118082309340000090000010000000156000000015600000000000000000000000000015600000000000000
122064100003002001180823093400000000000000000000000000000000000000000000000156000000000000000000000000000000
07206411000000200118082309360000000000000000100000000000000000
092064110001002001180823093600000000000005020000010000000100I 0000000000000000000000000000000000000100000000000060000000000
092064110002002001180823093600000000000002480015580000000466000000000000000000000000000000100000001000000000000050000000000
11206411000300200118082309360000090000020000000566000000056600000000000000000000000000100000000004340000
122064110004002001180823093600000000000000000000000000000000000000000000000566000000000000000000000000000000
07206412000000200118082309380000000000000000100000000000000000
092064120001002001180823093800000000000002110007460000000298000000000000000000000000000000100000000990000000000010000000000
092064120002002001180823093800000000000001140002500000000125000000000000000000000000000000100000000500000000000020000000000
11206412000300200118082309380000090000020000000423000000042300000000000000000000000000200000000015770000
122064120004002001180823093800000000000000000000000000000000000000000000000423000000000000000000000000000000
07206413000000200118082309400000000000000000100000000000000000
092064130001002001180823094000000000000003250000010000000150000000000000000000000000000000000000000790000000000040000000000
092064130002002001180823094000000000000001100003920000000156000000000000000000000000000000100000000500000000000020000000000
092064130003002001180823094000000000000002010002400000000096000000000000000000000000000000100000000990000000000010000000000
092064130004002001180823094000000000000001060002580000000129000000000000000000000000000000100000001500000000000020000000000
092064130005002001180823094000000000000001010011480000000401000000000000000000000000000000100000001400000000000020000000000
092064130006002001180823094000000000000001050002860000000086000000000000000000000000000000100000002000000000000020000000000
092064130007002001180823094000000000000001080005540000000387000000000000000000000000000000100000001000000000000020000000000
092064130008002001180823094000000000000005020000010000000100I 0000000000000000000000000000000000000100000000000060000000000
11206413000900200118082309400000090000080000001505000000150500000000000000000000000000150500000000000000
122064130010002001180823094000000000000000000000000000000000000000000000001505000000000000000000000000000000
07206414000000200118082309410000000000000000100000000000000000
092064140001002001180823094100000000000003250000010000000150000000000000000000000000000000000000000790000000000040000000000
11206414000200200118082309410000090000010000000150000000015000000000000000000000000000015000000000000000
122064140003002001180823094100000000000000000000000000000000000000000000000150000000000000000000000000000000
07206415000000200118082309500000000000000000100000000000000000
092064150001002001180823095000000000000001100009000000000359000000000000000000000000000000100000000500000000000020000000000
092064150002002001180823095000000000000003250000030000000450000000000000000000000000000000000000000790000000000040000000000
092064150003002001180823095000000000000002050033420000002670000000000000000000000000000000100000000890000000000010000000000
092064150004002001180823095000000000000002070007360000000441000000000000000000000000000000100000001990000000000010000000000
092064150005002001180823095000000000000002150000010000000399000000000000000000000000000000000000000500000000000010000000000
092064150006002001180823095000000000000002150000010000000399000000000000000000000000000000000000000500000000000010000000000
092064150007002001180823095000000000000002190000010000000499000000000000000000000000000000000000002250000000000010000000000
11206415000800200118082309500000090000070000005217000000521700000000000000000000000001000000000047830000
122064150009002001180823095000000000000000000000000000000000000000000000005217000000000000000000000000000000
07206416000000200118082309580000000000000000100000000000000000
092064160001002001180823095800000000000002040004580000000320000000000000000000000000000000100000000500000000000010000000000
092064160002002001180823095800000000000001070000960000000202000000000000000000000000000000100000005000000000000020000000000
092064160003002001180823095800000000000005020000020000000200I 0000000000000000000000000000000000000100000000000060000000000
11206416000400200118082309580000090000030000000722000000072200000000000000000000000000072200000000000000
122064160005002001180823095803010000000000000000000000000000000000000000000722000000000000000000000000000000
07206417000000200118082310010000000000000000100000000000000000
092064170001002001180823100100000000000002040001880000000131000000000000000000000000000000100000000500000000000010000000000
11206417000200200118082310010000090000010000000131000000013100000000000000000000000000013100000000000000
122064170003002001180823100100000000000000000000000000000000000000000000000131000000000000000000000000000000
07206418000000200118082310020000000000000000100000000000000000
092064180001002001180823100200000000000002030005140000000385000000000000000000000000000000100000002990000000000010000000000
092064180002002001180823100200000000000001020009580000000239000000000000000000000000000000100000001200000000000020000000000
092064180003002001180823100200000000000001090000960000000048000000000000000000000000000000100000001500000000000020000000000
092064180004002001180823100200000000000001050004220000000126000000000000000000000000000000100000002000000000000020000000000
11206418000500200118082310020000090000040000000798000000079800000000000000000000000000200000000012020000
122064180006002001180823100200000000000000000000000000000000000000000000000798000000000000000000000000000000
07206419000000200118082310080000000000000000100000000000000000
092064190001002001180823100800000000000002080018300000001279000000000000000000000000000000100000000500000000000010000000000
11206419000200200118082310080000090000010000001279000000127900000000000000000000000000127900000000000000
122064190003002001180823100800000000000000000000000000000000000000000000001279000000000000000000000000000000
07206420000000200118082310140000000000000000100000000000000000
092064200001002001180823101400000000000002190000010000000499000000000000000000000000000000000000002250000000000010000000000
092064200002002001180823101400000000000001160002780000000083000000000000000000000000000000100000000670000000000020000000000
092064200003002001180823101400000000000001220004100000000164000000000000000000000000000000100000001500000000000020000000000
092064200004002001180823101400000000000001070000560000000118000000000000000000000000000000100000005000000000000020000000000
092064200005002001180823101400000000000001060003360000000168000000000000000000000000000000100000001500000000000020000000000
092064200006002001180823101400000000000001130006780000000338000000000000000000000000000000100000001500000000000020000000000
092064200007002001180823101400000000000001040003520000000158000000000000000000000000000000100000002000000000000020000000000
092064200008002001180823101400000000000002050007040000000562000000000000000000000000000000100000000890000000000010000000000
092064200009002001180823101400000000000002030003680000000276000000000000000000000000000000100000002990000000000010000000000
092064200010002001180823101400000000000001080002900000000203000000000000000000000000000000100000001000000000000020000000000
11206420001100200118082310140000090000100000002569000000256900000000000000000000000000256900000000000000
122064200012002001180823101403050000000000000000000000000000000000000000002569000000000000000000000000000000
07206421000000200118082310150000000000000000100000000000000000
092064210001002001180823101500000000000002130014080000000491000000000000000000000000000000100000001400000000000010000000000
092064210002002001180823101500000000000002110007120000000284000000000000000000000000000000100000000990000000000010000000000
092064210003002001180823101500000000000001070001480000000311000000000000000000000000000000100000005000000000000020000000000
11206421000400200118082310150000090000030000001086000000108600000000000000000000000000200000000009140000
122064210005002001180823101500000000000000000000000000000000000000000000001086000000000000000000000000000000
07206422000000200118082310190000000000000000100000000000000000
092064220001002001180823101900000000000002230002180000000327000000000000000000000000000000100000004980000000000010000000000
092064220002002001180823101900000000000002110003840000000153000000000000000000000000000000100000000990000000000010000000000
092064220003002001180823101900000000000001140000840000000042000000000000000000000000000000100000000500000000000020000000000
092064220004002001180823101900000000000001120003140000000188000000000000000000000000000000100000001000000000000020000000000
092064220005002001180823101900000000000002070003140000000188000000000000000000000000000000100000001990000000000010000000000
092064220006002001180823101900000000000001220003440000000137000000000000000000000000000000100000001500000000000020000000000
092064220007002001180823101900000000000001100003040000000121000000000000000000000000000000100000000500000000000020000000000
11206422000800200118082310190000090000070000001156000000115600000000000000000000000000115600000000000000
122064220009002001180823101900000000000000000000000000000000000000000000001156000000000000000000000000000000
14206423000000200118082310280000010000002238
07206424000000200118082310290000000000000000100000000000000000
092064240001002001180823102900000000000002080003020000000211000000000000000000000000000000100000000500000000000010000000000
092064240002002001180823102900000000000002070003500000000210000000000000000000000000000000100000001990000000000010000000000
11206424000300200118082310290000090000020000000421000000042100000000000000000000000000042100000000000000
122064240004002001180823102900000000000000000000000000000000000000000000000421000000000000000000000000000000
07206425000000200118082310310000000000000000100000000000000000
092064250001002001180823103100000000000001010010640000000371000000000000000000000000000000100000001400000000000020000000000
092064250002002001180823103100000000000005020000050000000500I 0000000000000000000000000000000000000100000000000060000000000
092064250003002001180823103100000000000002040000900000000063000000000000000000000000000000100000000500000000000010000000000
092064250004002001180823103100000000000002190000010000000499000000000000000000000000000000000000002250000000000010000000000
11206425000500200118082310310000090000040000001433000000143300000000000000000000000000143300000000000000
122064250006002001180823103100000000000000000000000000000000000000000000001433000000000000000000000000000000
14206426000000200118082310360000010000000000
07206427000000200118082310360000000000000000100000000000000000
092064270001002001180823103600000000000002190000010000000499000000000000000000000000000000000000002250000000000010000000000
11206427000200200118082310360000090000010000000499000000049900000000000000000000000000049900000000000000
122064270003002001180823103603010000000000000000000000000000000000000000000499000000000000000000000000000000
07206428000000200118082310430000000000000000100000000000000000
092064280001002001180823104300000000000001010015960000000557000000000000000000000000000000100000001400000000000020000000000
092064280002002001180823104300000000000002070009120000000546000000000000000000000000000000100000001990000000000010000000000
092064280003002001180823104300000000000001040001560000000070000000000000000000000000000000100000002000000000000020000000000
092064280004002001180823104300000000000001070002080000000437000000000000000000000000000000100000005000000000000020000000000
092064280005002001180823104300000000000001080001800000000126000000000000000000000000000000100000001000000000000020000000000
11206428000600200118082310430000090000050000001736000000173600000000000000000000000000173600000000000000
122064280007002001180823104300000000000000000000000000000000000000000000001736000000000000000000000000000000
07206429000000200118082310450000000000000000100000000000000000
092064290001002001180823104500000000000001060002140000000107000000000000000000000000000000100000001500000000000020000000000
092064290002002001180823104500000000000001080003200000000224000000000000000000000000000000100000001000000000000020000000000
092064290003002001180823104500000000000001070003140000000659000000000000000000000000000000100000005000000000000020000000000
092064290004002001180823104500000000000001100007200000000287000000000000000000000000000000100000000500000000000020000000000
11206429000500200118082310450000090000040000001277000000127700000000000000000000000000127700000000000000
122064290006002001180823104503060000000000000000000000000000000000000000001277000000000000000000000000000000
18206429000700200118082310450200000012000000000000000000000001
07206430000000200118082310500000000000000000100000000000000000
092064300001002001180823105000000000000005480000010000000250I 0300000000000000000000000000000000000000000000000030000000000
11206430000200200118082310500000090000010000000250000000025000000000000000000000000000025000000000000000
122064300003002001180823105000000000000000000000000000000000000000000000000250000000000000000000000000000000
07206431000000200118082311010000000000000000100000000000000000
092064310001002001180823110100000000000001010007080000000247000000000000000000000000000000100000001400000000000020000000000
11206431000200200118082311010000090000010000000247000000024700000000000000000000000000024700000000000000
122064310003002001180823110103060000000000000000000000000000000000000000000247000000000000000000000000000000
07206432000000200118082311050000000000000000100000000000000000
092064320001002001180823110500000000000005020000010000000100I 0000000000000000000000000000000000000100000000000060000000000
11206432000200200118082311050000090000010000000100000000010000000000000000000000000000010000000000000000
122064320003002001180823110500000000000000000000000000000000000000000000000100000000000000000000000000000000
07206433000000200118082311080000000000000000100000000000000000
17206433000100200118082311080000000000000482
092064330002002001180823110800000000000002190000010000000499000000000000000000000000000000000000002250000000000010000000000
092064330003002001180823110800000000000003250000010000000150000000000000000000000000000000000000000790000000000040000000000
092064330004002001180823110800000000000002130009320000000325000000000000000000000000000000100000001400000000000010000000000
092064330005002001180823110800000000000002040001540000000108000000000000000000000000000000100000000500000000000010000000000
092064330006002001180823110800000000000002070005220000000313000000000000000000000000000000100000001990000000000010000000000
092064330007002001180823110800000000000001080008240000000576000000000000000000000000000000100000001000000000000020000000000
11206433000800200118082311080000090000060000001971000000197100000000000000000000000000197100000000000000
122064330009002001180823110800000000000000000000000000000000000000000000001971000000000000000000000000000000
07206434000000200118082311100000000000000000100000000000000000
092064340001002001180823111000000000000002080010400000000727000000000000000000000000000000100000000500000000000010000000000
092064340002002001180823111000000000000002070006020000000361000000000000000000000000000000100000001990000000000010000000000
092064340003002001180823111000000000000001180002440000000122000000000000000000000000000000100000001000000000000020000000000
092064340004002001180823111000000000000001070002060000000432000000000000000000000000000000100000005000000000000020000000000
11206434000500200118082311100000090000040000001642000000164200000000000000000000000000164200000000000000
122064340006002001180823111000000000000000000000000000000000000000000000001642000000000000000000000000000000
07206435000000200118082311120000000000000000100000000000000000
092064350001002001180823111200000000000002070013240000000793000000000000000000000000000000100000001990000000000010000000000
092064350002002001180823111200000000000002170000010000000999000000000000000000000000000000000000006500000000000010000000000
092064350003002001180823111200000000000002480006700000000200000000000000000000000000000000100000001000000000000050000000000
11206435000400200118082311120000090000030000001992000000199200000000000000000000000000199200000000000000
122064350005002001180823111203010000000000000000000000000000000000000000001992000000000000000000000000000000
07206436000000200118082311130000000000000000100000000000000000
092064360001002001180823111300000000000001120006520000000391000000000000000000000000000000100000001000000000000020000000000
092064360002002001180823111300000000000002010006660000000266000000000000000000000000000000100000000990000000000010000000000
092064360003002001180823111300000000000002070005660000000339000000000000000000000000000000100000001990000000000010000000000
092064360004002001180823111300000000000001080002720000000190000000000000000000000000000000100000001000000000000020000000000
11206436000500200118082311130000090000040000001186000000118600000000000000000000000000118600000000000000
122064360006002001180823111302010000000000000000000000000000000000220000001186000000000000000000000000000000
102064360007002001180823111301000000000000002200000011860000000000001560000009
07206437000000200118082311260000000000000000100000000000000000
092064370001002001180823112600000000000001060002040000000102000000000000000000000000000000100000001500000000000020000000000
092064370002002001180823112600000000000001140004720000000236000000000000000000000000000000100000000500000000000020000000000
092064370003002001180823112600000000000002070003440000000206000000000000000000000000000000100000001990000000000010000000000
11206437000400200118082311260000090000030000000544000000054400000000000000000000000000054400000000000000
122064370005002001180823112600000000000000000000000000000000000000000000000544000000000000000000000000000000
07206438000000200118082311260000000000000000100000000000000000
092064380001002001180823112600000000000002290000010000000599000000000000000000000000000000000000002500000000000010000000000
092064380002002001180823112600000000000001220005300000000211000000000000000000000000000000100000001500000000000020000000000
11206438000300200118082311260000090000020000000810000000081000000000000000000000000000081000000000000000
122064380004002001180823112600000000000000000000000000000000000000000000000810000000000000000000000000000000
07206439000000200118082311290000000000000000100000000000000000
092064390001002001180823112900000000000003250000010000000150000000000000000000000000000000000000000790000000000040000000000
11206439000200200118082311290000090000010000000150000000015000000000000000000000000000015000000000000000
122064390003002001180823112900000000000000000000000000000000000000000000000150000000000000000000000000000000
07206440000000200118082311400000000000000000100000000000000000
092064400001002001180823114000000000000001100005400000000215000000000000000000000000000000100000000500000000000020000000000
092064400002002001180823114000000000000001010008160000000285000000000000000000000000000000100000001400000000000020000000000
092064400003002001180823114000000000000002090004280000000513000000000000000000000000000000100000004720000000000010000000000
092064400004002001180823114000000000000005020000010000000100I 0000000000000000000000000000000000000100000000000060000000000
092064400005002001180823114000000000000001090002920000000146000000000000000000000000000000100000001500000000000020000000000
092064400006002001180823114000000000000001050005460000000163000000000000000000000000000000100000002000000000000020000000000
092064400007002001180823114000000000000002010007800000000311000000000000000000000000000000100000000990000000000010000000000
092064400008002001180823114000000000000002110003840000000153000000000000000000000000000000100000000990000000000010000000000
092064400009002001180823114000000000000003250000020000000300000000000000000000000000000000000000000790000000000040000000000
11206440001000200118082311400000090000090000002186000000218600000000000000000000000000500000000028140000
122064400011002001180823114000000000000000000000000000000000000000000000002186000000000000000000000000000000
07206441000000200118082311440000000000000000100000000000000000
092064410001002001180823114400000000000001080018420000001288000000000000000000000000000000100000001000000000000020000000000
092064410002002001180823114400000000000003250000060000000900000000000000000000000000000000000000000790000000000040000000000
11206441000300200118082311440000090000020000002188000000218800000000000000000000000000500000000028120000
122064410004002001180823114400000000000000000000000000000000000000000000002188000000000000000000000000000000
07206442000000200118082311470000000000000000100000000000000000
092064420001002001180823114700000000000003200000010000002299000000000000000000000000000000000000000000000000000050000000000
092064420002002001180823114700000000000002130019400000000677000000000000000000000000000000100000001400000000000010000000000
11206442000300200118082311470000090000020000002976000000297600000000000000000000000000297600000000000000
122064420004002001180823114703050000000000000000000000000000000000000000002976000000000000000000000000000000
07206443000000200118082311480000000000000000100000000000000000
092064430001002001180823114800000000000005020000040000000400I 0000000000000000000000000000000000000100000000000060000000000
11206443000200200118082311480000090000010000000400000000040000000000000000000000000000040000000000000000
122064430003002001180823114800000000000000000000000000000000000000000000000400000000000000000000000000000000
07206444000000200118082311550000000000000000100000000000000000
092064440001002001180823115500000000000002070007200000000431000000000000000000000000000000100000001990000000000010000000000
092064440002002001180823115500000000000001140000920000000046000000000000000000000000000000100000000500000000000020000000000
092064440003002001180823115500000000000001220007540000000301000000000000000000000000000000100000001500000000000020000000000
092064440004002001180823115500000000000003250000010000000150000000000000000000000000000000000000000790000000000040000000000
092064440005002001180823115500000000000002040002400000000168000000000000000000000000000000100000000500000000000010000000000
092064440006002001180823115500000000000001100003060000000122000000000000000000000000000000100000000500000000000020000000000
11206444000700200118082311550000090000060000001218000000121800000000000000000000000000121800000000000000
122064440008002001180823115503010000000000000000000000000000000000000000001218000000000000000000000000000000
07206445000000200118082311560000000000000000100000000000000000
092064450001002001180823115600000000000002140007100000000354000000000000000000000000000000100000001990000000000010000000000
11206445000200200118082311560000090000010000000354000000035400000000000000000000000000035400000000000000
122064450003002001180823115600000000000000000000000000000000000000000000000354000000000000000000000000000000
07206446000000200118082312050000000000000000100000000000000000
092064460001002001180823120500000000000003250000010000000150000000000000000000000000000000000000000790000000000040000000000
092064460002002001180823120500000000000001070001060000000222000000000000000000000000000000100000005000000000000020000000000
11206446000300200118082312050000090000020000000372000000037200000000000000000000000000037200000000000000
122064460004002001180823120503010000000000000000000000000000000000000000000372000000000000000000000000000000
18206446000500200118082312060100000020000000000000000000000001
07206447000000200118082312090000000000000000100000000000000000
092064470001002001180823120900000000000020700011640000000232000000000000000000000000000000100000000500000000000010000000000
092064470002002001180823120900000000000003250000010000000150000000000000000000000000000000000000000790000000000040000000000
11206447000300200118082312090000090000020000000382000000038200000000000000000000000000038200000000000000
122064470004002001180823120900000000000000000000000000000000000000000000000382000000000000000000000000000000
07206448000000200118082312100000000000000000100000000000000000
092064480001002001180823121000000000000001090002240000000112000000000000000000000000000000100000001500000000000020000000000
092064480002002001180823121000000000000001080003740000000261000000000000000000000000000000100000001000000000000020000000000
11206448000300200118082312100000090000020000000373000000037300000000000000000000000000037300000000000000
122064480004002001180823121003010000000000000000000000000000000000000000000373000000000000000000000000000000
07206449000000200118082312130000000000000000100000000000000000
092064490001002001180823121300000000000001170004020000000160000000000000000000000000000000100000002490000000000020000000000
11206449000200200118082312130000090000010000000160000000016000000000000000000000000000016000000000000000
122064490003002001180823121300000000000000000000000000000000000000000000000160000000000000000000000000000000
07206450000000200118082312150000000000000000100000000000000000
092064500001002001180823121500000000000001080003040000000212000000000000000000000000000000100000001000000000000020000000000
11206450000200200118082312150000090000010000000212000000021200000000000000000000000000021200000000000000
122064500003002001180823121503010000000000000000000000000000000000000000000212000000000000000000000000000000
07206451000000200118082312150000000000000000100000000000000000
092064510001002001180823121500000000000005020000040000000400I 0000000000000000000000000000000000000100000000000060000000000
11206451000200200118082312150000090000010000000400000000040000000000000000000000000000040000000000000000
122064510003002001180823121503010000000000000000000000000000000000000000000400000000000000000000000000000000
07206452000000200118082312230000000000000000100000000000000000
092064520001002001180823122300000000000005020000030000000300I 0000000000000000000000000000000000000100000000000060000000000
11206452000200200118082312230000090000010000000300000000030000000000000000000000000000030000000000000000
122064520003002001180823122302010000000000000000000000000000000000050000000300000000000000000000000000000000
102064520004002001180823122301000000000000000500000003000000000000000384000009
07206453000000200118082312300000000000000000100000000000000000
092064530001002001180823123000000000000001060000580000000029000000000000000000000000000000100000001500000000000020000000000
092064530002002001180823123000000000000002010001060000000042000000000000000000000000000000100000000990000000000010000000000
092064530003002001180823123000000000000001140000620000000031000000000000000000000000000000100000000500000000000020000000000
11206453000400200118082312300000090000030000000102000000010200000000000000000000000000010200000000000000
122064530005002001180823123000000000000000000000000000000000000000000000000102000000000000000000000000000000
07206454000000200118082312310000000000000000100000000000000000
092064540001002001180823123100000000000001080002000000000140000000000000000000000000000000100000001000000000000020000000000
11206454000200200118082312310000090000010000000140000000014000000000000000000000000000014000000000000000
122064540003002001180823123100000000000000000000000000000000000000000000000140000000000000000000000000000000
07206455000000200118082312400000000000000000100000000000000000
092064550001002001180823124000000000000001020008100000000202000000000000000000000000000000100000001200000000000020000000000
092064550002002001180823124000000000000001080002420000000169000000000000000000000000000000100000001000000000000020000000000
092064550003002001180823124000000000000001050000460000000014000000000000000000000000000000100000002000000000000020000000000
11206455000400200118082312400000090000030000000385000000038500000000000000000000000000038500000000000000
122064550005002001180823124000000000000000000000000000000000000000000000000385000000000000000000000000000000
07206456000000200118082312450000000000000000100000000000000000
092064560001002001180823124500000000000001010022960000000801000000000000000000000000000000100000001400000000000020000000000
11206456000200200118082312450000090000010000000801000000080100000000000000000000000000080100000000000000
122064560003002001180823124500000000000000000000000000000000000000000000000801000000000000000000000000000000
14206457000000200118082312490000010000000000
07206458000000200118082312530000000000000000100000000000000000
092064580001002001180823125300000000000001040004680000000210000000000000000000000000000000100000002000000000000020000000000
092064580002002001180823125300000000000001090002120000000106000000000000000000000000000000100000001500000000000020000000000
092064580003002001180823125300000000000001080002940000000206000000000000000000000000000000100000001000000000000020000000000
11206458000400200118082312530000090000030000000522000000052200000000000000000000000000052200000000000000
122064580005002001180823125303010000000000000000000000000000000000000000000522000000000000000000000000000000
14206459000000200118082312570000010000000000
07206460000000200118082313100000000000000000100000000000000000
092064600001002001180823131000000000000002080000960000000067000000000000000000000000000000100000000500000000000010000000000
092064600002002001180823131000000000000002070001720000000103000000000000000000000000000000100000001990000000000010000000000
11206460000300200118082313100000090000020000000170000000017000000000000000000000000000017000000000000000
122064600004002001180823131000000000000000000000000000000000000000000000000170000000000000000000000000000000
07206461000000200118082313120000000000000000100000000000000000
092064610001002001180823131200000000000001070001600000000336000000000000000000000000000000100000005000000000000020000000000
11206461000200200118082313120000090000010000000336000000033600000000000000000000000000033600000000000000
122064610003002001180823131203010000000000000000000000000000000000000000000336000000000000000000000000000000
07206462000000200118082313140000000000000000100000000000000000
092064620001002001180823131400000000000005480000010000000250I 0300000000000000000000000000000000000000000000000030000000000
11206462000200200118082313140000090000010000000250000000025000000000000000000000000000025000000000000000
122064620003002001180823131400000000000000000000000000000000000000000000000250000000000000000000000000000000
07206463000000200118082313200000000000000000100000000000000000
092064630001002001180823132000000000000002220000010000000399000000000000000000000000000000000000001500000000000010000000000
092064630002002001180823132000000000000002220000010000000399000000000000000000000000000000000000001500000000000010000000000
11206463000300200118082313200000090000020000000798000000079800000000000000000000000000079800000000000000
122064630004002001180823132000000000000000000000000000000000000000000000000798000000000000000000000000000000
07206464000000200118082313230000000000000000100000000000000000
092064640001002001180823132300000000000001050003880000000116000000000000000000000000000000100000002000000000000020000000000
092064640002002001180823132300000000000003250000010000000150000000000000000000000000000000000000000790000000000040000000000
092064640003002001180823132300000000000001080002060000000144000000000000000000000000000000100000001000000000000020000000000
11206464000400200118082313230000090000030000000410000000041000000000000000000000000000041000000000000000
122064640005002001180823132300000000000000000000000000000000000000000000000410000000000000000000000000000000
062064640006002001180823134600000100000450000000000000000000000000000000000000000000
07206465000000200118082313540000000000000000100000000000000000
092064650001002001180823135400000000000003250000010000000150000000000000000000000000000000000000000790000000000040000000000
092064650002002001180823135400000000000002070013200000000791000000000000000000000000000000100000001990000000000010000000000
11206465000300200118082313540000090000020000000941000000094100000000000000000000000000094100000000000000
122064650004002001180823135402010000000000000000000000000000000000010000000941000000000000000000000000000000
102064650005002001180823135401000000000000000100000009410000000000000441000009
07206466000000200118082313560000000000000000100000000000000000
092064660001002001180823135600000000000002130010520000000367000000000000000000000000000000100000001400000000000010000000000
11206466000200200118082313560000090000010000000367000000036700000000000000000000000000036700000000000000
122064660003002001180823135600000000000000000000000000000000000000000000000367000000000000000000000000000000
14206467000000200118082314000000010000000000
07206468000000200118082314020000000000000000100000000000000000
092064680001002001180823140200000000000002130019660000000686000000000000000000000000000000100000001400000000000010000000000
11206468000200200118082314020000090000010000000686000000068600000000000000000000000000068600000000000000
122064680003002001180823140200000000000000000000000000000000000000000000000686000000000000000000000000000000
07206469000000200118082314040000000000000000100000000000000000
092064690001002001180823140400000000000001130019700000000983000000000000000000000000000000100000001500000000000020000000000
11206469000200200118082314040000090000010000000983000000098300000000000000000000000000098300000000000000
122064690003002001180823140403030000000000000000000000000000000000000000000983000000000000000000000000000000
07206470000000200118082314170000000000000000100000000000000000
092064700001002001180823141700000000000002070004120000000247000000000000000000000000000000100000001990000000000010000000000
092064700002002001180823141700000000000002090003260000000391000000000000000000000000000000100000004720000000000010000000000
092064700003002001180823141700000000000002280003580000000214000000000000000000000000000000100000001000000000000010000000000
11206470000400200118082314170000090000030000000852000000085200000000000000000000000000085200000000000000
122064700005002001180823141703050000000000000000000000000000000000000000000852000000000000000000000000000000
07206471000000200118082314230000000000000000100000000000000000
092064710001002001180823142300000000000020700018980000000378000000000000000000000000000000100000000500000000000010000000000
11206471000200200118082314230000090000010000000378000000037800000000000000000000000000037800000000000000
122064710003002001180823142303050000000000000000000000000000000000000000000378000000000000000000000000000000
07206472000000200118082314260000000000000000100000000000000000
092064720001002001180823142600000000000005080000010000002399I 0100000000000000000000000000000000015000000000000070000000000
11206472000200200118082314260000090000010000002399000000239900000000000000000000000000239900000000000000
122064720003002001180823142603030000000000000000000000000000000000000000002399000000000000000000000000000000
07206473000000200118082314270000000000000000100000000000000000
092064730001002001180823142700000000000002070011460000000686000000000000000000000000000000100000001990000000000010000000000
11206473000200200118082314270000090000010000000686000000068600000000000000000000000000080000000001140000
122064730003002001180823142700000000000000000000000000000000000000000000000686000000000000000000000000000000
07206474000000200118082314420000000000000000100000000000000000
092064740001002001180823144200000000000005040000010000000699I 0100000000000000000000000000000000000000000000000030000000000
11206474000200200118082314420000090000010000000699000000069900000000000000000000000000069900000000000000
122064740003002001180823144200000000000000000000000000000000000000000000000699000000000000000000000000000000
18206474000400200118082314460800000010000000000000000000000001
07206475000000200118082314540000000000000000100000000000000000
092064750001002001180823145400000000000001300000010000000599000000000000000000000000000000000000001000000000000020000000000
092064750002002001180823145400000000000003200000010000002299000000000000000000000000000000000000000000000000000050000000000
092064750003002001180823145400000000000002190000010000000499000000000000000000000000000000000000002250000000000010000000000
11206475000400200118082314540000090000030000003397000000339700000000000000000000000000339700000000000000
122064750005002001180823145402010000000000000000000000000000000000080000003397000000000000000000000000000000
102064750006002001180823145401000000000000000800000033970000000000000457000009
07206476000000200118082315420000000000000000100000000000000000
092064760001002001180823154200000000000001010011460000000400000000000000000000000000000000100000001400000000000020000000000
092064760002002001180823154200000000000001080007660000000535000000000000000000000000000000100000001000000000000020000000000
092064760003002001180823154200000000000001250013380000000400I 0000000000000000000000000000100000000530000000000020000000000
092064760004002001180823154200000000000003250000010000000150000000000000000000000000000000000000000790000000000040000000000
11206476000500200118082315420000090000040000001485000000148500000000000000000000000000148500000000000000
122064760006002001180823154203050000000000000000000000000000000000000000001485000000000000000000000000000000
07206477000000200118082315440000000000000000100000000000000000
092064770001002001180823154400000000000002220000010000000399000000000000000000000000000000000000001500000000000010000000000
11206477000200200118082315440000090000010000000399000000039900000000000000000000000000039900000000000000
122064770003002001180823154403030000000000000000000000000000000000000000000399000000000000000000000000000000
07206478000000200118082315440000000000000000100000000000000000
092064780001002001180823154400000000000003250000010000000150000000000000000000000000000000000000000790000000000040000000000
092064780002002001180823154400000000000003250000010000000150000000000000000000000000000000000000000790000000000040000000000
11206478000300200118082315440000090000020000000300000000030000000000000000000000000000500000000047000000
122064780004002001180823154400000000000000000000000000000000000000000000000300000000000000000000000000000000
07206479000000200118082315590000000000000000100000000000000000
092064790001002001180823155900000000000001070001160000000243000000000000000000000000000000100000005000000000000020000000000
092064790002002001180823155900000000000002040001580000000110000000000000000000000000000000100000000500000000000010000000000
11206479000300200118082315590000090000020000000353000000035300000000000000000000000000035300000000000000
122064790004002001180823155902010000000000000000000000000000000000220000000353000000000000000000000000000000
102064790005002001180823155901000000000000002200000003530000000000001561000009
07206480000000200118082316130000000000000000100000000000000000
092064800001002001180823161300000000000001020020620000000513000000000000000000000000000000100000001200000000000020000000000
092064800002002001180823161300000000000001060006800000000339000000000000000000000000000000100000001500000000000020000000000
092064800003002001180823161300000000000003250000010000000150000000000000000000000000000000000000000790000000000040000000000
092064800004002001180823161300000000000001070001080000000227000000000000000000000000000000100000005000000000000020000000000
11206480000500200118082316130000090000040000001229000000122900000000000000000000000000122900000000000000
122064800006002001180823161303060000000000000000000000000000000000000000001229000000000000000000000000000000
07206481000000200118082316190000000000000000100000000000000000
092064810001002001180823161900000000000005530000010000000200I 0300000000000000000000000000000000001000000000000080000000000
092064810002002001180823161900000000000005530000010000000200I 0300000000000000000000000000000000001000000000000080000000000
11206481000300200118082316190000090000020000000400000000040000000000000000000000000000040000000000000000
122064810004002001180823161903050000000000000000000000000000000000000000000400000000000000000000000000000000
07206482000000200118082316200000000000000000100000000000000000
092064820001002001180823162000000000000002070006380000000382000000000000000000000000000000100000001990000000000010000000000
11206482000200200118082316200000090000010000000382000000038200000000000000000000000000038200000000000000
122064820003002001180823162003050000000000000000000000000000000000000000000382000000000000000000000000000000
07206483000000200118082316210000000000000000100000000000000000
092064830001002001180823162100000000000002070008660000000519000000000000000000000000000000100000001990000000000010000000000
092064830002002001180823162100000000000001070000500000000105000000000000000000000000000000100000005000000000000020000000000
092064830003002001180823162100000000000002040002000000000140000000000000000000000000000000100000000500000000000010000000000
11206483000400200118082316210000090000030000000764000000076400000000000000000000000000500000000042360000
122064830005002001180823162100000000000000000000000000000000000000000000000764000000000000000000000000000000
07206484000000200118082316240000000000000000100000000000000000
092064840001002001180823162400000000000003250000010000000150000000000000000000000000000000000000000790000000000040000000000
092064840002002001180823162400000000000003250000010000000150000000000000000000000000000000000000000790000000000040000000000
092064840003002001180823162400000000000001020011620000000289000000000000000000000000000000100000001200000000000020000000000
11206484000400200118082316240000090000030000000589000000058900000000000000000000000000058900000000000000
122064840005002001180823162400000000000000000000000000000000000000000000000589000000000000000000000000000000
07206485000000200118082316350000000000000000100000000000000000
092064850001002001180823163500000000000002020012000000000719000000000000000000000000000000100000001990000000000010000000000
11206485000200200118082316350000090000010000000719000000071900000000000000000000000000200000000012810000
122064850003002001180823163500000000000000000000000000000000000000000000000719000000000000000000000000000000
07206486000000200118082316390000000000000000100000000000000000
092064860001002001180823163900000000000001130010860000000542000000000000000000000000000000100000001500000000000020000000000
11206486000200200118082316390000090000010000000542000000054200000000000000000000000000054200000000000000
122064860003002001180823163900000000000000000000000000000000000000000000000542000000000000000000000000000000
07206487000000200118082316400000000000000000100000000000000000
092064870001002001180823164000000000000005060000010000001200I 0100000000000000000000000000000000000000000000000030000000000
11206487000200200118082316400000090000010000001200000000120000000000000000000000000000120000000000000000
122064870003002001180823164000000000000000000000000000000000000000000000001200000000000000000000000000000000
07206488000000200118082317070000000000000000100000000000000000
092064880001002001180823170700000000000001060006860000000342000000000000000000000000000000100000001500000000000020000000000
092064880002002001180823170700000000000001020015880000000395000000000000000000000000000000100000001200000000000020000000000
11206488000300200118082317070000090000020000000737000000073700000000000000000000000000100000000002630000
122064880004002001180823170700000000000000000000000000000000000000000000000737000000000000000000000000000000
07206489000000200118082317150000000000000000100000000000000000
092064890001002001180823171500000000000002070005800000000347000000000000000000000000000000100000001990000000000010000000000
11206489000200200118082317150000090000010000000347000000034700000000000000000000000000034700000000000000
122064890003002001180823171503040000000000000000000000000000000000000000000347000000000000000000000000000000
07206490000000200118082317310000000000000000100000000000000000
092064900001002001180823173100000000000001250009480000000283I 0000000000000000000000000000100000000530000000000020000000000
092064900002002001180823173100000000000001010009140000000319000000000000000000000000000000100000001400000000000020000000000
092064900003002001180823173100000000000001060010060000000502000000000000000000000000000000100000001500000000000020000000000
092064900004002001180823173100000000000001040006900000000310000000000000000000000000000000100000002000000000000020000000000
092064900005002001180823173100000000000001090002300000000115000000000000000000000000000000100000001500000000000020000000000
092064900006002001180823173100000000000001080005760000000403000000000000000000000000000000100000001000000000000020000000000
092064900007002001180823173100000000000002070010420000000624000000000000000000000000000000100000001990000000000010000000000
092064900008002001180823173100000000000001100005680000000227000000000000000000000000000000100000000500000000000020000000000
092064900009002001180823173100000000000001060009500000000474000000000000000000000000000000100000001500000000000020000000000
092064900010002001180823173100000000000001040006320000000284000000000000000000000000000000100000002000000000000020000000000
092064900011002001180823173100000000000001080005320000000372000000000000000000000000000000100000001000000000000020000000000
092064900012002001180823173100000000000001070002580000000542000000000000000000000000000000100000005000000000000020000000000
092064900013002001180823173100000000000002250004360000000348000000000000000000000000000000100000002670000000000010000000000
11206490001400200118082317310000090000130000004803000000480300000000000000000000000000480300000000000000
122064900015002001180823173103010000000000000000000000000000000000000000003500000000000000000000000000000000
122064900016002001180823173100000000000000000000000000000000000000000000001303000000000000000000000000000000
07206491000000200118082317390000000000000000100000000000000000
092064910001002001180823173900000000000002190000010000000499000000000000000000000000000000000000002250000000000010000000000
11206491000200200118082317390000090000010000000499000000049900000000000000000000000000049900000000000000
122064910003002001180823173903050000000000000000000000000000000000000000000499000000000000000000000000000000
07206492000000200118082317410000000000000000100000000000000000
092064920001002001180823174100000000000002070012700000000761000000000000000000000000000000100000001990000000000010000000000
11206492000200200118082317410000090000010000000761000000076100000000000000000000000000100000000002390000
122064920003002001180823174100000000000000000000000000000000000000000000000761000000000000000000000000000000
14206493000000200118082318040000010000000000
07206494000000200118082318040000000000000000100000000000000000
092064940001002001180823180400000000000001010004020000000140000000000000000000000000000000100000001400000000000020000000000
11206494000200200118082318040000090000010000000140000000014000000000000000000000000000025000000001100000
122064940003002001180823180400000000000000000000000000000000000000000000000140000000000000000000000000000000
07206495000000200118082318060000000000000000100000000000000000
092064950001002001180823180600000000000002070011580000000694000000000000000000000000000000100000001990000000000010000000000
092064950002002001180823180600000000000002260004620000000277000000000000000000000000000000100000002000000000000010000000000
092064950003002001180823180600000000000002130029040000001013000000000000000000000000000000100000001400000000000010000000000
11206495000400200118082318060000090000030000001984000000198400000000000000000000000000200000000000160000
122064950005002001180823180600000000000000000000000000000000000000000000001984000000000000000000000000000000
07206496000000200118082318160000000000000000100000000000000000
092064960001002001180823181600000000000002090004720000000566000000000000000000000000000000100000004720000000000010000000000
092064960002002001180823181600000000000002070008140000000488000000000000000000000000000000100000001990000000000010000000000
11206496000300200118082318160000090000020000001054000000105400000000000000000000000000105400000000000000
122064960004002001180823181600000000000000000000000000000000000000000000001054000000000000000000000000000000
07206497000000200118082318280000000000000000100000000000000000
092064970001002001180823182800000000000003250000010000000150000000000000000000000000000000000000000790000000000040000000000
092064970002002001180823182800000000000002040003500000000245000000000000000000000000000000100000000500000000000010000000000
11206497000300200118082318280000090000020000000395000000039500000000000000000000000000050000000001050000
122064970004002001180823182800000000000000000000000000000000000000000000000395000000000000000000000000000000
07206498000000200118082318300000000000000000100000000000000000
092064980001002001180823183000000000000001060001820000000091000000000000000000000000000000100000001500000000000020000000000
092064980002002001180823183000000000000001010007260000000253000000000000000000000000000000100000001400000000000020000000000
11206498000300200118082318300000090000020000000344000000034400000000000000000000000000034400000000000000
122064980004002001180823183000000000000000000000000000000000000000000000000344000000000000000000000000000000
07206499000000200118082318320000000000000000100000000000000000
092064990001002001180823183200000000000003250000010000000150000000000000000000000000000000000000000790000000000040000000000
11206499000200200118082318320000090000010000000150000000015000000000000000000000000000015000000000000000
122064990003002001180823183200000000000000000000000000000000000000000000000150000000000000000000000000000000
07206500000000200118082318360000000000000000100000000000000000
092065000001002001180823183600000000000002130012820000000447000000000000000000000000000000100000001400000000000010000000000
11206500000200200118082318360000090000010000000447000000044700000000000000000000000000044700000000000000
122065000003002001180823183603100000000000000000000000000000000000000000000447000000000000000000000000000000
07206501000000200118082319140000000000000000100000000000000000
092065010001002001180823191400000000000005020000010000000100I 0000000000000000000000000000000000000100000000000060000000000
11206501000200200118082319140000090000010000000100000000010000000000000000000000000000010000000000000000
122065010003002001180823191400000000000000000000000000000000000000000000000100000000000000000000000000000000
07206502000000200118082319330000000000000000100000000000000000
092065020001002001180823193300000000000002010023220000000926000000000000000000000000000000100000000990000000000010000000000
092065020002002001180823193300000000000002130032740000001143000000000000000000000000000000100000001400000000000010000000000
11206502000300200118082319330000090000020000002069000000206900000000000000000000000000220000000001310000
122065020004002001180823193300000000000000000000000000000000000000000000002069000000000000000000000000000000
14206503000000200118082319350000010000000148
07206504000000200118082319350000000000000000100000000000000000
092065040001002001180823193500000000000001050007360000000220000000000000000000000000000000100000002000000000000020000000000
092065040002002001180823193500000000000003020000010000000100000000000000000000000000000000000000000500000000000000000000000
092065040003002001180823193500000000000004020000010000000100I 0300000000000000000000000000000000000230000000000030000000000
092065040004002001180823193500000000000004020000010000000100I 0300000000000000000000000000000000000230000000000030000000000
11206504000500200118082319350000090000040000000520000000052000000000000000000000000000052000000000000000
122065040006002001180823193500000000000000000000000000000000000000000000000520000000000000000000000000000000
07206505000000200118082319430000000000000000100000000000000000
092065050001002001180823194300000000000002210006520000000456000000000000000000000000000000100000003990000000000010000000000
092065050002002001180823194300000000000005480000010000000250I 0300000000000000000000000000000000000000000000000030000000000
092065050003002001180823194300000000000005480000010000000250I 0300000000000000000000000000000000000000000000000030000000000
092065050004002001180823194300000000000005480000010000000250I 0300000000000000000000000000000000000000000000000030000000000
11206505000500200118082319430000090000040000001206000000120600000000000000000000000000120600000000000000
122065050006002001180823194302010000000000000000000000000000000000010000001206000000000000000000000000000000
102065050007002001180823194301000000000000000100000012060000000000000442000009
07206506000000200118082319490000000000000000100000000000000000
092065060001002001180823194900000000000002050009300000000743000000000000000000000000000000100000000890000000000010000000000
092065060002002001180823194900000000000001070002760000000579000000000000000000000000000000100000005000000000000020000000000
092065060003002001180823194900000000000002480007480000000224000000000000000000000000000000100000001000000000000050000000000
11206506000400200118082319490000090000030000001546000000154600000000000000000000000000154600000000000000
122065060005002001180823194902010000000000000000000000000000000000160000001546000000000000000000000000000000
102065060006002001180823194901000000000000001600000015460000000000000686000009
07206507000000200118082320060000000000000000100000000000000000
092065070001002001180823200600000000000003250000010000000150000000000000000000000000000000000000000790000000000040000000000
092065070002002001180823200600000000000003250000010000000150000000000000000000000000000000000000000790000000000040000000000
092065070003002001180823200600000000000001110002360000000118000000000000000000000000000000100000002990000000000020000000000
092065070004002001180823200600000000000002040001100000000077000000000000000000000000000000100000000500000000000010000000000
092065070005002001180823200600000000000002010013420000000535000000000000000000000000000000100000000990000000000010000000000
11206507000600200118082320060000090000050000001030000000103000000000000000000000000000103000000000000000
122065070007002001180823200603100000000000000000000000000000000000000000001030000000000000000000000000000000
07206508000000200118082320180000000000000000100000000000000000
092065080001002001180823201800000000000002270004380000000525000000000000000000000000000000100000003990000000000010000000000
11206508000200200118082320180000090000010000000525000000052500000000000000000000000000052500000000000000
122065080003002001180823201803030000000000000000000000000000000000000000000525000000000000000000000000000000
07206509000000200118082320330000000000000000100000000000000000
092065090001002001180823203300000000000002080011100000000776000000000000000000000000000000100000000500000000000010000000000
092065090002002001180823203300000000000002110008300000000331000000000000000000000000000000100000000990000000000010000000000
092065090003002001180823203300000000000005480000010000000250I 0300000000000000000000000000000000000000000000000030000000000
11206509000400200118082320330000090000030000001357000000135700000000000000000000000000500000000036430000
122065090005002001180823203300000000000000000000000000000000000000000000001357000000000000000000000000000000
07206510000000200118082320380000000000000000100000000000000000
092065100001002001180823203800000000000001250016260000000486I 0000000000000000000000000000100000000530000000000020000000000
11206510000200200118082320380000090000010000000486000000048600000000000000000000000000100000000005140000
122065100003002001180823203800000000000000000000000000000000000000000000000486000000000000000000000000000000
07206511000000200118082320410000000000000000100000000000000000
092065110001002001180823204100000000000002150000010000000399000000000000000000000000000000000000000500000000000010000000000
092065110002002001180823204100000000000002480003800000000114000000000000000000000000000000100000001000000000000050000000000
092065110003002001180823204100000000000002480000920000000028000000000000000000000000000000100000001000000000000050000000000
11206511000400200118082320410000090000030000000541000000054100000000000000000000000000054100000000000000
122065110005002001180823204100000000000000000000000000000000000000000000000541000000000000000000000000000000
07206512000000200118082320540000000000000000100000000000000000
092065120001002001180823205400000000000001080003320000000232000000000000000000000000000000100000001000000000000020000000000
092065120002002001180823205400000000000001050003280000000098000000000000000000000000000000100000002000000000000020000000000
11206512000300200118082320540000090000020000000330000000033000000000000000000000000000033000000000000000
122065120004002001180823205402010000000000000000000000000000000000210000000330000000000000000000000000000000
102065120005002001180823205401000000000000002100000003300000000000000342000009
062065120006002001180823205500000100000100000000000000000000000000000000000000000000
0420651300000020011808232058000001206381206513000002202918720000022041353818082300001141090000000000000000000000000043890001000000000000000000000000000000000000000000000000000000000000000000000000000000001234567890AB        
