01207706000000200128082306560000010000003000000002215201281.82G5E   1234567890AB        Generica            
02207706000100200128082306560000010000040000000000
05207706000200200128082306570000010000003000
07207707000000200128082307100000000000000000100000000000000000
092077070001002001280823071000000000000002070006880000000412000000000000000000000000000000100000001990000000000010000000000
092077070002002001280823071000000000000002110009400000000469000000000000000000000000000000100000000990000000000010000000000
11207707000300200128082307100000040000020000000881000000088100000000000000000000000000100000000001190000
122077070004002001280823071000000000000000000000000000000000000000000000000881000000000000000000000000000000
07207708000000200128082307440000000000000000100000000000000000
092077080001002001280823074400000000000002020009520000000570000000000000000000000000000000100000001990000000000010000000000
11207708000200200128082307440000040000010000000570000000057000000000000000000000000000057000000000000000
122077080003002001280823074400000000000000000000000000000000000000000000000570000000000000000000000000000000
07207709000000200128082308200000000000000000100000000000000000
092077090001002001280823082000000000000003250000010000000149000000000000000000000000000000000000000790000000000040000000000
11207709000200200128082308200000040000010000000149000000014900000000000000000000000000014900000000000000
122077090003002001280823082000000000000000000000000000000000000000000000000149000000000000000000000000000000
07207710000000200128082308240000000000000000100000000000000000
092077100001002001280823082400000000000003190000010000000500000000000000000000000000000000000000002000000000000050000000000
11207710000200200128082308240000040000010000000500000000050000000000000000000000000000050000000000000000
122077100003002001280823082403060000000000000000000000000000000000000000000500000000000000000000000000000000
07207711000000200128082308440000000000000000100000000000000000
092077110001002001280823084400000000000003250000010000000149000000000000000000000000000000000000000790000000000040000000000
11207711000200200128082308440000040000010000000149000000014900000000000000000000000000014900000000000000
122077110003002001280823084400000000000000000000000000000000000000000000000149000000000000000000000000000000
07207712000000200128082308500000000000000000100000000000000000
092077120001002001280823085000000000000005250000010000000399I 0100000000000000000000000000000000002990000000000080000000000
11207712000200200128082308500000040000010000000399000000039900000000000000000000000000050000000001010000
122077120003002001280823085000000000000000000000000000000000000000000000000399000000000000000000000000000000
07207713000000200128082309020000000000000000100000000000000000
092077130001002001280823090200000000000001220006520000000195000000000000000000000000000000100000001500000000000020000000000
092077130002002001280823090200000000000002080009320000000651000000000000000000000000000000100000000500000000000010000000000
11207713000300200128082309020000040000020000000846000000084600000000000000000000000000100000000001540000
122077130004002001280823090200000000000000000000000000000000000000000000000846000000000000000000000000000000
14207714000000200128082309030000010000000000
07207715000000200128082309090000000000000000100000000000000000
092077150001002001280823090900000000000003250000010000000149000000000000000000000000000000000000000790000000000040000000000
11207715000200200128082309090000040000010000000149000000014900000000000000000000000000014900000000000000
122077150003002001280823090900000000000000000000000000000000000000000000000149000000000000000000000000000000
07207716000000200128082309140000000000000000100000000000000000
092077160001002001280823091400000000000003250000080000001192000000000000000000000000000000000000000790000000000040000000000
11207716000200200128082309140000040000010000001192000000119200000000000000000000000000200000000008080000
122077160003002001280823091400000000000000000000000000000000000000000000001192000000000000000000000000000000
07207717000000200128082309370000000000000000100000000000000000
092077170001002001280823093700000000000005020000010000000100I 0000000000000000000000000000000000000100000000000060000000000
11207717000200200128082309370000040000010000000100000000010000000000000000000000000000010000000000000000
122077170003002001280823093700000000000000000000000000000000000000000000000100000000000000000000000000000000
07207718000000200128082309550000000000000000100000000000000000
092077180001002001280823095500000000000003190000010000000500000000000000000000000000000000000000002000000000000050000000000
11207718000200200128082309550000040000010000000500000000050000000000000000000000000000050000000000000000
122077180003002001280823095500000000000000000000000000000000000000000000000500000000000000000000000000000000
07207719000000200128082310020000000000000000100000000000000000
092077190001002001280823100200000000000005080000010000002399I 0100000000000000000000000000000000015000000000000070000000000
092077190002002001280823100200000000000002130009900000000296000000000000000000000000000000100000001400000000000010000000000
092077190003002001280823100200000000000002250007240000000434000000000000000000000000000000100000002670000000000010000000000
092077190004002001280823100200000000000002040008120000000486000000000000000000000000000000100000000500000000000010000000000
092077190005002001280823100200000000000001120004640000000278000000000000000000000000000000100000001000000000000020000000000
092077190006002001280823100200000000000002110007240000000361000000000000000000000000000000100000000990000000000010000000000
092077190007002001280823100200000000000001100004500000000135000000000000000000000000000000100000000500000000000020000000000
092077190008002001280823100200000000000002120010180000000508000000000000000000000000000000100000002250000000000010000000000
092077190009002001280823100200000000000002010019020000000569000000000000000000000000000000100000000990000000000010000000000
092077190010002001280823100200000000000001040002240000000101000000000000000000000000000000100000002000000000000020000000000
092077190011002001280823100200000000000001090001040000000062000000000000000000000000000000100000001500000000000020000000000
11207719001200200128082310020000040000110000005629000000562900000000000000000000000000562900000000000000
122077190013002001280823100203010000000000000000000000000000000000000000005629000000000000000000000000000000
07207720000000200128082310030000000000000000100000000000000000
092077200001002001280823100300000000000002140012640000000504000000000000000000000000000000100000001990000000000010000000000
11207720000200200128082310030000040000010000000504000000050400000000000000000000000000050400000000000000
122077200003002001280823100300000000000000000000000000000000000000000000000504000000000000000000000000000000
07207721000000200128082310330000000000000000100000000000000000
092077210001002001280823103300000000000001140001720000000086000000000000000000000000000000100000000500000000000020000000000
092077210002002001280823103300000000000001160004160000000124000000000000000000000000000000100000000670000000000020000000000
092077210003002001280823103300000000000001100002180000000065000000000000000000000000000000100000000500000000000020000000000
092077210004002001280823103300000000000001060002940000000176000000000000000000000000000000100000001500000000000020000000000
092077210005002001280823103300000000000001010004380000000131000000000000000000000000000000100000001400000000000020000000000
092077210006002001280823103300000000000001130005500000000274000000000000000000000000000000100000001500000000000020000000000
092077210007002001280823103300000000000001040001980000000089000000000000000000000000000000100000002000000000000020000000000
092077210008002001280823103300000000000001080002640000000237000000000000000000000000000000100000001000000000000020000000000
11207721000900200128082310330000040000080000001182000000118200000000000000000000000000118200000000000000
122077210010002001280823103300000000000000000000000000000000000000000000001182000000000000000000000000000000
07207722000000200128082310340000000000000000100000000000000000
092077220001002001280823103400000000000003250000010000000149000000000000000000000000000000000000000790000000000040000000000
11207722000200200128082310340000040000010000000149000000014900000000000000000000000000014900000000000000
122077220003002001280823103400000000000000000000000000000000000000000000000149000000000000000000000000000000
07207723000000200128082310350000000000000000100000000000000000
092077230001002001280823103500000000000003250000020000000298000000000000000000000000000000000000000790000000000040000000000
092077230002002001280823103500000000000001250004260000000085I 0000000000000000000000000000100000000530000000000020000000000
092077230003002001280823103500000000000001060001860000000111000000000000000000000000000000100000001500000000000020000000000
092077230004002001280823103500000000000001010005740000000172000000000000000000000000000000100000001400000000000020000000000
092077230005002001280823103500000000000001100004040000000121000000000000000000000000000000100000000500000000000020000000000
092077230006002001280823103500000000000001140002080000000104000000000000000000000000000000100000000500000000000020000000000
092077230007002001280823103500000000000001160009560000000286000000000000000000000000000000100000000670000000000020000000000
11207723000800200128082310350000040000070000001177000000117700000000000000000000000000200000000008230000
122077230009002001280823103500000000000000000000000000000000000000000000001177000000000000000000000000000000
07207724000000200128082310380000000000000000100000000000000000
092077240001002001280823103800000000000001090001340000000080000000000000000000000000000000100000001500000000000020000000000
092077240002002001280823103800000000000001070001640000000410000000000000000000000000000000100000005000000000000020000000000
11207724000300200128082310380000040000020000000490000000049000000000000000000000000000049000000000000000
122077240004002001280823103800000000000000000000000000000000000000000000000490000000000000000000000000000000
07207725000000200128082310390000000000000000100000000000000000
092077250001002001280823103900000000000001070001040000000260000000000000000000000000000000100000005000000000000020000000000
092077250002002001280823103900000000000001090001360000000081000000000000000000000000000000100000001500000000000020000000000
11207725000300200128082310390000040000020000000341000000034100000000000000000000000000034100000000000000
122077250004002001280823103900000000000000000000000000000000000000000000000341000000000000000000000000000000
07207726000000200128082310550000000000000000100000000000000000
092077260001002001280823105500000000000003250000010000000149000000000000000000000000000000000000000790000000000040000000000
11207726000200200128082310550000040000010000000149000000014900000000000000000000000000014900000000000000
122077260003002001280823105500000000000000000000000000000000000000000000000149000000000000000000000000000000
07207727000000200128082310560000000000000000100000000000000000
092077270001002001280823105600000000000005480000010000000250I 0300000000000000000000000000000000000000000000000030000000000
11207727000200200128082310560000040000010000000250000000025000000000000000000000000000025000000000000000
122077270003002001280823105600000000000000000000000000000000000000000000000250000000000000000000000000000000
07207728000000200128082310560000000000000000100000000000000000
092077280001002001280823105600000000000005480000010000000250I 0300000000000000000000000000000000000000000000000030000000000
11207728000200200128082310560000040000010000000250000000025000000000000000000000000000025000000000000000
122077280003002001280823105602010000000000000000000000000000000000220000000250000000000000000000000000000000
102077280004002001280823105601000000000000002200000002500000000000001573000004
07207729000000200128082311020000000000000000100000000000000000
092077290001002001280823110200000000000005020000010000000100I 0000000000000000000000000000000000000100000000000060000000000
11207729000200200128082311020000040000010000000100000000010000000000000000000000000000010000000000000000
122077290003002001280823110200000000000000000000000000000000000000000000000100000000000000000000000000000000
07207730000000200128082311110000000000000000100000000000000000
092077300001002001280823111100000000000001040009340000000419000000000000000000000000000000100000002000000000000020000000000
092077300002002001280823111100000000000001010011220000000335000000000000000000000000000000100000001400000000000020000000000
092077300003002001280823111100000000000003250000020000000298000000000000000000000000000000000000000790000000000040000000000
092077300004002001280823111100000000000002070011540000000691000000000000000000000000000000100000001990000000000010000000000
11207730000500200128082311110000040000040000001743000000174300000000000000000000000000174300000000000000
122077300006002001280823111102010000000000000000000000000000000000120000001743000000000000000000000000000000
102077300007002001280823111101000000000000001200000017430000000000000040000004
07207731000000200128082311120000000000000000100000000000000000
092077310001002001280823111200000000000002080004800000000336000000000000000000000000000000100000000500000000000010000000000
092077310002002001280823111200000000000002150000010000000399000000000000000000000000000000000000000500000000000010000000000
11207731000300200128082311120000040000020000000735000000073500000000000000000000000000073500000000000000
122077310004002001280823111200000000000000000000000000000000000000000000000735000000000000000000000000000000
07207732000000200128082311130000000000000000100000000000000000
092077320001002001280823111300000000000001160012540000000375000000000000000000000000000000100000000670000000000020000000000
092077320002002001280823111300000000000001220006640000000199000000000000000000000000000000100000001500000000000020000000000
092077320003002001280823111300000000000001100009960000000298000000000000000000000000000000100000000500000000000020000000000
092077320004002001280823111300000000000001060005620000000337000000000000000000000000000000100000001500000000000020000000000
092077320005002001280823111300000000000001040003840000000172000000000000000000000000000000100000002000000000000020000000000
092077320006002001280823111300000000000001090000480000000029000000000000000000000000000000100000001500000000000020000000000
11207732000700200128082311130000040000060000001410000000141000000000000000000000000000141000000000000000
122077320008002001280823111300000000000000000000000000000000000000000000001410000000000000000000000000000000
14207733000000200128082311140000010000000000
07207734000000200128082311160000000000000000100000000000000000
092077340001002001280823111600000000000003250000010000000149000000000000000000000000000000000000000790000000000040000000000
092077340002002001280823111600000000000003250000010000000149000000000000000000000000000000000000000790000000000040000000000
092077340003002001280823111600000000000001270006140000000184000000000000000000000000000000100000000250000000000020000000000
092077340004002001280823111600000000000001040004280000000192000000000000000000000000000000100000002000000000000020000000000
092077340005002001280823111600000000000002230002100000000315000000000000000000000000000000100000004980000000000010000000000
092077340006002001280823111600000000000002090001720000000223000000000000000000000000000000100000004720000000000010000000000
11207734000700200128082311160000040000060000001212000000121200000000000000000000000000200000000007880000
122077340008002001280823111600000000000000000000000000000000000000000000001212000000000000000000000000000000
07207735000000200128082311170000000000000000100000000000000000
092077350001002001280823111700000000000002070004700000000282000000000000000000000000000000100000001990000000000010000000000
092077350002002001280823111700000000000003190000010000000500000000000000000000000000000000000000002000000000000050000000000
092077350003002001280823111700000000000002020004140000000248000000000000000000000000000000100000001990000000000010000000000
11207735000400200128082311170000040000030000001030000000103000000000000000000000000000103000000000000000
122077350005002001280823111700000000000000000000000000000000000000000000001030000000000000000000000000000000
07207736000000200128082311200000000000000000100000000000000000
092077360001002001280823112000000000000005020000060000000600I 0000000000000000000000000000000000000100000000000060000000000
092077360002002001280823112000000000000002010026380000000789000000000000000000000000000000100000000990000000000010000000000
092077360003002001280823112000000000000002070014540000000871000000000000000000000000000000100000001990000000000010000000000
092077360004002001280823112000000000000001230000440000000040000000000000000000000000000000100000008750000000000020000000000
11207736000500200128082311200000040000040000002300000000230000000000000000000000000000230000000000000000
122077360006002001280823112003010000000000000000000000000000000000000000002300000000000000000000000000000000
07207737000000200128082311210000000000000000100000000000000000
092077370001002001280823112100000000000005020000050000000500I 0000000000000000000000000000000000000100000000000060000000000
092077370002002001280823112100000000000005020000030000000300I 0000000000000000000000000000000000000100000000000060000000000
092077370003002001280823112100000000000001050001880000000056000000000000000000000000000000100000002000000000000020000000000
11207737000400200128082311210000040000030000000856000000085600000000000000000000000000200000000011440000
122077370005002001280823112100000000000000000000000000000000000000000000000856000000000000000000000000000000
07207738000000200128082311220000000000000000100000000000000000
092077380001002001280823112200000000000003250000010000000149000000000000000000000000000000000000000790000000000040000000000
092077380002002001280823112200000000000001070002440000000610000000000000000000000000000000100000005000000000000020000000000
092077380003002001280823112200000000000001010011640000000348000000000000000000000000000000100000001400000000000020000000000
11207738000400200128082311220000040000030000001107000000110700000000000000000000000000110700000000000000
122077380005002001280823112200000000000000000000000000000000000000000000001107000000000000000000000000000000
07207739000000200128082311240000000000000000100000000000000000
092077390001002001280823112400000000000001070002580000000645000000000000000000000000000000100000005000000000000020000000000
11207739000200200128082311240000040000010000000645000000064500000000000000000000000000064500000000000000
122077390003002001280823112400000000000000000000000000000000000000000000000645000000000000000000000000000000
07207740000000200128082311320000000000000000100000000000000000
092077400001002001280823113200000000000001120004660000000279000000000000000000000000000000100000001000000000000020000000000
11207740000200200128082311320000040000010000000279000000027900000000000000000000000000027900000000000000
122077400003002001280823113202010000000000000000000000000000000000220000000279000000000000000000000000000000
102077400004002001280823113201000000000000002200000002790000000000001574000004
07207741000000200128082311340000000000000000100000000000000000
092077410001002001280823113400000000000001140005960000000297000000000000000000000000000000100000000500000000000020000000000
092077410002002001280823113400000000000001220011860000000355000000000000000000000000000000100000001500000000000020000000000
11207741000300200128082311340000040000020000000652000000065200000000000000000000000000500000000043480000
122077410004002001280823113400000000000000000000000000000000000000000000000652000000000000000000000000000000
07207742000000200128082311420000000000000000100000000000000000
092077420001002001280823114200000000000003250000020000000298000000000000000000000000000000000000000790000000000040000000000
11207742000200200128082311420000040000010000000298000000029800000000000000000000000000029800000000000000
122077420003002001280823114200000000000000000000000000000000000000000000000298000000000000000000000000000000
07207743000000200128082311500000000000000000100000000000000000
092077430001002001280823115000000000000001090001660000000099000000000000000000000000000000100000001500000000000020000000000
092077430002002001280823115000000000000001040002420000000109000000000000000000000000000000100000002000000000000020000000000
092077430003002001280823115000000000000001080002780000000250000000000000000000000000000000100000001000000000000020000000000
11207743000400200128082311500000040000030000000458000000045800000000000000000000000000045800000000000000
122077430005002001280823115003010000000000000000000000000000000000000000000458000000000000000000000000000000
07207744000000200128082311540000000000000000100000000000000000
092077440001002001280823115400000000000001250009240000000184I 0000000000000000000000000000100000000530000000000020000000000
092077440002002001280823115400000000000001080004080000000367000000000000000000000000000000100000001000000000000020000000000
11207744000300200128082311540000040000020000000551000000055100000000000000000000000000055100000000000000
122077440004002001280823115400000000000000000000000000000000000000000000000551000000000000000000000000000000
07207745000000200128082312010000000000000000100000000000000000
092077450001002001280823120100000000000002070010620000000636000000000000000000000000000000100000001990000000000010000000000
11207745000200200128082312010000040000010000000636000000063600000000000000000000000000063600000000000000
122077450003002001280823120103010000000000000000000000000000000000000000000636000000000000000000000000000000
07207746000000200128082312050000000000000000100000000000000000
092077460001002001280823120500000000000002220000010000000399000000000000000000000000000000000000001500000000000010000000000
092077460002002001280823120500000000000002280012500000000499000000000000000000000000000000100000001000000000000010000000000
11207746000300200128082312050000040000020000000898000000089800000000000000000000000000089800000000000000
122077460004002001280823120500000000000000000000000000000000000000000000000898000000000000000000000000000000
07207747000000200128082312080000000000000000100000000000000000
092077470001002001280823120800000000000001050002940000000088000000000000000000000000000000100000002000000000000020000000000
092077470002002001280823120800000000000003190000010000000500000000000000000000000000000000000000002000000000000050000000000
11207747000300200128082312080000040000020000000588000000058800000000000000000000000000200000000014120000
122077470004002001280823120800000000000000000000000000000000000000000000000588000000000000000000000000000000
14207748000000200128082312200000010000000000
18207748000100200128082312210100000020000000000000000000000001
07207749000000200128082312250000000000000000100000000000000000
092077490001002001280823122500000000000001040003720000000167000000000000000000000000000000100000002000000000000020000000000
11207749000200200128082312250000040000010000000167000000016700000000000000000000000000016700000000000000
122077490003002001280823122500000000000000000000000000000000000000000000000167000000000000000000000000000000
14207750000000200128082312350000010000000784
07207751000000200128082312360000000000000000100000000000000000
092077510001002001280823123600000000000001020007180000000143000000000000000000000000000000100000001200000000000020000000000
092077510002002001280823123600000000000003190000010000000500000000000000000000000000000000000000002000000000000050000000000
092077510003002001280823123600000000000001090001860000000111000000000000000000000000000000100000001500000000000020000000000
092077510004002001280823123600000000000001080002340000000210000000000000000000000000000000100000001000000000000020000000000
11207751000500200128082312360000040000040000000964000000096400000000000000000000000000096400000000000000
122077510006002001280823123600000000000000000000000000000000000000000000000964000000000000000000000000000000
07207752000000200128082312370000000000000000100000000000000000
092077520001002001280823123700000000000001080006020000000541000000000000000000000000000000100000001000000000000020000000000
092077520002002001280823123700000000000001040002540000000114000000000000000000000000000000100000002000000000000020000000000
11207752000300200128082312370000040000020000000655000000065500000000000000000000000000065500000000000000
122077520004002001280823123703100000000000000000000000000000000000000000000655000000000000000000000000000000
07207753000000200128082312410000000000000000100000000000000000
092077530001002001280823124100000000000001130019340000000965000000000000000000000000000000100000001500000000000020000000000
092077530002002001280823124100000000000005480000020000000500I 0300000000000000000000000000000000000000000000000030000000000
11207753000300200128082312410000040000020000001465000000146500000000000000000000000000146500000000000000
122077530004002001280823124100000000000000000000000000000000000000000000001465000000000000000000000000000000
14207754000000200128082312430000010000000000
07207755000000200128082312440000000000000000100000000000000000
092077550001002001280823124400000000000001010011920000000356000000000000000000000000000000100000001400000000000020000000000
092077550002002001280823124400000000000001080004160000000374000000000000000000000000000000100000001000000000000020000000000
092077550003002001280823124400000000000001040002620000000118000000000000000000000000000000100000002000000000000020000000000
092077550004002001280823124400000000000001070001100000000275000000000000000000000000000000100000005000000000000020000000000
11207755000500200128082312440000040000040000001123000000112300000000000000000000000000112300000000000000
122077550006002001280823124400000000000000000000000000000000000000000000001123000000000000000000000000000000
07207756000000200128082312470000000000000000100000000000000000
092077560001002001280823124700000000000001090003720000000223000000000000000000000000000000100000001500000000000020000000000
092077560002002001280823124700000000000001040010260000000461000000000000000000000000000000100000002000000000000020000000000
092077560003002001280823124700000000000005020000050000000500I 0000000000000000000000000000000000000100000000000060000000000
11207756000400200128082312470000040000030000001184000000118400000000000000000000000000118400000000000000
122077560005002001280823124700000000000000000000000000000000000000000000001184000000000000000000000000000000
07207757000000200128082312480000000000000000100000000000000000
092077570001002001280823124800000000000001080008500000000764000000000000000000000000000000100000001000000000000020000000000
092077570002002001280823124800000000000003250000010000000149000000000000000000000000000000000000000790000000000040000000000
11207757000300200128082312480000040000020000000913000000091300000000000000000000000000091300000000000000
122077570004002001280823124800000000000000000000000000000000000000000000000913000000000000000000000000000000
07207758000000200128082312570000000000000000100000000000000000
092077580001002001280823125700000000000001070002040000000510000000000000000000000000000000100000005000000000000020000000000
11207758000200200128082312570000040000010000000510000000051000000000000000000000000000051000000000000000
122077580003002001280823125700000000000000000000000000000000000000000000000510000000000000000000000000000000
07207759000000200128082313040000000000000000100000000000000000
092077590001002001280823130400000000000001060003280000000196000000000000000000000000000000100000001500000000000020000000000
11207759000200200128082313040000040000010000000196000000019600000000000000000000000000019600000000000000
122077590003002001280823130400000000000000000000000000000000000000000000000196000000000000000000000000000000
07207760000000200128082313100000000000000000100000000000000000
092077600001002001280823131000000000000001020010600000000211000000000000000000000000000000100000001200000000000020000000000
092077600002002001280823131000000000000005020000030000000300I 0000000000000000000000000000000000000100000000000060000000000
11207760000300200128082313100000040000020000000511000000051100000000000000000000000000051100000000000000
122077600004002001280823131000000000000000000000000000000000000000000000000511000000000000000000000000000000
07207761000000200128082313160000000000000000100000000000000000
092077610001002001280823131600000000000001010010440000000312000000000000000000000000000000100000001400000000000020000000000
092077610002002001280823131600000000000001070001980000000495000000000000000000000000000000100000005000000000000020000000000
11207761000300200128082313160000040000020000000807000000080700000000000000000000000000080700000000000000
122077610004002001280823131603010000000000000000000000000000000000000000000807000000000000000000000000000000
07207762000000200128082313180000000000000000100000000000000000
092077620001002001280823131800000000000001160007760000000232000000000000000000000000000000100000000670000000000020000000000
092077620002002001280823131800000000000001070001240000000310000000000000000000000000000000100000005000000000000020000000000
092077620003002001280823131800000000000003250000020000000298000000000000000000000000000000000000000790000000000040000000000
092077620004002001280823131800000000000005020000060000000600I 0000000000000000000000000000000000000100000000000060000000000
092077620005002001280823131800000000000001050007400000000221000000000000000000000000000000100000002000000000000020000000000
11207762000600200128082313180000040000050000001661000000166100000000000000000000000000200000000003390000
122077620007002001280823131800000000000000000000000000000000000000000000001661000000000000000000000000000000
07207763000000200128082313260000000000000000100000000000000000
092077630001002001280823132600000000000003250000030000000447000000000000000000000000000000000000000790000000000040000000000
11207763000200200128082313260000040000010000000447000000044700000000000000000000000000044700000000000000
122077630003002001280823132603010000000000000000000000000000000000000000000447000000000000000000000000000000
07207764000000200128082313420000000000000000100000000000000000
092077640001002001280823134200000000000002090007800000001013000000000000000000000000000000100000004720000000000010000000000
092077640002002001280823134200000000000002070012940000000775000000000000000000000000000000100000001990000000000010000000000
092077640003002001280823134200000000000002190000020000001198000000000000000000000000000000000000002250000000000010000000000
092077640004002001280823134200000000000005020000070000000700I 0000000000000000000000000000000000000100000000000060000000000
092077640005002001280823134200000000000002140012240000000488000000000000000000000000000000100000001990000000000010000000000
092077640006002001280823134200000000000002050033800000002701000000000000000000000000000000100000000890000000000010000000000
092077640007002001280823134200000000000003010000010000000999000000000000000000000000000000000000006000000000000050000000000
11207764000800200128082313420000040000070000007874000000787400000000000000000000000001000000000021260000
122077640009002001280823134200000000000000000000000000000000000000000000007874000000000000000000000000000000
14207765000000200128082313430000010000000000
07207766000000200128082313430000000000000000100000000000000000
092077660001002001280823134300000000000002480011580000000578000000000000000000000000000000100000001000000000000050000000000
11207766000200200128082313430000040000010000000578000000057800000000000000000000000000057800000000000000
122077660003002001280823134300000000000000000000000000000000000000000000000578000000000000000000000000000000
18207766000400200128082313430500000100000000000000000000000001
062077660005002001280823134400000100000200000000000000000000000000000000000000000000
07207767000000200128082313490000000000000000100000000000000000
092077670001002001280823134900000000000005250000010000000399I 0100000000000000000000000000000000002990000000000080000000000
092077670002002001280823134900000000000001020002820000000056000000000000000000000000000000100000001200000000000020000000000
092077670003002001280823134900000000000002070004640000000278000000000000000000000000000000100000001990000000000010000000000
092077670004002001280823134900000000000001070000440000000110000000000000000000000000000000100000005000000000000020000000000
092077670005002001280823134900000000000001060002360000000141000000000000000000000000000000100000001500000000000020000000000
092077670006002001280823134900000000000001090000400000000024000000000000000000000000000000100000001500000000000020000000000
092077670007002001280823134900000000000001080001140000000102000000000000000000000000000000100000001000000000000020000000000
092077670008002001280823134900000000000002190000010000000599000000000000000000000000000000000000002250000000000010000000000
092077670009002001280823134900000000000004020000030000000300I 0300000000000000000000000000000000000230000000000030000000000
092077670010002001280823134900000000000003250000010000000149000000000000000000000000000000000000000790000000000040000000000
11207767001100200128082313490000040000100000002158000000215800000000000000000000000000215800000000000000
122077670012002001280823134902010000000000000000000000000000000000220000002158000000000000000000000000000000
102077670013002001280823134901000000000000002200000021580000000000001575000004
07207768000000200128082314000000000000000000100000000000000000
092077680001002001280823140000000000000002050005800000000463000000000000000000000000000000100000000890000000000010000000000
092077680002002001280823140000000000000002230002160000000324000000000000000000000000000000100000004980000000000010000000000
092077680003002001280823140000000000000001140003100000000155000000000000000000000000000000100000000500000000000020000000000
092077680004002001280823140000000000000005480000010000000250I 0300000000000000000000000000000000000000000000000030000000000
11207768000500200128082314000000040000040000001192000000119200000000000000000000000000119200000000000000
122077680006002001280823140003060000000000000000000000000000000000000000001192000000000000000000000000000000
07207769000000200128082314240000000000000000100000000000000000
092077690001002001280823142400000000000002230006840000001025000000000000000000000000000000100000004980000000000010000000000
092077690002002001280823142400000000000003250000010000000149000000000000000000000000000000000000000790000000000040000000000
092077690003002001280823142400000000000003250000010000000149000000000000000000000000000000000000000790000000000040000000000
11207769000400200128082314240000040000030000001323000000132300000000000000000000000000132300000000000000
122077690005002001280823142403060000000000000000000000000000000000000000001323000000000000000000000000000000
07207770000000200128082314360000000000000000100000000000000000
092077700001002001280823143600000000000002190000010000000599000000000000000000000000000000000000002250000000000010000000000
092077700002002001280823143600000000000002190000010000000599000000000000000000000000000000000000002250000000000010000000000
092077700003002001280823143600000000000002170000010000000799000000000000000000000000000000000000006500000000000010000000000
092077700004002001280823143600000000000005020000070000000700I 0000000000000000000000000000000000000100000000000060000000000
092077700005002001280823143600000000000002190000010000000599000000000000000000000000000000000000002250000000000010000000000
092077700006002001280823143600000000000002190000010000000599000000000000000000000000000000000000002250000000000010000000000
092077700007002001280823143600000000000004020000100000001000I 0300000000000000000000000000000000000230000000000030000000000
092077700008002001280823143600000000000003010000010000000999000000000000000000000000000000000000006000000000000050000000000
092077700009002001280823143600000000000002030015000000000749000000000000000000000000000000100000002990000000000010000000000
092077700010002001280823143600000000000002080017220000001204000000000000000000000000000000100000000500000000000010000000000
092077700011002001280823143600000000000002280008380000000334000000000000000000000000000000100000001000000000000010000000000
092077700012002001280823143600000000000002040006660000000399000000000000000000000000000000100000000500000000000010000000000
092077700013002001280823143600000000000001170013760000000549000000000000000000000000000000100000002490000000000020000000000
092077700014002001280823143600000000000003250000010000000149000000000000000000000000000000000000000790000000000040000000000
092077700015002001280823143600000000000001080006220000000559000000000000000000000000000000100000001000000000000020000000000
092077700016002001280823143600000000000001040003840000000172000000000000000000000000000000100000002000000000000020000000000
11207770001700200128082314360000040000160000010009000001000900000000000000000000000001000900000000000000
122077700018002001280823143603050000000000000000000000000000000000000000010009000000000000000000000000000000
07207771000000200128082314360000000000000000100000000000000000
092077710001002001280823143600000000000004020000010000000100I 0300000000000000000000000000000000000230000000000030000000000
092077710002002001280823143600000000000004010000010000000100I 0300000000000000000000000000000000000000000000000030000000000
092077710003002001280823143600000000000001050004440000000133000000000000000000000000000000100000002000000000000020000000000
11207771000400200128082314360000040000030000000333000000033300000000000000000000000000050000000001670000
122077710005002001280823143600000000000000000000000000000000000000000000000333000000000000000000000000000000
07207772000000200128082314380000000000000000100000000000000000
092077720001002001280823143800000000000003010000010000000999000000000000000000000000000000000000006000000000000050000000000
092077720002002001280823143800000000000001070000600000000150000000000000000000000000000000100000005000000000000020000000000
092077720003002001280823143800000000000002080005580000000390000000000000000000000000000000100000000500000000000010000000000
11207772000400200128082314380000040000030000001539000000153900000000000000000000000000153900000000000000
122077720005002001280823143803060000000000000000000000000000000000000000001539000000000000000000000000000000
07207773000000200128082314500000000000000000100000000000000000
092077730001002001280823145000000000000020700008620000000172000000000000000000000000000000100000000500000000000010000000000
092077730002002001280823145000000000000020700002100000000042000000000000000000000000000000100000000500000000000010000000000
17207773000300200128082314500000000000000195
11207773000400200128082314500000040000020000000214000000021400000000000000000000000000080000000005860000
122077730005002001280823145000000000000000000000000000000000000000000000000214000000000000000000000000000000
07207774000000200128082314580000000000000000100000000000000000
092077740001002001280823145800000000000001070002220000000555000000000000000000000000000000100000005000000000000020000000000
11207774000200200128082314580000040000010000000555000000055500000000000000000000000000200000000014450000
122077740003002001280823145800000000000000000000000000000000000000000000000555000000000000000000000000000000
07207775000000200128082315210000000000000000100000000000000000
092077750001002001280823152100000000000002010032880000000983000000000000000000000000000000100000000990000000000010000000000
092077750002002001280823152100000000000001020014920000000297000000000000000000000000000000100000001200000000000020000000000
092077750003002001280823152100000000000001050013000000000389000000000000000000000000000000100000002000000000000020000000000
092077750004002001280823152100000000000002040006880000000412000000000000000000000000000000100000000500000000000010000000000
092077750005002001280823152100000000000002190000010000000599000000000000000000000000000000000000002250000000000010000000000
092077750006002001280823152100000000000002190000010000000599000000000000000000000000000000000000002250000000000010000000000
092077750007002001280823152100000000000005480000010000000250I 0300000000000000000000000000000000000000000000000030000000000
11207775000800200128082315210000040000070000003529000000352900000000000000000000000001000000000064710000
122077750009002001280823152100000000000000000000000000000000000000000000003529000000000000000000000000000000
07207776000000200128082315230000000000000000100000000000000000
092077760001002001280823152300000000000002070010940000000655000000000000000000000000000000100000001990000000000010000000000
11207776000200200128082315230000040000010000000655000000065500000000000000000000000000100000000003450000
122077760003002001280823152300000000000000000000000000000000000000000000000655000000000000000000000000000000
07207777000000200128082315260000000000000000100000000000000000
092077770001002001280823152600000000000001110005000000000250000000000000000000000000000000100000002990000000000020000000000
092077770002002001280823152600000000000001100006680000000200000000000000000000000000000000100000000500000000000020000000000
092077770003002001280823152600000000000001060002540000000152000000000000000000000000000000100000001500000000000020000000000
11207777000400200128082315260000040000030000000602000000060200000000000000000000000000500000000043980000
122077770005002001280823152600000000000000000000000000000000000000000000000602000000000000000000000000000000
07207778000000200128082315260000000000000000100000000000000000
092077780001002001280823152600000000000001050001560000000047000000000000000000000000000000100000002000000000000020000000000
11207778000200200128082315260000040000010000000047000000004700000000000000000000000000004700000000000000
122077780003002001280823152600000000000000000000000000000000000000000000000047000000000000000000000000000000
07207779000000200128082315310000000000000000100000000000000000
092077790001002001280823153100000000000001250007020000000140I 0000000000000000000000000000100000000530000000000020000000000
11207779000200200128082315310000040000010000000140000000014000000000000000000000000000020000000000600000
122077790003002001280823153100000000000000000000000000000000000000000000000140000000000000000000000000000000
07207780000000200128082315560000000000000000100000000000000000
092077800001002001280823155600000000000001070001780000000445000000000000000000000000000000100000005000000000000020000000000
092077800002002001280823155600000000000002070023580000001412000000000000000000000000000000100000001990000000000010000000000
092077800003002001280823155600000000000005480000010000000250I 0300000000000000000000000000000000000000000000000030000000000
11207780000400200128082315560000040000030000002107000000210700000000000000000000000000220000000000930000
122077800005002001280823155600000000000000000000000000000000000000000000002107000000000000000000000000000000
07207781000000200128082315590000000000000000100000000000000000
092077810001002001280823155900000000000002480004640000000232000000000000000000000000000000100000001000000000000050000000000
092077810002002001280823155900000000000002040001220000000073000000000000000000000000000000100000000500000000000010000000000
092077810003002001280823155900000000000001220011840000000354000000000000000000000000000000100000001500000000000020000000000
092077810004002001280823155900000000000005040000010000000699I 0100000000000000000000000000000000000000000000000030000000000
092077810005002001280823155900000000000002070012860000000770000000000000000000000000000000100000001990000000000010000000000
11207781000600200128082315590000040000050000002128000000212800000000000000000000000000212800000000000000
122077810007002001280823155903100000000000000000000000000000000000000000002128000000000000000000000000000000
07207782000000200128082316010000000000000000100000000000000000
092077820001002001280823160100000000000002070011580000000694000000000000000000000000000000100000001990000000000010000000000
092077820002002001280823160100000000000003200000010000002299000000000000000000000000000000000000000000000000000050000000000
092077820003002001280823160100000000000005020000010000000100I 0000000000000000000000000000000000000100000000000060000000000
092077820004002001280823160100000000000005020000010000000100I 0000000000000000000000000000000000000100000000000060000000000
092077820005002001280823160100000000000005020000010000000100I 0000000000000000000000000000000000000100000000000060000000000
11207782000600200128082316010000040000050000003293000000329300000000000000000000000000329300000000000000
122077820007002001280823160103030000000000000000000000000000000000000000003293000000000000000000000000000000
07207783000000200128082316100000000000000000100000000000000000
092077830001002001280823161000000000000001340000010000000200000000000000000000000000000000000000002000000000000020000000000
092077830002002001280823161000000000000001340000010000000200000000000000000000000000000000000000002000000000000020000000000
11207783000300200128082316100000040000020000000400000000040000000000000000000000000000050000000001000000
122077830004002001280823161000000000000000000000000000000000000000000000000400000000000000000000000000000000
07207784000000200128082316140000000000000000100000000000000000
092077840001002001280823161400000000000001120006780000000406000000000000000000000000000000100000001000000000000020000000000
092077840002002001280823161400000000000001060005460000000327000000000000000000000000000000100000001500000000000020000000000
092077840003002001280823161400000000000003250000010000000149000000000000000000000000000000000000000790000000000040000000000
092077840004002001280823161400000000000001100005380000000161000000000000000000000000000000100000000500000000000020000000000
092077840005002001280823161400000000000003010000010000000999000000000000000000000000000000000000006000000000000050000000000
092077840006002001280823161400000000000001160006420000000192000000000000000000000000000000100000000670000000000020000000000
11207784000700200128082316140000040000060000002234000000223400000000000000000000000000223400000000000000
122077840008002001280823161403040000000000000000000000000000000000000000002234000000000000000000000000000000
07207785000000200128082316290000000000000000100000000000000000
092077850001002001280823162900000000000001010014460000000432000000000000000000000000000000100000001400000000000020000000000
11207785000200200128082316290000040000010000000432000000043200000000000000000000000000043200000000000000
122077850003002001280823162903100000000000000000000000000000000000000000000432000000000000000000000000000000
07207786000000200128082316300000000000000000100000000000000000
092077860001002001280823163000000000000002070011760000000704000000000000000000000000000000100000001990000000000010000000000
11207786000200200128082316300000040000010000000704000000070400000000000000000000000000100000000002960000
122077860003002001280823163000000000000000000000000000000000000000000000000704000000000000000000000000000000
07207787000000200128082316410000000000000000100000000000000000
092077870001002001280823164100000000000003250000010000000149000000000000000000000000000000000000000790000000000040000000000
11207787000200200128082316410000040000010000000149000000014900000000000000000000000000014900000000000000
122077870003002001280823164100000000000000000000000000000000000000000000000149000000000000000000000000000000
07207788000000200128082316420000000000000000100000000000000000
092077880001002001280823164200000000000002070012040000000721000000000000000000000000000000100000001990000000000010000000000
11207788000200200128082316420000040000010000000721000000072100000000000000000000000000075000000000290000
122077880003002001280823164200000000000000000000000000000000000000000000000721000000000000000000000000000000
07207789000000200128082317030000000000000000100000000000000000
092077890001002001280823170300000000000002070011800000000707000000000000000000000000000000100000001990000000000010000000000
092077890002002001280823170300000000000001040004460000000200000000000000000000000000000000100000002000000000000020000000000
092077890003002001280823170300000000000003250000010000000149000000000000000000000000000000000000000790000000000040000000000
092077890004002001280823170300000000000001250005340000000106I 0000000000000000000000000000100000000530000000000020000000000
092077890005002001280823170300000000000001270008000000000239000000000000000000000000000000100000000250000000000020000000000
11207789000600200128082317030000040000050000001401000000140100000000000000000000000000200000000005990000
122077890007002001280823170300000000000000000000000000000000000000000000001401000000000000000000000000000000
07207790000000200128082317100000000000000000100000000000000000
092077900001002001280823171000000000000002030012760000000637000000000000000000000000000000100000002990000000000010000000000
092077900002002001280823171000000000000002070005540000000332000000000000000000000000000000100000001990000000000010000000000
11207790000300200128082317100000040000020000000969000000096900000000000000000000000000096900000000000000
122077900004002001280823171003030000000000000000000000000000000000000000000969000000000000000000000000000000
07207791000000200128082317100000000000000000100000000000000000
092077910001002001280823171000000000000003250000010000000149000000000000000000000000000000000000000790000000000040000000000
11207791000200200128082317100000040000010000000149000000014900000000000000000000000000020000000000510000
122077910003002001280823171000000000000000000000000000000000000000000000000149000000000000000000000000000000
07207792000000200128082317100000000000000000100000000000000000
092077920001002001280823171000000000000003190000010000000500000000000000000000000000000000000000002000000000000050000000000
11207792000200200128082317100000040000010000000500000000050000000000000000000000000000050000000000000000
122077920003002001280823171000000000000000000000000000000000000000000000000500000000000000000000000000000000
07207793000000200128082317140000000000000000100000000000000000
092077930001002001280823171400000000000005040000010000000699I 0100000000000000000000000000000000000000000000000030000000000
11207793000200200128082317140000040000010000000699000000069900000000000000000000000000100000000003010000
122077930003002001280823171400000000000000000000000000000000000000000000000699000000000000000000000000000000
18207793000400200128082317280300000050000000000000000000000001
07207794000000200128082317340000000000000000100000000000000000
092077940001002001280823173400000000000002070007040000000422000000000000000000000000000000100000001990000000000010000000000
11207794000200200128082317340000040000010000000422000000042200000000000000000000000000050000000000780000
122077940003002001280823173400000000000000000000000000000000000000000000000422000000000000000000000000000000
07207795000000200128082317400000000000000000100000000000000000
092077950001002001280823174000000000000002150000010000000399000000000000000000000000000000000000000500000000000010000000000
092077950002002001280823174000000000000002050004360000000348000000000000000000000000000000100000000890000000000010000000000
11207795000300200128082317400000040000020000000747000000074700000000000000000000000000100000000002530000
122077950004002001280823174000000000000000000000000000000000000000000000000747000000000000000000000000000000
07207796000000200128082317520000000000000000100000000000000000
092077960001002001280823175200000000000003250000010000000149000000000000000000000000000000000000000790000000000040000000000
11207796000200200128082317520000040000010000000149000000014900000000000000000000000000014900000000000000
122077960003002001280823175200000000000000000000000000000000000000000000000149000000000000000000000000000000
07207797000000200128082317530000000000000000100000000000000000
092077970001002001280823175300000000000003250000010000000149000000000000000000000000000000000000000790000000000040000000000
11207797000200200128082317530000040000010000000149000000014900000000000000000000000000014900000000000000
122077970003002001280823175300000000000000000000000000000000000000000000000149000000000000000000000000000000
07207798000000200128082317540000000000000000100000000000000000
092077980001002001280823175400000000000002140011580000000462000000000000000000000000000000100000001990000000000010000000000
11207798000200200128082317540000040000010000000462000000046200000000000000000000000000046200000000000000
122077980003002001280823175403060000000000000000000000000000000000000000000462000000000000000000000000000000
14207799000000200128082318110000010000000000
07207800000000200128082318130000000000000000100000000000000000
092078000001002001280823181300000000000002290000010000000599000000000000000000000000000000000000002500000000000010000000000
17207800000200200128082318130000000000000149
092078000003002001280823181300000000000003020000010000000100000000000000000000000000000000000000000500000000000000000000000
11207800000400200128082318130000040000020000000699000000069900000000000000000000000000069900000000000000
122078000005002001280823181303030000000000000000000000000000000000000000000699000000000000000000000000000000
07207801000000200128082318200000000000000000100000000000000000
092078010001002001280823182000000000000001050002640000000079000000000000000000000000000000100000002000000000000020000000000
092078010002002001280823182000000000000001050000720000000022000000000000000000000000000000100000002000000000000020000000000
11207801000300200128082318200000040000020000000101000000010100000000000000000000000000050000000003990000
122078010004002001280823182000000000000000000000000000000000000000000000000101000000000000000000000000000000
07207802000000200128082318200000000000000000100000000000000000
092078020001002001280823182000000000000005020000010000000100I 0000000000000000000000000000000000000100000000000060000000000
11207802000200200128082318200000040000010000000100000000010000000000000000000000000000010000000000000000
122078020003002001280823182000000000000000000000000000000000000000000000000100000000000000000000000000000000
07207803000000200128082318280000000000000000100000000000000000
092078030001002001280823182800000000000003250000010000000149000000000000000000000000000000000000000790000000000040000000000
11207803000200200128082318280000040000010000000149000000014900000000000000000000000000050000000003510000
122078030003002001280823182800000000000000000000000000000000000000000000000149000000000000000000000000000000
07207804000000200128082318300000000000000000100000000000000000
092078040001002001280823183000000000000003250000010000000149000000000000000000000000000000000000000790000000000040000000000
092078040002002001280823183000000000000001050004720000000141000000000000000000000000000000100000002000000000000020000000000
092078040003002001280823183000000000000001070002560000000640000000000000000000000000000000100000005000000000000020000000000
092078040004002001280823183000000000000001010011080000000331000000000000000000000000000000100000001400000000000020000000000
092078040005002001280823183000000000000004020000030000000300I 0300000000000000000000000000000000000230000000000030000000000
11207804000600200128082318300000040000050000001561000000156100000000000000000000000000200000000004390000
122078040007002001280823183000000000000000000000000000000000000000000000001561000000000000000000000000000000
07207805000000200128082318370000000000000000100000000000000000
092078050001002001280823183700000000000005110000010000001499I 0100000000000000000000000000000000000000000000000050000000000
092078050002002001280823183700000000000001010004560000000136000000000000000000000000000000100000001400000000000020000000000
092078050003002001280823183700000000000005530000010000000200I 0300000000000000000000000000000000001000000000000080000000000
11207805000400200128082318370000040000030000001835000000183500000000000000000000000000183500000000000000
122078050005002001280823183703100000000000000000000000000000000000000000001835000000000000000000000000000000
07207806000000200128082318390000000000000000100000000000000000
092078060001002001280823183900000000000002070012600000000755000000000000000000000000000000100000001990000000000010000000000
092078060002002001280823183900000000000002110009600000000479000000000000000000000000000000100000000990000000000010000000000
11207806000300200128082318390000040000020000001234000000123400000000000000000000000000123400000000000000
122078060004002001280823183903010000000000000000000000000000000000000000001234000000000000000000000000000000
07207807000000200128082318460000000000000000100000000000000000
092078070001002001280823184600000000000001010011540000000345000000000000000000000000000000100000001400000000000020000000000
11207807000200200128082318460000040000010000000345000000034500000000000000000000000000034500000000000000
122078070003002001280823184603020000000000000000000000000000000000000000000345000000000000000000000000000000
07207808000000200128082318530000000000000000100000000000000000
092078080001002001280823185300000000000002070011840000000709000000000000000000000000000000100000001990000000000010000000000
11207808000200200128082318530000040000010000000709000000070900000000000000000000000000200000000012910000
122078080003002001280823185300000000000000000000000000000000000000000000000709000000000000000000000000000000
07207809000000200128082318540000000000000000100000000000000000
092078090001002001280823185400000000000002130013380000000400000000000000000000000000000000100000001400000000000010000000000
11207809000200200128082318540000040000010000000400000000040000000000000000000000000000040000000000000000
122078090003002001280823185400000000000000000000000000000000000000000000000400000000000000000000000000000000
07207810000000200128082318570000000000000000100000000000000000
092078100001002001280823185700000000000003190000010000000500000000000000000000000000000000000000002000000000000050000000000
11207810000200200128082318570000040000010000000500000000050000000000000000000000000000050000000000000000
122078100003002001280823185700000000000000000000000000000000000000000000000500000000000000000000000000000000
07207811000000200128082319010000000000000000100000000000000000
092078110001002001280823190100000000000003250000010000000149000000000000000000000000000000000000000790000000000040000000000
092078110002002001280823190100000000000001130006700000000334000000000000000000000000000000100000001500000000000020000000000
11207811000300200128082319010000040000020000000483000000048300000000000000000000000000100000000005170000
122078110004002001280823190100000000000000000000000000000000000000000000000483000000000000000000000000000000
07207812000000200128082319090000000000000000100000000000000000
092078120001002001280823190900000000000005050000010000000600I 0100000000000000000000000000000000003000000000000030000000000
092078120002002001280823190900000000000001230000860000000077000000000000000000000000000000100000008750000000000020000000000
11207812000300200128082319090000040000020000000677000000067700000000000000000000000000067700000000000000
122078120004002001280823190903030000000000000000000000000000000000000000000677000000000000000000000000000000
07207813000000200128082319140000000000000000100000000000000000
092078130001002001280823191400000000000001070000620000000155000000000000000000000000000000100000005000000000000020000000000
092078130002002001280823191400000000000003250000010000000149000000000000000000000000000000000000000790000000000040000000000
11207813000300200128082319140000040000020000000304000000030400000000000000000000000000030400000000000000
122078130004002001280823191403030000000000000000000000000000000000000000000304000000000000000000000000000000
07207814000000200128082319280000000000000000100000000000000000
092078140001002001280823192800000000000002070005420000000325000000000000000000000000000000100000001990000000000010000000000
092078140002002001280823192800000000000001090001000000000060000000000000000000000000000000100000001500000000000020000000000
092078140003002001280823192800000000000001040005560000000250000000000000000000000000000000100000002000000000000020000000000
092078140004002001280823192800000000000003250000010000000149000000000000000000000000000000000000000790000000000040000000000
11207814000500200128082319280000040000040000000784000000078400000000000000000000000000078400000000000000
122078140006002001280823192803020000000000000000000000000000000000000000000784000000000000000000000000000000
07207815000000200128082319330000000000000000100000000000000000
092078150001002001280823193300000000000002140016220000000647000000000000000000000000000000100000001990000000000010000000000
092078150002002001280823193300000000000002080015940000001114000000000000000000000000000000100000000500000000000010000000000
092078150003002001280823193300000000000002120012040000000601000000000000000000000000000000100000002250000000000010000000000
11207815000400200128082319330000040000030000002362000000236200000000000000000000000000500000000026380000
122078150005002001280823193300000000000000000000000000000000000000000000002362000000000000000000000000000000
07207816000000200128082319340000000000000000100000000000000000
092078160001002001280823193400000000000005030000010000001099I 0000000000000000000000000000000000004420000000000020000000000
11207816000200200128082319340000040000010000001099000000109900000000000000000000000000120000000001010000
122078160003002001280823193400000000000000000000000000000000000000000000001099000000000000000000000000000000
07207817000000200128082319370000000000000000100000000000000000
092078170001002001280823193700000000000001010028980000000867000000000000000000000000000000100000001400000000000020000000000
092078170002002001280823193700000000000001040005760000000259000000000000000000000000000000100000002000000000000020000000000
092078170003002001280823193700000000000003250000010000000149000000000000000000000000000000000000000790000000000040000000000
092078170004002001280823193700000000000003250000010000000149000000000000000000000000000000000000000790000000000040000000000
092078170005002001280823193700000000000004020000040000000400I 0300000000000000000000000000000000000230000000000030000000000
11207817000600200128082319370000040000050000001824000000182400000000000000000000000000182400000000000000
122078170007002001280823193703050000000000000000000000000000000000000000001824000000000000000000000000000000
07207818000000200128082319380000000000000000100000000000000000
092078180001002001280823193800000000000002480003240000000162000000000000000000000000000000100000001000000000000050000000000
092078180002002001280823193800000000000002040001460000000087000000000000000000000000000000100000000500000000000010000000000
092078180003002001280823193800000000000002070008240000000494000000000000000000000000000000100000001990000000000010000000000
11207818000400200128082319380000040000030000000743000000074300000000000000000000000000074300000000000000
122078180005002001280823193800000000000000000000000000000000000000000000000743000000000000000000000000000000
07207819000000200128082319450000000000000000100000000000000000
092078190001002001280823194500000000000001010014640000000438000000000000000000000000000000100000001400000000000020000000000
092078190002002001280823194500000000000002090004660000000605000000000000000000000000000000100000004720000000000010000000000
092078190003002001280823194500000000000002010005680000000170000000000000000000000000000000100000000990000000000010000000000
092078190004002001280823194500000000000001220010780000000322000000000000000000000000000000100000001500000000000020000000000
092078190005002001280823194500000000000005480000010000000250I 0300000000000000000000000000000000000000000000000030000000000
092078190006002001280823194500000000000001050005560000000166000000000000000000000000000000100000002000000000000020000000000
11207819000700200128082319450000040000060000001951000000195100000000000000000000000000195100000000000000
122078190008002001280823194503020000000000000000000000000000000000000000001951000000000000000000000000000000
07207820000000200128082319490000000000000000100000000000000000
092078200001002001280823194900000000000003250000010000000149000000000000000000000000000000000000000790000000000040000000000
092078200002002001280823194900000000000001080003260000000293000000000000000000000000000000100000001000000000000020000000000
092078200003002001280823194900000000000001170004280000000171000000000000000000000000000000100000002490000000000020000000000
092078200004002001280823194900000000000002070007820000000468000000000000000000000000000000100000001990000000000010000000000
092078200005002001280823194900000000000002050004260000000340000000000000000000000000000000100000000890000000000010000000000
092078200006002001280823194900000000000002190000010000000599000000000000000000000000000000000000002250000000000010000000000
11207820000700200128082319490000040000060000002020000000202000000000000000000000000000202000000000000000
122078200008002001280823194903030000000000000000000000000000000000000000002020000000000000000000000000000000
07207821000000200128082320120000000000000000100000000000000000
092078210001002001280823201200000000000005110000010000001499I 0100000000000000000000000000000000000000000000000050000000000
092078210002002001280823201200000000000001020006440000000128000000000000000000000000000000100000001200000000000020000000000
092078210003002001280823201200000000000001050003860000000115000000000000000000000000000000100000002000000000000020000000000
11207821000400200128082320120000040000030000001742000000174200000000000000000000000001000000000082580000
122078210005002001280823201200000000000000000000000000000000000000000000001742000000000000000000000000000000
07207822000000200128082320130000000000000000100000000000000000
092078220001002001280823201300000000000003250000010000000149000000000000000000000000000000000000000790000000000040000000000
092078220002002001280823201300000000000003250000010000000149000000000000000000000000000000000000000790000000000040000000000
11207822000300200128082320130000040000020000000298000000029800000000000000000000000000029800000000000000
122078220004002001280823201300000000000000000000000000000000000000000000000298000000000000000000000000000000
07207823000000200128082320140000000000000000100000000000000000
092078230001002001280823201400000000000004020000010000000100I 0300000000000000000000000000000000000230000000000030000000000
092078230002002001280823201400000000000004020000010000000100I 0300000000000000000000000000000000000230000000000030000000000
092078230003002001280823201400000000000003250000010000000149000000000000000000000000000000000000000790000000000040000000000
092078230004002001280823201400000000000001090000580000000035000000000000000000000000000000100000001500000000000020000000000
092078230005002001280823201400000000000001080002440000000219000000000000000000000000000000100000001000000000000020000000000
092078230006002001280823201400000000000005530000010000000200I 0300000000000000000000000000000000001000000000000080000000000
092078230007002001280823201400000000000005530000010000000200I 0300000000000000000000000000000000001000000000000080000000000
11207823000800200128082320140000040000070000001003000000100300000000000000000000000000100300000000000000
122078230009002001280823201403020000000000000000000000000000000000000000001003000000000000000000000000000000
07207824000000200128082320190000000000000000100000000000000000
092078240001002001280823201900000000000002070010980000000658000000000000000000000000000000100000001990000000000010000000000
092078240002002001280823201900000000000002010010740000000321000000000000000000000000000000100000000990000000000010000000000
11207824000300200128082320190000040000020000000979000000097900000000000000000000000000500000000040210000
122078240004002001280823201900000000000000000000000000000000000000000000000979000000000000000000000000000000
07207825000000200128082320590000000000000000100000000000000000
092078250001002001280823205900000000000005040000010000000699I 0100000000000000000000000000000000000000000000000030000000000
092078250002002001280823205900000000000002010037540000001122000000000000000000000000000000100000000990000000000010000000000
11207825000300200128082320590000040000020000001821000000182100000000000000000000000000182100000000000000
122078250004002001280823205903040000000000000000000000000000000000000000001821000000000000000000000000000000
18207825000500200128082320591200000138000000000000000000000001
062078250006002001280823205900000100000050000000000000000000000000000000000000000000
0420782600000020012808232100000001207706207826000002215201280000022163886128082300001159430000000000000000000000000007840001000000000000000000000000000000000000000000000000000000000000000000000000000000001234567890AB        
