01206879000000200122082307260000010000015000000002207375631.82G5E   1234567890AB        Generica            
02206879000100200122082307260000010000070000000000
07206880000000200122082307460000000000000000100000000000000000
092068800001002001220823074600000000000001130008740000000436000000000000000000000000000000100000001500000000000020000000000
092068800002002001220823074600000000000001110003400000000170000000000000000000000000000000100000002990000000000020000000000
092068800003002001220823074600000000000001170003320000000132000000000000000000000000000000100000002490000000000020000000000
092068800004002001220823074600000000000001060004060000000203000000000000000000000000000000100000001500000000000020000000000
11206880000500200122082307460000070000040000000941000000094100000000000000000000000000100000000000590000
122068800006002001220823074600000000000000000000000000000000000000000000000941000000000000000000000000000000
07206881000000200122082307500000000000000000100000000000000000
092068810001002001220823075000000000000003250000010000000099000000000000000000000000000000000000000790000000000040000000000
092068810002002001220823075000000000000001290001320000000024000000000000000000000000000000100000000250000000000020000000000
11206881000300200122082307500000070000020000000123000000012300000000000000000000000000012300000000000000
122068810004002001220823075000000000000000000000000000000000000000000000000123000000000000000000000000000000
07206882000000200122082307530000000000000000100000000000000000
092068820001002001220823075300000000000003190000010000000500000000000000000000000000000000000000002000000000000050000000000
11206882000200200122082307530000070000010000000500000000050000000000000000000000000000050000000000000000
122068820003002001220823075300000000000000000000000000000000000000000000000500000000000000000000000000000000
07206883000000200122082307570000000000000000100000000000000000
092068830001002001220823075700000000000001220007780000000310000000000000000000000000000000100000001500000000000020000000000
092068830002002001220823075700000000000001040003420000000154000000000000000000000000000000100000002000000000000020000000000
092068830003002001220823075700000000000001270002600000000052000000000000000000000000000000100000000250000000000020000000000
092068830004002001220823075700000000000001260002240000000089000000000000000000000000000000100000000500000000000020000000000
092068830005002001220823075700000000000001090001500000000075000000000000000000000000000000100000001500000000000020000000000
092068830006002001220823075700000000000001120005560000000333000000000000000000000000000000100000001000000000000020000000000
092068830007002001220823075700000000000001140001940000000097000000000000000000000000000000100000000500000000000020000000000
092068830008002001220823075700000000000001080002600000000130000000000000000000000000000000100000001000000000000020000000000
11206883000900200122082307570000070000080000001240000000124000000000000000000000000000124000000000000000
122068830010002001220823075700000000000000000000000000000000000000000000001240000000000000000000000000000000
07206884000000200122082308070000000000000000100000000000000000
092068840001002001220823080700000000000002140008620000000430000000000000000000000000000000100000001990000000000010000000000
092068840002002001220823080700000000000004020000020000000200I 0300000000000000000000000000000000000230000000000030000000000
092068840003002001220823080700000000000004010000020000000200I 0300000000000000000000000000000000000000000000000030000000000
092068840004002001220823080700000000000001290008660000000155000000000000000000000000000000100000000250000000000020000000000
092068840005002001220823080700000000000002480008980000000269000000000000000000000000000000100000001000000000000050000000000
092068840006002001220823080700000000000001050006020000000180000000000000000000000000000000100000002000000000000020000000000
092068840007002001220823080700000000000001220007360000000294000000000000000000000000000000100000001500000000000020000000000
11206884000800200122082308070000070000070000001728000000172800000000000000000000000000172800000000000000
122068840009002001220823080703030000000000000000000000000000000000000000001728000000000000000000000000000000
07206885000000200122082308270000000000000000100000000000000000
092068850001002001220823082700000000000001160012780000000382000000000000000000000000000000100000000670000000000020000000000
092068850002002001220823082700000000000001050004020000000120000000000000000000000000000000100000002000000000000020000000000
092068850003002001220823082700000000000001010011380000000397000000000000000000000000000000100000001400000000000020000000000
092068850004002001220823082700000000000001100008260000000330000000000000000000000000000000100000000500000000000020000000000
092068850005002001220823082700000000000001090002380000000119000000000000000000000000000000100000001500000000000020000000000
092068850006002001220823082700000000000001170002440000000097000000000000000000000000000000100000002490000000000020000000000
092068850007002001220823082700000000000002260004820000000289000000000000000000000000000000100000002000000000000010000000000
092068850008002001220823082700000000000001080004940000000247000000000000000000000000000000100000001000000000000020000000000
092068850009002001220823082700000000000001220012160000000485000000000000000000000000000000100000001500000000000020000000000
092068850010002001220823082700000000000002070007180000000430000000000000000000000000000000100000001990000000000010000000000
11206885001100200122082308270000070000100000002896000000289600000000000000000000000001000000000071040000
122068850012002001220823082700000000000000000000000000000000000000000000002896000000000000000000000000000000
07206886000000200122082308290000000000000000100000000000000000
092068860001002001220823082900000000000001290009460000000169000000000000000000000000000000100000000250000000000020000000000
092068860002002001220823082900000000000003250000010000000099000000000000000000000000000000000000000790000000000040000000000
092068860003002001220823082900000000000003250000010000000099000000000000000000000000000000000000000790000000000040000000000
092068860004002001220823082900000000000003250000010000000099000000000000000000000000000000000000000790000000000040000000000
11206886000500200122082308290000070000040000000466000000046600000000000000000000000000046600000000000000
122068860006002001220823082903020000000000000000000000000000000000000000000466000000000000000000000000000000
07206887000000200122082308320000000000000000100000000000000000
092068870001002001220823083200000000000001110020210000001009000000000000000000000000000000100000002990000000000020000000000
092068870002002001220823083200000000000001250012660000000379I 0000000000000000000000000000100000000530000000000020000000000
092068870003002001220823083200000000000003250000060000000594000000000000000000000000000000000000000790000000000040000000000
11206887000400200122082308320000070000030000001982000000198200000000000000000000000000198200000000000000
122068870005002001220823083203020000000000000000000000000000000000000000001982000000000000000000000000000000
07206888000000200122082308340000000000000000100000000000000000
092068880001002001220823083400000000000003250000010000000099000000000000000000000000000000000000000790000000000040000000000
092068880002002001220823083400000000000003250000010000000099000000000000000000000000000000000000000790000000000040000000000
11206888000300200122082308340000070000020000000198000000019800000000000000000000000000019800000000000000
122068880004002001220823083400000000000000000000000000000000000000000000000198000000000000000000000000000000
07206889000000200122082308370000000000000000100000000000000000
092068890001002001220823083700000000000002070007340000000440000000000000000000000000000000100000001990000000000010000000000
092068890002002001220823083700000000000002010003660000000146000000000000000000000000000000100000000990000000000010000000000
092068890003002001220823083700000000000001070001160000000243000000000000000000000000000000100000005000000000000020000000000
11206889000400200122082308370000070000030000000829000000082900000000000000000000000000100000000001710000
122068890005002001220823083700000000000000000000000000000000000000000000000829000000000000000000000000000000
07206890000000200122082308420000000000000000100000000000000000
092068900001002001220823084200000000000001290010060000000180000000000000000000000000000000100000000250000000000020000000000
092068900002002001220823084200000000000001290001240000000022000000000000000000000000000000100000000250000000000020000000000
11206890000300200122082308420000070000020000000202000000020200000000000000000000000000020200000000000000
122068900004002001220823084200000000000000000000000000000000000000000000000202000000000000000000000000000000
07206891000000200122082308500000000000000000100000000000000000
092068910001002001220823085000000000000001290005960000000107000000000000000000000000000000100000000250000000000020000000000
092068910002002001220823085000000000000001160004720000000141000000000000000000000000000000100000000670000000000020000000000
092068910003002001220823085000000000000002070003680000000220000000000000000000000000000000100000001990000000000010000000000
11206891000400200122082308500000070000030000000468000000046800000000000000000000000000100000000005320000
122068910005002001220823085000000000000000000000000000000000000000000000000468000000000000000000000000000000
07206892000000200122082308570000000000000000100000000000000000
092068920001002001220823085700000000000003010000010000000999000000000000000000000000000000000000006000000000000050000000000
11206892000200200122082308570000070000010000000999000000099900000000000000000000000000099900000000000000
122068920003002001220823085700000000000000000000000000000000000000000000000999000000000000000000000000000000
07206893000000200122082309010000000000000000100000000000000000
092068930001002001220823090100000000000001070000960000000202000000000000000000000000000000100000005000000000000020000000000
11206893000200200122082309010000070000010000000202000000020200000000000000000000000000020200000000000000
122068930003002001220823090100000000000000000000000000000000000000000000000202000000000000000000000000000000
07206894000000200122082309040000000000000000100000000000000000
092068940001002001220823090400000000000001290010340000000185000000000000000000000000000000100000000250000000000020000000000
11206894000200200122082309040000070000010000000185000000018500000000000000000000000000020000000000150000
122068940003002001220823090400000000000000000000000000000000000000000000000185000000000000000000000000000000
07206895000000200122082309100000000000000000100000000000000000
092068950001002001220823091000000000000002230004320000000648000000000000000000000000000000100000004980000000000010000000000
092068950002002001220823091000000000000003250000010000000099000000000000000000000000000000000000000790000000000040000000000
092068950003002001220823091000000000000003250000010000000099000000000000000000000000000000000000000790000000000040000000000
092068950004002001220823091000000000000001050010100000000302000000000000000000000000000000100000002000000000000020000000000
092068950005002001220823091000000000000001290008960000000160000000000000000000000000000000100000000250000000000020000000000
11206895000600200122082309100000070000050000001308000000130800000000000000000000000000130800000000000000
122068950007002001220823091003100000000000000000000000000000000000000000001308000000000000000000000000000000
07206896000000200122082309110000000000000000100000000000000000
092068960001002001220823091100000000000004010000010000000100I 0300000000000000000000000000000000000000000000000030000000000
092068960002002001220823091100000000000004020000010000000100I 0300000000000000000000000000000000000230000000000030000000000
092068960003002001220823091100000000000004010000010000000100I 0300000000000000000000000000000000000000000000000030000000000
11206896000400200122082309110000070000030000000300000000030000000000000000000000000000030000000000000000
122068960005002001220823091100000000000000000000000000000000000000000000000300000000000000000000000000000000
07206897000000200122082309120000000000000000100000000000000000
092068970001002001220823091200000000000005080000010000002399I 0100000000000000000000000000000000015000000000000070000000000
11206897000200200122082309120000070000010000002399000000239900000000000000000000000000240000000000010000
122068970003002001220823091203010000000000000000000000000000000000000000002000000000000000000000000000000000
122068970004002001220823091200000000000000000000000000000000000000000000000399000000000000000000000000000000
07206898000000200122082309140000000000000000100000000000000000
092068980001002001220823091400000000000001010012560000000438000000000000000000000000000000100000001400000000000020000000000
092068980002002001220823091400000000000001290012320000000221000000000000000000000000000000100000000250000000000020000000000
092068980003002001220823091400000000000003250000010000000099000000000000000000000000000000000000000790000000000040000000000
11206898000400200122082309140000070000030000000758000000075800000000000000000000000000075800000000000000
122068980005002001220823091403050000000000000000000000000000000000000000000758000000000000000000000000000000
07206899000000200122082309300000000000000000100000000000000000
092068990001002001220823093000000000000003250000010000000099000000000000000000000000000000000000000790000000000040000000000
092068990002002001220823093000000000000003250000010000000099000000000000000000000000000000000000000790000000000040000000000
11206899000300200122082309300000070000020000000198000000019800000000000000000000000000019800000000000000
122068990004002001220823093000000000000000000000000000000000000000000000000198000000000000000000000000000000
07206900000000200122082309320000000000000000100000000000000000
092069000001002001220823093200000000000001050006520000000195000000000000000000000000000000100000002000000000000020000000000
092069000002002001220823093200000000000001290020600000000369000000000000000000000000000000100000000250000000000020000000000
11206900000300200122082309320000070000020000000564000000056400000000000000000000000000056400000000000000
122069000004002001220823093200000000000000000000000000000000000000000000000564000000000000000000000000000000
07206901000000200122082309350000000000000000100000000000000000
092069010001002001220823093500000000000004070000010000000050I 0300000000000000000000000000000000000070000000000030000000000
11206901000200200122082309350000070000010000000050000000005000000000000000000000000000005000000000000000
122069010003002001220823093500000000000000000000000000000000000000000000000050000000000000000000000000000000
07206902000000200122082309410000000000000000100000000000000000
092069020001002001220823094100000000000003250000030000000297000000000000000000000000000000000000000790000000000040000000000
092069020002002001220823094100000000000020700011140000000222000000000000000000000000000000100000000500000000000010000000000
092069020003002001220823094100000000000001290011860000000212000000000000000000000000000000100000000250000000000020000000000
092069020004002001220823094100000000000005020000070000000700I 0000000000000000000000000000000000000100000000000060000000000
11206902000500200122082309410000070000040000001431000000143100000000000000000000000000143100000000000000
122069020006002001220823094103030000000000000000000000000000000000000000001431000000000000000000000000000000
07206903000000200122082309420000000000000000100000000000000000
092069030001002001220823094200000000000003020000010000000100000000000000000000000000000000000000000500000000000000000000000
11206903000200200122082309420000070000010000000100000000010000000000000000000000000000010000000000000000
122069030003002001220823094200000000000000000000000000000000000000000000000100000000000000000000000000000000
07206904000000200122082309470000000000000000100000000000000000
092069040001002001220823094700000000000001220005500000000219000000000000000000000000000000100000001500000000000020000000000
11206904000200200122082309470000070000010000000219000000021900000000000000000000000000050000000002810000
122069040003002001220823094700000000000000000000000000000000000000000000000219000000000000000000000000000000
07206905000000200122082309480000000000000000100000000000000000
092069050001002001220823094800000000000001290010820000000194000000000000000000000000000000100000000250000000000020000000000
092069050002002001220823094800000000000003250000010000000099000000000000000000000000000000000000000790000000000040000000000
11206905000300200122082309480000070000020000000293000000029300000000000000000000000000029300000000000000
122069050004002001220823094800000000000000000000000000000000000000000000000293000000000000000000000000000000
07206906000000200122082309490000000000000000100000000000000000
092069060001002001220823094900000000000003250000010000000099000000000000000000000000000000000000000790000000000040000000000
092069060002002001220823094900000000000001010005000000000175000000000000000000000000000000100000001400000000000020000000000
11206906000300200122082309490000070000020000000274000000027400000000000000000000000000027400000000000000
122069060004002001220823094900000000000000000000000000000000000000000000000274000000000000000000000000000000
14206907000000200122082309530000010000001076
07206908000000200122082309530000000000000000100000000000000000
092069080001002001220823095300000000000002230004500000000675000000000000000000000000000000100000004980000000000010000000000
092069080002002001220823095300000000000002260004560000000273000000000000000000000000000000100000002000000000000010000000000
11206908000300200122082309530000070000020000000948000000094800000000000000000000000000094800000000000000
122069080004002001220823095300000000000000000000000000000000000000000000000948000000000000000000000000000000
07206909000000200122082309560000000000000000100000000000000000
092069090001002001220823095600000000000002070018180000001089000000000000000000000000000000100000001990000000000010000000000
092069090002002001220823095600000000000001220003900000000156000000000000000000000000000000100000001500000000000020000000000
092069090003002001220823095600000000000002170000010000000999000000000000000000000000000000000000006500000000000010000000000
11206909000400200122082309560000070000030000002244000000224400000000000000000000000001000000000077560000
122069090005002001220823095600000000000000000000000000000000000000000000002244000000000000000000000000000000
07206910000000200122082309580000000000000000100000000000000000
092069100001002001220823095800000000000001290007640000000137000000000000000000000000000000100000000250000000000020000000000
092069100002002001220823095800000000000002480011720000000350000000000000000000000000000000100000001000000000000050000000000
17206910000300200122082309580000000000000399
092069100004002001220823095800000000000005020000010000000100I 0000000000000000000000000000000000000100000000000060000000000
092069100005002001220823095800000000000005020000010000000100I 0000000000000000000000000000000000000100000000000060000000000
11206910000600200122082309580000070000040000000687000000068700000000000000000000000000068700000000000000
122069100007002001220823095803030000000000000000000000000000000000000000000687000000000000000000000000000000
07206911000000200122082310100000000000000000100000000000000000
092069110001002001220823101000000000000001090002740000000137000000000000000000000000000000100000001500000000000020000000000
11206911000200200122082310100000070000010000000137000000013700000000000000000000000000013700000000000000
122069110003002001220823101003060000000000000000000000000000000000000000000137000000000000000000000000000000
07206912000000200122082310140000000000000000100000000000000000
092069120001002001220823101400000000000001330021800000003268000000000000000000000000000000100000002780000000000020000000000
11206912000200200122082310140000070000010000003268000000326800000000000000000000000000500000000017320000
122069120003002001220823101400000000000000000000000000000000000000000000003268000000000000000000000000000000
07206913000000200122082310200000000000000000100000000000000000
092069130001002001220823102000000000000001290002560000000046000000000000000000000000000000100000000250000000000020000000000
092069130002002001220823102000000000000001080001740000000087000000000000000000000000000000100000001000000000000020000000000
092069130003002001220823102000000000000001100004140000000165000000000000000000000000000000100000000500000000000020000000000
092069130004002001220823102000000000000001140004260000000213000000000000000000000000000000100000000500000000000020000000000
11206913000500200122082310200000070000040000000511000000051100000000000000000000000000051100000000000000
122069130006002001220823102000000000000000000000000000000000000000000000000511000000000000000000000000000000
07206914000000200122082310210000000000000000100000000000000000
092069140001002001220823102100000000000004020000010000000100I 0300000000000000000000000000000000000230000000000030000000000
11206914000200200122082310210000070000010000000100000000010000000000000000000000000000010000000000000000
122069140003002001220823102100000000000000000000000000000000000000000000000100000000000000000000000000000000
07206915000000200122082310240000000000000000100000000000000000
092069150001002001220823102400000000000002480014500000000434000000000000000000000000000000100000001000000000000050000000000
11206915000200200122082310240000070000010000000434000000043400000000000000000000000000043400000000000000
122069150003002001220823102403100000000000000000000000000000000000000000000434000000000000000000000000000000
07206916000000200122082310240000000000000000100000000000000000
092069160001002001220823102400000000000002480004600000000138000000000000000000000000000000100000001000000000000050000000000
11206916000200200122082310240000070000010000000138000000013800000000000000000000000000013800000000000000
122069160003002001220823102400000000000000000000000000000000000000000000000138000000000000000000000000000000
07206917000000200122082310320000000000000000100000000000000000
092069170001002001220823103200000000000003250000010000000099000000000000000000000000000000000000000790000000000040000000000
11206917000200200122082310320000070000010000000099000000009900000000000000000000000000009900000000000000
122069170003002001220823103200000000000000000000000000000000000000000000000099000000000000000000000000000000
07206918000000200122082310340000000000000000100000000000000000
092069180001002001220823103400000000000001220011520000000460000000000000000000000000000000100000001500000000000020000000000
092069180002002001220823103400000000000003250000010000000099000000000000000000000000000000000000000790000000000040000000000
11206918000300200122082310340000070000020000000559000000055900000000000000000000000000100000000004410000
122069180004002001220823103400000000000000000000000000000000000000000000000559000000000000000000000000000000
07206919000000200122082310350000000000000000100000000000000000
092069190001002001220823103500000000000001150001540000000154000000000000000000000000000000100000001000000000000020000000000
11206919000200200122082310350000070000010000000154000000015400000000000000000000000000015400000000000000
122069190003002001220823103500000000000000000000000000000000000000000000000154000000000000000000000000000000
07206920000000200122082310420000000000000000100000000000000000
092069200001002001220823104200000000000001020010040000000250000000000000000000000000000000100000001200000000000020000000000
11206920000200200122082310420000070000010000000250000000025000000000000000000000000000100000000007500000
122069200003002001220823104200000000000000000000000000000000000000000000000250000000000000000000000000000000
07206921000000200122082310450000000000000000100000000000000000
092069210001002001220823104500000000000003250000010000000099000000000000000000000000000000000000000790000000000040000000000
092069210002002001220823104500000000000003250000010000000099000000000000000000000000000000000000000790000000000040000000000
092069210003002001220823104500000000000003250000010000000099000000000000000000000000000000000000000790000000000040000000000
092069210004002001220823104500000000000001140006320000000315000000000000000000000000000000100000000500000000000020000000000
092069210005002001220823104500000000000002050005740000000459000000000000000000000000000000100000000890000000000010000000000
092069210006002001220823104500000000000002070013660000000818000000000000000000000000000000100000001990000000000010000000000
092069210007002001220823104500000000000001290006260000000112000000000000000000000000000000100000000250000000000020000000000
092069210008002001220823104500000000000001040005520000000248000000000000000000000000000000100000002000000000000020000000000
092069210009002001220823104500000000000001010009200000000275000000000000000000000000000000100000001400000000000020000000000
092069210010002001220823104500000000000001250005420000000162I 0000000000000000000000000000100000000530000000000020000000000
092069210011002001220823104500000000000001070003400000000714000000000000000000000000000000100000005000000000000020000000000
11206921001200200122082310450000070000110000003400000000340000000000000000000000000000340000000000000000
122069210013002001220823104502010000000000000000000000000000000000100000003400000000000000000000000000000000
102069210014002001220823104501000000000000001000000034000000000000000042000007
07206922000000200122082310460000000000000000100000000000000000
092069220001002001220823104600000000000003250000010000000099000000000000000000000000000000000000000790000000000040000000000
092069220002002001220823104600000000000001100003820000000152000000000000000000000000000000100000000500000000000020000000000
092069220003002001220823104600000000000001290009680000000173000000000000000000000000000000100000000250000000000020000000000
11206922000400200122082310460000070000030000000424000000042400000000000000000000000000060000000001760000
122069220005002001220823104600000000000000000000000000000000000000000000000424000000000000000000000000000000
07206923000000200122082310540000000000000000100000000000000000
092069230001002001220823105400000000000003250000010000000099000000000000000000000000000000000000000790000000000040000000000
092069230002002001220823105400000000000003250000010000000099000000000000000000000000000000000000000790000000000040000000000
11206923000300200122082310540000070000020000000198000000019800000000000000000000000000050000000003020000
122069230004002001220823105400000000000000000000000000000000000000000000000198000000000000000000000000000000
07206924000000200122082311060000000000000000100000000000000000
092069240001002001220823110600000000000001290011180000000200000000000000000000000000000000100000000250000000000020000000000
092069240002002001220823110600000000000001160004380000000131000000000000000000000000000000100000000670000000000020000000000
092069240003002001220823110600000000000001250005200000000155I 0000000000000000000000000000100000000530000000000020000000000
092069240004002001220823110600000000000001060002780000000139000000000000000000000000000000100000001500000000000020000000000
092069240005002001220823110600000000000001050004220000000126000000000000000000000000000000100000002000000000000020000000000
092069240006002001220823110600000000000001090002060000000103000000000000000000000000000000100000001500000000000020000000000
11206924000700200122082311060000070000060000000854000000085400000000000000000000000000200000000011460000
122069240008002001220823110600000000000000000000000000000000000000000000000854000000000000000000000000000000
07206925000000200122082311090000000000000000100000000000000000
092069250001002001220823110900000000000020700015320000000305000000000000000000000000000000100000000500000000000010000000000
11206925000200200122082311090000070000010000000305000000030500000000000000000000000000040000000000950000
122069250003002001220823110900000000000000000000000000000000000000000000000305000000000000000000000000000000
07206926000000200122082311180000000000000000100000000000000000
092069260001002001220823111800000000000001010023220000000694000000000000000000000000000000100000001400000000000020000000000
092069260002002001220823111800000000000003250000010000000099000000000000000000000000000000000000000790000000000040000000000
092069260003002001220823111800000000000005020000030000000300I 0000000000000000000000000000000000000100000000000060000000000
11206926000400200122082311180000070000030000001093000000109300000000000000000000000000109300000000000000
122069260005002001220823111803030000000000000000000000000000000000000000001093000000000000000000000000000000
07206927000000200122082311190000000000000000100000000000000000
092069270001002001220823111900000000000020700005380000000107000000000000000000000000000000100000000500000000000010000000000
11206927000200200122082311190000070000010000000107000000010700000000000000000000000000010700000000000000
122069270003002001220823111900000000000000000000000000000000000000000000000107000000000000000000000000000000
07206928000000200122082311210000000000000000100000000000000000
092069280001002001220823112100000000000001050006300000000188000000000000000000000000000000100000002000000000000020000000000
092069280002002001220823112100000000000002480006940000000208000000000000000000000000000000100000001000000000000050000000000
092069280003002001220823112100000000000001290006080000000109000000000000000000000000000000100000000250000000000020000000000
092069280004002001220823112100000000000020700006280000000125000000000000000000000000000000100000000500000000000010000000000
092069280005002001220823112100000000000001140005500000000274000000000000000000000000000000100000000500000000000020000000000
11206928000600200122082311210000070000050000000904000000090400000000000000000000000000100000000000960000
122069280007002001220823112100000000000000000000000000000000000000000000000904000000000000000000000000000000
18206928000800200122082311210800000010000000000000000000000001
07206929000000200122082311240000000000000000100000000000000000
092069290001002001220823112400000000000001080006940000000346000000000000000000000000000000100000001000000000000020000000000
092069290002002001220823112400000000000001050004860000000145000000000000000000000000000000100000002000000000000020000000000
092069290003002001220823112400000000000002040003760000000263000000000000000000000000000000100000000500000000000010000000000
11206929000400200122082311240000070000030000000754000000075400000000000000000000000000075400000000000000
122069290005002001220823112402010000000000000000000000000000000000160000000754000000000000000000000000000000
102069290006002001220823112401000000000000001600000007540000000000000688000007
14206930000000200122082311250000010000000000
07206931000000200122082311260000000000000000100000000000000000
092069310001002001220823112600000000000001070001320000000277000000000000000000000000000000100000005000000000000020000000000
092069310002002001220823112600000000000001140002260000000113000000000000000000000000000000100000000500000000000020000000000
092069310003002001220823112600000000000001260002220000000089000000000000000000000000000000100000000500000000000020000000000
092069310004002001220823112600000000000001270002900000000058000000000000000000000000000000100000000250000000000020000000000
092069310005002001220823112600000000000003250000010000000099000000000000000000000000000000000000000790000000000040000000000
092069310006002001220823112600000000000003020000010000000100000000000000000000000000000000000000000500000000000000000000000
11206931000700200122082311260000070000060000000736000000073600000000000000000000000000073600000000000000
122069310008002001220823112600000000000000000000000000000000000000000000000736000000000000000000000000000000
14206932000000200122082311370000010000004152
07206933000000200122082311400000000000000000100000000000000000
092069330001002001220823114000000000000003010000010000000999000000000000000000000000000000000000006000000000000050000000000
092069330002002001220823114000000000000002070010960000000657000000000000000000000000000000100000001990000000000010000000000
092069330003002001220823114000000000000002480013420000000401000000000000000000000000000000100000001000000000000050000000000
092069330004002001220823114000000000000001060005260000000262000000000000000000000000000000100000001500000000000020000000000
092069330005002001220823114000000000000002010011020000000329000000000000000000000000000000100000000990000000000010000000000
092069330006002001220823114000000000000001130017380000000867000000000000000000000000000000100000001500000000000020000000000
092069330007002001220823114000000000000001010012500000000374000000000000000000000000000000100000001400000000000020000000000
092069330008002001220823114000000000000001260006000000000239000000000000000000000000000000100000000500000000000020000000000
092069330009002001220823114000000000000001070003100000000651000000000000000000000000000000100000005000000000000020000000000
092069330010002001220823114000000000000002110005780000000231000000000000000000000000000000100000000990000000000010000000000
11206933001100200122082311400000070000100000005010000000501000000000000000000000000000501000000000000000
122069330012002001220823114003060000000000000000000000000000000000000000005010000000000000000000000000000000
07206934000000200122082311410000000000000000100000000000000000
092069340001002001220823114100000000000002030008100000000566000000000000000000000000000000100000002990000000000010000000000
11206934000200200122082311410000070000010000000566000000056600000000000000000000000000056600000000000000
122069340003002001220823114103030000000000000000000000000000000000000000000566000000000000000000000000000000
07206935000000200122082311420000000000000000100000000000000000
092069350001002001220823114200000000000001130041060000002049000000000000000000000000000000100000001500000000000020000000000
092069350002002001220823114200000000000001130040100000002001000000000000000000000000000000100000001500000000000020000000000
11206935000300200122082311420000070000020000004050000000405000000000000000000000000001000000000059500000
122069350004002001220823114200000000000000000000000000000000000000000000004050000000000000000000000000000000
07206936000000200122082311470000000000000000100000000000000000
092069360001002001220823114700000000000001250005480000000164I 0000000000000000000000000000100000000530000000000020000000000
11206936000200200122082311470000070000010000000164000000016400000000000000000000000000016400000000000000
122069360003002001220823114700000000000000000000000000000000000000000000000164000000000000000000000000000000
07206937000000200122082311500000000000000000100000000000000000
092069370001002001220823115000000000000001060003360000000168000000000000000000000000000000100000001500000000000020000000000
092069370002002001220823115000000000000001110001800000000090000000000000000000000000000000100000002990000000000020000000000
11206937000300200122082311500000070000020000000258000000025800000000000000000000000000050000000002420000
122069370004002001220823115000000000000000000000000000000000000000000000000258000000000000000000000000000000
07206938000000200122082312060000000000000000100000000000000000
092069380001002001220823120600000000000001270008140000000162000000000000000000000000000000100000000250000000000020000000000
092069380002002001220823120600000000000001250010880000000325I 0000000000000000000000000000100000000530000000000020000000000
092069380003002001220823120600000000000004020000040000000400I 0300000000000000000000000000000000000230000000000030000000000
092069380004002001220823120600000000000001120010740000000643000000000000000000000000000000100000001000000000000020000000000
092069380005002001220823120600000000000001260006460000000258000000000000000000000000000000100000000500000000000020000000000
092069380006002001220823120600000000000002090010320000001237000000000000000000000000000000100000004720000000000010000000000
092069380007002001220823120600000000000002140010700000000534000000000000000000000000000000100000001990000000000010000000000
11206938000800200122082312060000070000070000003559000000355900000000000000000000000000500000000014410000
122069380009002001220823120600000000000000000000000000000000000000000000003559000000000000000000000000000000
07206939000000200122082312080000000000000000100000000000000000
092069390001002001220823120800000000000002230002100000000315000000000000000000000000000000100000004980000000000010000000000
092069390002002001220823120800000000000002110006060000000242000000000000000000000000000000100000000990000000000010000000000
092069390003002001220823120800000000000002070005100000000305000000000000000000000000000000100000001990000000000010000000000
11206939000400200122082312080000070000030000000862000000086200000000000000000000000000086200000000000000
122069390005002001220823120803050000000000000000000000000000000000000000000862000000000000000000000000000000
07206940000000200122082312220000000000000000100000000000000000
092069400001002001220823122200000000000001220006980000000279000000000000000000000000000000100000001500000000000020000000000
092069400002002001220823122200000000000002050008360000000668000000000000000000000000000000100000000890000000000010000000000
11206940000300200122082312220000070000020000000947000000094700000000000000000000000000100000000000530000
122069400004002001220823122200000000000000000000000000000000000000000000000947000000000000000000000000000000
07206941000000200122082312300000000000000000100000000000000000
092069410001002001220823123000000000000001100004400000000176000000000000000000000000000000100000000500000000000020000000000
11206941000200200122082312300000070000010000000176000000017600000000000000000000000000020000000000240000
122069410003002001220823123000000000000000000000000000000000000000000000000176000000000000000000000000000000
07206942000000200122082312330000000000000000100000000000000000
092069420001002001220823123300000000000001020009660000000241000000000000000000000000000000100000001200000000000020000000000
092069420002002001220823123300000000000001290007520000000135000000000000000000000000000000100000000250000000000020000000000
092069420003002001220823123300000000000001050007980000000239000000000000000000000000000000100000002000000000000020000000000
092069420004002001220823123300000000000001060008760000000437000000000000000000000000000000100000001500000000000020000000000
092069420005002001220823123300000000000003250000010000000099000000000000000000000000000000000000000790000000000040000000000
092069420006002001220823123300000000000001160005080000000152000000000000000000000000000000100000000670000000000020000000000
11206942000700200122082312330000070000060000001303000000130300000000000000000000000000130300000000000000
122069420008002001220823123303020000000000000000000000000000000000000000001303000000000000000000000000000000
07206943000000200122082312370000000000000000100000000000000000
092069430001002001220823123700000000000005020000030000000300I 0000000000000000000000000000000000000100000000000060000000000
092069430002002001220823123700000000000003190000010000000500000000000000000000000000000000000000002000000000000050000000000
092069430003002001220823123700000000000001040001720000000077000000000000000000000000000000100000002000000000000020000000000
092069430004002001220823123700000000000001090001440000000072000000000000000000000000000000100000001500000000000020000000000
11206943000500200122082312370000070000040000000949000000094900000000000000000000000000100000000000510000
122069430006002001220823123700000000000000000000000000000000000000000000000949000000000000000000000000000000
07206944000000200122082312380000000000000000100000000000000000
092069440001002001220823123800000000000001060001200000000060000000000000000000000000000000100000001500000000000020000000000
092069440002002001220823123800000000000003250000010000000099000000000000000000000000000000000000000790000000000040000000000
11206944000300200122082312380000070000020000000159000000015900000000000000000000000000015900000000000000
122069440004002001220823123800000000000000000000000000000000000000000000000159000000000000000000000000000000
07206945000000200122082312400000000000000000100000000000000000
092069450001002001220823124000000000000002070010100000000605000000000000000000000000000000100000001990000000000010000000000
092069450002002001220823124000000000000002080009180000000642000000000000000000000000000000100000000500000000000010000000000
11206945000300200122082312400000070000020000001247000000124700000000000000000000000000200000000007530000
122069450004002001220823124000000000000000000000000000000000000000000000001247000000000000000000000000000000
07206946000000200122082312420000000000000000100000000000000000
092069460001002001220823124200000000000001100006000000000239000000000000000000000000000000100000000500000000000020000000000
11206946000200200122082312420000070000010000000239000000023900000000000000000000000000023900000000000000
122069460003002001220823124203030000000000000000000000000000000000000000000239000000000000000000000000000000
07206947000000200122082312430000000000000000100000000000000000
092069470001002001220823124300000000000002080026540000001855000000000000000000000000000000100000000500000000000010000000000
11206947000200200122082312430000070000010000001855000000185500000000000000000000000000185500000000000000
122069470003002001220823124303050000000000000000000000000000000000000000001855000000000000000000000000000000
07206948000000200122082312440000000000000000100000000000000000
092069480001002001220823124400000000000003250000010000000099000000000000000000000000000000000000000790000000000040000000000
092069480002002001220823124400000000000002040001820000000127000000000000000000000000000000100000000500000000000010000000000
092069480003002001220823124400000000000002050003260000000260000000000000000000000000000000100000000890000000000010000000000
11206948000400200122082312440000070000030000000486000000048600000000000000000000000000050000000000140000
122069480005002001220823124400000000000000000000000000000000000000000000000486000000000000000000000000000000
07206949000000200122082312460000000000000000100000000000000000
092069490001002001220823124600000000000002070013220000000792000000000000000000000000000000100000001990000000000010000000000
092069490002002001220823124600000000000002130012900000000450000000000000000000000000000000100000001400000000000010000000000
092069490003002001220823124600000000000002260011380000000682000000000000000000000000000000100000002000000000000010000000000
092069490004002001220823124600000000000002230006700000001004000000000000000000000000000000100000004980000000000010000000000
11206949000500200122082312460000070000040000002928000000292800000000000000000000000000300000000000720000
122069490006002001220823124600000000000000000000000000000000000000000000002928000000000000000000000000000000
07206950000000200122082312530000000000000000100000000000000000
092069500001002001220823125300000000000001290002600000000047000000000000000000000000000000100000000250000000000020000000000
11206950000200200122082312530000070000010000000047000000004700000000000000000000000000004700000000000000
122069500003002001220823125300000000000000000000000000000000000000000000000047000000000000000000000000000000
07206951000000200122082313000000000000000000100000000000000000
092069510001002001220823130000000000000004020000010000000100I 0300000000000000000000000000000000000230000000000030000000000
092069510002002001220823130000000000000004010000010000000100I 0300000000000000000000000000000000000000000000000030000000000
11206951000300200122082313000000070000020000000200000000020000000000000000000000000000020000000000000000
122069510004002001220823130000000000000000000000000000000000000000000000000200000000000000000000000000000000
07206952000000200122082313040000000000000000100000000000000000
092069520001002001220823130400000000000001050003460000000103000000000000000000000000000000100000002000000000000020000000000
11206952000200200122082313040000070000010000000103000000010300000000000000000000000000200000000018970000
122069520003002001220823130400000000000000000000000000000000000000000000000103000000000000000000000000000000
07206953000000200122082313130000000000000000100000000000000000
092069530001002001220823131300000000000001010008540000000255000000000000000000000000000000100000001400000000000020000000000
092069530002002001220823131300000000000001290001300000000023000000000000000000000000000000100000000250000000000020000000000
092069530003002001220823131300000000000001070000260000000055000000000000000000000000000000100000005000000000000020000000000
092069530004002001220823131300000000000001090000620000000031000000000000000000000000000000100000001500000000000020000000000
092069530005002001220823131300000000000002040001820000000127000000000000000000000000000000100000000500000000000010000000000
092069530006002001220823131300000000000003250000010000000099000000000000000000000000000000000000000790000000000040000000000
11206953000700200122082313130000070000060000000590000000059000000000000000000000000000059000000000000000
122069530008002001220823131300000000000000000000000000000000000000000000000590000000000000000000000000000000
18206953000900200122082313280100000020000000000000000000000001
18206953001000200122082313281200000056000000000000000000000001
07206954000000200122082313290000000000000000100000000000000000
092069540001002001220823132900000000000001020010720000000267000000000000000000000000000000100000001200000000000020000000000
092069540002002001220823132900000000000001050007600000000227000000000000000000000000000000100000002000000000000020000000000
092069540003002001220823132900000000000005020000010000000100I 0000000000000000000000000000000000000100000000000060000000000
092069540004002001220823132900000000000005020000010000000100I 0000000000000000000000000000000000000100000000000060000000000
092069540005002001220823132900000000000005020000010000000100I 0000000000000000000000000000000000000100000000000060000000000
11206954000600200122082313290000070000050000000794000000079400000000000000000000000000100000000002060000
122069540007002001220823132900000000000000000000000000000000000000000000000794000000000000000000000000000000
062069540008002001220823133000000100000350000000000000000000000000000000000000000000
07206955000000200122082313330000000000000000100000000000000000
092069550001002001220823133300000000000001050001700000000051000000000000000000000000000000100000002000000000000020000000000
092069550002002001220823133300000000000005020000050000000500I 0000000000000000000000000000000000000100000000000060000000000
11206955000300200122082313330000070000020000000551000000055100000000000000000000000000055100000000000000
122069550004002001220823133303020000000000000000000000000000000000000000000551000000000000000000000000000000
07206956000000200122082313360000000000000000100000000000000000
092069560001002001220823133600000000000004020000010000000100I 0300000000000000000000000000000000000230000000000030000000000
092069560002002001220823133600000000000004020000010000000100I 0300000000000000000000000000000000000230000000000030000000000
11206956000300200122082313360000070000020000000200000000020000000000000000000000000000020000000000000000
122069560004002001220823133600000000000000000000000000000000000000000000000200000000000000000000000000000000
07206957000000200122082313380000000000000000100000000000000000
092069570001002001220823133800000000000003010000010000000999000000000000000000000000000000000000006000000000000050000000000
092069570002002001220823133800000000000001290003340000000060000000000000000000000000000000100000000250000000000020000000000
092069570003002001220823133800000000000005020000010000000100I 0000000000000000000000000000000000000100000000000060000000000
092069570004002001220823133800000000000001020007640000000190000000000000000000000000000000100000001200000000000020000000000
11206957000500200122082313380000070000040000001349000000134900000000000000000000000000134900000000000000
122069570006002001220823133803040000000000000000000000000000000000000000001349000000000000000000000000000000
07206958000000200122082313410000000000000000100000000000000000
092069580001002001220823134100000000000003250000010000000099000000000000000000000000000000000000000790000000000040000000000
092069580002002001220823134100000000000001170003960000000158000000000000000000000000000000100000002490000000000020000000000
092069580003002001220823134100000000000001290001580000000028000000000000000000000000000000100000000250000000000020000000000
11206958000400200122082313410000070000030000000285000000028500000000000000000000000000200000000017150000
122069580005002001220823134100000000000000000000000000000000000000000000000285000000000000000000000000000000
07206959000000200122082313480000000000000000100000000000000000
092069590001002001220823134800000000000003250000010000000099000000000000000000000000000000000000000790000000000040000000000
11206959000200200122082313480000070000010000000099000000009900000000000000000000000000009900000000000000
122069590003002001220823134800000000000000000000000000000000000000000000000099000000000000000000000000000000
07206960000000200122082313540000000000000000100000000000000000
092069600001002001220823135400000000000002040002920000000204000000000000000000000000000000100000000500000000000010000000000
11206960000200200122082313540000070000010000000204000000020400000000000000000000000000020400000000000000
122069600003002001220823135400000000000000000000000000000000000000000000000204000000000000000000000000000000
07206961000000200122082313580000000000000000100000000000000000
092069610001002001220823135800000000000002080006220000000435000000000000000000000000000000100000000500000000000010000000000
092069610002002001220823135800000000000002070006340000000380000000000000000000000000000000100000001990000000000010000000000
092069610003002001220823135800000000000001080002780000000139000000000000000000000000000000100000001000000000000020000000000
092069610004002001220823135800000000000002260006080000000364000000000000000000000000000000100000002000000000000010000000000
092069610005002001220823135800000000000001130020760000001036000000000000000000000000000000100000001500000000000020000000000
11206961000600200122082313580000070000050000002354000000235400000000000000000000000000235400000000000000
122069610007002001220823135803030000000000000000000000000000000000000000002354000000000000000000000000000000
07206962000000200122082314010000000000000000100000000000000000
092069620001002001220823140100000000000005220000010000002200I 0100000000000000000000000000000000000000000000000070000000000
11206962000200200122082314010000070000010000002200000000220000000000000000000000000000500000000028000000
122069620003002001220823140100000000000000000000000000000000000000000000002200000000000000000000000000000000
07206963000000200122082314240000000000000000100000000000000000
092069630001002001220823142400000000000001290014900000000267000000000000000000000000000000100000000250000000000020000000000
092069630002002001220823142400000000000003250000020000000198000000000000000000000000000000000000000790000000000040000000000
092069630003002001220823142400000000000001160006640000000199000000000000000000000000000000100000000670000000000020000000000
11206963000400200122082314240000070000030000000664000000066400000000000000000000000000100000000003360000
122069630005002001220823142400000000000000000000000000000000000000000000000664000000000000000000000000000000
07206964000000200122082314360000000000000000100000000000000000
092069640001002001220823143600000000000001010024240000000725000000000000000000000000000000100000001400000000000020000000000
092069640002002001220823143600000000000001290011220000000201000000000000000000000000000000100000000250000000000020000000000
092069640003002001220823143600000000000003200000010000002299000000000000000000000000000000000000000000000000000050000000000
092069640004002001220823143600000000000002070019140000001146000000000000000000000000000000100000001990000000000010000000000
092069640005002001220823143600000000000005110000010000001499I 0100000000000000000000000000000000000000000000000050000000000
11206964000600200122082314360000070000050000005870000000587000000000000000000000000000587000000000000000
122069640007002001220823143600000000000000000000000000000000000000000000005870000000000000000000000000000000
07206965000000200122082314570000000000000000100000000000000000
092069650001002001220823145700000000000001080011760000000587000000000000000000000000000000100000001000000000000020000000000
11206965000200200122082314570000070000010000000587000000058700000000000000000000000000058700000000000000
122069650003002001220823145700000000000000000000000000000000000000000000000587000000000000000000000000000000
14206966000000200122082314590000010000000000
07206967000000200122082315000000000000000000100000000000000000
092069670001002001220823150000000000000002140011940000000596000000000000000000000000000000100000001990000000000010000000000
11206967000200200122082315000000070000010000000596000000059600000000000000000000000000059600000000000000
122069670003002001220823150000000000000000000000000000000000000000000000000596000000000000000000000000000000
07206968000000200122082315320000000000000000100000000000000000
092069680001002001220823153200000000000002220000010000000399000000000000000000000000000000000000001500000000000010000000000
11206968000200200122082315320000070000010000000399000000039900000000000000000000000000039900000000000000
122069680003002001220823153203010000000000000000000000000000000000000000000399000000000000000000000000000000
07206969000000200122082315340000000000000000100000000000000000
092069690001002001220823153400000000000001290018240000000326000000000000000000000000000000100000000250000000000020000000000
11206969000200200122082315340000070000010000000326000000032600000000000000000000000000032600000000000000
122069690003002001220823153400000000000000000000000000000000000000000000000326000000000000000000000000000000
07206970000000200122082315400000000000000000100000000000000000
092069700001002001220823154000000000000002480008420000000252000000000000000000000000000000100000001000000000000050000000000
092069700002002001220823154000000000000001070001320000000277000000000000000000000000000000100000005000000000000020000000000
092069700003002001220823154000000000000002040004740000000331000000000000000000000000000000100000000500000000000010000000000
092069700004002001220823154000000000000001070001420000000298000000000000000000000000000000100000005000000000000020000000000
11206970000500200122082315400000070000040000001158000000115800000000000000000000000000120000000000420000
122069700006002001220823154000000000000000000000000000000000000000000000001158000000000000000000000000000000
07206971000000200122082316020000000000000000100000000000000000
092069710001002001220823160200000000000005020000070000000700I 0000000000000000000000000000000000000100000000000060000000000
092069710002002001220823160200000000000002070009620000000576000000000000000000000000000000100000001990000000000010000000000
092069710003002001220823160200000000000001110009360000000467000000000000000000000000000000100000002990000000000020000000000
092069710004002001220823160200000000000002010010840000000324000000000000000000000000000000100000000990000000000010000000000
092069710005002001220823160200000000000002260019040000001140000000000000000000000000000000100000002000000000000010000000000
092069710006002001220823160200000000000002080014180000000991000000000000000000000000000000100000000500000000000010000000000
092069710007002001220823160200000000000003250000020000000198000000000000000000000000000000000000000790000000000040000000000
092069710008002001220823160200000000000002130036020000001257000000000000000000000000000000100000001400000000000010000000000
092069710009002001220823160200000000000005480000010000000250I 0300000000000000000000000000000000000000000000000030000000000
11206971001000200122082316020000070000090000005903000000590300000000000000000000000000590300000000000000
122069710011002001220823160203010000000000000000000000000000000000000000005903000000000000000000000000000000
07206972000000200122082316050000000000000000100000000000000000
092069720001002001220823160500000000000001290005800000000104000000000000000000000000000000100000000250000000000020000000000
11206972000200200122082316050000070000010000000104000000010400000000000000000000000000010400000000000000
122069720003002001220823160500000000000000000000000000000000000000000000000104000000000000000000000000000000
07206973000000200122082316070000000000000000100000000000000000
092069730001002001220823160700000000000002140015440000000770000000000000000000000000000000100000001990000000000010000000000
092069730002002001220823160700000000000002050027300000002181000000000000000000000000000000100000000890000000000010000000000
092069730003002001220823160700000000000002010034440000001030000000000000000000000000000000100000000990000000000010000000000
092069730004002001220823160700000000000005040000010000000699I 0100000000000000000000000000000000000000000000000030000000000
11206973000500200122082316070000070000040000004680000000468000000000000000000000000001000000000053200000
122069730006002001220823160700000000000000000000000000000000000000000000004680000000000000000000000000000000
07206974000000200122082316130000000000000000100000000000000000
092069740001002001220823161300000000000003250000040000000396000000000000000000000000000000000000000790000000000040000000000
092069740002002001220823161300000000000002110006780000000271000000000000000000000000000000100000000990000000000010000000000
092069740003002001220823161300000000000001120002700000000162000000000000000000000000000000100000001000000000000020000000000
092069740004002001220823161300000000000001110002760000000138000000000000000000000000000000100000002990000000000020000000000
092069740005002001220823161300000000000002070011860000000710000000000000000000000000000000100000001990000000000010000000000
11206974000600200122082316130000070000050000001677000000167700000000000000000000000000200000000003230000
122069740007002001220823161300000000000000000000000000000000000000000000001677000000000000000000000000000000
07206975000000200122082316190000000000000000100000000000000000
092069750001002001220823161900000000000002230004480000000672000000000000000000000000000000100000004980000000000010000000000
092069750002002001220823161900000000000002150000010000000399000000000000000000000000000000000000000500000000000010000000000
092069750003002001220823161900000000000002080007720000000540000000000000000000000000000000100000000500000000000010000000000
092069750004002001220823161900000000000005520000010000000200I 0300000000000000000000000000000000001000000000000080000000000
11206975000500200122082316190000070000040000001811000000181100000000000000000000000000181100000000000000
122069750006002001220823161900000000000000000000000000000000000000000000001811000000000000000000000000000000
07206976000000200122082316240000000000000000100000000000000000
092069760001002001220823162400000000000002040002760000000193000000000000000000000000000000100000000500000000000010000000000
092069760002002001220823162400000000000002080005160000000361000000000000000000000000000000100000000500000000000010000000000
11206976000300200122082316240000070000020000000554000000055400000000000000000000000000055400000000000000
122069760004002001220823162403050000000000000000000000000000000000000000000554000000000000000000000000000000
14206977000000200122082316270000010000000355
07206978000000200122082316280000000000000000100000000000000000
092069780001002001220823162800000000000001290004520000000081000000000000000000000000000000100000000250000000000020000000000
092069780002002001220823162800000000000001140004280000000214000000000000000000000000000000100000000500000000000020000000000
092069780003002001220823162800000000000005480000010000000250I 0300000000000000000000000000000000000000000000000030000000000
11206978000400200122082316280000070000030000000545000000054500000000000000000000000000054500000000000000
122069780005002001220823162800000000000000000000000000000000000000000000000545000000000000000000000000000000
07206979000000200122082316300000000000000000100000000000000000
092069790001002001220823163000000000000005080000010000002399I 0100000000000000000000000000000000015000000000000070000000000
11206979000200200122082316300000070000010000002399000000239900000000000000000000000000500000000026010000
122069790003002001220823163000000000000000000000000000000000000000000000002399000000000000000000000000000000
07206980000000200122082316320000000000000000100000000000000000
092069800001002001220823163200000000000002080005540000000387000000000000000000000000000000100000000500000000000010000000000
092069800002002001220823163200000000000002030007140000000499000000000000000000000000000000100000002990000000000010000000000
11206980000300200122082316320000070000020000000886000000088600000000000000000000000000500000000041140000
122069800004002001220823163200000000000000000000000000000000000000000000000886000000000000000000000000000000
14206981000000200122082316400000010000000000
07206982000000200122082316410000000000000000100000000000000000
092069820001002001220823164100000000000001010008740000000261000000000000000000000000000000100000001400000000000020000000000
11206982000200200122082316410000070000010000000261000000026100000000000000000000000000200000000017390000
122069820003002001220823164100000000000000000000000000000000000000000000000261000000000000000000000000000000
07206983000000200122082316410000000000000000100000000000000000
092069830001002001220823164100000000000001010009020000000270000000000000000000000000000000100000001400000000000020000000000
092069830002002001220823164100000000000001040002180000000098000000000000000000000000000000100000002000000000000020000000000
092069830003002001220823164100000000000001080002860000000143000000000000000000000000000000100000001000000000000020000000000
11206983000400200122082316410000070000030000000511000000051100000000000000000000000000051100000000000000
122069830005002001220823164100000000000000000000000000000000000000000000000511000000000000000000000000000000
07206984000000200122082316430000000000000000100000000000000000
092069840001002001220823164300000000000002070013080000000783000000000000000000000000000000100000001990000000000010000000000
092069840002002001220823164300000000000005080000010000002399I 0100000000000000000000000000000000015000000000000070000000000
17206984000300200122082316430000000000000306
092069840004002001220823164300000000000002110007660000000306000000000000000000000000000000100000000990000000000010000000000
11206984000500200122082316430000070000030000003488000000348800000000000000000000000000400000000005120000
122069840006002001220823164300000000000000000000000000000000000000000000003488000000000000000000000000000000
07206985000000200122082316440000000000000000100000000000000000
092069850001002001220823164400000000000001290020410000000366000000000000000000000000000000100000000250000000000020000000000
092069850002002001220823164400000000000001050008760000000262000000000000000000000000000000100000002000000000000020000000000
11206985000300200122082316440000070000020000000628000000062800000000000000000000000000100000000003720000
122069850004002001220823164400000000000000000000000000000000000000000000000628000000000000000000000000000000
07206986000000200122082316460000000000000000100000000000000000
092069860001002001220823164600000000000002070006300000000377000000000000000000000000000000100000001990000000000010000000000
092069860002002001220823164600000000000001050012100000000362000000000000000000000000000000100000002000000000000020000000000
092069860003002001220823164600000000000001020009940000000248000000000000000000000000000000100000001200000000000020000000000
092069860004002001220823164600000000000001290017520000000314000000000000000000000000000000100000000250000000000020000000000
11206986000500200122082316460000070000040000001301000000130100000000000000000000000000130100000000000000
122069860006002001220823164600000000000000000000000000000000000000000000001301000000000000000000000000000000
07206987000000200122082316460000000000000000100000000000000000
092069870001002001220823164600000000000003250000010000000099000000000000000000000000000000000000000790000000000040000000000
11206987000200200122082316460000070000010000000099000000009900000000000000000000000000009900000000000000
122069870003002001220823164600000000000000000000000000000000000000000000000099000000000000000000000000000000
07206988000000200122082316470000000000000000100000000000000000
092069880001002001220823164700000000000001290024460000000438000000000000000000000000000000100000000250000000000020000000000
11206988000200200122082316470000070000010000000438000000043800000000000000000000000000043800000000000000
122069880003002001220823164703020000000000000000000000000000000000000000000438000000000000000000000000000000
07206989000000200122082316550000000000000000100000000000000000
092069890001002001220823165500000000000001010010020000000300000000000000000000000000000000100000001400000000000020000000000
092069890002002001220823165500000000000001090000800000000040000000000000000000000000000000100000001500000000000020000000000
092069890003002001220823165500000000000001040001400000000063000000000000000000000000000000100000002000000000000020000000000
092069890004002001220823165500000000000001070000780000000164000000000000000000000000000000100000005000000000000020000000000
092069890005002001220823165500000000000002070002620000000157000000000000000000000000000000100000001990000000000010000000000
11206989000600200122082316550000070000050000000724000000072400000000000000000000000000072400000000000000
122069890007002001220823165500000000000000000000000000000000000000000000000724000000000000000000000000000000
07206990000000200122082316580000000000000000100000000000000000
092069900001002001220823165800000000000002290000020000001198000000000000000000000000000000000000002500000000000010000000000
11206990000200200122082316580000070000010000001198000000119800000000000000000000000000200000000008020000
122069900003002001220823165800000000000000000000000000000000000000000000001198000000000000000000000000000000
07206991000000200122082317030000000000000000100000000000000000
092069910001002001220823170300000000000005480000010000000250I 0300000000000000000000000000000000000000000000000030000000000
092069910002002001220823170300000000000001290004400000000079000000000000000000000000000000100000000250000000000020000000000
092069910003002001220823170300000000000005020000100000001000I 0000000000000000000000000000000000000100000000000060000000000
11206991000400200122082317030000070000030000001329000000132900000000000000000000000000200000000006710000
122069910005002001220823170300000000000000000000000000000000000000000000001329000000000000000000000000000000
07206992000000200122082317220000000000000000100000000000000000
092069920001002001220823172200000000000001290010140000000182000000000000000000000000000000100000000250000000000020000000000
11206992000200200122082317220000070000010000000182000000018200000000000000000000000000018200000000000000
122069920003002001220823172200000000000000000000000000000000000000000000000182000000000000000000000000000000
07206993000000200122082317240000000000000000100000000000000000
092069930001002001220823172400000000000002070003360000000201000000000000000000000000000000100000001990000000000010000000000
11206993000200200122082317240000070000010000000201000000020100000000000000000000000000020100000000000000
122069930003002001220823172403010000000000000000000000000000000000000000000201000000000000000000000000000000
07206994000000200122082317250000000000000000100000000000000000
092069940001002001220823172500000000000001080001280000000064000000000000000000000000000000100000001000000000000020000000000
092069940002002001220823172500000000000001010005560000000166000000000000000000000000000000100000001400000000000020000000000
092069940003002001220823172500000000000001050001460000000044000000000000000000000000000000100000002000000000000020000000000
092069940004002001220823172500000000000001090000620000000031000000000000000000000000000000100000001500000000000020000000000
11206994000500200122082317250000070000040000000305000000030500000000000000000000000000030500000000000000
122069940006002001220823172503010000000000000000000000000000000000000000000305000000000000000000000000000000
07206995000000200122082317260000000000000000100000000000000000
092069950001002001220823172600000000000002070005380000000322000000000000000000000000000000100000001990000000000010000000000
092069950002002001220823172600000000000005110000010000001499I 0100000000000000000000000000000000000000000000000050000000000
092069950003002001220823172600000000000001290001840000000033000000000000000000000000000000100000000250000000000020000000000
092069950004002001220823172600000000000005480000010000000250I 0300000000000000000000000000000000000000000000000030000000000
11206995000500200122082317260000070000040000002104000000210400000000000000000000000000210400000000000000
122069950006002001220823172603100000000000000000000000000000000000000000002104000000000000000000000000000000
07206996000000200122082317360000000000000000100000000000000000
092069960001002001220823173600000000000001290009780000000175000000000000000000000000000000100000000250000000000020000000000
11206996000200200122082317360000070000010000000175000000017500000000000000000000000000017500000000000000
122069960003002001220823173600000000000000000000000000000000000000000000000175000000000000000000000000000000
07206997000000200122082317430000000000000000100000000000000000
092069970001002001220823174300000000000002050011340000000906000000000000000000000000000000100000000890000000000010000000000
11206997000200200122082317430000070000010000000906000000090600000000000000000000000000500000000040940000
122069970003002001220823174300000000000000000000000000000000000000000000000906000000000000000000000000000000
07206998000000200122082317520000000000000000100000000000000000
092069980001002001220823175200000000000001010028320000000847000000000000000000000000000000100000001400000000000020000000000
092069980002002001220823175200000000000001070001800000000378000000000000000000000000000000100000005000000000000020000000000
11206998000300200122082317520000070000020000001225000000122500000000000000000000000000122500000000000000
122069980004002001220823175203100000000000000000000000000000000000000000001225000000000000000000000000000000
07206999000000200122082317580000000000000000100000000000000000
092069990001002001220823175800000000000002140011140000000556000000000000000000000000000000100000001990000000000010000000000
092069990002002001220823175800000000000002070008840000000530000000000000000000000000000000100000001990000000000010000000000
11206999000300200122082317580000070000020000001086000000108600000000000000000000000000108600000000000000
122069990004002001220823175800000000000000000000000000000000000000000000001086000000000000000000000000000000
07207000000000200122082318080000000000000000100000000000000000
092070000001002001220823180800000000000002110007400000000295000000000000000000000000000000100000000990000000000010000000000
11207000000200200122082318080000070000010000000295000000029500000000000000000000000000029500000000000000
122070000003002001220823180803010000000000000000000000000000000000000000000295000000000000000000000000000000
07207001000000200122082318080000000000000000100000000000000000
092070010001002001220823180800000000000001020008340000000208000000000000000000000000000000100000001200000000000020000000000
11207001000200200122082318080000070000010000000208000000020800000000000000000000000000020800000000000000
122070010003002001220823180803010000000000000000000000000000000000000000000208000000000000000000000000000000
07207002000000200122082318130000000000000000100000000000000000
092070020001002001220823181300000000000001290005160000000092000000000000000000000000000000100000000250000000000020000000000
11207002000200200122082318130000070000010000000092000000009200000000000000000000000000009200000000000000
122070020003002001220823181300000000000000000000000000000000000000000000000092000000000000000000000000000000
07207003000000200122082318180000000000000000100000000000000000
092070030001002001220823181800000000000002070023500000001408000000000000000000000000000000100000001990000000000010000000000
11207003000200200122082318180000070000010000001408000000140800000000000000000000000000140800000000000000
122070030003002001220823181803010000000000000000000000000000000000000000001408000000000000000000000000000000
07207004000000200122082318200000000000000000100000000000000000
092070040001002001220823182000000000000001070001220000000256000000000000000000000000000000100000005000000000000020000000000
092070040002002001220823182000000000000001080003700000000185000000000000000000000000000000100000001000000000000020000000000
11207004000300200122082318200000070000020000000441000000044100000000000000000000000000044100000000000000
122070040004002001220823182000000000000000000000000000000000000000000000000441000000000000000000000000000000
07207005000000200122082318330000000000000000100000000000000000
092070050001002001220823183300000000000002070013240000000793000000000000000000000000000000100000001990000000000010000000000
11207005000200200122082318330000070000010000000793000000079300000000000000000000000000079300000000000000
122070050003002001220823183300000000000000000000000000000000000000000000000793000000000000000000000000000000
07207006000000200122082318400000000000000000100000000000000000
092070060001002001220823184000000000000002220000010000000399000000000000000000000000000000000000001500000000000010000000000
17207006000200200122082318400000000000000662
092070060003002001220823184000000000000002050005380000000430000000000000000000000000000000100000000890000000000010000000000
11207006000400200122082318400000070000020000000829000000082900000000000000000000000000082900000000000000
122070060005002001220823184000000000000000000000000000000000000000000000000829000000000000000000000000000000
07207007000000200122082318460000000000000000100000000000000000
092070070001002001220823184600000000000002070007740000000464000000000000000000000000000000100000001990000000000010000000000
092070070002002001220823184600000000000002050009420000000753000000000000000000000000000000100000000890000000000010000000000
092070070003002001220823184600000000000005020000070000000700I 0000000000000000000000000000000000000100000000000060000000000
092070070004002001220823184600000000000001080003620000000181000000000000000000000000000000100000001000000000000020000000000
092070070005002001220823184600000000000003250000010000000099000000000000000000000000000000000000000790000000000040000000000
11207007000600200122082318460000070000050000002197000000219700000000000000000000000000219700000000000000
122070070007002001220823184603100000000000000000000000000000000000000000002197000000000000000000000000000000
14207008000000200122082318500000010000001715
07207009000000200122082318510000000000000000100000000000000000
092070090001002001220823185100000000000001080001160000000058000000000000000000000000000000100000001000000000000020000000000
092070090002002001220823185100000000000001090000580000000029000000000000000000000000000000100000001500000000000020000000000
092070090003002001220823185100000000000001040002720000000122000000000000000000000000000000100000002000000000000020000000000
11207009000400200122082318510000070000030000000209000000020900000000000000000000000000050000000002910000
122070090005002001220823185100000000000000000000000000000000000000000000000209000000000000000000000000000000
07207010000000200122082318530000000000000000100000000000000000
092070100001002001220823185300000000000001050005180000000155000000000000000000000000000000100000002000000000000020000000000
092070100002002001220823185300000000000001290009640000000173000000000000000000000000000000100000000250000000000020000000000
092070100003002001220823185300000000000002010026940000000806000000000000000000000000000000100000000990000000000010000000000
092070100004002001220823185300000000000002010030580000000914000000000000000000000000000000100000000990000000000010000000000
11207010000500200122082318530000070000040000002048000000204800000000000000000000000000204800000000000000
122070100006002001220823185303010000000000000000000000000000000000000000002048000000000000000000000000000000
07207011000000200122082319000000000000000000100000000000000000
092070110001002001220823190000000000000002040001320000000092000000000000000000000000000000100000000500000000000010000000000
092070110002002001220823190000000000000001060004520000000226000000000000000000000000000000100000001500000000000020000000000
092070110003002001220823190000000000000001170004380000000175000000000000000000000000000000100000002490000000000020000000000
092070110004002001220823190000000000000001080004600000000230000000000000000000000000000000100000001000000000000020000000000
092070110005002001220823190000000000000002070005320000000319000000000000000000000000000000100000001990000000000010000000000
11207011000600200122082319000000070000050000001042000000104200000000000000000000000000104200000000000000
122070110007002001220823190003100000000000000000000000000000000000000000001042000000000000000000000000000000
07207012000000200122082319210000000000000000100000000000000000
092070120001002001220823192100000000000001070001080000000227000000000000000000000000000000100000005000000000000020000000000
092070120002002001220823192100000000000002040000620000000043000000000000000000000000000000100000000500000000000010000000000
11207012000300200122082319210000070000020000000270000000027000000000000000000000000000027000000000000000
122070120004002001220823192103010000000000000000000000000000000000000000000270000000000000000000000000000000
07207013000000200122082319260000000000000000100000000000000000
092070130001002001220823192600000000000002070009840000000589000000000000000000000000000000100000001990000000000010000000000
11207013000200200122082319260000070000010000000589000000058900000000000000000000000000058900000000000000
122070130003002001220823192600000000000000000000000000000000000000000000000589000000000000000000000000000000
07207014000000200122082319280000000000000000100000000000000000
092070140001002001220823192800000000000003250000020000000198000000000000000000000000000000000000000790000000000040000000000
11207014000200200122082319280000070000010000000198000000019800000000000000000000000000019800000000000000
122070140003002001220823192800000000000000000000000000000000000000000000000198000000000000000000000000000000
07207015000000200122082319290000000000000000100000000000000000
092070150001002001220823192900000000000002090003060000000367000000000000000000000000000000100000004720000000000010000000000
092070150002002001220823192900000000000003200000010000002299000000000000000000000000000000000000000000000000000050000000000
092070150003002001220823192900000000000002070003700000000222000000000000000000000000000000100000001990000000000010000000000
092070150004002001220823192900000000000002010003780000000113000000000000000000000000000000100000000990000000000010000000000
11207015000500200122082319290000070000040000003001000000300100000000000000000000000000300100000000000000
122070150006002001220823192903010000000000000000000000000000000000000000003001000000000000000000000000000000
07207016000000200122082319300000000000000000100000000000000000
092070160001002001220823193000000000000002070020760000001244000000000000000000000000000000100000001990000000000010000000000
092070160002002001220823193000000000000002070006080000000364000000000000000000000000000000100000001990000000000010000000000
11207016000300200122082319300000070000020000001608000000160800000000000000000000000000160800000000000000
122070160004002001220823193000000000000000000000000000000000000000000000001608000000000000000000000000000000
07207017000000200122082319310000000000000000100000000000000000
092070170001002001220823193100000000000001290007920000000142000000000000000000000000000000100000000250000000000020000000000
11207017000200200122082319310000070000010000000142000000014200000000000000000000000000014200000000000000
122070170003002001220823193100000000000000000000000000000000000000000000000142000000000000000000000000000000
07207018000000200122082319330000000000000000100000000000000000
092070180001002001220823193300000000000001010010700000000320000000000000000000000000000000100000001400000000000020000000000
092070180002002001220823193300000000000001290002520000000045000000000000000000000000000000100000000250000000000020000000000
11207018000300200122082319330000070000020000000365000000036500000000000000000000000000036500000000000000
122070180004002001220823193303010000000000000000000000000000000000000000000365000000000000000000000000000000
07207019000000200122082319340000000000000000100000000000000000
092070190001002001220823193400000000000002480032000000000957000000000000000000000000000000100000001000000000000050000000000
092070190002002001220823193400000000000002070012560000000752000000000000000000000000000000100000001990000000000010000000000
11207019000300200122082319340000070000020000001709000000170900000000000000000000000000200000000002910000
122070190004002001220823193400000000000000000000000000000000000000000000001709000000000000000000000000000000
07207020000000200122082319440000000000000000100000000000000000
092070200001002001220823194400000000000002010026300000000786000000000000000000000000000000100000000990000000000010000000000
092070200002002001220823194400000000000002070012620000000756000000000000000000000000000000100000001990000000000010000000000
092070200003002001220823194400000000000005020000020000000200I 0000000000000000000000000000000000000100000000000060000000000
11207020000400200122082319440000070000030000001742000000174200000000000000000000000000174200000000000000
122070200005002001220823194400000000000000000000000000000000000000000000001742000000000000000000000000000000
07207021000000200122082319590000000000000000100000000000000000
092070210001002001220823195900000000000003190000010000000500000000000000000000000000000000000000002000000000000050000000000
11207021000200200122082319590000070000010000000500000000050000000000000000000000000000050000000000000000
122070210003002001220823195900000000000000000000000000000000000000000000000500000000000000000000000000000000
07207022000000200122082320100000000000000000100000000000000000
092070220001002001220823201000000000000001100008660000000346000000000000000000000000000000100000000500000000000020000000000
092070220002002001220823201000000000000003010000010000000999000000000000000000000000000000000000006000000000000050000000000
092070220003002001220823201000000000000001270003500000000070000000000000000000000000000000100000000250000000000020000000000
11207022000400200122082320100000070000030000001415000000141500000000000000000000000000141500000000000000
122070220005002001220823201000000000000000000000000000000000000000000000001415000000000000000000000000000000
07207023000000200122082320120000000000000000100000000000000000
092070230001002001220823201200000000000002010009580000000286000000000000000000000000000000100000000990000000000010000000000
092070230002002001220823201200000000000002050005340000000427000000000000000000000000000000100000000890000000000010000000000
11207023000300200122082320120000070000020000000713000000071300000000000000000000000000071300000000000000
122070230004002001220823201200000000000000000000000000000000000000000000000713000000000000000000000000000000
07207024000000200122082320140000000000000000100000000000000000
092070240001002001220823201400000000000001100011760000000469000000000000000000000000000000100000000500000000000020000000000
092070240002002001220823201400000000000001010007920000000237000000000000000000000000000000100000001400000000000020000000000
092070240003002001220823201400000000000003010000010000000999000000000000000000000000000000000000006000000000000050000000000
11207024000400200122082320140000070000030000001705000000170500000000000000000000000000170500000000000000
122070240005002001220823201403010000000000000000000000000000000000000000001705000000000000000000000000000000
07207025000000200122082320140000000000000000100000000000000000
092070250001002001220823201400000000000003250000010000000099000000000000000000000000000000000000000790000000000040000000000
092070250002002001220823201400000000000001010004740000000142000000000000000000000000000000100000001400000000000020000000000
11207025000300200122082320140000070000020000000241000000024100000000000000000000000000100000000007590000
122070250004002001220823201400000000000000000000000000000000000000000000000241000000000000000000000000000000
07207026000000200122082320280000000000000000100000000000000000
092070260001002001220823202800000000000001070000820000000172000000000000000000000000000000100000005000000000000020000000000
092070260002002001220823202800000000000002070005780000000346000000000000000000000000000000100000001990000000000010000000000
092070260003002001220823202800000000000002480005100000000152000000000000000000000000000000100000001000000000000050000000000
11207026000400200122082320280000070000030000000670000000067000000000000000000000000000067000000000000000
122070260005002001220823202802010000000000000000000000000000000000220000000670000000000000000000000000000000
102070260006002001220823202801000000000000002200000006700000000000001567000007
07207027000000200122082320300000000000000000100000000000000000
092070270001002001220823203000000000000002010010900000000326000000000000000000000000000000100000000990000000000010000000000
092070270002002001220823203000000000000002040003940000000275000000000000000000000000000000100000000500000000000010000000000
092070270003002001220823203000000000000001180007880000000393000000000000000000000000000000100000001000000000000020000000000
11207027000400200122082320300000070000030000000994000000099400000000000000000000000000099400000000000000
122070270005002001220823203000000000000000000000000000000000000000000000000994000000000000000000000000000000
07207028000000200122082320320000000000000000100000000000000000
092070280001002001220823203200000000000003190000010000000500000000000000000000000000000000000000002000000000000050000000000
092070280002002001220823203200000000000003250000020000000198000000000000000000000000000000000000000790000000000040000000000
11207028000300200122082320320000070000020000000698000000069800000000000000000000000000069800000000000000
122070280004002001220823203203010000000000000000000000000000000000000000000698000000000000000000000000000000
062070280005002001220823203900000100000350000000000000000000000000000000000000000000
0420702900000020012208232053000001206879207029000002207375630000022089190122082300001433330000000000000000000000000072980001000000000000000000000000000000000000000000000000000000000000000000000000000000001234567890AB        
