01205572000000200112082307040000010000003000000002194981351.82G5E   1234567890AB        Generica            
02205572000100200112082307040000010000090000000000
07205573000000200112082307160000000000000000100000000000000000
092055730001002001120823071600000000000005080000010000002399I 0100000000000000000000000000000000015000000000000070000000000
11205573000200200112082307160000090000010000002399000000239900000000000000000000000000239900000000000000
122055730003002001120823071600000000000000000000000000000000000000000000002399000000000000000000000000000000
07205574000000200112082307260000000000000000100000000000000000
092055740001002001120823072600000000000001050004640000000185000000000000000000000000000000100000002000000000000020000000000
11205574000200200112082307260000090000010000000185000000018500000000000000000000000000018500000000000000
122055740003002001120823072600000000000000000000000000000000000000000000000185000000000000000000000000000000
07205575000000200112082307370000000000000000100000000000000000
092055750001002001120823073700000000000003250000020000000300000000000000000000000000000000000000000790000000000040000000000
092055750002002001120823073700000000000001010008640000000431000000000000000000000000000000100000001400000000000020000000000
11205575000300200112082307370000090000020000000731000000073100000000000000000000000000200000000012690000
122055750004002001120823073700000000000000000000000000000000000000000000000731000000000000000000000000000000
07205576000000200112082308050000000000000000100000000000000000
092055760001002001120823080500000000000002150000010000000399000000000000000000000000000000000000000500000000000010000000000
11205576000200200112082308050000090000010000000399000000039900000000000000000000000000039900000000000000
122055760003002001120823080500000000000000000000000000000000000000000000000399000000000000000000000000000000
07205577000000200112082308060000000000000000100000000000000000
092055770001002001120823080600000000000002090008720000001046000000000000000000000000000000100000004720000000000010000000000
092055770002002001120823080600000000000002070013220000000660000000000000000000000000000000100000001990000000000010000000000
11205577000300200112082308060000090000020000001706000000170600000000000000000000000000170600000000000000
122055770004002001120823080600000000000000000000000000000000000000000000001706000000000000000000000000000000
07205578000000200112082308470000000000000000100000000000000000
092055780001002001120823084700000000000001130023200000000694000000000000000000000000000000100000001500000000000020000000000
11205578000200200112082308470000090000010000000694000000069400000000000000000000000000069400000000000000
122055780003002001120823084700000000000000000000000000000000000000000000000694000000000000000000000000000000
07205579000000200112082308500000000000000000100000000000000000
092055790001002001120823085000000000000003250000140000002100000000000000000000000000000000000000000790000000000040000000000
11205579000200200112082308500000090000010000002100000000210000000000000000000000000000210000000000000000
122055790003002001120823085003010000000000000000000000000000000000000000002100000000000000000000000000000000
07205580000000200112082308510000000000000000100000000000000000
092055800001002001120823085100000000000002230002560000000384000000000000000000000000000000100000004980000000000010000000000
092055800002002001120823085100000000000003190000010000000500000000000000000000000000000000000000002000000000000050000000000
11205580000300200112082308510000090000020000000884000000088400000000000000000000000000088400000000000000
122055800004002001120823085100000000000000000000000000000000000000000000000884000000000000000000000000000000
07205581000000200112082309020000000000000000100000000000000000
092055810001002001120823090200000000000003250000010000000150000000000000000000000000000000000000000790000000000040000000000
092055810002002001120823090200000000000005020000010000000100I 0000000000000000000000000000000000000100000000000060000000000
11205581000300200112082309020000090000020000000250000000025000000000000000000000000000025000000000000000
122055810004002001120823090203010000000000000000000000000000000000000000000250000000000000000000000000000000
07205582000000200112082309020000000000000000100000000000000000
092055820001002001120823090200000000000005020000050000000500I 0000000000000000000000000000000000000100000000000060000000000
11205582000200200112082309020000090000010000000500000000050000000000000000000000000000050000000000000000
122055820003002001120823090202010000000000000000000000000000000000200000000500000000000000000000000000000000
102055820004002001120823090201000000000000002000000005000000000000000044000009
07205583000000200112082309040000000000000000100000000000000000
092055830001002001120823090400000000000005020000020000000200I 0000000000000000000000000000000000000100000000000060000000000
11205583000200200112082309040000090000010000000200000000020000000000000000000000000000020000000000000000
122055830003002001120823090400000000000000000000000000000000000000000000000200000000000000000000000000000000
05205583000400200112082309050000010000001600
07205584000000200112082309100000000000000000100000000000000000
092055840001002001120823091000000000000001020010840000000324000000000000000000000000000000100000001200000000000020000000000
092055840002002001120823091000000000000001060010660000000745000000000000000000000000000000100000001500000000000020000000000
092055840003002001120823091000000000000003250000020000000300000000000000000000000000000000000000000790000000000040000000000
11205584000400200112082309100000090000030000001369000000136900000000000000000000000000500000000036310000
122055840005002001120823091000000000000000000000000000000000000000000000001369000000000000000000000000000000
14205585000000200112082309110000010000000000
07205586000000200112082309110000000000000000100000000000000000
092055860001002001120823091100000000000002220000010000000399000000000000000000000000000000000000001500000000000010000000000
11205586000200200112082309110000090000010000000399000000039900000000000000000000000000039900000000000000
122055860003002001120823091103010000000000000000000000000000000000000000000399000000000000000000000000000000
07205587000000200112082309120000000000000000100000000000000000
092055870001002001120823091200000000000001020009940000000297000000000000000000000000000000100000001200000000000020000000000
11205587000200200112082309120000090000010000000297000000029700000000000000000000000000029700000000000000
122055870003002001120823091200000000000000000000000000000000000000000000000297000000000000000000000000000000
07205588000000200112082309290000000000000000100000000000000000
092055880001002001120823092900000000000003250000010000000150000000000000000000000000000000000000000790000000000040000000000
11205588000200200112082309290000090000010000000150000000015000000000000000000000000000015000000000000000
122055880003002001120823092903010000000000000000000000000000000000000000000150000000000000000000000000000000
07205589000000200112082309330000000000000000100000000000000000
092055890001002001120823093300000000000003250000020000000300000000000000000000000000000000000000000790000000000040000000000
092055890002002001120823093300000000000001010010980000000438000000000000000000000000000000100000001400000000000020000000000
092055890003002001120823093300000000000001060002860000000200000000000000000000000000000000100000001500000000000020000000000
11205589000400200112082309330000090000030000000938000000093800000000000000000000000000093800000000000000
122055890005002001120823093304000000000000000000000000000000000000000000000938000000000000000000000000000000
07205590000000200112082309360000000000000000100000000000000000
092055900001002001120823093600000000000005020000030000000300I 0000000000000000000000000000000000000100000000000060000000000
092055900002002001120823093600000000000020700013860000000276000000000000000000000000000000100000000500000000000010000000000
092055900003002001120823093600000000000002130011480000000401000000000000000000000000000000100000001400000000000010000000000
11205590000400200112082309360000090000030000000977000000097700000000000000000000000000097700000000000000
122055900005002001120823093600000000000000000000000000000000000000000000000977000000000000000000000000000000
07205591000000200112082309380000000000000000100000000000000000
092055910001002001120823093800000000000001050004220000000168000000000000000000000000000000100000002000000000000020000000000
11205591000200200112082309380000090000010000000168000000016800000000000000000000000000016800000000000000
122055910003002001120823093800000000000000000000000000000000000000000000000168000000000000000000000000000000
07205592000000200112082309470000000000000000100000000000000000
092055920001002001120823094700000000000005030000010000001099I 0000000000000000000000000000000000004420000000000020000000000
11205592000200200112082309470000090000010000001099000000109900000000000000000000000000109900000000000000
122055920003002001120823094700000000000000000000000000000000000000000000001099000000000000000000000000000000
07205593000000200112082309550000000000000000100000000000000000
092055930001002001120823095500000000000003250000010000000150000000000000000000000000000000000000000790000000000040000000000
11205593000200200112082309550000090000010000000150000000015000000000000000000000000000015000000000000000
122055930003002001120823095500000000000000000000000000000000000000000000000150000000000000000000000000000000
07205594000000200112082309570000000000000000100000000000000000
092055940001002001120823095700000000000005020000650000006500I 0000000000000000000000000000000000000100000000000060000000000
11205594000200200112082309570000090000010000006500000000650000000000000000000000000000650000000000000000
122055940003002001120823095700000000000000000000000000000000000000000000006500000000000000000000000000000000
07205595000000200112082309590000000000000000100000000000000000
092055950001002001120823095900000000000001080014940000001493000000000000000000000000000000100000001000000000000020000000000
092055950002002001120823095900000000000001090005720000000285000000000000000000000000000000100000001500000000000020000000000
11205595000300200112082309590000090000020000001778000000177800000000000000000000000000200000000002220000
122055950004002001120823095900000000000000000000000000000000000000000000001778000000000000000000000000000000
07205596000000200112082310110000000000000000100000000000000000
092055960001002001120823101100000000000002030011380000000852000000000000000000000000000000100000002990000000000010000000000
092055960002002001120823101100000000000002220000010000000399000000000000000000000000000000000000001500000000000010000000000
11205596000300200112082310110000090000020000001251000000125100000000000000000000000000125100000000000000
122055960004002001120823101100000000000000000000000000000000000000000000001251000000000000000000000000000000
07205597000000200112082310160000000000000000100000000000000000
092055970001002001120823101600000000000003250000010000000150000000000000000000000000000000000000000790000000000040000000000
11205597000200200112082310160000090000010000000150000000015000000000000000000000000000015000000000000000
122055970003002001120823101600000000000000000000000000000000000000000000000150000000000000000000000000000000
07205598000000200112082310170000000000000000100000000000000000
092055980001002001120823101700000000000002050002220000000144000000000000000000000000000000100000000890000000000010000000000
092055980002002001120823101700000000000001060003900000000273000000000000000000000000000000100000001500000000000020000000000
092055980003002001120823101700000000000001070002220000000466000000000000000000000000000000100000005000000000000020000000000
092055980004002001120823101700000000000002050001840000000119000000000000000000000000000000100000000890000000000010000000000
11205598000500200112082310170000090000040000001002000000100200000000000000000000000000100200000000000000
122055980006002001120823101700000000000000000000000000000000000000000000001002000000000000000000000000000000
07205599000000200112082310200000000000000000100000000000000000
092055990001002001120823102000000000000002040002260000000158000000000000000000000000000000100000000500000000000010000000000
11205599000200200112082310200000090000010000000158000000015800000000000000000000000000015800000000000000
122055990003002001120823102000000000000000000000000000000000000000000000000158000000000000000000000000000000
07205600000000200112082310200000000000000000100000000000000000
092056000001002001120823102000000000000003250000010000000150000000000000000000000000000000000000000790000000000040000000000
11205600000200200112082310200000090000010000000150000000015000000000000000000000000000015000000000000000
122056000003002001120823102000000000000000000000000000000000000000000000000150000000000000000000000000000000
14205601000000200112082310260000010000000600
07205602000000200112082310310000000000000000100000000000000000
092056020001002001120823103100000000000005080000020000004798I 0100000000000000000000000000000000015000000000000070000000000
092056020002002001120823103100000000000002190000010000000499000000000000000000000000000000000000002250000000000010000000000
11205602000300200112082310310000090000020000005297000000529700000000000000000000000000529700000000000000
122056020004002001120823103103010000000000000000000000000000000000000000005297000000000000000000000000000000
07205603000000200112082310320000000000000000100000000000000000
092056030001002001120823103200000000000003250000020000000300000000000000000000000000000000000000000790000000000040000000000
11205603000200200112082310320000090000010000000300000000030000000000000000000000000000030000000000000000
122056030003002001120823103200000000000000000000000000000000000000000000000300000000000000000000000000000000
07205604000000200112082310340000000000000000100000000000000000
092056040001002001120823103400000000000002130031120000001086000000000000000000000000000000100000001400000000000010000000000
092056040002002001120823103400000000000002130013500000000471000000000000000000000000000000100000001400000000000010000000000
11205604000300200112082310340000090000020000001557000000155700000000000000000000000000155700000000000000
122056040004002001120823103403060000000000000000000000000000000000000000001557000000000000000000000000000000
07205605000000200112082310340000000000000000100000000000000000
092056050001002001120823103400000000000001050010960000000437000000000000000000000000000000100000002000000000000020000000000
11205605000200200112082310340000090000010000000437000000043700000000000000000000000000043700000000000000
122056050003002001120823103404000000000000000000000000000000000000000000000437000000000000000000000000000000
07205606000000200112082310370000000000000000100000000000000000
092056060001002001120823103700000000000001080007400000000739000000000000000000000000000000100000001000000000000020000000000
092056060002002001120823103700000000000001040002120000000095000000000000000000000000000000100000002000000000000020000000000
092056060003002001120823103700000000000001090001280000000064000000000000000000000000000000100000001500000000000020000000000
092056060004002001120823103700000000000002040003240000000226000000000000000000000000000000100000000500000000000010000000000
11205606000500200112082310370000090000040000001124000000112400000000000000000000000000112400000000000000
122056060006002001120823103700000000000000000000000000000000000000000000001124000000000000000000000000000000
07205607000000200112082310390000000000000000100000000000000000
092056070001002001120823103900000000000002070015520000000930000000000000000000000000000000100000001990000000000010000000000
092056070002002001120823103900000000000001140003400000000204000000000000000000000000000000100000000500000000000020000000000
092056070003002001120823103900000000000001160010400000000207000000000000000000000000000000100000000670000000000020000000000
11205607000400200112082310390000090000030000001341000000134100000000000000000000000000134100000000000000
122056070005002001120823103903010000000000000000000000000000000000000000001341000000000000000000000000000000
07205608000000200112082310390000000000000000100000000000000000
092056080001002001120823103900000000000003250000040000000600000000000000000000000000000000000000000790000000000040000000000
11205608000200200112082310390000090000010000000600000000060000000000000000000000000000200000000014000000
122056080003002001120823103900000000000000000000000000000000000000000000000600000000000000000000000000000000
18205608000400200112082310400500000100000000000000000000000001
14205609000000200112082310460000010000008184
07205610000000200112082310470000000000000000100000000000000000
092056100001002001120823104700000000000005040000010000000699I 0100000000000000000000000000000000000000000000000030000000000
11205610000200200112082310470000090000010000000699000000069900000000000000000000000000069900000000000000
122056100003002001120823104702010000000000000000000000000000000000050000000699000000000000000000000000000000
102056100004002001120823104701000000000000000500000006990000000000000380000009
07205611000000200112082310490000000000000000100000000000000000
092056110001002001120823104900000000000002040010480000000733000000000000000000000000000000100000000500000000000010000000000
092056110002002001120823104900000000000001040007900000000355000000000000000000000000000000100000002000000000000020000000000
092056110003002001120823104900000000000001070002140000000449000000000000000000000000000000100000005000000000000020000000000
11205611000400200112082310490000090000030000001537000000153700000000000000000000000000153700000000000000
122056110005002001120823104903020000000000000000000000000000000000000000001537000000000000000000000000000000
07205612000000200112082310500000000000000000100000000000000000
092056120001002001120823105000000000000001090002480000000124000000000000000000000000000000100000001500000000000020000000000
11205612000200200112082310500000090000010000000124000000012400000000000000000000000000012400000000000000
122056120003002001120823105000000000000000000000000000000000000000000000000124000000000000000000000000000000
14205613000000200112082310510000010000000681
07205614000000200112082310520000000000000000100000000000000000
092056140001002001120823105200000000000003250000010000000150000000000000000000000000000000000000000790000000000040000000000
092056140002002001120823105200000000000005020000010000000100I 0000000000000000000000000000000000000100000000000060000000000
11205614000300200112082310520000090000020000000250000000025000000000000000000000000000025000000000000000
122056140004002001120823105200000000000000000000000000000000000000000000000250000000000000000000000000000000
07205615000000200112082310550000000000000000100000000000000000
092056150001002001120823105500000000000001080006720000000671000000000000000000000000000000100000001000000000000020000000000
092056150002002001120823105500000000000002070014120000000846000000000000000000000000000000100000001990000000000010000000000
092056150003002001120823105500000000000002080027560000001651000000000000000000000000000000100000000500000000000010000000000
11205615000400200112082310550000090000030000003168000000316800000000000000000000000000500000000018320000
122056150005002001120823105500000000000000000000000000000000000000000000003168000000000000000000000000000000
07205616000000200112082310560000000000000000100000000000000000
092056160001002001120823105600000000000003010000010000000999000000000000000000000000000000000000006000000000000050000000000
11205616000200200112082310560000090000010000000999000000099900000000000000000000000000200000000010010000
122056160003002001120823105600000000000000000000000000000000000000000000000999000000000000000000000000000000
07205617000000200112082310570000000000000000100000000000000000
092056170001002001120823105700000000000001090002620000000131000000000000000000000000000000100000001500000000000020000000000
11205617000200200112082310570000090000010000000131000000013100000000000000000000000000100000000008690000
122056170003002001120823105700000000000000000000000000000000000000000000000131000000000000000000000000000000
07205618000000200112082311020000000000000000100000000000000000
092056180001002001120823110200000000000001070002140000000449000000000000000000000000000000100000005000000000000020000000000
092056180002002001120823110200000000000001160011760000000234000000000000000000000000000000100000000670000000000020000000000
092056180003002001120823110200000000000001020010120000000303000000000000000000000000000000100000001200000000000020000000000
092056180004002001120823110200000000000001050005740000000229000000000000000000000000000000100000002000000000000020000000000
092056180005002001120823110200000000000001080005700000000569000000000000000000000000000000100000001000000000000020000000000
11205618000600200112082311020000090000050000001784000000178400000000000000000000000000200000000002160000
122056180007002001120823110200000000000000000000000000000000000000000000001784000000000000000000000000000000
07205619000000200112082311050000000000000000100000000000000000
092056190001002001120823110500000000000002130012400000000433000000000000000000000000000000100000001400000000000010000000000
092056190002002001120823110500000000000001170005480000000219000000000000000000000000000000100000002490000000000020000000000
092056190003002001120823110500000000000002150000020000000798000000000000000000000000000000000000000500000000000010000000000
092056190004002001120823110500000000000001080004440000000444000000000000000000000000000000100000001000000000000020000000000
092056190005002001120823110500000000000001040002120000000095000000000000000000000000000000100000002000000000000020000000000
092056190006002001120823110500000000000003250000020000000300000000000000000000000000000000000000000790000000000040000000000
11205619000700200112082311050000090000060000002289000000228900000000000000000000000000228900000000000000
122056190008002001120823110503020000000000000000000000000000000000000000002289000000000000000000000000000000
07205620000000200112082311110000000000000000100000000000000000
092056200001002001120823111100000000000003250000010000000150000000000000000000000000000000000000000790000000000040000000000
092056200002002001120823111100000000000005020000010000000100I 0000000000000000000000000000000000000100000000000060000000000
092056200003002001120823111100000000000001150003220000000322000000000000000000000000000000100000001000000000000020000000000
092056200004002001120823111100000000000001250006780000000271I 0000000000000000000000000000100000000530000000000020000000000
092056200005002001120823111100000000000001220008680000000346000000000000000000000000000000100000001500000000000020000000000
092056200006002001120823111100000000000003250000010000000150000000000000000000000000000000000000000790000000000040000000000
11205620000700200112082311110000090000060000001339000000133900000000000000000000000000140000000000610000
122056200008002001120823111100000000000000000000000000000000000000000000001339000000000000000000000000000000
07205621000000200112082311130000000000000000100000000000000000
092056210001002001120823111300000000000002070007480000000448000000000000000000000000000000100000001990000000000010000000000
092056210002002001120823111300000000000002020004900000000294000000000000000000000000000000100000001990000000000010000000000
092056210003002001120823111300000000000002050007700000000500000000000000000000000000000000100000000890000000000010000000000
11205621000400200112082311130000090000030000001242000000124200000000000000000000000000124200000000000000
122056210005002001120823111300000000000000000000000000000000000000000000001242000000000000000000000000000000
07205622000000200112082311140000000000000000100000000000000000
092056220001002001120823111400000000000002070005620000000337000000000000000000000000000000100000001990000000000010000000000
092056220002002001120823111400000000000003190000010000000500000000000000000000000000000000000000002000000000000050000000000
092056220003002001120823111400000000000001140000360000000022000000000000000000000000000000100000000500000000000020000000000
11205622000400200112082311140000090000030000000859000000085900000000000000000000000000200000000011410000
122056220005002001120823111400000000000000000000000000000000000000000000000859000000000000000000000000000000
07205623000000200112082311150000000000000000100000000000000000
092056230001002001120823111500000000000001080002860000000286000000000000000000000000000000100000001000000000000020000000000
11205623000200200112082311150000090000010000000286000000028600000000000000000000000000028600000000000000
122056230003002001120823111500000000000000000000000000000000000000000000000286000000000000000000000000000000
07205624000000200112082311170000000000000000100000000000000000
092056240001002001120823111700000000000002220000010000000399000000000000000000000000000000000000001500000000000010000000000
11205624000200200112082311170000090000010000000399000000039900000000000000000000000000039900000000000000
122056240003002001120823111703020000000000000000000000000000000000000000000399000000000000000000000000000000
07205625000000200112082311260000000000000000100000000000000000
092056250001002001120823112600000000000003250000020000000300000000000000000000000000000000000000000790000000000040000000000
11205625000200200112082311260000090000010000000300000000030000000000000000000000000000030000000000000000
122056250003002001120823112600000000000000000000000000000000000000000000000300000000000000000000000000000000
07205626000000200112082311280000000000000000100000000000000000
092056260001002001120823112800000000000001070003400000000714000000000000000000000000000000100000005000000000000020000000000
11205626000200200112082311280000090000010000000714000000071400000000000000000000000000200000000012860000
122056260003002001120823112800000000000000000000000000000000000000000000000714000000000000000000000000000000
07205627000000200112082311290000000000000000100000000000000000
092056270001002001120823112900000000000003250000010000000150000000000000000000000000000000000000000790000000000040000000000
11205627000200200112082311290000090000010000000150000000015000000000000000000000000000050000000003500000
122056270003002001120823112900000000000000000000000000000000000000000000000150000000000000000000000000000000
07205628000000200112082311360000000000000000100000000000000000
092056280001002001120823113600000000000002150000010000000399000000000000000000000000000000000000000500000000000010000000000
11205628000200200112082311360000090000010000000399000000039900000000000000000000000000039900000000000000
122056280003002001120823113603070000000000000000000000000000000000000000000399000000000000000000000000000000
07205629000000200112082311370000000000000000100000000000000000
092056290001002001120823113700000000000002130013200000000461000000000000000000000000000000100000001400000000000010000000000
092056290002002001120823113700000000000002190000010000000499000000000000000000000000000000000000002250000000000010000000000
092056290003002001120823113700000000000003250000010000000150000000000000000000000000000000000000000790000000000040000000000
11205629000400200112082311370000090000030000001110000000111000000000000000000000000000111000000000000000
122056290005002001120823113700000000000000000000000000000000000000000000001110000000000000000000000000000000
07205630000000200112082311400000000000000000100000000000000000
092056300001002001120823114000000000000001160008820000000176000000000000000000000000000000100000000670000000000020000000000
092056300002002001120823114000000000000001090004880000000244000000000000000000000000000000100000001500000000000020000000000
092056300003002001120823114000000000000003250000010000000150000000000000000000000000000000000000000790000000000040000000000
092056300004002001120823114000000000000001010008640000000345000000000000000000000000000000100000001400000000000020000000000
11205630000500200112082311400000090000040000000915000000091500000000000000000000000000500000000040850000
122056300006002001120823114000000000000000000000000000000000000000000000000915000000000000000000000000000000
07205631000000200112082311430000000000000000100000000000000000
092056310001002001120823114300000000000001050004660000000186000000000000000000000000000000100000002000000000000020000000000
11205631000200200112082311430000090000010000000186000000018600000000000000000000000000020000000000140000
122056310003002001120823114300000000000000000000000000000000000000000000000186000000000000000000000000000000
07205632000000200112082311470000000000000000100000000000000000
092056320001002001120823114700000000000002070010120000000606000000000000000000000000000000100000001990000000000010000000000
092056320002002001120823114700000000000002270004260000000511000000000000000000000000000000100000003990000000000010000000000
092056320003002001120823114700000000000002110004660000000233000000000000000000000000000000100000000990000000000010000000000
11205632000400200112082311470000090000030000001350000000135000000000000000000000000000200000000006500000
122056320005002001120823114700000000000000000000000000000000000000000000001350000000000000000000000000000000
07205633000000200112082311520000000000000000100000000000000000
092056330001002001120823115200000000000001040003420000000154000000000000000000000000000000100000002000000000000020000000000
092056330002002001120823115200000000000002280010380000000622000000000000000000000000000000100000001000000000000010000000000
092056330003002001120823115200000000000001010006600000000263000000000000000000000000000000100000001400000000000020000000000
092056330004002001120823115200000000000001070001080000000227000000000000000000000000000000100000005000000000000020000000000
11205633000500200112082311520000090000040000001266000000126600000000000000000000000000126600000000000000
122056330006002001120823115203020000000000000000000000000000000000000000001266000000000000000000000000000000
07205634000000200112082311560000000000000000100000000000000000
092056340001002001120823115600000000000003250000010000000150000000000000000000000000000000000000000790000000000040000000000
092056340002002001120823115600000000000002040004820000000337000000000000000000000000000000100000000500000000000010000000000
092056340003002001120823115600000000000002040001480000000103000000000000000000000000000000100000000500000000000010000000000
11205634000400200112082311560000090000030000000590000000059000000000000000000000000000059000000000000000
122056340005002001120823115600000000000000000000000000000000000000000000000590000000000000000000000000000000
14205635000000200112082311580000010000000000
07205636000000200112082311580000000000000000100000000000000000
092056360001002001120823115800000000000005020000070000000700I 0000000000000000000000000000000000000100000000000060000000000
11205636000200200112082311580000090000010000000700000000070000000000000000000000000000070000000000000000
122056360003002001120823115800000000000000000000000000000000000000000000000700000000000000000000000000000000
07205637000000200112082312010000000000000000100000000000000000
092056370001002001120823120100000000000002480006380000000318000000000000000000000000000000100000001000000000000050000000000
092056370002002001120823120100000000000001010005780000000231000000000000000000000000000000100000001400000000000020000000000
11205637000300200112082312010000090000020000000549000000054900000000000000000000000000200000000014510000
122056370004002001120823120100000000000000000000000000000000000000000000000549000000000000000000000000000000
07205638000000200112082312030000000000000000100000000000000000
092056380001002001120823120300000000000002290000010000000499000000000000000000000000000000000000002500000000000010000000000
092056380002002001120823120300000000000001140008180000000490000000000000000000000000000000100000000500000000000020000000000
092056380003002001120823120300000000000001020012640000000378000000000000000000000000000000100000001200000000000020000000000
092056380004002001120823120300000000000002070009240000000553000000000000000000000000000000100000001990000000000010000000000
092056380005002001120823120300000000000002110009240000000461000000000000000000000000000000100000000990000000000010000000000
092056380006002001120823120300000000000002130019840000000692000000000000000000000000000000100000001400000000000010000000000
11205638000700200112082312030000090000060000003073000000307300000000000000000000000000500000000019270000
122056380008002001120823120300000000000000000000000000000000000000000000003073000000000000000000000000000000
07205639000000200112082312060000000000000000100000000000000000
092056390001002001120823120600000000000002130014160000000494000000000000000000000000000000100000001400000000000010000000000
092056390002002001120823120600000000000002260004780000000239000000000000000000000000000000100000002000000000000010000000000
092056390003002001120823120600000000000002270007280000000873000000000000000000000000000000100000003990000000000010000000000
092056390004002001120823120600000000000002190000010000000499000000000000000000000000000000000000002250000000000010000000000
11205639000500200112082312060000090000040000002105000000210500000000000000000000000000210500000000000000
122056390006002001120823120600000000000000000000000000000000000000000000002105000000000000000000000000000000
07205640000000200112082312100000000000000000100000000000000000
092056400001002001120823121000000000000004020000050000000500I 0300000000000000000000000000000000000230000000000030000000000
092056400002002001120823121000000000000005480000010000000250I 0300000000000000000000000000000000000000000000000030000000000
11205640000300200112082312100000090000020000000750000000075000000000000000000000000000075000000000000000
122056400004002001120823121000000000000000000000000000000000000000000000000750000000000000000000000000000000
07205641000000200112082312150000000000000000100000000000000000
092056410001002001120823121500000000000003010000010000000999000000000000000000000000000000000000006000000000000050000000000
092056410002002001120823121500000000000002040003760000000263000000000000000000000000000000100000000500000000000010000000000
092056410003002001120823121500000000000001010014180000000566000000000000000000000000000000100000001400000000000020000000000
092056410004002001120823121500000000000001040004940000000222000000000000000000000000000000100000002000000000000020000000000
092056410005002001120823121500000000000001090003300000000165000000000000000000000000000000100000001500000000000020000000000
11205641000600200112082312150000090000050000002215000000221500000000000000000000000000221500000000000000
122056410007002001120823121500000000000000000000000000000000000000000000002215000000000000000000000000000000
07205642000000200112082312180000000000000000100000000000000000
092056420001002001120823121800000000000002040007360000000514000000000000000000000000000000100000000500000000000010000000000
092056420002002001120823121800000000000003250000020000000300000000000000000000000000000000000000000790000000000040000000000
11205642000300200112082312180000090000020000000814000000081400000000000000000000000000100000000001860000
122056420004002001120823121800000000000000000000000000000000000000000000000814000000000000000000000000000000
07205643000000200112082312190000000000000000100000000000000000
092056430001002001120823121900000000000001130014760000000441000000000000000000000000000000100000001500000000000020000000000
11205643000200200112082312190000090000010000000441000000044100000000000000000000000000050000000000590000
122056430003002001120823121900000000000000000000000000000000000000000000000441000000000000000000000000000000
07205644000000200112082312210000000000000000100000000000000000
092056440001002001120823122100000000000002070007420000000444000000000000000000000000000000100000001990000000000010000000000
11205644000200200112082312210000090000010000000444000000044400000000000000000000000000100000000005560000
122056440003002001120823122100000000000000000000000000000000000000000000000444000000000000000000000000000000
07205645000000200112082312240000000000000000100000000000000000
092056450001002001120823122400000000000001040003300000000148000000000000000000000000000000100000002000000000000020000000000
092056450002002001120823122400000000000001070002160000000453000000000000000000000000000000100000005000000000000020000000000
092056450003002001120823122400000000000004020000040000000400I 0300000000000000000000000000000000000230000000000030000000000
11205645000400200112082312240000090000030000001001000000100100000000000000000000000000100100000000000000
122056450005002001120823122403020000000000000000000000000000000000000000001001000000000000000000000000000000
07205646000000200112082312250000000000000000100000000000000000
092056460001002001120823122500000000000002040004360000000305000000000000000000000000000000100000000500000000000010000000000
11205646000200200112082312250000090000010000000305000000030500000000000000000000000000030500000000000000
122056460003002001120823122503020000000000000000000000000000000000000000000305000000000000000000000000000000
07205647000000200112082312310000000000000000100000000000000000
092056470001002001120823123100000000000002170000010000000799000000000000000000000000000000000000006500000000000010000000000
092056470002002001120823123100000000000002070012960000000776000000000000000000000000000000100000001990000000000010000000000
092056470003002001120823123100000000000002190000010000000499000000000000000000000000000000000000002250000000000010000000000
11205647000400200112082312310000090000030000002074000000207400000000000000000000000000207400000000000000
122056470005002001120823123102010000000000000000000000000000000000010000002074000000000000000000000000000000
102056470006002001120823123101000000000000000100000020740000000000000436000009
07205648000000200112082312330000000000000000100000000000000000
092056480001002001120823123300000000000003020000010000000100000000000000000000000000000000000000000500000000000000000000000
092056480002002001120823123300000000000003250000020000000300000000000000000000000000000000000000000790000000000040000000000
092056480003002001120823123300000000000001080007440000000743000000000000000000000000000000100000001000000000000020000000000
092056480004002001120823123300000000000001050004520000000180000000000000000000000000000000100000002000000000000020000000000
11205648000500200112082312330000090000040000001323000000132300000000000000000000000000132300000000000000
122056480006002001120823123302010000000000000000000000000000000000100000001323000000000000000000000000000000
102056480007002001120823123301000000000000001000000013230000000000000040000009
07205649000000200112082312370000000000000000100000000000000000
092056490001002001120823123700000000000001220006040000000241000000000000000000000000000000100000001500000000000020000000000
092056490002002001120823123700000000000002040004960000000347000000000000000000000000000000100000000500000000000010000000000
092056490003002001120823123700000000000003250000020000000300000000000000000000000000000000000000000790000000000040000000000
092056490004002001120823123700000000000001140003840000000230000000000000000000000000000000100000000500000000000020000000000
11205649000500200112082312370000090000040000001118000000111800000000000000000000000000111800000000000000
122056490006002001120823123700000000000000000000000000000000000000000000001118000000000000000000000000000000
07205650000000200112082312460000000000000000100000000000000000
092056500001002001120823124600000000000002040002200000000154000000000000000000000000000000100000000500000000000010000000000
092056500002002001120823124600000000000002070012580000000754000000000000000000000000000000100000001990000000000010000000000
11205650000300200112082312460000090000020000000908000000090800000000000000000000000000090800000000000000
122056500004002001120823124600000000000000000000000000000000000000000000000908000000000000000000000000000000
07205651000000200112082312470000000000000000100000000000000000
092056510001002001120823124700000000000001150001840000000184000000000000000000000000000000100000001000000000000020000000000
092056510002002001120823124700000000000002070012200000000731000000000000000000000000000000100000001990000000000010000000000
092056510003002001120823124700000000000002110010380000000518000000000000000000000000000000100000000990000000000010000000000
11205651000400200112082312470000090000030000001433000000143300000000000000000000000000143300000000000000
122056510005002001120823124703010000000000000000000000000000000000000000001433000000000000000000000000000000
07205652000000200112082312480000000000000000100000000000000000
092056520001002001120823124800000000000003050000010000000199000000000000000000000000000000000000000700000000000040000000000
11205652000200200112082312480000090000010000000199000000019900000000000000000000000000019900000000000000
122056520003002001120823124802010000000000000000000000000000000000210000000199000000000000000000000000000000
102056520004002001120823124801000000000000002100000001990000000000000336000009
07205653000000200112082312520000000000000000100000000000000000
092056530001002001120823125200000000000002130015940000000556000000000000000000000000000000100000001400000000000010000000000
092056530002002001120823125200000000000002290000010000000499000000000000000000000000000000000000002500000000000010000000000
092056530003002001120823125200000000000002230004960000000744000000000000000000000000000000100000004980000000000010000000000
092056530004002001120823125200000000000002110003520000000176000000000000000000000000000000100000000990000000000010000000000
092056530005002001120823125200000000000002070010340000000619000000000000000000000000000000100000001990000000000010000000000
092056530006002001120823125200000000000002260003840000000192000000000000000000000000000000100000002000000000000010000000000
092056530007002001120823125200000000000002150000010000000399000000000000000000000000000000000000000500000000000010000000000
092056530008002001120823125200000000000002120012420000000868000000000000000000000000000000100000002250000000000010000000000
11205653000900200112082312520000090000080000004053000000405300000000000000000000000000405300000000000000
122056530010002001120823125203010000000000000000000000000000000000000000004053000000000000000000000000000000
07205654000000200112082312540000000000000000100000000000000000
092056540001002001120823125400000000000002070007020000000420000000000000000000000000000000100000001990000000000010000000000
17205654000200200112082312540000000000000562
092056540003002001120823125400000000000002010009380000000374000000000000000000000000000000100000000990000000000010000000000
092056540004002001120823125400000000000002220000010000000399000000000000000000000000000000000000001500000000000010000000000
092056540005002001120823125400000000000002130011760000000410000000000000000000000000000000100000001400000000000010000000000
092056540006002001120823125400000000000002060006880000000481000000000000000000000000000000100000000000000000000010000000000
11205654000700200112082312540000090000050000002084000000208400000000000000000000000000208400000000000000
122056540008002001120823125400000000000000000000000000000000000000000000002084000000000000000000000000000000
07205655000000200112082312540000000000000000100000000000000000
092056550001002001120823125400000000000005020000010000000100I 0000000000000000000000000000000000000100000000000060000000000
11205655000200200112082312540000090000010000000100000000010000000000000000000000000000010000000000000000
122056550003002001120823125400000000000000000000000000000000000000000000000100000000000000000000000000000000
07205656000000200112082312550000000000000000100000000000000000
092056560001002001120823125500000000000003250000020000000300000000000000000000000000000000000000000790000000000040000000000
092056560002002001120823125500000000000001020013720000000410000000000000000000000000000000100000001200000000000020000000000
092056560003002001120823125500000000000002120016760000001172000000000000000000000000000000100000002250000000000010000000000
092056560004002001120823125500000000000002090003180000000381000000000000000000000000000000100000004720000000000010000000000
11205656000500200112082312550000090000040000002263000000226300000000000000000000000000226300000000000000
122056560006002001120823125500000000000000000000000000000000000000000000002263000000000000000000000000000000
07205657000000200112082312560000000000000000100000000000000000
092056570001002001120823125600000000000002130018560000000648000000000000000000000000000000100000001400000000000010000000000
11205657000200200112082312560000090000010000000648000000064800000000000000000000000000064800000000000000
122056570003002001120823125603010000000000000000000000000000000000000000000648000000000000000000000000000000
07205658000000200112082313060000000000000000100000000000000000
092056580001002001120823130600000000000001080005560000000555000000000000000000000000000000100000001000000000000020000000000
092056580002002001120823130600000000000001040005000000000225000000000000000000000000000000100000002000000000000020000000000
092056580003002001120823130600000000000001090001160000000058000000000000000000000000000000100000001500000000000020000000000
092056580004002001120823130600000000000004020000010000000100I 0300000000000000000000000000000000000230000000000030000000000
092056580005002001120823130600000000000004020000010000000100I 0300000000000000000000000000000000000230000000000030000000000
11205658000600200112082313060000090000050000001038000000103800000000000000000000000000103800000000000000
122056580007002001120823130603020000000000000000000000000000000000000000001038000000000000000000000000000000
07205659000000200112082313100000000000000000100000000000000000
092056590001002001120823131000000000000001050002280000000091000000000000000000000000000000100000002000000000000020000000000
11205659000200200112082313100000090000010000000091000000009100000000000000000000000000009100000000000000
122056590003002001120823131000000000000000000000000000000000000000000000000091000000000000000000000000000000
18205659000400200112082313170200000010000000000000000000000001
18205659000500200112082313180200000050000000000000000000000001
07205660000000200112082313190000000000000000100000000000000000
092056600001002001120823131900000000000005040000010000000699I 0100000000000000000000000000000000000000000000000030000000000
11205660000200200112082313190000090000010000000699000000069900000000000000000000000000069900000000000000
122056600003002001120823131902010000000000000000000000000000000000050000000699000000000000000000000000000000
102056600004002001120823131901000000000000000500000006990000000000000381000009
07205661000000200112082313240000000000000000100000000000000000
092056610001002001120823132400000000000001040002300000000103000000000000000000000000000000100000002000000000000020000000000
092056610002002001120823132400000000000001060001500000000105000000000000000000000000000000100000001500000000000020000000000
092056610003002001120823132400000000000002040002520000000176000000000000000000000000000000100000000500000000000010000000000
092056610004002001120823132400000000000002020010800000000647000000000000000000000000000000100000001990000000000010000000000
092056610005002001120823132400000000000001070000540000000113000000000000000000000000000000100000005000000000000020000000000
092056610006002001120823132400000000000002050004680000000304000000000000000000000000000000100000000890000000000010000000000
092056610007002001120823132400000000000005520000010000000200I 0300000000000000000000000000000000001000000000000080000000000
11205661000800200112082313240000090000070000001648000000164800000000000000000000000000500000000033520000
122056610009002001120823132400000000000000000000000000000000000000000000001648000000000000000000000000000000
07205662000000200112082313260000000000000000100000000000000000
092056620001002001120823132600000000000001010004280000000171000000000000000000000000000000100000001400000000000020000000000
092056620002002001120823132600000000000001100004860000000194000000000000000000000000000000100000000500000000000020000000000
11205662000300200112082313260000090000020000000365000000036500000000000000000000000000200000000016350000
122056620004002001120823132600000000000000000000000000000000000000000000000365000000000000000000000000000000
14205663000000200112082313290000010000000000
07205664000000200112082313290000000000000000100000000000000000
092056640001002001120823132900000000000001070002260000000474000000000000000000000000000000100000005000000000000020000000000
11205664000200200112082313290000090000010000000474000000047400000000000000000000000000050000000000260000
122056640003002001120823132900000000000000000000000000000000000000000000000474000000000000000000000000000000
07205665000000200112082313420000000000000000100000000000000000
092056650001002001120823134200000000000002020009360000000561000000000000000000000000000000100000001990000000000010000000000
092056650002002001120823134200000000000002010007180000000286000000000000000000000000000000100000000990000000000010000000000
092056650003002001120823134200000000000001160009480000000189000000000000000000000000000000100000000670000000000020000000000
092056650004002001120823134200000000000001120010820000000648000000000000000000000000000000100000001000000000000020000000000
092056650005002001120823134200000000000001010006840000000273000000000000000000000000000000100000001400000000000020000000000
092056650006002001120823134200000000000002070013820000000828000000000000000000000000000000100000001990000000000010000000000
092056650007002001120823134200000000000002080010280000000616000000000000000000000000000000100000000500000000000010000000000
092056650008002001120823134200000000000002260009540000000476000000000000000000000000000000100000002000000000000010000000000
092056650009002001120823134200000000000001070001960000000411000000000000000000000000000000100000005000000000000020000000000
092056650010002001120823134200000000000001040005200000000233000000000000000000000000000000100000002000000000000020000000000
092056650011002001120823134200000000000001060002380000000166000000000000000000000000000000100000001500000000000020000000000
092056650012002001120823134200000000000001090001820000000091000000000000000000000000000000100000001500000000000020000000000
092056650013002001120823134200000000000002170000010000000799000000000000000000000000000000000000006500000000000010000000000
11205665001400200112082313420000090000130000005577000000557700000000000000000000000000600000000004230000
122056650015002001120823134200000000000000000000000000000000000000000000005577000000000000000000000000000000
07205666000000200112082313460000000000000000100000000000000000
092056660001002001120823134600000000000002220000020000000798000000000000000000000000000000000000001500000000000010000000000
11205666000200200112082313460000090000010000000798000000079800000000000000000000000000079800000000000000
122056660003002001120823134600000000000000000000000000000000000000000000000798000000000000000000000000000000
07205667000000200112082313470000000000000000100000000000000000
092056670001002001120823134700000000000002130023160000000808000000000000000000000000000000100000001400000000000010000000000
11205667000200200112082313470000090000010000000808000000080800000000000000000000000000080800000000000000
122056670003002001120823134700000000000000000000000000000000000000000000000808000000000000000000000000000000
07205668000000200112082313480000000000000000100000000000000000
092056680001002001120823134800000000000002220000010000000399000000000000000000000000000000000000001500000000000010000000000
11205668000200200112082313480000090000010000000399000000039900000000000000000000000000039900000000000000
122056680003002001120823134800000000000000000000000000000000000000000000000399000000000000000000000000000000
062056680004002001120823135000000100000050000000000000000000000000000000000000000000
062056680005002001120823135100000100000450000000000000000000000000000000000000000000
0320566800060020011208231352000001000009
02205668000700200112082313520000010000050000000000
07205669000000200112082313540000000000000000100000000000000000
092056690001002001120823135400000000000003250000010000000150000000000000000000000000000000000000000790000000000040000000000
11205669000200200112082313540000050000010000000150000000015000000000000000000000000000015000000000000000
122056690003002001120823135403020000000000000000000000000000000000000000000150000000000000000000000000000000
07205670000000200112082314020000000000000000100000000000000000
092056700001002001120823140200000000000002030004620000000346000000000000000000000000000000100000002990000000000010000000000
11205670000200200112082314020000050000010000000346000000034600000000000000000000000000035000000000040000
122056700003002001120823140200000000000000000000000000000000000000000000000346000000000000000000000000000000
07205671000000200112082314110000000000000000100000000000000000
092056710001002001120823141100000000000001160013380000000266000000000000000000000000000000100000000670000000000020000000000
092056710002002001120823141100000000000001120007260000000435000000000000000000000000000000100000001000000000000020000000000
092056710003002001120823141100000000000001060006280000000439000000000000000000000000000000100000001500000000000020000000000
092056710004002001120823141100000000000001220005500000000219000000000000000000000000000000100000001500000000000020000000000
092056710005002001120823141100000000000001090001560000000078000000000000000000000000000000100000001500000000000020000000000
092056710006002001120823141100000000000003250000010000000150000000000000000000000000000000000000000790000000000040000000000
092056710007002001120823141100000000000001130006260000000187000000000000000000000000000000100000001500000000000020000000000
11205671000800200112082314110000050000070000001774000000177400000000000000000000000000190000000001260000
122056710009002001120823141100000000000000000000000000000000000000000000001774000000000000000000000000000000
07205672000000200112082314140000000000000000100000000000000000
092056720001002001120823141400000000000005480000010000000250I 0300000000000000000000000000000000000000000000000030000000000
11205672000200200112082314140000050000010000000250000000025000000000000000000000000000025000000000000000
122056720003002001120823141402010000000000000000000000000000000000210000000250000000000000000000000000000000
102056720004002001120823141401000000000000002100000002500000000000000337000005
07205673000000200112082314140000000000000000100000000000000000
092056730001002001120823141400000000000005030000010000001099I 0000000000000000000000000000000000004420000000000020000000000
11205673000200200112082314140000050000010000001099000000109900000000000000000000000000200000000009010000
122056730003002001120823141400000000000000000000000000000000000000000000001099000000000000000000000000000000
07205674000000200112082314230000000000000000100000000000000000
092056740001002001120823142300000000000005020000020000000200I 0000000000000000000000000000000000000100000000000060000000000
11205674000200200112082314230000050000010000000200000000020000000000000000000000000000020000000000000000
122056740003002001120823142300000000000000000000000000000000000000000000000200000000000000000000000000000000
07205675000000200112082314350000000000000000100000000000000000
092056750001002001120823143500000000000003190000010000000500000000000000000000000000000000000000002000000000000050000000000
11205675000200200112082314350000050000010000000500000000050000000000000000000000000000050000000000000000
122056750003002001120823143500000000000000000000000000000000000000000000000500000000000000000000000000000000
07205676000000200112082315130000000000000000100000000000000000
092056760001002001120823151300000000000005480000010000000250I 0300000000000000000000000000000000000000000000000030000000000
092056760002002001120823151300000000000005530000010000000200I 0300000000000000000000000000000000001000000000000080000000000
11205676000300200112082315130000050000020000000450000000045000000000000000000000000000045000000000000000
122056760004002001120823151302010000000000000000000000000000000000210000000450000000000000000000000000000000
102056760005002001120823151301000000000000002100000004500000000000000338000005
14205677000000200112082315180000010000000000
07205678000000200112082315190000000000000000100000000000000000
092056780001002001120823151900000000000001080000760000000076000000000000000000000000000000100000001000000000000020000000000
092056780002002001120823151900000000000002190000010000000499000000000000000000000000000000000000002250000000000010000000000
11205678000300200112082315190000050000020000000575000000057500000000000000000000000000057500000000000000
122056780004002001120823151903050000000000000000000000000000000000000000000575000000000000000000000000000000
07205679000000200112082315380000000000000000100000000000000000
092056790001002001120823153800000000000002250004720000000377000000000000000000000000000000100000002670000000000010000000000
092056790002002001120823153800000000000002190000010000000499000000000000000000000000000000000000002250000000000010000000000
092056790003002001120823153800000000000002090003640000000436000000000000000000000000000000100000004720000000000010000000000
092056790004002001120823153800000000000002050007340000000476000000000000000000000000000000100000000890000000000010000000000
092056790005002001120823153800000000000002070004480000000268000000000000000000000000000000100000001990000000000010000000000
092056790006002001120823153800000000000002150000010000000399000000000000000000000000000000000000000500000000000010000000000
11205679000700200112082315380000050000060000002455000000245500000000000000000000000000245500000000000000
122056790008002001120823153803010000000000000000000000000000000000000000002455000000000000000000000000000000
07205680000000200112082315560000000000000000100000000000000000
092056800001002001120823155600000000000003010000010000000999000000000000000000000000000000000000006000000000000050000000000
11205680000200200112082315560000050000010000000999000000099900000000000000000000000000099900000000000000
122056800003002001120823155603050000000000000000000000000000000000000000000999000000000000000000000000000000
07205681000000200112082316030000000000000000100000000000000000
092056810001002001120823160300000000000005020000020000000200I 0000000000000000000000000000000000000100000000000060000000000
092056810002002001120823160300000000000003250000010000000150000000000000000000000000000000000000000790000000000040000000000
092056810003002001120823160300000000000003250000010000000150000000000000000000000000000000000000000790000000000040000000000
092056810004002001120823160300000000000002040000580000000041000000000000000000000000000000100000000500000000000010000000000
092056810005002001120823160300000000000002050003640000000236000000000000000000000000000000100000000890000000000010000000000
11205681000600200112082316030000050000050000000777000000077700000000000000000000000000200000000012230000
122056810007002001120823160300000000000000000000000000000000000000000000000777000000000000000000000000000000
07205682000000200112082316030000000000000000100000000000000000
092056820001002001120823160300000000000003250000020000000300000000000000000000000000000000000000000790000000000040000000000
11205682000200200112082316030000050000010000000300000000030000000000000000000000000000040000000001000000
122056820003002001120823160300000000000000000000000000000000000000000000000300000000000000000000000000000000
07205683000000200112082316050000000000000000100000000000000000
092056830001002001120823160500000000000002140005940000000296000000000000000000000000000000100000001990000000000010000000000
092056830002002001120823160500000000000002050004560000000296000000000000000000000000000000100000000890000000000010000000000
11205683000300200112082316050000050000020000000592000000059200000000000000000000000000060000000000080000
122056830004002001120823160500000000000000000000000000000000000000000000000592000000000000000000000000000000
07205684000000200112082316060000000000000000100000000000000000
092056840001002001120823160600000000000003200000010000002299000000000000000000000000000000000000000000000000000050000000000
092056840002002001120823160600000000000005020000080000000800I 0000000000000000000000000000000000000100000000000060000000000
092056840003002001120823160600000000000001140004480000000268000000000000000000000000000000100000000500000000000020000000000
11205684000400200112082316060000050000030000003367000000336700000000000000000000000000500000000016330000
122056840005002001120823160600000000000000000000000000000000000000000000003367000000000000000000000000000000
07205685000000200112082316140000000000000000100000000000000000
092056850001002001120823161400000000000001080003840000000384000000000000000000000000000000100000001000000000000020000000000
092056850002002001120823161400000000000002090002960000000355000000000000000000000000000000100000004720000000000010000000000
17205685000300200112082316140000000000000799
092056850004002001120823161400000000000005020000070000000700I 0000000000000000000000000000000000000100000000000060000000000
092056850005002001120823161400000000000001130023400000000700000000000000000000000000000000100000001500000000000020000000000
092056850006002001120823161400000000000002050005120000000332000000000000000000000000000000100000000890000000000010000000000
092056850007002001120823161400000000000002070005420000000325000000000000000000000000000000100000001990000000000010000000000
092056850008002001120823161400000000000002010003440000000137000000000000000000000000000000100000000990000000000010000000000
092056850009002001120823161400000000000005030000010000001099I 0000000000000000000000000000000000004420000000000020000000000
092056850010002001120823161400000000000001050001400000000056000000000000000000000000000000100000002000000000000020000000000
092056850011002001120823161400000000000001020003740000000112000000000000000000000000000000100000001200000000000020000000000
092056850012002001120823161400000000000001070000580000000122000000000000000000000000000000100000005000000000000020000000000
092056850013002001120823161400000000000001060003160000000221000000000000000000000000000000100000001500000000000020000000000
11205685001400200112082316140000050000120000003744000000374400000000000000000000000000374400000000000000
122056850015002001120823161403010000000000000000000000000000000000000000003744000000000000000000000000000000
07205686000000200112082316150000000000000000100000000000000000
092056860001002001120823161500000000000005020000030000000300I 0000000000000000000000000000000000000100000000000060000000000
092056860002002001120823161500000000000003250000010000000150000000000000000000000000000000000000000790000000000040000000000
11205686000300200112082316150000050000020000000450000000045000000000000000000000000000050000000000500000
122056860004002001120823161500000000000000000000000000000000000000000000000450000000000000000000000000000000
07205687000000200112082316170000000000000000100000000000000000
092056870001002001120823161700000000000002290000010000000499000000000000000000000000000000000000002500000000000010000000000
092056870002002001120823161700000000000001090004760000000238000000000000000000000000000000100000001500000000000020000000000
092056870003002001120823161700000000000001060007120000000498000000000000000000000000000000100000001500000000000020000000000
092056870004002001120823161700000000000001080008260000000825000000000000000000000000000000100000001000000000000020000000000
092056870005002001120823161700000000000001040007200000000323000000000000000000000000000000100000002000000000000020000000000
092056870006002001120823161700000000000002260010400000000519000000000000000000000000000000100000002000000000000010000000000
11205687000700200112082316170000050000060000002902000000290200000000000000000000000000290200000000000000
122056870008002001120823161703010000000000000000000000000000000000000000002902000000000000000000000000000000
07205688000000200112082316190000000000000000100000000000000000
092056880001002001120823161900000000000003010000010000000999000000000000000000000000000000000000006000000000000050000000000
11205688000200200112082316190000050000010000000999000000099900000000000000000000000000099900000000000000
122056880003002001120823161903010000000000000000000000000000000000000000000999000000000000000000000000000000
07205689000000200112082316390000000000000000100000000000000000
092056890001002001120823163900000000000002020014000000000839000000000000000000000000000000100000001990000000000010000000000
092056890002002001120823163900000000000001090002960000000148000000000000000000000000000000100000001500000000000020000000000
11205689000300200112082316390000050000020000000987000000098700000000000000000000000000100000000000130000
122056890004002001120823163900000000000000000000000000000000000000000000000987000000000000000000000000000000
07205690000000200112082316420000000000000000100000000000000000
092056900001002001120823164200000000000002130015700000000548000000000000000000000000000000100000001400000000000010000000000
11205690000200200112082316420000050000010000000548000000054800000000000000000000000000054800000000000000
122056900003002001120823164203010000000000000000000000000000000000000000000548000000000000000000000000000000
14205691000000200112082316520000010000000000
07205692000000200112082316530000000000000000100000000000000000
092056920001002001120823165300000000000005530000010000000200I 0300000000000000000000000000000000001000000000000080000000000
11205692000200200112082316530000050000010000000200000000020000000000000000000000000000020000000000000000
122056920003002001120823165300000000000000000000000000000000000000000000000200000000000000000000000000000000
14205693000000200112082317030000010000000000
07205694000000200112082317070000000000000000100000000000000000
092056940001002001120823170700000000000001020059940000001792000000000000000000000000000000100000001200000000000020000000000
11205694000200200112082317070000050000010000001792000000179200000000000000000000000000179200000000000000
122056940003002001120823170703010000000000000000000000000000000000000000001792000000000000000000000000000000
07205695000000200112082317150000000000000000100000000000000000
092056950001002001120823171500000000000005020000060000000600I 0000000000000000000000000000000000000100000000000060000000000
092056950002002001120823171500000000000002040002320000000162000000000000000000000000000000100000000500000000000010000000000
092056950003002001120823171500000000000002290000010000000499000000000000000000000000000000000000002500000000000010000000000
092056950004002001120823171500000000000002130017540000000612000000000000000000000000000000100000001400000000000010000000000
092056950005002001120823171500000000000005020000010000000100I 0000000000000000000000000000000000000100000000000060000000000
11205695000600200112082317150000050000050000001973000000197300000000000000000000000000197300000000000000
122056950007002001120823171503050000000000000000000000000000000000000000001973000000000000000000000000000000
07205696000000200112082317260000000000000000100000000000000000
092056960001002001120823172600000000000002480013360000000667000000000000000000000000000000100000001000000000000050000000000
17205696000200200112082317260000000000000699
092056960003002001120823172600000000000002110008180000000408000000000000000000000000000000100000000990000000000010000000000
092056960004002001120823172600000000000002280004620000000277000000000000000000000000000000100000001000000000000010000000000
11205696000500200112082317260000050000030000001352000000135200000000000000000000000000135200000000000000
122056960006002001120823172603010000000000000000000000000000000000000000001352000000000000000000000000000000
07205697000000200112082317270000000000000000100000000000000000
092056970001002001120823172700000000000002110007960000000397000000000000000000000000000000100000000990000000000010000000000
092056970002002001120823172700000000000002480009040000000451000000000000000000000000000000100000001000000000000050000000000
11205697000300200112082317270000050000020000000848000000084800000000000000000000000000500000000041520000
122056970004002001120823172700000000000000000000000000000000000000000000000848000000000000000000000000000000
07205698000000200112082317290000000000000000100000000000000000
092056980001002001120823172900000000000002070004140000000248000000000000000000000000000000100000001990000000000010000000000
11205698000200200112082317290000050000010000000248000000024800000000000000000000000000024800000000000000
122056980003002001120823172900000000000000000000000000000000000000000000000248000000000000000000000000000000
07205699000000200112082317370000000000000000100000000000000000
092056990001002001120823173700000000000001160022500000000448000000000000000000000000000000100000000670000000000020000000000
11205699000200200112082317370000050000010000000448000000044800000000000000000000000000050000000000520000
122056990003002001120823173700000000000000000000000000000000000000000000000448000000000000000000000000000000
07205700000000200112082317390000000000000000100000000000000000
092057000001002001120823173900000000000003190000010000000500000000000000000000000000000000000000002000000000000050000000000
11205700000200200112082317390000050000010000000500000000050000000000000000000000000000200000000015000000
122057000003002001120823173900000000000000000000000000000000000000000000000500000000000000000000000000000000
14205701000000200112082317430000010000000000
14205702000000200112082317440000010000000000
07205703000000200112082317450000000000000000100000000000000000
092057030001002001120823174500000000000002200000010000000699000000000000000000000000000000000000000990000000000010000000000
092057030002002001120823174500000000000005020000070000000700I 0000000000000000000000000000000000000100000000000060000000000
092057030003002001120823174500000000000002480009320000000465000000000000000000000000000000100000001000000000000050000000000
11205703000400200112082317450000050000030000001864000000186400000000000000000000000000500000000031360000
122057030005002001120823174500000000000000000000000000000000000000000000001864000000000000000000000000000000
07205704000000200112082317570000000000000000100000000000000000
092057040001002001120823175700000000000001020026540000000794000000000000000000000000000000100000001200000000000020000000000
11205704000200200112082317570000050000010000000794000000079400000000000000000000000000079400000000000000
122057040003002001120823175702010000000000000000000000000000000000210000000794000000000000000000000000000000
102057040004002001120823175701000000000000002100000007940000000000000339000005
07205705000000200112082318050000000000000000100000000000000000
092057050001002001120823180500000000000002280012540000000751000000000000000000000000000000100000001000000000000010000000000
092057050002002001120823180500000000000002050010040000000652000000000000000000000000000000100000000890000000000010000000000
092057050003002001120823180500000000000002020008080000000484000000000000000000000000000000100000001990000000000010000000000
092057050004002001120823180500000000000001070004620000000970000000000000000000000000000000100000005000000000000020000000000
092057050005002001120823180500000000000002040003680000000257000000000000000000000000000000100000000500000000000010000000000
092057050006002001120823180500000000000002480008900000000444000000000000000000000000000000100000001000000000000050000000000
092057050007002001120823180500000000000001260002200000000088000000000000000000000000000000100000000500000000000020000000000
11205705000800200112082318050000050000070000003646000000364600000000000000000000000000500000000013540000
122057050009002001120823180500000000000000000000000000000000000000000000003646000000000000000000000000000000
07205706000000200112082318080000000000000000100000000000000000
092057060001002001120823180800000000000001040004900000000220000000000000000000000000000000100000002000000000000020000000000
092057060002002001120823180800000000000001090003400000000170000000000000000000000000000000100000001500000000000020000000000
092057060003002001120823180800000000000001240001120000000112000000000000000000000000000000100000001670000000000020000000000
11205706000400200112082318080000050000030000000502000000050200000000000000000000000000050200000000000000
122057060005002001120823180803010000000000000000000000000000000000000000000502000000000000000000000000000000
07205707000000200112082318190000000000000000100000000000000000
092057070001002001120823181900000000000005080000010000002399I 0100000000000000000000000000000000015000000000000070000000000
11205707000200200112082318190000050000010000002399000000239900000000000000000000000000239900000000000000
122057070003002001120823181900000000000000000000000000000000000000000000002399000000000000000000000000000000
07205708000000200112082318240000000000000000100000000000000000
092057080001002001120823182400000000000003010000010000000999000000000000000000000000000000000000006000000000000050000000000
092057080002002001120823182400000000000005020000040000000400I 0000000000000000000000000000000000000100000000000060000000000
092057080003002001120823182400000000000002040001180000000082000000000000000000000000000000100000000500000000000010000000000
092057080004002001120823182400000000000001010009200000000367000000000000000000000000000000100000001400000000000020000000000
11205708000500200112082318240000050000040000001848000000184800000000000000000000000000184800000000000000
122057080006002001120823182403010000000000000000000000000000000000000000001848000000000000000000000000000000
07205709000000200112082318300000000000000000100000000000000000
092057090001002001120823183000000000000003250000020000000300000000000000000000000000000000000000000790000000000040000000000
092057090002002001120823183000000000000005020000020000000200I 0000000000000000000000000000000000000100000000000060000000000
092057090003002001120823183000000000000002030011100000000831000000000000000000000000000000100000002990000000000010000000000
11205709000400200112082318300000050000030000001331000000133100000000000000000000000000200000000006690000
122057090005002001120823183000000000000000000000000000000000000000000000001331000000000000000000000000000000
07205710000000200112082318320000000000000000100000000000000000
092057100001002001120823183200000000000002480002200000000110000000000000000000000000000000100000001000000000000050000000000
092057100002002001120823183200000000000001020009720000000291000000000000000000000000000000100000001200000000000020000000000
092057100003002001120823183200000000000002260006400000000319000000000000000000000000000000100000002000000000000010000000000
092057100004002001120823183200000000000002190000010000000499000000000000000000000000000000000000002250000000000010000000000
092057100005002001120823183200000000000003010000010000000999000000000000000000000000000000000000006000000000000050000000000
11205710000600200112082318320000050000050000002218000000221800000000000000000000000000240000000001820000
122057100007002001120823183200000000000000000000000000000000000000000000002218000000000000000000000000000000
07205711000000200112082318360000000000000000100000000000000000
092057110001002001120823183600000000000002170000010000000799000000000000000000000000000000000000006500000000000010000000000
092057110002002001120823183600000000000002070015350000000919000000000000000000000000000000100000001990000000000010000000000
092057110003002001120823183600000000000002190000010000000499000000000000000000000000000000000000002250000000000010000000000
092057110004002001120823183600000000000002050002180000000141000000000000000000000000000000100000000890000000000010000000000
092057110005002001120823183600000000000005080000010000002399I 0100000000000000000000000000000000015000000000000070000000000
11205711000600200112082318360000050000050000004757000000475700000000000000000000000000475700000000000000
122057110007002001120823183603050000000000000000000000000000000000000000004757000000000000000000000000000000
07205712000000200112082318370000000000000000100000000000000000
092057120001002001120823183700000000000005480000010000000250I 0300000000000000000000000000000000000000000000000030000000000
11205712000200200112082318370000050000010000000250000000025000000000000000000000000000025000000000000000
122057120003002001120823183703100000000000000000000000000000000000000000000250000000000000000000000000000000
18205712000400200112082318450400000120000000000000000000000001
07205713000000200112082318520000000000000000100000000000000000
092057130001002001120823185200000000000002070006280000000376000000000000000000000000000000100000001990000000000010000000000
092057130002002001120823185200000000000002230008120000001217000000000000000000000000000000100000004980000000000010000000000
092057130003002001120823185200000000000002260015560000000776000000000000000000000000000000100000002000000000000010000000000
092057130004002001120823185200000000000002170000010000000799000000000000000000000000000000000000006500000000000010000000000
11205713000500200112082318520000050000040000003168000000316800000000000000000000000000316800000000000000
122057130006002001120823185203050000000000000000000000000000000000000000003168000000000000000000000000000000
07205714000000200112082318520000000000000000100000000000000000
092057140001002001120823185200000000000003250000020000000300000000000000000000000000000000000000000790000000000040000000000
092057140002002001120823185200000000000001040004620000000207000000000000000000000000000000100000002000000000000020000000000
092057140003002001120823185200000000000001080004420000000442000000000000000000000000000000100000001000000000000020000000000
11205714000400200112082318520000050000030000000949000000094900000000000000000000000000094900000000000000
122057140005002001120823185203050000000000000000000000000000000000000000000949000000000000000000000000000000
07205715000000200112082318540000000000000000100000000000000000
092057150001002001120823185400000000000002090006780000000813000000000000000000000000000000100000004720000000000010000000000
092057150002002001120823185400000000000002080010900000000653000000000000000000000000000000100000000500000000000010000000000
11205715000300200112082318540000050000020000001466000000146600000000000000000000000000147500000000090000
122057150004002001120823185400000000000000000000000000000000000000000000001466000000000000000000000000000000
07205716000000200112082318560000000000000000100000000000000000
092057160001002001120823185600000000000001010005340000000213000000000000000000000000000000100000001400000000000020000000000
11205716000200200112082318560000050000010000000213000000021300000000000000000000000000021300000000000000
122057160003002001120823185603100000000000000000000000000000000000000000000213000000000000000000000000000000
07205717000000200112082319080000000000000000100000000000000000
092057170001002001120823190800000000000003250000020000000300000000000000000000000000000000000000000790000000000040000000000
092057170002002001120823190800000000000001080003600000000360000000000000000000000000000000100000001000000000000020000000000
11205717000300200112082319080000050000020000000660000000066000000000000000000000000000066000000000000000
122057170004002001120823190803010000000000000000000000000000000000000000000660000000000000000000000000000000
07205718000000200112082319100000000000000000100000000000000000
092057180001002001120823191000000000000003250000010000000150000000000000000000000000000000000000000790000000000040000000000
092057180002002001120823191000000000000001070000980000000206000000000000000000000000000000100000005000000000000020000000000
11205718000300200112082319100000050000020000000356000000035600000000000000000000000000050000000001440000
122057180004002001120823191000000000000000000000000000000000000000000000000356000000000000000000000000000000
07205719000000200112082319360000000000000000100000000000000000
092057190001002001120823193600000000000001070003160000000663000000000000000000000000000000100000005000000000000020000000000
11205719000200200112082319360000050000010000000663000000066300000000000000000000000000200000000013370000
122057190003002001120823193600000000000000000000000000000000000000000000000663000000000000000000000000000000
14205720000000200112082319400000010000000000
14205721000000200112082319480000010000000000
07205722000000200112082319490000000000000000100000000000000000
092057220001002001120823194900000000000001020028680000000858000000000000000000000000000000100000001200000000000020000000000
092057220002002001120823194900000000000001080001760000000176000000000000000000000000000000100000001000000000000020000000000
092057220003002001120823194900000000000001070001160000000243000000000000000000000000000000100000005000000000000020000000000
11205722000400200112082319490000050000030000001277000000127700000000000000000000000000500000000037230000
122057220005002001120823194900000000000000000000000000000000000000000000001277000000000000000000000000000000
07205723000000200112082320040000000000000000100000000000000000
092057230001002001120823200400000000000002080014660000000878000000000000000000000000000000100000000500000000000010000000000
11205723000200200112082320040000050000010000000878000000087800000000000000000000000000500000000041220000
122057230003002001120823200400000000000000000000000000000000000000000000000878000000000000000000000000000000
14205724000000200112082320060000010000000000
07205725000000200112082320070000000000000000100000000000000000
092057250001002001120823200700000000000002040013780000000963000000000000000000000000000000100000000500000000000010000000000
11205725000200200112082320070000050000010000000963000000096300000000000000000000000001000000000090370000
122057250003002001120823200700000000000000000000000000000000000000000000000963000000000000000000000000000000
07205726000000200112082320080000000000000000100000000000000000
092057260001002001120823200800000000000002130014900000000520000000000000000000000000000000100000001400000000000010000000000
11205726000200200112082320080000050000010000000520000000052000000000000000000000000000060000000000800000
122057260003002001120823200800000000000000000000000000000000000000000000000520000000000000000000000000000000
07205727000000200112082320150000000000000000100000000000000000
092057270001002001120823201500000000000002040003060000000214000000000000000000000000000000100000000500000000000010000000000
11205727000200200112082320150000050000010000000214000000021400000000000000000000000000022500000000110000
122057270003002001120823201500000000000000000000000000000000000000000000000214000000000000000000000000000000
07205728000000200112082320190000000000000000100000000000000000
092057280001002001120823201900000000000001070002100000000441000000000000000000000000000000100000005000000000000020000000000
092057280002002001120823201900000000000001010012060000000481000000000000000000000000000000100000001400000000000020000000000
11205728000300200112082320190000050000020000000922000000092200000000000000000000000000092200000000000000
122057280004002001120823201903090000000000000000000000000000000000000000000922000000000000000000000000000000
07205729000000200112082320250000000000000000100000000000000000
092057290001002001120823202500000000000001020008560000000256000000000000000000000000000000100000001200000000000020000000000
11205729000200200112082320250000050000010000000256000000025600000000000000000000000000030000000000440000
122057290003002001120823202500000000000000000000000000000000000000000000000256000000000000000000000000000000
07205730000000200112082320450000000000000000100000000000000000
092057300001002001120823204500000000000001140002240000000134000000000000000000000000000000100000000500000000000020000000000
092057300002002001120823204500000000000001100004240000000169000000000000000000000000000000100000000500000000000020000000000
092057300003002001120823204500000000000001060001620000000113000000000000000000000000000000100000001500000000000020000000000
092057300004002001120823204500000000000003110000010000000599000000000000000000000000000000000000001000000000000040000000000
11205730000500200112082320450000050000040000001015000000101500000000000000000000000000170000000006850000
122057300006002001120823204500000000000000000000000000000000000000000000001015000000000000000000000000000000
07205731000000200112082320500000000000000000100000000000000000
092057310001002001120823205000000000000002040002820000000197000000000000000000000000000000100000000500000000000010000000000
11205731000200200112082320500000050000010000000197000000019700000000000000000000000000019700000000000000
122057310003002001120823205000000000000000000000000000000000000000000000000197000000000000000000000000000000
062057310004002001120823205900000100000250000000000000000000000000000000000000000000
0420573200000020011208232100000001205572205732000002194981350000021967581012082300001639740000000000000000000000000094650001000000000000000000000000000000000000000000000000000000000000000000000000000000001234567890AB        
