01209520000000200110092306590000010000003500000002232676561.82G5E   1234567890AB        Generica            
02209520000100200110092306590000010000040000000000
07209521000000200110092307040000000000000000100000000000000000
092095210001002001100923070400000000000001040004460000000178000000000000000000000000000000100000002000000000000020000000000
092095210002002001100923070400000000000002020003880000000232000000000000000000000000000000100000001990000000000010000000000
092095210003002001100923070400000000000002040000560000000045000000000000000000000000000000100000000500000000000010000000000
092095210004002001100923070400000000000002150000020000000798000000000000000000000000000000000000000500000000000010000000000
11209521000500200110092307040000040000040000001253000000125300000000000000000000000000200000000007470000
122095210006002001100923070400000000000000000000000000000000000000000000001253000000000000000000000000000000
07209522000000200110092307050000000000000000100000000000000000
092095220001002001100923070500000000000002110011260000000449000000000000000000000000000000100000000990000000000010000000000
11209522000200200110092307050000040000010000000449000000044900000000000000000000000000044900000000000000
122095220003002001100923070503060000000000000000000000000000000000000000000449000000000000000000000000000000
07209523000000200110092307310000000000000000100000000000000000
092095230001002001100923073100000000000003250000010000000150000000000000000000000000000000000000000790000000000040000000000
092095230002002001100923073100000000000001080003500000000315000000000000000000000000000000100000001000000000000020000000000
092095230003002001100923073100000000000001170003300000000099000000000000000000000000000000100000001000000000000020000000000
092095230004002001100923073100000000000001040001260000000050000000000000000000000000000000100000002000000000000020000000000
11209523000500200110092307310000040000040000000614000000061400000000000000000000000000100000000003860000
122095230006002001100923073100000000000000000000000000000000000000000000000614000000000000000000000000000000
14209524000000200110092307320000010000000000
07209525000000200110092307330000000000000000100000000000000000
092095250001002001100923073300000000000001010009900000000296000000000000000000000000000000100000001400000000000020000000000
11209525000200200110092307330000040000010000000296000000029600000000000000000000000000029600000000000000
122095250003002001100923073300000000000000000000000000000000000000000000000296000000000000000000000000000000
07209526000000200110092307440000000000000000100000000000000000
092095260001002001100923074400000000000001060001740000000069000000000000000000000000000000100000001500000000000020000000000
092095260002002001100923074400000000000002070014000000000839000000000000000000000000000000100000001990000000000010000000000
092095260003002001100923074400000000000003250000010000000150000000000000000000000000000000000000000790000000000040000000000
11209526000400200110092307440000040000030000001058000000105800000000000000000000000000150000000004420000
122095260005002001100923074400000000000000000000000000000000000000000000001058000000000000000000000000000000
07209527000000200110092307540000000000000000100000000000000000
092095270001002001100923075400000000000002040004400000000352000000000000000000000000000000100000000500000000000010000000000
092095270002002001100923075400000000000003250000010000000150000000000000000000000000000000000000000790000000000040000000000
17209527000300200110092307540000000000000450
092095270004002001100923075400000000000001080003720000000334000000000000000000000000000000100000001000000000000020000000000
092095270005002001100923075400000000000003250000020000000300000000000000000000000000000000000000000790000000000040000000000
11209527000600200110092307540000040000040000001136000000113600000000000000000000000000113600000000000000
122095270007002001100923075400000000000000000000000000000000000000000000001136000000000000000000000000000000
07209528000000200110092307540000000000000000100000000000000000
092095280001002001100923075400000000000002070005080000000304000000000000000000000000000000100000001990000000000010000000000
11209528000200200110092307540000040000010000000304000000030400000000000000000000000000040000000000960000
122095280003002001100923075400000000000000000000000000000000000000000000000304000000000000000000000000000000
07209529000000200110092307550000000000000000100000000000000000
092095290001002001100923075500000000000001240001660000000083000000000000000000000000000000100000001670000000000020000000000
11209529000200200110092307550000040000010000000083000000008300000000000000000000000000008300000000000000
122095290003002001100923075500000000000000000000000000000000000000000000000083000000000000000000000000000000
07209530000000200110092307560000000000000000100000000000000000
092095300001002001100923075600000000000003250000010000000150000000000000000000000000000000000000000790000000000040000000000
092095300002002001100923075600000000000002030012220000000732000000000000000000000000000000100000002990000000000010000000000
11209530000300200110092307560000040000020000000882000000088200000000000000000000000000100000000001180000
122095300004002001100923075600000000000000000000000000000000000000000000000882000000000000000000000000000000
07209531000000200110092307570000000000000000100000000000000000
092095310001002001100923075700000000000001130014980000000598000000000000000000000000000000100000001500000000000020000000000
11209531000200200110092307570000040000010000000598000000059800000000000000000000000000059800000000000000
122095310003002001100923075700000000000000000000000000000000000000000000000598000000000000000000000000000000
07209532000000200110092307580000000000000000100000000000000000
092095320001002001100923075800000000000003250000020000000300000000000000000000000000000000000000000790000000000040000000000
11209532000200200110092307580000040000010000000300000000030000000000000000000000000000050000000002000000
122095320003002001100923075800000000000000000000000000000000000000000000000300000000000000000000000000000000
07209533000000200110092308000000000000000000100000000000000000
092095330001002001100923080000000000000002110008080000000322000000000000000000000000000000100000000990000000000010000000000
11209533000200200110092308000000040000010000000322000000032200000000000000000000000000032200000000000000
122095330003002001100923080003020000000000000000000000000000000000000000000322000000000000000000000000000000
07209534000000200110092308030000000000000000100000000000000000
092095340001002001100923080300000000000001070002080000000520000000000000000000000000000000100000005000000000000020000000000
11209534000200200110092308030000040000010000000520000000052000000000000000000000000000060000000000800000
122095340003002001100923080300000000000000000000000000000000000000000000000520000000000000000000000000000000
07209535000000200110092308440000000000000000100000000000000000
092095350001002001100923084400000000000001360000010000000699000000000000000000000000000000000000001000000000000010000000000
11209535000200200110092308440000040000010000000699000000069900000000000000000000000000069900000000000000
122095350003002001100923084400000000000000000000000000000000000000000000000699000000000000000000000000000000
07209536000000200110092308440000000000000000100000000000000000
092095360001002001100923084400000000000005020000010000000100I 0000000000000000000000000000000000000100000000000060000000000
11209536000200200110092308440000040000010000000100000000010000000000000000000000000000010000000000000000
122095360003002001100923084400000000000000000000000000000000000000000000000100000000000000000000000000000000
07209537000000200110092308520000000000000000100000000000000000
092095370001002001100923085200000000000003200000010000002299000000000000000000000000000000000000000000000000000050000000000
092095370002002001100923085200000000000002480012660000000379000000000000000000000000000000100000001000000000000010000000000
11209537000300200110092308520000040000020000002678000000267800000000000000000000000000267800000000000000
122095370004002001100923085203060000000000000000000000000000000000000000002678000000000000000000000000000000
07209538000000200110092308520000000000000000100000000000000000
092095380001002001100923085200000000000002140008020000000400000000000000000000000000000000100000001990000000000010000000000
11209538000200200110092308520000040000010000000400000000040000000000000000000000000000040000000000000000
122095380003002001100923085200000000000000000000000000000000000000000000000400000000000000000000000000000000
07209539000000200110092308530000000000000000100000000000000000
092095390001002001100923085300000000000004110000100000000500I 0300000000000000000000000000000000000180000000000030000000000
092095390002002001100923085300000000000001070003000000000750000000000000000000000000000000100000005000000000000020000000000
11209539000300200110092308530000040000020000001250000000125000000000000000000000000000200000000007500000
122095390004002001100923085300000000000000000000000000000000000000000000001250000000000000000000000000000000
07209540000000200110092308580000000000000000100000000000000000
092095400001002001100923085800000000000001070001920000000480000000000000000000000000000000100000005000000000000020000000000
11209540000200200110092308580000040000010000000480000000048000000000000000000000000000048000000000000000
122095400003002001100923085803020000000000000000000000000000000000000000000480000000000000000000000000000000
07209541000000200110092309000000000000000000100000000000000000
092095410001002001100923090000000000000002250008980000000538000000000000000000000000000000100000002670000000000010000000000
092095410002002001100923090000000000000001050005980000000179000000000000000000000000000000100000002000000000000020000000000
092095410003002001100923090000000000000001070001940000000485000000000000000000000000000000100000005000000000000020000000000
092095410004002001100923090000000000000001310000010000000699000000000000000000000000000000000000002500000000000020000000000
092095410005002001100923090000000000000002190000010000000499000000000000000000000000000000000000002250000000000010000000000
092095410006002001100923090000000000000003250000030000000450000000000000000000000000000000000000000790000000000040000000000
11209541000700200110092309000000040000060000002850000000285000000000000000000000000000500000000021500000
122095410008002001100923090000000000000000000000000000000000000000000000002850000000000000000000000000000000
07209542000000200110092309010000000000000000100000000000000000
092095420001002001100923090100000000000001010008680000000260000000000000000000000000000000100000001400000000000020000000000
092095420002002001100923090100000000000001070000560000000140000000000000000000000000000000100000005000000000000020000000000
11209542000300200110092309010000040000020000000400000000040000000000000000000000000000100000000006000000
122095420004002001100923090100000000000000000000000000000000000000000000000400000000000000000000000000000000
07209543000000200110092309020000000000000000100000000000000000
092095430001002001100923090200000000000002480009960000000298000000000000000000000000000000100000001000000000000010000000000
092095430002002001100923090200000000000002210004340000000303000000000000000000000000000000100000003990000000000010000000000
092095430003002001100923090200000000000001250003460000000069I 0000000000000000000000000000100000000530000000000020000000000
092095430004002001100923090200000000000001150002340000000234000000000000000000000000000000100000001000000000000020000000000
092095430005002001100923090200000000000001140005680000000227000000000000000000000000000000100000000500000000000020000000000
11209543000600200110092309020000040000050000001131000000113100000000000000000000000000500000000038690000
122095430007002001100923090200000000000000000000000000000000000000000000001131000000000000000000000000000000
07209544000000200110092309040000000000000000100000000000000000
092095440001002001100923090400000000000001070001060000000265000000000000000000000000000000100000005000000000000020000000000
092095440002002001100923090400000000000002290000010000000299000000000000000000000000000000000000002500000000000010000000000
11209544000300200110092309040000040000020000000564000000056400000000000000000000000000100000000004360000
122095440004002001100923090400000000000000000000000000000000000000000000000564000000000000000000000000000000
07209545000000200110092309070000000000000000100000000000000000
092095450001002001100923090700000000000001140004620000000184000000000000000000000000000000100000000500000000000020000000000
11209545000200200110092309070000040000010000000184000000018400000000000000000000000000050000000003160000
122095450003002001100923090700000000000000000000000000000000000000000000000184000000000000000000000000000000
07209546000000200110092309090000000000000000100000000000000000
092095460001002001100923090900000000000001070000540000000135000000000000000000000000000000100000005000000000000020000000000
092095460002002001100923090900000000000001080003220000000257000000000000000000000000000000100000001000000000000020000000000
092095460003002001100923090900000000000001040002740000000109000000000000000000000000000000100000002000000000000020000000000
092095460004002001100923090900000000000003250000010000000150000000000000000000000000000000000000000790000000000040000000000
11209546000500200110092309090000040000040000000651000000065100000000000000000000000000065100000000000000
122095460006002001100923090903060000000000000000000000000000000000000000000651000000000000000000000000000000
07209547000000200110092309140000000000000000100000000000000000
092095470001002001100923091400000000000002170000010000000799000000000000000000000000000000000000006500000000000010000000000
092095470002002001100923091400000000000001010010020000000300000000000000000000000000000000100000001400000000000020000000000
092095470003002001100923091400000000000001180004440000000222000000000000000000000000000000100000001000000000000020000000000
092095470004002001100923091400000000000002070012560000000752000000000000000000000000000000100000001990000000000010000000000
092095470005002001100923091400000000000001080001920000000153000000000000000000000000000000100000001000000000000020000000000
092095470006002001100923091400000000000003250000010000000150000000000000000000000000000000000000000790000000000040000000000
11209547000700200110092309140000040000060000002376000000237600000000000000000000000000237600000000000000
122095470008002001100923091403060000000000000000000000000000000000000000002376000000000000000000000000000000
07209548000000200110092309190000000000000000100000000000000000
092095480001002001100923091900000000000003250000010000000150000000000000000000000000000000000000000790000000000040000000000
11209548000200200110092309190000040000010000000150000000015000000000000000000000000000015000000000000000
122095480003002001100923091900000000000000000000000000000000000000000000000150000000000000000000000000000000
07209549000000200110092309270000000000000000100000000000000000
092095490001002001100923092700000000000001140007480000000298000000000000000000000000000000100000000500000000000020000000000
092095490002002001100923092700000000000001070002620000000655000000000000000000000000000000100000005000000000000020000000000
092095490003002001100923092700000000000002050002360000000118000000000000000000000000000000100000000890000000000010000000000
092095490004002001100923092700000000000002020001980000000119000000000000000000000000000000100000001990000000000010000000000
11209549000500200110092309270000040000040000001190000000119000000000000000000000000000150000000003100000
122095490006002001100923092700000000000000000000000000000000000000000000001190000000000000000000000000000000
07209550000000200110092309320000000000000000100000000000000000
092095500001002001100923093200000000000002040002880000000230000000000000000000000000000000100000000500000000000010000000000
092095500002002001100923093200000000000001070000980000000245000000000000000000000000000000100000005000000000000020000000000
092095500003002001100923093200000000000001040003100000000124000000000000000000000000000000100000002000000000000020000000000
092095500004002001100923093200000000000001060004740000000189000000000000000000000000000000100000001500000000000020000000000
11209550000500200110092309320000040000040000000788000000078800000000000000000000000000078800000000000000
122095500006002001100923093203020000000000000000000000000000000000000000000788000000000000000000000000000000
07209551000000200110092309330000000000000000100000000000000000
092095510001002001100923093300000000000001010011880000000355000000000000000000000000000000100000001400000000000020000000000
11209551000200200110092309330000040000010000000355000000035500000000000000000000000000035500000000000000
122095510003002001100923093303020000000000000000000000000000000000000000000355000000000000000000000000000000
07209552000000200110092309460000000000000000100000000000000000
092095520001002001100923094600000000000001120005040000000302000000000000000000000000000000100000001000000000000020000000000
092095520002002001100923094600000000000001080003460000000276000000000000000000000000000000100000001000000000000020000000000
092095520003002001100923094600000000000005020000020000000200I 0000000000000000000000000000000000000100000000000060000000000
11209552000400200110092309460000040000030000000778000000077800000000000000000000000000500000000042220000
122095520005002001100923094600000000000000000000000000000000000000000000000778000000000000000000000000000000
07209553000000200110092309470000000000000000100000000000000000
092095530001002001100923094700000000000001380000010000000799000000000000000000000000000000000000002990000000000020000000000
11209553000200200110092309470000040000010000000799000000079900000000000000000000000000079900000000000000
122095530003002001100923094700000000000000000000000000000000000000000000000799000000000000000000000000000000
07209554000000200110092309470000000000000000100000000000000000
092095540001002001100923094700000000000002050011780000000588000000000000000000000000000000100000000890000000000010000000000
11209554000200200110092309470000040000010000000588000000058800000000000000000000000000070000000001120000
122095540003002001100923094700000000000000000000000000000000000000000000000588000000000000000000000000000000
07209555000000200110092309520000000000000000100000000000000000
092095550001002001100923095200000000000001070001420000000355000000000000000000000000000000100000005000000000000020000000000
092095550002002001100923095200000000000003250000010000000150000000000000000000000000000000000000000790000000000040000000000
092095550003002001100923095200000000000001050007820000000234000000000000000000000000000000100000002000000000000020000000000
092095550004002001100923095200000000000001080005300000000423000000000000000000000000000000100000001000000000000020000000000
092095550005002001100923095200000000000003010000010000000999000000000000000000000000000000000000006000000000000050000000000
17209555000600200110092309520000000000000600
092095550007002001100923095200000000000004020000040000000400I 0300000000000000000000000000000000000230000000000030000000000
11209555000800200110092309520000040000060000002561000000256100000000000000000000000000256100000000000000
122095550009002001100923095200000000000000000000000000000000000000000000002561000000000000000000000000000000
07209556000000200110092309550000000000000000100000000000000000
092095560001002001100923095500000000000001010013440000000402000000000000000000000000000000100000001400000000000020000000000
11209556000200200110092309550000040000010000000402000000040200000000000000000000000000040200000000000000
122095560003002001100923095500000000000000000000000000000000000000000000000402000000000000000000000000000000
07209557000000200110092309580000000000000000100000000000000000
092095570001002001100923095800000000000005070000010000002000I 0100000000000000000000000000000000000000000000000080000000000
11209557000200200110092309580000040000010000002000000000200000000000000000000000000000200000000000000000
122095570003002001100923095803020000000000000000000000000000000000000000002000000000000000000000000000000000
07209558000000200110092310000000000000000000100000000000000000
092095580001002001100923100000000000000003250000020000000300000000000000000000000000000000000000000790000000000040000000000
11209558000200200110092310000000040000010000000300000000030000000000000000000000000000030000000000000000
122095580003002001100923100000000000000000000000000000000000000000000000000300000000000000000000000000000000
07209559000000200110092310050000000000000000100000000000000000
092095590001002001100923100500000000000002150000010000000399000000000000000000000000000000000000000500000000000010000000000
11209559000200200110092310050000040000010000000399000000039900000000000000000000000000039900000000000000
122095590003002001100923100500000000000000000000000000000000000000000000000399000000000000000000000000000000
07209560000000200110092310070000000000000000100000000000000000
092095600001002001100923100700000000000001310000010000000699000000000000000000000000000000000000002500000000000020000000000
092095600002002001100923100700000000000001360000010000000499000000000000000000000000000000000000001000000000000010000000000
092095600003002001100923100700000000000001220010140000000354000000000000000000000000000000100000001500000000000020000000000
11209560000400200110092310070000040000030000001552000000155200000000000000000000000000155200000000000000
122095600005002001100923100703020000000000000000000000000000000000000000001552000000000000000000000000000000
07209561000000200110092310070000000000000000100000000000000000
092095610001002001100923100700000000000002130014960000000447000000000000000000000000000000100000001400000000000010000000000
11209561000200200110092310070000040000010000000447000000044700000000000000000000000000044700000000000000
122095610003002001100923100700000000000000000000000000000000000000000000000447000000000000000000000000000000
07209562000000200110092310130000000000000000100000000000000000
092095620001002001100923101300000000000003250000010000000150000000000000000000000000000000000000000790000000000040000000000
092095620002002001100923101300000000000005020000010000000100I 0000000000000000000000000000000000000100000000000060000000000
11209562000300200110092310130000040000020000000250000000025000000000000000000000000000025000000000000000
122095620004002001100923101300000000000000000000000000000000000000000000000250000000000000000000000000000000
07209563000000200110092310150000000000000000100000000000000000
092095630001002001100923101500000000000001250007060000000140I 0000000000000000000000000000100000000530000000000020000000000
092095630002002001100923101500000000000005020000010000000100I 0000000000000000000000000000000000000100000000000060000000000
092095630003002001100923101500000000000003250000010000000150000000000000000000000000000000000000000790000000000040000000000
092095630004002001100923101500000000000001210000010000000450000000000000000000000000000000000000001000000000000020000000000
11209563000500200110092310150000040000040000000840000000084000000000000000000000000000200000000011600000
122095630006002001100923101500000000000000000000000000000000000000000000000840000000000000000000000000000000
07209564000000200110092310150000000000000000100000000000000000
092095640001002001100923101500000000000002050011820000000590000000000000000000000000000000100000000890000000000010000000000
092095640002002001100923101500000000000001050009700000000290000000000000000000000000000000100000002000000000000020000000000
11209564000300200110092310150000040000020000000880000000088000000000000000000000000000200000000011200000
122095640004002001100923101500000000000000000000000000000000000000000000000880000000000000000000000000000000
07209565000000200110092310160000000000000000100000000000000000
092095650001002001100923101600000000000001040003280000000131000000000000000000000000000000100000002000000000000020000000000
092095650002002001100923101600000000000001080003280000000262000000000000000000000000000000100000001000000000000020000000000
11209565000300200110092310160000040000020000000393000000039300000000000000000000000000050000000001070000
122095650004002001100923101600000000000000000000000000000000000000000000000393000000000000000000000000000000
07209566000000200110092310180000000000000000100000000000000000
092095660001002001100923101800000000000003250000030000000450000000000000000000000000000000000000000790000000000040000000000
092095660002002001100923101800000000000001170005660000000169000000000000000000000000000000100000001000000000000020000000000
092095660003002001100923101800000000000001250012240000000244I 0000000000000000000000000000100000000530000000000020000000000
092095660004002001100923101800000000000001040007100000000283000000000000000000000000000000100000002000000000000020000000000
092095660005002001100923101800000000000001010015700000000469000000000000000000000000000000100000001400000000000020000000000
092095660006002001100923101800000000000001060006540000000261000000000000000000000000000000100000001500000000000020000000000
092095660007002001100923101800000000000001080006700000000535000000000000000000000000000000100000001000000000000020000000000
092095660008002001100923101800000000000001090002800000000168000000000000000000000000000000100000001500000000000020000000000
092095660009002001100923101800000000000001260005320000000265000000000000000000000000000000100000000500000000000020000000000
11209566001000200110092310180000040000090000002844000000284400000000000000000000000000500000000021560000
122095660011002001100923101800000000000000000000000000000000000000000000002844000000000000000000000000000000
07209567000000200110092310200000000000000000100000000000000000
092095670001002001100923102000000000000001010009080000000271000000000000000000000000000000100000001400000000000020000000000
11209567000200200110092310200000040000010000000271000000027100000000000000000000000000027100000000000000
122095670003002001100923102000000000000000000000000000000000000000000000000271000000000000000000000000000000
07209568000000200110092310210000000000000000100000000000000000
092095680001002001100923102100000000000005020000070000000700I 0000000000000000000000000000000000000100000000000060000000000
092095680002002001100923102100000000000002480009140000000273000000000000000000000000000000100000001000000000000010000000000
11209568000300200110092310210000040000020000000973000000097300000000000000000000000000097300000000000000
122095680004002001100923102103020000000000000000000000000000000000000000000973000000000000000000000000000000
07209569000000200110092310260000000000000000100000000000000000
092095690001002001100923102600000000000001220007580000000265000000000000000000000000000000100000001500000000000020000000000
092095690002002001100923102600000000000001120006680000000400000000000000000000000000000000100000001000000000000020000000000
092095690003002001100923102600000000000001070002700000000675000000000000000000000000000000100000005000000000000020000000000
092095690004002001100923102600000000000001250004900000000098I 0000000000000000000000000000100000000530000000000020000000000
092095690005002001100923102600000000000001100009700000000290000000000000000000000000000000100000000500000000000020000000000
11209569000600200110092310260000040000050000001728000000172800000000000000000000000000200000000002720000
122095690007002001100923102600000000000000000000000000000000000000000000001728000000000000000000000000000000
07209570000000200110092310270000000000000000100000000000000000
092095700001002001100923102700000000000002480007240000000216000000000000000000000000000000100000001000000000000010000000000
11209570000200200110092310270000040000010000000216000000021600000000000000000000000000050000000002840000
122095700003002001100923102700000000000000000000000000000000000000000000000216000000000000000000000000000000
07209571000000200110092310290000000000000000100000000000000000
092095710001002001100923102900000000000001090001160000000069000000000000000000000000000000100000001500000000000020000000000
092095710002002001100923102900000000000001080004300000000344000000000000000000000000000000100000001000000000000020000000000
092095710003002001100923102900000000000003250000010000000150000000000000000000000000000000000000000790000000000040000000000
092095710004002001100923102900000000000003250000010000000150000000000000000000000000000000000000000790000000000040000000000
11209571000500200110092310290000040000040000000713000000071300000000000000000000000000100000000002870000
122095710006002001100923102900000000000000000000000000000000000000000000000713000000000000000000000000000000
07209572000000200110092310300000000000000000100000000000000000
092095720001002001100923103000000000000002130013260000000396000000000000000000000000000000100000001400000000000010000000000
11209572000200200110092310300000040000010000000396000000039600000000000000000000000000039600000000000000
122095720003002001100923103003020000000000000000000000000000000000000000000396000000000000000000000000000000
07209573000000200110092310380000000000000000100000000000000000
092095730001002001100923103800000000000002110008160000000326000000000000000000000000000000100000000990000000000010000000000
092095730002002001100923103800000000000002010003740000000112000000000000000000000000000000100000000990000000000010000000000
092095730003002001100923103800000000000002070005720000000343000000000000000000000000000000100000001990000000000010000000000
092095730004002001100923103800000000000001040001240000000049000000000000000000000000000000100000002000000000000020000000000
11209573000500200110092310380000040000040000000830000000083000000000000000000000000000100000000001700000
122095730006002001100923103800000000000000000000000000000000000000000000000830000000000000000000000000000000
07209574000000200110092310390000000000000000100000000000000000
092095740001002001100923103900000000000002040001160000000093000000000000000000000000000000100000000500000000000010000000000
092095740002002001100923103900000000000001040001800000000072000000000000000000000000000000100000002000000000000020000000000
092095740003002001100923103900000000000001090000680000000041000000000000000000000000000000100000001500000000000020000000000
092095740004002001100923103900000000000001080001200000000096000000000000000000000000000000100000001000000000000020000000000
092095740005002001100923103900000000000003250000010000000150000000000000000000000000000000000000000790000000000040000000000
11209574000600200110092310390000040000050000000452000000045200000000000000000000000000045200000000000000
122095740007002001100923103900000000000000000000000000000000000000000000000452000000000000000000000000000000
07209575000000200110092310400000000000000000100000000000000000
092095750001002001100923104000000000000002130010740000000321000000000000000000000000000000100000001400000000000010000000000
11209575000200200110092310400000040000010000000321000000032100000000000000000000000000050000000001790000
122095750003002001100923104000000000000000000000000000000000000000000000000321000000000000000000000000000000
07209576000000200110092310410000000000000000100000000000000000
092095760001002001100923104100000000000002040011300000000903000000000000000000000000000000100000000500000000000010000000000
11209576000200200110092310410000040000010000000903000000090300000000000000000000000000090300000000000000
122095760003002001100923104103020000000000000000000000000000000000000000000903000000000000000000000000000000
07209577000000200110092310420000000000000000100000000000000000
092095770001002001100923104200000000000002080009380000000656000000000000000000000000000000100000000500000000000010000000000
092095770002002001100923104200000000000001080002960000000237000000000000000000000000000000100000001000000000000020000000000
092095770003002001100923104200000000000001090000720000000043000000000000000000000000000000100000001500000000000020000000000
092095770004002001100923104200000000000001060001900000000076000000000000000000000000000000100000001500000000000020000000000
11209577000500200110092310420000040000040000001012000000101200000000000000000000000000200000000009880000
122095770006002001100923104200000000000000000000000000000000000000000000001012000000000000000000000000000000
07209578000000200110092310430000000000000000100000000000000000
092095780001002001100923104300000000000003250000020000000300000000000000000000000000000000000000000790000000000040000000000
092095780002002001100923104300000000000002080003200000000224000000000000000000000000000000100000000500000000000010000000000
11209578000300200110092310430000040000020000000524000000052400000000000000000000000000100000000004760000
122095780004002001100923104300000000000000000000000000000000000000000000000524000000000000000000000000000000
07209579000000200110092310430000000000000000100000000000000000
092095790001002001100923104300000000000002010007280000000218000000000000000000000000000000100000000990000000000010000000000
11209579000200200110092310430000040000010000000218000000021800000000000000000000000000050000000002820000
122095790003002001100923104300000000000000000000000000000000000000000000000218000000000000000000000000000000
07209580000000200110092310470000000000000000100000000000000000
092095800001002001100923104700000000000003250000010000000150000000000000000000000000000000000000000790000000000040000000000
11209580000200200110092310470000040000010000000150000000015000000000000000000000000000015000000000000000
122095800003002001100923104700000000000000000000000000000000000000000000000150000000000000000000000000000000
07209581000000200110092310520000000000000000100000000000000000
092095810001002001100923105200000000000002280011120000000332000000000000000000000000000000100000001000000000000010000000000
092095810002002001100923105200000000000002040007040000000562000000000000000000000000000000100000000500000000000010000000000
092095810003002001100923105200000000000002250006520000000391000000000000000000000000000000100000002670000000000010000000000
092095810004002001100923105200000000000002130014720000000440000000000000000000000000000000100000001400000000000010000000000
11209581000500200110092310520000040000040000001725000000172500000000000000000000000000172500000000000000
122095810006002001100923105203060000000000000000000000000000000000000000001725000000000000000000000000000000
07209582000000200110092310530000000000000000100000000000000000
092095820001002001100923105300000000000002130013540000000405000000000000000000000000000000100000001400000000000010000000000
11209582000200200110092310530000040000010000000405000000040500000000000000000000000000500000000045950000
122095820003002001100923105300000000000000000000000000000000000000000000000405000000000000000000000000000000
07209583000000200110092310550000000000000000100000000000000000
092095830001002001100923105500000000000005020000020000000200I 0000000000000000000000000000000000000100000000000060000000000
092095830002002001100923105500000000000003020000010000000100000000000000000000000000000000000000000500000000000030000000000
092095830003002001100923105500000000000003250000010000000150000000000000000000000000000000000000000790000000000040000000000
11209583000400200110092310550000040000030000000450000000045000000000000000000000000000045000000000000000
122095830005002001100923105500000000000000000000000000000000000000000000000450000000000000000000000000000000
07209584000000200110092310590000000000000000100000000000000000
092095840001002001100923105900000000000001090002920000000175000000000000000000000000000000100000001500000000000020000000000
092095840002002001100923105900000000000001080003860000000308000000000000000000000000000000100000001000000000000020000000000
11209584000300200110092310590000040000020000000483000000048300000000000000000000000000100000000005170000
122095840004002001100923105900000000000000000000000000000000000000000000000483000000000000000000000000000000
07209585000000200110092311030000000000000000100000000000000000
092095850001002001100923110300000000000001010009980000000298000000000000000000000000000000100000001400000000000020000000000
092095850002002001100923110300000000000002220000010000000399000000000000000000000000000000000000001500000000000010000000000
092095850003002001100923110300000000000003250000010000000150000000000000000000000000000000000000000790000000000040000000000
11209585000400200110092311030000040000030000000847000000084700000000000000000000000000200000000011530000
122095850005002001100923110300000000000000000000000000000000000000000000000847000000000000000000000000000000
07209586000000200110092311030000000000000000100000000000000000
092095860001002001100923110300000000000005020000100000001000I 0000000000000000000000000000000000000100000000000060000000000
11209586000200200110092311030000040000010000001000000000100000000000000000000000000000100000000000000000
122095860003002001100923110300000000000000000000000000000000000000000000001000000000000000000000000000000000
07209587000000200110092311050000000000000000100000000000000000
092095870001002001100923110500000000000003250000010000000150000000000000000000000000000000000000000790000000000040000000000
11209587000200200110092311050000040000010000000150000000015000000000000000000000000000015000000000000000
122095870003002001100923110500000000000000000000000000000000000000000000000150000000000000000000000000000000
07209588000000200110092311070000000000000000100000000000000000
092095880001002001100923110700000000000003250000010000000150000000000000000000000000000000000000000790000000000040000000000
092095880002002001100923110700000000000002480003980000000119000000000000000000000000000000100000001000000000000010000000000
092095880003002001100923110700000000000002480002480000000074000000000000000000000000000000100000001000000000000010000000000
11209588000400200110092311070000040000030000000343000000034300000000000000000000000000034300000000000000
122095880005002001100923110703100000000000000000000000000000000000000000000343000000000000000000000000000000
07209589000000200110092311100000000000000000100000000000000000
092095890001002001100923111000000000000001060004120000000164000000000000000000000000000000100000001500000000000020000000000
092095890002002001100923111000000000000001010005820000000174000000000000000000000000000000100000001400000000000020000000000
092095890003002001100923111000000000000001040004680000000187000000000000000000000000000000100000002000000000000020000000000
092095890004002001100923111000000000000001070001900000000475000000000000000000000000000000100000005000000000000020000000000
092095890005002001100923111000000000000002250007740000000464000000000000000000000000000000100000002670000000000010000000000
092095890006002001100923111000000000000001080004480000000358000000000000000000000000000000100000001000000000000020000000000
092095890007002001100923111000000000000002070012320000000738000000000000000000000000000000100000001990000000000010000000000
092095890008002001100923111000000000000001110003200000000096000000000000000000000000000000100000001990000000000020000000000
11209589000900200110092311100000040000080000002656000000265600000000000000000000000000500000000023440000
122095890010002001100923111000000000000000000000000000000000000000000000002656000000000000000000000000000000
18209589001100200110092311120100000030000000000000000000000001
07209590000000200110092311160000000000000000100000000000000000
092095900001002001100923111600000000000002220000020000000798000000000000000000000000000000000000001500000000000010000000000
092095900002002001100923111600000000000002010011580000000346000000000000000000000000000000100000000990000000000010000000000
092095900003002001100923111600000000000001060006080000000243000000000000000000000000000000100000001500000000000020000000000
092095900004002001100923111600000000000002480010660000000319000000000000000000000000000000100000001000000000000010000000000
092095900005002001100923111600000000000001120006460000000387000000000000000000000000000000100000001000000000000020000000000
092095900006002001100923111600000000000001220008100000000283000000000000000000000000000000100000001500000000000020000000000
092095900007002001100923111600000000000001240004220000000211000000000000000000000000000000100000001670000000000020000000000
092095900008002001100923111600000000000001100007620000000228000000000000000000000000000000100000000500000000000020000000000
092095900009002001100923111600000000000001020004960000000124000000000000000000000000000000100000001200000000000020000000000
092095900010002001100923111600000000000002050005340000000266000000000000000000000000000000100000000890000000000010000000000
11209590001100200110092311160000040000100000003205000000320500000000000000000000000000320500000000000000
122095900012002001100923111600000000000000000000000000000000000000000000003205000000000000000000000000000000
07209591000000200110092311170000000000000000100000000000000000
092095910001002001100923111700000000000002150000030000001197000000000000000000000000000000000000000500000000000010000000000
092095910002002001100923111700000000000002110010080000000402000000000000000000000000000000100000000990000000000010000000000
092095910003002001100923111700000000000001070006080000001519000000000000000000000000000000100000005000000000000020000000000
11209591000400200110092311170000040000030000003118000000311800000000000000000000000000500000000018820000
122095910005002001100923111700000000000000000000000000000000000000000000003118000000000000000000000000000000
07209592000000200110092311190000000000000000100000000000000000
092095920001002001100923111900000000000002010006060000000181000000000000000000000000000000100000000990000000000010000000000
092095920002002001100923111900000000000001010004260000000127000000000000000000000000000000100000001400000000000020000000000
092095920003002001100923111900000000000002220000010000000399000000000000000000000000000000000000001500000000000010000000000
11209592000400200110092311190000040000030000000707000000070700000000000000000000000000070700000000000000
122095920005002001100923111903020000000000000000000000000000000000000000000707000000000000000000000000000000
07209593000000200110092311200000000000000000100000000000000000
092095930001002001100923112000000000000003250000020000000300000000000000000000000000000000000000000790000000000040000000000
092095930002002001100923112000000000000001080003000000000240000000000000000000000000000000100000001000000000000020000000000
11209593000300200110092311200000040000020000000540000000054000000000000000000000000000070000000001600000
122095930004002001100923112000000000000000000000000000000000000000000000000540000000000000000000000000000000
07209594000000200110092311200000000000000000100000000000000000
092095940001002001100923112000000000000001170004180000000125000000000000000000000000000000100000001000000000000020000000000
11209594000200200110092311200000040000010000000125000000012500000000000000000000000000012500000000000000
122095940003002001100923112000000000000000000000000000000000000000000000000125000000000000000000000000000000
07209595000000200110092311210000000000000000100000000000000000
092095950001002001100923112100000000000002220000010000000399000000000000000000000000000000000000001500000000000010000000000
11209595000200200110092311210000040000010000000399000000039900000000000000000000000000050000000001010000
122095950003002001100923112100000000000000000000000000000000000000000000000399000000000000000000000000000000
14209596000000200110092311280000010000000948
07209597000000200110092311300000000000000000100000000000000000
092095970001002001100923113000000000000005020000020000000200I 0000000000000000000000000000000000000100000000000060000000000
092095970002002001100923113000000000000001020010360000000258000000000000000000000000000000100000001200000000000020000000000
092095970003002001100923113000000000000001070001340000000335000000000000000000000000000000100000005000000000000020000000000
092095970004002001100923113000000000000003250000010000000150000000000000000000000000000000000000000790000000000040000000000
092095970005002001100923113000000000000001040002600000000104000000000000000000000000000000100000002000000000000020000000000
11209597000600200110092311300000040000050000001047000000104700000000000000000000000000120000000001530000
122095970007002001100923113000000000000000000000000000000000000000000000001047000000000000000000000000000000
07209598000000200110092311320000000000000000100000000000000000
092095980001002001100923113200000000000002020005660000000339000000000000000000000000000000100000001990000000000010000000000
092095980002002001100923113200000000000002090005280000000686000000000000000000000000000000100000004720000000000010000000000
092095980003002001100923113200000000000001010018620000000557000000000000000000000000000000100000001400000000000020000000000
092095980004002001100923113200000000000002220000020000000798000000000000000000000000000000000000001500000000000010000000000
092095980005002001100923113200000000000001060003180000000127000000000000000000000000000000100000001500000000000020000000000
092095980006002001100923113200000000000001080007940000000634000000000000000000000000000000100000001000000000000020000000000
092095980007002001100923113200000000000001240001920000000096000000000000000000000000000000100000001670000000000020000000000
092095980008002001100923113200000000000001070003360000000840000000000000000000000000000000100000005000000000000020000000000
092095980009002001100923113200000000000003250000010000000150000000000000000000000000000000000000000790000000000040000000000
092095980010002001100923113200000000000001040004080000000163000000000000000000000000000000100000002000000000000020000000000
092095980011002001100923113200000000000002040002140000000171000000000000000000000000000000100000000500000000000010000000000
092095980012002001100923113200000000000001170007640000000228000000000000000000000000000000100000001000000000000020000000000
092095980013002001100923113200000000000002050012580000000628000000000000000000000000000000100000000890000000000010000000000
092095980014002001100923113200000000000002190000020000000998000000000000000000000000000000000000002250000000000010000000000
11209598001500200110092311320000040000140000006415000000641500000000000000000000000001000000000035850000
122095980016002001100923113200000000000000000000000000000000000000000000006415000000000000000000000000000000
07209599000000200110092311340000000000000000100000000000000000
092095990001002001100923113400000000000001050003760000000112000000000000000000000000000000100000002000000000000020000000000
092095990002002001100923113400000000000001080003200000000256000000000000000000000000000000100000001000000000000020000000000
092095990003002001100923113400000000000005020000040000000400I 0000000000000000000000000000000000000100000000000060000000000
11209599000400200110092311340000040000030000000768000000076800000000000000000000000000100000000002320000
122095990005002001100923113400000000000000000000000000000000000000000000000768000000000000000000000000000000
07209600000000200110092311350000000000000000100000000000000000
092096000001002001100923113500000000000001210000010000000450000000000000000000000000000000000000001000000000000020000000000
092096000002002001100923113500000000000005020000040000000400I 0000000000000000000000000000000000000100000000000060000000000
092096000003002001100923113500000000000003010000010000000999000000000000000000000000000000000000006000000000000050000000000
11209600000400200110092311350000040000030000001849000000184900000000000000000000000000200000000001510000
122096000005002001100923113500000000000000000000000000000000000000000000001849000000000000000000000000000000
07209601000000200110092311360000000000000000100000000000000000
092096010001002001100923113600000000000004020000030000000300I 0300000000000000000000000000000000000230000000000030000000000
11209601000200200110092311360000040000010000000300000000030000000000000000000000000000030000000000000000
122096010003002001100923113600000000000000000000000000000000000000000000000300000000000000000000000000000000
07209602000000200110092311370000000000000000100000000000000000
092096020001002001100923113700000000000002070009720000000582000000000000000000000000000000100000001990000000000010000000000
092096020002002001100923113700000000000001080003540000000283000000000000000000000000000000100000001000000000000020000000000
11209602000300200110092311370000040000020000000865000000086500000000000000000000000000100000000001350000
122096020004002001100923113700000000000000000000000000000000000000000000000865000000000000000000000000000000
07209603000000200110092311370000000000000000100000000000000000
092096030001002001100923113700000000000002080006580000000460000000000000000000000000000000100000000500000000000010000000000
11209603000200200110092311370000040000010000000460000000046000000000000000000000000000046000000000000000
122096030003002001100923113700000000000000000000000000000000000000000000000460000000000000000000000000000000
07209604000000200110092311390000000000000000100000000000000000
092096040001002001100923113900000000000001010012100000000362000000000000000000000000000000100000001400000000000020000000000
11209604000200200110092311390000040000010000000362000000036200000000000000000000000000100000000006380000
122096040003002001100923113900000000000000000000000000000000000000000000000362000000000000000000000000000000
07209605000000200110092311400000000000000000100000000000000000
092096050001002001100923114000000000000002040001080000000086000000000000000000000000000000100000000500000000000010000000000
11209605000200200110092311400000040000010000000086000000008600000000000000000000000000008600000000000000
122096050003002001100923114000000000000000000000000000000000000000000000000086000000000000000000000000000000
07209606000000200110092311410000000000000000100000000000000000
092096060001002001100923114100000000000003250000010000000150000000000000000000000000000000000000000790000000000040000000000
11209606000200200110092311410000040000010000000150000000015000000000000000000000000000015000000000000000
122096060003002001100923114100000000000000000000000000000000000000000000000150000000000000000000000000000000
07209607000000200110092311420000000000000000100000000000000000
092096070001002001100923114200000000000001090000920000000055000000000000000000000000000000100000001500000000000020000000000
11209607000200200110092311420000040000010000000055000000005500000000000000000000000000050000000004450000
122096070003002001100923114200000000000000000000000000000000000000000000000055000000000000000000000000000000
07209608000000200110092311460000000000000000100000000000000000
092096080001002001100923114600000000000002050006320000000315000000000000000000000000000000100000000890000000000010000000000
11209608000200200110092311460000040000010000000315000000031500000000000000000000000000031500000000000000
122096080003002001100923114600000000000000000000000000000000000000000000000315000000000000000000000000000000
07209609000000200110092311490000000000000000100000000000000000
092096090001002001100923114900000000000001160009600000000383000000000000000000000000000000100000000670000000000020000000000
11209609000200200110092311490000040000010000000383000000038300000000000000000000000000038300000000000000
122096090003002001100923114900000000000000000000000000000000000000000000000383000000000000000000000000000000
07209610000000200110092311510000000000000000100000000000000000
092096100001002001100923115100000000000002040003600000000288000000000000000000000000000000100000000500000000000010000000000
11209610000200200110092311510000040000010000000288000000028800000000000000000000000000028800000000000000
122096100003002001100923115100000000000000000000000000000000000000000000000288000000000000000000000000000000
14209611000000200110092311530000010000000000
07209612000000200110092311550000000000000000100000000000000000
092096120001002001100923115500000000000002220000020000000798000000000000000000000000000000000000001500000000000010000000000
11209612000200200110092311550000040000010000000798000000079800000000000000000000000000200000000012020000
122096120003002001100923115500000000000000000000000000000000000000000000000798000000000000000000000000000000
07209613000000200110092311580000000000000000100000000000000000
092096130001002001100923115800000000000002030021180000001269000000000000000000000000000000100000002990000000000010000000000
092096130002002001100923115800000000000001010014100000000422000000000000000000000000000000100000001400000000000020000000000
092096130003002001100923115800000000000005020000070000000700I 0000000000000000000000000000000000000100000000000060000000000
11209613000400200110092311580000040000030000002391000000239100000000000000000000000000400000000016090000
122096130005002001100923115800000000000000000000000000000000000000000000002391000000000000000000000000000000
07209614000000200110092311590000000000000000100000000000000000
092096140001002001100923115900000000000002140022620000001129000000000000000000000000000000100000001990000000000010000000000
11209614000200200110092311590000040000010000001129000000112900000000000000000000000000120000000000710000
122096140003002001100923115900000000000000000000000000000000000000000000001129000000000000000000000000000000
07209615000000200110092312030000000000000000100000000000000000
092096150001002001100923120300000000000003250000010000000150000000000000000000000000000000000000000790000000000040000000000
11209615000200200110092312030000040000010000000150000000015000000000000000000000000000015000000000000000
122096150003002001100923120303100000000000000000000000000000000000000000000150000000000000000000000000000000
07209616000000200110092312060000000000000000100000000000000000
092096160001002001100923120600000000000003250000010000000150000000000000000000000000000000000000000790000000000040000000000
092096160002002001100923120600000000000001080004980000000398000000000000000000000000000000100000001000000000000020000000000
092096160003002001100923120600000000000001040001320000000053000000000000000000000000000000100000002000000000000020000000000
092096160004002001100923120600000000000001090000680000000041000000000000000000000000000000100000001500000000000020000000000
092096160005002001100923120600000000000001060002400000000096000000000000000000000000000000100000001500000000000020000000000
11209616000600200110092312060000040000050000000738000000073800000000000000000000000000073800000000000000
122096160007002001100923120603100000000000000000000000000000000000000000000738000000000000000000000000000000
07209617000000200110092312080000000000000000100000000000000000
092096170001002001100923120800000000000002170000010000000799000000000000000000000000000000000000006500000000000010000000000
092096170002002001100923120800000000000005020000070000000700I 0000000000000000000000000000000000000100000000000060000000000
092096170003002001100923120800000000000002190000010000000499000000000000000000000000000000000000002250000000000010000000000
092096170004002001100923120800000000000002050008760000000437000000000000000000000000000000100000000890000000000010000000000
092096170005002001100923120800000000000002230007620000001142000000000000000000000000000000100000004980000000000010000000000
092096170006002001100923120800000000000002270004020000000482000000000000000000000000000000100000003990000000000010000000000
11209617000700200110092312080000040000060000004059000000405900000000000000000000000000405900000000000000
122096170008002001100923120803060000000000000000000000000000000000000000004059000000000000000000000000000000
07209618000000200110092312090000000000000000100000000000000000
092096180001002001100923120900000000000002050003300000000165000000000000000000000000000000100000000890000000000010000000000
092096180002002001100923120900000000000002040003820000000305000000000000000000000000000000100000000500000000000010000000000
092096180003002001100923120900000000000002070006120000000367000000000000000000000000000000100000001990000000000010000000000
11209618000400200110092312090000040000030000000837000000083700000000000000000000000000083700000000000000
122096180005002001100923120900000000000000000000000000000000000000000000000837000000000000000000000000000000
07209619000000200110092312110000000000000000100000000000000000
092096190001002001100923121100000000000001010019780000000591000000000000000000000000000000100000001400000000000020000000000
092096190002002001100923121100000000000001160009600000000383000000000000000000000000000000100000000670000000000020000000000
092096190003002001100923121100000000000001070001960000000490000000000000000000000000000000100000005000000000000020000000000
092096190004002001100923121100000000000001220013720000000479000000000000000000000000000000100000001500000000000020000000000
11209619000500200110092312110000040000040000001943000000194300000000000000000000000000200000000000570000
122096190006002001100923121100000000000000000000000000000000000000000000001943000000000000000000000000000000
07209620000000200110092312110000000000000000100000000000000000
092096200001002001100923121100000000000001080001920000000153000000000000000000000000000000100000001000000000000020000000000
092096200002002001100923121100000000000003190000010000000500000000000000000000000000000000000000002000000000000050000000000
11209620000300200110092312110000040000020000000653000000065300000000000000000000000000065300000000000000
122096200004002001100923121100000000000000000000000000000000000000000000000653000000000000000000000000000000
07209621000000200110092312130000000000000000100000000000000000
092096210001002001100923121300000000000001080000980000000078000000000000000000000000000000100000001000000000000020000000000
092096210002002001100923121300000000000001090000680000000041000000000000000000000000000000100000001500000000000020000000000
11209621000300200110092312130000040000020000000119000000011900000000000000000000000000011900000000000000
122096210004002001100923121300000000000000000000000000000000000000000000000119000000000000000000000000000000
07209622000000200110092312140000000000000000100000000000000000
092096220001002001100923121400000000000002070010840000000649000000000000000000000000000000100000001990000000000010000000000
092096220002002001100923121400000000000002170000010000000799000000000000000000000000000000000000006500000000000010000000000
11209622000300200110092312140000040000020000001448000000144800000000000000000000000000500000000035520000
122096220004002001100923121400000000000000000000000000000000000000000000001448000000000000000000000000000000
07209623000000200110092312170000000000000000100000000000000000
092096230001002001100923121700000000000002020011120000000666000000000000000000000000000000100000001990000000000010000000000
092096230002002001100923121700000000000002030007260000000435000000000000000000000000000000100000002990000000000010000000000
092096230003002001100923121700000000000002050006880000000343000000000000000000000000000000100000000890000000000010000000000
092096230004002001100923121700000000000002070006580000000394000000000000000000000000000000100000001990000000000010000000000
092096230005002001100923121700000000000001080013700000001095000000000000000000000000000000100000001000000000000020000000000
11209623000600200110092312170000040000050000002933000000293300000000000000000000000000293300000000000000
122096230007002001100923121703020000000000000000000000000000000000000000002933000000000000000000000000000000
07209624000000200110092312180000000000000000100000000000000000
092096240001002001100923121800000000000002120022100000001103000000000000000000000000000000100000002250000000000010000000000
11209624000200200110092312180000040000010000001103000000110300000000000000000000000000110300000000000000
122096240003002001100923121803020000000000000000000000000000000000000000001103000000000000000000000000000000
07209625000000200110092312210000000000000000100000000000000000
092096250001002001100923122100000000000001090003980000000238000000000000000000000000000000100000001500000000000020000000000
11209625000200200110092312210000040000010000000238000000023800000000000000000000000000023800000000000000
122096250003002001100923122103030000000000000000000000000000000000000000000238000000000000000000000000000000
07209626000000200110092312230000000000000000100000000000000000
092096260001002001100923122300000000000001020006060000000151000000000000000000000000000000100000001200000000000020000000000
092096260002002001100923122300000000000002480005180000000155000000000000000000000000000000100000001000000000000010000000000
092096260003002001100923122300000000000001050002740000000082000000000000000000000000000000100000002000000000000020000000000
11209626000400200110092312230000040000030000000388000000038800000000000000000000000000038800000000000000
122096260005002001100923122303100000000000000000000000000000000000000000000388000000000000000000000000000000
07209627000000200110092312240000000000000000100000000000000000
092096270001002001100923122400000000000003110000010000000450000000000000000000000000000000000000001000000000000040000000000
092096270002002001100923122400000000000001100002620000000078000000000000000000000000000000100000000500000000000020000000000
092096270003002001100923122400000000000001060001500000000060000000000000000000000000000000100000001500000000000020000000000
092096270004002001100923122400000000000001010002520000000075000000000000000000000000000000100000001400000000000020000000000
092096270005002001100923122400000000000001170002600000000078000000000000000000000000000000100000001000000000000020000000000
092096270006002001100923122400000000000002010004600000000138000000000000000000000000000000100000000990000000000010000000000
11209627000700200110092312240000040000060000000879000000087900000000000000000000000000100000000001210000
122096270008002001100923122400000000000000000000000000000000000000000000000879000000000000000000000000000000
07209628000000200110092312250000000000000000100000000000000000
092096280001002001100923122500000000000001080002620000000209000000000000000000000000000000100000001000000000000020000000000
092096280002002001100923122500000000000003250000010000000150000000000000000000000000000000000000000790000000000040000000000
11209628000300200110092312250000040000020000000359000000035900000000000000000000000000500000000046410000
122096280004002001100923122500000000000000000000000000000000000000000000000359000000000000000000000000000000
07209629000000200110092312260000000000000000100000000000000000
092096290001002001100923122600000000000001080005500000000439000000000000000000000000000000100000001000000000000020000000000
11209629000200200110092312260000040000010000000439000000043900000000000000000000000000060000000001610000
122096290003002001100923122600000000000000000000000000000000000000000000000439000000000000000000000000000000
07209630000000200110092312290000000000000000100000000000000000
092096300001002001100923122900000000000005020000020000000200I 0000000000000000000000000000000000000100000000000060000000000
092096300002002001100923122900000000000001050003940000000118000000000000000000000000000000100000002000000000000020000000000
092096300003002001100923122900000000000004020000030000000300I 0300000000000000000000000000000000000230000000000030000000000
092096300004002001100923122900000000000001080001960000000157000000000000000000000000000000100000001000000000000020000000000
11209630000500200110092312290000040000040000000775000000077500000000000000000000000000077500000000000000
122096300006002001100923122903030000000000000000000000000000000000000000000775000000000000000000000000000000
07209631000000200110092312300000000000000000100000000000000000
092096310001002001100923123000000000000001060002760000000110000000000000000000000000000000100000001500000000000020000000000
092096310002002001100923123000000000000001040002180000000087000000000000000000000000000000100000002000000000000020000000000
092096310003002001100923123000000000000001260002680000000134000000000000000000000000000000100000000500000000000020000000000
092096310004002001100923123000000000000001080003920000000313000000000000000000000000000000100000001000000000000020000000000
092096310005002001100923123000000000000002070006360000000381000000000000000000000000000000100000001990000000000010000000000
11209631000600200110092312300000040000050000001025000000102500000000000000000000000000102500000000000000
122096310007002001100923123000000000000000000000000000000000000000000000001025000000000000000000000000000000
07209632000000200110092312320000000000000000100000000000000000
092096320001002001100923123200000000000005020000030000000300I 0000000000000000000000000000000000000100000000000060000000000
092096320002002001100923123200000000000002070005940000000356000000000000000000000000000000100000001990000000000010000000000
092096320003002001100923123200000000000002050003200000000160000000000000000000000000000000100000000890000000000010000000000
092096320004002001100923123200000000000002480001240000000037000000000000000000000000000000100000001000000000000010000000000
11209632000500200110092312320000040000040000000853000000085300000000000000000000000000100000000001470000
122096320006002001100923123200000000000000000000000000000000000000000000000853000000000000000000000000000000
07209633000000200110092312330000000000000000100000000000000000
092096330001002001100923123300000000000002020013660000000818000000000000000000000000000000100000001990000000000010000000000
092096330002002001100923123300000000000002070007320000000438000000000000000000000000000000100000001990000000000010000000000
092096330003002001100923123300000000000001220008940000000312000000000000000000000000000000100000001500000000000020000000000
11209633000400200110092312330000040000030000001568000000156800000000000000000000000000200000000004320000
122096330005002001100923123300000000000000000000000000000000000000000000001568000000000000000000000000000000
07209634000000200110092312400000000000000000100000000000000000
092096340001002001100923124000000000000001070001660000000415000000000000000000000000000000100000005000000000000020000000000
092096340002002001100923124000000000000002040009320000000745000000000000000000000000000000100000000500000000000010000000000
092096340003002001100923124000000000000004090000020000000200I 0300000000000000000000000000000000000180000000000030000000000
11209634000400200110092312400000040000030000001360000000136000000000000000000000000000500000000036400000
122096340005002001100923124000000000000000000000000000000000000000000000001360000000000000000000000000000000
07209635000000200110092312480000000000000000100000000000000000
092096350001002001100923124800000000000002480010480000000313000000000000000000000000000000100000001000000000000010000000000
11209635000200200110092312480000040000010000000313000000031300000000000000000000000000200000000016870000
122096350003002001100923124800000000000000000000000000000000000000000000000313000000000000000000000000000000
14209636000000200110092312490000010000000000
07209637000000200110092312500000000000000000100000000000000000
092096370001002001100923125000000000000003250000010000000150000000000000000000000000000000000000000790000000000040000000000
092096370002002001100923125000000000000001070000980000000245000000000000000000000000000000100000005000000000000020000000000
11209637000300200110092312500000040000020000000395000000039500000000000000000000000000039500000000000000
122096370004002001100923125003020000000000000000000000000000000000000000000395000000000000000000000000000000
07209638000000200110092312550000000000000000100000000000000000
092096380001002001100923125500000000000001010010600000000317000000000000000000000000000000100000001400000000000020000000000
092096380002002001100923125500000000000001040007540000000301000000000000000000000000000000100000002000000000000020000000000
092096380003002001100923125500000000000001080008080000000646000000000000000000000000000000100000001000000000000020000000000
092096380004002001100923125500000000000001090002880000000173000000000000000000000000000000100000001500000000000020000000000
11209638000500200110092312550000040000040000001437000000143700000000000000000000000000143700000000000000
122096380006002001100923125503020000000000000000000000000000000000000000001437000000000000000000000000000000
07209639000000200110092312550000000000000000100000000000000000
092096390001002001100923125500000000000002150000010000000399000000000000000000000000000000000000000500000000000010000000000
092096390002002001100923125500000000000002070007060000000423000000000000000000000000000000100000001990000000000010000000000
11209639000300200110092312550000040000020000000822000000082200000000000000000000000000100000000001780000
122096390004002001100923125500000000000000000000000000000000000000000000000822000000000000000000000000000000
07209640000000200110092312570000000000000000100000000000000000
092096400001002001100923125700000000000002040001620000000129000000000000000000000000000000100000000500000000000010000000000
092096400002002001100923125700000000000001080003160000000252000000000000000000000000000000100000001000000000000020000000000
092096400003002001100923125700000000000003250000010000000150000000000000000000000000000000000000000790000000000040000000000
092096400004002001100923125700000000000001010006020000000180000000000000000000000000000000100000001400000000000020000000000
11209640000500200110092312570000040000040000000711000000071100000000000000000000000000071100000000000000
122096400006002001100923125703020000000000000000000000000000000000000000000711000000000000000000000000000000
07209641000000200110092312580000000000000000100000000000000000
092096410001002001100923125800000000000002010023640000000707000000000000000000000000000000100000000990000000000010000000000
092096410002002001100923125800000000000001080005100000000407000000000000000000000000000000100000001000000000000020000000000
092096410003002001100923125800000000000001180005820000000290000000000000000000000000000000100000001000000000000020000000000
092096410004002001100923125800000000000002080006020000000421000000000000000000000000000000100000000500000000000010000000000
11209641000500200110092312580000040000040000001825000000182500000000000000000000000000200000000001750000
122096410006002001100923125800000000000000000000000000000000000000000000001825000000000000000000000000000000
07209642000000200110092313000000000000000000100000000000000000
092096420001002001100923130000000000000002190000010000000499000000000000000000000000000000000000002250000000000010000000000
11209642000200200110092313000000040000010000000499000000049900000000000000000000000000049900000000000000
122096420003002001100923130003090000000000000000000000000000000000000000000499000000000000000000000000000000
07209643000000200110092313000000000000000000100000000000000000
092096430001002001100923130000000000000002480001300000000039000000000000000000000000000000100000001000000000000010000000000
11209643000200200110092313000000040000010000000039000000003900000000000000000000000000003900000000000000
122096430003002001100923130000000000000000000000000000000000000000000000000039000000000000000000000000000000
07209644000000200110092313030000000000000000100000000000000000
092096440001002001100923130300000000000002040003120000000249000000000000000000000000000000100000000500000000000010000000000
11209644000200200110092313030000040000010000000249000000024900000000000000000000000000024900000000000000
122096440003002001100923130300000000000000000000000000000000000000000000000249000000000000000000000000000000
07209645000000200110092313050000000000000000100000000000000000
092096450001002001100923130500000000000002480027200000000813000000000000000000000000000000100000001000000000000010000000000
092096450002002001100923130500000000000001060041360000001650000000000000000000000000000000100000001500000000000020000000000
11209645000300200110092313050000040000020000002463000000246300000000000000000000000000246300000000000000
122096450004002001100923130503060000000000000000000000000000000000000000002463000000000000000000000000000000
07209646000000200110092313160000000000000000100000000000000000
092096460001002001100923131600000000000002030013380000000801000000000000000000000000000000100000002990000000000010000000000
092096460002002001100923131600000000000001180002100000000105000000000000000000000000000000100000001000000000000020000000000
11209646000300200110092313160000040000020000000906000000090600000000000000000000000000090600000000000000
122096460004002001100923131603030000000000000000000000000000000000000000000906000000000000000000000000000000
062096460005002001100923131800000100000700000000000000000000000000000000000000000000
07209647000000200110092313250000000000000000100000000000000000
092096470001002001100923132500000000000003250000010000000150000000000000000000000000000000000000000790000000000040000000000
11209647000200200110092313250000040000010000000150000000015000000000000000000000000000015000000000000000
122096470003002001100923132500000000000000000000000000000000000000000000000150000000000000000000000000000000
07209648000000200110092313280000000000000000100000000000000000
092096480001002001100923132800000000000003250000010000000150000000000000000000000000000000000000000790000000000040000000000
11209648000200200110092313280000040000010000000150000000015000000000000000000000000000015000000000000000
122096480003002001100923132800000000000000000000000000000000000000000000000150000000000000000000000000000000
07209649000000200110092313290000000000000000100000000000000000
092096490001002001100923132900000000000001220005300000000185000000000000000000000000000000100000001500000000000020000000000
11209649000200200110092313290000040000010000000185000000018500000000000000000000000000018500000000000000
122096490003002001100923132900000000000000000000000000000000000000000000000185000000000000000000000000000000
07209650000000200110092313350000000000000000100000000000000000
092096500001002001100923133500000000000003270000010000000120000000000000000000000000000000000000000000000000000050000000000
11209650000200200110092313350000040000010000000120000000012000000000000000000000000000012000000000000000
122096500003002001100923133500000000000000000000000000000000000000000000000120000000000000000000000000000000
07209651000000200110092313390000000000000000100000000000000000
092096510001002001100923133900000000000002040005380000000430000000000000000000000000000000100000000500000000000010000000000
11209651000200200110092313390000040000010000000430000000043000000000000000000000000000043000000000000000
122096510003002001100923133903020000000000000000000000000000000000000000000430000000000000000000000000000000
07209652000000200110092313410000000000000000100000000000000000
092096520001002001100923134100000000000001250019400000000386I 0000000000000000000000000000100000000530000000000020000000000
092096520002002001100923134100000000000001220011620000000406000000000000000000000000000000100000001500000000000020000000000
092096520003002001100923134100000000000005020000060000000600I 0000000000000000000000000000000000000100000000000060000000000
092096520004002001100923134100000000000002010018020000000539000000000000000000000000000000100000000990000000000010000000000
11209652000500200110092313410000040000040000001931000000193100000000000000000000000000200000000000690000
122096520006002001100923134100000000000000000000000000000000000000000000001931000000000000000000000000000000
18209652000700200110092313420400000060000000000000000000000001
07209653000000200110092313440000000000000000100000000000000000
092096530001002001100923134400000000000003250000010000000150000000000000000000000000000000000000000790000000000040000000000
11209653000200200110092313440000040000010000000150000000015000000000000000000000000000015000000000000000
122096530003002001100923134400000000000000000000000000000000000000000000000150000000000000000000000000000000
07209654000000200110092313520000000000000000100000000000000000
092096540001002001100923135200000000000001240003600000000180000000000000000000000000000000100000001670000000000020000000000
092096540002002001100923135200000000000003250000010000000150000000000000000000000000000000000000000790000000000040000000000
092096540003002001100923135200000000000001070000320000000080000000000000000000000000000000100000005000000000000020000000000
092096540004002001100923135200000000000004020000020000000200I 0300000000000000000000000000000000000230000000000030000000000
11209654000500200110092313520000040000040000000610000000061000000000000000000000000000061000000000000000
122096540006002001100923135203020000000000000000000000000000000000000000000610000000000000000000000000000000
07209655000000200110092313550000000000000000100000000000000000
092096550001002001100923135500000000000002070013880000000831000000000000000000000000000000100000001990000000000010000000000
092096550002002001100923135500000000000002080007820000000547000000000000000000000000000000100000000500000000000010000000000
092096550003002001100923135500000000000003010000010000000999000000000000000000000000000000000000006000000000000050000000000
092096550004002001100923135500000000000002010010520000000315000000000000000000000000000000100000000990000000000010000000000
11209655000500200110092313550000040000040000002692000000269200000000000000000000000000269200000000000000
122096550006002001100923135503020000000000000000000000000000000000000000002692000000000000000000000000000000
07209656000000200110092314060000000000000000100000000000000000
092096560001002001100923140600000000000001080002740000000219000000000000000000000000000000100000001000000000000020000000000
092096560002002001100923140600000000000001070000520000000130000000000000000000000000000000100000005000000000000020000000000
11209656000300200110092314060000040000020000000349000000034900000000000000000000000000034900000000000000
122096560004002001100923140600000000000000000000000000000000000000000000000349000000000000000000000000000000
18209656000500200110092314180400000060000000000000000000000001
0420965700000020011009231418000001209520209657000002232676560000022339073410092300001199080000000000000000000000000009480001000000000000000000000000000000000000000000000000000000000000000000000000000000001234567890AB        
