01208778000000200105092307090000010000006000000002225507281.82G5E   1234567890AB        Generica            
02208778000100200105092307090000010000090000000000
07208779000000200105092307530000000000000000100000000000000000
092087790001002001050923075300000000000001050001680000000050000000000000000000000000000000100000002000000000000020000000000
092087790002002001050923075300000000000001080001740000000156000000000000000000000000000000100000001000000000000020000000000
11208779000300200105092307530000090000020000000206000000020600000000000000000000000000020600000000000000
122087790004002001050923075300000000000000000000000000000000000000000000000206000000000000000000000000000000
07208780000000200105092308000000000000000000100000000000000000
092087800001002001050923080000000000000001130013180000000526000000000000000000000000000000100000001500000000000020000000000
11208780000200200105092308000000090000010000000526000000052600000000000000000000000000052600000000000000
122087800003002001050923080000000000000000000000000000000000000000000000000526000000000000000000000000000000
07208781000000200105092308070000000000000000100000000000000000
092087810001002001050923080700000000000002030014360000000717000000000000000000000000000000100000002990000000000010000000000
092087810002002001050923080700000000000002290000010000000299000000000000000000000000000000000000002500000000000010000000000
092087810003002001050923080700000000000002070012560000000752000000000000000000000000000000100000001990000000000010000000000
11208781000400200105092308070000090000030000001768000000176800000000000000000000000000176800000000000000
122087810005002001050923080703100000000000000000000000000000000000000000001768000000000000000000000000000000
07208782000000200105092308080000000000000000100000000000000000
092087820001002001050923080800000000000002480004380000000131000000000000000000000000000000100000001000000000000010000000000
11208782000200200105092308080000090000010000000131000000013100000000000000000000000000013100000000000000
122087820003002001050923080800000000000000000000000000000000000000000000000131000000000000000000000000000000
07208783000000200105092308180000000000000000100000000000000000
092087830001002001050923081800000000000001060054650000003274000000000000000000000000000000100000001500000000000020000000000
092087830002002001050923081800000000000001060047300000002833000000000000000000000000000000100000001500000000000020000000000
092087830003002001050923081800000000000001060012320000000738000000000000000000000000000000100000001500000000000020000000000
11208783000400200105092308180000090000030000006845000000684500000000000000000000000000684500000000000000
122087830005002001050923081803010000000000000000000000000000000000000000006845000000000000000000000000000000
07208784000000200105092308320000000000000000100000000000000000
092087840001002001050923083200000000000001020012100000000301000000000000000000000000000000100000001200000000000020000000000
092087840002002001050923083200000000000002090002840000000369000000000000000000000000000000100000004720000000000010000000000
092087840003002001050923083200000000000002040004680000000374000000000000000000000000000000100000000500000000000010000000000
092087840004002001050923083200000000000002070004460000000267000000000000000000000000000000100000001990000000000010000000000
11208784000500200105092308320000090000040000001311000000131100000000000000000000000000200000000006890000
122087840006002001050923083200000000000000000000000000000000000000000000001311000000000000000000000000000000
07208785000000200105092308490000000000000000100000000000000000
092087850001002001050923084900000000000003250000050000000750000000000000000000000000000000000000000790000000000040000000000
11208785000200200105092308490000090000010000000750000000075000000000000000000000000000075000000000000000
122087850003002001050923084903010000000000000000000000000000000000000000000750000000000000000000000000000000
07208786000000200105092308510000000000000000100000000000000000
092087860001002001050923085100000000000002070007000000000419000000000000000000000000000000100000001990000000000010000000000
092087860002002001050923085100000000000001050004380000000131000000000000000000000000000000100000002000000000000020000000000
092087860003002001050923085100000000000002090003100000000403000000000000000000000000000000100000004720000000000010000000000
11208786000400200105092308510000090000030000000953000000095300000000000000000000000000095300000000000000
122087860005002001050923085100000000000000000000000000000000000000000000000953000000000000000000000000000000
07208787000000200105092308550000000000000000100000000000000000
092087870001002001050923085500000000000002040006840000000547000000000000000000000000000000100000000500000000000010000000000
092087870002002001050923085500000000000003250000030000000450000000000000000000000000000000000000000790000000000040000000000
11208787000300200105092308550000090000020000000997000000099700000000000000000000000000099700000000000000
122087870004002001050923085503010000000000000000000000000000000000000000000997000000000000000000000000000000
07208788000000200105092309210000000000000000100000000000000000
092087880001002001050923092100000000000002080008660000000605000000000000000000000000000000100000000500000000000010000000000
092087880002002001050923092100000000000002070006760000000405000000000000000000000000000000100000001990000000000010000000000
11208788000300200105092309210000090000020000001010000000101000000000000000000000000000101000000000000000
122087880004002001050923092100000000000000000000000000000000000000000000001010000000000000000000000000000000
07208789000000200105092309300000000000000000100000000000000000
092087890001002001050923093000000000000002480009380000000280000000000000000000000000000000100000001000000000000010000000000
092087890002002001050923093000000000000002110004640000000185000000000000000000000000000000100000000990000000000010000000000
11208789000300200105092309300000090000020000000465000000046500000000000000000000000000046500000000000000
122087890004002001050923093000000000000000000000000000000000000000000000000465000000000000000000000000000000
07208790000000200105092309370000000000000000100000000000000000
092087900001002001050923093700000000000001060008860000000531000000000000000000000000000000100000001500000000000020000000000
092087900002002001050923093700000000000003250000010000000150000000000000000000000000000000000000000790000000000040000000000
092087900003002001050923093700000000000001080007340000000660000000000000000000000000000000100000001000000000000020000000000
11208790000400200105092309370000090000030000001341000000134100000000000000000000000000134100000000000000
122087900005002001050923093703030000000000000000000000000000000000000000001341000000000000000000000000000000
14208791000000200105092309400000010000000000
14208792000000200105092309430000010000000000
07208793000000200105092309470000000000000000100000000000000000
092087930001002001050923094700000000000001150016680000002000000000000000000000000000000000100000001000000000000020000000000
092087930002002001050923094700000000000006190000010000000300000000000000000000000000000000000000000000000000000060000000000
11208793000300200105092309470000090000020000002300000000230000000000000000000000000000230000000000000000
122087930004002001050923094703110000000000000000000000000000000000000000002300000000000000000000000000000000
07208794000000200105092309500000000000000000100000000000000000
092087940001002001050923095000000000000002130015820000000473000000000000000000000000000000100000001400000000000010000000000
11208794000200200105092309500000090000010000000473000000047300000000000000000000000000047300000000000000
122087940003002001050923095000000000000000000000000000000000000000000000000473000000000000000000000000000000
07208795000000200105092309560000000000000000100000000000000000
092087950001002001050923095600000000000001250009300000000139I 0000000000000000000000000000100000000530000000000020000000000
092087950002002001050923095600000000000001040004940000000197000000000000000000000000000000100000002000000000000020000000000
092087950003002001050923095600000000000001070001120000000280000000000000000000000000000000100000005000000000000020000000000
11208795000400200105092309560000090000030000000616000000061600000000000000000000000000061600000000000000
122087950005002001050923095603050000000000000000000000000000000000000000000616000000000000000000000000000000
07208796000000200105092310030000000000000000100000000000000000
092087960001002001050923100300000000000001010005340000000186000000000000000000000000000000100000001400000000000020000000000
092087960002002001050923100300000000000001090001460000000087000000000000000000000000000000100000001500000000000020000000000
092087960003002001050923100300000000000002020005780000000346000000000000000000000000000000100000001990000000000010000000000
092087960004002001050923100300000000000003200000010000002299000000000000000000000000000000000000000000000000000050000000000
092087960005002001050923100300000000000001080003780000000340000000000000000000000000000000100000001000000000000020000000000
11208796000600200105092310030000090000050000003258000000325800000000000000000000000000325800000000000000
122087960007002001050923100303010000000000000000000000000000000000000000003258000000000000000000000000000000
14208797000000200105092310050000010000000000
07208798000000200105092310110000000000000000100000000000000000
092087980001002001050923101100000000000001020018640000000464000000000000000000000000000000100000001200000000000020000000000
092087980002002001050923101100000000000001280008360000000250000000000000000000000000000000100000000980000000000020000000000
092087980003002001050923101100000000000001090003040000000182000000000000000000000000000000100000001500000000000020000000000
092087980004002001050923101100000000000001220006880000000206000000000000000000000000000000100000001500000000000020000000000
092087980005002001050923101100000000000001070003400000000850000000000000000000000000000000100000005000000000000020000000000
092087980006002001050923101100000000000001110007200000000215000000000000000000000000000000100000001990000000000020000000000
11208798000700200105092310110000090000060000002167000000216700000000000000000000000000216700000000000000
122087980008002001050923101100000000000000000000000000000000000000000000002167000000000000000000000000000000
07208799000000200105092310120000000000000000100000000000000000
092087990001002001050923101200000000000002070009400000000563000000000000000000000000000000100000001990000000000010000000000
11208799000200200105092310120000090000010000000563000000056300000000000000000000000000056300000000000000
122087990003002001050923101200000000000000000000000000000000000000000000000563000000000000000000000000000000
07208800000000200105092310140000000000000000100000000000000000
092088000001002001050923101400000000000001220012220000000365000000000000000000000000000000100000001500000000000020000000000
092088000002002001050923101400000000000001040006960000000278000000000000000000000000000000100000002000000000000020000000000
092088000003002001050923101400000000000002050005520000000441000000000000000000000000000000100000000890000000000010000000000
092088000004002001050923101400000000000001160003620000000072000000000000000000000000000000100000000670000000000020000000000
092088000005002001050923101400000000000002090007780000001011000000000000000000000000000000100000004720000000000010000000000
092088000006002001050923101400000000000002040002920000000233000000000000000000000000000000100000000500000000000010000000000
092088000007002001050923101400000000000001080007560000000680000000000000000000000000000000100000001000000000000020000000000
092088000008002001050923101400000000000003250000010000000150000000000000000000000000000000000000000790000000000040000000000
092088000009002001050923101400000000000003250000010000000150000000000000000000000000000000000000000790000000000040000000000
092088000010002001050923101400000000000002070013800000000827000000000000000000000000000000100000001990000000000010000000000
11208800001100200105092310140000090000100000004207000000420700000000000000000000000000420700000000000000
122088000012002001050923101402010000000000000000000000000000000000100000004207000000000000000000000000000000
102088000013002001050923101401000000000000001000000042070000000000000045000009
07208801000000200105092310150000000000000000100000000000000000
092088010001002001050923101500000000000002480003240000000097000000000000000000000000000000100000001000000000000010000000000
11208801000200200105092310150000090000010000000097000000009700000000000000000000000000009700000000000000
122088010003002001050923101500000000000000000000000000000000000000000000000097000000000000000000000000000000
07208802000000200105092310170000000000000000100000000000000000
092088020001002001050923101700000000000001070000980000000245000000000000000000000000000000100000005000000000000020000000000
11208802000200200105092310170000090000010000000245000000024500000000000000000000000000024500000000000000
122088020003002001050923101700000000000000000000000000000000000000000000000245000000000000000000000000000000
07208803000000200105092310180000000000000000100000000000000000
092088030001002001050923101800000000000002040006040000000483000000000000000000000000000000100000000500000000000010000000000
092088030002002001050923101800000000000003250000010000000150000000000000000000000000000000000000000790000000000040000000000
11208803000300200105092310180000090000020000000633000000063300000000000000000000000000063300000000000000
122088030004002001050923101800000000000000000000000000000000000000000000000633000000000000000000000000000000
07208804000000200105092310190000000000000000100000000000000000
092088040001002001050923101900000000000002090003460000000449000000000000000000000000000000100000004720000000000010000000000
092088040002002001050923101900000000000002040002960000000237000000000000000000000000000000100000000500000000000010000000000
11208804000300200105092310190000090000020000000686000000068600000000000000000000000000100000000003140000
122088040004002001050923101900000000000000000000000000000000000000000000000686000000000000000000000000000000
07208805000000200105092310200000000000000000100000000000000000
092088050001002001050923102000000000000001020007740000000193000000000000000000000000000000100000001200000000000020000000000
092088050002002001050923102000000000000005020000010000000100I 0000000000000000000000000000000000000100000000000060000000000
092088050003002001050923102000000000000001050000900000000027000000000000000000000000000000100000002000000000000020000000000
17208805000400200105092310200000000000000390
092088050005002001050923102000000000000002050002580000000206000000000000000000000000000000100000000890000000000010000000000
11208805000600200105092310200000090000040000000526000000052600000000000000000000000000052600000000000000
122088050007002001050923102000000000000000000000000000000000000000000000000526000000000000000000000000000000
07208806000000200105092310210000000000000000100000000000000000
092088060001002001050923102100000000000001070001840000000460000000000000000000000000000000100000005000000000000020000000000
092088060002002001050923102100000000000003010000010000000999000000000000000000000000000000000000006000000000000050000000000
092088060003002001050923102100000000000001090002920000000175000000000000000000000000000000100000001500000000000020000000000
092088060004002001050923102100000000000005020000060000000600I 0000000000000000000000000000000000000100000000000060000000000
092088060005002001050923102100000000000005020000050000000500I 0000000000000000000000000000000000000100000000000060000000000
11208806000600200105092310210000090000050000002734000000273400000000000000000000000000273400000000000000
122088060007002001050923102103010000000000000000000000000000000000000000002734000000000000000000000000000000
07208807000000200105092310220000000000000000100000000000000000
092088070001002001050923102200000000000001140003840000000230000000000000000000000000000000100000000500000000000020000000000
092088070002002001050923102200000000000002070009820000000588000000000000000000000000000000100000001990000000000010000000000
11208807000300200105092310220000090000020000000818000000081800000000000000000000000000200000000011820000
122088070004002001050923102200000000000000000000000000000000000000000000000818000000000000000000000000000000
07208808000000200105092310240000000000000000100000000000000000
092088080001002001050923102400000000000001050008800000000263000000000000000000000000000000100000002000000000000020000000000
092088080002002001050923102400000000000001080003800000000342000000000000000000000000000000100000001000000000000020000000000
092088080003002001050923102400000000000001070001720000000430000000000000000000000000000000100000005000000000000020000000000
11208808000400200105092310240000090000030000001035000000103500000000000000000000000000103500000000000000
122088080005002001050923102400000000000000000000000000000000000000000000001035000000000000000000000000000000
07208809000000200105092310280000000000000000100000000000000000
092088090001002001050923102800000000000001020011820000000294000000000000000000000000000000100000001200000000000020000000000
092088090002002001050923102800000000000001050003180000000095000000000000000000000000000000100000002000000000000020000000000
11208809000300200105092310280000090000020000000389000000038900000000000000000000000000038900000000000000
122088090004002001050923102800000000000000000000000000000000000000000000000389000000000000000000000000000000
07208810000000200105092310300000000000000000100000000000000000
092088100001002001050923103000000000000001050006560000000196000000000000000000000000000000100000002000000000000020000000000
092088100002002001050923103000000000000001270004400000000132000000000000000000000000000000100000000250000000000020000000000
092088100003002001050923103000000000000001160007280000000145000000000000000000000000000000100000000670000000000020000000000
092088100004002001050923103000000000000002140005160000000206000000000000000000000000000000100000001990000000000010000000000
092088100005002001050923103000000000000005080000010000002399I 0100000000000000000000000000000000015000000000000070000000000
11208810000600200105092310300000090000050000003078000000307800000000000000000000000000307800000000000000
122088100007002001050923103000000000000000000000000000000000000000000000003078000000000000000000000000000000
07208811000000200105092310310000000000000000100000000000000000
092088110001002001050923103100000000000001100010520000000367000000000000000000000000000000100000000500000000000020000000000
11208811000200200105092310310000090000010000000367000000036700000000000000000000000000036700000000000000
122088110003002001050923103103010000000000000000000000000000000000000000000367000000000000000000000000000000
07208812000000200105092310310000000000000000100000000000000000
092088120001002001050923103100000000000001020013620000000339000000000000000000000000000000100000001200000000000020000000000
11208812000200200105092310310000090000010000000339000000033900000000000000000000000000033900000000000000
122088120003002001050923103100000000000000000000000000000000000000000000000339000000000000000000000000000000
07208813000000200105092310340000000000000000100000000000000000
092088130001002001050923103400000000000001140009880000000592000000000000000000000000000000100000000500000000000020000000000
092088130002002001050923103400000000000001150002680000000321000000000000000000000000000000100000001000000000000020000000000
11208813000300200105092310340000090000020000000913000000091300000000000000000000000000091300000000000000
122088130004002001050923103400000000000000000000000000000000000000000000000913000000000000000000000000000000
07208814000000200105092310420000000000000000100000000000000000
092088140001002001050923104200000000000001020020920000000521000000000000000000000000000000100000001200000000000020000000000
11208814000200200105092310420000090000010000000521000000052100000000000000000000000000052100000000000000
122088140003002001050923104200000000000000000000000000000000000000000000000521000000000000000000000000000000
14208815000000200105092310430000010000000195
14208816000000200105092310430000010000000000
07208817000000200105092310440000000000000000100000000000000000
092088170001002001050923104400000000000001250013060000000652I 0000000000000000000000000000100000000530000000000020000000000
092088170002002001050923104400000000000003250000010000000150000000000000000000000000000000000000000790000000000040000000000
092088170003002001050923104400000000000001060005140000000308000000000000000000000000000000100000001500000000000020000000000
092088170004002001050923104400000000000001040006000000000239000000000000000000000000000000100000002000000000000020000000000
11208817000500200105092310440000090000040000001349000000134900000000000000000000000000134900000000000000
122088170006002001050923104403010000000000000000000000000000000000000000001349000000000000000000000000000000
07208818000000200105092310470000000000000000100000000000000000
092088180001002001050923104700000000000001250006120000000305I 0000000000000000000000000000100000000530000000000020000000000
092088180002002001050923104700000000000001050005320000000159000000000000000000000000000000100000002000000000000020000000000
092088180003002001050923104700000000000005020000010000000100I 0000000000000000000000000000000000000100000000000060000000000
092088180004002001050923104700000000000002080013860000000969000000000000000000000000000000100000000500000000000010000000000
11208818000500200105092310470000090000040000001533000000153300000000000000000000000000153300000000000000
122088180006002001050923104700000000000000000000000000000000000000000000001533000000000000000000000000000000
14208819000000200105092310490000010000000334
07208820000000200105092310510000000000000000100000000000000000
092088200001002001050923105100000000000001090001620000000097000000000000000000000000000000100000001500000000000020000000000
092088200002002001050923105100000000000001140003120000000187000000000000000000000000000000100000000500000000000020000000000
092088200003002001050923105100000000000003250000010000000150000000000000000000000000000000000000000790000000000040000000000
11208820000400200105092310510000090000030000000434000000043400000000000000000000000000043400000000000000
122088200005002001050923105103010000000000000000000000000000000000000000000434000000000000000000000000000000
07208821000000200105092310530000000000000000100000000000000000
092088210001002001050923105300000000000001270002240000000089000000000000000000000000000000100000000250000000000020000000000
092088210002002001050923105300000000000003250000010000000150000000000000000000000000000000000000000790000000000040000000000
092088210003002001050923105300000000000002020002960000000177000000000000000000000000000000100000001990000000000010000000000
092088210004002001050923105300000000000002040001100000000088000000000000000000000000000000100000000500000000000010000000000
092088210005002001050923105300000000000002110002920000000117000000000000000000000000000000100000000990000000000010000000000
092088210006002001050923105300000000000002130010700000000320000000000000000000000000000000100000001400000000000010000000000
11208821000700200105092310530000090000060000000941000000094100000000000000000000000000094100000000000000
122088210008002001050923105303010000000000000000000000000000000000000000000941000000000000000000000000000000
07208822000000200105092310570000000000000000100000000000000000
092088220001002001050923105700000000000001120004320000000259000000000000000000000000000000100000001000000000000020000000000
092088220002002001050923105700000000000001080006060000000545000000000000000000000000000000100000001000000000000020000000000
092088220003002001050923105700000000000001110005620000000168000000000000000000000000000000100000001990000000000020000000000
092088220004002001050923105700000000000002070011620000000696000000000000000000000000000000100000001990000000000010000000000
092088220005002001050923105700000000000003250000010000000150000000000000000000000000000000000000000790000000000040000000000
092088220006002001050923105700000000000002260016420000000819000000000000000000000000000000100000002000000000000010000000000
092088220007002001050923105700000000000001160011840000000236000000000000000000000000000000100000000670000000000020000000000
092088220008002001050923105700000000000001220002500000000075000000000000000000000000000000100000001500000000000020000000000
092088220009002001050923105700000000000002020007780000000466000000000000000000000000000000100000001990000000000010000000000
092088220010002001050923105700000000000003250000020000000300000000000000000000000000000000000000000790000000000040000000000
11208822001100200105092310570000090000100000003714000000371400000000000000000000000000371400000000000000
122088220012002001050923105703090000000000000000000000000000000000000000003714000000000000000000000000000000
07208823000000200105092310580000000000000000100000000000000000
092088230001002001050923105800000000000001070000420000000105000000000000000000000000000000100000005000000000000020000000000
092088230002002001050923105800000000000003190000010000000500000000000000000000000000000000000000002000000000000050000000000
092088230003002001050923105800000000000001180002000000000100000000000000000000000000000000100000001000000000000020000000000
092088230004002001050923105800000000000001100002560000000089000000000000000000000000000000100000000500000000000020000000000
11208823000500200105092310580000090000040000000794000000079400000000000000000000000000079400000000000000
122088230006002001050923105800000000000000000000000000000000000000000000000794000000000000000000000000000000
07208824000000200105092310590000000000000000100000000000000000
092088240001002001050923105900000000000002130009060000000271000000000000000000000000000000100000001400000000000010000000000
11208824000200200105092310590000090000010000000271000000027100000000000000000000000000027100000000000000
122088240003002001050923105903010000000000000000000000000000000000000000000271000000000000000000000000000000
07208825000000200105092311030000000000000000100000000000000000
092088250001002001050923110300000000000002190000020000001198000000000000000000000000000000000000002250000000000010000000000
092088250002002001050923110300000000000002070011460000000686000000000000000000000000000000100000001990000000000010000000000
11208825000300200105092311030000090000020000001884000000188400000000000000000000000000188400000000000000
122088250004002001050923110304000000000000000000000000000000000000000000001884000000000000000000000000000000
07208826000000200105092311050000000000000000100000000000000000
092088260001002001050923110500000000000001040002060000000082000000000000000000000000000000100000002000000000000020000000000
092088260002002001050923110500000000000003250000010000000150000000000000000000000000000000000000000790000000000040000000000
11208826000300200105092311050000090000020000000232000000023200000000000000000000000000023200000000000000
122088260004002001050923110500000000000000000000000000000000000000000000000232000000000000000000000000000000
07208827000000200105092311120000000000000000100000000000000000
092088270001002001050923111200000000000001220008720000000261000000000000000000000000000000100000001500000000000020000000000
092088270002002001050923111200000000000003190000010000000500000000000000000000000000000000000000002000000000000050000000000
092088270003002001050923111200000000000003250000010000000150000000000000000000000000000000000000000790000000000040000000000
11208827000400200105092311120000090000030000000911000000091100000000000000000000000000091100000000000000
122088270005002001050923111203010000000000000000000000000000000000000000000911000000000000000000000000000000
07208828000000200105092311180000000000000000100000000000000000
092088280001002001050923111800000000000001100003460000000121000000000000000000000000000000100000000500000000000020000000000
092088280002002001050923111800000000000005020000030000000300I 0000000000000000000000000000000000000100000000000060000000000
092088280003002001050923111800000000000002480003340000000100000000000000000000000000000000100000001000000000000010000000000
092088280004002001050923111800000000000002070008780000000526000000000000000000000000000000100000001990000000000010000000000
11208828000500200105092311180000090000040000001047000000104700000000000000000000000000104700000000000000
122088280006002001050923111803070000000000000000000000000000000000000000001047000000000000000000000000000000
07208829000000200105092311230000000000000000100000000000000000
092088290001002001050923112300000000000001180003080000000154000000000000000000000000000000100000001000000000000020000000000
092088290002002001050923112300000000000003250000010000000150000000000000000000000000000000000000000790000000000040000000000
11208829000300200105092311230000090000020000000304000000030400000000000000000000000000030400000000000000
122088290004002001050923112300000000000000000000000000000000000000000000000304000000000000000000000000000000
14208830000000200105092311260000010000000000
07208831000000200105092311270000000000000000100000000000000000
092088310001002001050923112700000000000002480009300000000278000000000000000000000000000000100000001000000000000010000000000
092088310002002001050923112700000000000003250000010000000150000000000000000000000000000000000000000790000000000040000000000
092088310003002001050923112700000000000001020007920000000197000000000000000000000000000000100000001200000000000020000000000
11208831000400200105092311270000090000030000000625000000062500000000000000000000000000062500000000000000
122088310005002001050923112703010000000000000000000000000000000000000000000625000000000000000000000000000000
07208832000000200105092311280000000000000000100000000000000000
092088320001002001050923112800000000000003250000010000000150000000000000000000000000000000000000000790000000000040000000000
092088320002002001050923112800000000000001050009000000000269000000000000000000000000000000100000002000000000000020000000000
092088320003002001050923112800000000000002130004940000000148000000000000000000000000000000100000001400000000000010000000000
092088320004002001050923112800000000000002480003100000000093000000000000000000000000000000100000001000000000000010000000000
11208832000500200105092311280000090000040000000660000000066000000000000000000000000000100000000003400000
122088320006002001050923112800000000000000000000000000000000000000000000000660000000000000000000000000000000
07208833000000200105092311330000000000000000100000000000000000
092088330001002001050923113300000000000002170000010000000799000000000000000000000000000000000000006500000000000010000000000
092088330002002001050923113300000000000002190000010000000599000000000000000000000000000000000000002250000000000010000000000
092088330003002001050923113300000000000002220000010000000399000000000000000000000000000000000000001500000000000010000000000
11208833000400200105092311330000090000030000001797000000179700000000000000000000000000179700000000000000
122088330005002001050923113303070000000000000000000000000000000000000000001797000000000000000000000000000000
07208834000000200105092311330000000000000000100000000000000000
092088340001002001050923113300000000000002290000010000000299000000000000000000000000000000000000002500000000000010000000000
11208834000200200105092311330000090000010000000299000000029900000000000000000000000000029900000000000000
122088340003002001050923113300000000000000000000000000000000000000000000000299000000000000000000000000000000
07208835000000200105092311380000000000000000100000000000000000
092088350001002001050923113800000000000002190000010000000599000000000000000000000000000000000000002250000000000010000000000
092088350002002001050923113800000000000002140016140000000644000000000000000000000000000000100000001990000000000010000000000
092088350003002001050923113800000000000001010011820000000413000000000000000000000000000000100000001400000000000020000000000
092088350004002001050923113800000000000002040010040000000802000000000000000000000000000000100000000500000000000010000000000
092088350005002001050923113800000000000001260007820000000390000000000000000000000000000000100000000500000000000020000000000
092088350006002001050923113800000000000001130021620000000863000000000000000000000000000000100000001500000000000020000000000
092088350007002001050923113800000000000002170000010000000799000000000000000000000000000000000000006500000000000010000000000
092088350008002001050923113800000000000005020000070000000700I 0000000000000000000000000000000000000100000000000060000000000
092088350009002001050923113800000000000001100012760000000445000000000000000000000000000000100000000500000000000020000000000
092088350010002001050923113800000000000002260011860000000592000000000000000000000000000000100000002000000000000010000000000
092088350011002001050923113800000000000002270010600000001271000000000000000000000000000000100000003990000000000010000000000
092088350012002001050923113800000000000005020000010000000100I 0000000000000000000000000000000000000100000000000060000000000
092088350013002001050923113800000000000003250000010000000150000000000000000000000000000000000000000790000000000040000000000
092088350014002001050923113800000000000002130024340000000728000000000000000000000000000000100000001400000000000010000000000
092088350015002001050923113800000000000002200000010000000599000000000000000000000000000000000000000990000000000010000000000
092088350016002001050923113800000000000006190000010000000300000000000000000000000000000000000000000000000000000060000000000
11208835001700200105092311380000090000160000009395000000939500000000000000000000000000939500000000000000
122088350018002001050923113803010000000000000000000000000000000000000000009395000000000000000000000000000000
07208836000000200105092311380000000000000000100000000000000000
092088360001002001050923113800000000000002070008920000000534000000000000000000000000000000100000001990000000000010000000000
11208836000200200105092311380000090000010000000534000000053400000000000000000000000000053400000000000000
122088360003002001050923113803010000000000000000000000000000000000000000000534000000000000000000000000000000
07208837000000200105092311420000000000000000100000000000000000
092088370001002001050923114200000000000003200000010000002299000000000000000000000000000000000000000000000000000050000000000
092088370002002001050923114200000000000005080000010000002399I 0100000000000000000000000000000000015000000000000070000000000
11208837000300200105092311420000090000020000004698000000469800000000000000000000000000469800000000000000
122088370004002001050923114203010000000000000000000000000000000000000000004698000000000000000000000000000000
07208838000000200105092311420000000000000000100000000000000000
092088380001002001050923114200000000000001050007460000000223000000000000000000000000000000100000002000000000000020000000000
092088380002002001050923114200000000000003250000010000000150000000000000000000000000000000000000000790000000000040000000000
092088380003002001050923114200000000000001080004060000000365000000000000000000000000000000100000001000000000000020000000000
11208838000400200105092311420000090000030000000738000000073800000000000000000000000000200000000012620000
122088380005002001050923114200000000000000000000000000000000000000000000000738000000000000000000000000000000
07208839000000200105092311430000000000000000100000000000000000
092088390001002001050923114300000000000001040003960000000158000000000000000000000000000000100000002000000000000020000000000
11208839000200200105092311430000090000010000000158000000015800000000000000000000000000015800000000000000
122088390003002001050923114300000000000000000000000000000000000000000000000158000000000000000000000000000000
07208840000000200105092311460000000000000000100000000000000000
092088400001002001050923114600000000000005020000030000000300I 0000000000000000000000000000000000000100000000000060000000000
11208840000200200105092311460000090000010000000300000000030000000000000000000000000000030000000000000000
122088400003002001050923114603010000000000000000000000000000000000000000000300000000000000000000000000000000
14208841000000200105092311490000010000009665
14208842000100200105092312130000010000000000
14208843000000200105092312420000010000000000
07208844000000200105092312440000000000000000100000000000000000
092088440001002001050923124400000000000002070017280000001035000000000000000000000000000000100000001990000000000010000000000
11208844000200200105092312440000090000010000001035000000103500000000000000000000000001000000000089650000
122088440003002001050923124400000000000000000000000000000000000000000000001035000000000000000000000000000000
07208845000000200105092312500000000000000000100000000000000000
092088450001002001050923125000000000000005020000020000000200I 0000000000000000000000000000000000000100000000000060000000000
11208845000200200105092312500000090000010000000200000000020000000000000000000000000000020000000000000000
122088450003002001050923125000000000000000000000000000000000000000000000000200000000000000000000000000000000
07208846000000200105092312540000000000000000100000000000000000
092088460001002001050923125400000000000002140017900000000714000000000000000000000000000000100000001990000000000010000000000
092088460002002001050923125400000000000002020013560000000812000000000000000000000000000000100000001990000000000010000000000
092088460003002001050923125400000000000002070010840000000649000000000000000000000000000000100000001990000000000010000000000
092088460004002001050923125400000000000005020000020000000200I 0000000000000000000000000000000000000100000000000060000000000
11208846000500200105092312540000090000040000002375000000237500000000000000000000000000237500000000000000
122088460006002001050923125403010000000000000000000000000000000000000000002375000000000000000000000000000000
07208847000000200105092313020000000000000000100000000000000000
092088470001002001050923130200000000000002480001520000000045000000000000000000000000000000100000001000000000000010000000000
11208847000200200105092313020000090000010000000045000000004500000000000000000000000000004500000000000000
122088470003002001050923130200000000000000000000000000000000000000000000000045000000000000000000000000000000
18208847000400200105092313080500000100000000000000000000000001
18208847000500200105092313090100000020000000000000000000000001
102088470006002001050923131751000000000000002500000064930000000000000009000009
132088470000002001050923131700000000000000090000000000000025000000000000649300000000000000006493
07208848000000200105092313170000000000000000100000000000000000
092088480001002001050923131700000000000003010000010000000999000000000000000000000000000000000000006000000000000050000000000
11208848000200200105092313170000090000010000000999000000099900000000000000000000000000099900000000000000
122088480003002001050923131700000000000000000000000000000000000000000000000999000000000000000000000000000000
07208849000000200105092313200000000000000000100000000000000000
092088490001002001050923132000000000000003250000010000000150000000000000000000000000000000000000000790000000000040000000000
092088490002002001050923132000000000000005020000050000000500I 0000000000000000000000000000000000000100000000000060000000000
11208849000300200105092313200000090000020000000650000000065000000000000000000000000000200000000013500000
122088490004002001050923132000000000000000000000000000000000000000000000000650000000000000000000000000000000
07208850000000200105092313210000000000000000100000000000000000
092088500001002001050923132100000000000001070005980000001494000000000000000000000000000000100000005000000000000020000000000
11208850000200200105092313210000090000010000001494000000149400000000000000000000000000500000000035060000
122088500003002001050923132100000000000000000000000000000000000000000000001494000000000000000000000000000000
07208851000000200105092313220000000000000000100000000000000000
092088510001002001050923132200000000000002130004360000000130000000000000000000000000000000100000001400000000000010000000000
11208851000200200105092313220000090000010000000130000000013000000000000000000000000000013000000000000000
122088510003002001050923132200000000000000000000000000000000000000000000000130000000000000000000000000000000
18208851000400200105092313240300000022000000000000000000000001
07208852000000200105092313270000000000000000100000000000000000
092088520001002001050923132700000000000003250000010000000150000000000000000000000000000000000000000790000000000040000000000
11208852000200200105092313270000090000010000000150000000015000000000000000000000000000015000000000000000
122088520003002001050923132700000000000000000000000000000000000000000000000150000000000000000000000000000000
07208853000000200105092313280000000000000000100000000000000000
092088530001002001050923132800000000000003200000010000002299000000000000000000000000000000000000000000000000000050000000000
11208853000200200105092313280000090000010000002299000000229900000000000000000000000000229900000000000000
122088530003002001050923132800000000000000000000000000000000000000000000002299000000000000000000000000000000
07208854000000200105092313320000000000000000100000000000000000
092088540001002001050923133200000000000002070007900000000473000000000000000000000000000000100000001990000000000010000000000
11208854000200200105092313320000090000010000000473000000047300000000000000000000000000200000000015270000
122088540003002001050923133200000000000000000000000000000000000000000000000473000000000000000000000000000000
07208855000000200105092313330000000000000000100000000000000000
092088550001002001050923133300000000000001050002400000000072000000000000000000000000000000100000002000000000000020000000000
11208855000200200105092313330000090000010000000072000000007200000000000000000000000000007200000000000000
122088550003002001050923133300000000000000000000000000000000000000000000000072000000000000000000000000000000
07208856000000200105092313410000000000000000100000000000000000
092088560001002001050923134100000000000001060008580000000514000000000000000000000000000000100000001500000000000020000000000
092088560002002001050923134100000000000001010012960000000452000000000000000000000000000000100000001400000000000020000000000
092088560003002001050923134100000000000001040001340000000053000000000000000000000000000000100000002000000000000020000000000
092088560004002001050923134100000000000002070001060000000063000000000000000000000000000000100000001990000000000010000000000
092088560005002001050923134100000000000002130003660000000109000000000000000000000000000000100000001400000000000010000000000
092088560006002001050923134100000000000001080002860000000257000000000000000000000000000000100000001000000000000020000000000
092088560007002001050923134100000000000001140004140000000248000000000000000000000000000000100000000500000000000020000000000
11208856000800200105092313410000090000070000001696000000169600000000000000000000000000200000000003040000
122088560009002001050923134100000000000000000000000000000000000000000000001696000000000000000000000000000000
07208857000000200105092313490000000000000000100000000000000000
092088570001002001050923134900000000000002130009200000000275000000000000000000000000000000100000001400000000000010000000000
092088570002002001050923134900000000000002070005800000000347000000000000000000000000000000100000001990000000000010000000000
092088570003002001050923134900000000000001080002840000000255000000000000000000000000000000100000001000000000000020000000000
092088570004002001050923134900000000000002090005400000000701000000000000000000000000000000100000004720000000000010000000000
092088570005002001050923134900000000000001080001760000000158000000000000000000000000000000100000001000000000000020000000000
092088570006002001050923134900000000000001100004680000000163000000000000000000000000000000100000000500000000000020000000000
11208857000700200105092313490000090000060000001899000000189900000000000000000000000000189900000000000000
122088570008002001050923134903060000000000000000000000000000000000000000001899000000000000000000000000000000
062088570009002001050923135200000100000290000000000000000000000000000000000000000000
07208858000000200105092313530000000000000000100000000000000000
092088580001002001050923135300000000000001010004080000000142000000000000000000000000000000100000001400000000000020000000000
092088580002002001050923135300000000000001100004120000000144000000000000000000000000000000100000000500000000000020000000000
092088580003002001050923135300000000000001100002400000000084000000000000000000000000000000100000000500000000000020000000000
092088580004002001050923135300000000000001280003020000000090000000000000000000000000000000100000000980000000000020000000000
092088580005002001050923135300000000000001250003200000000160I 0000000000000000000000000000100000000530000000000020000000000
11208858000600200105092313530000090000050000000620000000062000000000000000000000000000062000000000000000
122088580007002001050923135300000000000000000000000000000000000000000000000620000000000000000000000000000000
0320885800080020010509231359000001000009
02208858000900200105092313590000010000050000000000
07208859000000200105092314130000000000000000100000000000000000
092088590001002001050923141300000000000002480002020000000060000000000000000000000000000000100000001000000000000010000000000
11208859000200200105092314130000050000010000000060000000006000000000000000000000000000010000000000400000
122088590003002001050923141300000000000000000000000000000000000000000000000060000000000000000000000000000000
07208860000000200105092314190000000000000000100000000000000000
092088600001002001050923141900000000000002050005480000000438000000000000000000000000000000100000000890000000000010000000000
092088600002002001050923141900000000000002480003280000000098000000000000000000000000000000100000001000000000000010000000000
11208860000300200105092314190000050000020000000536000000053600000000000000000000000000053600000000000000
122088600004002001050923141903010000000000000000000000000000000000000000000536000000000000000000000000000000
07208861000000200105092314200000000000000000100000000000000000
092088610001002001050923142000000000000001080003220000000289000000000000000000000000000000100000001000000000000020000000000
092088610002002001050923142000000000000002040000600000000048000000000000000000000000000000100000000500000000000010000000000
11208861000300200105092314200000050000020000000337000000033700000000000000000000000000100000000006630000
122088610004002001050923142000000000000000000000000000000000000000000000000337000000000000000000000000000000
07208862000000200105092314220000000000000000100000000000000000
092088620001002001050923142200000000000002480004340000000130000000000000000000000000000000100000001000000000000010000000000
092088620002002001050923142200000000000001160007700000000153000000000000000000000000000000100000000670000000000020000000000
11208862000300200105092314220000050000020000000283000000028300000000000000000000000000050000000002170000
122088620004002001050923142200000000000000000000000000000000000000000000000283000000000000000000000000000000
07208863000000200105092314350000000000000000100000000000000000
092088630001002001050923143500000000000002480008250000000247000000000000000000000000000000100000001000000000000010000000000
11208863000200200105092314350000050000010000000247000000024700000000000000000000000000025000000000030000
122088630003002001050923143500000000000000000000000000000000000000000000000247000000000000000000000000000000
07208864000000200105092314370000000000000000100000000000000000
092088640001002001050923143700000000000001010010360000000362000000000000000000000000000000100000001400000000000020000000000
092088640002002001050923143700000000000001040002200000000088000000000000000000000000000000100000002000000000000020000000000
092088640003002001050923143700000000000001080003520000000316000000000000000000000000000000100000001000000000000020000000000
092088640004002001050923143700000000000001070000520000000130000000000000000000000000000000100000005000000000000020000000000
11208864000500200105092314370000050000040000000896000000089600000000000000000000000000200000000011040000
122088640006002001050923143700000000000000000000000000000000000000000000000896000000000000000000000000000000
07208865000000200105092314430000000000000000100000000000000000
092088650001002001050923144300000000000020700001700000000034000000000000000000000000000000100000000500000000000010000000000
11208865000200200105092314430000050000010000000034000000003400000000000000000000000000003400000000000000
122088650003002001050923144300000000000000000000000000000000000000000000000034000000000000000000000000000000
07208866000000200105092314530000000000000000100000000000000000
092088660001002001050923145300000000000002480005020000000150000000000000000000000000000000100000001000000000000010000000000
092088660002002001050923145300000000000001130031000000001237000000000000000000000000000000100000001500000000000020000000000
092088660003002001050923145300000000000002080005920000000414000000000000000000000000000000100000000500000000000010000000000
092088660004002001050923145300000000000001150003460000000415000000000000000000000000000000100000001000000000000020000000000
11208866000500200105092314530000050000040000002216000000221600000000000000000000000000501500000027990000
122088660006002001050923145300000000000000000000000000000000000000000000002216000000000000000000000000000000
07208867000000200105092315110000000000000000100000000000000000
092088670001002001050923151100000000000002070017640000001057000000000000000000000000000000100000001990000000000010000000000
092088670002002001050923151100000000000002140022920000000915000000000000000000000000000000100000001990000000000010000000000
092088670003002001050923151100000000000002130017980000000538000000000000000000000000000000100000001400000000000010000000000
11208867000400200105092315110000050000030000002510000000251000000000000000000000000000260000000000900000
122088670005002001050923151100000000000000000000000000000000000000000000002510000000000000000000000000000000
07208868000000200105092315370000000000000000100000000000000000
092088680001002001050923153700000000000002200000010000000599000000000000000000000000000000000000000990000000000010000000000
11208868000200200105092315370000050000010000000599000000059900000000000000000000000000059900000000000000
122088680003002001050923153700000000000000000000000000000000000000000000000599000000000000000000000000000000
07208869000000200105092315480000000000000000100000000000000000
092088690001002001050923154800000000000003250000010000000150000000000000000000000000000000000000000790000000000040000000000
092088690002002001050923154800000000000002480012940000000387000000000000000000000000000000100000001000000000000010000000000
11208869000300200105092315480000050000020000000537000000053700000000000000000000000000053700000000000000
122088690004002001050923154803050000000000000000000000000000000000000000000537000000000000000000000000000000
07208870000000200105092315510000000000000000100000000000000000
092088700001002001050923155100000000000002480001000000000030000000000000000000000000000000100000001000000000000010000000000
11208870000200200105092315510000050000010000000030000000003000000000000000000000000000020000000001700000
122088700003002001050923155100000000000000000000000000000000000000000000000030000000000000000000000000000000
07208871000000200105092315590000000000000000100000000000000000
092088710001002001050923155900000000000002070007160000000429000000000000000000000000000000100000001990000000000010000000000
092088710002002001050923155900000000000003250000020000000300000000000000000000000000000000000000000790000000000040000000000
11208871000300200105092315590000050000020000000729000000072900000000000000000000000000072900000000000000
122088710004002001050923155903010000000000000000000000000000000000000000000729000000000000000000000000000000
07208872000000200105092316160000000000000000100000000000000000
092088720001002001050923161600000000000003190000010000000500000000000000000000000000000000000000002000000000000050000000000
11208872000200200105092316160000050000010000000500000000050000000000000000000000000000050000000000000000
122088720003002001050923161600000000000000000000000000000000000000000000000500000000000000000000000000000000
07208873000000200105092316230000000000000000100000000000000000
092088730001002001050923162300000000000001020010420000000259000000000000000000000000000000100000001200000000000020000000000
17208873000200200105092316230000000000002299
092088730003002001050923162300000000000003010000010000000999000000000000000000000000000000000000006000000000000050000000000
11208873000400200105092316230000050000020000001258000000125800000000000000000000000000125800000000000000
122088730005002001050923162303100000000000000000000000000000000000000000001258000000000000000000000000000000
14208874000000200105092316350000010000000000
07208875000000200105092316360000000000000000100000000000000000
092088750001002001050923163600000000000001170003520000000140000000000000000000000000000000100000002490000000000020000000000
092088750002002001050923163600000000000002040000740000000059000000000000000000000000000000100000000500000000000010000000000
092088750003002001050923163600000000000001040002300000000092000000000000000000000000000000100000002000000000000020000000000
092088750004002001050923163600000000000001070000620000000155000000000000000000000000000000100000005000000000000020000000000
11208875000500200105092316360000050000040000000446000000044600000000000000000000000000050000000000540000
122088750006002001050923163600000000000000000000000000000000000000000000000446000000000000000000000000000000
07208876000000200105092316450000000000000000100000000000000000
092088760001002001050923164500000000000001220004900000000147000000000000000000000000000000100000001500000000000020000000000
092088760002002001050923164500000000000001150002400000000288000000000000000000000000000000100000001000000000000020000000000
092088760003002001050923164500000000000001160004340000000086000000000000000000000000000000100000000670000000000020000000000
092088760004002001050923164500000000000001020015500000000386000000000000000000000000000000100000001200000000000020000000000
092088760005002001050923164500000000000001050005000000000150000000000000000000000000000000100000002000000000000020000000000
092088760006002001050923164500000000000005480000010000000250I 0300000000000000000000000000000000000000000000000030000000000
11208876000700200105092316450000050000060000001307000000130700000000000000000000000000130700000000000000
122088760008002001050923164503050000000000000000000000000000000000000000001307000000000000000000000000000000
07208877000000200105092316500000000000000000100000000000000000
092088770001002001050923165000000000000004060000200000000300I 0300000000000000000000000000100000015000000000000030000000000
092088770002002001050923165000000000000005020000010000000100I 0000000000000000000000000000000000000100000000000060000000000
092088770003002001050923165000000000000005020000010000000100I 0000000000000000000000000000000000000100000000000060000000000
11208877000400200105092316500000050000030000000500000000050000000000000000000000000000050000000000000000
122088770005002001050923165003010000000000000000000000000000000000000000000500000000000000000000000000000000
07208878000000200105092316520000000000000000100000000000000000
092088780001002001050923165200000000000005240000010000000550I 0100000000000000000000000000000000004990000000000080000000000
11208878000200200105092316520000050000010000000550000000055000000000000000000000000000055000000000000000
122088780003002001050923165202010000000000000000000000000000000000050000000550000000000000000000000000000000
102088780004002001050923165201000000000000000500000005500000000000000389000005
07208879000000200105092316580000000000000000100000000000000000
092088790001002001050923165800000000000003250000010000000150000000000000000000000000000000000000000790000000000040000000000
092088790002002001050923165800000000000001080001280000000115000000000000000000000000000000100000001000000000000020000000000
11208879000300200105092316580000050000020000000265000000026500000000000000000000000000027500000000100000
122088790004002001050923165800000000000000000000000000000000000000000000000265000000000000000000000000000000
07208880000000200105092317090000000000000000100000000000000000
092088800001002001050923170900000000000003250000030000000450000000000000000000000000000000000000000790000000000040000000000
11208880000200200105092317090000050000010000000450000000045000000000000000000000000000045000000000000000
122088800003002001050923170900000000000000000000000000000000000000000000000450000000000000000000000000000000
14208881000000200105092317090000010000000000
07208882000000200105092317110000000000000000100000000000000000
092088820001002001050923171100000000000001090000900000000054000000000000000000000000000000100000001500000000000020000000000
092088820002002001050923171100000000000001020006580000000164000000000000000000000000000000100000001200000000000020000000000
092088820003002001050923171100000000000001080002640000000237000000000000000000000000000000100000001000000000000020000000000
11208882000400200105092317110000050000030000000455000000045500000000000000000000000000050000000000450000
122088820005002001050923171100000000000000000000000000000000000000000000000455000000000000000000000000000000
07208883000000200105092317120000000000000000100000000000000000
092088830001002001050923171200000000000002190000020000001198000000000000000000000000000000000000002250000000000010000000000
092088830002002001050923171200000000000002170000010000000799000000000000000000000000000000000000006500000000000010000000000
092088830003002001050923171200000000000002070004180000000250000000000000000000000000000000100000001990000000000010000000000
11208883000400200105092317120000050000030000002247000000224700000000000000000000000000240000000001530000
122088830005002001050923171200000000000000000000000000000000000000000000002247000000000000000000000000000000
14208884000000200105092317130000010000000000
07208885000000200105092317140000000000000000100000000000000000
092088850001002001050923171400000000000002080011920000000833000000000000000000000000000000100000000500000000000010000000000
092088850002002001050923171400000000000002140010000000000399000000000000000000000000000000100000001990000000000010000000000
11208885000300200105092317140000050000020000001232000000123200000000000000000000000001000000000087680000
122088850004002001050923171400000000000000000000000000000000000000000000001232000000000000000000000000000000
07208886000000200105092317150000000000000000100000000000000000
092088860001002001050923171500000000000002010004800000000144000000000000000000000000000000100000000990000000000010000000000
11208886000200200105092317150000050000010000000144000000014400000000000000000000000000015000000000060000
122088860003002001050923171500000000000000000000000000000000000000000000000144000000000000000000000000000000
14208887000000200105092317160000010000000000
14208888000000200105092317160000010000000000
07208889000000200105092317200000000000000000100000000000000000
092088890001002001050923172000000000000003010000010000000999000000000000000000000000000000000000006000000000000050000000000
11208889000200200105092317200000050000010000000999000000099900000000000000000000000000099900000000000000
122088890003002001050923172003090000000000000000000000000000000000000000000999000000000000000000000000000000
07208890000000200105092317390000000000000000100000000000000000
092088900001002001050923173900000000000005080000010000002399I 0100000000000000000000000000000000015000000000000070000000000
092088900002002001050923173900000000000002480015400000000460000000000000000000000000000000100000001000000000000010000000000
092088900003002001050923173900000000000001050008500000000254000000000000000000000000000000100000002000000000000020000000000
11208890000400200105092317390000050000030000003113000000311300000000000000000000000000311300000000000000
122088900005002001050923173903010000000000000000000000000000000000000000003113000000000000000000000000000000
07208891000000200105092317450000000000000000100000000000000000
092088910001002001050923174500000000000002040002400000000192000000000000000000000000000000100000000500000000000010000000000
11208891000200200105092317450000050000010000000192000000019200000000000000000000000000020000000000080000
122088910003002001050923174500000000000000000000000000000000000000000000000192000000000000000000000000000000
07208892000000200105092317480000000000000000100000000000000000
092088920001002001050923174800000000000002070008550000000512000000000000000000000000000000100000001990000000000010000000000
092088920002002001050923174800000000000002030009600000000479000000000000000000000000000000100000002990000000000010000000000
092088920003002001050923174800000000000002190000010000000599000000000000000000000000000000000000002250000000000010000000000
092088920004002001050923174800000000000002160000010000000699000000000000000000000000000000000000005710000000000010000000000
092088920005002001050923174800000000000002090006600000000857000000000000000000000000000000100000004720000000000010000000000
11208892000600200105092317480000050000050000003146000000314600000000000000000000000000314600000000000000
122088920007002001050923174803010000000000000000000000000000000000000000003146000000000000000000000000000000
07208893000000200105092317490000000000000000100000000000000000
092088930001002001050923174900000000000003010000010000000999000000000000000000000000000000000000006000000000000050000000000
11208893000200200105092317490000050000010000000999000000099900000000000000000000000000100000000000010000
122088930003002001050923174900000000000000000000000000000000000000000000000999000000000000000000000000000000
07208894000000200105092317510000000000000000100000000000000000
092088940001002001050923175100000000000002220000010000000399000000000000000000000000000000000000001500000000000010000000000
11208894000200200105092317510000050000010000000399000000039900000000000000000000000000039900000000000000
122088940003002001050923175102010000000000000000000000000000000000210000000399000000000000000000000000000000
102088940004002001050923175101000000000000002100000003990000000000000376000005
07208895000000200105092318010000000000000000100000000000000000
092088950001002001050923180100000000000001180002000000000100000000000000000000000000000000100000001000000000000020000000000
092088950002002001050923180100000000000001080003950000000355000000000000000000000000000000100000001000000000000020000000000
092088950003002001050923180100000000000001090000750000000045000000000000000000000000000000100000001500000000000020000000000
092088950004002001050923180100000000000001040002750000000110000000000000000000000000000000100000002000000000000020000000000
11208895000500200105092318010000050000040000000610000000061000000000000000000000000000500000000043900000
122088950006002001050923180100000000000000000000000000000000000000000000000610000000000000000000000000000000
07208896000000200105092318030000000000000000100000000000000000
092088960001002001050923180300000000000001070001440000000360000000000000000000000000000000100000005000000000000020000000000
11208896000200200105092318030000050000010000000360000000036000000000000000000000000000040000000000400000
122088960003002001050923180300000000000000000000000000000000000000000000000360000000000000000000000000000000
14208897000000200105092318140000010000000000
07208898000000200105092318310000000000000000100000000000000000
092088980001002001050923183100000000000003250000010000000150000000000000000000000000000000000000000790000000000040000000000
092088980002002001050923183100000000000001080002920000000263000000000000000000000000000000100000001000000000000020000000000
092088980003002001050923183100000000000001010012460000000435000000000000000000000000000000100000001400000000000020000000000
11208898000400200105092318310000050000030000000848000000084800000000000000000000000000084800000000000000
122088980005002001050923183103010000000000000000000000000000000000000000000848000000000000000000000000000000
07208899000000200105092318360000000000000000100000000000000000
092088990001002001050923183600000000000001280003700000000111000000000000000000000000000000100000000980000000000020000000000
092088990002002001050923183600000000000005380000010000000149000000000000000000000000000000000000000000000000000060000000000
092088990003002001050923183600000000000020700006580000000131000000000000000000000000000000100000000500000000000010000000000
092088990004002001050923183600000000000005020000050000000500I 0000000000000000000000000000000000000100000000000060000000000
11208899000500200105092318360000050000040000000891000000089100000000000000000000000000500000000041090000
122088990006002001050923183600000000000000000000000000000000000000000000000891000000000000000000000000000000
14208900000000200105092318380000010000000000
07208901000000200105092318390000000000000000100000000000000000
092089010001002001050923183900000000000003250000010000000150000000000000000000000000000000000000000790000000000040000000000
092089010002002001050923183900000000000001080002280000000205000000000000000000000000000000100000001000000000000020000000000
11208901000300200105092318390000050000020000000355000000035500000000000000000000000000100000000006450000
122089010004002001050923183900000000000000000000000000000000000000000000000355000000000000000000000000000000
07208902000000200105092318400000000000000000100000000000000000
092089020001002001050923184000000000000002110009000000000359000000000000000000000000000000100000000990000000000010000000000
11208902000200200105092318400000050000010000000359000000035900000000000000000000000000200000000016410000
122089020003002001050923184000000000000000000000000000000000000000000000000359000000000000000000000000000000
07208903000000200105092318420000000000000000100000000000000000
092089030001002001050923184200000000000001010006480000000226000000000000000000000000000000100000001400000000000020000000000
092089030002002001050923184200000000000003250000010000000150000000000000000000000000000000000000000790000000000040000000000
092089030003002001050923184200000000000001080002400000000216000000000000000000000000000000100000001000000000000020000000000
092089030004002001050923184200000000000001180002820000000141000000000000000000000000000000100000001000000000000020000000000
11208903000500200105092318420000050000040000000733000000073300000000000000000000000000073300000000000000
122089030006002001050923184203010000000000000000000000000000000000000000000733000000000000000000000000000000
14208904000000200105092318450000010000000000
07208905000000200105092318460000000000000000100000000000000000
092089050001002001050923184600000000000002140016640000000664000000000000000000000000000000100000001990000000000010000000000
092089050002002001050923184600000000000002190000010000000599000000000000000000000000000000000000002250000000000010000000000
11208905000300200105092318460000050000020000001263000000126300000000000000000000000000126300000000000000
122089050004002001050923184603050000000000000000000000000000000000000000001263000000000000000000000000000000
07208906000000200105092318510000000000000000100000000000000000
092089060001002001050923185100000000000001010008200000000286000000000000000000000000000000100000001400000000000020000000000
092089060002002001050923185100000000000002010007550000000226000000000000000000000000000000100000000990000000000010000000000
092089060003002001050923185100000000000001080002550000000229000000000000000000000000000000100000001000000000000020000000000
11208906000400200105092318510000050000030000000741000000074100000000000000000000000000074100000000000000
122089060005002001050923185103010000000000000000000000000000000000000000000741000000000000000000000000000000
07208907000000200105092318570000000000000000100000000000000000
092089070001002001050923185700000000000001160007220000000144000000000000000000000000000000100000000670000000000020000000000
092089070002002001050923185700000000000011000009160000000136000000000000000000000000000000100000000990000000000020000000000
11208907000300200105092318570000050000020000000280000000028000000000000000000000000000028000000000000000
122089070004002001050923185702010000000000000000000000000000000000210000000280000000000000000000000000000000
102089070005002001050923185701000000000000002100000002800000000000000377000005
07208908000000200105092318580000000000000000100000000000000000
092089080001002001050923185800000000000002280001820000000054000000000000000000000000000000100000001000000000000010000000000
11208908000200200105092318580000050000010000000054000000005400000000000000000000000000050000000004460000
122089080003002001050923185800000000000000000000000000000000000000000000000054000000000000000000000000000000
07208909000000200105092318590000000000000000100000000000000000
092089090001002001050923185900000000000005020000050000000500I 0000000000000000000000000000000000000100000000000060000000000
092089090002002001050923185900000000000002480014540000000435000000000000000000000000000000100000001000000000000010000000000
11208909000300200105092318590000050000020000000935000000093500000000000000000000000000100000000000650000
122089090004002001050923185900000000000000000000000000000000000000000000000935000000000000000000000000000000
07208910000000200105092319010000000000000000100000000000000000
092089100001002001050923190100000000000001090001100000000066000000000000000000000000000000100000001500000000000020000000000
11208910000200200105092319010000050000010000000066000000006600000000000000000000000000100000000009340000
122089100003002001050923190100000000000000000000000000000000000000000000000066000000000000000000000000000000
07208911000000200105092319030000000000000000100000000000000000
092089110001002001050923190300000000000001020006260000000156000000000000000000000000000000100000001200000000000020000000000
092089110002002001050923190300000000000003250000010000000150000000000000000000000000000000000000000790000000000040000000000
11208911000300200105092319030000050000020000000306000000030600000000000000000000000000030600000000000000
122089110004002001050923190300000000000000000000000000000000000000000000000306000000000000000000000000000000
07208912000000200105092319080000000000000000100000000000000000
092089120001002001050923190800000000000001020005340000000133000000000000000000000000000000100000001200000000000020000000000
11208912000200200105092319080000050000010000000133000000013300000000000000000000000000020000000000670000
122089120003002001050923190800000000000000000000000000000000000000000000000133000000000000000000000000000000
14208913000000200105092319110000010000000000
14208914000000200105092319110000010000000000
07208915000000200105092319130000000000000000100000000000000000
092089150001002001050923191300000000000002010018840000000563000000000000000000000000000000100000000990000000000010000000000
092089150002002001050923191300000000000020700007560000000150000000000000000000000000000000100000000500000000000010000000000
11208915000300200105092319130000050000020000000713000000071300000000000000000000000000500000000042870000
122089150004002001050923191300000000000000000000000000000000000000000000000713000000000000000000000000000000
07208916000000200105092319140000000000000000100000000000000000
092089160001002001050923191400000000000002200000010000000599000000000000000000000000000000000000000990000000000010000000000
11208916000200200105092319140000050000010000000599000000059900000000000000000000000000100000000004010000
122089160003002001050923191400000000000000000000000000000000000000000000000599000000000000000000000000000000
07208917000000200105092319230000000000000000100000000000000000
092089170001002001050923192300000000000002260002880000000144000000000000000000000000000000100000002000000000000010000000000
092089170002002001050923192300000000000002010007860000000235000000000000000000000000000000100000000990000000000010000000000
092089170003002001050923192300000000000002070009880000000592000000000000000000000000000000100000001990000000000010000000000
092089170004002001050923192300000000000002480007900000000236000000000000000000000000000000100000001000000000000010000000000
11208917000500200105092319230000050000040000001207000000120700000000000000000000000000120700000000000000
122089170006002001050923192303010000000000000000000000000000000000000000001207000000000000000000000000000000
07208918000000200105092319240000000000000000100000000000000000
092089180001002001050923192400000000000003190000010000000500000000000000000000000000000000000000002000000000000050000000000
11208918000200200105092319240000050000010000000500000000050000000000000000000000000000050000000000000000
122089180003002001050923192403010000000000000000000000000000000000000000000500000000000000000000000000000000
07208919000000200105092319290000000000000000100000000000000000
092089190001002001050923192900000000000002070008540000000512000000000000000000000000000000100000001990000000000010000000000
092089190002002001050923192900000000000002010010460000000313000000000000000000000000000000100000000990000000000010000000000
092089190003002001050923192900000000000002480005200000000155000000000000000000000000000000100000001000000000000010000000000
11208919000400200105092319290000050000030000000980000000098000000000000000000000000000100000000000200000
122089190005002001050923192900000000000000000000000000000000000000000000000980000000000000000000000000000000
07208920000000200105092319430000000000000000100000000000000000
092089200001002001050923194300000000000003190000010000000500000000000000000000000000000000000000002000000000000050000000000
11208920000200200105092319430000050000010000000500000000050000000000000000000000000000050000000000000000
122089200003002001050923194300000000000000000000000000000000000000000000000500000000000000000000000000000000
07208921000000200105092319440000000000000000100000000000000000
092089210001002001050923194400000000000003250000010000000150000000000000000000000000000000000000000790000000000040000000000
092089210002002001050923194400000000000005020000010000000100I 0000000000000000000000000000000000000100000000000060000000000
11208921000300200105092319440000050000020000000250000000025000000000000000000000000000040000000001500000
122089210004002001050923194400000000000000000000000000000000000000000000000250000000000000000000000000000000
07208922000000200105092319460000000000000000100000000000000000
092089220001002001050923194600000000000002290000010000000299000000000000000000000000000000000000002500000000000010000000000
11208922000200200105092319460000050000010000000299000000029900000000000000000000000000029900000000000000
122089220003002001050923194600000000000000000000000000000000000000000000000299000000000000000000000000000000
07208923000000200105092319590000000000000000100000000000000000
092089230001002001050923195900000000000003200000010000002299000000000000000000000000000000000000000000000000000050000000000
092089230002002001050923195900000000000001090001200000000072000000000000000000000000000000100000001500000000000020000000000
17208923000300200105092319590000000000000500
092089230004002001050923195900000000000005020000010000000100I 0000000000000000000000000000000000000100000000000060000000000
092089230005002001050923195900000000000005480000010000000250I 0300000000000000000000000000000000000000000000000030000000000
11208923000600200105092319590000050000040000002721000000272100000000000000000000000000272100000000000000
122089230007002001050923195903010000000000000000000000000000000000000000002721000000000000000000000000000000
07208924000000200105092320050000000000000000100000000000000000
092089240001002001050923200500000000000003250000010000000150000000000000000000000000000000000000000790000000000040000000000
092089240002002001050923200500000000000002130020150000000602000000000000000000000000000000100000001400000000000010000000000
11208924000300200105092320050000050000020000000752000000075200000000000000000000000000200000000012480000
122089240004002001050923200500000000000000000000000000000000000000000000000752000000000000000000000000000000
07208925000000200105092320200000000000000000100000000000000000
092089250001002001050923202000000000000005480000010000000250I 0300000000000000000000000000000000000000000000000030000000000
11208925000200200105092320200000050000010000000250000000025000000000000000000000000000025000000000000000
122089250003002001050923202002010000000000000000000000000000000000210000000250000000000000000000000000000000
102089250004002001050923202001000000000000002100000002500000000000000378000005
07208926000000200105092320210000000000000000100000000000000000
092089260001002001050923202100000000000001020009420000000235000000000000000000000000000000100000001200000000000020000000000
092089260002002001050923202100000000000001050001060000000032000000000000000000000000000000100000002000000000000020000000000
11208926000300200105092320210000050000020000000267000000026700000000000000000000000000026700000000000000
122089260004002001050923202103010000000000000000000000000000000000000000000267000000000000000000000000000000
07208927000000200105092320240000000000000000100000000000000000
092089270001002001050923202400000000000002220000010000000399000000000000000000000000000000000000001500000000000010000000000
11208927000200200105092320240000050000010000000399000000039900000000000000000000000000039900000000000000
122089270003002001050923202403050000000000000000000000000000000000000000000399000000000000000000000000000000
07208928000000200105092320270000000000000000100000000000000000
092089280001002001050923202700000000000002480015840000000474000000000000000000000000000000100000001000000000000010000000000
092089280002002001050923202700000000000001020009680000000241000000000000000000000000000000100000001200000000000020000000000
092089280003002001050923202700000000000020700014420000000287000000000000000000000000000000100000000500000000000010000000000
11208928000400200105092320270000050000030000001002000000100200000000000000000000000000100200000000000000
122089280005002001050923202700000000000000000000000000000000000000000000001002000000000000000000000000000000
07208929000000200105092320290000000000000000100000000000000000
092089290001002001050923202900000000000002010005000000000150000000000000000000000000000000100000000990000000000010000000000
11208929000200200105092320290000050000010000000150000000015000000000000000000000000000015000000000000000
122089290003002001050923202900000000000000000000000000000000000000000000000150000000000000000000000000000000
07208930000000200105092320310000000000000000100000000000000000
092089300001002001050923203100000000000002110009540000000381000000000000000000000000000000100000000990000000000010000000000
092089300002002001050923203100000000000002140007240000000289000000000000000000000000000000100000001990000000000010000000000
092089300003002001050923203100000000000002080012440000000870000000000000000000000000000000100000000500000000000010000000000
11208930000400200105092320310000050000030000001540000000154000000000000000000000000000200000000004600000
122089300005002001050923203100000000000000000000000000000000000000000000001540000000000000000000000000000000
07208931000000200105092320310000000000000000100000000000000000
092089310001002001050923203100000000000005480000010000000250I 0300000000000000000000000000000000000000000000000030000000000
11208931000200200105092320310000050000010000000250000000025000000000000000000000000000025000000000000000
122089310003002001050923203100000000000000000000000000000000000000000000000250000000000000000000000000000000
07208932000000200105092320400000000000000000100000000000000000
092089320001002001050923204000000000000001070002040000000510000000000000000000000000000000100000005000000000000020000000000
11208932000200200105092320400000050000010000000510000000051000000000000000000000000000060000000000900000
122089320003002001050923204000000000000000000000000000000000000000000000000510000000000000000000000000000000
14208933000000200105092320420000010000000000
07208934000000200105092320510000000000000000100000000000000000
092089340001002001050923205100000000000003010000010000000999000000000000000000000000000000000000006000000000000050000000000
092089340002002001050923205100000000000001010008240000000288000000000000000000000000000000100000001400000000000020000000000
092089340003002001050923205100000000000003250000010000000150000000000000000000000000000000000000000790000000000040000000000
092089340004002001050923205100000000000001170003540000000141000000000000000000000000000000100000002490000000000020000000000
092089340005002001050923205100000000000001080004140000000372000000000000000000000000000000100000001000000000000020000000000
11208934000600200105092320510000050000050000001950000000195000000000000000000000000000195000000000000000
122089340007002001050923205103010000000000000000000000000000000000000000001950000000000000000000000000000000
07208935000000200105092320510000000000000000100000000000000000
092089350001002001050923205100000000000005020000080000000800I 0000000000000000000000000000000000000100000000000060000000000
11208935000200200105092320510000050000010000000800000000080000000000000000000000000000100000000002000000
122089350003002001050923205100000000000000000000000000000000000000000000000800000000000000000000000000000000
07208936000000200105092321020000000000000000100000000000000000
092089360001002001050923210200000000000003200000010000002299000000000000000000000000000000000000000000000000000050000000000
092089360002002001050923210200000000000005080000010000002399I 0100000000000000000000000000000000015000000000000070000000000
092089360003002001050923210200000000000002190000010000000599000000000000000000000000000000000000002250000000000010000000000
092089360004002001050923210200000000000001070001640000000410000000000000000000000000000000100000005000000000000020000000000
092089360005002001050923210200000000000001130010320000000412000000000000000000000000000000100000001500000000000020000000000
092089360006002001050923210200000000000001010018100000000632000000000000000000000000000000100000001400000000000020000000000
092089360007002001050923210200000000000002270003320000000398000000000000000000000000000000100000003990000000000010000000000
092089360008002001050923210200000000000002160000010000000699000000000000000000000000000000000000005710000000000010000000000
092089360009002001050923210200000000000001220002740000000082000000000000000000000000000000100000001500000000000020000000000
11208936001000200105092321020000050000090000007930000000793000000000000000000000000000793000000000000000
122089360011002001050923210202010000000000000000000000000000000000140000007930000000000000000000000000000000
102089360012002001050923210201000000000000001400000079300000000000000014000005
0420893700000020010509232102000001208778208937000002225507280000022271307305092300001477420000000000000000000000000101940001000000000000000000000000000000000000000000000000000000000000000000000000000000001234567890AB        
