01212255000000200129092307070000010000000100000002258679161.82G5E   1234567890AB        Generica            
02212255000100200129092307070000010000090000000000
07212256000000200129092307140000000000000000100000000000000000
092122560001002001290923071400000000000003250000010000000150000000000000000000000000000000000000000790000000000040000000000
092122560002002001290923071400000000000003250000110000001650000000000000000000000000000000000000000790000000000040000000000
092122560003002001290923071400000000000001250009960000000397I 0000000000000000000000000000100000000530000000000020000000000
092122560004002001290923071400000000000001060006460000000258000000000000000000000000000000100000001500000000000020000000000
092122560005002001290923071400000000000001110005940000000178000000000000000000000000000000100000001990000000000020000000000
092122560006002001290923071400000000000001020020800000000518000000000000000000000000000000100000001200000000000020000000000
092122560007002001290923071400000000000001070003900000000975000000000000000000000000000000100000005000000000000020000000000
092122560008002001290923071400000000000001290007580000000227000000000000000000000000000000100000000250000000000020000000000
11212256000900200129092307140000090000080000004353000000435300000000000000000000000000435300000000000000
122122560010002001290923071403010000000000000000000000000000000000000000004353000000000000000000000000000000
07212257000000200129092307170000000000000000100000000000000000
092122570001002001290923071700000000000002150000010000000299000000000000000000000000000000000000000500000000000010000000000
092122570002002001290923071700000000000002150000010000000299000000000000000000000000000000000000000500000000000010000000000
092122570003002001290923071700000000000002150000010000000299000000000000000000000000000000000000000500000000000010000000000
092122570004002001290923071700000000000003010000010000000999000000000000000000000000000000000000006000000000000050000000000
11212257000500200129092307170000090000040000001896000000189600000000000000000000000000189600000000000000
122122570006002001290923071700000000000000000000000000000000000000000000001896000000000000000000000000000000
07212258000000200129092307190000000000000000100000000000000000
092122580001002001290923071900000000000003250000050000000750000000000000000000000000000000000000000790000000000040000000000
11212258000200200129092307190000090000010000000750000000075000000000000000000000000000075000000000000000
122122580003002001290923071900000000000000000000000000000000000000000000000750000000000000000000000000000000
07212259000000200129092307560000000000000000100000000000000000
092122590001002001290923075600000000000001180008320000000498000000000000000000000000000000100000001000000000000020000000000
11212259000200200129092307560000090000010000000498000000049800000000000000000000000000049800000000000000
122122590003002001290923075600000000000000000000000000000000000000000000000498000000000000000000000000000000
07212260000000200129092307570000000000000000100000000000000000
092122600001002001290923075700000000000002070011580000000694000000000000000000000000000000100000001990000000000010000000000
092122600002002001290923075700000000000002150000020000000598000000000000000000000000000000000000000500000000000010000000000
11212260000300200129092307570000090000020000001292000000129200000000000000000000000000129200000000000000
122122600004002001290923075703060000000000000000000000000000000000000000001292000000000000000000000000000000
07212261000000200129092307580000000000000000100000000000000000
092122610001002001290923075800000000000003250000010000000150000000000000000000000000000000000000000790000000000040000000000
092122610002002001290923075800000000000005020000040000000400I 0000000000000000000000000000000000000100000000000060000000000
11212261000300200129092307580000090000020000000550000000055000000000000000000000000000055000000000000000
122122610004002001290923075800000000000000000000000000000000000000000000000550000000000000000000000000000000
07212262000000200129092308130000000000000000100000000000000000
092122620001002001290923081300000000000001020023680000000590000000000000000000000000000000100000001200000000000020000000000
092122620002002001290923081300000000000001050008380000000251000000000000000000000000000000100000000500000000000020000000000
092122620003002001290923081300000000000001290014060000000420000000000000000000000000000000100000000250000000000020000000000
11212262000400200129092308130000090000030000001261000000126100000000000000000000000000126100000000000000
122122620005002001290923081303110000000000000000000000000000000000000000001261000000000000000000000000000000
07212263000000200129092308200000000000000000100000000000000000
092122630001002001290923082000000000000001050007760000000232000000000000000000000000000000100000000500000000000020000000000
092122630002002001290923082000000000000001060001640000000065000000000000000000000000000000100000001500000000000020000000000
092122630003002001290923082000000000000005020000010000000100I 0000000000000000000000000000000000000100000000000060000000000
092122630004002001290923082000000000000002040001300000000104000000000000000000000000000000100000000500000000000010000000000
092122630005002001290923082000000000000003250000010000000150000000000000000000000000000000000000000790000000000040000000000
17212263000600200129092308200000000000000350
092122630007002001290923082000000000000003190000010000000500000000000000000000000000000000000000002000000000000050000000000
11212263000800200129092308200000090000060000001151000000115100000000000000000000000000115100000000000000
122122630009002001290923082003010000000000000000000000000000000000000000001151000000000000000000000000000000
07212264000000200129092308210000000000000000100000000000000000
092122640001002001290923082100000000000001160011720000000350000000000000000000000000000000100000000670000000000020000000000
092122640002002001290923082100000000000002260023240000001857000000000000000000000000000000100000002000000000000010000000000
092122640003002001290923082100000000000005020000140000001400I 0000000000000000000000000000000000000100000000000060000000000
092122640004002001290923082100000000000002290000020000001198000000000000000000000000000000000000002500000000000010000000000
092122640005002001290923082100000000000001050001760000000053000000000000000000000000000000100000000500000000000020000000000
092122640006002001290923082100000000000001250006940000000277I 0000000000000000000000000000100000000530000000000020000000000
092122640007002001290923082100000000000002070010580000000634000000000000000000000000000000100000001990000000000010000000000
11212264000800200129092308210000090000070000005769000000576900000000000000000000000000576900000000000000
122122640009002001290923082103010000000000000000000000000000000000000000005769000000000000000000000000000000
07212265000000200129092308220000000000000000100000000000000000
092122650001002001290923082200000000000002040006020000000481000000000000000000000000000000100000000500000000000010000000000
11212265000200200129092308220000090000010000000481000000048100000000000000000000000000048100000000000000
122122650003002001290923082200000000000000000000000000000000000000000000000481000000000000000000000000000000
07212266000000200129092308220000000000000000100000000000000000
092122660001002001290923082200000000000002070012320000000738000000000000000000000000000000100000001990000000000010000000000
092122660002002001290923082200000000000002090006100000000792000000000000000000000000000000100000004720000000000010000000000
11212266000300200129092308220000090000020000001530000000153000000000000000000000000000153000000000000000
122122660004002001290923082200000000000000000000000000000000000000000000001530000000000000000000000000000000
07212267000000200129092308240000000000000000100000000000000000
092122670001002001290923082400000000000002050027800000002221000000000000000000000000000000100000000890000000000010000000000
092122670002002001290923082400000000000002090006100000000792000000000000000000000000000000100000004720000000000010000000000
092122670003002001290923082400000000000002070012320000000738000000000000000000000000000000100000001990000000000010000000000
092122670004002001290923082400000000000002030014660000001171000000000000000000000000000000100000002990000000000010000000000
092122670005002001290923082400000000000005020000050000000500I 0000000000000000000000000000000000000100000000000060000000000
092122670006002001290923082400000000000002140017340000000692000000000000000000000000000000100000001990000000000010000000000
11212267000700200129092308240000090000060000006114000000611400000000000000000000000001000000000038860000
122122670008002001290923082400000000000000000000000000000000000000000000006114000000000000000000000000000000
07212268000000200129092308260000000000000000100000000000000000
092122680001002001290923082600000000000001090001460000000102000000000000000000000000000000100000001500000000000020000000000
092122680002002001290923082600000000000001180001520000000091000000000000000000000000000000100000001000000000000020000000000
092122680003002001290923082600000000000001290028480000000852000000000000000000000000000000100000000250000000000020000000000
092122680004002001290923082600000000000001050013560000000405000000000000000000000000000000100000000500000000000020000000000
092122680005002001290923082600000000000003250000010000000150000000000000000000000000000000000000000790000000000040000000000
11212268000600200129092308260000090000050000001600000000160000000000000000000000000000160000000000000000
122122680007002001290923082603010000000000000000000000000000000000000000001600000000000000000000000000000000
07212269000000200129092308280000000000000000100000000000000000
092122690001002001290923082800000000000001290007320000000219000000000000000000000000000000100000000250000000000020000000000
092122690002002001290923082800000000000001230000940000000085000000000000000000000000000000100000008750000000000020000000000
11212269000300200129092308280000090000020000000304000000030400000000000000000000000000030400000000000000
122122690004002001290923082800000000000000000000000000000000000000000000000304000000000000000000000000000000
07212270000000200129092308350000000000000000100000000000000000
092122700001002001290923083500000000000005020000060000000600I 0000000000000000000000000000000000000100000000000060000000000
092122700002002001290923083500000000000005020000010000000100I 0000000000000000000000000000000000000100000000000060000000000
092122700003002001290923083500000000000005080000010000002399I 0100000000000000000000000000000000015000000000000070000000000
092122700004002001290923083500000000000005480000020000000500I 0300000000000000000000000000000000000000000000000030000000000
092122700005002001290923083500000000000002220000010000000399000000000000000000000000000000000000001500000000000010000000000
11212270000600200129092308350000090000050000003998000000399800000000000000000000000000399800000000000000
122122700007002001290923083502010000000000000000000000000000000000080000003998000000000000000000000000000000
102122700008002001290923083501000000000000000800000039980000000000000471000009
07212271000000200129092308390000000000000000100000000000000000
092122710001002001290923083900000000000003200000010000002299000000000000000000000000000000000000000000000000000050000000000
17212271000200200129092308390000000000000100
092122710003002001290923083900000000000002010019780000000789000000000000000000000000000000100000000990000000000010000000000
11212271000400200129092308390000090000020000003088000000308800000000000000000000000000308800000000000000
122122710005002001290923083903050000000000000000000000000000000000000000003088000000000000000000000000000000
07212272000000200129092308400000000000000000100000000000000000
092122720001002001290923084000000000000002040000700000000056000000000000000000000000000000100000000500000000000010000000000
11212272000200200129092308400000090000010000000056000000005600000000000000000000000000005600000000000000
122122720003002001290923084000000000000000000000000000000000000000000000000056000000000000000000000000000000
07212273000000200129092308420000000000000000100000000000000000
092122730001002001290923084200000000000005020000010000000100I 0000000000000000000000000000000000000100000000000060000000000
092122730002002001290923084200000000000001290006640000000199000000000000000000000000000000100000000250000000000020000000000
11212273000300200129092308420000090000020000000299000000029900000000000000000000000000029900000000000000
122122730004002001290923084200000000000000000000000000000000000000000000000299000000000000000000000000000000
14212274000000200129092308480000010000000000
07212275000000200129092308490000000000000000100000000000000000
092122750001002001290923084900000000000001290010780000000322000000000000000000000000000000100000000250000000000020000000000
11212275000200200129092308490000090000010000000322000000032200000000000000000000000000032200000000000000
122122750003002001290923084900000000000000000000000000000000000000000000000322000000000000000000000000000000
07212276000000200129092308520000000000000000100000000000000000
092122760001002001290923085200000000000001080003840000000384000000000000000000000000000000100000001000000000000020000000000
092122760002002001290923085200000000000001090001840000000129000000000000000000000000000000100000001500000000000020000000000
11212276000300200129092308520000090000020000000513000000051300000000000000000000000000051300000000000000
122122760004002001290923085200000000000000000000000000000000000000000000000513000000000000000000000000000000
07212277000000200129092308550000000000000000100000000000000000
092122770001002001290923085500000000000001010026440000001055000000000000000000000000000000100000001400000000000020000000000
11212277000200200129092308550000090000010000001055000000105500000000000000000000000000105500000000000000
122122770003002001290923085503010000000000000000000000000000000000000000001055000000000000000000000000000000
07212278000000200129092309010000000000000000100000000000000000
092122780001002001290923090100000000000005480000010000000250I 0300000000000000000000000000000000000000000000000030000000000
11212278000200200129092309010000090000010000000250000000025000000000000000000000000000025000000000000000
122122780003002001290923090102010000000000000000000000000000000000220000000250000000000000000000000000000000
102122780004002001290923090101000000000000002200000002500000000000001622000009
07212279000000200129092309040000000000000000100000000000000000
092122790001002001290923090400000000000001290012240000000366000000000000000000000000000000100000000250000000000020000000000
11212279000200200129092309040000090000010000000366000000036600000000000000000000000000036600000000000000
122122790003002001290923090403060000000000000000000000000000000000000000000366000000000000000000000000000000
07212280000000200129092309070000000000000000100000000000000000
092122800001002001290923090700000000000001290001600000000048000000000000000000000000000000100000000250000000000020000000000
092122800002002001290923090700000000000001050000660000000020000000000000000000000000000000100000000500000000000020000000000
11212280000300200129092309070000090000020000000068000000006800000000000000000000000000006800000000000000
122122800004002001290923090700000000000000000000000000000000000000000000000068000000000000000000000000000000
07212281000000200129092309120000000000000000100000000000000000
092122810001002001290923091200000000000002070005960000000357000000000000000000000000000000100000001990000000000010000000000
092122810002002001290923091200000000000003010000010000000999000000000000000000000000000000000000006000000000000050000000000
092122810003002001290923091200000000000001180002560000000153000000000000000000000000000000100000001000000000000020000000000
092122810004002001290923091200000000000005480000020000000500I 0300000000000000000000000000000000000000000000000030000000000
092122810005002001290923091200000000000001020006420000000160000000000000000000000000000000100000001200000000000020000000000
092122810006002001290923091200000000000001130007600000000303000000000000000000000000000000100000001500000000000020000000000
092122810007002001290923091200000000000002050005500000000439000000000000000000000000000000100000000890000000000010000000000
11212281000800200129092309120000090000070000002911000000291100000000000000000000000000500000000020890000
122122810009002001290923091200000000000000000000000000000000000000000000002911000000000000000000000000000000
07212282000000200129092309120000000000000000100000000000000000
092122820001002001290923091200000000000001050004880000000146000000000000000000000000000000100000000500000000000020000000000
11212282000200200129092309120000090000010000000146000000014600000000000000000000000000014600000000000000
122122820003002001290923091200000000000000000000000000000000000000000000000146000000000000000000000000000000
07212283000000200129092309140000000000000000100000000000000000
092122830001002001290923091400000000000003250000010000000150000000000000000000000000000000000000000790000000000040000000000
11212283000200200129092309140000090000010000000150000000015000000000000000000000000000015000000000000000
122122830003002001290923091403010000000000000000000000000000000000000000000150000000000000000000000000000000
07212284000000200129092309170000000000000000100000000000000000
092122840001002001290923091700000000000001290003680000000110000000000000000000000000000000100000000250000000000020000000000
092122840002002001290923091700000000000001150003820000000382000000000000000000000000000000100000001000000000000020000000000
092122840003002001290923091700000000000001180004040000000242000000000000000000000000000000100000001000000000000020000000000
092122840004002001290923091700000000000001140005860000000527000000000000000000000000000000100000000500000000000020000000000
11212284000500200129092309170000090000040000001261000000126100000000000000000000000000200000000007390000
122122840006002001290923091700000000000000000000000000000000000000000000001261000000000000000000000000000000
14212285000000200129092309230000010000003018
07212286000000200129092309260000000000000000100000000000000000
092122860001002001290923092600000000000001260008040000000321000000000000000000000000000000100000000500000000000020000000000
092122860002002001290923092600000000000001290010420000000312000000000000000000000000000000100000000250000000000020000000000
11212286000300200129092309260000090000020000000633000000063300000000000000000000000000063300000000000000
122122860004002001290923092603050000000000000000000000000000000000000000000633000000000000000000000000000000
07212287000000200129092309350000000000000000100000000000000000
092122870001002001290923093500000000000002050004180000000334000000000000000000000000000000100000000890000000000010000000000
11212287000200200129092309350000090000010000000334000000033400000000000000000000000000033400000000000000
122122870003002001290923093500000000000000000000000000000000000000000000000334000000000000000000000000000000
07212288000000200129092309390000000000000000100000000000000000
092122880001002001290923093900000000000002080012940000000775000000000000000000000000000000100000000500000000000010000000000
11212288000200200129092309390000090000010000000775000000077500000000000000000000000000200000000012250000
122122880003002001290923093900000000000000000000000000000000000000000000000775000000000000000000000000000000
07212289000000200129092309420000000000000000100000000000000000
092122890001002001290923094200000000000002030019200000001534000000000000000000000000000000100000002990000000000010000000000
092122890002002001290923094200000000000003250000010000000150000000000000000000000000000000000000000790000000000040000000000
092122890003002001290923094200000000000001290011880000000355000000000000000000000000000000100000000250000000000020000000000
11212289000400200129092309420000090000030000002039000000203900000000000000000000000000203900000000000000
122122890005002001290923094203010000000000000000000000000000000000000000002039000000000000000000000000000000
07212290000000200129092309500000000000000000100000000000000000
092122900001002001290923095000000000000005080000010000002399I 0100000000000000000000000000000000015000000000000070000000000
11212290000200200129092309500000090000010000002399000000239900000000000000000000000000239900000000000000
122122900003002001290923095003060000000000000000000000000000000000000000002399000000000000000000000000000000
07212291000000200129092309520000000000000000100000000000000000
092122910001002001290923095200000000000001290001980000000059000000000000000000000000000000100000000250000000000020000000000
092122910002002001290923095200000000000001180001120000000067000000000000000000000000000000100000001000000000000020000000000
092122910003002001290923095200000000000003190000010000000500000000000000000000000000000000000000002000000000000050000000000
092122910004002001290923095200000000000002480001900000000076000000000000000000000000000000100000001000000000000010000000000
11212291000500200129092309520000090000040000000702000000070200000000000000000000000000070200000000000000
122122910006002001290923095203060000000000000000000000000000000000000000000702000000000000000000000000000000
07212292000000200129092309530000000000000000100000000000000000
092122920001002001290923095300000000000001290006720000000201000000000000000000000000000000100000000250000000000020000000000
092122920002002001290923095300000000000002070009680000000580000000000000000000000000000000100000001990000000000010000000000
092122920003002001290923095300000000000002130015140000000604000000000000000000000000000000100000001400000000000010000000000
11212292000400200129092309530000090000030000001385000000138500000000000000000000000000500000000036150000
122122920005002001290923095300000000000000000000000000000000000000000000001385000000000000000000000000000000
07212293000000200129092309580000000000000000100000000000000000
17212293000100200129092309580000000000000345
092122930002002001290923095800000000000001260006600000000263000000000000000000000000000000100000000500000000000020000000000
092122930003002001290923095800000000000001120005400000000323000000000000000000000000000000100000001000000000000020000000000
092122930004002001290923095800000000000002050008260000000660000000000000000000000000000000100000000890000000000010000000000
092122930005002001290923095800000000000005020000020000000200I 0000000000000000000000000000000000000100000000000060000000000
092122930006002001290923095800000000000002080012980000000778000000000000000000000000000000100000000500000000000010000000000
092122930007002001290923095800000000000001140003760000000338000000000000000000000000000000100000000500000000000020000000000
092122930008002001290923095800000000000001110004540000000136000000000000000000000000000000100000001990000000000020000000000
092122930009002001290923095800000000000001080010260000001025000000000000000000000000000000100000001000000000000020000000000
092122930010002001290923095800000000000002090002920000000379000000000000000000000000000000100000004720000000000010000000000
092122930011002001290923095800000000000001220014500000000434000000000000000000000000000000100000001500000000000020000000000
11212293001200200129092309580000090000100000004536000000453600000000000000000000000000453600000000000000
122122930013002001290923095802010000000000000000000000000000000000100000004536000000000000000000000000000000
102122930014002001290923095801000000000000001000000045360000000000000051000009
07212294000000200129092309590000000000000000100000000000000000
092122940001002001290923095900000000000001290017180000000514000000000000000000000000000000100000000250000000000020000000000
092122940002002001290923095900000000000005020000200000002000I 0000000000000000000000000000000000000100000000000060000000000
11212294000300200129092309590000090000020000002514000000251400000000000000000000000000500000000024860000
122122940004002001290923095900000000000000000000000000000000000000000000002514000000000000000000000000000000
07212295000000200129092310020000000000000000100000000000000000
092122950001002001290923100200000000000001290009540000000285000000000000000000000000000000100000000250000000000020000000000
11212295000200200129092310020000090000010000000285000000028500000000000000000000000000028500000000000000
122122950003002001290923100200000000000000000000000000000000000000000000000285000000000000000000000000000000
07212296000000200129092310140000000000000000100000000000000000
092122960001002001290923101400000000000005020000010000000100I 0000000000000000000000000000000000000100000000000060000000000
092122960002002001290923101400000000000003250000020000000300000000000000000000000000000000000000000790000000000040000000000
092122960003002001290923101400000000000001290016680000000499000000000000000000000000000000100000000250000000000020000000000
11212296000400200129092310140000090000030000000899000000089900000000000000000000000000089900000000000000
122122960005002001290923101403060000000000000000000000000000000000000000000899000000000000000000000000000000
07212297000000200129092310160000000000000000100000000000000000
092122970001002001290923101600000000000002220000020000000798000000000000000000000000000000000000001500000000000010000000000
092122970002002001290923101600000000000001290006360000000190000000000000000000000000000000100000000250000000000020000000000
092122970003002001290923101600000000000001130002380000000095000000000000000000000000000000100000001500000000000020000000000
11212297000400200129092310160000090000030000001083000000108300000000000000000000000000108300000000000000
122122970005002001290923101600000000000000000000000000000000000000000000001083000000000000000000000000000000
07212298000000200129092310190000000000000000100000000000000000
092122980001002001290923101900000000000002260004340000000347000000000000000000000000000000100000002000000000000010000000000
092122980002002001290923101900000000000001220004600000000138000000000000000000000000000000100000001500000000000020000000000
092122980003002001290923101900000000000001100003140000000125000000000000000000000000000000100000000500000000000020000000000
092122980004002001290923101900000000000001120003360000000201000000000000000000000000000000100000001000000000000020000000000
11212298000500200129092310190000090000040000000811000000081100000000000000000000000000081100000000000000
122122980006002001290923101904000000000000000000000000000000000000000000000811000000000000000000000000000000
07212299000000200129092310220000000000000000100000000000000000
092122990001002001290923102200000000000001120007360000000441000000000000000000000000000000100000001000000000000020000000000
092122990002002001290923102200000000000001070001980000000495000000000000000000000000000000100000005000000000000020000000000
092122990003002001290923102200000000000002250007240000000723000000000000000000000000000000100000002670000000000010000000000
092122990004002001290923102200000000000002070012660000000758000000000000000000000000000000100000001990000000000010000000000
092122990005002001290923102200000000000002080020360000001220000000000000000000000000000000100000000500000000000010000000000
11212299000600200129092310220000090000050000003637000000363700000000000000000000000000500000000013630000
122122990007002001290923102200000000000000000000000000000000000000000000003637000000000000000000000000000000
07212300000000200129092310230000000000000000100000000000000000
092123000001002001290923102300000000000001070000640000000160000000000000000000000000000000100000005000000000000020000000000
092123000002002001290923102300000000000003190000010000000500000000000000000000000000000000000000002000000000000050000000000
11212300000300200129092310230000090000020000000660000000066000000000000000000000000000066000000000000000
122123000004002001290923102300000000000000000000000000000000000000000000000660000000000000000000000000000000
07212301000000200129092310310000000000000000100000000000000000
092123010001002001290923103100000000000002230009600000001439000000000000000000000000000000100000004980000000000010000000000
092123010002002001290923103100000000000002120015300000000763000000000000000000000000000000100000002250000000000010000000000
092123010003002001290923103100000000000005020000150000001500I 0000000000000000000000000000000000000100000000000060000000000
092123010004002001290923103100000000000002480017700000000706000000000000000000000000000000100000001000000000000010000000000
092123010005002001290923103100000000000002270005380000000699000000000000000000000000000000100000003990000000000010000000000
092123010006002001290923103100000000000002250009520000000951000000000000000000000000000000100000002670000000000010000000000
092123010007002001290923103100000000000002020014080000000843000000000000000000000000000000100000001990000000000010000000000
092123010008002001290923103100000000000002170000010000000999000000000000000000000000000000000000006500000000000010000000000
092123010009002001290923103100000000000002070010240000000613000000000000000000000000000000100000001990000000000010000000000
092123010010002001290923103100000000000002070025640000001536000000000000000000000000000000100000001990000000000010000000000
11212301001100200129092310310000090000100000010049000001004900000000000000000000000001004900000000000000
122123010012002001290923103103100000000000000000000000000000000000000000010049000000000000000000000000000000
07212302000000200129092310340000000000000000100000000000000000
092123020001002001290923103400000000000002070011780000000706000000000000000000000000000000100000001990000000000010000000000
092123020002002001290923103400000000000002090007580000000985000000000000000000000000000000100000004720000000000010000000000
092123020003002001290923103400000000000002150000010000000299000000000000000000000000000000000000000500000000000010000000000
092123020004002001290923103400000000000005020000030000000300I 0000000000000000000000000000000000000100000000000060000000000
092123020005002001290923103400000000000003250000010000000150000000000000000000000000000000000000000790000000000040000000000
092123020006002001290923103400000000000005020000010000000100I 0000000000000000000000000000000000000100000000000060000000000
11212302000700200129092310340000090000060000002540000000254000000000000000000000000000254000000000000000
122123020008002001290923103403050000000000000000000000000000000000000000002540000000000000000000000000000000
07212303000000200129092310390000000000000000100000000000000000
092123030001002001290923103900000000000003010000010000000999000000000000000000000000000000000000006000000000000050000000000
092123030002002001290923103900000000000003250000010000000150000000000000000000000000000000000000000790000000000040000000000
092123030003002001290923103900000000000001290003460000000103000000000000000000000000000000100000000250000000000020000000000
11212303000400200129092310390000090000030000001252000000125200000000000000000000000000125200000000000000
122123030005002001290923103903010000000000000000000000000000000000000000001252000000000000000000000000000000
07212304000000200129092310450000000000000000100000000000000000
092123040001002001290923104500000000000001130019740000000788000000000000000000000000000000100000001500000000000020000000000
092123040002002001290923104500000000000002260021900000001750000000000000000000000000000000100000002000000000000010000000000
092123040003002001290923104500000000000002010026940000001075000000000000000000000000000000100000000990000000000010000000000
092123040004002001290923104500000000000002130018320000000731000000000000000000000000000000100000001400000000000010000000000
092123040005002001290923104500000000000002070012760000000764000000000000000000000000000000100000001990000000000010000000000
11212304000600200129092310450000090000050000005108000000510800000000000000000000000000510800000000000000
122123040007002001290923104503050000000000000000000000000000000000000000005108000000000000000000000000000000
07212305000000200129092310490000000000000000100000000000000000
092123050001002001290923104900000000000002070012160000000728000000000000000000000000000000100000001990000000000010000000000
092123050002002001290923104900000000000001170004000000000200000000000000000000000000000000100000001000000000000020000000000
092123050003002001290923104900000000000002030008920000000713000000000000000000000000000000100000002990000000000010000000000
092123050004002001290923104900000000000001290010620000000318000000000000000000000000000000100000000250000000000020000000000
11212305000500200129092310490000090000040000001959000000195900000000000000000000000000195900000000000000
122123050006002001290923104903010000000000000000000000000000000000000000001959000000000000000000000000000000
07212306000000200129092310510000000000000000100000000000000000
092123060001002001290923105100000000000002130028180000001124000000000000000000000000000000100000001400000000000010000000000
092123060002002001290923105100000000000005020000010000000100I 0000000000000000000000000000000000000100000000000060000000000
11212306000300200129092310510000090000020000001224000000122400000000000000000000000000122400000000000000
122123060004002001290923105103010000000000000000000000000000000000000000001224000000000000000000000000000000
07212307000000200129092310550000000000000000100000000000000000
092123070001002001290923105500000000000001290018900000000565000000000000000000000000000000100000000250000000000020000000000
11212307000200200129092310550000090000010000000565000000056500000000000000000000000000056500000000000000
122123070003002001290923105500000000000000000000000000000000000000000000000565000000000000000000000000000000
07212308000000200129092310560000000000000000100000000000000000
092123080001002001290923105600000000000001020013220000000329000000000000000000000000000000100000001200000000000020000000000
11212308000200200129092310560000090000010000000329000000032900000000000000000000000000032900000000000000
122123080003002001290923105600000000000000000000000000000000000000000000000329000000000000000000000000000000
07212309000000200129092310570000000000000000100000000000000000
092123090001002001290923105700000000000001290007780000000233000000000000000000000000000000100000000250000000000020000000000
092123090002002001290923105700000000000001080016500000001648000000000000000000000000000000100000001000000000000020000000000
11212309000300200129092310570000090000020000001881000000188100000000000000000000000000188100000000000000
122123090004002001290923105703060000000000000000000000000000000000000000001881000000000000000000000000000000
07212310000000200129092310590000000000000000100000000000000000
092123100001002001290923105900000000000001290014120000000422000000000000000000000000000000100000000250000000000020000000000
11212310000200200129092310590000090000010000000422000000042200000000000000000000000000042200000000000000
122123100003002001290923105903010000000000000000000000000000000000000000000422000000000000000000000000000000
07212311000000200129092310590000000000000000100000000000000000
092123110001002001290923105900000000000001290019180000000573000000000000000000000000000000100000000250000000000020000000000
11212311000200200129092310590000090000010000000573000000057300000000000000000000000000057300000000000000
122123110003002001290923105900000000000000000000000000000000000000000000000573000000000000000000000000000000
07212312000000200129092311050000000000000000100000000000000000
092123120001002001290923110500000000000001290004160000000124000000000000000000000000000000100000000250000000000020000000000
092123120002002001290923110500000000000002040006480000000518000000000000000000000000000000100000000500000000000010000000000
092123120003002001290923110500000000000002290000010000000599000000000000000000000000000000000000002500000000000010000000000
092123120004002001290923110500000000000002070011840000000709000000000000000000000000000000100000001990000000000010000000000
092123120005002001290923110500000000000001070002000000000500000000000000000000000000000000100000005000000000000020000000000
092123120006002001290923110500000000000001040004480000000179000000000000000000000000000000100000002000000000000020000000000
092123120007002001290923110500000000000002020008600000000515000000000000000000000000000000100000001990000000000010000000000
11212312000800200129092311050000090000070000003144000000314400000000000000000000000000314400000000000000
122123120009002001290923110503060000000000000000000000000000000000000000003144000000000000000000000000000000
07212313000000200129092311060000000000000000100000000000000000
092123130001002001290923110600000000000001290001240000000037000000000000000000000000000000100000000250000000000020000000000
092123130002002001290923110600000000000001050001200000000036000000000000000000000000000000100000000500000000000020000000000
092123130003002001290923110600000000000002040000560000000045000000000000000000000000000000100000000500000000000010000000000
11212313000400200129092311060000090000030000000118000000011800000000000000000000000000011800000000000000
122123130005002001290923110600000000000000000000000000000000000000000000000118000000000000000000000000000000
07212314000000200129092311090000000000000000100000000000000000
092123140001002001290923110900000000000002080017240000001033000000000000000000000000000000100000000500000000000010000000000
092123140002002001290923110900000000000002260011440000000914000000000000000000000000000000100000002000000000000010000000000
11212314000300200129092311090000090000020000001947000000194700000000000000000000000000194700000000000000
122123140004002001290923110900000000000000000000000000000000000000000000001947000000000000000000000000000000
07212315000000200129092311260000000000000000100000000000000000
092123150001002001290923112600000000000001090002300000000161000000000000000000000000000000100000001500000000000020000000000
092123150002002001290923112600000000000001050007640000000228000000000000000000000000000000100000000500000000000020000000000
092123150003002001290923112600000000000001290009700000000290000000000000000000000000000000100000000250000000000020000000000
092123150004002001290923112600000000000002110008800000000439000000000000000000000000000000100000000990000000000010000000000
11212315000500200129092311260000090000040000001118000000111800000000000000000000000000111800000000000000
122123150006002001290923112603050000000000000000000000000000000000000000001118000000000000000000000000000000
07212316000000200129092311270000000000000000100000000000000000
092123160001002001290923112700000000000001120005440000000326000000000000000000000000000000100000001000000000000020000000000
11212316000200200129092311270000090000010000000326000000032600000000000000000000000000032600000000000000
122123160003002001290923112700000000000000000000000000000000000000000000000326000000000000000000000000000000
07212317000000200129092311380000000000000000100000000000000000
092123170001002001290923113800000000000003190000010000000500000000000000000000000000000000000000002000000000000050000000000
11212317000200200129092311380000090000010000000500000000050000000000000000000000000000050000000000000000
122123170003002001290923113800000000000000000000000000000000000000000000000500000000000000000000000000000000
07212318000000200129092311470000000000000000100000000000000000
092123180001002001290923114700000000000001140002440000000219000000000000000000000000000000100000000500000000000020000000000
11212318000200200129092311470000090000010000000219000000021900000000000000000000000000021900000000000000
122123180003002001290923114700000000000000000000000000000000000000000000000219000000000000000000000000000000
07212319000000200129092311510000000000000000100000000000000000
092123190001002001290923115100000000000002080013980000000837000000000000000000000000000000100000000500000000000010000000000
092123190002002001290923115100000000000002290000010000000599000000000000000000000000000000000000002500000000000010000000000
092123190003002001290923115100000000000001040006320000000252000000000000000000000000000000100000002000000000000020000000000
092123190004002001290923115100000000000001290004680000000140000000000000000000000000000000100000000250000000000020000000000
092123190005002001290923115100000000000001090001580000000110000000000000000000000000000000100000001500000000000020000000000
11212319000600200129092311510000090000050000001938000000193800000000000000000000000000500000000030620000
122123190007002001290923115100000000000000000000000000000000000000000000001938000000000000000000000000000000
07212320000000200129092311520000000000000000100000000000000000
092123200001002001290923115200000000000002130017620000000703000000000000000000000000000000100000001400000000000010000000000
11212320000200200129092311520000090000010000000703000000070300000000000000000000000000070300000000000000
122123200003002001290923115200000000000000000000000000000000000000000000000703000000000000000000000000000000
07212321000000200129092311590000000000000000100000000000000000
092123210001002001290923115900000000000002070004780000000286000000000000000000000000000000100000001990000000000010000000000
092123210002002001290923115900000000000005020000010000000100I 0000000000000000000000000000000000000100000000000060000000000
092123210003002001290923115900000000000002120008960000000447000000000000000000000000000000100000002250000000000010000000000
092123210004002001290923115900000000000003250000010000000150000000000000000000000000000000000000000790000000000040000000000
092123210005002001290923115900000000000001090000800000000056000000000000000000000000000000100000001500000000000020000000000
11212321000600200129092311590000090000050000001039000000103900000000000000000000000000400000000029610000
122123210007002001290923115900000000000000000000000000000000000000000000001039000000000000000000000000000000
07212322000000200129092312150000000000000000100000000000000000
092123220001002001290923121500000000000002030019680000001572000000000000000000000000000000100000002990000000000010000000000
092123220002002001290923121500000000000002130020010000000799000000000000000000000000000000100000001400000000000010000000000
11212322000300200129092312150000090000020000002371000000237100000000000000000000000000237100000000000000
122123220004002001290923121503010000000000000000000000000000000000000000002371000000000000000000000000000000
07212323000000200129092312210000000000000000100000000000000000
092123230001002001290923122100000000000005020000010000000100I 0000000000000000000000000000000000000100000000000060000000000
092123230002002001290923122100000000000003190000010000000500000000000000000000000000000000000000002000000000000050000000000
092123230003002001290923122100000000000001170003040000000152000000000000000000000000000000100000001000000000000020000000000
092123230004002001290923122100000000000001290001140000000034000000000000000000000000000000100000000250000000000020000000000
092123230005002001290923122100000000000005020000020000000200I 0000000000000000000000000000000000000100000000000060000000000
11212323000600200129092312210000090000050000000986000000098600000000000000000000000000098600000000000000
122123230007002001290923122103010000000000000000000000000000000000000000000986000000000000000000000000000000
07212324000000200129092312360000000000000000100000000000000000
092123240001002001290923123600000000000001070001260000000315000000000000000000000000000000100000005000000000000020000000000
092123240002002001290923123600000000000001050003100000000093000000000000000000000000000000100000000500000000000020000000000
11212324000300200129092312360000090000020000000408000000040800000000000000000000000000040800000000000000
122123240004002001290923123600000000000000000000000000000000000000000000000408000000000000000000000000000000
07212325000000200129092312450000000000000000100000000000000000
092123250001002001290923124500000000000001290006000000000179000000000000000000000000000000100000000250000000000020000000000
092123250002002001290923124500000000000001040007220000000288000000000000000000000000000000100000002000000000000020000000000
092123250003002001290923124500000000000001170005720000000285000000000000000000000000000000100000001000000000000020000000000
092123250004002001290923124500000000000003250000010000000150000000000000000000000000000000000000000790000000000040000000000
11212325000500200129092312450000090000040000000902000000090200000000000000000000000000090200000000000000
122123250006002001290923124500000000000000000000000000000000000000000000000902000000000000000000000000000000
07212326000000200129092312450000000000000000100000000000000000
092123260001002001290923124500000000000005020000150000001500I 0000000000000000000000000000000000000100000000000060000000000
11212326000200200129092312450000090000010000001500000000150000000000000000000000000000150000000000000000
122123260003002001290923124500000000000000000000000000000000000000000000001500000000000000000000000000000000
07212327000000200129092312460000000000000000100000000000000000
092123270001002001290923124600000000000001220005040000000151000000000000000000000000000000100000001500000000000020000000000
092123270002002001290923124600000000000001040004080000000163000000000000000000000000000000100000002000000000000020000000000
092123270003002001290923124600000000000001090002820000000197000000000000000000000000000000100000001500000000000020000000000
092123270004002001290923124600000000000001290004840000000145000000000000000000000000000000100000000250000000000020000000000
11212327000500200129092312460000090000040000000656000000065600000000000000000000000000065600000000000000
122123270006002001290923124600000000000000000000000000000000000000000000000656000000000000000000000000000000
07212328000000200129092312500000000000000000100000000000000000
092123280001002001290923125000000000000001040004380000000175000000000000000000000000000000100000002000000000000020000000000
092123280002002001290923125000000000000001080005020000000501000000000000000000000000000000100000001000000000000020000000000
092123280003002001290923125000000000000001090001820000000127000000000000000000000000000000100000001500000000000020000000000
092123280004002001290923125000000000000005020000150000001500I 0000000000000000000000000000000000000100000000000060000000000
11212328000500200129092312500000090000040000002303000000230300000000000000000000000000230300000000000000
122123280006002001290923125003010000000000000000000000000000000000000000002303000000000000000000000000000000
07212329000000200129092312530000000000000000100000000000000000
092123290001002001290923125300000000000001120003320000000199000000000000000000000000000000100000001000000000000020000000000
092123290002002001290923125300000000000001010003760000000150000000000000000000000000000000100000001400000000000020000000000
092123290003002001290923125300000000000001100005140000000205000000000000000000000000000000100000000500000000000020000000000
11212329000400200129092312530000090000030000000554000000055400000000000000000000000000055400000000000000
122123290005002001290923125303010000000000000000000000000000000000000000000554000000000000000000000000000000
07212330000000200129092312580000000000000000100000000000000000
092123300001002001290923125800000000000005020000010000000100I 0000000000000000000000000000000000000100000000000060000000000
092123300002002001290923125800000000000001290004440000000133000000000000000000000000000000100000000250000000000020000000000
092123300003002001290923125800000000000001250004820000000192I 0000000000000000000000000000100000000530000000000020000000000
11212330000400200129092312580000090000030000000425000000042500000000000000000000000000042500000000000000
122123300005002001290923125800000000000000000000000000000000000000000000000425000000000000000000000000000000
07212331000000200129092313000000000000000000100000000000000000
092123310001002001290923130000000000000001220003500000000105000000000000000000000000000000100000001500000000000020000000000
11212331000200200129092313000000090000010000000105000000010500000000000000000000000000010500000000000000
122123310003002001290923130000000000000000000000000000000000000000000000000105000000000000000000000000000000
07212332000000200129092313040000000000000000100000000000000000
092123320001002001290923130400000000000001290015480000000463000000000000000000000000000000100000000250000000000020000000000
092123320002002001290923130400000000000001290013000000000389000000000000000000000000000000100000000250000000000020000000000
092123320003002001290923130400000000000001050013540000000405000000000000000000000000000000100000000500000000000020000000000
092123320004002001290923130400000000000001050018540000000554000000000000000000000000000000100000000500000000000020000000000
11212332000500200129092313040000090000040000001811000000181100000000000000000000000000181100000000000000
122123320006002001290923130403050000000000000000000000000000000000000000001811000000000000000000000000000000
07212333000000200129092313060000000000000000100000000000000000
092123330001002001290923130600000000000002130020540000000820000000000000000000000000000000100000001400000000000010000000000
092123330002002001290923130600000000000001050006020000000180000000000000000000000000000000100000000500000000000020000000000
092123330003002001290923130600000000000003250000010000000150000000000000000000000000000000000000000790000000000040000000000
092123330004002001290923130600000000000001290002560000000077000000000000000000000000000000100000000250000000000020000000000
11212333000500200129092313060000090000040000001227000000122700000000000000000000000000122700000000000000
122123330006002001290923130603060000000000000000000000000000000000000000001227000000000000000000000000000000
07212334000000200129092313120000000000000000100000000000000000
092123340001002001290923131200000000000001050004360000000130000000000000000000000000000000100000000500000000000020000000000
092123340002002001290923131200000000000003250000010000000150000000000000000000000000000000000000000790000000000040000000000
11212334000300200129092313120000090000020000000280000000028000000000000000000000000000028000000000000000
122123340004002001290923131200000000000000000000000000000000000000000000000280000000000000000000000000000000
07212335000000200129092313150000000000000000100000000000000000
092123350001002001290923131500000000000001080001420000000142000000000000000000000000000000100000001000000000000020000000000
092123350002002001290923131500000000000001070000660000000165000000000000000000000000000000100000005000000000000020000000000
11212335000300200129092313150000090000020000000307000000030700000000000000000000000000030700000000000000
122123350004002001290923131500000000000000000000000000000000000000000000000307000000000000000000000000000000
07212336000000200129092313220000000000000000100000000000000000
092123360001002001290923132200000000000002040001280000000102000000000000000000000000000000100000000500000000000010000000000
11212336000200200129092313220000090000010000000102000000010200000000000000000000000000010200000000000000
122123360003002001290923132203010000000000000000000000000000000000000000000102000000000000000000000000000000
18212336000400200129092313230100000020000000000000000000000001
062123360005002001290923132400000100000390000000000000000000000000000000000000000000
05212336000600200129092313250000010000013000
07212337000000200129092313290000000000000000100000000000000000
092123370001002001290923132900000000000003250000030000000450000000000000000000000000000000000000000790000000000040000000000
092123370002002001290923132900000000000001290018880000000565000000000000000000000000000000100000000250000000000020000000000
11212337000300200129092313290000090000020000001015000000101500000000000000000000000000101500000000000000
122123370004002001290923132903100000000000000000000000000000000000000000001015000000000000000000000000000000
07212338000000200129092313300000000000000000100000000000000000
092123380001002001290923133000000000000002140010360000000413000000000000000000000000000000100000001990000000000010000000000
11212338000200200129092313300000090000010000000413000000041300000000000000000000000000041300000000000000
122123380003002001290923133003050000000000000000000000000000000000000000000413000000000000000000000000000000
07212339000000200129092313350000000000000000100000000000000000
092123390001002001290923133500000000000001290010060000000301000000000000000000000000000000100000000250000000000020000000000
11212339000200200129092313350000090000010000000301000000030100000000000000000000000000030100000000000000
122123390003002001290923133503010000000000000000000000000000000000000000000301000000000000000000000000000000
07212340000000200129092313390000000000000000100000000000000000
092123400001002001290923133900000000000001290017540000000524000000000000000000000000000000100000000250000000000020000000000
11212340000200200129092313390000090000010000000524000000052400000000000000000000000000052400000000000000
122123400003002001290923133900000000000000000000000000000000000000000000000524000000000000000000000000000000
07212341000000200129092313480000000000000000100000000000000000
092123410001002001290923134800000000000002130018180000000725000000000000000000000000000000100000001400000000000010000000000
092123410002002001290923134800000000000005020000050000000500I 0000000000000000000000000000000000000100000000000060000000000
11212341000300200129092313480000090000020000001225000000122500000000000000000000000000122500000000000000
122123410004002001290923134803010000000000000000000000000000000000000000001225000000000000000000000000000000
07212342000000200129092313520000000000000000100000000000000000
092123420001002001290923135200000000000001290009080000000271000000000000000000000000000000100000000250000000000020000000000
092123420002002001290923135200000000000001090002900000000203000000000000000000000000000000100000001500000000000020000000000
11212342000300200129092313520000090000020000000474000000047400000000000000000000000000047400000000000000
122123420004002001290923135200000000000000000000000000000000000000000000000474000000000000000000000000000000
07212343000000200129092313560000000000000000100000000000000000
092123430001002001290923135600000000000005020000050000000500I 0000000000000000000000000000000000000100000000000060000000000
11212343000200200129092313560000090000010000000500000000050000000000000000000000000000050000000000000000
122123430003002001290923135602010000000000000000000000000000000000050000000500000000000000000000000000000000
102123430004002001290923135601000000000000000500000005000000000000000399000009
14212344000000200129092313570000010000000000
07212345000000200129092314010000000000000000100000000000000000
092123450001002001290923140100000000000002080014720000000882000000000000000000000000000000100000000500000000000010000000000
11212345000200200129092314010000090000010000000882000000088200000000000000000000000000090000000000180000
122123450003002001290923140100000000000000000000000000000000000000000000000882000000000000000000000000000000
07212346000000200129092314040000000000000000100000000000000000
092123460001002001290923140400000000000001050002760000000083000000000000000000000000000000100000000500000000000020000000000
092123460002002001290923140400000000000001290000680000000020000000000000000000000000000000100000000250000000000020000000000
11212346000300200129092314040000090000020000000103000000010300000000000000000000000000100000000008970000
122123460004002001290923140400000000000000000000000000000000000000000000000103000000000000000000000000000000
07212347000000200129092314060000000000000000100000000000000000
092123470001002001290923140600000000000005480000010000000250I 0300000000000000000000000000000000000000000000000030000000000
11212347000200200129092314060000090000010000000250000000025000000000000000000000000000025000000000000000
122123470003002001290923140602010000000000000000000000000000000000210000000250000000000000000000000000000000
102123470004002001290923140601000000000000002100000002500000000000000437000009
07212348000000200129092314120000000000000000100000000000000000
092123480001002001290923141200000000000001290013900000000416000000000000000000000000000000100000000250000000000020000000000
11212348000200200129092314120000090000010000000416000000041600000000000000000000000000200000000015840000
122123480003002001290923141200000000000000000000000000000000000000000000000416000000000000000000000000000000
07212349000000200129092314320000000000000000100000000000000000
092123490001002001290923143200000000000002070010280000000616000000000000000000000000000000100000001990000000000010000000000
092123490002002001290923143200000000000001110002520000000075000000000000000000000000000000100000001990000000000020000000000
11212349000300200129092314320000090000020000000691000000069100000000000000000000000000069100000000000000
122123490004002001290923143203010000000000000000000000000000000000000000000691000000000000000000000000000000
07212350000000200129092314340000000000000000100000000000000000
092123500001002001290923143400000000000003250000010000000150000000000000000000000000000000000000000790000000000040000000000
11212350000200200129092314340000090000010000000150000000015000000000000000000000000000015000000000000000
122123500003002001290923143400000000000000000000000000000000000000000000000150000000000000000000000000000000
18212350000400200129092314510200000010000000000000000000000001
07212351000000200129092314550000000000000000100000000000000000
092123510001002001290923145500000000000002070010240000000613000000000000000000000000000000100000001990000000000010000000000
092123510002002001290923145500000000000002480003920000000156000000000000000000000000000000100000001000000000000010000000000
11212351000300200129092314550000090000020000000769000000076900000000000000000000000000076900000000000000
122123510004002001290923145503010000000000000000000000000000000000000000000769000000000000000000000000000000
07212352000000200129092315010000000000000000100000000000000000
092123520001002001290923150100000000000001010026200000001045000000000000000000000000000000100000001400000000000020000000000
092123520002002001290923150100000000000002050009120000000729000000000000000000000000000000100000000890000000000010000000000
092123520003002001290923150100000000000002270006300000000818000000000000000000000000000000100000003990000000000010000000000
092123520004002001290923150100000000000002050019440000001553000000000000000000000000000000100000000890000000000010000000000
092123520005002001290923150100000000000003250000010000000150000000000000000000000000000000000000000790000000000040000000000
092123520006002001290923150100000000000002070022060000001321000000000000000000000000000000100000001990000000000010000000000
092123520007002001290923150100000000000001070002640000000660000000000000000000000000000000100000005000000000000020000000000
11212352000800200129092315010000090000070000006276000000627600000000000000000000000000700000000007240000
122123520009002001290923150100000000000000000000000000000000000000000000006276000000000000000000000000000000
102123520010002001290923152851000000000000003400000045200000000000000011000009
132123520000002001290923152800000000000000110000000000000034000000000000452000000000000000004520
07212353000000200129092315360000000000000000100000000000000000
092123530001002001290923153600000000000005080000010000002399I 0100000000000000000000000000000000015000000000000070000000000
092123530002002001290923153600000000000005480000010000000250I 0300000000000000000000000000000000000000000000000030000000000
092123530003002001290923153600000000000005480000010000000250I 0300000000000000000000000000000000000000000000000030000000000
092123530004002001290923153600000000000001050003060000000091000000000000000000000000000000100000000500000000000020000000000
092123530005002001290923153600000000000001290005000000000150000000000000000000000000000000100000000250000000000020000000000
11212353000600200129092315360000090000050000003140000000314000000000000000000000000000314000000000000000
122123530007002001290923153602010000000000000000000000000000000000340000003140000000000000000000000000000000
102123530008002001290923153601000000000000003400000031400000000000000012000009
07212354000000200129092315560000000000000000100000000000000000
092123540001002001290923155600000000000005080000010000002399I 0100000000000000000000000000000000015000000000000070000000000
092123540002002001290923155600000000000003200000010000002299000000000000000000000000000000000000000000000000000050000000000
11212354000300200129092315560000090000020000004698000000469800000000000000000000000000469800000000000000
122123540004002001290923155603090000000000000000000000000000000000000000004698000000000000000000000000000000
07212355000000200129092315580000000000000000100000000000000000
092123550001002001290923155800000000000001070003120000000780000000000000000000000000000000100000005000000000000020000000000
11212355000200200129092315580000090000010000000780000000078000000000000000000000000000500000000042200000
122123550003002001290923155800000000000000000000000000000000000000000000000780000000000000000000000000000000
07212356000000200129092316230000000000000000100000000000000000
092123560001002001290923162300000000000001020013120000000327000000000000000000000000000000100000001200000000000020000000000
11212356000200200129092316230000090000010000000327000000032700000000000000000000000000050000000001730000
122123560003002001290923162300000000000000000000000000000000000000000000000327000000000000000000000000000000
07212357000000200129092316230000000000000000100000000000000000
092123570001002001290923162300000000000001050010940000000327000000000000000000000000000000100000000500000000000020000000000
11212357000200200129092316230000090000010000000327000000032700000000000000000000000000032700000000000000
122123570003002001290923162302010000000000000000000000000000000000090000000327000000000000000000000000000000
102123570004002001290923162301000000000000000900000003270000000000000603000009
07212358000000200129092316330000000000000000100000000000000000
092123580001002001290923163300000000000001290001500000000045000000000000000000000000000000100000000250000000000020000000000
092123580002002001290923163300000000000001050000320000000010000000000000000000000000000000100000000500000000000020000000000
092123580003002001290923163300000000000001090000760000000053000000000000000000000000000000100000001500000000000020000000000
11212358000400200129092316330000090000030000000108000000010800000000000000000000000000010800000000000000
122123580005002001290923163300000000000000000000000000000000000000000000000108000000000000000000000000000000
07212359000000200129092316340000000000000000100000000000000000
092123590001002001290923163400000000000001290005640000000169000000000000000000000000000000100000000250000000000020000000000
11212359000200200129092316340000090000010000000169000000016900000000000000000000000000016900000000000000
122123590003002001290923163400000000000000000000000000000000000000000000000169000000000000000000000000000000
07212360000000200129092316350000000000000000100000000000000000
092123600001002001290923163500000000000002200000010000000599000000000000000000000000000000000000000990000000000010000000000
11212360000200200129092316350000090000010000000599000000059900000000000000000000000000059900000000000000
122123600003002001290923163500000000000000000000000000000000000000000000000599000000000000000000000000000000
07212361000000200129092316390000000000000000100000000000000000
092123610001002001290923163900000000000005020000040000000400I 0000000000000000000000000000000000000100000000000060000000000
11212361000200200129092316390000090000010000000400000000040000000000000000000000000000040000000000000000
122123610003002001290923163903010000000000000000000000000000000000000000000400000000000000000000000000000000
07212362000000200129092316430000000000000000100000000000000000
092123620001002001290923164300000000000001290012700000000380000000000000000000000000000000100000000250000000000020000000000
11212362000200200129092316430000090000010000000380000000038000000000000000000000000000100000000006200000
122123620003002001290923164300000000000000000000000000000000000000000000000380000000000000000000000000000000
07212363000000200129092316490000000000000000100000000000000000
092123630001002001290923164900000000000005080000010000002399I 0100000000000000000000000000000000015000000000000070000000000
11212363000200200129092316490000090000010000002399000000239900000000000000000000000000300000000006010000
122123630003002001290923164900000000000000000000000000000000000000000000002399000000000000000000000000000000
07212364000000200129092316510000000000000000100000000000000000
092123640001002001290923165100000000000001290014920000000446000000000000000000000000000000100000000250000000000020000000000
11212364000200200129092316510000090000010000000446000000044600000000000000000000000000050000000000540000
122123640003002001290923165100000000000000000000000000000000000000000000000446000000000000000000000000000000
07212365000000200129092317080000000000000000100000000000000000
092123650001002001290923170800000000000001290001620000000048000000000000000000000000000000100000000250000000000020000000000
11212365000200200129092317080000090000010000000048000000004800000000000000000000000000004800000000000000
122123650003002001290923170800000000000000000000000000000000000000000000000048000000000000000000000000000000
07212366000000200129092317090000000000000000100000000000000000
092123660001002001290923170900000000000001070000600000000150000000000000000000000000000000100000005000000000000020000000000
11212366000200200129092317090000090000010000000150000000015000000000000000000000000000015000000000000000
122123660003002001290923170900000000000000000000000000000000000000000000000150000000000000000000000000000000
07212367000000200129092317090000000000000000100000000000000000
092123670001002001290923170900000000000005480000010000000250I 0300000000000000000000000000000000000000000000000030000000000
11212367000200200129092317090000090000010000000250000000025000000000000000000000000000025000000000000000
122123670003002001290923170902010000000000000000000000000000000000210000000250000000000000000000000000000000
102123670004002001290923170901000000000000002100000002500000000000000438000009
07212368000000200129092317110000000000000000100000000000000000
092123680001002001290923171100000000000001160010300000000308000000000000000000000000000000100000000670000000000020000000000
11212368000200200129092317110000090000010000000308000000030800000000000000000000000000030800000000000000
122123680003002001290923171103010000000000000000000000000000000000000000000308000000000000000000000000000000
07212369000000200129092317180000000000000000100000000000000000
092123690001002001290923171800000000000001290010660000000319000000000000000000000000000000100000000250000000000020000000000
11212369000200200129092317180000090000010000000319000000031900000000000000000000000000040000000000810000
122123690003002001290923171800000000000000000000000000000000000000000000000319000000000000000000000000000000
07212370000000200129092317330000000000000000100000000000000000
092123700001002001290923173300000000000001220007120000000213000000000000000000000000000000100000001500000000000020000000000
092123700002002001290923173300000000000001070002540000000635000000000000000000000000000000100000005000000000000020000000000
11212370000300200129092317330000090000020000000848000000084800000000000000000000000000100000000001520000
122123700004002001290923173300000000000000000000000000000000000000000000000848000000000000000000000000000000
07212371000000200129092317340000000000000000100000000000000000
092123710001002001290923173400000000000001090000920000000064000000000000000000000000000000100000001500000000000020000000000
092123710002002001290923173400000000000001050006560000000196000000000000000000000000000000100000000500000000000020000000000
092123710003002001290923173400000000000001290007880000000236000000000000000000000000000000100000000250000000000020000000000
11212371000400200129092317340000090000030000000496000000049600000000000000000000000000050000000000040000
122123710005002001290923173400000000000000000000000000000000000000000000000496000000000000000000000000000000
14212372000000200129092317380000010000000000
07212373000000200129092317390000000000000000100000000000000000
092123730001002001290923173900000000000005080000010000002399I 0100000000000000000000000000000000015000000000000070000000000
11212373000200200129092317390000090000010000002399000000239900000000000000000000000000239900000000000000
122123730003002001290923173903050000000000000000000000000000000000000000002399000000000000000000000000000000
07212374000000200129092317400000000000000000100000000000000000
092123740001002001290923174000000000000001050004400000000132000000000000000000000000000000100000000500000000000020000000000
092123740002002001290923174000000000000001290004040000000121000000000000000000000000000000100000000250000000000020000000000
11212374000300200129092317400000090000020000000253000000025300000000000000000000000000025300000000000000
122123740004002001290923174000000000000000000000000000000000000000000000000253000000000000000000000000000000
07212375000000200129092317420000000000000000100000000000000000
092123750001002001290923174200000000000003250000010000000150000000000000000000000000000000000000000790000000000040000000000
092123750002002001290923174200000000000001070000600000000150000000000000000000000000000000100000005000000000000020000000000
11212375000300200129092317420000090000020000000300000000030000000000000000000000000000030000000000000000
122123750004002001290923174203100000000000000000000000000000000000000000000300000000000000000000000000000000
07212376000000200129092317480000000000000000100000000000000000
092123760001002001290923174800000000000005020000070000000700I 0000000000000000000000000000000000000100000000000060000000000
11212376000200200129092317480000090000010000000700000000070000000000000000000000000000100000000003000000
122123760003002001290923174800000000000000000000000000000000000000000000000700000000000000000000000000000000
07212377000000200129092317570000000000000000100000000000000000
092123770001002001290923175700000000000003190000010000000500000000000000000000000000000000000000002000000000000050000000000
11212377000200200129092317570000090000010000000500000000050000000000000000000000000000050000000000000000
122123770003002001290923175703010000000000000000000000000000000000000000000500000000000000000000000000000000
14212378000000200129092317570000010000000000
14212379000000200129092317590000010000000000
07212380000000200129092318010000000000000000100000000000000000
092123800001002001290923180100000000000001020007560000000188000000000000000000000000000000100000001200000000000020000000000
11212380000200200129092318010000090000010000000188000000018800000000000000000000000000020000000000120000
122123800003002001290923180100000000000000000000000000000000000000000000000188000000000000000000000000000000
14212381000000200129092318210000010000000000
07212382000000200129092318210000000000000000100000000000000000
092123820001002001290923182100000000000002040001200000000096000000000000000000000000000000100000000500000000000010000000000
11212382000200200129092318210000090000010000000096000000009600000000000000000000000000020000000001040000
122123820003002001290923182100000000000000000000000000000000000000000000000096000000000000000000000000000000
07212383000000200129092318300000000000000000100000000000000000
092123830001002001290923183000000000000002020021360000001279000000000000000000000000000000100000001990000000000010000000000
092123830002002001290923183000000000000001160009400000000281000000000000000000000000000000100000000670000000000020000000000
11212383000300200129092318300000090000020000001560000000156000000000000000000000000000156000000000000000
122123830004002001290923183003050000000000000000000000000000000000000000001560000000000000000000000000000000
07212384000000200129092318340000000000000000100000000000000000
092123840001002001290923183400000000000001290010060000000301000000000000000000000000000000100000000250000000000020000000000
11212384000200200129092318340000090000010000000301000000030100000000000000000000000000050000000001990000
122123840003002001290923183400000000000000000000000000000000000000000000000301000000000000000000000000000000
07212385000000200129092318370000000000000000100000000000000000
092123850001002001290923183700000000000001070001740000000435000000000000000000000000000000100000005000000000000020000000000
092123850002002001290923183700000000000001050005820000000174000000000000000000000000000000100000000500000000000020000000000
092123850003002001290923183700000000000003250000010000000150000000000000000000000000000000000000000790000000000040000000000
092123850004002001290923183700000000000002040002900000000232000000000000000000000000000000100000000500000000000010000000000
11212385000500200129092318370000090000040000000991000000099100000000000000000000000000100000000000090000
122123850006002001290923183700000000000000000000000000000000000000000000000991000000000000000000000000000000
07212386000000200129092318390000000000000000100000000000000000
092123860001002001290923183900000000000002080011380000000682000000000000000000000000000000100000000500000000000010000000000
092123860002002001290923183900000000000001070001380000000345000000000000000000000000000000100000005000000000000020000000000
11212386000300200129092318390000090000020000001027000000102700000000000000000000000000102700000000000000
122123860004002001290923183900000000000000000000000000000000000000000000001027000000000000000000000000000000
07212387000000200129092318440000000000000000100000000000000000
092123870001002001290923184400000000000003010000010000000999000000000000000000000000000000000000006000000000000050000000000
092123870002002001290923184400000000000005110000010000001499I 0100000000000000000000000000000000000000000000000070000000000
11212387000300200129092318440000090000020000002498000000249800000000000000000000000000500000000025020000
122123870004002001290923184400000000000000000000000000000000000000000000002498000000000000000000000000000000
07212388000000200129092318480000000000000000100000000000000000
092123880001002001290923184800000000000003250000010000000150000000000000000000000000000000000000000790000000000040000000000
092123880002002001290923184800000000000001290004580000000137000000000000000000000000000000100000000250000000000020000000000
092123880003002001290923184800000000000005480000010000000250I 0300000000000000000000000000000000000000000000000030000000000
092123880004002001290923184800000000000005480000010000000250I 0300000000000000000000000000000000000000000000000030000000000
11212388000500200129092318480000090000040000000787000000078700000000000000000000000000080000000000130000
122123880006002001290923184800000000000000000000000000000000000000000000000787000000000000000000000000000000
07212389000000200129092318560000000000000000100000000000000000
092123890001002001290923185600000000000001290020120000000602000000000000000000000000000000100000000250000000000020000000000
11212389000200200129092318560000090000010000000602000000060200000000000000000000000000060200000000000000
122123890003002001290923185603010000000000000000000000000000000000000000000602000000000000000000000000000000
14212390000000200129092318570000010000000000
07212391000000200129092319050000000000000000100000000000000000
092123910001002001290923190500000000000003250000020000000300000000000000000000000000000000000000000790000000000040000000000
11212391000200200129092319050000090000010000000300000000030000000000000000000000000000030000000000000000
122123910003002001290923190503100000000000000000000000000000000000000000000300000000000000000000000000000000
07212392000000200129092319070000000000000000100000000000000000
092123920001002001290923190700000000000001080007360000000735000000000000000000000000000000100000001000000000000020000000000
11212392000200200129092319070000090000010000000735000000073500000000000000000000000000073500000000000000
122123920003002001290923190703050000000000000000000000000000000000000000000735000000000000000000000000000000
07212393000000200129092319140000000000000000100000000000000000
092123930001002001290923191400000000000002070011840000000709000000000000000000000000000000100000001990000000000010000000000
092123930002002001290923191400000000000002030008360000000668000000000000000000000000000000100000002990000000000010000000000
11212393000300200129092319140000090000020000001377000000137700000000000000000000000001000000000086230000
122123930004002001290923191400000000000000000000000000000000000000000000001377000000000000000000000000000000
14212394000000200129092319170000010000003066
07212395000000200129092319180000000000000000100000000000000000
092123950001002001290923191800000000000001010003540000000141000000000000000000000000000000100000001400000000000020000000000
092123950002002001290923191800000000000001060000800000000032000000000000000000000000000000100000001500000000000020000000000
092123950003002001290923191800000000000001070001260000000315000000000000000000000000000000100000005000000000000020000000000
092123950004002001290923191800000000000001250002300000000092I 0000000000000000000000000000100000000530000000000020000000000
11212395000500200129092319180000090000040000000580000000058000000000000000000000000000500000000044200000
122123950006002001290923191800000000000000000000000000000000000000000000000580000000000000000000000000000000
07212396000000200129092319190000000000000000100000000000000000
092123960001002001290923191900000000000001290007320000000219000000000000000000000000000000100000000250000000000020000000000
11212396000200200129092319190000090000010000000219000000021900000000000000000000000000021900000000000000
122123960003002001290923191903010000000000000000000000000000000000000000000219000000000000000000000000000000
07212397000000200129092319200000000000000000100000000000000000
092123970001002001290923192000000000000001290010300000000308000000000000000000000000000000100000000250000000000020000000000
092123970002002001290923192000000000000001050010420000000312000000000000000000000000000000100000000500000000000020000000000
11212397000300200129092319200000090000020000000620000000062000000000000000000000000000062000000000000000
122123970004002001290923192003010000000000000000000000000000000000000000000620000000000000000000000000000000
07212398000000200129092319210000000000000000100000000000000000
092123980001002001290923192100000000000001290009160000000274000000000000000000000000000000100000000250000000000020000000000
11212398000200200129092319210000090000010000000274000000027400000000000000000000000000027400000000000000
122123980003002001290923192103010000000000000000000000000000000000000000000274000000000000000000000000000000
07212399000000200129092319240000000000000000100000000000000000
092123990001002001290923192400000000000002290000010000000599000000000000000000000000000000000000002500000000000010000000000
11212399000200200129092319240000090000010000000599000000059900000000000000000000000000059900000000000000
122123990003002001290923192403010000000000000000000000000000000000000000000599000000000000000000000000000000
07212400000000200129092319280000000000000000100000000000000000
092124000001002001290923192800000000000001070001960000000490000000000000000000000000000000100000005000000000000020000000000
092124000002002001290923192800000000000001040001980000000079000000000000000000000000000000100000002000000000000020000000000
092124000003002001290923192800000000000003010000010000000999000000000000000000000000000000000000006000000000000050000000000
092124000004002001290923192800000000000005110000010000001499I 0100000000000000000000000000000000000000000000000070000000000
11212400000500200129092319280000090000040000003067000000306700000000000000000000000000306700000000000000
122124000006002001290923192802010000000000000000000000000000000000350000003067000000000000000000000000000000
102124000007002001290923192801000000000000003500000030670000000000000000000009
07212401000000200129092319280000000000000000100000000000000000
092124010001002001290923192800000000000001290012380000000370000000000000000000000000000000100000000250000000000020000000000
11212401000200200129092319280000090000010000000370000000037000000000000000000000000000040000000000300000
122124010003002001290923192800000000000000000000000000000000000000000000000370000000000000000000000000000000
07212402000000200129092319370000000000000000100000000000000000
092124020001002001290923193700000000000003250000010000000150000000000000000000000000000000000000000790000000000040000000000
11212402000200200129092319370000090000010000000150000000015000000000000000000000000000200000000018500000
122124020003002001290923193700000000000000000000000000000000000000000000000150000000000000000000000000000000
07212403000000200129092319400000000000000000100000000000000000
092124030001002001290923194000000000000002070008920000000534000000000000000000000000000000100000001990000000000010000000000
092124030002002001290923194000000000000001070001980000000495000000000000000000000000000000100000005000000000000020000000000
092124030003002001290923194000000000000001010006460000000258000000000000000000000000000000100000001400000000000020000000000
092124030004002001290923194000000000000002040004420000000353000000000000000000000000000000100000000500000000000010000000000
11212403000500200129092319400000090000040000001640000000164000000000000000000000000000164000000000000000
122124030006002001290923194003010000000000000000000000000000000000000000001640000000000000000000000000000000
07212404000000200129092320080000000000000000100000000000000000
092124040001002001290923200800000000000001060002260000000090000000000000000000000000000000100000001500000000000020000000000
092124040002002001290923200800000000000001010007280000000290000000000000000000000000000000100000001400000000000020000000000
092124040003002001290923200800000000000002090001440000000187000000000000000000000000000000100000004720000000000010000000000
092124040004002001290923200800000000000003250000010000000150000000000000000000000000000000000000000790000000000040000000000
092124040005002001290923200800000000000002250003380000000338000000000000000000000000000000100000002670000000000010000000000
11212404000600200129092320080000090000050000001055000000105500000000000000000000000000105500000000000000
122124040007002001290923200803010000000000000000000000000000000000000000001055000000000000000000000000000000
07212405000000200129092320230000000000000000100000000000000000
092124050001002001290923202300000000000003200000010000002299000000000000000000000000000000000000000000000000000050000000000
11212405000200200129092320230000090000010000002299000000229900000000000000000000000000229900000000000000
122124050003002001290923202303050000000000000000000000000000000000000000002299000000000000000000000000000000
07212406000000200129092320240000000000000000100000000000000000
092124060001002001290923202400000000000005480000010000000250I 0300000000000000000000000000000000000000000000000030000000000
11212406000200200129092320240000090000010000000250000000025000000000000000000000000000025000000000000000
122124060003002001290923202402010000000000000000000000000000000000210000000250000000000000000000000000000000
102124060004002001290923202401000000000000002100000002500000000000000439000009
07212407000000200129092320260000000000000000100000000000000000
092124070001002001290923202600000000000001020031380000000781000000000000000000000000000000100000001200000000000020000000000
17212407000200200129092320260000000000000999
11212407000300200129092320260000090000010000000781000000078100000000000000000000000000078100000000000000
122124070004002001290923202603010000000000000000000000000000000000000000000781000000000000000000000000000000
07212408000000200129092320270000000000000000100000000000000000
092124080001002001290923202700000000000002040002120000000169000000000000000000000000000000100000000500000000000010000000000
11212408000200200129092320270000090000010000000169000000016900000000000000000000000000050000000003310000
122124080003002001290923202700000000000000000000000000000000000000000000000169000000000000000000000000000000
07212409000000200129092320290000000000000000100000000000000000
092124090001002001290923202900000000000003010000010000000999000000000000000000000000000000000000006000000000000050000000000
092124090002002001290923202900000000000001170002260000000113000000000000000000000000000000100000001000000000000020000000000
092124090003002001290923202900000000000001080003460000000346000000000000000000000000000000100000001000000000000020000000000
092124090004002001290923202900000000000001060002380000000095000000000000000000000000000000100000001500000000000020000000000
092124090005002001290923202900000000000001050002020000000060000000000000000000000000000000100000000500000000000020000000000
092124090006002001290923202900000000000001070001300000000325000000000000000000000000000000100000005000000000000020000000000
092124090007002001290923202900000000000001110002140000000064000000000000000000000000000000100000001990000000000020000000000
092124090008002001290923202900000000000002130017280000000689000000000000000000000000000000100000001400000000000010000000000
11212409000900200129092320290000090000080000002691000000269100000000000000000000000000269100000000000000
122124090010002001290923202903050000000000000000000000000000000000000000002691000000000000000000000000000000
07212410000000200129092320350000000000000000100000000000000000
092124100001002001290923203500000000000002200000010000000599000000000000000000000000000000000000000990000000000010000000000
11212410000200200129092320350000090000010000000599000000059900000000000000000000000000059900000000000000
122124100003002001290923203500000000000000000000000000000000000000000000000599000000000000000000000000000000
14212411000000200129092320440000010000000000
07212412000000200129092320520000000000000000100000000000000000
092124120001002001290923205200000000000002040000880000000070000000000000000000000000000000100000000500000000000010000000000
092124120002002001290923205200000000000001100011040000000440000000000000000000000000000000100000000500000000000020000000000
11212412000300200129092320520000090000020000000510000000051000000000000000000000000000070000000001900000
122124120004002001290923205200000000000000000000000000000000000000000000000510000000000000000000000000000000
062124120005002001290923205500000100000250000000000000000000000000000000000000000000
0421241300000020012909232057000001212255212413000002258679160000022605493429092300001762830000000000000000000000000060840001000000000000000000000000000000000000000000000000000000000000000000000000000000001234567890AB        
