01213516000000200108102306460000010000007000000002272209501.82G5E   1234567890AB        Generica            
02213516000100200108102306460000010000040000000000
07213517000000200108102307130000000000000000100000000000000000
092135170001002001081023071300000000000005250000010000000399I 0100000000000000000000000000000000002990000000000080000000000
092135170002002001081023071300000000000001020004380000000087000000000000000000000000000000100000001200000000000020000000000
11213517000300200108102307130000040000020000000486000000048600000000000000000000000000048600000000000000
122135170004002001081023071303020000000000000000000000000000000000000000000486000000000000000000000000000000
07213518000000200108102307150000000000000000100000000000000000
092135180001002001081023071500000000000001130016420000000655000000000000000000000000000000100000001500000000000020000000000
11213518000200200108102307150000040000010000000655000000065500000000000000000000000000065500000000000000
122135180003002001081023071503020000000000000000000000000000000000000000000655000000000000000000000000000000
07213519000000200108102307210000000000000000100000000000000000
092135190001002001081023072100000000000002070011660000000698000000000000000000000000000000100000001990000000000010000000000
092135190002002001081023072100000000000001040001360000000054000000000000000000000000000000100000002000000000000020000000000
11213519000300200108102307210000040000020000000752000000075200000000000000000000000000075200000000000000
122135190004002001081023072103020000000000000000000000000000000000000000000752000000000000000000000000000000
14213520000000200108102307280000010000000000
14213521000000200108102307350000010000000000
07213522000000200108102307350000000000000000100000000000000000
092135220001002001081023073500000000000001020012560000000250000000000000000000000000000000100000001200000000000020000000000
11213522000200200108102307350000040000010000000250000000025000000000000000000000000000025000000000000000
122135220003002001081023073500000000000000000000000000000000000000000000000250000000000000000000000000000000
14213523000000200108102307550000010000000000
07213524000000200108102307580000000000000000100000000000000000
092135240001002001081023075800000000000002170000010000000999000000000000000000000000000000000000006500000000000010000000000
092135240002002001081023075800000000000002150000010000000299000000000000000000000000000000000000000500000000000010000000000
11213524000300200108102307580000040000020000001298000000129800000000000000000000000000129800000000000000
122135240004002001081023075800000000000000000000000000000000000000000000001298000000000000000000000000000000
07213525000000200108102308000000000000000000100000000000000000
092135250001002001081023080000000000000001290003900000000117000000000000000000000000000000100000000250000000000020000000000
11213525000200200108102308000000040000010000000117000000011700000000000000000000000000011700000000000000
122135250003002001081023080003060000000000000000000000000000000000000000000117000000000000000000000000000000
07213526000000200108102308120000000000000000100000000000000000
092135260001002001081023081200000000000003250000010000000150000000000000000000000000000000000000000790000000000040000000000
11213526000200200108102308120000040000010000000150000000015000000000000000000000000000015000000000000000
122135260003002001081023081200000000000000000000000000000000000000000000000150000000000000000000000000000000
07213527000000200108102308190000000000000000100000000000000000
092135270001002001081023081900000000000001140002960000000266000000000000000000000000000000100000000500000000000020000000000
092135270002002001081023081900000000000002010001280000000032000000000000000000000000000000100000000990000000000010000000000
092135270003002001081023081900000000000001180001960000000157000000000000000000000000000000100000001000000000000020000000000
11213527000400200108102308190000040000030000000455000000045500000000000000000000000000045500000000000000
122135270005002001081023081903100000000000000000000000000000000000000000000455000000000000000000000000000000
07213528000000200108102308190000000000000000100000000000000000
092135280001002001081023081900000000000001010011320000000338000000000000000000000000000000100000001400000000000020000000000
11213528000200200108102308190000040000010000000338000000033800000000000000000000000000040000000000620000
122135280003002001081023081900000000000000000000000000000000000000000000000338000000000000000000000000000000
07213529000000200108102308210000000000000000100000000000000000
092135290001002001081023082100000000000002010008140000000203000000000000000000000000000000100000000990000000000010000000000
11213529000200200108102308210000040000010000000203000000020300000000000000000000000000020300000000000000
122135290003002001081023082100000000000000000000000000000000000000000000000203000000000000000000000000000000
07213530000000200108102308220000000000000000100000000000000000
092135300001002001081023082200000000000002030013300000001063000000000000000000000000000000100000002990000000000010000000000
092135300002002001081023082200000000000002070013980000000837000000000000000000000000000000100000001990000000000010000000000
11213530000300200108102308220000040000020000001900000000190000000000000000000000000000190000000000000000
122135300004002001081023082200000000000000000000000000000000000000000000001900000000000000000000000000000000
14213531000000200108102308230000010000000505
07213532000000200108102308240000000000000000100000000000000000
092135320001002001081023082400000000000001070001460000000365000000000000000000000000000000100000005000000000000020000000000
092135320002002001081023082400000000000003250000010000000150000000000000000000000000000000000000000790000000000040000000000
11213532000300200108102308240000040000020000000515000000051500000000000000000000000000051500000000000000
122135320004002001081023082400000000000000000000000000000000000000000000000515000000000000000000000000000000
07213533000000200108102308280000000000000000100000000000000000
092135330001002001081023082800000000000001050003800000000114000000000000000000000000000000100000000500000000000020000000000
092135330002002001081023082800000000000001290004040000000121000000000000000000000000000000100000000250000000000020000000000
11213533000300200108102308280000040000020000000235000000023500000000000000000000000000200000000017650000
122135330004002001081023082800000000000000000000000000000000000000000000000235000000000000000000000000000000
07213534000000200108102308310000000000000000100000000000000000
092135340001002001081023083100000000000003250000010000000150000000000000000000000000000000000000000790000000000040000000000
092135340002002001081023083100000000000001050005920000000177000000000000000000000000000000100000000500000000000020000000000
092135340003002001081023083100000000000001290003860000000115000000000000000000000000000000100000000250000000000020000000000
11213534000400200108102308310000040000030000000442000000044200000000000000000000000000044200000000000000
122135340005002001081023083100000000000000000000000000000000000000000000000442000000000000000000000000000000
07213535000000200108102308340000000000000000100000000000000000
092135350001002001081023083400000000000003010000010000000999000000000000000000000000000000000000006000000000000050000000000
092135350002002001081023083400000000000002040001960000000157000000000000000000000000000000100000000500000000000010000000000
11213535000300200108102308340000040000020000001156000000115600000000000000000000000000115600000000000000
122135350004002001081023083403060000000000000000000000000000000000000000001156000000000000000000000000000000
07213536000000200108102308450000000000000000100000000000000000
092135360001002001081023084500000000000001020007720000000154000000000000000000000000000000100000001200000000000020000000000
11213536000200200108102308450000040000010000000154000000015400000000000000000000000000015400000000000000
122135360003002001081023084500000000000000000000000000000000000000000000000154000000000000000000000000000000
07213537000000200108102308490000000000000000100000000000000000
092135370001002001081023084900000000000001290003060000000091000000000000000000000000000000100000000250000000000020000000000
092135370002002001081023084900000000000001090001060000000074000000000000000000000000000000100000001500000000000020000000000
11213537000300200108102308490000040000020000000165000000016500000000000000000000000000016500000000000000
122135370004002001081023084900000000000000000000000000000000000000000000000165000000000000000000000000000000
07213538000000200108102308510000000000000000100000000000000000
092135380001002001081023085100000000000002010011600000000289000000000000000000000000000000100000000990000000000010000000000
092135380002002001081023085100000000000001020008040000000160000000000000000000000000000000100000001200000000000020000000000
092135380003002001081023085100000000000001080003780000000226000000000000000000000000000000100000001000000000000020000000000
092135380004002001081023085100000000000002070015500000000928000000000000000000000000000000100000001990000000000010000000000
11213538000500200108102308510000040000040000001603000000160300000000000000000000000000501000000034070000
122135380006002001081023085100000000000000000000000000000000000000000000001603000000000000000000000000000000
07213539000000200108102308520000000000000000100000000000000000
092135390001002001081023085200000000000002320000010000000199000000000000000000000000000000000000000500000000000010000000000
11213539000200200108102308520000040000010000000199000000019900000000000000000000000000019900000000000000
122135390003002001081023085200000000000000000000000000000000000000000000000199000000000000000000000000000000
07213540000000200108102309030000000000000000100000000000000000
092135400001002001081023090300000000000003250000030000000450000000000000000000000000000000000000000790000000000040000000000
11213540000200200108102309030000040000010000000450000000045000000000000000000000000000045000000000000000
122135400003002001081023090303020000000000000000000000000000000000000000000450000000000000000000000000000000
07213541000000200108102309060000000000000000100000000000000000
092135410001002001081023090600000000000001020015360000000306000000000000000000000000000000100000001200000000000020000000000
092135410002002001081023090600000000000002250006420000000385000000000000000000000000000000100000002670000000000010000000000
092135410003002001081023090600000000000002010007460000000186000000000000000000000000000000100000000990000000000010000000000
092135410004002001081023090600000000000001010007580000000227000000000000000000000000000000100000001400000000000020000000000
092135410005002001081023090600000000000005290000010000000399I 0100000000000000000000000000000000001000000000000080000000000
11213541000600200108102309060000040000050000001503000000150300000000000000000000000000500000000034970000
122135410007002001081023090600000000000000000000000000000000000000000000001503000000000000000000000000000000
07213542000000200108102309090000000000000000100000000000000000
092135420001002001081023090900000000000002040001060000000085000000000000000000000000000000100000000500000000000010000000000
11213542000200200108102309090000040000010000000085000000008500000000000000000000000000008500000000000000
122135420003002001081023090900000000000000000000000000000000000000000000000085000000000000000000000000000000
07213543000000200108102309160000000000000000100000000000000000
092135430001002001081023091600000000000003250000020000000300000000000000000000000000000000000000000790000000000040000000000
11213543000200200108102309160000040000010000000300000000030000000000000000000000000000030000000000000000
122135430003002001081023091603100000000000000000000000000000000000000000000300000000000000000000000000000000
07213544000000200108102309190000000000000000100000000000000000
092135440001002001081023091900000000000003250000010000000150000000000000000000000000000000000000000790000000000040000000000
092135440002002001081023091900000000000001290003360000000100000000000000000000000000000000100000000250000000000020000000000
092135440003002001081023091900000000000001170004760000000142000000000000000000000000000000100000001000000000000020000000000
11213544000400200108102309190000040000030000000392000000039200000000000000000000000000100000000006080000
122135440005002001081023091900000000000000000000000000000000000000000000000392000000000000000000000000000000
07213545000000200108102309210000000000000000100000000000000000
092135450001002001081023092100000000000002070007840000000470000000000000000000000000000000100000001990000000000010000000000
11213545000200200108102309210000040000010000000470000000047000000000000000000000000000050000000000300000
122135450003002001081023092100000000000000000000000000000000000000000000000470000000000000000000000000000000
14213546000000200108102309230000010000000000
07213547000000200108102309240000000000000000100000000000000000
092135470001002001081023092400000000000002010016320000000406000000000000000000000000000000100000000990000000000010000000000
11213547000200200108102309240000040000010000000406000000040600000000000000000000000000040600000000000000
122135470003002001081023092400000000000000000000000000000000000000000000000406000000000000000000000000000000
07213548000000200108102309250000000000000000100000000000000000
092135480001002001081023092500000000000004110000040000000200I 0300000000000000000000000000000000000180000000000030000000000
11213548000200200108102309250000040000010000000200000000020000000000000000000000000000020000000000000000
122135480003002001081023092500000000000000000000000000000000000000000000000200000000000000000000000000000000
07213549000000200108102309340000000000000000100000000000000000
092135490001002001081023093400000000000003250000020000000300000000000000000000000000000000000000000790000000000040000000000
092135490002002001081023093400000000000001290026680000000798000000000000000000000000000000100000000250000000000020000000000
11213549000300200108102309340000040000020000001098000000109800000000000000000000000000200000000009020000
122135490004002001081023093400000000000000000000000000000000000000000000001098000000000000000000000000000000
14213550000000200108102309360000010000000000
07213551000000200108102309370000000000000000100000000000000000
092135510001002001081023093700000000000005020000040000000400I 0000000000000000000000000000000000000100000000000060000000000
11213551000200200108102309370000040000010000000400000000040000000000000000000000000000040000000000000000
122135510003002001081023093700000000000000000000000000000000000000000000000400000000000000000000000000000000
07213552000000200108102309380000000000000000100000000000000000
092135520001002001081023093800000000000001100009520000000380000000000000000000000000000000100000000500000000000020000000000
11213552000200200108102309380000040000010000000380000000038000000000000000000000000000050000000001200000
122135520003002001081023093800000000000000000000000000000000000000000000000380000000000000000000000000000000
07213553000000200108102309390000000000000000100000000000000000
092135530001002001081023093900000000000001310000010000000399000000000000000000000000000000000000002500000000000020000000000
092135530002002001081023093900000000000001290007760000000232000000000000000000000000000000100000000250000000000020000000000
11213553000300200108102309390000040000020000000631000000063100000000000000000000000000100000000003690000
122135530004002001081023093900000000000000000000000000000000000000000000000631000000000000000000000000000000
07213554000000200108102309430000000000000000100000000000000000
092135540001002001081023094300000000000002220000010000000399000000000000000000000000000000000000001500000000000010000000000
11213554000200200108102309430000040000010000000399000000039900000000000000000000000000039900000000000000
122135540003002001081023094303020000000000000000000000000000000000000000000399000000000000000000000000000000
07213555000000200108102309450000000000000000100000000000000000
092135550001002001081023094500000000000002180000010000000699000000000000000000000000000000000000002990000000000010000000000
092135550002002001081023094500000000000002150000020000000598000000000000000000000000000000000000000500000000000010000000000
092135550003002001081023094500000000000002110015240000000608000000000000000000000000000000100000000990000000000010000000000
092135550004002001081023094500000000000005400000020000000598000000000000000000000000000000000000001990000000000080000000000
11213555000500200108102309450000040000040000002503000000250300000000000000000000000000250300000000000000
122135550006002001081023094503030000000000000000000000000000000000000000002503000000000000000000000000000000
07213556000000200108102309470000000000000000100000000000000000
092135560001002001081023094700000000000002220000010000000399000000000000000000000000000000000000001500000000000010000000000
11213556000200200108102309470000040000010000000399000000039900000000000000000000000000039900000000000000
122135560003002001081023094700000000000000000000000000000000000000000000000399000000000000000000000000000000
07213557000000200108102309510000000000000000100000000000000000
092135570001002001081023095100000000000002220000010000000399000000000000000000000000000000000000001500000000000010000000000
092135570002002001081023095100000000000003250000010000000150000000000000000000000000000000000000000790000000000040000000000
092135570003002001081023095100000000000001290002800000000084000000000000000000000000000000100000000250000000000020000000000
11213557000400200108102309510000040000030000000633000000063300000000000000000000000000063300000000000000
122135570005002001081023095103030000000000000000000000000000000000000000000633000000000000000000000000000000
07213558000000200108102309550000000000000000100000000000000000
092135580001002001081023095500000000000001290007480000000224000000000000000000000000000000100000000250000000000020000000000
092135580002002001081023095500000000000001050005680000000170000000000000000000000000000000100000000500000000000020000000000
092135580003002001081023095500000000000001140003920000000352000000000000000000000000000000100000000500000000000020000000000
092135580004002001081023095500000000000001170003600000000108000000000000000000000000000000100000001000000000000020000000000
11213558000500200108102309550000040000040000000854000000085400000000000000000000000000085400000000000000
122135580006002001081023095503030000000000000000000000000000000000000000000854000000000000000000000000000000
07213559000000200108102309580000000000000000100000000000000000
092135590001002001081023095800000000000003250000020000000300000000000000000000000000000000000000000790000000000040000000000
092135590002002001081023095800000000000003250000010000000150000000000000000000000000000000000000000790000000000040000000000
11213559000300200108102309580000040000020000000450000000045000000000000000000000000000100000000005500000
122135590004002001081023095800000000000000000000000000000000000000000000000450000000000000000000000000000000
07213560000000200108102309590000000000000000100000000000000000
092135600001002001081023095900000000000001130015720000000627000000000000000000000000000000100000001500000000000020000000000
11213560000200200108102309590000040000010000000627000000062700000000000000000000000000062700000000000000
122135600003002001081023095900000000000000000000000000000000000000000000000627000000000000000000000000000000
07213561000000200108102310010000000000000000100000000000000000
092135610001002001081023100100000000000003020000010000000100000000000000000000000000000000000000000500000000000030000000000
092135610002002001081023100100000000000004090000030000000300I 0300000000000000000000000000000000000180000000000030000000000
11213561000300200108102310010000040000020000000400000000040000000000000000000000000000200000000016000000
122135610004002001081023100100000000000000000000000000000000000000000000000400000000000000000000000000000000
07213562000000200108102310060000000000000000100000000000000000
092135620001002001081023100600000000000002260012080000000724000000000000000000000000000000100000002000000000000010000000000
092135620002002001081023100600000000000002130019580000000781000000000000000000000000000000100000001400000000000010000000000
092135620003002001081023100600000000000001290008280000000248000000000000000000000000000000100000000250000000000020000000000
11213562000400200108102310060000040000030000001753000000175300000000000000000000000000200000000002470000
122135620005002001081023100600000000000000000000000000000000000000000000001753000000000000000000000000000000
07213563000000200108102310070000000000000000100000000000000000
092135630001002001081023100700000000000003250000010000000150000000000000000000000000000000000000000790000000000040000000000
11213563000200200108102310070000040000010000000150000000015000000000000000000000000000015000000000000000
122135630003002001081023100700000000000000000000000000000000000000000000000150000000000000000000000000000000
07213564000000200108102310080000000000000000100000000000000000
092135640001002001081023100800000000000002040002140000000171000000000000000000000000000000100000000500000000000010000000000
092135640002002001081023100800000000000001080003360000000201000000000000000000000000000000100000001000000000000020000000000
092135640003002001081023100800000000000001240002100000000147000000000000000000000000000000100000001670000000000020000000000
092135640004002001081023100800000000000001090000580000000041000000000000000000000000000000100000001500000000000020000000000
11213564000500200108102310080000040000040000000560000000056000000000000000000000000000200000000014400000
122135640006002001081023100800000000000000000000000000000000000000000000000560000000000000000000000000000000
07213565000000200108102310150000000000000000100000000000000000
092135650001002001081023101500000000000002220000020000000798000000000000000000000000000000000000001500000000000010000000000
092135650002002001081023101500000000000001120008860000000531000000000000000000000000000000100000001000000000000020000000000
092135650003002001081023101500000000000001010006360000000190000000000000000000000000000000100000001400000000000020000000000
092135650004002001081023101500000000000002290000010000000599000000000000000000000000000000000000002500000000000010000000000
092135650005002001081023101500000000000002480011840000000472000000000000000000000000000000100000001000000000000010000000000
092135650006002001081023101500000000000002070035440000002123000000000000000000000000000000100000001990000000000010000000000
092135650007002001081023101500000000000001250005240000000157I 0000000000000000000000000000100000000530000000000020000000000
092135650008002001081023101500000000000001060005360000000267000000000000000000000000000000100000001500000000000020000000000
09213565000900200108102310150000000000003,990003980000000119000000000000000000000000000000100000001990000000000020000000000
092135650010002001081023101500000000000002280002260000000181000000000000000000000000000000100000001000000000000010000000000
092135650011002001081023101500000000000001150001960000000196000000000000000000000000000000100000001000000000000020000000000
092135650012002001081023101500000000000001240004040000000282000000000000000000000000000000100000001670000000000020000000000
092135650013002001081023101500000000000001290004620000000138000000000000000000000000000000100000000250000000000020000000000
11213565001400200108102310150000040000130000006053000000605300000000000000000000000001005500000040020000
122135650015002001081023101500000000000000000000000000000000000000000000006053000000000000000000000000000000
07213566000000200108102310180000000000000000100000000000000000
092135660001002001081023101800000000000001050005380000000161000000000000000000000000000000100000000500000000000020000000000
092135660002002001081023101800000000000001220008880000000354000000000000000000000000000000100000001500000000000020000000000
092135660003002001081023101800000000000001290007580000000227000000000000000000000000000000100000000250000000000020000000000
092135660004002001081023101800000000000001240002800000000196000000000000000000000000000000100000001670000000000020000000000
092135660005002001081023101800000000000002200000020000000998000000000000000000000000000000000000000990000000000010000000000
092135660006002001081023101800000000000003250000010000000150000000000000000000000000000000000000000790000000000040000000000
092135660007002001081023101800000000000005220000010000002200I 0100000000000000000000000000000000000000000000000070000000000
092135660008002001081023101800000000000001070002720000000680000000000000000000000000000000100000005000000000000020000000000
092135660009002001081023101800000000000003250000050000000750000000000000000000000000000000000000000790000000000040000000000
092135660010002001081023101800000000000003200000010000002299000000000000000000000000000000000000000000000000000050000000000
11213566001100200108102310180000040000100000008015000000801500000000000000000000000000801500000000000000
122135660012002001081023101803090000000000000000000000000000000000000000008015000000000000000000000000000000
14213567000000200108102310180000010000000000
07213568000000200108102310190000000000000000100000000000000000
092135680001002001081023101900000000000001290005400000000161000000000000000000000000000000100000000250000000000020000000000
11213568000200200108102310190000040000010000000161000000016100000000000000000000000000016100000000000000
122135680003002001081023101900000000000000000000000000000000000000000000000161000000000000000000000000000000
07213569000000200108102310210000000000000000100000000000000000
092135690001002001081023102100000000000001140004040000000363000000000000000000000000000000100000000500000000000020000000000
092135690002002001081023102100000000000003250000010000000150000000000000000000000000000000000000000790000000000040000000000
11213569000300200108102310210000040000020000000513000000051300000000000000000000000000070000000001870000
122135690004002001081023102100000000000000000000000000000000000000000000000513000000000000000000000000000000
07213570000000200108102310260000000000000000100000000000000000
092135700001002001081023102600000000000003250000020000000300000000000000000000000000000000000000000790000000000040000000000
11213570000200200108102310260000040000010000000300000000030000000000000000000000000000030000000000000000
122135700003002001081023102600000000000000000000000000000000000000000000000300000000000000000000000000000000
07213571000000200108102310290000000000000000100000000000000000
092135710001002001081023102900000000000002070003940000000236000000000000000000000000000000100000001990000000000010000000000
092135710002002001081023102900000000000001060002200000000110000000000000000000000000000000100000001500000000000020000000000
092135710003002001081023102900000000000001290003860000000115000000000000000000000000000000100000000250000000000020000000000
092135710004002001081023102900000000000003250000010000000150000000000000000000000000000000000000000790000000000040000000000
092135710005002001081023102900000000000002130007300000000291000000000000000000000000000000100000001400000000000010000000000
11213571000600200108102310290000040000050000000902000000090200000000000000000000000000100000000000980000
122135710007002001081023102900000000000000000000000000000000000000000000000902000000000000000000000000000000
07213572000000200108102310290000000000000000100000000000000000
092135720001002001081023102900000000000001290017600000000526000000000000000000000000000000100000000250000000000020000000000
11213572000200200108102310290000040000010000000526000000052600000000000000000000000000060000000000740000
122135720003002001081023102900000000000000000000000000000000000000000000000526000000000000000000000000000000
07213573000000200108102310320000000000000000100000000000000000
092135730001002001081023103200000000000001010008840000000264000000000000000000000000000000100000001400000000000020000000000
092135730002002001081023103200000000000001050004300000000129000000000000000000000000000000100000000500000000000020000000000
092135730003002001081023103200000000000001070000760000000190000000000000000000000000000000100000005000000000000020000000000
092135730004002001081023103200000000000001090001020000000071000000000000000000000000000000100000001500000000000020000000000
092135730005002001081023103200000000000002070011320000000678000000000000000000000000000000100000001990000000000010000000000
092135730006002001081023103200000000000001290003900000000117000000000000000000000000000000100000000250000000000020000000000
092135730007002001081023103200000000000003250000010000000150000000000000000000000000000000000000000790000000000040000000000
11213573000800200108102310320000040000070000001599000000159900000000000000000000000000159900000000000000
122135730009002001081023103203060000000000000000000000000000000000000000001599000000000000000000000000000000
07213574000000200108102310330000000000000000100000000000000000
092135740001002001081023103300000000000005290000010000000399I 0100000000000000000000000000000000001000000000000080000000000
092135740002002001081023103300000000000001160007080000000212000000000000000000000000000000100000000670000000000020000000000
092135740003002001081023103300000000000001050007160000000214000000000000000000000000000000100000000500000000000020000000000
092135740004002001081023103300000000000001290009560000000286000000000000000000000000000000100000000250000000000020000000000
092135740005002001081023103300000000000002110004740000000189000000000000000000000000000000100000000990000000000010000000000
092135740006002001081023103300000000000003250000010000000150000000000000000000000000000000000000000790000000000040000000000
092135740007002001081023103300000000000001150002260000000226000000000000000000000000000000100000001000000000000020000000000
11213574000800200108102310330000040000070000001676000000167600000000000000000000000000500000000033240000
122135740009002001081023103300000000000000000000000000000000000000000000001676000000000000000000000000000000
07213575000000200108102310350000000000000000100000000000000000
092135750001002001081023103500000000000003250000020000000300000000000000000000000000000000000000000790000000000040000000000
11213575000200200108102310350000040000010000000300000000030000000000000000000000000000030000000000000000
122135750003002001081023103500000000000000000000000000000000000000000000000300000000000000000000000000000000
07213576000000200108102310360000000000000000100000000000000000
092135760001002001081023103600000000000001060002120000000106000000000000000000000000000000100000001500000000000020000000000
092135760002002001081023103600000000000004020000020000000200I 0300000000000000000000000000000000000230000000000030000000000
11213576000300200108102310360000040000020000000306000000030600000000000000000000000000030600000000000000
122135760004002001081023103603100000000000000000000000000000000000000000000306000000000000000000000000000000
07213577000000200108102310370000000000000000100000000000000000
092135770001002001081023103700000000000004020000050000000500I 0300000000000000000000000000000000000230000000000030000000000
092135770002002001081023103700000000000001020021760000000433000000000000000000000000000000100000001200000000000020000000000
092135770003002001081023103700000000000001290012200000000365000000000000000000000000000000100000000250000000000020000000000
11213577000400200108102310370000040000030000001298000000129800000000000000000000000000200000000007020000
122135770005002001081023103700000000000000000000000000000000000000000000001298000000000000000000000000000000
07213578000000200108102310370000000000000000100000000000000000
092135780001002001081023103700000000000002040004000000000320000000000000000000000000000000100000000500000000000010000000000
11213578000200200108102310370000040000010000000320000000032000000000000000000000000000040000000000800000
122135780003002001081023103700000000000000000000000000000000000000000000000320000000000000000000000000000000
07213579000000200108102310390000000000000000100000000000000000
092135790001002001081023103900000000000002020005420000000325000000000000000000000000000000100000001990000000000010000000000
092135790002002001081023103900000000000002070006140000000368000000000000000000000000000000100000001990000000000010000000000
092135790003002001081023103900000000000002110004840000000193000000000000000000000000000000100000000990000000000010000000000
092135790004002001081023103900000000000001070002260000000565000000000000000000000000000000100000005000000000000020000000000
092135790005002001081023103900000000000001080001900000000114000000000000000000000000000000100000001000000000000020000000000
11213579000600200108102310390000040000050000001565000000156500000000000000000000000000156500000000000000
122135790007002001081023103903020000000000000000000000000000000000000000001565000000000000000000000000000000
07213580000000200108102310400000000000000000100000000000000000
092135800001002001081023104000000000000003250000010000000150000000000000000000000000000000000000000790000000000040000000000
092135800002002001081023104000000000000001180001340000000107000000000000000000000000000000100000001000000000000020000000000
092135800003002001081023104000000000000002180000010000000699000000000000000000000000000000000000002990000000000010000000000
11213580000400200108102310400000040000030000000956000000095600000000000000000000000000095600000000000000
122135800005002001081023104003110000000000000000000000000000000000000000000956000000000000000000000000000000
07213581000000200108102310400000000000000000100000000000000000
092135810001002001081023104000000000000001100010100000000403000000000000000000000000000000100000000500000000000020000000000
11213581000200200108102310400000040000010000000403000000040300000000000000000000000000050000000000970000
122135810003002001081023104000000000000000000000000000000000000000000000000403000000000000000000000000000000
07213582000000200108102310420000000000000000100000000000000000
092135820001002001081023104200000000000003250000020000000300000000000000000000000000000000000000000790000000000040000000000
092135820002002001081023104200000000000001010010660000000319000000000000000000000000000000100000001400000000000020000000000
11213582000300200108102310420000040000020000000619000000061900000000000000000000000000100000000003810000
122135820004002001081023104200000000000000000000000000000000000000000000000619000000000000000000000000000000
07213583000000200108102310420000000000000000100000000000000000
092135830001002001081023104200000000000001290009100000000272000000000000000000000000000000100000000250000000000020000000000
11213583000200200108102310420000040000010000000272000000027200000000000000000000000000200000000017280000
122135830003002001081023104200000000000000000000000000000000000000000000000272000000000000000000000000000000
07213584000000200108102310480000000000000000100000000000000000
092135840001002001081023104800000000000003250000030000000450000000000000000000000000000000000000000790000000000040000000000
092135840002002001081023104800000000000001020010700000000213000000000000000000000000000000100000001200000000000020000000000
092135840003002001081023104800000000000001090001000000000070000000000000000000000000000000100000001500000000000020000000000
092135840004002001081023104800000000000001080003480000000208000000000000000000000000000000100000001000000000000020000000000
092135840005002001081023104800000000000001050004760000000142000000000000000000000000000000100000000500000000000020000000000
092135840006002001081023104800000000000002170000010000000999000000000000000000000000000000000000006500000000000010000000000
11213584000700200108102310480000040000060000002082000000208200000000000000000000000000208200000000000000
122135840008002001081023104803020000000000000000000000000000000000000000002082000000000000000000000000000000
07213585000000200108102310500000000000000000100000000000000000
092135850001002001081023105000000000000001010013980000000418000000000000000000000000000000100000001400000000000020000000000
092135850002002001081023105000000000000002090009760000001268000000000000000000000000000000100000004720000000000010000000000
092135850003002001081023105000000000000001250007320000000219I 0000000000000000000000000000100000000530000000000020000000000
092135850004002001081023105000000000000001180005220000000417000000000000000000000000000000100000001000000000000020000000000
092135850005002001081023105000000000000001080003780000000226000000000000000000000000000000100000001000000000000020000000000
092135850006002001081023105000000000000002070011000000000659000000000000000000000000000000100000001990000000000010000000000
092135850007002001081023105000000000000003030000010000000099000000000000000000000000000000000000000830000000000040000000000
092135850008002001081023105000000000000003250000010000000150000000000000000000000000000000000000000790000000000040000000000
11213585000900200108102310500000040000080000003456000000345600000000000000000000000000345600000000000000
122135850010002001081023105003070000000000000000000000000000000000000000003456000000000000000000000000000000
07213586000000200108102310510000000000000000100000000000000000
092135860001002001081023105100000000000001020035500000000706000000000000000000000000000000100000001200000000000020000000000
11213586000200200108102310510000040000010000000706000000070600000000000000000000000000070600000000000000
122135860003002001081023105103020000000000000000000000000000000000000000000706000000000000000000000000000000
07213587000000200108102311010000000000000000100000000000000000
092135870001002001081023110100000000000001060011700000000584000000000000000000000000000000100000001500000000000020000000000
092135870002002001081023110100000000000001010014960000000447000000000000000000000000000000100000001400000000000020000000000
092135870003002001081023110100000000000001250009180000000274I 0000000000000000000000000000100000000530000000000020000000000
092135870004002001081023110100000000000001090006700000000468000000000000000000000000000000100000001500000000000020000000000
092135870005002001081023110100000000000002070013220000000792000000000000000000000000000000100000001990000000000010000000000
092135870006002001081023110100000000000001080010340000000619000000000000000000000000000000100000001000000000000020000000000
11213587000700200108102311010000040000060000003184000000318400000000000000000000000000500000000018160000
122135870008002001081023110100000000000000000000000000000000000000000000003184000000000000000000000000000000
07213588000000200108102311060000000000000000100000000000000000
092135880001002001081023110600000000000001070004260000001065000000000000000000000000000000100000005000000000000020000000000
092135880002002001081023110600000000000001070000740000000185000000000000000000000000000000100000005000000000000020000000000
092135880003002001081023110600000000000001250004080000000122I 0000000000000000000000000000100000000530000000000020000000000
11213588000400200108102311060000040000030000001372000000137200000000000000000000000000137200000000000000
122135880005002001081023110603020000000000000000000000000000000000000000001372000000000000000000000000000000
07213589000000200108102311060000000000000000100000000000000000
092135890001002001081023110600000000000005520000010000000200I 0300000000000000000000000000000000001000000000000080000000000
11213589000200200108102311060000040000010000000200000000020000000000000000000000000000020000000000000000
122135890003002001081023110603020000000000000000000000000000000000000000000200000000000000000000000000000000
07213590000000200108102311080000000000000000100000000000000000
092135900001002001081023110800000000000001060003680000000184000000000000000000000000000000100000001500000000000020000000000
092135900002002001081023110800000000000001080012980000000778000000000000000000000000000000100000001000000000000020000000000
092135900003002001081023110800000000000001080004800000000288000000000000000000000000000000100000001000000000000020000000000
092135900004002001081023110800000000000001070002040000000510000000000000000000000000000000100000005000000000000020000000000
092135900005002001081023110800000000000002070014540000000871000000000000000000000000000000100000001990000000000010000000000
11213590000600200108102311080000040000050000002631000000263100000000000000000000000000500000000023690000
122135900007002001081023110800000000000000000000000000000000000000000000002631000000000000000000000000000000
18213590000800200108102311090600000010000000000000000000000001
07213591000000200108102311100000000000000000100000000000000000
092135910001002001081023111000000000000003250000020000000300000000000000000000000000000000000000000790000000000040000000000
092135910002002001081023111000000000000005080000010000002399I 0100000000000000000000000000000000015000000000000070000000000
11213591000300200108102311100000040000020000002699000000269900000000000000000000000000269900000000000000
122135910004002001081023111003090000000000000000000000000000000000000000002699000000000000000000000000000000
07213592000000200108102311130000000000000000100000000000000000
092135920001002001081023111300000000000001060003540000000177000000000000000000000000000000100000001500000000000020000000000
092135920002002001081023111300000000000001010010240000000306000000000000000000000000000000100000001400000000000020000000000
092135920003002001081023111300000000000003200000010000002299000000000000000000000000000000000000000000000000000050000000000
11213592000400200108102311130000040000030000002782000000278200000000000000000000000000500000000022180000
122135920005002001081023111300000000000000000000000000000000000000000000002782000000000000000000000000000000
07213593000000200108102311170000000000000000100000000000000000
092135930001002001081023111700000000000003250000010000000150000000000000000000000000000000000000000790000000000040000000000
092135930002002001081023111700000000000001290006360000000190000000000000000000000000000000100000000250000000000020000000000
092135930003002001081023111700000000000002040002660000000213000000000000000000000000000000100000000500000000000010000000000
11213593000400200108102311170000040000030000000553000000055300000000000000000000000000055300000000000000
122135930005002001081023111700000000000000000000000000000000000000000000000553000000000000000000000000000000
07213594000000200108102311170000000000000000100000000000000000
092135940001002001081023111700000000000002200000010000000499000000000000000000000000000000000000000990000000000010000000000
092135940002002001081023111700000000000003250000010000000150000000000000000000000000000000000000000790000000000040000000000
11213594000300200108102311170000040000020000000649000000064900000000000000000000000000100000000003510000
122135940004002001081023111700000000000000000000000000000000000000000000000649000000000000000000000000000000
07213595000000200108102311180000000000000000100000000000000000
092135950001002001081023111800000000000002040002220000000177000000000000000000000000000000100000000500000000000010000000000
092135950002002001081023111800000000000003250000010000000150000000000000000000000000000000000000000790000000000040000000000
11213595000300200108102311180000040000020000000327000000032700000000000000000000000000032700000000000000
122135950004002001081023111800000000000000000000000000000000000000000000000327000000000000000000000000000000
07213596000000200108102311190000000000000000100000000000000000
092135960001002001081023111900000000000001290007860000000235000000000000000000000000000000100000000250000000000020000000000
092135960002002001081023111900000000000003250000010000000150000000000000000000000000000000000000000790000000000040000000000
11213596000300200108102311190000040000020000000385000000038500000000000000000000000000040000000000150000
122135960004002001081023111900000000000000000000000000000000000000000000000385000000000000000000000000000000
07213597000000200108102311210000000000000000100000000000000000
092135970001002001081023112100000000000003250000010000000150000000000000000000000000000000000000000790000000000040000000000
092135970002002001081023112100000000000003250000010000000150000000000000000000000000000000000000000790000000000040000000000
11213597000300200108102311210000040000020000000300000000030000000000000000000000000000100000000007000000
122135970004002001081023112100000000000000000000000000000000000000000000000300000000000000000000000000000000
07213598000000200108102311270000000000000000100000000000000000
092135980001002001081023112700000000000005390000010000000599000000000000000000000000000000000000003490000000000080000000000
092135980002002001081023112700000000000004020000040000000400I 0300000000000000000000000000000000000230000000000030000000000
11213598000300200108102311270000040000020000000999000000099900000000000000000000000000099900000000000000
122135980004002001081023112703060000000000000000000000000000000000000000000999000000000000000000000000000000
07213599000000200108102311320000000000000000100000000000000000
092135990001002001081023113200000000000003250000010000000150000000000000000000000000000000000000000790000000000040000000000
092135990002002001081023113200000000000001050005380000000161000000000000000000000000000000100000000500000000000020000000000
092135990003002001081023113200000000000001290004420000000132000000000000000000000000000000100000000250000000000020000000000
092135990004002001081023113200000000000001020008000000000159000000000000000000000000000000100000001200000000000020000000000
092135990005002001081023113200000000000001070002040000000510000000000000000000000000000000100000005000000000000020000000000
092135990006002001081023113200000000000002010016660000000415000000000000000000000000000000100000000990000000000010000000000
092135990007002001081023113200000000000002180000010000000699000000000000000000000000000000000000002990000000000010000000000
11213599000800200108102311320000040000070000002226000000222600000000000000000000000000222600000000000000
122135990009002001081023113203060000000000000000000000000000000000000000002226000000000000000000000000000000
07213600000000200108102311340000000000000000100000000000000000
092136000001002001081023113400000000000003250000010000000150000000000000000000000000000000000000000790000000000040000000000
092136000002002001081023113400000000000001080003980000000238000000000000000000000000000000100000001000000000000020000000000
11213600000300200108102311340000040000020000000388000000038800000000000000000000000000038800000000000000
122136000004002001081023113403060000000000000000000000000000000000000000000388000000000000000000000000000000
07213601000000200108102311380000000000000000100000000000000000
092136010001002001081023113800000000000002080007000000000419000000000000000000000000000000100000000500000000000010000000000
092136010002002001081023113800000000000002010013920000000347000000000000000000000000000000100000000990000000000010000000000
092136010003002001081023113800000000000005020000010000000100I 0000000000000000000000000000000000000100000000000060000000000
11213601000400200108102311380000040000030000000866000000086600000000000000000000000000100000000001340000
122136010005002001081023113800000000000000000000000000000000000000000000000866000000000000000000000000000000
07213602000000200108102311390000000000000000100000000000000000
092136020001002001081023113900000000000005020000010000000100I 0000000000000000000000000000000000000100000000000060000000000
11213602000200200108102311390000040000010000000100000000010000000000000000000000000000010000000000000000
122136020003002001081023113900000000000000000000000000000000000000000000000100000000000000000000000000000000
07213603000000200108102311400000000000000000100000000000000000
092136030001002001081023114000000000000001010009520000000285000000000000000000000000000000100000001400000000000020000000000
11213603000200200108102311400000040000010000000285000000028500000000000000000000000000028500000000000000
122136030003002001081023114000000000000000000000000000000000000000000000000285000000000000000000000000000000
07213604000000200108102311400000000000000000100000000000000000
092136040001002001081023114000000000000003250000010000000150000000000000000000000000000000000000000790000000000040000000000
11213604000200200108102311400000040000010000000150000000015000000000000000000000000000200000000018500000
122136040003002001081023114000000000000000000000000000000000000000000000000150000000000000000000000000000000
07213605000000200108102311420000000000000000100000000000000000
092136050001002001081023114200000000000001070001340000000335000000000000000000000000000000100000005000000000000020000000000
092136050002002001081023114200000000000001060004360000000218000000000000000000000000000000100000001500000000000020000000000
092136050003002001081023114200000000000001020006680000000133000000000000000000000000000000100000001200000000000020000000000
092136050004002001081023114200000000000001040001520000000061000000000000000000000000000000100000002000000000000020000000000
11213605000500200108102311420000040000040000000747000000074700000000000000000000000000074700000000000000
122136050006002001081023114203100000000000000000000000000000000000000000000747000000000000000000000000000000
07213606000000200108102311430000000000000000100000000000000000
092136060001002001081023114300000000000001020007980000000159000000000000000000000000000000100000001200000000000020000000000
11213606000200200108102311430000040000010000000159000000015900000000000000000000000000015900000000000000
122136060003002001081023114300000000000000000000000000000000000000000000000159000000000000000000000000000000
07213607000000200108102311460000000000000000100000000000000000
092136070001002001081023114600000000000002130022540000000899000000000000000000000000000000100000001400000000000010000000000
092136070002002001081023114600000000000003010000010000000999000000000000000000000000000000000000006000000000000050000000000
092136070003002001081023114600000000000001080002740000000164000000000000000000000000000000100000001000000000000020000000000
092136070004002001081023114600000000000002220000030000001197000000000000000000000000000000000000001500000000000010000000000
092136070005002001081023114600000000000003250000010000000150000000000000000000000000000000000000000790000000000040000000000
092136070006002001081023114600000000000001100007720000000308000000000000000000000000000000100000000500000000000020000000000
092136070007002001081023114600000000000001040003240000000129000000000000000000000000000000100000002000000000000020000000000
092136070008002001081023114600000000000001070001920000000480000000000000000000000000000000100000005000000000000020000000000
092136070009002001081023114600000000000002040001560000000125000000000000000000000000000000100000000500000000000010000000000
092136070010002001081023114600000000000002110004740000000189000000000000000000000000000000100000000990000000000010000000000
092136070011002001081023114600000000000002070017320000001037000000000000000000000000000000100000001990000000000010000000000
11213607001200200108102311460000040000110000005677000000567700000000000000000000000000700000000013230000
122136070013002001081023114600000000000000000000000000000000000000000000005677000000000000000000000000000000
07213608000000200108102311470000000000000000100000000000000000
092136080001002001081023114700000000000001010007820000000234000000000000000000000000000000100000001400000000000020000000000
092136080002002001081023114700000000000002080006300000000377000000000000000000000000000000100000000500000000000010000000000
11213608000300200108102311470000040000020000000611000000061100000000000000000000000000070000000000890000
122136080004002001081023114700000000000000000000000000000000000000000000000611000000000000000000000000000000
07213609000000200108102311480000000000000000100000000000000000
092136090001002001081023114800000000000003190000010000000500000000000000000000000000000000000000002000000000000050000000000
092136090002002001081023114800000000000001250004400000000132I 0000000000000000000000000000100000000530000000000020000000000
11213609000300200108102311480000040000020000000632000000063200000000000000000000000000063200000000000000
122136090004002001081023114800000000000000000000000000000000000000000000000632000000000000000000000000000000
07213610000000200108102311520000000000000000100000000000000000
092136100001002001081023115200000000000001090002460000000172000000000000000000000000000000100000001500000000000020000000000
092136100002002001081023115200000000000001080002420000000145000000000000000000000000000000100000001000000000000020000000000
092136100003002001081023115200000000000001070000740000000185000000000000000000000000000000100000005000000000000020000000000
11213610000400200108102311520000040000030000000502000000050200000000000000000000000000200000000014980000
122136100005002001081023115200000000000000000000000000000000000000000000000502000000000000000000000000000000
14213611000000200108102311550000010000000000
07213612000000200108102311550000000000000000100000000000000000
092136120001002001081023115500000000000002040002900000000232000000000000000000000000000000100000000500000000000010000000000
11213612000200200108102311550000040000010000000232000000023200000000000000000000000000023200000000000000
122136120003002001081023115500000000000000000000000000000000000000000000000232000000000000000000000000000000
18213612000400200108102311590100000020000000000000000000000001
07213613000000200108102312010000000000000000100000000000000000
092136130001002001081023120100000000000002070005960000000357000000000000000000000000000000100000001990000000000010000000000
092136130002002001081023120100000000000005020000010000000100I 0000000000000000000000000000000000000100000000000060000000000
11213613000300200108102312010000040000020000000457000000045700000000000000000000000000060000000001430000
122136130004002001081023120100000000000000000000000000000000000000000000000457000000000000000000000000000000
07213614000000200108102312020000000000000000100000000000000000
092136140001002001081023120200000000000002070011620000000696000000000000000000000000000000100000001990000000000010000000000
092136140002002001081023120200000000000005020000010000000100I 0000000000000000000000000000000000000100000000000060000000000
11213614000300200108102312020000040000020000000796000000079600000000000000000000000000079600000000000000
122136140004002001081023120203020000000000000000000000000000000000000000000796000000000000000000000000000000
07213615000000200108102312030000000000000000100000000000000000
092136150001002001081023120300000000000001290009340000000279000000000000000000000000000000100000000250000000000020000000000
11213615000200200108102312030000040000010000000279000000027900000000000000000000000000027900000000000000
122136150003002001081023120300000000000000000000000000000000000000000000000279000000000000000000000000000000
07213616000000200108102312040000000000000000100000000000000000
092136160001002001081023120400000000000001020008320000000166000000000000000000000000000000100000001200000000000020000000000
092136160002002001081023120400000000000005020000010000000100I 0000000000000000000000000000000000000100000000000060000000000
11213616000300200108102312040000040000020000000266000000026600000000000000000000000000050000000002340000
122136160004002001081023120400000000000000000000000000000000000000000000000266000000000000000000000000000000
07213617000000200108102312060000000000000000100000000000000000
092136170001002001081023120600000000000002040001280000000102000000000000000000000000000000100000000500000000000010000000000
11213617000200200108102312060000040000010000000102000000010200000000000000000000000000010200000000000000
122136170003002001081023120600000000000000000000000000000000000000000000000102000000000000000000000000000000
07213618000000200108102312100000000000000000100000000000000000
092136180001002001081023121000000000000003030000010000000099000000000000000000000000000000000000000830000000000040000000000
11213618000200200108102312100000040000010000000099000000009900000000000000000000000000009900000000000000
122136180003002001081023121000000000000000000000000000000000000000000000000099000000000000000000000000000000
07213619000000200108102312140000000000000000100000000000000000
092136190001002001081023121400000000000002170000010000000999000000000000000000000000000000000000006500000000000010000000000
092136190002002001081023121400000000000002090006020000000782000000000000000000000000000000100000004720000000000010000000000
092136190003002001081023121400000000000002010007040000000175000000000000000000000000000000100000000990000000000010000000000
092136190004002001081023121400000000000002040003420000000273000000000000000000000000000000100000000500000000000010000000000
092136190005002001081023121400000000000002070009440000000565000000000000000000000000000000100000001990000000000010000000000
092136190006002001081023121400000000000002230009800000001469000000000000000000000000000000100000004980000000000010000000000
092136190007002001081023121400000000000005480000010000000250I 0300000000000000000000000000000000000000000000000030000000000
11213619000800200108102312140000040000070000004513000000451300000000000000000000000001000000000054870000
122136190009002001081023121400000000000000000000000000000000000000000000004513000000000000000000000000000000
07213620000000200108102312180000000000000000100000000000000000
092136200001002001081023121800000000000001060004220000000211000000000000000000000000000000100000001500000000000020000000000
092136200002002001081023121800000000000001020006960000000139000000000000000000000000000000100000001200000000000020000000000
092136200003002001081023121800000000000001290003380000000101000000000000000000000000000000100000000250000000000020000000000
092136200004002001081023121800000000000001050001880000000056000000000000000000000000000000100000000500000000000020000000000
092136200005002001081023121800000000000001070001380000000345000000000000000000000000000000100000005000000000000020000000000
092136200006002001081023121800000000000001180001860000000149000000000000000000000000000000100000001000000000000020000000000
11213620000700200108102312180000040000060000001001000000100100000000000000000000000000100100000000000000
122136200008002001081023121800000000000000000000000000000000000000000000001001000000000000000000000000000000
07213621000000200108102312200000000000000000100000000000000000
092136210001002001081023122000000000000002030015940000001274000000000000000000000000000000100000002990000000000010000000000
092136210002002001081023122000000000000002070057640000003453000000000000000000000000000000100000001990000000000010000000000
11213621000300200108102312200000040000020000004727000000472700000000000000000000000000500000000002730000
122136210004002001081023122000000000000000000000000000000000000000000000004727000000000000000000000000000000
14213622000000200108102312210000010000000000
14213623000000200108102312210000010000000000
07213624000000200108102312210000000000000000100000000000000000
092136240001002001081023122100000000000002080003220000000193000000000000000000000000000000100000000500000000000010000000000
11213624000200200108102312210000040000010000000193000000019300000000000000000000000000019300000000000000
122136240003002001081023122100000000000000000000000000000000000000000000000193000000000000000000000000000000
07213625000000200108102312220000000000000000100000000000000000
092136250001002001081023122200000000000005290000020000000798I 0100000000000000000000000000000000001000000000000080000000000
092136250002002001081023122200000000000002040002100000000168000000000000000000000000000000100000000500000000000010000000000
11213625000300200108102312220000040000020000000966000000096600000000000000000000000000096600000000000000
122136250004002001081023122203030000000000000000000000000000000000000000000966000000000000000000000000000000
07213626000000200108102312230000000000000000100000000000000000
092136260001002001081023122300000000000001290007960000000238000000000000000000000000000000100000000250000000000020000000000
092136260002002001081023122300000000000001180004340000000347000000000000000000000000000000100000001000000000000020000000000
11213626000300200108102312230000040000020000000585000000058500000000000000000000000000058500000000000000
122136260004002001081023122303020000000000000000000000000000000000000000000585000000000000000000000000000000
07213627000000200108102312240000000000000000100000000000000000
092136270001002001081023122400000000000002140019140000000764000000000000000000000000000000100000001990000000000010000000000
092136270002002001081023122400000000000001180003960000000316000000000000000000000000000000100000001000000000000020000000000
11213627000300200108102312240000040000020000001080000000108000000000000000000000000000108000000000000000
122136270004002001081023122400000000000000000000000000000000000000000000001080000000000000000000000000000000
07213628000000200108102312250000000000000000100000000000000000
092136280001002001081023122500000000000003190000010000000500000000000000000000000000000000000000002000000000000050000000000
11213628000200200108102312250000040000010000000500000000050000000000000000000000000000200000000015000000
122136280003002001081023122500000000000000000000000000000000000000000000000500000000000000000000000000000000
062136280004002001081023122600000100000500000000000000000000000000000000000000000000
07213629000000200108102312270000000000000000100000000000000000
092136290001002001081023122700000000000002020006140000000368000000000000000000000000000000100000001990000000000010000000000
092136290002002001081023122700000000000001060003760000000188000000000000000000000000000000100000001500000000000020000000000
092136290003002001081023122700000000000001230000700000000063000000000000000000000000000000100000008750000000000020000000000
092136290004002001081023122700000000000002190000010000000799000000000000000000000000000000000000002250000000000010000000000
11213629000500200108102312270000040000040000001418000000141800000000000000000000000000500000000035820000
122136290006002001081023122700000000000000000000000000000000000000000000001418000000000000000000000000000000
07213630000000200108102312280000000000000000100000000000000000
092136300001002001081023122800000000000001060004920000000246000000000000000000000000000000100000001500000000000020000000000
11213630000200200108102312280000040000010000000246000000024600000000000000000000000000100000000007540000
122136300003002001081023122800000000000000000000000000000000000000000000000246000000000000000000000000000000
07213631000000200108102312310000000000000000100000000000000000
092136310001002001081023123100000000000002240004340000000347000000000000000000000000000000100000001500000000000010000000000
092136310002002001081023123100000000000001050004220000000126000000000000000000000000000000100000000500000000000020000000000
092136310003002001081023123100000000000002010004720000000118000000000000000000000000000000100000000990000000000010000000000
092136310004002001081023123100000000000001020010220000000203000000000000000000000000000000100000001200000000000020000000000
092136310005002001081023123100000000000002480004260000000170000000000000000000000000000000100000001000000000000010000000000
092136310006002001081023123100000000000001290005320000000159000000000000000000000000000000100000000250000000000020000000000
092136310007002001081023123100000000000002110005460000000218000000000000000000000000000000100000000990000000000010000000000
092136310008002001081023123100000000000002070004600000000276000000000000000000000000000000100000001990000000000010000000000
092136310009002001081023123100000000000002170000010000000999000000000000000000000000000000000000006500000000000010000000000
11213631001000200108102312310000040000090000002616000000261600000000000000000000000000261600000000000000
122136310011002001081023123103040000000000000000000000000000000000000000002616000000000000000000000000000000
07213632000000200108102312320000000000000000100000000000000000
092136320001002001081023123200000000000005060000010000001200I 0100000000000000000000000000000000000000000000000080000000000
092136320002002001081023123200000000000002040004460000000356000000000000000000000000000000100000000500000000000010000000000
11213632000300200108102312320000040000020000001556000000155600000000000000000000000000170000000001440000
122136320004002001081023123200000000000000000000000000000000000000000000001556000000000000000000000000000000
07213633000000200108102312330000000000000000100000000000000000
092136330001002001081023123300000000000003190000010000000500000000000000000000000000000000000000002000000000000050000000000
11213633000200200108102312330000040000010000000500000000050000000000000000000000000000050000000000000000
122136330003002001081023123303030000000000000000000000000000000000000000000500000000000000000000000000000000
07213634000000200108102312350000000000000000100000000000000000
092136340001002001081023123500000000000002270009720000001263000000000000000000000000000000100000003990000000000010000000000
092136340002002001081023123500000000000005110000010000001499I 0100000000000000000000000000000000000000000000000070000000000
092136340003002001081023123500000000000002070010880000000652000000000000000000000000000000100000001990000000000010000000000
092136340004002001081023123500000000000002150000010000000299000000000000000000000000000000000000000500000000000010000000000
092136340005002001081023123500000000000002170000010000000999000000000000000000000000000000000000006500000000000010000000000
11213634000600200108102312350000040000050000004712000000471200000000000000000000000000471200000000000000
122136340007002001081023123503060000000000000000000000000000000000000000004712000000000000000000000000000000
07213635000000200108102312360000000000000000100000000000000000
092136350001002001081023123600000000000001310000010000000399000000000000000000000000000000000000002500000000000020000000000
092136350002002001081023123600000000000001250003080000000092I 0000000000000000000000000000100000000530000000000020000000000
092136350003002001081023123600000000000001270002780000000111000000000000000000000000000000100000000250000000000020000000000
092136350004002001081023123600000000000001060001120000000056000000000000000000000000000000100000001500000000000020000000000
11213635000500200108102312360000040000040000000658000000065800000000000000000000000000065800000000000000
122136350006002001081023123603020000000000000000000000000000000000000000000658000000000000000000000000000000
07213636000000200108102312370000000000000000100000000000000000
092136360001002001081023123700000000000001010016640000000498000000000000000000000000000000100000001400000000000020000000000
092136360002002001081023123700000000000005020000030000000300I 0000000000000000000000000000000000000100000000000060000000000
11213636000300200108102312370000040000020000000798000000079800000000000000000000000000079800000000000000
122136360004002001081023123703020000000000000000000000000000000000000000000798000000000000000000000000000000
07213637000000200108102312400000000000000000100000000000000000
092136370001002001081023124000000000000001080002380000000143000000000000000000000000000000100000001000000000000020000000000
11213637000200200108102312400000040000010000000143000000014300000000000000000000000000014300000000000000
122136370003002001081023124003060000000000000000000000000000000000000000000143000000000000000000000000000000
07213638000000200108102312410000000000000000100000000000000000
092136380001002001081023124100000000000002130008920000000356000000000000000000000000000000100000001400000000000010000000000
11213638000200200108102312410000040000010000000356000000035600000000000000000000000000035600000000000000
122136380003002001081023124103020000000000000000000000000000000000000000000356000000000000000000000000000000
07213639000000200108102312420000000000000000100000000000000000
092136390001002001081023124200000000000001290003020000000090000000000000000000000000000000100000000250000000000020000000000
092136390002002001081023124200000000000001050003000000000090000000000000000000000000000000100000000500000000000020000000000
092136390003002001081023124200000000000001090002120000000148000000000000000000000000000000100000001500000000000020000000000
092136390004002001081023124200000000000001070000600000000150000000000000000000000000000000100000005000000000000020000000000
11213639000500200108102312420000040000040000000478000000047800000000000000000000000000047800000000000000
122136390006002001081023124203030000000000000000000000000000000000000000000478000000000000000000000000000000
07213640000000200108102312430000000000000000100000000000000000
092136400001002001081023124300000000000001080002340000000140000000000000000000000000000000100000001000000000000020000000000
092136400002002001081023124300000000000001090000900000000063000000000000000000000000000000100000001500000000000020000000000
11213640000300200108102312430000040000020000000203000000020300000000000000000000000000020300000000000000
122136400004002001081023124303020000000000000000000000000000000000000000000203000000000000000000000000000000
07213641000000200108102312490000000000000000100000000000000000
092136410001002001081023124900000000000005020000040000000400I 0000000000000000000000000000000000000100000000000060000000000
092136410002002001081023124900000000000002180000010000000699000000000000000000000000000000000000002990000000000010000000000
092136410003002001081023124900000000000005290000010000000399I 0100000000000000000000000000000000001000000000000080000000000
092136410004002001081023124900000000000002270005320000000691000000000000000000000000000000100000003990000000000010000000000
092136410005002001081023124900000000000002040009740000000778000000000000000000000000000000100000000500000000000010000000000
09213641000600200108102312490000000000003,990011920000000356000000000000000000000000000000100000001990000000000020000000000
092136410007002001081023124900000000000002070026460000001585000000000000000000000000000000100000001990000000000010000000000
092136410008002001081023124900000000000001250010800000000323I 0000000000000000000000000000100000000530000000000020000000000
092136410009002001081023124900000000000001100015340000000612000000000000000000000000000000100000000500000000000020000000000
092136410010002001081023124900000000000001120006220000000373000000000000000000000000000000100000001000000000000020000000000
092136410011002001081023124900000000000002230015080000002260000000000000000000000000000000100000004980000000000010000000000
092136410012002001081023124900000000000001010017780000000532000000000000000000000000000000100000001400000000000020000000000
092136410013002001081023124900000000000001060006920000000345000000000000000000000000000000100000001500000000000020000000000
092136410014002001081023124900000000000001170011700000000350000000000000000000000000000000100000001000000000000020000000000
092136410015002001081023124900000000000002090005680000000738000000000000000000000000000000100000004720000000000010000000000
092136410016002001081023124900000000000001270007580000000302000000000000000000000000000000100000000250000000000020000000000
092136410017002001081023124900000000000001160008680000000260000000000000000000000000000000100000000670000000000020000000000
092136410018002001081023124900000000000001070006300000001574000000000000000000000000000000100000005000000000000020000000000
092136410019002001081023124900000000000001160007540000000225000000000000000000000000000000100000000670000000000020000000000
092136410020002001081023124900000000000002120011240000000561000000000000000000000000000000100000002250000000000010000000000
092136410021002001081023124900000000000001240006360000000445000000000000000000000000000000100000001670000000000020000000000
092136410022002001081023124900000000000001130012380000000494000000000000000000000000000000100000001500000000000020000000000
092136410023002001081023124900000000000002110005680000000227000000000000000000000000000000100000000990000000000010000000000
092136410024002001081023124900000000000001260003660000000146000000000000000000000000000000100000000500000000000020000000000
092136410025002001081023124900000000000001220004780000000191000000000000000000000000000000100000001500000000000020000000000
092136410026002001081023124900000000000001140006080000000547000000000000000000000000000000100000000500000000000020000000000
092136410027002001081023124900000000000001150002320000000232000000000000000000000000000000100000001000000000000020000000000
092136410028002001081023124900000000000001090003660000000256000000000000000000000000000000100000001500000000000020000000000
092136410029002001081023124900000000000001080005860000000351000000000000000000000000000000100000001000000000000020000000000
092136410030002001081023124900000000000001230002240000000201000000000000000000000000000000100000008750000000000020000000000
092136410031002001081023124900000000000005400000010000000299000000000000000000000000000000000000001990000000000080000000000
11213641003200200108102312490000040000310000016752000001675200000000000000000000000001675200000000000000
122136410033002001081023124903020000000000000000000000000000000000000000016752000000000000000000000000000000
07213642000000200108102312500000000000000000100000000000000000
092136420001002001081023125000000000000001010010640000000318000000000000000000000000000000100000001400000000000020000000000
092136420002002001081023125000000000000001060005960000000297000000000000000000000000000000100000001500000000000020000000000
092136420003002001081023125000000000000001090000740000000052000000000000000000000000000000100000001500000000000020000000000
092136420004002001081023125000000000000001290005480000000164000000000000000000000000000000100000000250000000000020000000000
11213642000500200108102312500000040000040000000831000000083100000000000000000000000000083100000000000000
122136420006002001081023125003060000000000000000000000000000000000000000000831000000000000000000000000000000
07213643000000200108102312510000000000000000100000000000000000
092136430001002001081023125100000000000002090003980000000517000000000000000000000000000000100000004720000000000010000000000
11213643000200200108102312510000040000010000000517000000051700000000000000000000000000100000000004830000
122136430003002001081023125100000000000000000000000000000000000000000000000517000000000000000000000000000000
07213644000000200108102312510000000000000000100000000000000000
092136440001002001081023125100000000000003020000020000000200000000000000000000000000000000000000000500000000000030000000000
11213644000200200108102312510000040000010000000200000000020000000000000000000000000000020000000000000000
122136440003002001081023125100000000000000000000000000000000000000000000000200000000000000000000000000000000
07213645000000200108102312530000000000000000100000000000000000
092136450001002001081023125300000000000005020000020000000200I 0000000000000000000000000000000000000100000000000060000000000
11213645000200200108102312530000040000010000000200000000020000000000000000000000000000020000000000000000
122136450003002001081023125303070000000000000000000000000000000000000000000200000000000000000000000000000000
07213646000000200108102312540000000000000000100000000000000000
092136460001002001081023125400000000000001040003000000000120000000000000000000000000000000100000002000000000000020000000000
11213646000200200108102312540000040000010000000120000000012000000000000000000000000000012000000000000000
122136460003002001081023125400000000000000000000000000000000000000000000000120000000000000000000000000000000
07213647000000200108102312550000000000000000100000000000000000
092136470001002001081023125500000000000001080007660000000459000000000000000000000000000000100000001000000000000020000000000
11213647000200200108102312550000040000010000000459000000045900000000000000000000000000500000000045410000
122136470003002001081023125500000000000000000000000000000000000000000000000459000000000000000000000000000000
07213648000000200108102312560000000000000000100000000000000000
092136480001002001081023125600000000000001010010020000000300000000000000000000000000000000100000001400000000000020000000000
092136480002002001081023125600000000000001080007700000000461000000000000000000000000000000100000001000000000000020000000000
11213648000300200108102312560000040000020000000761000000076100000000000000000000000000076100000000000000
122136480004002001081023125603020000000000000000000000000000000000000000000761000000000000000000000000000000
07213649000000200108102312570000000000000000100000000000000000
092136490001002001081023125700000000000005020000010000000100I 0000000000000000000000000000000000000100000000000060000000000
092136490002002001081023125700000000000001290003520000000105000000000000000000000000000000100000000250000000000020000000000
092136490003002001081023125700000000000001050002260000000068000000000000000000000000000000100000000500000000000020000000000
11213649000400200108102312570000040000030000000273000000027300000000000000000000000000027300000000000000
122136490005002001081023125700000000000000000000000000000000000000000000000273000000000000000000000000000000
07213650000000200108102312570000000000000000100000000000000000
092136500001002001081023125700000000000001090000520000000036000000000000000000000000000000100000001500000000000020000000000
11213650000200200108102312570000040000010000000036000000003600000000000000000000000000050000000004640000
122136500003002001081023125700000000000000000000000000000000000000000000000036000000000000000000000000000000
07213651000000200108102313010000000000000000100000000000000000
092136510001002001081023130100000000000002200000010000000499000000000000000000000000000000000000000990000000000010000000000
092136510002002001081023130100000000000002180000010000000699000000000000000000000000000000000000002990000000000010000000000
092136510003002001081023130100000000000002070008080000000484000000000000000000000000000000100000001990000000000010000000000
092136510004002001081023130100000000000002250003660000000219000000000000000000000000000000100000002670000000000010000000000
092136510005002001081023130100000000000002190000010000000799000000000000000000000000000000000000002250000000000010000000000
092136510006002001081023130100000000000002140017340000000692000000000000000000000000000000100000001990000000000010000000000
092136510007002001081023130100000000000001130009320000000372000000000000000000000000000000100000001500000000000020000000000
11213651000800200108102313010000040000070000003764000000376400000000000000000000000000500000000012360000
122136510009002001081023130100000000000000000000000000000000000000000000003764000000000000000000000000000000
07213652000000200108102313020000000000000000100000000000000000
092136520001002001081023130200000000000004020000040000000400I 0300000000000000000000000000000000000230000000000030000000000
11213652000200200108102313020000040000010000000400000000040000000000000000000000000000040000000000000000
122136520003002001081023130203020000000000000000000000000000000000000000000400000000000000000000000000000000
07213653000000200108102313060000000000000000100000000000000000
092136530001002001081023130600000000000005110000010000001499I 0100000000000000000000000000000000000000000000000070000000000
11213653000200200108102313060000040000010000001499000000149900000000000000000000000000149900000000000000
122136530003002001081023130600000000000000000000000000000000000000000000001499000000000000000000000000000000
07213654000000200108102313070000000000000000100000000000000000
092136540001002001081023130700000000000005020000030000000300I 0000000000000000000000000000000000000100000000000060000000000
11213654000200200108102313070000040000010000000300000000030000000000000000000000000000030000000000000000
122136540003002001081023130703020000000000000000000000000000000000000000000300000000000000000000000000000000
07213655000000200108102313070000000000000000100000000000000000
092136550001002001081023130700000000000002070013020000000780000000000000000000000000000000100000001990000000000010000000000
11213655000200200108102313070000040000010000000780000000078000000000000000000000000000100000000002200000
122136550003002001081023130700000000000000000000000000000000000000000000000780000000000000000000000000000000
07213656000000200108102313090000000000000000100000000000000000
092136560001002001081023130900000000000001010010120000000303000000000000000000000000000000100000001400000000000020000000000
092136560002002001081023130900000000000002010014260000000355000000000000000000000000000000100000000990000000000010000000000
11213656000300200108102313090000040000020000000658000000065800000000000000000000000000200000000013420000
122136560004002001081023130900000000000000000000000000000000000000000000000658000000000000000000000000000000
07213657000000200108102313150000000000000000100000000000000000
092136570001002001081023131500000000000003190000010000000500000000000000000000000000000000000000002000000000000050000000000
092136570002002001081023131500000000000002290000010000000599000000000000000000000000000000000000002500000000000010000000000
11213657000300200108102313150000040000020000001099000000109900000000000000000000000000109900000000000000
122136570004002001081023131503020000000000000000000000000000000000000000001099000000000000000000000000000000
07213658000000200108102313160000000000000000100000000000000000
092136580001002001081023131600000000000002130011440000000456000000000000000000000000000000100000001400000000000010000000000
092136580002002001081023131600000000000002090007280000000946000000000000000000000000000000100000004720000000000010000000000
11213658000300200108102313160000040000020000001402000000140200000000000000000000000000140200000000000000
122136580004002001081023131600000000000000000000000000000000000000000000001402000000000000000000000000000000
18213658000500200108102313160400000060000000000000000000000001
07213659000000200108102313240000000000000000100000000000000000
092136590001002001081023132400000000000001250006220000000186I 0000000000000000000000000000100000000530000000000020000000000
092136590002002001081023132400000000000003010000010000000999000000000000000000000000000000000000006000000000000050000000000
092136590003002001081023132400000000000001050005660000000169000000000000000000000000000000100000000500000000000020000000000
11213659000400200108102313240000040000030000001354000000135400000000000000000000000000135400000000000000
122136590005002001081023132403060000000000000000000000000000000000000000001354000000000000000000000000000000
07213660000000200108102313280000000000000000100000000000000000
092136600001002001081023132800000000000001050004000000000120000000000000000000000000000000100000000500000000000020000000000
092136600002002001081023132800000000000001090003840000000268000000000000000000000000000000100000001500000000000020000000000
092136600003002001081023132800000000000001080006620000000397000000000000000000000000000000100000001000000000000020000000000
17213660000400200108102313280000000000000999
092136600005002001081023132800000000000002180000010000000699000000000000000000000000000000000000002990000000000010000000000
11213660000600200108102313280000040000040000001484000000148400000000000000000000000000148400000000000000
122136600007002001081023132803020000000000000000000000000000000000000000001484000000000000000000000000000000
062136600008002001081023132900000100000200000000000000000000000000000000000000000000
07213661000000200108102313360000000000000000100000000000000000
092136610001002001081023133600000000000002040001980000000158000000000000000000000000000000100000000500000000000010000000000
092136610002002001081023133600000000000002030003540000000283000000000000000000000000000000100000002990000000000010000000000
11213661000300200108102313360000040000020000000441000000044100000000000000000000000000044100000000000000
122136610004002001081023133600000000000000000000000000000000000000000000000441000000000000000000000000000000
07213662000000200108102313360000000000000000100000000000000000
092136620001002001081023133600000000000002190000020000001598000000000000000000000000000000000000002250000000000010000000000
092136620002002001081023133600000000000003200000010000002299000000000000000000000000000000000000000000000000000050000000000
11213662000300200108102313360000040000020000003897000000389700000000000000000000000000389700000000000000
122136620004002001081023133603100000000000000000000000000000000000000000003897000000000000000000000000000000
07213663000000200108102313380000000000000000100000000000000000
17213663000100200108102313380000000000000799
092136630002002001081023133800000000000002190000010000000799000000000000000000000000000000000000002250000000000010000000000
092136630003002001081023133800000000000002120012020000000600000000000000000000000000000000100000002250000000000010000000000
092136630004002001081023133800000000000002150000010000000299000000000000000000000000000000000000000500000000000010000000000
092136630005002001081023133800000000000002110005760000000230000000000000000000000000000000100000000990000000000010000000000
11213663000600200108102313380000040000040000001928000000192800000000000000000000000000192800000000000000
122136630007002001081023133803020000000000000000000000000000000000000000001928000000000000000000000000000000
07213664000000200108102313390000000000000000100000000000000000
092136640001002001081023133900000000000002200000010000000499000000000000000000000000000000000000000990000000000010000000000
092136640002002001081023133900000000000005020000020000000200I 0000000000000000000000000000000000000100000000000060000000000
092136640003002001081023133900000000000001230000840000000076000000000000000000000000000000100000008750000000000020000000000
092136640004002001081023133900000000000002320000010000000199000000000000000000000000000000000000000500000000000010000000000
11213664000500200108102313390000040000040000000974000000097400000000000000000000000000097400000000000000
122136640006002001081023133903020000000000000000000000000000000000000000000974000000000000000000000000000000
07213665000000200108102313420000000000000000100000000000000000
092136650001002001081023134200000000000002040005580000000446000000000000000000000000000000100000000500000000000010000000000
092136650002002001081023134200000000000005240000020000000998I 0100000000000000000000000000000000003000000000000080000000000
092136650003002001081023134200000000000002190000020000001598000000000000000000000000000000000000002250000000000010000000000
092136650004002001081023134200000000000005400000020000000598000000000000000000000000000000000000001990000000000080000000000
11213665000500200108102313420000040000040000003640000000364000000000000000000000000000364000000000000000
122136650006002001081023134200000000000000000000000000000000000000000000003640000000000000000000000000000000
07213666000000200108102313430000000000000000100000000000000000
092136660001002001081023134300000000000001130012080000000482000000000000000000000000000000100000001500000000000020000000000
092136660002002001081023134300000000000001020008740000000174000000000000000000000000000000100000001200000000000020000000000
092136660003002001081023134300000000000001060007520000000375000000000000000000000000000000100000001500000000000020000000000
092136660004002001081023134300000000000001050006840000000205000000000000000000000000000000100000000500000000000020000000000
092136660005002001081023134300000000000002040004160000000332000000000000000000000000000000100000000500000000000010000000000
092136660006002001081023134300000000000001290009180000000274000000000000000000000000000000100000000250000000000020000000000
11213666000700200108102313430000040000060000001842000000184200000000000000000000000000500000000031580000
122136660008002001081023134300000000000000000000000000000000000000000000001842000000000000000000000000000000
07213667000000200108102313450000000000000000100000000000000000
092136670001002001081023134500000000000001020006280000000125000000000000000000000000000000100000001200000000000020000000000
092136670002002001081023134500000000000001070001900000000475000000000000000000000000000000100000005000000000000020000000000
11213667000300200108102313450000040000020000000600000000060000000000000000000000000000060000000000000000
122136670004002001081023134500000000000000000000000000000000000000000000000600000000000000000000000000000000
07213668000000200108102313450000000000000000100000000000000000
092136680001002001081023134500000000000001080004280000000256000000000000000000000000000000100000001000000000000020000000000
092136680002002001081023134500000000000003250000010000000150000000000000000000000000000000000000000790000000000040000000000
11213668000300200108102313450000040000020000000406000000040600000000000000000000000000040600000000000000
122136680004002001081023134500000000000000000000000000000000000000000000000406000000000000000000000000000000
062136680005002001081023134700000100000050000000000000000000000000000000000000000000
18213668000600200108102313480400000030000000000000000000000001
07213669000000200108102313500000000000000000100000000000000000
092136690001002001081023135000000000000003300000010000001499I 0300000000000000000000000000000000000000000000000050000000000
11213669000200200108102313500000040000010000001499000000149900000000000000000000000000149900000000000000
122136690003002001081023135000000000000000000000000000000000000000000000001499000000000000000000000000000000
07213670000000200108102313510000000000000000100000000000000000
092136700001002001081023135100000000000003190000010000000500000000000000000000000000000000000000002000000000000050000000000
11213670000200200108102313510000040000010000000500000000050000000000000000000000000000050000000000000000
122136700003002001081023135100000000000000000000000000000000000000000000000500000000000000000000000000000000
07213671000000200108102313560000000000000000100000000000000000
092136710001002001081023135600000000000003190000010000000500000000000000000000000000000000000000002000000000000050000000000
11213671000200200108102313560000040000010000000500000000050000000000000000000000000000050000000000000000
122136710003002001081023135600000000000000000000000000000000000000000000000500000000000000000000000000000000
07213672000000200108102313570000000000000000100000000000000000
092136720001002001081023135700000000000002250011280000000676000000000000000000000000000000100000002670000000000010000000000
11213672000200200108102313570000040000010000000676000000067600000000000000000000000000500000000043240000
122136720003002001081023135700000000000000000000000000000000000000000000000676000000000000000000000000000000
07213673000000200108102313580000000000000000100000000000000000
092136730001002001081023135800000000000001070000800000000200000000000000000000000000000000100000005000000000000020000000000
11213673000200200108102313580000040000010000000200000000020000000000000000000000000000020000000000000000
122136730003002001081023135800000000000000000000000000000000000000000000000200000000000000000000000000000000
062136730004002001081023135800000100000050000000000000000000000000000000000000000000
07213674000000200108102313590000000000000000100000000000000000
092136740001002001081023135900000000000002150000010000000299000000000000000000000000000000000000000500000000000010000000000
11213674000200200108102313590000040000010000000299000000029900000000000000000000000000029900000000000000
122136740003002001081023135900000000000000000000000000000000000000000000000299000000000000000000000000000000
14213675000000200108102314000000010000000000
07213676000000200108102314010000000000000000100000000000000000
092136760001002001081023140100000000000002480007060000000282000000000000000000000000000000100000001000000000000010000000000
11213676000200200108102314010000040000010000000282000000028200000000000000000000000000028200000000000000
122136760003002001081023140100000000000000000000000000000000000000000000000282000000000000000000000000000000
07213677000000200108102314050000000000000000100000000000000000
092136770001002001081023140500000000000001010006060000000181000000000000000000000000000000100000001400000000000020000000000
11213677000200200108102314050000040000010000000181000000018100000000000000000000000000200000000018190000
122136770003002001081023140500000000000000000000000000000000000000000000000181000000000000000000000000000000
14213678000000200108102314060000010000000000
07213679000000200108102314070000000000000000100000000000000000
092136790001002001081023140700000000000002040006000000000479000000000000000000000000000000100000000500000000000010000000000
11213679000200200108102314070000040000010000000479000000047900000000000000000000000000047900000000000000
122136790003002001081023140703100000000000000000000000000000000000000000000479000000000000000000000000000000
07213680000000200108102314080000000000000000100000000000000000
092136800001002001081023140800000000000004060000140000000210I 0300000000000000000000000000100000015000000000000030000000000
11213680000200200108102314080000040000010000000210000000021000000000000000000000000000021000000000000000
122136800003002001081023140800000000000000000000000000000000000000000000000210000000000000000000000000000000
0421368100000020010810231409000001213516213681000002272209500000022739260508102300001674910000000000000000000000000005050001000000000000000000000000000000000000000000000000000000000000000000000000000000001234567890AB        
