01220070000000200119112306370000010000003000000002341843941.82G5E   1234567890AB        Generica            
02220070000100200119112306370000010000040000000000
07220071000000200119112307090000000000000000100000000000000000
092200710001002001191123070900000000000002030005140000000411000000000000000000000000000000100000002990000000000010000000000
092200710002002001191123070900000000000002090005660000000735000000000000000000000000000000100000004720000000000010000000000
11220071000300200119112307090000040000020000001146000000114600000000000000000000000000120000000000540000
122200710004002001191123070900000000000000000000000000000000000000000000001146000000000000000000000000000000
07220072000000200119112307170000000000000000100000000000000000
092200720001002001191123071700000000000002090009900000001286000000000000000000000000000000100000004720000000000010000000000
17220072000200200119112307170000000000000999
11220072000300200119112307170000040000010000001286000000128600000000000000000000000000200000000007140000
122200720004002001191123071700000000000000000000000000000000000000000000001286000000000000000000000000000000
07220073000000200119112307190000000000000000100000000000000000
092200730001002001191123071900000000000001080002620000000209000000000000000000000000000000100000001000000000000020000000000
092200730002002001191123071900000000000003250000010000000199000000000000000000000000000000000000000790000000000040000000000
092200730003002001191123071900000000000003010000010000000999000000000000000000000000000000000000006000000000000050000000000
092200730004002001191123071900000000000002260006600000000329000000000000000000000000000000100000002000000000000010000000000
092200730005002001191123071900000000000001170004740000000094000000000000000000000000000000100000001000000000000020000000000
092200730006002001191123071900000000000002040002500000000150000000000000000000000000000000100000000500000000000010000000000
11220073000700200119112307190000040000060000001980000000198000000000000000000000000000198000000000000000
122200730008002001191123071903020000000000000000000000000000000000000000001980000000000000000000000000000000
14220074000000200119112307200000010000000000
07220075000000200119112307250000000000000000100000000000000000
092200750001002001191123072500000000000003250000030000000597000000000000000000000000000000000000000790000000000040000000000
092200750002002001191123072500000000000004200000030000000300I 0000000000000000000000000000000000000000000000000030000000000
11220075000300200119112307250000040000020000000897000000089700000000000000000000000000100000000001030000
122200750004002001191123072500000000000000000000000000000000000000000000000897000000000000000000000000000000
07220076000000200119112307370000000000000000100000000000000000
092200760001002001191123073700000000000002080008560000000427000000000000000000000000000000100000000500000000000010000000000
11220076000200200119112307370000040000010000000427000000042700000000000000000000000000100000000005730000
122200760003002001191123073700000000000000000000000000000000000000000000000427000000000000000000000000000000
07220077000000200119112307400000000000000000100000000000000000
092200770001002001191123074000000000000003190000010000000500000000000000000000000000000000000000002000000000000050000000000
11220077000200200119112307400000040000010000000500000000050000000000000000000000000000050000000000000000
122200770003002001191123074003020000000000000000000000000000000000000000000500000000000000000000000000000000
07220078000000200119112307540000000000000000100000000000000000
092200780001002001191123075400000000000003190000010000000500000000000000000000000000000000000000002000000000000050000000000
11220078000200200119112307540000040000010000000500000000050000000000000000000000000000050000000000000000
122200780003002001191123075400000000000000000000000000000000000000000000000500000000000000000000000000000000
07220079000000200119112308020000000000000000100000000000000000
092200790001002001191123080200000000000003190000010000000500000000000000000000000000000000000000002000000000000050000000000
11220079000200200119112308020000040000010000000500000000050000000000000000000000000000050000000000000000
122200790003002001191123080200000000000000000000000000000000000000000000000500000000000000000000000000000000
14220080000000200119112308100000010000000000
07220081000000200119112308160000000000000000100000000000000000
092200810001002001191123081600000000000003250000020000000398000000000000000000000000000000000000000790000000000040000000000
11220081000200200119112308160000040000010000000398000000039800000000000000000000000000039800000000000000
122200810003002001191123081603020000000000000000000000000000000000000000000398000000000000000000000000000000
07220082000000200119112308230000000000000000100000000000000000
092200820001002001191123082300000000000005080000010000002399I 0100000000000000000000000000000000019000000000000070000000000
11220082000200200119112308230000040000010000002399000000239900000000000000000000000000240000000000010000
122200820003002001191123082300000000000000000000000000000000000000000000002399000000000000000000000000000000
07220083000000200119112308250000000000000000100000000000000000
092200830001002001191123082500000000000001080002480000000198000000000000000000000000000000100000001000000000000020000000000
11220083000200200119112308250000040000010000000198000000019800000000000000000000000000019800000000000000
122200830003002001191123082500000000000000000000000000000000000000000000000198000000000000000000000000000000
14220084000000200119112308260000010000000000
07220085000000200119112308270000000000000000100000000000000000
092200850001002001191123082700000000000003250000010000000199000000000000000000000000000000000000000790000000000040000000000
092200850002002001191123082700000000000002200000010000000499000000000000000000000000000000000000000990000000000010000000000
092200850003002001191123082700000000000005020000040000000400I 0000000000000000000000000000000000000100000000000060000000000
11220085000400200119112308270000040000030000001098000000109800000000000000000000000000109800000000000000
122200850005002001191123082700000000000000000000000000000000000000000000001098000000000000000000000000000000
07220086000000200119112308280000000000000000100000000000000000
092200860001002001191123082800000000000003250000040000000796000000000000000000000000000000000000000790000000000040000000000
092200860002002001191123082800000000000001020019820000000593000000000000000000000000000000100000001200000000000020000000000
11220086000300200119112308280000040000020000001389000000138900000000000000000000000000138900000000000000
122200860004002001191123082800000000000000000000000000000000000000000000001389000000000000000000000000000000
07220087000000200119112308360000000000000000100000000000000000
092200870001002001191123083600000000000001060001500000000075000000000000000000000000000000100000001500000000000020000000000
092200870002002001191123083600000000000011000003080000000092000000000000000000000000000000100000000990000000000020000000000
092200870003002001191123083600000000000002480001400000000056000000000000000000000000000000100000001000000000000010000000000
092200870004002001191123083600000000000001080001700000000136000000000000000000000000000000100000001000000000000020000000000
092200870005002001191123083600000000000001250002620000000078I 0000000000000000000000000000100000000530000000000020000000000
092200870006002001191123083600000000000002150000010000000279000000000000000000000000000000000000000500000000000010000000000
092200870007002001191123083600000000000001010004400000000220000000000000000000000000000000100000002080000000000020000000000
092200870008002001191123083600000000000001270002420000000121000000000000000000000000000000100000000250000000000020000000000
11220087000900200119112308360000040000080000001057000000105700000000000000000000000000105700000000000000
122200870010002001191123083603020000000000000000000000000000000000000000001057000000000000000000000000000000
07220088000000200119112308390000000000000000100000000000000000
092200880001002001191123083900000000000003250000020000000398000000000000000000000000000000000000000790000000000040000000000
11220088000200200119112308390000040000010000000398000000039800000000000000000000000000039800000000000000
122200880003002001191123083900000000000000000000000000000000000000000000000398000000000000000000000000000000
14220089000000200119112308400000010000000000
07220090000000200119112308410000000000000000100000000000000000
092200900001002001191123084100000000000003250000010000000199000000000000000000000000000000000000000790000000000040000000000
11220090000200200119112308410000040000010000000199000000019900000000000000000000000000019900000000000000
122200900003002001191123084100000000000000000000000000000000000000000000000199000000000000000000000000000000
07220091000000200119112308420000000000000000100000000000000000
092200910001002001191123084200000000000001050008200000000409000000000000000000000000000000100000000500000000000020000000000
092200910002002001191123084200000000000001020006860000000205000000000000000000000000000000100000001200000000000020000000000
11220091000300200119112308420000040000020000000614000000061400000000000000000000000000061400000000000000
122200910004002001191123084200000000000000000000000000000000000000000000000614000000000000000000000000000000
07220092000000200119112308430000000000000000100000000000000000
092200920001002001191123084300000000000001020007300000000218000000000000000000000000000000100000001200000000000020000000000
092200920002002001191123084300000000000002130014880000000519000000000000000000000000000000100000001400000000000010000000000
11220092000300200119112308430000040000020000000737000000073700000000000000000000000000100000000002630000
122200920004002001191123084300000000000000000000000000000000000000000000000737000000000000000000000000000000
07220093000000200119112308460000000000000000100000000000000000
092200930001002001191123084600000000000001240002360000000189000000000000000000000000000000100000001670000000000020000000000
092200930002002001191123084600000000000001040002680000000214000000000000000000000000000000100000002000000000000020000000000
092200930003002001191123084600000000000001080003060000000244000000000000000000000000000000100000001000000000000020000000000
092200930004002001191123084600000000000001010007160000000357000000000000000000000000000000100000002080000000000020000000000
092200930005002001191123084600000000000003250000010000000199000000000000000000000000000000000000000790000000000040000000000
11220093000600200119112308460000040000050000001203000000120300000000000000000000000000120300000000000000
122200930007002001191123084603020000000000000000000000000000000000000000001203000000000000000000000000000000
14220094000000200119112308470000010000000000
07220095000000200119112308470000000000000000100000000000000000
092200950001002001191123084700000000000001050009820000000490000000000000000000000000000000100000000500000000000020000000000
11220095000200200119112308470000040000010000000490000000049000000000000000000000000000050000000000100000
122200950003002001191123084700000000000000000000000000000000000000000000000490000000000000000000000000000000
07220096000000200119112308500000000000000000100000000000000000
092200960001002001191123085000000000000001090001020000000081000000000000000000000000000000100000001500000000000020000000000
092200960002002001191123085000000000000001080001960000000157000000000000000000000000000000100000001000000000000020000000000
092200960003002001191123085000000000000002090003420000000444000000000000000000000000000000100000004720000000000010000000000
092200960004002001191123085000000000000001250003120000000093I 0000000000000000000000000000100000000530000000000020000000000
092200960005002001191123085000000000000002130008980000000313000000000000000000000000000000100000001400000000000010000000000
092200960006002001191123085000000000000002040002000000000120000000000000000000000000000000100000000500000000000010000000000
092200960007002001191123085000000000000011000003080000000092000000000000000000000000000000100000000990000000000020000000000
092200960008002001191123085000000000000002010007120000000320000000000000000000000000000000100000000990000000000010000000000
092200960009002001191123085000000000000001060002620000000131000000000000000000000000000000100000001500000000000020000000000
092200960010002001191123085000000000000002180000010000000699000000000000000000000000000000000000002990000000000010000000000
092200960011002001191123085000000000000002070013000000000909000000000000000000000000000000100000001990000000000010000000000
092200960012002001191123085000000000000002070013000000000909000000000000000000000000000000100000001990000000000010000000000
092200960013002001191123085000000000000001050002140000000107000000000000000000000000000000100000000500000000000020000000000
092200960014002001191123085000000000000001020005860000000175000000000000000000000000000000100000001200000000000020000000000
11220096001500200119112308500000040000140000004550000000455000000000000000000000000000455000000000000000
122200960016002001191123085003020000000000000000000000000000000000000000004550000000000000000000000000000000
07220097000000200119112308510000000000000000100000000000000000
092200970001002001191123085100000000000003250000020000000398000000000000000000000000000000000000000790000000000040000000000
11220097000200200119112308510000040000010000000398000000039800000000000000000000000000039800000000000000
122200970003002001191123085100000000000000000000000000000000000000000000000398000000000000000000000000000000
07220098000000200119112309010000000000000000100000000000000000
092200980001002001191123090100000000000005080000010000002399I 0100000000000000000000000000000000019000000000000070000000000
092200980002002001191123090100000000000002070003680000000257000000000000000000000000000000100000001990000000000010000000000
11220098000300200119112309010000040000020000002656000000265600000000000000000000000000265600000000000000
122200980004002001191123090103020000000000000000000000000000000000000000002656000000000000000000000000000000
07220099000000200119112309070000000000000000100000000000000000
092200990001002001191123090700000000000003250000030000000597000000000000000000000000000000000000000790000000000040000000000
092200990002002001191123090700000000000001300000010000000399000000000000000000000000000000000000001000000000000020000000000
092200990003002001191123090700000000000001010009500000000474000000000000000000000000000000100000002080000000000020000000000
092200990004002001191123090700000000000002020007200000000575000000000000000000000000000000100000001990000000000010000000000
092200990005002001191123090700000000000002250008920000000534000000000000000000000000000000100000002670000000000010000000000
11220099000600200119112309070000040000050000002579000000257900000000000000000000000000260000000000210000
122200990007002001191123090700000000000000000000000000000000000000000000002579000000000000000000000000000000
07220100000000200119112309140000000000000000100000000000000000
092201000001002001191123091400000000000001010008560000000427000000000000000000000000000000100000002080000000000020000000000
11220100000200200119112309140000040000010000000427000000042700000000000000000000000000100000000005730000
122201000003002001191123091400000000000000000000000000000000000000000000000427000000000000000000000000000000
07220101000000200119112309180000000000000000100000000000000000
092201010001002001191123091800000000000001110025000000000748000000000000000000000000000000100000001990000000000020000000000
092201010002002001191123091800000000000005020000060000000600I 0000000000000000000000000000000000000100000000000060000000000
092201010003002001191123091800000000000002150000040000001116000000000000000000000000000000000000000500000000000010000000000
092201010004002001191123091800000000000005400000010000000299000100000000000000000000000000000000001990000000000080000000000
092201010005002001191123091800000000000005290000020000000698I 0100000000000000000000000000000000001000000000000080000000000
092201010006002001191123091800000000000005400000010000000299000100000000000000000000000000000000001990000000000080000000000
092201010007002001191123091800000000000005400000010000000299000100000000000000000000000000000000001990000000000080000000000
11220101000800200119112309180000040000070000004059000000405900000000000000000000000000405900000000000000
122201010009002001191123091803050000000000000000000000000000000000000000004059000000000000000000000000000000
07220102000000200119112309190000000000000000100000000000000000
092201020001002001191123091900000000000001020004240000000127000000000000000000000000000000100000001200000000000020000000000
092201020002002001191123091900000000000001290003060000000091000000000000000000000000000000100000000250000000000020000000000
11220102000300200119112309190000040000020000000218000000021800000000000000000000000000100000000007820000
122201020004002001191123091900000000000000000000000000000000000000000000000218000000000000000000000000000000
07220103000000200119112309190000000000000000100000000000000000
092201030001002001191123091900000000000005020000020000000200I 0000000000000000000000000000000000000100000000000060000000000
11220103000200200119112309190000040000010000000200000000020000000000000000000000000000050000000003000000
122201030003002001191123091900000000000000000000000000000000000000000000000200000000000000000000000000000000
07220104000000200119112309220000000000000000100000000000000000
092201040001002001191123092200000000000003250000010000000199000000000000000000000000000000000000000790000000000040000000000
11220104000200200119112309220000040000010000000199000000019900000000000000000000000000500000000048010000
122201040003002001191123092200000000000000000000000000000000000000000000000199000000000000000000000000000000
07220105000000200119112309330000000000000000100000000000000000
092201050001002001191123093300000000000003250000010000000199000000000000000000000000000000000000000790000000000040000000000
11220105000200200119112309330000040000010000000199000000019900000000000000000000000000019900000000000000
122201050003002001191123093300000000000000000000000000000000000000000000000199000000000000000000000000000000
07220106000000200119112309360000000000000000100000000000000000
092201060001002001191123093600000000000001010003080000000154000000000000000000000000000000100000002080000000000020000000000
092201060002002001191123093600000000000001080002500000000200000000000000000000000000000000100000001000000000000020000000000
092201060003002001191123093600000000000003250000010000000199000000000000000000000000000000000000000790000000000040000000000
11220106000400200119112309360000040000030000000553000000055300000000000000000000000000070000000001470000
122201060005002001191123093600000000000000000000000000000000000000000000000553000000000000000000000000000000
07220107000000200119112309430000000000000000100000000000000000
092201070001002001191123094300000000000001020006220000000186000000000000000000000000000000100000001200000000000020000000000
092201070002002001191123094300000000000011000008160000000244000000000000000000000000000000100000000990000000000020000000000
092201070003002001191123094300000000000002110006380000000255000000000000000000000000000000100000000990000000000010000000000
092201070004002001191123094300000000000002290000010000000599000000000000000000000000000000000000002500000000000010000000000
092201070005002001191123094300000000000002150000010000000279000000000000000000000000000000000000000500000000000010000000000
092201070006002001191123094300000000000002070008640000000604000000000000000000000000000000100000001990000000000010000000000
11220107000700200119112309430000040000060000002167000000216700000000000000000000000000216700000000000000
122201070008002001191123094303020000000000000000000000000000000000000000002167000000000000000000000000000000
07220108000000200119112309440000000000000000100000000000000000
092201080001002001191123094400000000000005020000030000000300I 0000000000000000000000000000000000000100000000000060000000000
11220108000200200119112309440000040000010000000300000000030000000000000000000000000000030000000000000000
122201080003002001191123094403060000000000000000000000000000000000000000000300000000000000000000000000000000
07220109000000200119112309450000000000000000100000000000000000
092201090001002001191123094500000000000001060003240000000162000000000000000000000000000000100000001500000000000020000000000
11220109000200200119112309450000040000010000000162000000016200000000000000000000000000016200000000000000
122201090003002001191123094500000000000000000000000000000000000000000000000162000000000000000000000000000000
07220110000000200119112309490000000000000000100000000000000000
092201100001002001191123094900000000000011000004240000000127000000000000000000000000000000100000000990000000000020000000000
092201100002002001191123094900000000000003250000010000000199000000000000000000000000000000000000000790000000000040000000000
092201100003002001191123094900000000000001090001100000000088000000000000000000000000000000100000001500000000000020000000000
092201100004002001191123094900000000000001080001400000000112000000000000000000000000000000100000001000000000000020000000000
11220110000500200119112309490000040000040000000526000000052600000000000000000000000000052600000000000000
122201100006002001191123094900000000000000000000000000000000000000000000000526000000000000000000000000000000
07220111000000200119112309490000000000000000100000000000000000
092201110001002001191123094900000000000003250000010000000199000000000000000000000000000000000000000790000000000040000000000
11220111000200200119112309490000040000010000000199000000019900000000000000000000000000019900000000000000
122201110003002001191123094900000000000000000000000000000000000000000000000199000000000000000000000000000000
07220112000000200119112309510000000000000000100000000000000000
092201120001002001191123095100000000000001020012740000000381000000000000000000000000000000100000001200000000000020000000000
092201120002002001191123095100000000000001290002260000000068000000000000000000000000000000100000000250000000000020000000000
092201120003002001191123095100000000000002010006520000000293000000000000000000000000000000100000000990000000000010000000000
092201120004002001191123095100000000000001070001300000000325000000000000000000000000000000100000005000000000000020000000000
092201120005002001191123095100000000000003250000010000000199000000000000000000000000000000000000000790000000000040000000000
11220112000600200119112309510000040000050000001266000000126600000000000000000000000000126600000000000000
122201120007002001191123095103020000000000000000000000000000000000000000001266000000000000000000000000000000
07220113000000200119112309510000000000000000100000000000000000
092201130001002001191123095100000000000001020007700000000230000000000000000000000000000000100000001200000000000020000000000
11220113000200200119112309510000040000010000000230000000023000000000000000000000000000023000000000000000
122201130003002001191123095100000000000000000000000000000000000000000000000230000000000000000000000000000000
07220114000000200119112309530000000000000000100000000000000000
092201140001002001191123095300000000000001130010260000000409000000000000000000000000000000100000001500000000000020000000000
092201140002002001191123095300000000000001050003860000000193000000000000000000000000000000100000000500000000000020000000000
092201140003002001191123095300000000000001020010080000000301000000000000000000000000000000100000001200000000000020000000000
092201140004002001191123095300000000000002250010100000000605000000000000000000000000000000100000002670000000000010000000000
092201140005002001191123095300000000000002070007840000000548000000000000000000000000000000100000001990000000000010000000000
11220114000600200119112309530000040000050000002056000000205600000000000000000000000000300000000009440000
122201140007002001191123095300000000000000000000000000000000000000000000002056000000000000000000000000000000
07220115000000200119112309540000000000000000100000000000000000
092201150001002001191123095400000000000001020007980000000239000000000000000000000000000000100000001200000000000020000000000
11220115000200200119112309540000040000010000000239000000023900000000000000000000000000040000000001610000
122201150003002001191123095400000000000000000000000000000000000000000000000239000000000000000000000000000000
07220116000000200119112309540000000000000000100000000000000000
092201160001002001191123095400000000000002170000010000000899000000000000000000000000000000000000006500000000000010000000000
092201160002002001191123095400000000000002180000010000000699000000000000000000000000000000000000002990000000000010000000000
092201160003002001191123095400000000000002190000010000000599000000000000000000000000000000000000002250000000000010000000000
11220116000400200119112309540000040000030000002197000000219700000000000000000000000000500000000028030000
122201160005002001191123095400000000000000000000000000000000000000000000002197000000000000000000000000000000
07220117000000200119112309550000000000000000100000000000000000
092201170001002001191123095500000000000002220000020000000998000000000000000000000000000000000000001500000000000010000000000
11220117000200200119112309550000040000010000000998000000099800000000000000000000000000200000000010020000
122201170003002001191123095500000000000000000000000000000000000000000000000998000000000000000000000000000000
07220118000000200119112309560000000000000000100000000000000000
092201180001002001191123095600000000000002220000010000000499000000000000000000000000000000000000001500000000000010000000000
11220118000200200119112309560000040000010000000499000000049900000000000000000000000000049900000000000000
122201180003002001191123095600000000000000000000000000000000000000000000000499000000000000000000000000000000
07220119000000200119112309570000000000000000100000000000000000
092201190001002001191123095700000000000003250000010000000199000000000000000000000000000000000000000790000000000040000000000
11220119000200200119112309570000040000010000000199000000019900000000000000000000000000100000000008010000
122201190003002001191123095700000000000000000000000000000000000000000000000199000000000000000000000000000000
14220120000000200119112310010000010000002561
07220121000000200119112310070000000000000000100000000000000000
092201210001002001191123100700000000000003010000010000000999000000000000000000000000000000000000006000000000000050000000000
092201210002002001191123100700000000000003250000010000000199000000000000000000000000000000000000000790000000000040000000000
092201210003002001191123100700000000000002080013340000000666000000000000000000000000000000100000000500000000000010000000000
092201210004002001191123100700000000000002120009640000000577000000000000000000000000000000100000002250000000000010000000000
092201210005002001191123100700000000000002010007540000000339000000000000000000000000000000100000000990000000000010000000000
092201210006002001191123100700000000000001020008140000000243000000000000000000000000000000100000001200000000000020000000000
092201210007002001191123100700000000000002250010440000000625000000000000000000000000000000100000002670000000000010000000000
092201210008002001191123100700000000000001210000010000000599000000000000000000000000000000000000001000000000000020000000000
092201210009002001191123100700000000000002070012780000000893000000000000000000000000000000100000001990000000000010000000000
092201210010002001191123100700000000000001080003740000000299000000000000000000000000000000100000001000000000000020000000000
092201210011002001191123100700000000000002040003720000000223000000000000000000000000000000100000000500000000000010000000000
11220121001200200119112310070000040000110000005662000000566200000000000000000000000000566200000000000000
122201210013002001191123100703020000000000000000000000000000000000000000005662000000000000000000000000000000
07220122000000200119112310100000000000000000100000000000000000
092201220001002001191123101000000000000002180000010000000699000000000000000000000000000000000000002990000000000010000000000
11220122000200200119112310100000040000010000000699000000069900000000000000000000000000069900000000000000
122201220003002001191123101000000000000000000000000000000000000000000000000699000000000000000000000000000000
07220123000000200119112310140000000000000000100000000000000000
092201230001002001191123101400000000000003250000010000000199000000000000000000000000000000000000000790000000000040000000000
092201230002002001191123101400000000000003250000010000000199000000000000000000000000000000000000000790000000000040000000000
092201230003002001191123101400000000000001080002500000000200000000000000000000000000000000100000001000000000000020000000000
092201230004002001191123101400000000000001070001360000000340000000000000000000000000000000100000005000000000000020000000000
092201230005002001191123101400000000000002040002020000000121000000000000000000000000000000100000000500000000000010000000000
11220123000600200119112310140000040000050000001059000000105900000000000000000000000000105900000000000000
122201230007002001191123101403060000000000000000000000000000000000000000001059000000000000000000000000000000
07220124000000200119112310150000000000000000100000000000000000
092201240001002001191123101500000000000001120002660000000159000000000000000000000000000000100000001000000000000020000000000
092201240002002001191123101500000000000001140000740000000059000000000000000000000000000000100000000500000000000020000000000
11220124000300200119112310150000040000020000000218000000021800000000000000000000000000021800000000000000
122201240004002001191123101500000000000000000000000000000000000000000000000218000000000000000000000000000000
07220125000000200119112310160000000000000000100000000000000000
092201250001002001191123101600000000000011000015400000000460000000000000000000000000000000100000000990000000000020000000000
11220125000200200119112310160000040000010000000460000000046000000000000000000000000000050000000000400000
122201250003002001191123101600000000000000000000000000000000000000000000000460000000000000000000000000000000
07220126000000200119112310180000000000000000100000000000000000
092201260001002001191123101800000000000001050000680000000034000000000000000000000000000000100000000500000000000020000000000
11220126000200200119112310180000040000010000000034000000003400000000000000000000000000003400000000000000
122201260003002001191123101800000000000000000000000000000000000000000000000034000000000000000000000000000000
07220127000000200119112310240000000000000000100000000000000000
092201270001002001191123102400000000000001140005520000000441000000000000000000000000000000100000000500000000000020000000000
092201270002002001191123102400000000000002020010540000000842000000000000000000000000000000100000001990000000000010000000000
11220127000300200119112310240000040000020000001283000000128300000000000000000000000000500000000037170000
122201270004002001191123102400000000000000000000000000000000000000000000001283000000000000000000000000000000
18220127000500200119112310261200000012000000000000000000000001
07220128000000200119112310320000000000000000100000000000000000
092201280001002001191123103200000000000002080006780000000338000000000000000000000000000000100000000500000000000010000000000
092201280002002001191123103200000000000002070003420000000239000000000000000000000000000000100000001990000000000010000000000
092201280003002001191123103200000000000001170003360000000067000000000000000000000000000000100000001000000000000020000000000
11220128000400200119112310320000040000030000000644000000064400000000000000000000000000200000000013560000
122201280005002001191123103200000000000000000000000000000000000000000000000644000000000000000000000000000000
07220129000000200119112310320000000000000000100000000000000000
092201290001002001191123103200000000000003190000010000000500000000000000000000000000000000000000002000000000000050000000000
11220129000200200119112310320000040000010000000500000000050000000000000000000000000000050000000000000000
122201290003002001191123103203020000000000000000000000000000000000000000000500000000000000000000000000000000
14220130000000200119112310390000010000000000
07220131000000200119112310410000000000000000100000000000000000
092201310001002001191123104100000000000003250000010000000199000000000000000000000000000000000000000790000000000040000000000
092201310002002001191123104100000000000002120011660000000698000000000000000000000000000000100000002250000000000010000000000
092201310003002001191123104100000000000002260010780000000538000000000000000000000000000000100000002000000000000010000000000
092201310004002001191123104100000000000001170004600000000092000000000000000000000000000000100000001000000000000020000000000
11220131000500200119112310410000040000040000001527000000152700000000000000000000000000152700000000000000
122201310006002001191123104103020000000000000000000000000000000000000000001527000000000000000000000000000000
07220132000000200119112310410000000000000000100000000000000000
092201320001002001191123104100000000000003250000010000000199000000000000000000000000000000000000000790000000000040000000000
11220132000200200119112310410000040000010000000199000000019900000000000000000000000000019900000000000000
122201320003002001191123104100000000000000000000000000000000000000000000000199000000000000000000000000000000
14220133000000200119112310510000010000000000
07220134000000200119112310530000000000000000100000000000000000
092201340001002001191123105300000000000005070000010000002000I 0100000000000000000000000000000000012000000000000080000000000
092201340002002001191123105300000000000001050003000000000150000000000000000000000000000000100000000500000000000020000000000
11220134000300200119112310530000040000020000002150000000215000000000000000000000000000215000000000000000
122201340004002001191123105303060000000000000000000000000000000000000000002150000000000000000000000000000000
14220135000000200119112310570000010000000000
07220136000000200119112310580000000000000000100000000000000000
092201360001002001191123105800000000000004020000050000000500I 0300000000000000000000000000000000000230000000000030000000000
092201360002002001191123105800000000000001180005880000000235000000000000000000000000000000100000001000000000000020000000000
092201360003002001191123105800000000000003250000010000000199000000000000000000000000000000000000000790000000000040000000000
092201360004002001191123105800000000000001080006240000000499000000000000000000000000000000100000001000000000000020000000000
092201360005002001191123105800000000000005080000010000002399I 0100000000000000000000000000000000019000000000000070000000000
11220136000600200119112310580000040000050000003832000000383200000000000000000000000000383200000000000000
122201360007002001191123105803020000000000000000000000000000000000000000003832000000000000000000000000000000
07220137000000200119112310590000000000000000100000000000000000
092201370001002001191123105900000000000003250000010000000199000000000000000000000000000000000000000790000000000040000000000
11220137000200200119112310590000040000010000000199000000019900000000000000000000000000019900000000000000
122201370003002001191123105900000000000000000000000000000000000000000000000199000000000000000000000000000000
07220138000000200119112311080000000000000000100000000000000000
092201380001002001191123110800000000000002080014580000000728000000000000000000000000000000100000000500000000000010000000000
092201380002002001191123110800000000000002040003360000000201000000000000000000000000000000100000000500000000000010000000000
092201380003002001191123110800000000000003250000010000000199000000000000000000000000000000000000000790000000000040000000000
11220138000400200119112311080000040000030000001128000000112800000000000000000000000000150000000003720000
122201380005002001191123110800000000000000000000000000000000000000000000001128000000000000000000000000000000
07220139000000200119112311100000000000000000100000000000000000
092201390001002001191123111000000000000002070012720000000889000000000000000000000000000000100000001990000000000010000000000
092201390002002001191123111000000000000001160004860000000243000000000000000000000000000000100000000670000000000020000000000
11220139000300200119112311100000040000020000001132000000113200000000000000000000000000113200000000000000
122201390004002001191123111003030000000000000000000000000000000000000000001132000000000000000000000000000000
07220140000000200119112311110000000000000000100000000000000000
092201400001002001191123111100000000000003250000020000000398000000000000000000000000000000000000000790000000000040000000000
11220140000200200119112311110000040000010000000398000000039800000000000000000000000000500000000046020000
122201400003002001191123111100000000000000000000000000000000000000000000000398000000000000000000000000000000
07220141000000200119112311140000000000000000100000000000000000
092201410001002001191123111400000000000001050002780000000139000000000000000000000000000000100000000500000000000020000000000
092201410002002001191123111400000000000001080000860000000069000000000000000000000000000000100000001000000000000020000000000
11220141000300200119112311140000040000020000000208000000020800000000000000000000000000020800000000000000
122201410004002001191123111403030000000000000000000000000000000000000000000208000000000000000000000000000000
07220142000000200119112311170000000000000000100000000000000000
092201420001002001191123111700000000000002070002880000000201000000000000000000000000000000100000001990000000000010000000000
17220142000200200119112311170000000000000349
11220142000300200119112311170000040000010000000201000000020100000000000000000000000000020100000000000000
122201420004002001191123111700000000000000000000000000000000000000000000000201000000000000000000000000000000
07220143000000200119112311180000000000000000100000000000000000
092201430001002001191123111800000000000003250000010000000199000000000000000000000000000000000000000790000000000040000000000
11220143000200200119112311180000040000010000000199000000019900000000000000000000000000019900000000000000
122201430003002001191123111800000000000000000000000000000000000000000000000199000000000000000000000000000000
07220144000000200119112311230000000000000000100000000000000000
092201440001002001191123112300000000000001080003520000000281000000000000000000000000000000100000001000000000000020000000000
092201440002002001191123112300000000000003250000010000000199000000000000000000000000000000000000000790000000000040000000000
092201440003002001191123112300000000000003190000010000000500000000000000000000000000000000000000002000000000000050000000000
092201440004002001191123112300000000000001090001640000000131000000000000000000000000000000100000001500000000000020000000000
11220144000500200119112311230000040000040000001111000000111100000000000000000000000000111100000000000000
122201440006002001191123112303060000000000000000000000000000000000000000001111000000000000000000000000000000
07220145000000200119112311310000000000000000100000000000000000
092201450001002001191123113100000000000003270000020000000240000000000000000000000000000000000000000000000000000050000000000
11220145000200200119112311310000040000010000000240000000024000000000000000000000000000050000000002600000
122201450003002001191123113100000000000000000000000000000000000000000000000240000000000000000000000000000000
07220146000000200119112311340000000000000000100000000000000000
092201460001002001191123113400000000000005020000040000000400I 0000000000000000000000000000000000000100000000000060000000000
11220146000200200119112311340000040000010000000400000000040000000000000000000000000000040000000000000000
122201460003002001191123113400000000000000000000000000000000000000000000000400000000000000000000000000000000
07220147000000200119112311380000000000000000100000000000000000
092201470001002001191123113800000000000001090001480000000118000000000000000000000000000000100000001500000000000020000000000
092201470002002001191123113800000000000002040005320000000319000000000000000000000000000000100000000500000000000010000000000
092201470003002001191123113800000000000003250000030000000597000000000000000000000000000000000000000790000000000040000000000
11220147000400200119112311380000040000030000001034000000103400000000000000000000000000103400000000000000
122201470005002001191123113800000000000000000000000000000000000000000000001034000000000000000000000000000000
07220148000000200119112311410000000000000000100000000000000000
092201480001002001191123114100000000000003250000010000000199000000000000000000000000000000000000000790000000000040000000000
092201480002002001191123114100000000000001080003600000000288000000000000000000000000000000100000001000000000000020000000000
092201480003002001191123114100000000000001240002180000000174000000000000000000000000000000100000001670000000000020000000000
092201480004002001191123114100000000000001090001320000000105000000000000000000000000000000100000001500000000000020000000000
092201480005002001191123114100000000000002040001240000000074000000000000000000000000000000100000000500000000000010000000000
092201480006002001191123114100000000000003250000010000000199000000000000000000000000000000000000000790000000000040000000000
092201480007002001191123114100000000000002110010080000000402000000000000000000000000000000100000000990000000000010000000000
11220148000800200119112311410000040000070000001441000000144100000000000000000000000000144100000000000000
122201480009002001191123114103020000000000000000000000000000000000000000001441000000000000000000000000000000
07220149000000200119112311420000000000000000100000000000000000
092201490001002001191123114200000000000003250000020000000398000000000000000000000000000000000000000790000000000040000000000
11220149000200200119112311420000040000010000000398000000039800000000000000000000000000039800000000000000
122201490003002001191123114200000000000000000000000000000000000000000000000398000000000000000000000000000000
07220150000000200119112311440000000000000000100000000000000000
092201500001002001191123114400000000000002070012620000000882000000000000000000000000000000100000001990000000000010000000000
092201500002002001191123114400000000000001040005060000000404000000000000000000000000000000100000002000000000000020000000000
092201500003002001191123114400000000000002150000010000000279000000000000000000000000000000000000000500000000000010000000000
092201500004002001191123114400000000000001080004480000000358000000000000000000000000000000100000001000000000000020000000000
11220150000500200119112311440000040000040000001923000000192300000000000000000000000000200000000000770000
122201500006002001191123114400000000000000000000000000000000000000000000001923000000000000000000000000000000
07220151000000200119112311500000000000000000100000000000000000
092201510001002001191123115000000000000002260012060000000602000000000000000000000000000000100000002000000000000010000000000
092201510002002001191123115000000000000003010000010000000999000000000000000000000000000000000000006000000000000050000000000
11220151000300200119112311500000040000020000001601000000160100000000000000000000000000160100000000000000
122201510004002001191123115003060000000000000000000000000000000000000000001601000000000000000000000000000000
07220152000000200119112311500000000000000000100000000000000000
092201520001002001191123115000000000000005020000030000000300I 0000000000000000000000000000000000000100000000000060000000000
11220152000200200119112311500000040000010000000300000000030000000000000000000000000000030000000000000000
122201520003002001191123115000000000000000000000000000000000000000000000000300000000000000000000000000000000
07220153000000200119112311540000000000000000100000000000000000
092201530001002001191123115400000000000001310000010000000499000000000000000000000000000000000000002500000000000020000000000
092201530002002001191123115400000000000002040005060000000303000000000000000000000000000000100000000500000000000010000000000
092201530003002001191123115400000000000001060002780000000139000000000000000000000000000000100000001500000000000020000000000
092201530004002001191123115400000000000001250006500000000194I 0000000000000000000000000000100000000530000000000020000000000
092201530005002001191123115400000000000004020000020000000200I 0300000000000000000000000000000000000230000000000030000000000
092201530006002001191123115400000000000004040000020000000200I 0300000000000000000000000000000000000270000000000030000000000
11220153000700200119112311540000040000060000001535000000153500000000000000000000000000153500000000000000
122201530008002001191123115403060000000000000000000000000000000000000000001535000000000000000000000000000000
07220154000000200119112311560000000000000000100000000000000000
092201540001002001191123115600000000000001010011220000000560000000000000000000000000000000100000002080000000000020000000000
092201540002002001191123115600000000000001080003420000000273000000000000000000000000000000100000001000000000000020000000000
092201540003002001191123115600000000000001060002840000000142000000000000000000000000000000100000001500000000000020000000000
11220154000400200119112311560000040000030000000975000000097500000000000000000000000000097500000000000000
122201540005002001191123115603060000000000000000000000000000000000000000000975000000000000000000000000000000
07220155000000200119112311580000000000000000100000000000000000
092201550001002001191123115800000000000003020000010000000150000000000000000000000000000000000000000500000000000030000000000
092201550002002001191123115800000000000001060006860000000342000000000000000000000000000000100000001500000000000020000000000
092201550003002001191123115800000000000001010011080000000553000000000000000000000000000000100000002080000000000020000000000
092201550004002001191123115800000000000001040002040000000163000000000000000000000000000000100000002000000000000020000000000
092201550005002001191123115800000000000001080003300000000264000000000000000000000000000000100000001000000000000020000000000
092201550006002001191123115800000000000001090001440000000115000000000000000000000000000000100000001500000000000020000000000
11220155000700200119112311580000040000060000001587000000158700000000000000000000000000200000000004130000
122201550008002001191123115800000000000000000000000000000000000000000000001587000000000000000000000000000000
07220156000000200119112312000000000000000000100000000000000000
092201560001002001191123120000000000000003200000010000002299000000000000000000000000000000000000000000000000000050000000000
11220156000200200119112312000000040000010000002299000000229900000000000000000000000000229900000000000000
122201560003002001191123120003020000000000000000000000000000000000000000002299000000000000000000000000000000
07220157000000200119112312010000000000000000100000000000000000
092201570001002001191123120100000000000003250000010000000199000000000000000000000000000000000000000790000000000040000000000
092201570002002001191123120100000000000005020000010000000100I 0000000000000000000000000000000000000100000000000060000000000
11220157000300200119112312010000040000020000000299000000029900000000000000000000000000029900000000000000
122201570004002001191123120100000000000000000000000000000000000000000000000299000000000000000000000000000000
07220158000000200119112312090000000000000000100000000000000000
092201580001002001191123120900000000000001050001560000000078000000000000000000000000000000100000000500000000000020000000000
092201580002002001191123120900000000000003250000020000000398000000000000000000000000000000000000000790000000000040000000000
11220158000300200119112312090000040000020000000476000000047600000000000000000000000000047600000000000000
122201580004002001191123120903020000000000000000000000000000000000000000000476000000000000000000000000000000
07220159000000200119112312120000000000000000100000000000000000
092201590001002001191123121200000000000003040000010000000200000000000000000000000000000000000000000700000000000040000000000
092201590002002001191123121200000000000004200000030000000300I 0000000000000000000000000000000000000000000000000030000000000
11220159000300200119112312120000040000020000000500000000050000000000000000000000000000050000000000000000
122201590004002001191123121200000000000000000000000000000000000000000000000500000000000000000000000000000000
07220160000000200119112312130000000000000000100000000000000000
092201600001002001191123121300000000000001010009180000000458000000000000000000000000000000100000002080000000000020000000000
092201600002002001191123121300000000000001070002500000000625000000000000000000000000000000100000005000000000000020000000000
092201600003002001191123121300000000000001080006540000000523000000000000000000000000000000100000001000000000000020000000000
11220160000400200119112312130000040000030000001606000000160600000000000000000000000000160600000000000000
122201600005002001191123121300000000000000000000000000000000000000000000001606000000000000000000000000000000
07220161000000200119112312160000000000000000100000000000000000
092201610001002001191123121600000000000001130031300000001249000000000000000000000000000000100000001500000000000020000000000
092201610002002001191123121600000000000003250000040000000796000000000000000000000000000000000000000790000000000040000000000
092201610003002001191123121600000000000001040010940000000874000000000000000000000000000000100000002000000000000020000000000
092201610004002001191123121600000000000001070001280000000320000000000000000000000000000000100000005000000000000020000000000
11220161000500200119112312160000040000040000003239000000323900000000000000000000000000323900000000000000
122201610006002001191123121603020000000000000000000000000000000000000000003239000000000000000000000000000000
07220162000000200119112312170000000000000000100000000000000000
092201620001002001191123121700000000000001050006740000000336000000000000000000000000000000100000000500000000000020000000000
092201620002002001191123121700000000000001080004780000000382000000000000000000000000000000100000001000000000000020000000000
11220162000300200119112312170000040000020000000718000000071800000000000000000000000000071800000000000000
122201620004002001191123121703020000000000000000000000000000000000000000000718000000000000000000000000000000
07220163000000200119112312180000000000000000100000000000000000
092201630001002001191123121800000000000005020000010000000100I 0000000000000000000000000000000000000100000000000060000000000
11220163000200200119112312180000040000010000000100000000010000000000000000000000000000010000000000000000
122201630003002001191123121800000000000000000000000000000000000000000000000100000000000000000000000000000000
07220164000000200119112312230000000000000000100000000000000000
092201640001002001191123122300000000000005290000010000000349I 0100000000000000000000000000000000001000000000000080000000000
092201640002002001191123122300000000000005020000030000000300I 0000000000000000000000000000000000000100000000000060000000000
092201640003002001191123122300000000000003010000010000000999000000000000000000000000000000000000006000000000000050000000000
092201640004002001191123122300000000000004020000020000000200I 0300000000000000000000000000000000000230000000000030000000000
092201640005002001191123122300000000000005020000020000000200I 0000000000000000000000000000000000000100000000000060000000000
092201640006002001191123122300000000000003250000010000000199000000000000000000000000000000000000000790000000000040000000000
092201640007002001191123122300000000000001110008680000000260000000000000000000000000000000100000001990000000000020000000000
11220164000800200119112312230000040000070000002507000000250700000000000000000000000000250700000000000000
122201640009002001191123122300000000000000000000000000000000000000000000002507000000000000000000000000000000
07220165000000200119112312240000000000000000100000000000000000
092201650001002001191123122400000000000001140003940000000315000000000000000000000000000000100000000500000000000020000000000
092201650002002001191123122400000000000002040006960000000417000000000000000000000000000000100000000500000000000010000000000
092201650003002001191123122400000000000001170002820000000056000000000000000000000000000000100000001000000000000020000000000
092201650004002001191123122400000000000001080005260000000420000000000000000000000000000000100000001000000000000020000000000
11220165000500200119112312240000040000040000001208000000120800000000000000000000000000120800000000000000
122201650006002001191123122403020000000000000000000000000000000000000000001208000000000000000000000000000000
07220166000000200119112312260000000000000000100000000000000000
092201660001002001191123122600000000000002070035840000002505000000000000000000000000000000100000001990000000000010000000000
092201660002002001191123122600000000000001080006580000000526000000000000000000000000000000100000001000000000000020000000000
092201660003002001191123122600000000000001160005280000000263000000000000000000000000000000100000000670000000000020000000000
092201660004002001191123122600000000000002020011400000000911000000000000000000000000000000100000001990000000000010000000000
11220166000500200119112312260000040000040000004205000000420500000000000000000000000001020000000059950000
122201660006002001191123122600000000000000000000000000000000000000000000004205000000000000000000000000000000
07220167000000200119112312260000000000000000100000000000000000
092201670001002001191123122600000000000001040007840000000626000000000000000000000000000000100000002000000000000020000000000
11220167000200200119112312260000040000010000000626000000062600000000000000000000000000062600000000000000
122201670003002001191123122603020000000000000000000000000000000000000000000626000000000000000000000000000000
07220168000000200119112312270000000000000000100000000000000000
092201680001002001191123122700000000000001010012280000000613000000000000000000000000000000100000002080000000000020000000000
092201680002002001191123122700000000000004110000020000000100I 0300000000000000000000000000000000000180000000000030000000000
11220168000300200119112312270000040000020000000713000000071300000000000000000000000000071300000000000000
122201680004002001191123122703020000000000000000000000000000000000000000000713000000000000000000000000000000
07220169000000200119112312280000000000000000100000000000000000
092201690001002001191123122800000000000001180002940000000117000000000000000000000000000000100000001000000000000020000000000
092201690002002001191123122800000000000003250000020000000398000000000000000000000000000000000000000790000000000040000000000
092201690003002001191123122800000000000004110000020000000100I 0300000000000000000000000000000000000180000000000030000000000
092201690004002001191123122800000000000004110000020000000100I 0300000000000000000000000000000000000180000000000030000000000
11220169000500200119112312280000040000040000000715000000071500000000000000000000000000071500000000000000
122201690006002001191123122800000000000000000000000000000000000000000000000715000000000000000000000000000000
07220170000000200119112312290000000000000000100000000000000000
092201700001002001191123122900000000000001290006340000000190000000000000000000000000000000100000000250000000000020000000000
11220170000200200119112312290000040000010000000190000000019000000000000000000000000000200000000018100000
122201700003002001191123122900000000000000000000000000000000000000000000000190000000000000000000000000000000
07220171000000200119112312300000000000000000100000000000000000
092201710001002001191123123000000000000005290000010000000349I 0100000000000000000000000000000000001000000000000080000000000
092201710002002001191123123000000000000001110011780000000352000000000000000000000000000000100000001990000000000020000000000
11220171000300200119112312300000040000020000000701000000070100000000000000000000000000070100000000000000
122201710004002001191123123003020000000000000000000000000000000000000000000701000000000000000000000000000000
07220172000000200119112312320000000000000000100000000000000000
092201720001002001191123123200000000000001080002560000000205000000000000000000000000000000100000001000000000000020000000000
092201720002002001191123123200000000000001240001660000000133000000000000000000000000000000100000001670000000000020000000000
092201720003002001191123123200000000000003250000010000000199000000000000000000000000000000000000000790000000000040000000000
11220172000400200119112312320000040000030000000537000000053700000000000000000000000000100000000004630000
122201720005002001191123123200000000000000000000000000000000000000000000000537000000000000000000000000000000
07220173000000200119112312340000000000000000100000000000000000
092201730001002001191123123400000000000001140002380000000190000000000000000000000000000000100000000500000000000020000000000
092201730002002001191123123400000000000001020008720000000261000000000000000000000000000000100000001200000000000020000000000
092201730003002001191123123400000000000002040005080000000304000000000000000000000000000000100000000500000000000010000000000
092201730004002001191123123400000000000001050004740000000237000000000000000000000000000000100000000500000000000020000000000
092201730005002001191123123400000000000003250000010000000199000000000000000000000000000000000000000790000000000040000000000
092201730006002001191123123400000000000001090001220000000097000000000000000000000000000000100000001500000000000020000000000
092201730007002001191123123400000000000001290003340000000100000000000000000000000000000000100000000250000000000020000000000
11220173000800200119112312340000040000070000001388000000138800000000000000000000000000138800000000000000
122201730009002001191123123403060000000000000000000000000000000000000000001388000000000000000000000000000000
07220174000000200119112312350000000000000000100000000000000000
092201740001002001191123123500000000000003250000010000000199000000000000000000000000000000000000000790000000000040000000000
11220174000200200119112312350000040000010000000199000000019900000000000000000000000000019900000000000000
122201740003002001191123123503010000000000000000000000000000000000000000000199000000000000000000000000000000
07220175000000200119112312360000000000000000100000000000000000
092201750001002001191123123600000000000002130011720000000409000000000000000000000000000000100000001400000000000010000000000
092201750002002001191123123600000000000002090004900000000637000000000000000000000000000000100000004720000000000010000000000
092201750003002001191123123600000000000002070011360000000794000000000000000000000000000000100000001990000000000010000000000
11220175000400200119112312360000040000030000001840000000184000000000000000000000000000500000000031600000
122201750005002001191123123600000000000000000000000000000000000000000000001840000000000000000000000000000000
07220176000000200119112312410000000000000000100000000000000000
092201760001002001191123124100000000000003250000030000000597000000000000000000000000000000000000000790000000000040000000000
17220176000200200119112312410000000000000597
092201760003002001191123124100000000000003250000020000000398000000000000000000000000000000000000000790000000000040000000000
11220176000400200119112312410000040000020000000995000000099500000000000000000000000000099500000000000000
122201760005002001191123124103020000000000000000000000000000000000000000000995000000000000000000000000000000
07220177000000200119112312420000000000000000100000000000000000
092201770001002001191123124200000000000001080006760000000540000000000000000000000000000000100000001000000000000020000000000
11220177000200200119112312420000040000010000000540000000054000000000000000000000000000054000000000000000
122201770003002001191123124203020000000000000000000000000000000000000000000540000000000000000000000000000000
07220178000000200119112312430000000000000000100000000000000000
092201780001002001191123124300000000000002090006060000000787000000000000000000000000000000100000004720000000000010000000000
11220178000200200119112312430000040000010000000787000000078700000000000000000000000000200000000012130000
122201780003002001191123124300000000000000000000000000000000000000000000000787000000000000000000000000000000
07220179000000200119112312450000000000000000100000000000000000
092201790001002001191123124500000000000001310000010000000499000000000000000000000000000000000000002500000000000020000000000
092201790002002001191123124500000000000003250000020000000398000000000000000000000000000000000000000790000000000040000000000
092201790003002001191123124500000000000001080002960000000237000000000000000000000000000000100000001000000000000020000000000
092201790004002001191123124500000000000001040002160000000173000000000000000000000000000000100000002000000000000020000000000
11220179000500200119112312450000040000040000001307000000130700000000000000000000000000130700000000000000
122201790006002001191123124503020000000000000000000000000000000000000000001307000000000000000000000000000000
07220180000000200119112312470000000000000000100000000000000000
092201800001002001191123124700000000000004020000020000000200I 0300000000000000000000000000000000000230000000000030000000000
092201800002002001191123124700000000000001070002160000000540000000000000000000000000000000100000005000000000000020000000000
092201800003002001191123124700000000000001080001880000000150000000000000000000000000000000100000001000000000000020000000000
092201800004002001191123124700000000000001090001260000000101000000000000000000000000000000100000001500000000000020000000000
092201800005002001191123124700000000000003250000010000000199000000000000000000000000000000000000000790000000000040000000000
092201800006002001191123124700000000000003010000010000000999000000000000000000000000000000000000006000000000000050000000000
11220180000700200119112312470000040000060000002189000000218900000000000000000000000000218900000000000000
122201800008002001191123124703040000000000000000000000000000000000000000002189000000000000000000000000000000
07220181000000200119112312470000000000000000100000000000000000
092201810001002001191123124700000000000005020000010000000100I 0000000000000000000000000000000000000100000000000060000000000
11220181000200200119112312470000040000010000000100000000010000000000000000000000000000010000000000000000
122201810003002001191123124700000000000000000000000000000000000000000000000100000000000000000000000000000000
07220182000000200119112312480000000000000000100000000000000000
092201820001002001191123124800000000000003250000010000000199000000000000000000000000000000000000000790000000000040000000000
11220182000200200119112312480000040000010000000199000000019900000000000000000000000000019900000000000000
122201820003002001191123124800000000000000000000000000000000000000000000000199000000000000000000000000000000
07220183000000200119112312500000000000000000100000000000000000
092201830001002001191123125000000000000002040003820000000229000000000000000000000000000000100000000500000000000010000000000
092201830002002001191123125000000000000001040004880000000390000000000000000000000000000000100000002000000000000020000000000
11220183000300200119112312500000040000020000000619000000061900000000000000000000000000080000000001810000
122201830004002001191123125000000000000000000000000000000000000000000000000619000000000000000000000000000000
07220184000000200119112312510000000000000000100000000000000000
092201840001002001191123125100000000000002110011160000000445000000000000000000000000000000100000000990000000000010000000000
11220184000200200119112312510000040000010000000445000000044500000000000000000000000000200000000015550000
122201840003002001191123125100000000000000000000000000000000000000000000000445000000000000000000000000000000
07220185000000200119112312520000000000000000100000000000000000
092201850001002001191123125200000000000002200000010000000499000000000000000000000000000000000000000990000000000010000000000
11220185000200200119112312520000040000010000000499000000049900000000000000000000000000049900000000000000
122201850003002001191123125200000000000000000000000000000000000000000000000499000000000000000000000000000000
07220186000000200119112312580000000000000000100000000000000000
092201860001002001191123125800000000000004200000030000000300I 0000000000000000000000000000000000000000000000000030000000000
092201860002002001191123125800000000000001090001680000000134000000000000000000000000000000100000001500000000000020000000000
092201860003002001191123125800000000000004020000010000000100I 0300000000000000000000000000000000000230000000000030000000000
092201860004002001191123125800000000000003250000010000000199000000000000000000000000000000000000000790000000000040000000000
092201860005002001191123125800000000000005020000010000000100I 0000000000000000000000000000000000000100000000000060000000000
11220186000600200119112312580000040000050000000833000000083300000000000000000000000000083300000000000000
122201860007002001191123125803060000000000000000000000000000000000000000000833000000000000000000000000000000
07220187000000200119112313020000000000000000100000000000000000
092201870001002001191123130200000000000004010000030000000300I 0300000000000000000000000000000000000000000000000030000000000
092201870002002001191123130200000000000004020000010000000100I 0300000000000000000000000000000000000230000000000030000000000
092201870003002001191123130200000000000003250000010000000199000000000000000000000000000000000000000790000000000040000000000
092201870004002001191123130200000000000001080004580000000366000000000000000000000000000000100000001000000000000020000000000
11220187000500200119112313020000040000040000000965000000096500000000000000000000000000200000000010350000
122201870006002001191123130200000000000000000000000000000000000000000000000965000000000000000000000000000000
07220188000000200119112313040000000000000000100000000000000000
092201880001002001191123130400000000000001050002500000000125000000000000000000000000000000100000000500000000000020000000000
092201880002002001191123130400000000000003250000010000000199000000000000000000000000000000000000000790000000000040000000000
11220188000300200119112313040000040000020000000324000000032400000000000000000000000000032400000000000000
122201880004002001191123130400000000000000000000000000000000000000000000000324000000000000000000000000000000
07220189000000200119112313050000000000000000100000000000000000
092201890001002001191123130500000000000001010014920000000745000000000000000000000000000000100000002080000000000020000000000
11220189000200200119112313050000040000010000000745000000074500000000000000000000000000074500000000000000
122201890003002001191123130500000000000000000000000000000000000000000000000745000000000000000000000000000000
07220190000000200119112313110000000000000000100000000000000000
092201900001002001191123131100000000000003250000010000000199000000000000000000000000000000000000000790000000000040000000000
11220190000200200119112313110000040000010000000199000000019900000000000000000000000000019900000000000000
122201900003002001191123131100000000000000000000000000000000000000000000000199000000000000000000000000000000
062201900004002001191123131100000100000400000000000000000000000000000000000000000000
07220191000000200119112313130000000000000000100000000000000000
092201910001002001191123131300000000000001080002100000000168000000000000000000000000000000100000001000000000000020000000000
092201910002002001191123131300000000000003250000010000000199000000000000000000000000000000000000000790000000000040000000000
11220191000300200119112313130000040000020000000367000000036700000000000000000000000000100000000006330000
122201910004002001191123131300000000000000000000000000000000000000000000000367000000000000000000000000000000
14220192000000200119112313140000010000000000
07220193000000200119112313170000000000000000100000000000000000
092201930001002001191123131700000000000003250000030000000597000000000000000000000000000000000000000790000000000040000000000
092201930002002001191123131700000000000001090001020000000081000000000000000000000000000000100000001500000000000020000000000
092201930003002001191123131700000000000001070001420000000355000000000000000000000000000000100000005000000000000020000000000
092201930004002001191123131700000000000001080003360000000268000000000000000000000000000000100000001000000000000020000000000
11220193000500200119112313170000040000040000001301000000130100000000000000000000000000130100000000000000
122201930006002001191123131700000000000000000000000000000000000000000000001301000000000000000000000000000000
07220194000000200119112313180000000000000000100000000000000000
092201940001002001191123131800000000000001110012180000000364000000000000000000000000000000100000001990000000000020000000000
092201940002002001191123131800000000000005020000020000000200I 0000000000000000000000000000000000000100000000000060000000000
092201940003002001191123131800000000000003250000040000000796000000000000000000000000000000000000000790000000000040000000000
11220194000400200119112313180000040000030000001360000000136000000000000000000000000000500000000036400000
122201940005002001191123131800000000000000000000000000000000000000000000001360000000000000000000000000000000
07220195000000200119112313190000000000000000100000000000000000
092201950001002001191123131900000000000001020013780000000412000000000000000000000000000000100000001200000000000020000000000
11220195000200200119112313190000040000010000000412000000041200000000000000000000000000041200000000000000
122201950003002001191123131903020000000000000000000000000000000000000000000412000000000000000000000000000000
07220196000000200119112313200000000000000000100000000000000000
092201960001002001191123132000000000000003250000010000000199000000000000000000000000000000000000000790000000000040000000000
11220196000200200119112313200000040000010000000199000000019900000000000000000000000000019900000000000000
122201960003002001191123132000000000000000000000000000000000000000000000000199000000000000000000000000000000
07220197000000200119112313200000000000000000100000000000000000
092201970001002001191123132000000000000002040007620000000456000000000000000000000000000000100000000500000000000010000000000
11220197000200200119112313200000040000010000000456000000045600000000000000000000000000045600000000000000
122201970003002001191123132000000000000000000000000000000000000000000000000456000000000000000000000000000000
07220198000000200119112313220000000000000000100000000000000000
092201980001002001191123132200000000000001010006720000000335000000000000000000000000000000100000002080000000000020000000000
092201980002002001191123132200000000000001070001180000000295000000000000000000000000000000100000005000000000000020000000000
092201980003002001191123132200000000000001060002040000000102000000000000000000000000000000100000001500000000000020000000000
11220198000400200119112313220000040000030000000732000000073200000000000000000000000000090000000001680000
122201980005002001191123132200000000000000000000000000000000000000000000000732000000000000000000000000000000
07220199000000200119112313250000000000000000100000000000000000
092201990001002001191123132500000000000003250000010000000199000000000000000000000000000000000000000790000000000040000000000
092201990002002001191123132500000000000003020000010000000150000000000000000000000000000000000000000500000000000030000000000
11220199000300200119112313250000040000020000000349000000034900000000000000000000000000100000000006510000
122201990004002001191123132500000000000000000000000000000000000000000000000349000000000000000000000000000000
07220200000000200119112313290000000000000000100000000000000000
092202000001002001191123132900000000000003250000010000000199000000000000000000000000000000000000000790000000000040000000000
11220200000200200119112313290000040000010000000199000000019900000000000000000000000000019900000000000000
122202000003002001191123132900000000000000000000000000000000000000000000000199000000000000000000000000000000
07220201000000200119112313330000000000000000100000000000000000
092202010001002001191123133300000000000002360000010000001000000000000000000000000000000000000000003500000000000010000000000
11220201000200200119112313330000040000010000001000000000100000000000000000000000000000500000000040000000
122202010003002001191123133300000000000000000000000000000000000000000000001000000000000000000000000000000000
07220202000000200119112313360000000000000000100000000000000000
092202020001002001191123133600000000000001010010320000000515000000000000000000000000000000100000002080000000000020000000000
092202020002002001191123133600000000000001060002240000000112000000000000000000000000000000100000001500000000000020000000000
092202020003002001191123133600000000000003250000010000000199000000000000000000000000000000000000000790000000000040000000000
11220202000400200119112313360000040000030000000826000000082600000000000000000000000000100000000001740000
122202020005002001191123133600000000000000000000000000000000000000000000000826000000000000000000000000000000
062202020006002001191123134200000100000100000000000000000000000000000000000000000000
07220203000000200119112313440000000000000000100000000000000000
092202030001002001191123134400000000000001080002800000000224000000000000000000000000000000100000001000000000000020000000000
092202030002002001191123134400000000000003250000020000000398000000000000000000000000000000000000000790000000000040000000000
11220203000300200119112313440000040000020000000622000000062200000000000000000000000000062200000000000000
122202030004002001191123134403020000000000000000000000000000000000000000000622000000000000000000000000000000
07220204000000200119112313500000000000000000100000000000000000
092202040001002001191123135000000000000002040002780000000167000000000000000000000000000000100000000500000000000010000000000
11220204000200200119112313500000040000010000000167000000016700000000000000000000000000020000000000330000
122202040003002001191123135000000000000000000000000000000000000000000000000167000000000000000000000000000000
07220205000000200119112313520000000000000000100000000000000000
092202050001002001191123135200000000000002130010380000000362000000000000000000000000000000100000001400000000000010000000000
11220205000200200119112313520000040000010000000362000000036200000000000000000000000000500000000046380000
122202050003002001191123135200000000000000000000000000000000000000000000000362000000000000000000000000000000
07220206000000200119112313530000000000000000100000000000000000
092202060001002001191123135300000000000003190000010000000500000000000000000000000000000000000000002000000000000050000000000
092202060002002001191123135300000000000004040000010000000100I 0300000000000000000000000000000000000270000000000030000000000
11220206000300200119112313530000040000020000000600000000060000000000000000000000000000060000000000000000
122202060004002001191123135300000000000000000000000000000000000000000000000600000000000000000000000000000000
07220207000000200119112313550000000000000000100000000000000000
092202070001002001191123135500000000000001050006840000000341000000000000000000000000000000100000000500000000000020000000000
11220207000200200119112313550000040000010000000341000000034100000000000000000000000000034100000000000000
122202070003002001191123135500000000000000000000000000000000000000000000000341000000000000000000000000000000
07220208000000200119112313560000000000000000100000000000000000
092202080001002001191123135600000000000001090000820000000066000000000000000000000000000000100000001500000000000020000000000
092202080002002001191123135600000000000001080002320000000185000000000000000000000000000000100000001000000000000020000000000
11220208000300200119112313560000040000020000000251000000025100000000000000000000000000025100000000000000
122202080004002001191123135603020000000000000000000000000000000000000000000251000000000000000000000000000000
07220209000000200119112314020000000000000000100000000000000000
092202090001002001191123140200000000000002220000010000000499000000000000000000000000000000000000001500000000000010000000000
092202090002002001191123140200000000000002170000010000000899000000000000000000000000000000000000006500000000000010000000000
092202090003002001191123140200000000000002130008120000000283000000000000000000000000000000100000001400000000000010000000000
092202090004002001191123140200000000000001010009060000000452000000000000000000000000000000100000002080000000000020000000000
092202090005002001191123140200000000000002030004980000000398000000000000000000000000000000100000002990000000000010000000000
092202090006002001191123140200000000000001170003380000000067000000000000000000000000000000100000001000000000000020000000000
092202090007002001191123140200000000000001080002860000000229000000000000000000000000000000100000001000000000000020000000000
092202090008002001191123140200000000000003250000010000000199000000000000000000000000000000000000000790000000000040000000000
092202090009002001191123140200000000000004080000010000000100I 0300000000000000000000000000000000000000000000000030000000000
092202090010002001191123140200000000000004200000010000000100I 0000000000000000000000000000000000000000000000000030000000000
092202090011002001191123140200000000000004200000010000000100I 0000000000000000000000000000000000000000000000000030000000000
11220209001200200119112314020000040000110000003326000000332600000000000000000000000000332600000000000000
122202090013002001191123140203100000000000000000000000000000000000000000003326000000000000000000000000000000
07220210000000200119112314050000000000000000100000000000000000
092202100001002001191123140500000000000002040004720000000283000000000000000000000000000000100000000500000000000010000000000
11220210000200200119112314050000040000010000000283000000028300000000000000000000000000028300000000000000
122202100003002001191123140503060000000000000000000000000000000000000000000283000000000000000000000000000000
07220211000000200119112314090000000000000000100000000000000000
092202110001002001191123140900000000000002090008460000001099000000000000000000000000000000100000004720000000000010000000000
092202110002002001191123140900000000000002070013000000000909000000000000000000000000000000100000001990000000000010000000000
092202110003002001191123140900000000000002270006840000001025000000000000000000000000000000100000003990000000000010000000000
092202110004002001191123140900000000000005020000100000001000I 0000000000000000000000000000000000000100000000000060000000000
11220211000500200119112314090000040000040000004033000000403300000000000000000000000000403300000000000000
122202110006002001191123140903060000000000000000000000000000000000000000004033000000000000000000000000000000
18220211000700200119112314110400000060000000000000000000000001
07220212000000200119112314140000000000000000100000000000000000
092202120001002001191123141400000000000001040002980000000238000000000000000000000000000000100000002000000000000020000000000
092202120002002001191123141400000000000001110003600000000108000000000000000000000000000000100000001990000000000020000000000
11220212000300200119112314140000040000020000000346000000034600000000000000000000000000034600000000000000
122202120004002001191123141403020000000000000000000000000000000000000000000346000000000000000000000000000000
0422021300000020011911231424000001220070220213000002341843940000023432397519112300001311130000000000000000000000000025610001000000000000000000000000000000000000000000000000000000000000000000000000000000001234567890AB        
