01000056000000200128112314040000010000000000000000000057271.82G5E   1234567890AB        Generica            
02000056000100200128112314040000010000070000000000
07000057000000200128112314240000000000000000100000000000000000
090000570001002001281123142400000000000001010014880000000743000000000000000000000000000000100000000500000000000020000000000
090000570002002001281123142400000000000005290000010000000349I 0100000000000000000000000000000000001000000000000080000000000
090000570003002001281123142400000000000002040004480000000224000000000000000000000000000000100000000500000000000010000000000
090000570004002001281123142400000000000001070003680000000920000000000000000000000000000000100000005000000000000020000000000
11000057000500200128112314240000070000040000002236000000223600000000000000000000000000223600000000000000
120000570006002001281123142403060000000000000000000000000000000000000000002236000000000000000000000000000000
07000058000000200128112314390000000000000000100000000000000000
090000580001002001281123143900000000000001130011340000000452000000000000000000000000000000100000001500000000000020000000000
11000058000200200128112314390000070000010000000452000000045200000000000000000000000000045200000000000000
120000580003002001281123143900000000000000000000000000000000000000000000000452000000000000000000000000000000
07000059000000200128112314400000000000000000100000000000000000
090000590001002001281123144000000000000001010006420000000320000000000000000000000000000000100000000500000000000020000000000
11000059000200200128112314400000070000010000000320000000032000000000000000000000000000032000000000000000
120000590003002001281123144000000000000000000000000000000000000000000000000320000000000000000000000000000000
07000060000000200128112314400000000000000000100000000000000000
090000600001002001281123144000000000000005530000010000000200I 0100000000000000000000000000000000001000000000000090000000000
11000060000200200128112314400000070000010000000200000000020000000000000000000000000000200000000018000000
120000600003002001281123144000000000000000000000000000000000000000000000000200000000000000000000000000000000
07000061000000200128112314510000000000000000100000000000000000
090000610001002001281123145100000000000005020000010000000100I 0000000000000000000000000000000000000100000000000060000000000
090000610002002001281123145100000000000005020000010000000100I 0000000000000000000000000000000000000100000000000060000000000
090000610003002001281123145100000000000005020000010000000100I 0000000000000000000000000000000000000100000000000060000000000
11000061000400200128112314510000070000030000000300000000030000000000000000000000000000200000000017000000
120000610005002001281123145100000000000000000000000000000000000000000000000300000000000000000000000000000000
07000062000000200128112314510000000000000000100000000000000000
090000620001002001281123145100000000000005240000010000000499I 0100000000000000000000000000000000003000000000000080000000000
11000062000200200128112314510000070000010000000499000000049900000000000000000000000000049900000000000000
120000620003002001281123145100000000000000000000000000000000000000000000000499000000000000000000000000000000
07000063000000200128112314590000000000000000100000000000000000
090000630001002001281123145900000000000005020000010000000100I 0000000000000000000000000000000000000100000000000060000000000
11000063000200200128112314590000070000010000000100000000010000000000000000000000000000010000000000000000
120000630003002001281123145900000000000000000000000000000000000000000000000100000000000000000000000000000000
33000063000000200128112315000000000000000000100000000000000000
340000630001002001281123150000000000000005020000010000000100I 0000000000000000000000000000000000000100000000000060000000000
35000063000200200128112315000000074294960000000100000000010000000000000000000000000000010000000000000000
360000630003002001281123150000000000000000000000000000000000000000000000000100000000000000000000000000000000
07000064000000200128112315060000000000000000100000000000000000
090000640001002001281123150600000000000001050005620000000280000000000000000000000000000000100000000500000000000020000000000
11000064000200200128112315060000070000010000000280000000028000000000000000000000000000028000000000000000
120000640003002001281123150600000000000000000000000000000000000000000000000280000000000000000000000000000000
07000065000000200128112315290000000000000000100000000000000000
090000650001002001281123152900000000000003250000010000000199000000000000000000000000000000000000000790000000000040000000000
090000650002002001281123152900000000000003200000010000002299000000000000000000000000000000000000000000000000000050000000000
090000650003002001281123152900000000000003200000010000002299000000000000000000000000000000000000000000000000000050000000000
090000650004002001281123152900000000000001060008040000000401000000000000000000000000000000100000001500000000000020000000000
090000650005002001281123152900000000000001040003700000000296000000000000000000000000000000100000002000000000000020000000000
090000650006002001281123152900000000000001080007080000000353000000000000000000000000000000100000001000000000000020000000000
090000650007002001281123152900000000000001110004240000000127000000000000000000000000000000100000001990000000000020000000000
11000065000800200128112315290000070000070000005974000000597400000000000000000000000000597400000000000000
120000650009002001281123152903050000000000000000000000000000000000000000005974000000000000000000000000000000
07000066000000200128112315390000000000000000100000000000000000
090000660001002001281123153900000000000002200000010000000499000000000000000000000000000000000000000990000000000010000000000
11000066000200200128112315390000070000010000000499000000049900000000000000000000000000049900000000000000
120000660003002001281123153900000000000000000000000000000000000000000000000499000000000000000000000000000000
07000067000000200128112315400000000000000000100000000000000000
090000670001002001281123154000000000000005530000010000000200I 0100000000000000000000000000000000001000000000000090000000000
11000067000200200128112315400000070000010000000200000000020000000000000000000000000000020000000000000000
120000670003002001281123154000000000000000000000000000000000000000000000000200000000000000000000000000000000
07000068000000200128112315550000000000000000100000000000000000
090000680001002001281123155500000000000001180005740000000229000000000000000000000000000000100000001000000000000020000000000
090000680002002001281123155500000000000001070002300000000575000000000000000000000000000000100000005000000000000020000000000
090000680003002001281123155500000000000001050000900000000045000000000000000000000000000000100000000500000000000020000000000
090000680004002001281123155500000000000001040001260000000101000000000000000000000000000000100000002000000000000020000000000
090000680005002001281123155500000000000002070011420000000912000000000000000000000000000000100000001990000000000010000000000
11000068000600200128112315550000070000050000001862000000186200000000000000000000000000200000000001380000
120000680007002001281123155500000000000000000000000000000000000000000000001862000000000000000000000000000000
07000069000000200128112315560000000000000000100000000000000000
090000690001002001281123155600000000000001290007720000000076000000000000000000000000000000100000000250000000000020000000000
090000690002002001281123155600000000000001050002480000000124000000000000000000000000000000100000000500000000000020000000000
11000069000300200128112315560000070000020000000200000000020000000000000000000000000000050000000003000000
120000690004002001281123155600000000000000000000000000000000000000000000000200000000000000000000000000000000
07000070000000200128112315590000000000000000100000000000000000
090000700001002001281123155900000000000001010002560000000128000000000000000000000000000000100000000500000000000020000000000
090000700002002001281123155900000000000001010002200000000110000000000000000000000000000000100000000500000000000020000000000
11000070000300200128112315590000070000020000000238000000023800000000000000000000000000025000000000120000
120000700004002001281123155900000000000000000000000000000000000000000000000238000000000000000000000000000000
07000071000000200128112316040000000000000000100000000000000000
090000710001002001281123160400000000000003250000010000000199000000000000000000000000000000000000000790000000000040000000000
11000071000200200128112316040000070000010000000199000000019900000000000000000000000000019900000000000000
120000710003002001281123160403100000000000000000000000000000000000000000000199000000000000000000000000000000
07000072000000200128112316100000000000000000100000000000000000
090000720001002001281123161000000000000001060006740000000336000000000000000000000000000000100000001500000000000020000000000
090000720002002001281123161000000000000001250010100000000504I 0000000000000000000000000000100000000530000000000020000000000
090000720003002001281123161000000000000001150006900000000551000000000000000000000000000000100000001000000000000020000000000
11000072000400200128112316100000070000030000001391000000139100000000000000000000000000150000000001090000
120000720005002001281123161000000000000000000000000000000000000000000000001391000000000000000000000000000000
07000073000000200128112316140000000000000000100000000000000000
090000730001002001281123161400000000000003250000010000000199000000000000000000000000000000000000000790000000000040000000000
090000730002002001281123161400000000000002040010020000000500000000000000000000000000000000100000000500000000000010000000000
11000073000300200128112316140000070000020000000699000000069900000000000000000000000000069900000000000000
120000730004002001281123161402010000000000000000000000000000000000090000000699000000000000000000000000000000
100000730005002001281123161401000000000000000900000006990000000000000622000007
07000074000000200128112316190000000000000000100000000000000000
090000740001002001281123161900000000000001180012260000000489000000000000000000000000000000100000001000000000000020000000000
090000740002002001281123161900000000000001140001760000000123000000000000000000000000000000100000000500000000000020000000000
090000740003002001281123161900000000000001140001180000000082000000000000000000000000000000100000000500000000000020000000000
11000074000400200128112316190000070000030000000694000000069400000000000000000000000000069400000000000000
120000740005002001281123161903030000000000000000000000000000000000000000000694000000000000000000000000000000
07000075000000200128112316260000000000000000100000000000000000
090000750001002001281123162600000000000002010016060000000641000000000000000000000000000000100000000990000000000010000000000
090000750002002001281123162600000000000002250004320000000216000000000000000000000000000000100000002670000000000010000000000
090000750003002001281123162600000000000003250000010000000199000000000000000000000000000000000000000790000000000040000000000
11000075000400200128112316260000070000030000001056000000105600000000000000000000000000105600000000000000
120000750005002001281123162603060000000000000000000000000000000000000000001056000000000000000000000000000000
07000076000000200128112316580000000000000000100000000000000000
090000760001002001281123165800000000000001150002480000000198000000000000000000000000000000100000001000000000000020000000000
090000760002002001281123165800000000000002040003140000000157000000000000000000000000000000100000000500000000000010000000000
090000760003002001281123165800000000000003250000010000000199000000000000000000000000000000000000000790000000000040000000000
11000076000400200128112316580000070000030000000554000000055400000000000000000000000000070000000001460000
120000760005002001281123165800000000000000000000000000000000000000000000000554000000000000000000000000000000
07000077000000200128112317230000000000000000100000000000000000
090000770001002001281123172300000000000001010009740000000486000000000000000000000000000000100000000500000000000020000000000
11000077000200200128112317230000070000010000000486000000048600000000000000000000000000060000000001140000
120000770003002001281123172300000000000000000000000000000000000000000000000486000000000000000000000000000000
07000078000000200128112317290000000000000000100000000000000000
090000780001002001281123172900000000000002260008100000000404000000000000000000000000000000100000002000000000000010000000000
090000780002002001281123172900000000000005020000010000000100I 0000000000000000000000000000000000000100000000000060000000000
090000780003002001281123172900000000000001020006660000000199000000000000000000000000000000100000001200000000000020000000000
090000780004002001281123172900000000000002070006840000000547000000000000000000000000000000100000001990000000000010000000000
11000078000500200128112317290000070000040000001250000000125000000000000000000000000000125000000000000000
120000780006002001281123172903050000000000000000000000000000000000000000001250000000000000000000000000000000
07000079000000200128112317320000000000000000100000000000000000
090000790001002001281123173200000000000003250000010000000199000000000000000000000000000000000000000790000000000040000000000
090000790002002001281123173200000000000003250000010000000199000000000000000000000000000000000000000790000000000040000000000
11000079000300200128112317320000070000020000000398000000039800000000000000000000000000100000000006020000
120000790004002001281123173200000000000000000000000000000000000000000000000398000000000000000000000000000000
07000080000000200128112317390000000000000000100000000000000000
090000800001002001281123173900000000000001050016260000000811000000000000000000000000000000100000000500000000000020000000000
11000080000200200128112317390000070000010000000811000000081100000000000000000000000000100000000001890000
120000800003002001281123173900000000000000000000000000000000000000000000000811000000000000000000000000000000
07000081000000200128112317440000000000000000100000000000000000
090000810001002001281123174400000000000003250000010000000199000000000000000000000000000000000000000790000000000040000000000
090000810002002001281123174400000000000001050007580000000378000000000000000000000000000000100000000500000000000020000000000
090000810003002001281123174400000000000001250006320000000315I 0000000000000000000000000000100000000530000000000020000000000
090000810004002001281123174400000000000001290009980000000099000000000000000000000000000000100000000250000000000020000000000
090000810005002001281123174400000000000005020000010000000100I 0000000000000000000000000000000000000100000000000060000000000
090000810006002001281123174400000000000005020000010000000100I 0000000000000000000000000000000000000100000000000060000000000
11000081000700200128112317440000070000060000001191000000119100000000000000000000000000119100000000000000
120000810008002001281123174403060000000000000000000000000000000000000000001191000000000000000000000000000000
07000082000000200128112317470000000000000000100000000000000000
090000820001002001281123174700000000000001080005120000000255000000000000000000000000000000100000001000000000000020000000000
090000820002002001281123174700000000000001040003680000000294000000000000000000000000000000100000002000000000000020000000000
090000820003002001281123174700000000000005400000010000000299000100000000000000000000000000000000001990000000000080000000000
11000082000400200128112317470000070000030000000848000000084800000000000000000000000000084800000000000000
120000820005002001281123174703030000000000000000000000000000000000000000000848000000000000000000000000000000
07000083000000200128112317510000000000000000100000000000000000
090000830001002001281123175100000000000001290012500000000124000000000000000000000000000000100000000250000000000020000000000
090000830002002001281123175100000000000002320000010000000299000000000000000000000000000000000000000500000000000010000000000
090000830003002001281123175100000000000002110006680000000333000000000000000000000000000000100000000990000000000010000000000
11000083000400200128112317510000070000030000000756000000075600000000000000000000000000100000000002440000
120000830005002001281123175100000000000000000000000000000000000000000000000756000000000000000000000000000000
07000084000000200128112317530000000000000000100000000000000000
090000840001002001281123175300000000000005020000010000000100I 0000000000000000000000000000000000000100000000000060000000000
11000084000200200128112317530000070000010000000100000000010000000000000000000000000000030000000002000000
120000840003002001281123175300000000000000000000000000000000000000000000000100000000000000000000000000000000
07000085000000200128112318130000000000000000100000000000000000
090000850001002001281123181300000000000002040002240000000112000000000000000000000000000000100000000500000000000010000000000
11000085000200200128112318130000070000010000000112000000011200000000000000000000000000050000000003880000
120000850003002001281123181300000000000000000000000000000000000000000000000112000000000000000000000000000000
07000086000000200128112318200000000000000000100000000000000000
090000860001002001281123182000000000000002090006060000000787000000000000000000000000000000100000004720000000000010000000000
090000860002002001281123182000000000000002040002300000000115000000000000000000000000000000100000000500000000000010000000000
090000860003002001281123182000000000000002070003580000000286000000000000000000000000000000100000001990000000000010000000000
090000860004002001281123182000000000000001050002140000000107000000000000000000000000000000100000000500000000000020000000000
090000860005002001281123182000000000000001080002580000000129000000000000000000000000000000100000001000000000000020000000000
090000860006002001281123182000000000000001070001480000000370000000000000000000000000000000100000005000000000000020000000000
11000086000700200128112318200000070000060000001794000000179400000000000000000000000000179400000000000000
120000860008002001281123182003100000000000000000000000000000000000000000001794000000000000000000000000000000
07000087000000200128112318390000000000000000100000000000000000
090000870001002001281123183900000000000002070011160000000892000000000000000000000000000000100000001990000000000010000000000
090000870002002001281123183900000000000001060005240000000261000000000000000000000000000000100000001500000000000020000000000
090000870003002001281123183900000000000001010008320000000415000000000000000000000000000000100000000500000000000020000000000
11000087000400200128112318390000070000030000001568000000156800000000000000000000000000156800000000000000
120000870005002001281123183903100000000000000000000000000000000000000000001568000000000000000000000000000000
07000088000000200128112318510000000000000000100000000000000000
090000880001002001281123185100000000000005530000010000000200I 0100000000000000000000000000000000001000000000000090000000000
11000088000200200128112318510000070000010000000200000000020000000000000000000000000000020000000000000000
120000880003002001281123185100000000000000000000000000000000000000000000000200000000000000000000000000000000
07000089000000200128112318520000000000000000100000000000000000
090000890001002001281123185200000000000005530000010000000200I 0100000000000000000000000000000000001000000000000090000000000
11000089000200200128112318520000070000010000000200000000020000000000000000000000000000020000000000000000
120000890003002001281123185200000000000000000000000000000000000000000000000200000000000000000000000000000000
07000090000000200128112319090000000000000000100000000000000000
090000900001002001281123190900000000000002070007880000000630000000000000000000000000000000100000001990000000000010000000000
11000090000200200128112319090000070000010000000630000000063000000000000000000000000000063000000000000000
120000900003002001281123190902010000000000000000000000000000000000220000000630000000000000000000000000000000
100000900004002001281123190901000000000000002200000006300000000000001707000007
07000091000000200128112319200000000000000000100000000000000000
090000910001002001281123192000000000000001050013160000000657000000000000000000000000000000100000000500000000000020000000000
090000910002002001281123192000000000000001020020160000000603000000000000000000000000000000100000001200000000000020000000000
090000910003002001281123192000000000000001290014120000000140000000000000000000000000000000100000000250000000000020000000000
11000091000400200128112319200000070000030000001400000000140000000000000000000000000000200000000006000000
120000910005002001281123192000000000000000000000000000000000000000000000001400000000000000000000000000000000
07000092000000200128112319230000000000000000100000000000000000
090000920001002001281123192300000000000002090001120000000145000000000000000000000000000000100000004720000000000010000000000
11000092000200200128112319230000070000010000000145000000014500000000000000000000000000014500000000000000
120000920003002001281123192300000000000000000000000000000000000000000000000145000000000000000000000000000000
07000093000000200128112319370000000000000000100000000000000000
090000930001002001281123193700000000000002200000010000000499000000000000000000000000000000000000000990000000000010000000000
090000930002002001281123193700000000000003190000010000000500000000000000000000000000000000000000002000000000000050000000000
11000093000300200128112319370000070000020000000999000000099900000000000000000000000000200000000010010000
120000930004002001281123193700000000000000000000000000000000000000000000000999000000000000000000000000000000
07000094000000200128112319500000000000000000100000000000000000
090000940001002001281123195000000000000002070012280000000981000000000000000000000000000000100000001990000000000010000000000
090000940002002001281123195000000000000001290008940000000089000000000000000000000000000000100000000250000000000020000000000
090000940003002001281123195000000000000001020013180000000394000000000000000000000000000000100000001200000000000020000000000
11000094000400200128112319500000070000030000001464000000146400000000000000000000000000146400000000000000
120000940005002001281123195003050000000000000000000000000000000000000000001464000000000000000000000000000000
07000095000000200128112320120000000000000000100000000000000000
090000950001002001281123201200000000000002080007000000000419000000000000000000000000000000100000000500000000000010000000000
090000950002002001281123201200000000000002090002720000000353000000000000000000000000000000100000004720000000000010000000000
090000950003002001281123201200000000000002070004560000000364000000000000000000000000000000100000001990000000000010000000000
11000095000400200128112320120000070000030000001136000000113600000000000000000000000000120000000000640000
120000950005002001281123201200000000000000000000000000000000000000000000001136000000000000000000000000000000
07000096000000200128112320150000000000000000100000000000000000
090000960001002001281123201500000000000002010009060000000361000000000000000000000000000000100000000990000000000010000000000
11000096000200200128112320150000070000010000000361000000036100000000000000000000000000050000000001390000
120000960003002001281123201500000000000000000000000000000000000000000000000361000000000000000000000000000000
07000097000000200128112320200000000000000000100000000000000000
090000970001002001281123202000000000000002080010580000000634000000000000000000000000000000100000000500000000000010000000000
090000970002002001281123202000000000000011000006380000000255000000000000000000000000000000100000000990000000000020000000000
11000097000300200128112320200000070000020000000889000000088900000000000000000000000000088900000000000000
120000970004002001281123202003100000000000000000000000000000000000000000000889000000000000000000000000000000
07000098000000200128112320360000000000000000100000000000000000
090000980001002001281123203600000000000002070007740000000618000000000000000000000000000000100000001990000000000010000000000
11000098000200200128112320360000070000010000000618000000061800000000000000000000000000061800000000000000
120000980003002001281123203603030000000000000000000000000000000000000000000618000000000000000000000000000000
060000980004002001281123204300000100000100000000000000000000000000000000000000000000
0400009900000020012811232101000001000056000099000000000057270000000004103628112300000352090000000000000000000000000000000001000000000000000000000000000000000000000000000000000000000000000000000000000000001234567890AB        
