01004572000000200128122307050000010000006000000000056093291.82G5E   1234567890AB        Generica            
02004572000100200128122307050000010000090000000000
07004573000000200128122307060000000000000000100000000000000000
090045730001002001281223070600000000000003200000010000002299000000000000000000000000000000000000000000000000000050000000000
11004573000200200128122307060000090000010000002299000000229900000000000000000000000000229900000000000000
120045730003002001281223070600000000000000000000000000000000000000000000002299000000000000000000000000000000
07004574000000200128122307070000000000000000100000000000000000
090045740001002001281223070700000000000001040003260000000293000000000000000000000000000000100000002000000000000020000000000
090045740002002001281223070700000000000003250000020000000398000000000000000000000000000000000000000790000000000040000000000
090045740003002001281223070700000000000001070000640000000160000000000000000000000000000000100000005000000000000020000000000
11004574000400200128122307070000090000030000000851000000085100000000000000000000000000085100000000000000
120045740005002001281223070703050000000000000000000000000000000000000000000851000000000000000000000000000000
07004575000000200128122307360000000000000000100000000000000000
090045750001002001281223073600000000000003200000010000002299000000000000000000000000000000000000000000000000000050000000000
090045750002002001281223073600000000000003250000010000000199000000000000000000000000000000000000000790000000000040000000000
090045750003002001281223073600000000000003250000010000000199000000000000000000000000000000000000000790000000000040000000000
090045750004002001281223073600000000000002070011180000001005000000000000000000000000000000100000001990000000000010000000000
090045750005002001281223073600000000000002630001820000000327000000000000000000000000000000100000009990000000000010000000000
090045750006002001281223073600000000000002130016920000001014000000000000000000000000000000100000001400000000000010000000000
11004575000700200128122307360000090000060000005043000000504300000000000000000000000000504300000000000000
120045750008002001281223073603010000000000000000000000000000000000000000005043000000000000000000000000000000
07004576000000200128122307430000000000000000100000000000000000
090045760001002001281223074300000000000003010000010000000999000000000000000000000000000000000000006000000000000050000000000
090045760002002001281223074300000000000003080000010000000199000000000000000000000000000000000000000700000000000040000000000
090045760003002001281223074300000000000001060003160000000158000000000000000000000000000000100000001500000000000020000000000
090045760004002001281223074300000000000001120005900000000412000000000000000000000000000000100000001000000000000020000000000
11004576000500200128122307430000090000040000001768000000176800000000000000000000000000176800000000000000
120045760006002001281223074303010000000000000000000000000000000000000000001768000000000000000000000000000000
07004577000000200128122307570000000000000000100000000000000000
090045770001002001281223075700000000000001010013420000001072000000000000000000000000000000100000000500000000000020000000000
090045770002002001281223075700000000000002040002280000000068000000000000000000000000000000100000000500000000000010000000000
090045770003002001281223075700000000000001050002780000000139000000000000000000000000000000100000000500000000000020000000000
090045770004002001281223075700000000000005020000020000000200I 0000000000000000000000000000000000000100000000000060000000000
090045770005002001281223075700000000000001160005960000000297000000000000000000000000000000100000000670000000000020000000000
11004577000600200128122307570000090000050000001776000000177600000000000000000000000000177600000000000000
120045770007002001281223075703010000000000000000000000000000000000000000001776000000000000000000000000000000
07004578000000200128122308050000000000000000100000000000000000
090045780001002001281223080500000000000005020000060000000600I 0000000000000000000000000000000000000100000000000060000000000
090045780002002001281223080500000000000003010000010000000999000000000000000000000000000000000000006000000000000050000000000
090045780003002001281223080500000000000005020000070000000700I 0000000000000000000000000000000000000100000000000060000000000
11004578000400200128122308050000090000030000002299000000229900000000000000000000000000229900000000000000
120045780005002001281223080503100000000000000000000000000000000000000000002299000000000000000000000000000000
07004579000000200128122308070000000000000000100000000000000000
090045790001002001281223080700000000000001220010120000000505000000000000000000000000000000100000001500000000000020000000000
11004579000200200128122308070000090000010000000505000000050500000000000000000000000000050500000000000000
120045790003002001281223080700000000000000000000000000000000000000000000000505000000000000000000000000000000
07004580000000200128122308080000000000000000100000000000000000
090045800001002001281223080800000000000005020000220000002200I 0000000000000000000000000000000000000100000000000060000000000
11004580000200200128122308080000090000010000002200000000220000000000000000000000000000220000000000000000
120045800003002001281223080800000000000000000000000000000000000000000000002200000000000000000000000000000000
07004581000000200128122308110000000000000000100000000000000000
090045810001002001281223081100000000000001050003540000000177000000000000000000000000000000100000000500000000000020000000000
11004581000200200128122308110000090000010000000177000000017700000000000000000000000000100000000008230000
120045810003002001281223081100000000000000000000000000000000000000000000000177000000000000000000000000000000
07004582000000200128122308130000000000000000100000000000000000
090045820001002001281223081300000000000002070001720000000155000000000000000000000000000000100000001990000000000010000000000
090045820002002001281223081300000000000002080005020000000250000000000000000000000000000000100000000500000000000010000000000
11004582000300200128122308130000090000020000000405000000040500000000000000000000000000040500000000000000
120045820004002001281223081300000000000000000000000000000000000000000000000405000000000000000000000000000000
07004583000000200128122308240000000000000000100000000000000000
090045830001002001281223082400000000000005020000030000000300I 0000000000000000000000000000000000000100000000000060000000000
11004583000200200128122308240000090000010000000300000000030000000000000000000000000000030000000000000000
120045830003002001281223082402010000000000000000000000000000000000220000000300000000000000000000000000000000
100045830004002001281223082401000000000000002200000003000000000000001744000009
07004584000000200128122308310000000000000000100000000000000000
090045840001002001281223083100000000000001160007460000000372000000000000000000000000000000100000000670000000000020000000000
11004584000200200128122308310000090000010000000372000000037200000000000000000000000000037200000000000000
120045840003002001281223083100000000000000000000000000000000000000000000000372000000000000000000000000000000
07004585000000200128122308350000000000000000100000000000000000
090045850001002001281223083500000000000003030000010000000249000000000000000000000000000000000000000830000000000040000000000
11004585000200200128122308350000090000010000000249000000024900000000000000000000000000024900000000000000
120045850003002001281223083503010000000000000000000000000000000000000000000249000000000000000000000000000000
07004586000000200128122308390000000000000000100000000000000000
090045860001002001281223083900000000000001170003400000000170000000000000000000000000000000100000001000000000000020000000000
090045860002002001281223083900000000000002040006820000000204000000000000000000000000000000100000000500000000000010000000000
090045860003002001281223083900000000000001040007260000000653000000000000000000000000000000100000002000000000000020000000000
090045860004002001281223083900000000000002110002720000000163000000000000000000000000000000100000000990000000000010000000000
090045860005002001281223083900000000000003250000010000000199000000000000000000000000000000000000000790000000000040000000000
11004586000600200128122308390000090000050000001389000000138900000000000000000000000000138900000000000000
120045860007002001281223083900000000000000000000000000000000000000000000001389000000000000000000000000000000
07004587000000200128122308400000000000000000100000000000000000
090045870001002001281223084000000000000001160045140000002252000000000000000000000000000000100000000670000000000020000000000
11004587000200200128122308400000090000010000002252000000225200000000000000000000000000225200000000000000
120045870003002001281223084000000000000000000000000000000000000000000000002252000000000000000000000000000000
07004588000000200128122308410000000000000000100000000000000000
090045880001002001281223084100000000000005020000040000000400I 0000000000000000000000000000000000000100000000000060000000000
090045880002002001281223084100000000000002150000010000000199000000000000000000000000000000000000000500000000000010000000000
090045880003002001281223084100000000000002150000010000000199000000000000000000000000000000000000000500000000000010000000000
11004588000400200128122308410000090000030000000798000000079800000000000000000000000000079800000000000000
120045880005002001281223084100000000000000000000000000000000000000000000000798000000000000000000000000000000
07004589000000200128122308510000000000000000100000000000000000
090045890001002001281223085100000000000002150000010000000199000000000000000000000000000000000000000500000000000010000000000
090045890002002001281223085100000000000003250000010000000199000000000000000000000000000000000000000790000000000040000000000
11004589000300200128122308510000090000020000000398000000039800000000000000000000000000039800000000000000
120045890004002001281223085103050000000000000000000000000000000000000000000398000000000000000000000000000000
07004590000000200128122308530000000000000000100000000000000000
090045900001002001281223085300000000000001230000800000000200000000000000000000000000000000100000008750000000000020000000000
11004590000200200128122308530000090000010000000200000000020000000000000000000000000000020000000000000000
120045900003002001281223085300000000000000000000000000000000000000000000000200000000000000000000000000000000
07004591000000200128122308530000000000000000100000000000000000
090045910001002001281223085300000000000001080002220000000222000000000000000000000000000000100000001000000000000020000000000
11004591000200200128122308530000090000010000000222000000022200000000000000000000000000022200000000000000
120045910003002001281223085300000000000000000000000000000000000000000000000222000000000000000000000000000000
07004592000000200128122308580000000000000000100000000000000000
090045920001002001281223085800000000000003030000010000000249000000000000000000000000000000000000000830000000000040000000000
090045920002002001281223085800000000000001170002000000000100000000000000000000000000000000100000001000000000000020000000000
11004592000300200128122308580000090000020000000349000000034900000000000000000000000000034900000000000000
120045920004002001281223085800000000000000000000000000000000000000000000000349000000000000000000000000000000
07004593000000200128122309000000000000000000100000000000000000
090045930001002001281223090000000000000003200000010000002299000000000000000000000000000000000000000000000000000050000000000
11004593000200200128122309000000090000010000002299000000229900000000000000000000000000229900000000000000
120045930003002001281223090000000000000000000000000000000000000000000000002299000000000000000000000000000000
07004594000000200128122309000000000000000000100000000000000000
090045940001002001281223090000000000000003200000010000002299000000000000000000000000000000000000000000000000000050000000000
11004594000200200128122309000000090000010000002299000000229900000000000000000000000000229900000000000000
120045940003002001281223090002010000000000000000000000000000000000010000002299000000000000000000000000000000
100045940004002001281223090001000000000000000100000022990000000000000489000009
07004595000000200128122309070000000000000000100000000000000000
090045950001002001281223090700000000000001010018860000001507000000000000000000000000000000100000000500000000000020000000000
11004595000200200128122309070000090000010000001507000000150700000000000000000000000000150700000000000000
120045950003002001281223090700000000000000000000000000000000000000000000001507000000000000000000000000000000
07004596000000200128122309090000000000000000100000000000000000
090045960001002001281223090900000000000001160007360000000367000000000000000000000000000000100000000670000000000020000000000
090045960002002001281223090900000000000001060002120000000106000000000000000000000000000000100000001500000000000020000000000
090045960003002001281223090900000000000001080001940000000194000000000000000000000000000000100000001000000000000020000000000
090045960004002001281223090900000000000001090001000000000030000000000000000000000000000000100000001500000000000020000000000
17004596000500200128122309090000000000000249
090045960006002001281223090900000000000003250000010000000199000000000000000000000000000000000000000790000000000040000000000
11004596000700200128122309090000090000050000000896000000089600000000000000000000000000089600000000000000
120045960008002001281223090903090000000000000000000000000000000000000000000896000000000000000000000000000000
07004597000000200128122309130000000000000000100000000000000000
090045970001002001281223091300000000000002150000010000000199000000000000000000000000000000000000000500000000000010000000000
090045970002002001281223091300000000000003250000010000000199000000000000000000000000000000000000000790000000000040000000000
090045970003002001281223091300000000000003250000010000000199000000000000000000000000000000000000000790000000000040000000000
090045970004002001281223091300000000000002070010580000000951000000000000000000000000000000100000001990000000000010000000000
090045970005002001281223091300000000000002170000010000000799000000000000000000000000000000000000006500000000000010000000000
090045970006002001281223091300000000000005020000150000001500I 0000000000000000000000000000000000000100000000000060000000000
11004597000700200128122309130000090000060000003847000000384700000000000000000000000000384700000000000000
120045970008002001281223091303050000000000000000000000000000000000000000003847000000000000000000000000000000
07004598000000200128122309240000000000000000100000000000000000
090045980001002001281223092400000000000003030000020000000498000000000000000000000000000000000000000830000000000040000000000
11004598000200200128122309240000090000010000000498000000049800000000000000000000000000049800000000000000
120045980003002001281223092400000000000000000000000000000000000000000000000498000000000000000000000000000000
14004599000000200128122309270000010000000000
07004600000000200128122309280000000000000000100000000000000000
090046000001002001281223092800000000000001160006760000000337000000000000000000000000000000100000000670000000000020000000000
090046000002002001281223092800000000000001220005060000000252000000000000000000000000000000100000001500000000000020000000000
11004600000300200128122309280000090000020000000589000000058900000000000000000000000000058900000000000000
120046000004002001281223092800000000000000000000000000000000000000000000000589000000000000000000000000000000
07004601000000200128122309370000000000000000100000000000000000
090046010001002001281223093700000000000003250000010000000199000000000000000000000000000000000000000790000000000040000000000
090046010002002001281223093700000000000001080004860000000486000000000000000000000000000000100000001000000000000020000000000
090046010003002001281223093700000000000001090000660000000020000000000000000000000000000000100000001500000000000020000000000
11004601000400200128122309370000090000030000000705000000070500000000000000000000000000070500000000000000
120046010005002001281223093700000000000000000000000000000000000000000000000705000000000000000000000000000000
07004602000000200128122309390000000000000000100000000000000000
090046020001002001281223093900000000000001080003060000000306000000000000000000000000000000100000001000000000000020000000000
090046020002002001281223093900000000000001080001260000000126000000000000000000000000000000100000001000000000000020000000000
090046020003002001281223093900000000000001160007440000000371000000000000000000000000000000100000000670000000000020000000000
11004602000400200128122309390000090000030000000803000000080300000000000000000000000000080300000000000000
120046020005002001281223093900000000000000000000000000000000000000000000000803000000000000000000000000000000
14004603000000200128122309460000010000000232
07004604000000200128122309470000000000000000100000000000000000
090046040001002001281223094700000000000001250005860000000292I 0000000000000000000000000000100000000530000000000020000000000
090046040002002001281223094700000000000001060004640000000232000000000000000000000000000000100000001500000000000020000000000
090046040003002001281223094700000000000001170003060000000153000000000000000000000000000000100000001000000000000020000000000
090046040004002001281223094700000000000002040002380000000071000000000000000000000000000000100000000500000000000010000000000
090046040005002001281223094700000000000002150000010000000199000000000000000000000000000000000000000500000000000010000000000
11004604000600200128122309470000090000050000000947000000094700000000000000000000000000094700000000000000
120046040007002001281223094700000000000000000000000000000000000000000000000947000000000000000000000000000000
07004605000000200128122309470000000000000000100000000000000000
090046050001002001281223094700000000000001020004740000000189000000000000000000000000000000100000001200000000000020000000000
11004605000200200128122309470000090000010000000189000000018900000000000000000000000000018900000000000000
120046050003002001281223094700000000000000000000000000000000000000000000000189000000000000000000000000000000
07004606000000200128122309490000000000000000100000000000000000
090046060001002001281223094900000000000003010000010000000999000000000000000000000000000000000000006000000000000050000000000
11004606000200200128122309490000090000010000000999000000099900000000000000000000000000099900000000000000
120046060003002001281223094903010000000000000000000000000000000000000000000999000000000000000000000000000000
07004607000000200128122309500000000000000000100000000000000000
090046070001002001281223095000000000000001050004720000000236000000000000000000000000000000100000000500000000000020000000000
090046070002002001281223095000000000000003250000010000000199000000000000000000000000000000000000000790000000000040000000000
11004607000300200128122309500000090000020000000435000000043500000000000000000000000000043500000000000000
120046070004002001281223095000000000000000000000000000000000000000000000000435000000000000000000000000000000
07004608000000200128122309590000000000000000100000000000000000
090046080001002001281223095900000000000001220004680000000234000000000000000000000000000000100000001500000000000020000000000
090046080002002001281223095900000000000001120005200000000363000000000000000000000000000000100000001000000000000020000000000
11004608000300200128122309590000090000020000000597000000059700000000000000000000000000059700000000000000
120046080004002001281223095900000000000000000000000000000000000000000000000597000000000000000000000000000000
07004609000000200128122310000000000000000000100000000000000000
090046090001002001281223100000000000000003250000020000000398000000000000000000000000000000000000000790000000000040000000000
11004609000200200128122310000000090000010000000398000000039800000000000000000000000000039800000000000000
120046090003002001281223100004000000000000000000000000000000000000000000000398000000000000000000000000000000
07004610000000200128122310010000000000000000100000000000000000
090046100001002001281223100100000000000001130012380000000494000000000000000000000000000000100000001500000000000020000000000
090046100002002001281223100100000000000003250000010000000199000000000000000000000000000000000000000790000000000040000000000
11004610000300200128122310010000090000020000000693000000069300000000000000000000000000200000000013070000
120046100004002001281223100100000000000000000000000000000000000000000000000693000000000000000000000000000000
07004611000000200128122310020000000000000000100000000000000000
090046110001002001281223100200000000000003030000010000000249000000000000000000000000000000000000000830000000000040000000000
090046110002002001281223100200000000000001290002460000000074000000000000000000000000000000100000000250000000000020000000000
11004611000300200128122310020000090000020000000323000000032300000000000000000000000000032300000000000000
120046110004002001281223100202010000000000000000000000000000000000310000000323000000000000000000000000000000
100046110005002001281223100201000000000000003100000003230000000000000276000009
07004612000000200128122310030000000000000000100000000000000000
090046120001002001281223100300000000000001010013240000000925000000000000000000000000000000100000000500000000000020000000000
11004612000200200128122310030000090000010000000925000000092500000000000000000000000000092500000000000000
120046120003002001281223100300000000000000000000000000000000000000000000000925000000000000000000000000000000
07004613000000200128122310180000000000000000100000000000000000
090046130001002001281223101800000000000003250000010000000199000000000000000000000000000000000000000790000000000040000000000
090046130002002001281223101800000000000001250008960000000447I 0000000000000000000000000000100000000530000000000020000000000
090046130003002001281223101800000000000001060007140000000356000000000000000000000000000000100000001500000000000020000000000
090046130004002001281223101800000000000001040006180000000556000000000000000000000000000000100000002000000000000020000000000
090046130005002001281223101800000000000002630005180000000932000000000000000000000000000000100000009990000000000010000000000
090046130006002001281223101800000000000002350001440000000288000000000000000000000000000000100000008990000000000010000000000
090046130007002001281223101800000000000001010010520000000735000000000000000000000000000000100000000500000000000020000000000
090046130008002001281223101800000000000002260007200000000359000000000000000000000000000000100000002000000000000010000000000
090046130009002001281223101800000000000001290006500000000194000000000000000000000000000000100000000250000000000020000000000
090046130010002001281223101800000000000002200000010000000799000000000000000000000000000000000000000990000000000010000000000
090046130011002001281223101800000000000003030000010000000249000000000000000000000000000000000000000830000000000040000000000
090046130012002001281223101800000000000002170000020000001598000000000000000000000000000000000000006500000000000010000000000
090046130013002001281223101800000000000002300004740000000379000000000000000000000000000000100000005500000000000010000000000
090046130014002001281223101800000000000002300005520000000441000000000000000000000000000000100000005500000000000010000000000
090046130015002001281223101800000000000002150000020000000398000000000000000000000000000000000000000500000000000010000000000
090046130016002001281223101800000000000002220000010000000499000000000000000000000000000000000000001500000000000010000000000
11004613001700200128122310180000090000160000008429000000842900000000000000000000000001000000000015710000
120046130018002001281223101800000000000000000000000000000000000000000000008429000000000000000000000000000000
07004614000000200128122310200000000000000000100000000000000000
090046140001002001281223102000000000000001120005160000000361000000000000000000000000000000100000001000000000000020000000000
11004614000200200128122310200000090000010000000361000000036100000000000000000000000000036100000000000000
120046140003002001281223102000000000000000000000000000000000000000000000000361000000000000000000000000000000
07004615000000200128122310240000000000000000100000000000000000
090046150001002001281223102400000000000001060005440000000271000000000000000000000000000000100000001500000000000020000000000
11004615000200200128122310240000090000010000000271000000027100000000000000000000000000027100000000000000
120046150003002001281223102400000000000000000000000000000000000000000000000271000000000000000000000000000000
07004616000000200128122310290000000000000000100000000000000000
090046160001002001281223102900000000000001290020800000000622000000000000000000000000000000100000000250000000000020000000000
090046160002002001281223102900000000000002040012020000000359000000000000000000000000000000100000000500000000000010000000000
11004616000300200128122310290000090000020000000981000000098100000000000000000000000000098100000000000000
120046160004002001281223102903010000000000000000000000000000000000000000000981000000000000000000000000000000
07004617000000200128122310290000000000000000100000000000000000
090046170001002001281223102900000000000001180001900000000114000000000000000000000000000000100000001000000000000020000000000
11004617000200200128122310290000090000010000000114000000011400000000000000000000000000011400000000000000
120046170003002001281223102900000000000000000000000000000000000000000000000114000000000000000000000000000000
07004618000000200128122310330000000000000000100000000000000000
090046180001002001281223103300000000000001160005760000000287000000000000000000000000000000100000000670000000000020000000000
090046180002002001281223103300000000000001080005880000000352000000000000000000000000000000100000001000000000000020000000000
090046180003002001281223103300000000000001040005700000000512000000000000000000000000000000100000002000000000000020000000000
090046180004002001281223103300000000000002070007200000000647000000000000000000000000000000100000001990000000000010000000000
090046180005002001281223103300000000000002260004980000000249000000000000000000000000000000100000002000000000000010000000000
11004618000600200128122310330000090000050000002047000000204700000000000000000000000000204700000000000000
120046180007002001281223103300000000000000000000000000000000000000000000002047000000000000000000000000000000
07004619000000200128122310350000000000000000100000000000000000
090046190001002001281223103500000000000001290004840000000145000000000000000000000000000000100000000250000000000020000000000
090046190002002001281223103500000000000001050002880000000144000000000000000000000000000000100000000500000000000020000000000
090046190003002001281223103500000000000001060001220000000061000000000000000000000000000000100000001500000000000020000000000
11004619000400200128122310350000090000030000000350000000035000000000000000000000000000035000000000000000
120046190005002001281223103500000000000000000000000000000000000000000000000350000000000000000000000000000000
07004620000000200128122310390000000000000000100000000000000000
090046200001002001281223103900000000000001060003080000000154000000000000000000000000000000100000001500000000000020000000000
11004620000200200128122310390000090000010000000154000000015400000000000000000000000000015400000000000000
120046200003002001281223103900000000000000000000000000000000000000000000000154000000000000000000000000000000
07004621000000200128122310540000000000000000100000000000000000
090046210001002001281223105400000000000002220000020000000998000000000000000000000000000000000000001500000000000010000000000
090046210002002001281223105400000000000002290000010000000799000000000000000000000000000000000000002500000000000010000000000
090046210003002001281223105400000000000001220005360000000267000000000000000000000000000000100000001500000000000020000000000
090046210004002001281223105400000000000002270002240000000672000000000000000000000000000000100000003990000000000010000000000
090046210005002001281223105400000000000001240003040000000212000000000000000000000000000000100000001670000000000020000000000
090046210006002001281223105400000000000011000008260000000164000000000000000000000000000000100000000990000000000020000000000
090046210007002001281223105400000000000001120008660000000605000000000000000000000000000000100000001000000000000020000000000
090046210008002001281223105400000000000001250003500000000175I 0000000000000000000000000000100000000530000000000020000000000
090046210009002001281223105400000000000003250000010000000199000000000000000000000000000000000000000790000000000040000000000
17004621001000200128122310540000000000001199
090046210011002001281223105400000000000002170000010000000799000000000000000000000000000000000000006500000000000010000000000
090046210012002001281223105400000000000002070031720000002852000000000000000000000000000000100000001990000000000010000000000
11004621001300200128122310540000090000110000007742000000774200000000000000000000000001000000000022580000
120046210014002001281223105400000000000000000000000000000000000000000000007742000000000000000000000000000000
07004622000000200128122310550000000000000000100000000000000000
090046220001002001281223105500000000000002260013540000000676000000000000000000000000000000100000002000000000000010000000000
11004622000200200128122310550000090000010000000676000000067600000000000000000000000001030000000096240000
120046220003002001281223105500000000000000000000000000000000000000000000000676000000000000000000000000000000
07004623000000200128122311050000000000000000100000000000000000
090046230001002001281223110500000000000001290007320000000219000000000000000000000000000000100000000250000000000020000000000
090046230002002001281223110500000000000011000006680000000133000000000000000000000000000000100000000990000000000020000000000
090046230003002001281223110500000000000001150002680000000107000000000000000000000000000000100000001000000000000020000000000
090046230004002001281223110500000000000001140002800000000280000000000000000000000000000000100000000500000000000020000000000
11004623000500200128122311050000090000040000000739000000073900000000000000000000000000073900000000000000
120046230006002001281223110503010000000000000000000000000000000000000000000739000000000000000000000000000000
07004624000000200128122311130000000000000000100000000000000000
090046240001002001281223111300000000000002020008560000000684000000000000000000000000000000100000001990000000000010000000000
090046240002002001281223111300000000000002630003420000000615000000000000000000000000000000100000009990000000000010000000000
090046240003002001281223111300000000000002350007100000001419000000000000000000000000000000100000008990000000000010000000000
090046240004002001281223111300000000000002230011340000001700000000000000000000000000000000100000004980000000000010000000000
090046240005002001281223111300000000000002110011200000000671000000000000000000000000000000100000000990000000000010000000000
090046240006002001281223111300000000000002110011240000000673000000000000000000000000000000100000000990000000000010000000000
090046240007002001281223111300000000000002210010220000000612000000000000000000000000000000100000003990000000000010000000000
090046240008002001281223111300000000000005480000020000000500I 0100000000000000000000000000000000000000000000000080000000000
11004624000900200128122311130000090000080000006874000000687400000000000000000000000000687400000000000000
120046240010002001281223111303050000000000000000000000000000000000000000006874000000000000000000000000000000
07004625000000200128122311140000000000000000100000000000000000
090046250001002001281223111400000000000002630007060000001270000000000000000000000000000000100000009990000000000010000000000
090046250002002001281223111400000000000001040007600000000683000000000000000000000000000000100000002000000000000020000000000
090046250003002001281223111400000000000001080006740000000404000000000000000000000000000000100000001000000000000020000000000
090046250004002001281223111400000000000003030000010000000249000000000000000000000000000000000000000830000000000040000000000
11004625000500200128122311140000090000040000002606000000260600000000000000000000000000260600000000000000
120046250006002001281223111402010000000000000000000000000000000000100000002606000000000000000000000000000000
100046250007002001281223111401000000000000001000000026060000000000000068000009
07004626000000200128122311160000000000000000100000000000000000
090046260001002001281223111600000000000002130019000000001138000000000000000000000000000000100000001400000000000010000000000
090046260002002001281223111600000000000005220000010000002199I 0100000000000000000000000000000000018500000000000070000000000
090046260003002001281223111600000000000005020000350000003500I 0000000000000000000000000000000000000100000000000060000000000
090046260004002001281223111600000000000002170000010000000799000000000000000000000000000000000000006500000000000010000000000
11004626000500200128122311160000090000040000007636000000763600000000000000000000000000763600000000000000
120046260006002001281223111600000000000000000000000000000000000000000000007636000000000000000000000000000000
07004627000000200128122311240000000000000000100000000000000000
090046270001002001281223112400000000000002150000030000000597000000000000000000000000000000000000000500000000000010000000000
11004627000200200128122311240000090000010000000597000000059700000000000000000000000000059700000000000000
120046270003002001281223112403050000000000000000000000000000000000000000000597000000000000000000000000000000
07004628000000200128122311320000000000000000100000000000000000
090046280001002001281223113200000000000002130016340000000979000000000000000000000000000000100000001400000000000010000000000
090046280002002001281223113200000000000001290003080000000092000000000000000000000000000000100000000250000000000020000000000
090046280003002001281223113200000000000001060006500000000324000000000000000000000000000000100000001500000000000020000000000
090046280004002001281223113200000000000002070012560000001129000000000000000000000000000000100000001990000000000010000000000
090046280005002001281223113200000000000001040002500000000225000000000000000000000000000000100000002000000000000020000000000
11004628000600200128122311320000090000050000002749000000274900000000000000000000000000274900000000000000
120046280007002001281223113203010000000000000000000000000000000000000000002749000000000000000000000000000000
07004629000000200128122311330000000000000000100000000000000000
090046290001002001281223113300000000000001290019640000000587000000000000000000000000000000100000000250000000000020000000000
090046290002002001281223113300000000000001050014380000000718000000000000000000000000000000100000000500000000000020000000000
11004629000300200128122311330000090000020000001305000000130500000000000000000000000000130500000000000000
120046290004002001281223113303050000000000000000000000000000000000000000001305000000000000000000000000000000
07004630000000200128122311410000000000000000100000000000000000
090046300001002001281223114100000000000001020003420000000136000000000000000000000000000000100000001200000000000020000000000
090046300002002001281223114100000000000001140003460000000346000000000000000000000000000000100000000500000000000020000000000
11004630000300200128122311410000090000020000000482000000048200000000000000000000000000048200000000000000
120046300004002001281223114100000000000000000000000000000000000000000000000482000000000000000000000000000000
07004631000000200128122311430000000000000000100000000000000000
090046310001002001281223114300000000000001220004640000000232000000000000000000000000000000100000001500000000000020000000000
090046310002002001281223114300000000000001080001760000000105000000000000000000000000000000100000001000000000000020000000000
11004631000300200128122311430000090000020000000337000000033700000000000000000000000000033700000000000000
120046310004002001281223114303010000000000000000000000000000000000000000000337000000000000000000000000000000
07004632000000200128122311430000000000000000100000000000000000
090046320001002001281223114300000000000001290006140000000184000000000000000000000000000000100000000250000000000020000000000
090046320002002001281223114300000000000005020000010000000100I 0000000000000000000000000000000000000100000000000060000000000
11004632000300200128122311430000090000020000000284000000028400000000000000000000000000028400000000000000
120046320004002001281223114300000000000000000000000000000000000000000000000284000000000000000000000000000000
07004633000000200128122311440000000000000000100000000000000000
090046330001002001281223114400000000000001050002740000000137000000000000000000000000000000100000000500000000000020000000000
090046330002002001281223114400000000000001290001620000000048000000000000000000000000000000100000000250000000000020000000000
090046330003002001281223114400000000000001090000700000000035000000000000000000000000000000100000001500000000000020000000000
11004633000400200128122311440000090000030000000220000000022000000000000000000000000000022000000000000000
120046330005002001281223114400000000000000000000000000000000000000000000000220000000000000000000000000000000
07004634000000200128122311460000000000000000100000000000000000
090046340001002001281223114600000000000001080003700000000222000000000000000000000000000000100000001000000000000020000000000
090046340002002001281223114600000000000003250000010000000199000000000000000000000000000000000000000790000000000040000000000
11004634000300200128122311460000090000020000000421000000042100000000000000000000000000042100000000000000
120046340004002001281223114600000000000000000000000000000000000000000000000421000000000000000000000000000000
07004635000000200128122311480000000000000000100000000000000000
090046350001002001281223114800000000000001020009300000000371000000000000000000000000000000100000001200000000000020000000000
090046350002002001281223114800000000000005020000010000000100I 0000000000000000000000000000000000000100000000000060000000000
11004635000300200128122311480000090000020000000471000000047100000000000000000000000000047100000000000000
120046350004002001281223114800000000000000000000000000000000000000000000000471000000000000000000000000000000
07004636000000200128122311490000000000000000100000000000000000
090046360001002001281223114900000000000001290015240000000456000000000000000000000000000000100000000250000000000020000000000
090046360002002001281223114900000000000003030000010000000249000000000000000000000000000000000000000830000000000040000000000
090046360003002001281223114900000000000001020010760000000429000000000000000000000000000000100000001200000000000020000000000
090046360004002001281223114900000000000002340000920000000028000000000000000000000000000000100000000500000000000010000000000
090046360005002001281223114900000000000001050004660000000233000000000000000000000000000000100000000500000000000020000000000
11004636000600200128122311490000090000050000001395000000139500000000000000000000000000139500000000000000
120046360007002001281223114903010000000000000000000000000000000000000000001395000000000000000000000000000000
07004637000000200128122311500000000000000000100000000000000000
090046370001002001281223115000000000000002040003100000000093000000000000000000000000000000100000000500000000000010000000000
11004637000200200128122311500000090000010000000093000000009300000000000000000000000000009300000000000000
120046370003002001281223115000000000000000000000000000000000000000000000000093000000000000000000000000000000
07004638000000200128122311520000000000000000100000000000000000
090046380001002001281223115200000000000001140001580000000158000000000000000000000000000000100000000500000000000020000000000
090046380002002001281223115200000000000020700006260000000187000000000000000000000000000000100000000500000000000010000000000
11004638000300200128122311520000090000020000000345000000034500000000000000000000000000100000000006550000
120046380004002001281223115200000000000000000000000000000000000000000000000345000000000000000000000000000000
14004639000000200128122311540000010000000000
07004640000000200128122311540000000000000000100000000000000000
090046400001002001281223115400000000000001290006860000000205000000000000000000000000000000100000000250000000000020000000000
11004640000200200128122311540000090000010000000205000000020500000000000000000000000000020500000000000000
120046400003002001281223115400000000000000000000000000000000000000000000000205000000000000000000000000000000
07004641000000200128122311590000000000000000100000000000000000
090046410001002001281223115900000000000003250000010000000199000000000000000000000000000000000000000790000000000040000000000
090046410002002001281223115900000000000001040003960000000356000000000000000000000000000000100000002000000000000020000000000
11004641000300200128122311590000090000020000000555000000055500000000000000000000000000200000000014450000
120046410004002001281223115900000000000000000000000000000000000000000000000555000000000000000000000000000000
07004642000000200128122312030000000000000000100000000000000000
090046420001002001281223120300000000000001290006520000000195000000000000000000000000000000100000000250000000000020000000000
090046420002002001281223120300000000000001090001560000000078000000000000000000000000000000100000001500000000000020000000000
090046420003002001281223120300000000000001050010720000000535000000000000000000000000000000100000000500000000000020000000000
11004642000400200128122312030000090000030000000808000000080800000000000000000000000000100000000001920000
120046420005002001281223120300000000000000000000000000000000000000000000000808000000000000000000000000000000
07004643000000200128122312030000000000000000100000000000000000
090046430001002001281223120300000000000001290009460000000283000000000000000000000000000000100000000250000000000020000000000
11004643000200200128122312030000090000010000000283000000028300000000000000000000000000028300000000000000
120046430003002001281223120300000000000000000000000000000000000000000000000283000000000000000000000000000000
07004644000000200128122312060000000000000000100000000000000000
090046440001002001281223120600000000000001290003540000000106000000000000000000000000000000100000000250000000000020000000000
090046440002002001281223120600000000000005020000010000000100I 0000000000000000000000000000000000000100000000000060000000000
090046440003002001281223120600000000000001050003020000000151000000000000000000000000000000100000000500000000000020000000000
11004644000400200128122312060000090000030000000357000000035700000000000000000000000000035700000000000000
120046440005002001281223120600000000000000000000000000000000000000000000000357000000000000000000000000000000
07004645000000200128122312080000000000000000100000000000000000
090046450001002001281223120800000000000001020012360000000493000000000000000000000000000000100000001200000000000020000000000
090046450002002001281223120800000000000001050006760000000337000000000000000000000000000000100000000500000000000020000000000
090046450003002001281223120800000000000001290006980000000209000000000000000000000000000000100000000250000000000020000000000
11004645000400200128122312080000090000030000001039000000103900000000000000000000000000103900000000000000
120046450005002001281223120800000000000000000000000000000000000000000000001039000000000000000000000000000000
07004646000000200128122312100000000000000000100000000000000000
090046460001002001281223121000000000000001150001820000000073000000000000000000000000000000100000001000000000000020000000000
090046460002002001281223121000000000000003190000010000000500000000000000000000000000000000000000002000000000000050000000000
090046460003002001281223121000000000000002070007560000000680000000000000000000000000000000100000001990000000000010000000000
090046460004002001281223121000000000000001290002120000000063000000000000000000000000000000100000000250000000000020000000000
11004646000500200128122312100000090000040000001316000000131600000000000000000000000000131600000000000000
120046460006002001281223121003010000000000000000000000000000000000000000001316000000000000000000000000000000
07004647000000200128122312120000000000000000100000000000000000
090046470001002001281223121200000000000001020007820000000312000000000000000000000000000000100000001200000000000020000000000
090046470002002001281223121200000000000002230004380000000657000000000000000000000000000000100000004980000000000010000000000
11004647000300200128122312120000090000020000000969000000096900000000000000000000000000096900000000000000
120046470004002001281223121200000000000000000000000000000000000000000000000969000000000000000000000000000000
07004648000000200128122312150000000000000000100000000000000000
090046480001002001281223121500000000000001010006100000000426000000000000000000000000000000100000000500000000000020000000000
11004648000200200128122312150000090000010000000426000000042600000000000000000000000000042600000000000000
120046480003002001281223121503010000000000000000000000000000000000000000000426000000000000000000000000000000
07004649000000200128122312220000000000000000100000000000000000
090046490001002001281223122200000000000001290006520000000195000000000000000000000000000000100000000250000000000020000000000
090046490002002001281223122200000000000003190000010000000500000000000000000000000000000000000000002000000000000050000000000
090046490003002001281223122200000000000002260002360000000118000000000000000000000000000000100000002000000000000010000000000
11004649000400200128122312220000090000030000000813000000081300000000000000000000000000081300000000000000
120046490005002001281223122202010000000000000000000000000000000000220000000813000000000000000000000000000000
100046490006002001281223122201000000000000002200000008130000000000001745000009
07004650000000200128122312320000000000000000100000000000000000
090046500001002001281223123200000000000002650014260000001425000000000000000000000000000000100000003990000000000010000000000
11004650000200200128122312320000090000010000001425000000142500000000000000000000000000142500000000000000
120046500003002001281223123203010000000000000000000000000000000000000000001425000000000000000000000000000000
07004651000000200128122312350000000000000000100000000000000000
090046510001002001281223123500000000000001140002240000000224000000000000000000000000000000100000000500000000000020000000000
11004651000200200128122312350000090000010000000224000000022400000000000000000000000000022400000000000000
120046510003002001281223123500000000000000000000000000000000000000000000000224000000000000000000000000000000
07004652000000200128122312420000000000000000100000000000000000
090046520001002001281223124200000000000001080003320000000199000000000000000000000000000000100000001000000000000020000000000
090046520002002001281223124200000000000001140003040000000304000000000000000000000000000000100000000500000000000020000000000
11004652000300200128122312420000090000020000000503000000050300000000000000000000000000050300000000000000
120046520004002001281223124200000000000000000000000000000000000000000000000503000000000000000000000000000000
07004653000000200128122312430000000000000000100000000000000000
090046530001002001281223124300000000000001290003460000000103000000000000000000000000000000100000000250000000000020000000000
11004653000200200128122312430000090000010000000103000000010300000000000000000000000000010300000000000000
120046530003002001281223124300000000000000000000000000000000000000000000000103000000000000000000000000000000
07004654000000200128122312480000000000000000100000000000000000
090046540001002001281223124800000000000001010010260000000717000000000000000000000000000000100000000500000000000020000000000
11004654000200200128122312480000090000010000000717000000071700000000000000000000000000200000000012830000
120046540003002001281223124800000000000000000000000000000000000000000000000717000000000000000000000000000000
07004655000000200128122313050000000000000000100000000000000000
090046550001002001281223130500000000000005020000020000000200I 0000000000000000000000000000000000000100000000000060000000000
11004655000200200128122313050000090000010000000200000000020000000000000000000000000000020000000000000000
120046550003002001281223130502010000000000000000000000000000000000210000000200000000000000000000000000000000
100046550004002001281223130501000000000000002100000002000000000000000512000009
07004656000000200128122313060000000000000000100000000000000000
090046560001002001281223130600000000000001290011120000000332000000000000000000000000000000100000000250000000000020000000000
11004656000200200128122313060000090000010000000332000000033200000000000000000000000000033200000000000000
120046560003002001281223130602010000000000000000000000000000000000210000000332000000000000000000000000000000
100046560004002001281223130601000000000000002100000003320000000000000513000009
07004657000000200128122313110000000000000000100000000000000000
090046570001002001281223131100000000000002040003960000000118000000000000000000000000000000100000000500000000000010000000000
090046570002002001281223131100000000000001150004040000000161000000000000000000000000000000100000001000000000000020000000000
090046570003002001281223131100000000000001070000720000000180000000000000000000000000000000100000005000000000000020000000000
090046570004002001281223131100000000000001290001400000000042000000000000000000000000000000100000000250000000000020000000000
11004657000500200128122313110000090000040000000501000000050100000000000000000000000000050100000000000000
120046570006002001281223131100000000000000000000000000000000000000000000000501000000000000000000000000000000
07004658000000200128122313130000000000000000100000000000000000
090046580001002001281223131300000000000011000006220000000124000000000000000000000000000000100000000990000000000020000000000
090046580002002001281223131300000000000001250002580000000129I 0000000000000000000000000000100000000530000000000020000000000
090046580003002001281223131300000000000001120002800000000196000000000000000000000000000000100000001000000000000020000000000
090046580004002001281223131300000000000001060001700000000085000000000000000000000000000000100000001500000000000020000000000
090046580005002001281223131300000000000001010002880000000201000000000000000000000000000000100000000500000000000020000000000
090046580006002001281223131300000000000002630003500000000630000000000000000000000000000000100000009990000000000010000000000
090046580007002001281223131300000000000003250000010000000199000000000000000000000000000000000000000790000000000040000000000
11004658000800200128122313130000090000070000001564000000156400000000000000000000000000200000000004360000
120046580009002001281223131300000000000000000000000000000000000000000000001564000000000000000000000000000000
07004659000000200128122313140000000000000000100000000000000000
090046590001002001281223131400000000000003250000010000000199000000000000000000000000000000000000000790000000000040000000000
090046590002002001281223131400000000000001080004240000000254000000000000000000000000000000100000001000000000000020000000000
11004659000300200128122313140000090000020000000453000000045300000000000000000000000000045300000000000000
120046590004002001281223131400000000000000000000000000000000000000000000000453000000000000000000000000000000
18004659000500200128122313340100000020000000000000000000000001
18004659000600200128122313340500000100000000000000000000000001
18004659000700200128122313341000000074000000000000000000000001
060046590008002001281223133600000100000400000000000000000000000000000000000000000000
14004660000000200128122313400000010000000336
07004661000000200128122313420000000000000000100000000000000000
090046610001002001281223134200000000000001290006080000000182000000000000000000000000000000100000000250000000000020000000000
090046610002002001281223134200000000000005020000020000000200I 0000000000000000000000000000000000000100000000000060000000000
090046610003002001281223134200000000000001050004560000000228000000000000000000000000000000100000000500000000000020000000000
090046610004002001281223134200000000000001060002800000000140000000000000000000000000000000100000001500000000000020000000000
090046610005002001281223134200000000000001010005260000000368000000000000000000000000000000100000000500000000000020000000000
11004661000600200128122313420000090000050000001118000000111800000000000000000000000000111800000000000000
120046610007002001281223134203060000000000000000000000000000000000000000001118000000000000000000000000000000
07004662000000200128122313510000000000000000100000000000000000
090046620001002001281223135100000000000001080006840000000410000000000000000000000000000000100000001000000000000020000000000
090046620002002001281223135100000000000001110002880000000086000000000000000000000000000000100000001990000000000020000000000
090046620003002001281223135100000000000001060002260000000113000000000000000000000000000000100000001500000000000020000000000
090046620004002001281223135100000000000003250000020000000398000000000000000000000000000000000000000790000000000040000000000
090046620005002001281223135100000000000003030000010000000249000000000000000000000000000000000000000830000000000040000000000
090046620006002001281223135100000000000003200000010000002299000000000000000000000000000000000000000000000000000050000000000
11004662000700200128122313510000090000060000003555000000355500000000000000000000000000500000000014450000
120046620008002001281223135100000000000000000000000000000000000000000000003555000000000000000000000000000000
07004663000000200128122313570000000000000000100000000000000000
090046630001002001281223135700000000000003200000010000002299000000000000000000000000000000000000000000000000000050000000000
090046630002002001281223135700000000000002200000010000000799000000000000000000000000000000000000000990000000000010000000000
11004663000300200128122313570000090000020000003098000000309800000000000000000000000000309800000000000000
120046630004002001281223135703010000000000000000000000000000000000000000003098000000000000000000000000000000
14004664000000200128122313590000010000000000
07004665000000200128122314070000000000000000100000000000000000
090046650001002001281223140700000000000001080007760000000465000000000000000000000000000000100000001000000000000020000000000
090046650002002001281223140700000000000002040010820000000324000000000000000000000000000000100000000500000000000010000000000
090046650003002001281223140700000000000003250000010000000199000000000000000000000000000000000000000790000000000040000000000
11004665000400200128122314070000090000030000000988000000098800000000000000000000000000098800000000000000
120046650005002001281223140703060000000000000000000000000000000000000000000988000000000000000000000000000000
07004666000000200128122314090000000000000000100000000000000000
090046660001002001281223140900000000000002150000050000000995000000000000000000000000000000000000000500000000000010000000000
090046660002002001281223140900000000000003250000030000000597000000000000000000000000000000000000000790000000000040000000000
11004666000300200128122314090000090000020000001592000000159200000000000000000000000000170000000001080000
120046660004002001281223140900000000000000000000000000000000000000000000001592000000000000000000000000000000
07004667000000200128122314190000000000000000100000000000000000
090046670001002001281223141900000000000002080002180000000109000000000000000000000000000000100000000500000000000010000000000
11004667000200200128122314190000090000010000000109000000010900000000000000000000000000010900000000000000
120046670003002001281223141903020000000000000000000000000000000000000000000109000000000000000000000000000000
07004668000000200128122314400000000000000000100000000000000000
090046680001002001281223144000000000000001290007940000000237000000000000000000000000000000100000000250000000000020000000000
090046680002002001281223144000000000000002040004500000000135000000000000000000000000000000100000000500000000000010000000000
11004668000300200128122314400000090000020000000372000000037200000000000000000000000000050000000001280000
120046680004002001281223144000000000000000000000000000000000000000000000000372000000000000000000000000000000
07004669000000200128122314490000000000000000100000000000000000
090046690001002001281223144900000000000001290016800000000502000000000000000000000000000000100000000250000000000020000000000
090046690002002001281223144900000000000001050007140000000356000000000000000000000000000000100000000500000000000020000000000
11004669000300200128122314490000090000020000000858000000085800000000000000000000000000500000000041420000
120046690004002001281223144900000000000000000000000000000000000000000000000858000000000000000000000000000000
07004670000000200128122314510000000000000000100000000000000000
090046700001002001281223145100000000000002150000030000000597000000000000000000000000000000000000000500000000000010000000000
11004670000200200128122314510000090000010000000597000000059700000000000000000000000000200000000014030000
120046700003002001281223145100000000000000000000000000000000000000000000000597000000000000000000000000000000
14004671000000200128122315140000010000000000
07004672000000200128122315170000000000000000100000000000000000
090046720001002001281223151700000000000002630001740000000313000000000000000000000000000000100000009990000000000010000000000
090046720002002001281223151700000000000002170000010000000799000000000000000000000000000000000000006500000000000010000000000
090046720003002001281223151700000000000002130014440000000865000000000000000000000000000000100000001400000000000010000000000
11004672000400200128122315170000090000030000001977000000197700000000000000000000000000200000000000230000
120046720005002001281223151700000000000000000000000000000000000000000000001977000000000000000000000000000000
07004673000000200128122315350000000000000000100000000000000000
090046730001002001281223153500000000000002010006020000000300000000000000000000000000000000100000000990000000000010000000000
11004673000200200128122315350000090000010000000300000000030000000000000000000000000000040000000001000000
120046730003002001281223153500000000000000000000000000000000000000000000000300000000000000000000000000000000
07004674000000200128122315370000000000000000100000000000000000
090046740001002001281223153700000000000001120009400000000657000000000000000000000000000000100000001000000000000020000000000
090046740002002001281223153700000000000001060004500000000225000000000000000000000000000000100000001500000000000020000000000
090046740003002001281223153700000000000001010009820000000686000000000000000000000000000000100000000500000000000020000000000
090046740004002001281223153700000000000002070006300000000566000000000000000000000000000000100000001990000000000010000000000
090046740005002001281223153700000000000005480000010000000250I 0100000000000000000000000000000000000000000000000080000000000
11004674000600200128122315370000090000050000002384000000238400000000000000000000000000238400000000000000
120046740007002001281223153703020000000000000000000000000000000000000000002384000000000000000000000000000000
14004675000000200128122316240000010000000000
07004676000000200128122316240000000000000000100000000000000000
090046760001002001281223162400000000000001070000800000000200000000000000000000000000000000100000005000000000000020000000000
090046760002002001281223162400000000000005020000020000000200I 0000000000000000000000000000000000000100000000000060000000000
11004676000300200128122316240000090000020000000400000000040000000000000000000000000000040000000000000000
120046760004002001281223162400000000000000000000000000000000000000000000000400000000000000000000000000000000
07004677000000200128122316240000000000000000100000000000000000
090046770001002001281223162400000000000002220000030000001497000000000000000000000000000000000000001500000000000010000000000
090046770002002001281223162400000000000002260005980000000298000000000000000000000000000000100000002000000000000010000000000
11004677000300200128122316240000090000020000001795000000179500000000000000000000000000200000000002050000
120046770004002001281223162400000000000000000000000000000000000000000000001795000000000000000000000000000000
07004678000000200128122316250000000000000000100000000000000000
090046780001002001281223162500000000000001010013400000000937000000000000000000000000000000100000000500000000000020000000000
11004678000200200128122316250000090000010000000937000000093700000000000000000000000000100000000000630000
120046780003002001281223162500000000000000000000000000000000000000000000000937000000000000000000000000000000
07004679000000200128122316400000000000000000100000000000000000
090046790001002001281223164000000000000002140012640000000757000000000000000000000000000000100000001990000000000010000000000
11004679000200200128122316400000090000010000000757000000075700000000000000000000000000075700000000000000
120046790003002001281223164003020000000000000000000000000000000000000000000757000000000000000000000000000000
07004680000000200128122316460000000000000000100000000000000000
090046800001002001281223164600000000000005040000010000000699I 0000000000000000000000000000000000000000000000000010000000000
11004680000200200128122316460000090000010000000699000000069900000000000000000000000000069900000000000000
120046800003002001281223164600000000000000000000000000000000000000000000000699000000000000000000000000000000
07004681000000200128122316490000000000000000100000000000000000
090046810001002001281223164900000000000005040000010000000699I 0000000000000000000000000000000000000000000000000010000000000
11004681000200200128122316490000090000010000000699000000069900000000000000000000000000069900000000000000
120046810003002001281223164903020000000000000000000000000000000000000000000699000000000000000000000000000000
14004682000000200128122316510000010000000799
07004683000000200128122316520000000000000000100000000000000000
090046830001002001281223165200000000000001180003800000000228000000000000000000000000000000100000001000000000000020000000000
11004683000200200128122316520000090000010000000228000000022800000000000000000000000000022800000000000000
120046830003002001281223165200000000000000000000000000000000000000000000000228000000000000000000000000000000
07004684000000200128122316520000000000000000100000000000000000
090046840001002001281223165200000000000002170000010000000799000000000000000000000000000000000000006500000000000010000000000
090046840002002001281223165200000000000002200000010000000799000000000000000000000000000000000000000990000000000010000000000
090046840003002001281223165200000000000002270005580000001673000000000000000000000000000000100000003990000000000010000000000
11004684000400200128122316520000090000030000003271000000327100000000000000000000000000500000000017290000
120046840005002001281223165200000000000000000000000000000000000000000000003271000000000000000000000000000000
07004685000000200128122317010000000000000000100000000000000000
090046850001002001281223170100000000000002150000030000000597000000000000000000000000000000000000000500000000000010000000000
090046850002002001281223170100000000000001050003700000000185000000000000000000000000000000100000000500000000000020000000000
090046850003002001281223170100000000000002350002220000000444000000000000000000000000000000100000008990000000000010000000000
090046850004002001281223170100000000000001080002840000000170000000000000000000000000000000100000001000000000000020000000000
11004685000500200128122317010000090000040000001396000000139600000000000000000000000000139600000000000000
120046850006002001281223170103020000000000000000000000000000000000000000001396000000000000000000000000000000
07004686000000200128122317040000000000000000100000000000000000
090046860001002001281223170400000000000001130012980000000518000000000000000000000000000000100000001500000000000020000000000
090046860002002001281223170400000000000001050012180000000608000000000000000000000000000000100000000500000000000020000000000
090046860003002001281223170400000000000001090001660000000083000000000000000000000000000000100000001500000000000020000000000
090046860004002001281223170400000000000001290016720000000500000000000000000000000000000000100000000250000000000020000000000
11004686000500200128122317040000090000040000001709000000170900000000000000000000000000170900000000000000
120046860006002001281223170403020000000000000000000000000000000000000000001709000000000000000000000000000000
07004687000000200128122317210000000000000000100000000000000000
090046870001002001281223172100000000000001290005860000000175000000000000000000000000000000100000000250000000000020000000000
090046870002002001281223172100000000000002150000020000000398000000000000000000000000000000000000000500000000000010000000000
090046870003002001281223172100000000000002010011200000000559000000000000000000000000000000100000000990000000000010000000000
090046870004002001281223172100000000000002080009360000000467000000000000000000000000000000100000000500000000000010000000000
090046870005002001281223172100000000000011000008700000000173000000000000000000000000000000100000000990000000000020000000000
11004687000600200128122317210000090000050000001772000000177200000000000000000000000000177200000000000000
120046870007002001281223172103020000000000000000000000000000000000000000001772000000000000000000000000000000
07004688000000200128122317220000000000000000100000000000000000
090046880001002001281223172200000000000001010006320000000442000000000000000000000000000000100000000500000000000020000000000
090046880002002001281223172200000000000002270002000000000600000000000000000000000000000000100000003990000000000010000000000
11004688000300200128122317220000090000020000001042000000104200000000000000000000000000104200000000000000
120046880004002001281223172200000000000000000000000000000000000000000000001042000000000000000000000000000000
07004689000000200128122317370000000000000000100000000000000000
090046890001002001281223173700000000000003190000010000000500000000000000000000000000000000000000002000000000000050000000000
11004689000200200128122317370000090000010000000500000000050000000000000000000000000000050000000000000000
120046890003002001281223173703020000000000000000000000000000000000000000000500000000000000000000000000000000
07004690000000200128122317380000000000000000100000000000000000
090046900001002001281223173800000000000003250000010000000199000000000000000000000000000000000000000790000000000040000000000
090046900002002001281223173800000000000001010005900000000412000000000000000000000000000000100000000500000000000020000000000
090046900003002001281223173800000000000001290001080000000032000000000000000000000000000000100000000250000000000020000000000
11004690000400200128122317380000090000030000000643000000064300000000000000000000000000100000000003570000
120046900005002001281223173800000000000000000000000000000000000000000000000643000000000000000000000000000000
07004691000000200128122317450000000000000000100000000000000000
090046910001002001281223174500000000000002070002760000000248000000000000000000000000000000100000001990000000000010000000000
11004691000200200128122317450000090000010000000248000000024800000000000000000000000000024800000000000000
120046910003002001281223174500000000000000000000000000000000000000000000000248000000000000000000000000000000
07004692000000200128122317480000000000000000100000000000000000
090046920001002001281223174800000000000003250000010000000199000000000000000000000000000000000000000790000000000040000000000
11004692000200200128122317480000090000010000000199000000019900000000000000000000000000019900000000000000
120046920003002001281223174800000000000000000000000000000000000000000000000199000000000000000000000000000000
07004693000000200128122318130000000000000000100000000000000000
090046930001002001281223181300000000000004020000060000000600I 0300000000000000000000000000000000000230000000000030000000000
090046930002002001281223181300000000000011000006960000000139000000000000000000000000000000100000000990000000000020000000000
090046930003002001281223181300000000000001070000620000000155000000000000000000000000000000100000005000000000000020000000000
11004693000400200128122318130000090000030000000894000000089400000000000000000000000000089400000000000000
120046930005002001281223181303020000000000000000000000000000000000000000000894000000000000000000000000000000
07004694000000200128122318170000000000000000100000000000000000
090046940001002001281223181700000000000002070007500000000674000000000000000000000000000000100000001990000000000010000000000
090046940002002001281223181700000000000002260004980000000249000000000000000000000000000000100000002000000000000010000000000
090046940003002001281223181700000000000002170000020000001598000000000000000000000000000000000000006500000000000010000000000
11004694000400200128122318170000090000030000002521000000252100000000000000000000000000500000000024790000
120046940005002001281223181700000000000000000000000000000000000000000000002521000000000000000000000000000000
07004695000000200128122318180000000000000000100000000000000000
090046950001002001281223181800000000000005020000050000000500I 0000000000000000000000000000000000000100000000000060000000000
11004695000200200128122318180000090000010000000500000000050000000000000000000000000000050000000000000000
120046950003002001281223181800000000000000000000000000000000000000000000000500000000000000000000000000000000
07004696000000200128122318210000000000000000100000000000000000
090046960001002001281223182100000000000002040000560000000017000000000000000000000000000000100000000500000000000010000000000
11004696000200200128122318210000090000010000000017000000001700000000000000000000000000001700000000000000
120046960003002001281223182100000000000000000000000000000000000000000000000017000000000000000000000000000000
07004697000000200128122318230000000000000000100000000000000000
090046970001002001281223182300000000000001020005980000000239000000000000000000000000000000100000001200000000000020000000000
090046970002002001281223182300000000000001290002640000000079000000000000000000000000000000100000000250000000000020000000000
090046970003002001281223182300000000000003250000020000000398000000000000000000000000000000000000000790000000000040000000000
090046970004002001281223182300000000000001290001000000000030000000000000000000000000000000100000000250000000000020000000000
090046970005002001281223182300000000000001290000640000000019000000000000000000000000000000100000000250000000000020000000000
11004697000600200128122318230000090000050000000765000000076500000000000000000000000000076500000000000000
120046970007002001281223182303020000000000000000000000000000000000000000000765000000000000000000000000000000
07004698000000200128122318300000000000000000100000000000000000
090046980001002001281223183000000000000005240000010000000499I 0100000000000000000000000000000000003000000000000080000000000
11004698000200200128122318300000090000010000000499000000049900000000000000000000000000049900000000000000
120046980003002001281223183002010000000000000000000000000000000000340000000499000000000000000000000000000000
100046980004002001281223183001000000000000003400000004990000000000000035000009
07004699000000200128122318380000000000000000100000000000000000
090046990001002001281223183800000000000001080005820000000349000000000000000000000000000000100000001000000000000020000000000
090046990002002001281223183800000000000001090001000000000050000000000000000000000000000000100000001500000000000020000000000
090046990003002001281223183800000000000003250000010000000199000000000000000000000000000000000000000790000000000040000000000
11004699000400200128122318380000090000030000000598000000059800000000000000000000000000100000000004020000
120046990005002001281223183800000000000000000000000000000000000000000000000598000000000000000000000000000000
07004700000000200128122318460000000000000000100000000000000000
090047000001002001281223184600000000000004020000050000000500I 0300000000000000000000000000000000000230000000000030000000000
11004700000200200128122318460000090000010000000500000000050000000000000000000000000000050000000000000000
120047000003002001281223184603020000000000000000000000000000000000000000000500000000000000000000000000000000
07004701000000200128122318500000000000000000100000000000000000
090047010001002001281223185000000000000001150004880000000195000000000000000000000000000000100000001000000000000020000000000
090047010002002001281223185000000000000001290006580000000197000000000000000000000000000000100000000250000000000020000000000
11004701000300200128122318500000090000020000000392000000039200000000000000000000000000040000000000080000
120047010004002001281223185000000000000000000000000000000000000000000000000392000000000000000000000000000000
07004702000000200128122318580000000000000000100000000000000000
090047020001002001281223185800000000000001290004340000000130000000000000000000000000000000100000000250000000000020000000000
090047020002002001281223185800000000000002070006860000000617000000000000000000000000000000100000001990000000000010000000000
090047020003002001281223185800000000000002260007780000000388000000000000000000000000000000100000002000000000000010000000000
090047020004002001281223185800000000000002110003520000000211000000000000000000000000000000100000000990000000000010000000000
090047020005002001281223185800000000000003250000010000000199000000000000000000000000000000000000000790000000000040000000000
11004702000600200128122318580000090000050000001545000000154500000000000000000000000000154500000000000000
120047020007002001281223185803100000000000000000000000000000000000000000000545000000000000000000000000000000
120047020008002001281223185800000000000000000000000000000000000000000000001000000000000000000000000000000000
07004703000000200128122318580000000000000000100000000000000000
090047030001002001281223185800000000000003250000010000000199000000000000000000000000000000000000000790000000000040000000000
11004703000200200128122318580000090000010000000199000000019900000000000000000000000000019900000000000000
120047030003002001281223185803060000000000000000000000000000000000000000000199000000000000000000000000000000
07004704000000200128122318590000000000000000100000000000000000
090047040001002001281223185900000000000001130020500000000818000000000000000000000000000000100000001500000000000020000000000
090047040002002001281223185900000000000001020016360000000653000000000000000000000000000000100000001200000000000020000000000
090047040003002001281223185900000000000001290003740000000112000000000000000000000000000000100000000250000000000020000000000
11004704000400200128122318590000090000030000001583000000158300000000000000000000000000200000000004170000
120047040005002001281223185900000000000000000000000000000000000000000000001583000000000000000000000000000000
07004705000000200128122319050000000000000000100000000000000000
090047050001002001281223190500000000000001150003620000000144000000000000000000000000000000100000001000000000000020000000000
090047050002002001281223190500000000000003250000010000000199000000000000000000000000000000000000000790000000000040000000000
11004705000300200128122319050000090000020000000343000000034300000000000000000000000000034300000000000000
120047050004002001281223190503020000000000000000000000000000000000000000000343000000000000000000000000000000
07004706000000200128122319060000000000000000100000000000000000
090047060001002001281223190600000000000001150007640000000305000000000000000000000000000000100000001000000000000020000000000
090047060002002001281223190600000000000001080001560000000093000000000000000000000000000000100000001000000000000020000000000
090047060003002001281223190600000000000002040001260000000038000000000000000000000000000000100000000500000000000010000000000
11004706000400200128122319060000090000030000000436000000043600000000000000000000000000050000000000640000
120047060005002001281223190600000000000000000000000000000000000000000000000436000000000000000000000000000000
07004707000000200128122319080000000000000000100000000000000000
090047070001002001281223190800000000000001290002160000000065000000000000000000000000000000100000000250000000000020000000000
11004707000200200128122319080000090000010000000065000000006500000000000000000000000000010000000000350000
120047070003002001281223190800000000000000000000000000000000000000000000000065000000000000000000000000000000
07004708000000200128122319190000000000000000100000000000000000
090047080001002001281223191900000000000002330001280000000384000000000000000000000000000000100000004990000000000010000000000
090047080002002001281223191900000000000001220003280000000164000000000000000000000000000000100000001500000000000020000000000
090047080003002001281223191900000000000002020009700000000775000000000000000000000000000000100000001990000000000010000000000
090047080004002001281223191900000000000001120004280000000299000000000000000000000000000000100000001000000000000020000000000
090047080005002001281223191900000000000001070001320000000330000000000000000000000000000000100000005000000000000020000000000
090047080006002001281223191900000000000001040001520000000137000000000000000000000000000000100000002000000000000020000000000
090047080007002001281223191900000000000001140001260000000126000000000000000000000000000000100000000500000000000020000000000
090047080008002001281223191900000000000001150002120000000085000000000000000000000000000000100000001000000000000020000000000
090047080009002001281223191900000000000001250002460000000123I 0000000000000000000000000000100000000530000000000020000000000
090047080010002001281223191900000000000001080002900000000174000000000000000000000000000000100000001000000000000020000000000
090047080011002001281223191900000000000001010003740000000261000000000000000000000000000000100000000500000000000020000000000
090047080012002001281223191900000000000001060001100000000055000000000000000000000000000000100000001500000000000020000000000
090047080013002001281223191900000000000002150000020000000398000000000000000000000000000000000000000500000000000010000000000
090047080014002001281223191900000000000002130018120000001085000000000000000000000000000000100000001400000000000010000000000
11004708001500200128122319190000090000140000004396000000439600000000000000000000000000439600000000000000
120047080016002001281223191903030000000000000000000000000000000000000000004396000000000000000000000000000000
07004709000000200128122319210000000000000000100000000000000000
090047090001002001281223192100000000000002110010120000000606000000000000000000000000000000100000000990000000000010000000000
090047090002002001281223192100000000000001290049060000001467000000000000000000000000000000100000000250000000000020000000000
090047090003002001281223192100000000000001220004980000000249000000000000000000000000000000100000001500000000000020000000000
11004709000400200128122319210000090000030000002322000000232200000000000000000000000000400000000016780000
120047090005002001281223192100000000000000000000000000000000000000000000002322000000000000000000000000000000
07004710000000200128122319270000000000000000100000000000000000
090047100001002001281223192700000000000011000011480000000228000000000000000000000000000000100000000990000000000020000000000
090047100002002001281223192700000000000001150007600000000303000000000000000000000000000000100000001000000000000020000000000
090047100003002001281223192700000000000001170004620000000231000000000000000000000000000000100000001000000000000020000000000
090047100004002001281223192700000000000001050012240000000611000000000000000000000000000000100000000500000000000020000000000
090047100005002001281223192700000000000001290008340000000249000000000000000000000000000000100000000250000000000020000000000
090047100006002001281223192700000000000002080007840000000391000000000000000000000000000000100000000500000000000010000000000
090047100007002001281223192700000000000002280002200000000132000000000000000000000000000000100000001000000000000010000000000
090047100008002001281223192700000000000001010009160000000640000000000000000000000000000000100000000500000000000020000000000
090047100009002001281223192700000000000001060005220000000260000000000000000000000000000000100000001500000000000020000000000
090047100010002001281223192700000000000002260006520000000325000000000000000000000000000000100000002000000000000010000000000
090047100011002001281223192700000000000001130010720000000428000000000000000000000000000000100000001500000000000020000000000
090047100012002001281223192700000000000002040015540000000465000000000000000000000000000000100000000500000000000010000000000
090047100013002001281223192700000000000002340003860000000115000000000000000000000000000000100000000500000000000010000000000
090047100014002001281223192700000000000011000008660000000172000000000000000000000000000000100000000990000000000020000000000
090047100015002001281223192700000000000002230005960000000893000000000000000000000000000000100000004980000000000010000000000
11004710001600200128122319270000090000150000005443000000544300000000000000000000000001000000000045570000
120047100017002001281223192700000000000000000000000000000000000000000000005443000000000000000000000000000000
07004711000000200128122319300000000000000000100000000000000000
090047110001002001281223193000000000000005020000010000000100I 0000000000000000000000000000000000000100000000000060000000000
090047110002002001281223193000000000000002170000010000000799000000000000000000000000000000000000006500000000000010000000000
11004711000300200128122319300000090000020000000899000000089900000000000000000000000000200000000011010000
120047110004002001281223193000000000000000000000000000000000000000000000000899000000000000000000000000000000
07004712000000200128122319410000000000000000100000000000000000
090047120001002001281223194100000000000001150003700000000148000000000000000000000000000000100000001000000000000020000000000
090047120002002001281223194100000000000001140002920000000292000000000000000000000000000000100000000500000000000020000000000
11004712000300200128122319410000090000020000000440000000044000000000000000000000000000500000000045600000
120047120004002001281223194100000000000000000000000000000000000000000000000440000000000000000000000000000000
07004713000000200128122319420000000000000000100000000000000000
090047130001002001281223194200000000000002110005800000000347000000000000000000000000000000100000000990000000000010000000000
11004713000200200128122319420000090000010000000347000000034700000000000000000000000000034700000000000000
120047130003002001281223194200000000000000000000000000000000000000000000000347000000000000000000000000000000
07004714000000200128122319520000000000000000100000000000000000
090047140001002001281223195200000000000001060001660000000083000000000000000000000000000000100000001500000000000020000000000
090047140002002001281223195200000000000001270002840000000170000000000000000000000000000000100000000250000000000020000000000
090047140003002001281223195200000000000005220000010000002199I 0100000000000000000000000000000000018500000000000070000000000
090047140004002001281223195200000000000002170000010000000799000000000000000000000000000000000000006500000000000010000000000
11004714000500200128122319520000090000040000003251000000325100000000000000000000000000325100000000000000
120047140006002001281223195203020000000000000000000000000000000000000000003251000000000000000000000000000000
07004715000000200128122319550000000000000000100000000000000000
090047150001002001281223195500000000000001150004500000000180000000000000000000000000000000100000001000000000000020000000000
11004715000200200128122319550000090000010000000180000000018000000000000000000000000000018000000000000000
120047150003002001281223195500000000000000000000000000000000000000000000000180000000000000000000000000000000
07004716000000200128122320030000000000000000100000000000000000
090047160001002001281223200300000000000002070008620000000775000000000000000000000000000000100000001990000000000010000000000
090047160002002001281223200300000000000002630003400000000612000000000000000000000000000000100000009990000000000010000000000
090047160003002001281223200300000000000001080003920000000235000000000000000000000000000000100000001000000000000020000000000
11004716000400200128122320030000090000030000001622000000162200000000000000000000000000162200000000000000
120047160005002001281223200303020000000000000000000000000000000000000000001622000000000000000000000000000000
060047160006002001281223202000000100000400000000000000000000000000000000000000000000
07004717000000200128122320260000000000000000100000000000000000
090047170001002001281223202600000000000002070013100000001178000000000000000000000000000000100000001990000000000010000000000
11004717000200200128122320260000090000010000001178000000117800000000000000000000000000200000000008220000
120047170003002001281223202600000000000000000000000000000000000000000000001178000000000000000000000000000000
07004718000000200128122320470000000000000000100000000000000000
090047180001002001281223204700000000000001010010100000000706000000000000000000000000000000100000000500000000000020000000000
090047180002002001281223204700000000000001060008340000000416000000000000000000000000000000100000001500000000000020000000000
090047180003002001281223204700000000000001040005180000000466000000000000000000000000000000100000002000000000000020000000000
090047180004002001281223204700000000000001090003080000000154000000000000000000000000000000100000001500000000000020000000000
090047180005002001281223204700000000000001080009040000000541000000000000000000000000000000100000001000000000000020000000000
11004718000600200128122320470000090000050000002283000000228300000000000000000000000000228300000000000000
120047180007002001281223204703060000000000000000000000000000000000000000002283000000000000000000000000000000
07004719000000200128122320470000000000000000100000000000000000
090047190001002001281223204700000000000005020000040000000400I 0000000000000000000000000000000000000100000000000060000000000
11004719000200200128122320470000090000010000000400000000040000000000000000000000000000040000000000000000
120047190003002001281223204700000000000000000000000000000000000000000000000400000000000000000000000000000000
07004720000000200128122320570000000000000000100000000000000000
090047200001002001281223205700000000000002040002760000000083000000000000000000000000000000100000000500000000000010000000000
11004720000200200128122320570000090000010000000083000000008300000000000000000000000000008300000000000000
120047200003002001281223205703020000000000000000000000000000000000000000000083000000000000000000000000000000
18004720000400200128122320590200000025000000000000000000000001
0400472100000020012812232102000001004572004721000000056093290000000578640028122300001702170000000000000000000000000013670001000000000000000000000000000000000000000000000000000000000000000000000000000000001234567890AB        
