01004436000000200127122307030000010000000100000000054583871.82G5E   1234567890AB        Generica            
02004436000100200127122307030000010000050000000000
07004437000000200127122307070000000000000000100000000000000000
090044370001002001271223070700000000000002030008480000000847000000000000000000000000000000100000002990000000000010000000000
090044370002002001271223070700000000000003250000010000000199000000000000000000000000000000000000000790000000000040000000000
11004437000300200127122307070000050000020000001046000000104600000000000000000000000000104600000000000000
120044370004002001271223070700000000000000000000000000000000000000000000001046000000000000000000000000000000
07004438000000200127122307200000000000000000100000000000000000
090044380001002001271223072000000000000002070006660000000599000000000000000000000000000000100000001990000000000010000000000
090044380002002001271223072000000000000003250000020000000398000000000000000000000000000000000000000790000000000040000000000
11004438000300200127122307200000050000020000000997000000099700000000000000000000000000099700000000000000
120044380004002001271223072003010000000000000000000000000000000000000000000997000000000000000000000000000000
07004439000000200127122307310000000000000000100000000000000000
090044390001002001271223073100000000000001010005300000000423000000000000000000000000000000100000000500000000000020000000000
090044390002002001271223073100000000000001070000760000000190000000000000000000000000000000100000005000000000000020000000000
11004439000300200127122307310000050000020000000613000000061300000000000000000000000000200000000013870000
120044390004002001271223073100000000000000000000000000000000000000000000000613000000000000000000000000000000
07004440000000200127122307500000000000000000100000000000000000
090044400001002001271223075000000000000001110012740000000381000000000000000000000000000000100000001990000000000020000000000
17004440000200200127122307500000000000000398
090044400003002001271223075000000000000005020000020000000200I 0000000000000000000000000000000000000100000000000060000000000
11004440000400200127122307500000050000020000000581000000058100000000000000000000000000058100000000000000
120044400005002001271223075000000000000000000000000000000000000000000000000581000000000000000000000000000000
07004441000000200127122307520000000000000000100000000000000000
090044410001002001271223075200000000000001020015580000000622000000000000000000000000000000100000001200000000000020000000000
11004441000200200127122307520000050000010000000622000000062200000000000000000000000000062200000000000000
120044410003002001271223075203010000000000000000000000000000000000000000000622000000000000000000000000000000
07004442000000200127122308000000000000000000100000000000000000
090044420001002001271223080000000000000001010012960000001036000000000000000000000000000000100000000500000000000020000000000
090044420002002001271223080000000000000001060007620000000380000000000000000000000000000000100000001500000000000020000000000
090044420003002001271223080000000000000001120002900000000203000000000000000000000000000000100000001000000000000020000000000
090044420004002001271223080000000000000003250000010000000099000000000000000000000000000000000000000790000000000040000000000
090044420005002001271223080000000000000002020002020000000161000000000000000000000000000000100000001990000000000010000000000
090044420006002001271223080000000000000001050000860000000043000000000000000000000000000000100000000500000000000020000000000
11004442000700200127122308000000050000060000001922000000192200000000000000000000000000200000000000780000
120044420008002001271223080000000000000000000000000000000000000000000000001922000000000000000000000000000000
07004443000000200127122308010000000000000000100000000000000000
090044430001002001271223080100000000000003250000070000000693000000000000000000000000000000000000000790000000000040000000000
17004443000200200127122308010000000000000995
090044430003002001271223080100000000000001160040620000002027000000000000000000000000000000100000000670000000000020000000000
090044430004002001271223080100000000000001160019940000000995000000000000000000000000000000100000000670000000000020000000000
11004443000500200127122308010000050000030000003715000000371500000000000000000000000000371500000000000000
120044430006002001271223080103010000000000000000000000000000000000000000003715000000000000000000000000000000
07004444000000200127122308100000000000000000100000000000000000
090044440001002001271223081000000000000002040007860000000235000000000000000000000000000000100000000500000000000010000000000
090044440002002001271223081000000000000002260006420000000320000000000000000000000000000000100000002000000000000010000000000
11004444000300200127122308100000050000020000000555000000055500000000000000000000000000055500000000000000
120044440004002001271223081004000000000000000000000000000000000000000000000555000000000000000000000000000000
07004445000000200127122308170000000000000000100000000000000000
090044450001002001271223081700000000000002010005520000000275000000000000000000000000000000100000000990000000000010000000000
090044450002002001271223081700000000000003250000010000000099000000000000000000000000000000000000000790000000000040000000000
11004445000300200127122308170000050000020000000374000000037400000000000000000000000000050000000001260000
120044450004002001271223081700000000000000000000000000000000000000000000000374000000000000000000000000000000
07004446000000200127122308270000000000000000100000000000000000
090044460001002001271223082700000000000002110002860000000171000000000000000000000000000000100000000990000000000010000000000
11004446000200200127122308270000050000010000000171000000017100000000000000000000000000017100000000000000
120044460003002001271223082700000000000000000000000000000000000000000000000171000000000000000000000000000000
07004447000000200127122308470000000000000000100000000000000000
090044470001002001271223084700000000000003250000050000000495000000000000000000000000000000000000000790000000000040000000000
11004447000200200127122308470000050000010000000495000000049500000000000000000000000000049500000000000000
120044470003002001271223084703010000000000000000000000000000000000000000000495000000000000000000000000000000
07004448000000200127122308480000000000000000100000000000000000
090044480001002001271223084800000000000003030000010000000149000000000000000000000000000000000000000830000000000040000000000
090044480002002001271223084800000000000003250000020000000198000000000000000000000000000000000000000790000000000040000000000
11004448000300200127122308480000050000020000000347000000034700000000000000000000000000050000000001530000
120044480004002001271223084800000000000000000000000000000000000000000000000347000000000000000000000000000000
07004449000000200127122308520000000000000000100000000000000000
090044490001002001271223085200000000000001090001600000000048000000000000000000000000000000100000001500000000000020000000000
090044490002002001271223085200000000000001050007400000000369000000000000000000000000000000100000000500000000000020000000000
11004449000300200127122308520000050000020000000417000000041700000000000000000000000000041700000000000000
120044490004002001271223085200000000000000000000000000000000000000000000000417000000000000000000000000000000
07004450000000200127122308560000000000000000100000000000000000
090044500001002001271223085600000000000003250000030000000297000000000000000000000000000000000000000790000000000040000000000
090044500002002001271223085600000000000001050009040000000451000000000000000000000000000000100000000500000000000020000000000
090044500003002001271223085600000000000001080007020000000701000000000000000000000000000000100000001000000000000020000000000
090044500004002001271223085600000000000001090001640000000049000000000000000000000000000000100000001500000000000020000000000
11004450000500200127122308560000050000040000001498000000149800000000000000000000000000149800000000000000
120044500006002001271223085603010000000000000000000000000000000000000000001498000000000000000000000000000000
07004451000000200127122309020000000000000000100000000000000000
090044510001002001271223090200000000000001020015240000000608000000000000000000000000000000100000001200000000000020000000000
11004451000200200127122309020000050000010000000608000000060800000000000000000000000000060800000000000000
120044510003002001271223090200000000000000000000000000000000000000000000000608000000000000000000000000000000
07004452000000200127122309040000000000000000100000000000000000
090044520001002001271223090400000000000003250000010000000099000000000000000000000000000000000000000790000000000040000000000
11004452000200200127122309040000050000010000000099000000009900000000000000000000000000009900000000000000
120044520003002001271223090400000000000000000000000000000000000000000000000099000000000000000000000000000000
07004453000000200127122309090000000000000000100000000000000000
090044530001002001271223090900000000000001020008820000000352000000000000000000000000000000100000001200000000000020000000000
17004453000200200127122309090000000000000781
090044530003002001271223090900000000000001150002160000000065000000000000000000000000000000100000001000000000000020000000000
090044530004002001271223090900000000000002340007420000000222000000000000000000000000000000100000000500000000000010000000000
17004453000500200127122309090000000000000423
090044530006002001271223090900000000000002300008040000000642000000000000000000000000000000100000005500000000000010000000000
090044530007002001271223090900000000000002640009760000000292000000000000000000000000000000100000001990000000000010000000000
11004453000800200127122309090000050000050000001573000000157300000000000000000000000000157300000000000000
120044530009002001271223090900000000000000000000000000000000000000000000001573000000000000000000000000000000
07004454000000200127122309100000000000000000100000000000000000
090044540001002001271223091000000000000001130025920000001034000000000000000000000000000000100000001500000000000020000000000
090044540002002001271223091000000000000003250000020000000198000000000000000000000000000000000000000790000000000040000000000
11004454000300200127122309100000050000020000001232000000123200000000000000000000000000500000000037680000
120044540004002001271223091000000000000000000000000000000000000000000000001232000000000000000000000000000000
07004455000000200127122309150000000000000000100000000000000000
090044550001002001271223091500000000000001140004900000000490000000000000000000000000000000100000000500000000000020000000000
090044550002002001271223091500000000000001170004380000000219000000000000000000000000000000100000001000000000000020000000000
090044550003002001271223091500000000000002040004620000000138000000000000000000000000000000100000000500000000000010000000000
11004455000400200127122309150000050000030000000847000000084700000000000000000000000000084700000000000000
120044550005002001271223091503050000000000000000000000000000000000000000000847000000000000000000000000000000
07004456000000200127122309160000000000000000100000000000000000
090044560001002001271223091600000000000001010014920000001192000000000000000000000000000000100000000500000000000020000000000
090044560002002001271223091600000000000001040002280000000205000000000000000000000000000000100000002000000000000020000000000
090044560003002001271223091600000000000001070000880000000220000000000000000000000000000000100000005000000000000020000000000
11004456000400200127122309160000050000030000001617000000161700000000000000000000000000200000000003830000
120044560005002001271223091600000000000000000000000000000000000000000000001617000000000000000000000000000000
07004457000000200127122309200000000000000000100000000000000000
090044570001002001271223092000000000000001140005300000000529000000000000000000000000000000100000000500000000000020000000000
090044570002002001271223092000000000000001010009800000000783000000000000000000000000000000100000000500000000000020000000000
090044570003002001271223092000000000000001250010320000001031I 0000000000000000000000000000100000000530000000000020000000000
11004457000400200127122309200000050000030000002343000000234300000000000000000000000000234300000000000000
120044570005002001271223092003010000000000000000000000000000000000000000002343000000000000000000000000000000
07004458000000200127122309270000000000000000100000000000000000
090044580001002001271223092700000000000001070001920000000480000000000000000000000000000000100000005000000000000020000000000
11004458000200200127122309270000050000010000000480000000048000000000000000000000000000048000000000000000
120044580003002001271223092700000000000000000000000000000000000000000000000480000000000000000000000000000000
07004459000000200127122309380000000000000000100000000000000000
090044590001002001271223093800000000000001050009240000000461000000000000000000000000000000100000000500000000000020000000000
11004459000200200127122309380000050000010000000461000000046100000000000000000000000000200000000015390000
120044590003002001271223093800000000000000000000000000000000000000000000000461000000000000000000000000000000
07004460000000200127122309400000000000000000100000000000000000
090044600001002001271223094000000000000002300004000000000320000000000000000000000000000000100000005500000000000010000000000
11004460000200200127122309400000050000010000000320000000032000000000000000000000000000032000000000000000
120044600003002001271223094000000000000000000000000000000000000000000000000320000000000000000000000000000000
14004461000000200127122309410000010000000000
07004462000000200127122309430000000000000000100000000000000000
090044620001002001271223094300000000000002040004940000000148000000000000000000000000000000100000000500000000000010000000000
11004462000200200127122309430000050000010000000148000000014800000000000000000000000000014800000000000000
120044620003002001271223094300000000000000000000000000000000000000000000000148000000000000000000000000000000
07004463000000200127122309450000000000000000100000000000000000
090044630001002001271223094500000000000002040005960000000178000000000000000000000000000000100000000500000000000010000000000
11004463000200200127122309450000050000010000000178000000017800000000000000000000000000017800000000000000
120044630003002001271223094503010000000000000000000000000000000000000000000178000000000000000000000000000000
07004464000000200127122309460000000000000000100000000000000000
090044640001002001271223094600000000000001010005200000000415000000000000000000000000000000100000000500000000000020000000000
11004464000200200127122309460000050000010000000415000000041500000000000000000000000000041500000000000000
120044640003002001271223094600000000000000000000000000000000000000000000000415000000000000000000000000000000
14004465000000200127122309540000010000000000
14004466000000200127122309560000010000000000
07004467000000200127122309580000000000000000100000000000000000
090044670001002001271223095800000000000003250000030000000297000000000000000000000000000000000000000790000000000040000000000
11004467000200200127122309580000050000010000000297000000029700000000000000000000000000029700000000000000
120044670003002001271223095803010000000000000000000000000000000000000000000297000000000000000000000000000000
07004468000000200127122309590000000000000000100000000000000000
090044680001002001271223095900000000000001070002940000000735000000000000000000000000000000100000005000000000000020000000000
090044680002002001271223095900000000000003030000010000000149000000000000000000000000000000000000000830000000000040000000000
090044680003002001271223095900000000000003190000010000000500000000000000000000000000000000000000002000000000000050000000000
11004468000400200127122309590000050000030000001384000000138400000000000000000000000000138400000000000000
120044680005002001271223095903030000000000000000000000000000000000000000001384000000000000000000000000000000
07004469000000200127122310110000000000000000100000000000000000
090044690001002001271223101100000000000001050002780000000139000000000000000000000000000000100000000500000000000020000000000
090044690002002001271223101100000000000001020006420000000256000000000000000000000000000000100000001200000000000020000000000
11004469000300200127122310110000050000020000000395000000039500000000000000000000000000039500000000000000
120044690004002001271223101100000000000000000000000000000000000000000000000395000000000000000000000000000000
07004470000000200127122310160000000000000000100000000000000000
090044700001002001271223101600000000000003250000020000000198000000000000000000000000000000000000000790000000000040000000000
090044700002002001271223101600000000000002290000010000000799000000000000000000000000000000000000002500000000000010000000000
090044700003002001271223101600000000000001220011220000000560000000000000000000000000000000100000001500000000000020000000000
11004470000400200127122310160000050000030000001557000000155700000000000000000000000000155700000000000000
120044700005002001271223101603010000000000000000000000000000000000000000001557000000000000000000000000000000
14004471000000200127122310210000010000000000
14004472000000200127122310240000010000001203
07004473000000200127122310250000000000000000100000000000000000
17004473000100200127122310250000000000000518
090044730002002001271223102500000000000002290000010000000799000000000000000000000000000000000000002500000000000010000000000
090044730003002001271223102500000000000002650005060000000505000000000000000000000000000000100000003990000000000010000000000
11004473000400200127122310250000050000020000001304000000130400000000000000000000000000200000000006960000
120044730005002001271223102500000000000000000000000000000000000000000000001304000000000000000000000000000000
07004474000000200127122310260000000000000000100000000000000000
090044740001002001271223102600000000000002340009560000000286000000000000000000000000000000100000000500000000000010000000000
090044740002002001271223102600000000000020800010600000000211000000000000000000000000000000100000000990000000000010000000000
11004474000300200127122310260000050000020000000497000000049700000000000000000000000000049700000000000000
120044740004002001271223102600000000000000000000000000000000000000000000000497000000000000000000000000000000
07004475000000200127122310270000000000000000100000000000000000
090044750001002001271223102700000000000001130008280000000330000000000000000000000000000000100000001500000000000020000000000
090044750002002001271223102700000000000002220000010000000499000000000000000000000000000000000000001500000000000010000000000
11004475000300200127122310270000050000020000000829000000082900000000000000000000000000500000000041710000
120044750004002001271223102700000000000000000000000000000000000000000000000829000000000000000000000000000000
07004476000000200127122310310000000000000000100000000000000000
090044760001002001271223103100000000000001050004400000000220000000000000000000000000000000100000000500000000000020000000000
090044760002002001271223103100000000000011000009780000000195000000000000000000000000000000100000000990000000000020000000000
090044760003002001271223103100000000000002640006000000000179000000000000000000000000000000100000001990000000000010000000000
090044760004002001271223103100000000000003250000030000000297000000000000000000000000000000000000000790000000000040000000000
090044760005002001271223103100000000000002070008960000000806000000000000000000000000000000100000001990000000000010000000000
090044760006002001271223103100000000000002150000010000000199000000000000000000000000000000000000000500000000000010000000000
090044760007002001271223103100000000000002040003320000000099000000000000000000000000000000100000000500000000000010000000000
11004476000800200127122310310000050000070000001995000000199500000000000000000000000000199500000000000000
120044760009002001271223103100000000000000000000000000000000000000000000001995000000000000000000000000000000
07004477000000200127122310330000000000000000100000000000000000
090044770001002001271223103300000000000001140001520000000152000000000000000000000000000000100000000500000000000020000000000
090044770002002001271223103300000000000001230000340000000085000000000000000000000000000000100000008750000000000020000000000
090044770003002001271223103300000000000001120002420000000169000000000000000000000000000000100000001000000000000020000000000
11004477000400200127122310330000050000030000000406000000040600000000000000000000000000040600000000000000
120044770005002001271223103300000000000000000000000000000000000000000000000406000000000000000000000000000000
07004478000000200127122310370000000000000000100000000000000000
090044780001002001271223103700000000000003010000010000000999000000000000000000000000000000000000006000000000000050000000000
090044780002002001271223103700000000000001220009540000000476000000000000000000000000000000100000001500000000000020000000000
17004478000300200127122310370000000000000310
11004478000400200127122310370000050000020000001475000000147500000000000000000000000000147500000000000000
120044780005002001271223103700000000000000000000000000000000000000000000001475000000000000000000000000000000
07004479000000200127122310400000000000000000100000000000000000
090044790001002001271223104000000000000001220005240000000261000000000000000000000000000000100000001500000000000020000000000
090044790002002001271223104000000000000001120003660000000256000000000000000000000000000000100000001000000000000020000000000
090044790003002001271223104000000000000003190000010000000500000000000000000000000000000000000000002000000000000050000000000
090044790004002001271223104000000000000003250000010000000099000000000000000000000000000000000000000790000000000040000000000
090044790005002001271223104000000000000005260000010000000349I 0100000000000000000000000000000000002990000000000080000000000
090044790006002001271223104000000000000002070007460000000671000000000000000000000000000000100000001990000000000010000000000
090044790007002001271223104000000000000001020007360000000294000000000000000000000000000000100000001200000000000020000000000
11004479000800200127122310400000050000070000002430000000243000000000000000000000000000243000000000000000
120044790009002001271223104000000000000000000000000000000000000000000000002430000000000000000000000000000000
07004480000000200127122310520000000000000000100000000000000000
090044800001002001271223105200000000000001220009240000000461000000000000000000000000000000100000001500000000000020000000000
090044800002002001271223105200000000000011000004920000000098000000000000000000000000000000100000000990000000000020000000000
090044800003002001271223105200000000000001130007480000000298000000000000000000000000000000100000001500000000000020000000000
11004480000400200127122310520000050000030000000857000000085700000000000000000000000000085700000000000000
120044800005002001271223105203010000000000000000000000000000000000000000000857000000000000000000000000000000
07004481000000200127122310530000000000000000100000000000000000
090044810001002001271223105300000000000002070024600000002212000000000000000000000000000000100000001990000000000010000000000
11004481000200200127122310530000050000010000002212000000221200000000000000000000000000500000000027880000
120044810003002001271223105300000000000000000000000000000000000000000000002212000000000000000000000000000000
07004482000000200127122311020000000000000000100000000000000000
090044820001002001271223110200000000000002200000010000000799000000000000000000000000000000000000000990000000000010000000000
11004482000200200127122311020000050000010000000799000000079900000000000000000000000000079900000000000000
120044820003002001271223110200000000000000000000000000000000000000000000000799000000000000000000000000000000
07004483000000200127122311030000000000000000100000000000000000
090044830001002001271223110300000000000005020000030000000300I 0000000000000000000000000000000000000100000000000060000000000
11004483000200200127122311030000050000010000000300000000030000000000000000000000000000030000000000000000
120044830003002001271223110302010000000000000000000000000000000000220000000300000000000000000000000000000000
100044830004002001271223110401000000000000002200000003000000000000001740000005
07004484000000200127122311140000000000000000100000000000000000
090044840001002001271223111400000000000003190000010000000500000000000000000000000000000000000000002000000000000050000000000
090044840002002001271223111400000000000003010000010000000999000000000000000000000000000000000000006000000000000050000000000
11004484000300200127122311140000050000020000001499000000149900000000000000000000000000149900000000000000
120044840004002001271223111400000000000000000000000000000000000000000000001499000000000000000000000000000000
07004485000000200127122311180000000000000000100000000000000000
090044850001002001271223111800000000000002340005980000000179000000000000000000000000000000100000000500000000000010000000000
090044850002002001271223111800000000000002260028840000001439000000000000000000000000000000100000002000000000000010000000000
090044850003002001271223111800000000000005020000350000003500I 0000000000000000000000000000000000000100000000000060000000000
11004485000400200127122311180000050000030000005118000000511800000000000000000000000000511800000000000000
120044850005002001271223111800000000000000000000000000000000000000000000005118000000000000000000000000000000
07004486000000200127122311190000000000000000100000000000000000
090044860001002001271223111900000000000001110002840000000085000000000000000000000000000000100000001990000000000020000000000
090044860002002001271223111900000000000001130010680000000426000000000000000000000000000000100000001500000000000020000000000
11004486000300200127122311190000050000020000000511000000051100000000000000000000000000051100000000000000
120044860004002001271223111903010000000000000000000000000000000000000000000511000000000000000000000000000000
07004487000000200127122311300000000000000000100000000000000000
090044870001002001271223113000000000000001130005960000000238000000000000000000000000000000100000001500000000000020000000000
090044870002002001271223113000000000000003250000010000000099000000000000000000000000000000000000000790000000000040000000000
090044870003002001271223113000000000000002640008820000000264000000000000000000000000000000100000001990000000000010000000000
090044870004002001271223113000000000000002340007340000000219000000000000000000000000000000100000000500000000000010000000000
090044870005002001271223113000000000000002150000030000000597000000000000000000000000000000000000000500000000000010000000000
090044870006002001271223113000000000000001180007260000000435000000000000000000000000000000100000001000000000000020000000000
11004487000700200127122311300000050000060000001852000000185200000000000000000000000000185200000000000000
120044870008002001271223113003010000000000000000000000000000000000000000001852000000000000000000000000000000
07004488000000200127122311350000000000000000100000000000000000
090044880001002001271223113500000000000005020000150000001500I 0000000000000000000000000000000000000100000000000060000000000
090044880002002001271223113500000000000001050002320000000116000000000000000000000000000000100000000500000000000020000000000
090044880003002001271223113500000000000002070003420000000307000000000000000000000000000000100000001990000000000010000000000
090044880004002001271223113500000000000001090000580000000017000000000000000000000000000000100000001500000000000020000000000
11004488000500200127122311350000050000040000001940000000194000000000000000000000000000194000000000000000
120044880006002001271223113502010000000000000000000000000000000000220000001940000000000000000000000000000000
100044880007002001271223113501000000000000002200000019400000000000001741000005
14004489000000200127122311370000010000000000
07004490000000200127122311370000000000000000100000000000000000
090044900001002001271223113700000000000003250000030000000297000000000000000000000000000000000000000790000000000040000000000
090044900002002001271223113700000000000002070015200000001366000000000000000000000000000000100000001990000000000010000000000
11004490000300200127122311370000050000020000001663000000166300000000000000000000000000200000000003370000
120044900004002001271223113700000000000000000000000000000000000000000000001663000000000000000000000000000000
07004491000000200127122311390000000000000000100000000000000000
090044910001002001271223113900000000000001080002060000000206000000000000000000000000000000100000001000000000000020000000000
090044910002002001271223113900000000000003190000010000000500000000000000000000000000000000000000002000000000000050000000000
090044910003002001271223113900000000000002040001940000000058000000000000000000000000000000100000000500000000000010000000000
090044910004002001271223113900000000000002070019220000001728000000000000000000000000000000100000001990000000000010000000000
11004491000500200127122311390000050000040000002492000000249200000000000000000000000000249200000000000000
120044910006002001271223113903010000000000000000000000000000000000000000002492000000000000000000000000000000
07004492000000200127122311420000000000000000100000000000000000
090044920001002001271223114200000000000005020000010000000100I 0000000000000000000000000000000000000100000000000060000000000
090044920002002001271223114200000000000005020000010000000100I 0000000000000000000000000000000000000100000000000060000000000
090044920003002001271223114200000000000002040003700000000111000000000000000000000000000000100000000500000000000010000000000
17004492000400200127122311420000000000001025
17004492000500200127122311420000000000001694
090044920006002001271223114200000000000001070004100000001025000000000000000000000000000000100000005000000000000020000000000
090044920007002001271223114200000000000001060006820000000340000000000000000000000000000000100000001500000000000020000000000
090044920008002001271223114200000000000005020000010000000100I 0000000000000000000000000000000000000100000000000060000000000
11004492000900200127122311420000050000060000001776000000177600000000000000000000000001000000000082240000
120044920010002001271223114200000000000000000000000000000000000000000000001776000000000000000000000000000000
07004493000000200127122311450000000000000000100000000000000000
090044930001002001271223114500000000000001040002540000000228000000000000000000000000000000100000002000000000000020000000000
090044930002002001271223114500000000000001010012060000000964000000000000000000000000000000100000000500000000000020000000000
11004493000300200127122311450000050000020000001192000000119200000000000000000000000000119200000000000000
120044930004002001271223114503050000000000000000000000000000000000000000001192000000000000000000000000000000
07004494000000200127122311460000000000000000100000000000000000
090044940001002001271223114600000000000001050003640000000182000000000000000000000000000000100000000500000000000020000000000
090044940002002001271223114600000000000001220009500000000474000000000000000000000000000000100000001500000000000020000000000
090044940003002001271223114600000000000001250006240000000623I 0000000000000000000000000000100000000530000000000020000000000
090044940004002001271223114600000000000001070000540000000135000000000000000000000000000000100000005000000000000020000000000
090044940005002001271223114600000000000001070008600000002149000000000000000000000000000000100000005000000000000020000000000
11004494000600200127122311460000050000050000003563000000356300000000000000000000000000500000000014370000
120044940007002001271223114600000000000000000000000000000000000000000000003563000000000000000000000000000000
07004495000000200127122311480000000000000000100000000000000000
090044950001002001271223114800000000000002290000010000000799000000000000000000000000000000000000002500000000000010000000000
11004495000200200127122311480000050000010000000799000000079900000000000000000000000000079900000000000000
120044950003002001271223114800000000000000000000000000000000000000000000000799000000000000000000000000000000
07004496000000200127122311560000000000000000100000000000000000
090044960001002001271223115600000000000003250000070000000693000000000000000000000000000000000000000790000000000040000000000
090044960002002001271223115600000000000003030000010000000149000000000000000000000000000000000000000830000000000040000000000
090044960003002001271223115600000000000001020009980000000398000000000000000000000000000000100000001200000000000020000000000
11004496000400200127122311560000050000030000001240000000124000000000000000000000000000124000000000000000
120044960005002001271223115602010000000000000000000000000000000000090000001240000000000000000000000000000000
100044960006002001271223115601000000000000000900000012400000000000000633000005
07004497000000200127122312070000000000000000100000000000000000
090044970001002001271223120700000000000002630001820000000327000000000000000000000000000000100000009990000000000010000000000
11004497000200200127122312070000050000010000000327000000032700000000000000000000000000032700000000000000
120044970003002001271223120700000000000000000000000000000000000000000000000327000000000000000000000000000000
07004498000000200127122312180000000000000000100000000000000000
090044980001002001271223121800000000000003030000020000000298000000000000000000000000000000000000000830000000000040000000000
090044980002002001271223121800000000000002070006360000000572000000000000000000000000000000100000001990000000000010000000000
090044980003002001271223121800000000000001130009060000000361000000000000000000000000000000100000001500000000000020000000000
11004498000400200127122312180000050000030000001231000000123100000000000000000000000000123100000000000000
120044980005002001271223121803030000000000000000000000000000000000000000001231000000000000000000000000000000
07004499000000200127122312280000000000000000100000000000000000
090044990001002001271223122800000000000002250008280000000579000000000000000000000000000000100000002670000000000010000000000
090044990002002001271223122800000000000005120000010000001199I 0100000000000000000000000000000000000000000000000080000000000
11004499000300200127122312280000050000020000001778000000177800000000000000000000000000200000000002220000
120044990004002001271223122800000000000000000000000000000000000000000000001778000000000000000000000000000000
14004500000000200127122312300000010000002321
07004501000000200127122312320000000000000000100000000000000000
17004501000100200127122312320000000000000824
090045010002002001271223123200000000000002080021980000001097000000000000000000000000000000100000000500000000000010000000000
090045010003002001271223123200000000000003200000020000004598000000000000000000000000000000000000000000000000000050000000000
090045010004002001271223123200000000000002020016520000001320000000000000000000000000000000100000001990000000000010000000000
090045010005002001271223123200000000000003250000020000000198000000000000000000000000000000000000000790000000000040000000000
11004501000600200127122312320000050000040000007213000000721300000000000000000000000000721300000000000000
120045010007002001271223123203050000000000000000000000000000000000000000007213000000000000000000000000000000
07004502000000200127122312380000000000000000100000000000000000
090045020001002001271223123800000000000001220005240000000261000000000000000000000000000000100000001500000000000020000000000
11004502000200200127122312380000050000010000000261000000026100000000000000000000000000026100000000000000
120045020003002001271223123803010000000000000000000000000000000000000000000261000000000000000000000000000000
07004503000000200127122312560000000000000000100000000000000000
090045030001002001271223125600000000000001150005020000000150000000000000000000000000000000100000001000000000000020000000000
11004503000200200127122312560000050000010000000150000000015000000000000000000000000000015000000000000000
120045030003002001271223125600000000000000000000000000000000000000000000000150000000000000000000000000000000
07004504000000200127122313060000000000000000100000000000000000
090045040001002001271223130600000000000002170000010000000799000000000000000000000000000000000000006500000000000010000000000
090045040002002001271223130600000000000003250000010000000099000000000000000000000000000000000000000790000000000040000000000
17004504000300200127122313060000000000000164
090045040004002001271223130600000000000001090001280000000038000000000000000000000000000000100000001500000000000020000000000
11004504000500200127122313060000050000030000000936000000093600000000000000000000000000093600000000000000
120045040006002001271223130603050000000000000000000000000000000000000000000936000000000000000000000000000000
07004505000000200127122313100000000000000000100000000000000000
090045050001002001271223131000000000000003250000010000000099000000000000000000000000000000000000000790000000000040000000000
11004505000200200127122313100000050000010000000099000000009900000000000000000000000000009900000000000000
120045050003002001271223131002010000000000000000000000000000000000220000000099000000000000000000000000000000
100045050004002001271223131001000000000000002200000000990000000000001742000005
07004506000000200127122313130000000000000000100000000000000000
090045060001002001271223131300000000000001070000780000000195000000000000000000000000000000100000005000000000000020000000000
090045060002002001271223131300000000000001050000520000000026000000000000000000000000000000100000000500000000000020000000000
11004506000300200127122313130000050000020000000221000000022100000000000000000000000000022100000000000000
120045060004002001271223131303010000000000000000000000000000000000000000000221000000000000000000000000000000
07004507000000200127122313130000000000000000100000000000000000
090045070001002001271223131300000000000002110003220000000193000000000000000000000000000000100000000990000000000010000000000
11004507000200200127122313130000050000010000000193000000019300000000000000000000000000019300000000000000
120045070003002001271223131302010000000000000000000000000000000000220000000193000000000000000000000000000000
100045070004002001271223131301000000000000002200000001930000000000001743000005
18004507000500200127122313140100000025000000000000000000000001
07004508000000200127122313160000000000000000100000000000000000
090045080001002001271223131600000000000003030000010000000149000000000000000000000000000000000000000830000000000040000000000
11004508000200200127122313160000050000010000000149000000014900000000000000000000000000014900000000000000
120045080003002001271223131600000000000000000000000000000000000000000000000149000000000000000000000000000000
07004509000000200127122313190000000000000000100000000000000000
090045090001002001271223131900000000000002340009640000000288000000000000000000000000000000100000000500000000000010000000000
090045090002002001271223131900000000000003030000010000000149000000000000000000000000000000000000000830000000000040000000000
090045090003002001271223131900000000000002650007320000000731000000000000000000000000000000100000003990000000000010000000000
090045090004002001271223131900000000000002260012960000000647000000000000000000000000000000100000002000000000000010000000000
11004509000500200127122313190000050000040000001815000000181500000000000000000000000000181500000000000000
120045090006002001271223131903030000000000000000000000000000000000000000001815000000000000000000000000000000
07004510000000200127122313250000000000000000100000000000000000
090045100001002001271223132500000000000002070006640000000597000000000000000000000000000000100000001990000000000010000000000
11004510000200200127122313250000050000010000000597000000059700000000000000000000000000059700000000000000
120045100003002001271223132503010000000000000000000000000000000000000000000597000000000000000000000000000000
07004511000000200127122313250000000000000000100000000000000000
090045110001002001271223132500000000000002130021920000001313000000000000000000000000000000100000001400000000000010000000000
11004511000200200127122313250000050000010000001313000000131300000000000000000000000000131300000000000000
120045110003002001271223132500000000000000000000000000000000000000000000001313000000000000000000000000000000
060045110004002001271223132700000100000400000000000000000000000000000000000000000000
05004511000500200127122313270000010000006500
07004512000000200127122313340000000000000000100000000000000000
090045120001002001271223133400000000000001240003640000000254000000000000000000000000000000100000001670000000000020000000000
11004512000200200127122313340000050000010000000254000000025400000000000000000000000000025400000000000000
120045120003002001271223133400000000000000000000000000000000000000000000000254000000000000000000000000000000
07004513000000200127122313360000000000000000100000000000000000
090045130001002001271223133600000000000005020000350000003500I 0000000000000000000000000000000000000100000000000060000000000
090045130002002001271223133600000000000001070002740000000685000000000000000000000000000000100000005000000000000020000000000
090045130003002001271223133600000000000001220004120000000206000000000000000000000000000000100000001500000000000020000000000
11004513000400200127122313360000050000030000004391000000439100000000000000000000000000439100000000000000
120045130005002001271223133603010000000000000000000000000000000000000000004391000000000000000000000000000000
07004514000000200127122313470000000000000000100000000000000000
090045140001002001271223134700000000000002280002060000000123000000000000000000000000000000100000001000000000000010000000000
11004514000200200127122313470000050000010000000123000000012300000000000000000000000000012300000000000000
120045140003002001271223134700000000000000000000000000000000000000000000000123000000000000000000000000000000
07004515000000200127122313550000000000000000100000000000000000
090045150001002001271223135500000000000001250007380000000737I 0000000000000000000000000000100000000530000000000020000000000
11004515000200200127122313550000050000010000000737000000073700000000000000000000000000073700000000000000
120045150003002001271223135500000000000000000000000000000000000000000000000737000000000000000000000000000000
07004516000000200127122314080000000000000000100000000000000000
090045160001002001271223140800000000000003030000010000000149000000000000000000000000000000000000000830000000000040000000000
090045160002002001271223140800000000000003010000010000000999000000000000000000000000000000000000006000000000000050000000000
090045160003002001271223140800000000000001080003700000000370000000000000000000000000000000100000001000000000000020000000000
11004516000400200127122314080000050000030000001518000000151800000000000000000000000000151800000000000000
120045160005002001271223140803020000000000000000000000000000000000000000001518000000000000000000000000000000
07004517000000200127122314380000000000000000100000000000000000
090045170001002001271223143800000000000003250000010000000099000000000000000000000000000000000000000790000000000040000000000
090045170002002001271223143800000000000003250000010000000099000000000000000000000000000000000000000790000000000040000000000
090045170003002001271223143800000000000003030000010000000149000000000000000000000000000000000000000830000000000040000000000
090045170004002001271223143800000000000005020000020000000200I 0000000000000000000000000000000000000100000000000060000000000
11004517000500200127122314380000050000040000000547000000054700000000000000000000000000054700000000000000
120045170006002001271223143803030000000000000000000000000000000000000000000547000000000000000000000000000000
07004518000000200127122315060000000000000000100000000000000000
090045180001002001271223150600000000000001090002740000000082000000000000000000000000000000100000001500000000000020000000000
090045180002002001271223150600000000000011000010280000000205000000000000000000000000000000100000000990000000000020000000000
090045180003002001271223150600000000000003250000010000000099000000000000000000000000000000000000000790000000000040000000000
090045180004002001271223150600000000000001020009000000000359000000000000000000000000000000100000001200000000000020000000000
11004518000500200127122315060000050000040000000745000000074500000000000000000000000000074500000000000000
120045180006002001271223150600000000000000000000000000000000000000000000000745000000000000000000000000000000
07004519000000200127122315120000000000000000100000000000000000
090045190001002001271223151200000000000003200000010000002299000000000000000000000000000000000000000000000000000050000000000
090045190002002001271223151200000000000001220005060000000252000000000000000000000000000000100000001500000000000020000000000
090045190003002001271223151200000000000010300012980000001297000000000000000000000000000000100000002490000000000020000000000
090045190004002001271223151200000000000002260015400000000768000000000000000000000000000000100000002000000000000010000000000
090045190005002001271223151200000000000002070011600000001043000000000000000000000000000000100000001990000000000010000000000
11004519000600200127122315120000050000050000005659000000565900000000000000000000000000565900000000000000
120045190007002001271223151200000000000000000000000000000000000000000000005659000000000000000000000000000000
07004520000000200127122315290000000000000000100000000000000000
090045200001002001271223152900000000000002090004140000000538000000000000000000000000000000100000004720000000000010000000000
090045200002002001271223152900000000000001270009740000000583000000000000000000000000000000100000000250000000000020000000000
090045200003002001271223152900000000000001070002180000000545000000000000000000000000000000100000005000000000000020000000000
090045200004002001271223152900000000000002070005920000000532000000000000000000000000000000100000001990000000000010000000000
090045200005002001271223152900000000000005020000060000000600I 0000000000000000000000000000000000000100000000000060000000000
090045200006002001271223152900000000000002150000020000000398000000000000000000000000000000000000000500000000000010000000000
090045200007002001271223152900000000000001040005340000000480000000000000000000000000000000100000002000000000000020000000000
11004520000800200127122315290000050000070000003676000000367600000000000000000000000001000000000063240000
120045200009002001271223152900000000000000000000000000000000000000000000003676000000000000000000000000000000
07004521000000200127122315350000000000000000100000000000000000
090045210001002001271223153500000000000001010001820000000145000000000000000000000000000000100000000500000000000020000000000
090045210002002001271223153500000000000003190000010000000500000000000000000000000000000000000000002000000000000050000000000
11004521000300200127122315350000050000020000000645000000064500000000000000000000000000200000000013550000
120045210004002001271223153500000000000000000000000000000000000000000000000645000000000000000000000000000000
07004522000000200127122315570000000000000000100000000000000000
090045220001002001271223155700000000000001080001440000000144000000000000000000000000000000100000001000000000000020000000000
090045220002002001271223155700000000000002040001200000000036000000000000000000000000000000100000000500000000000010000000000
090045220003002001271223155700000000000004200000010000000100I 0000000000000000000000000000000000000000000000000030000000000
11004522000400200127122315570000050000030000000280000000028000000000000000000000000000028000000000000000
120045220005002001271223155703100000000000000000000000000000000000000000000280000000000000000000000000000000
07004523000000200127122316040000000000000000100000000000000000
090045230001002001271223160400000000000001020003320000000132000000000000000000000000000000100000001200000000000020000000000
090045230002002001271223160400000000000003250000010000000099000000000000000000000000000000000000000790000000000040000000000
11004523000300200127122316040000050000020000000231000000023100000000000000000000000000100000000007690000
120045230004002001271223160400000000000000000000000000000000000000000000000231000000000000000000000000000000
07004524000000200127122316070000000000000000100000000000000000
090045240001002001271223160700000000000003250000010000000099000000000000000000000000000000000000000790000000000040000000000
11004524000200200127122316070000050000010000000099000000009900000000000000000000000000009900000000000000
120045240003002001271223160700000000000000000000000000000000000000000000000099000000000000000000000000000000
07004525000000200127122316070000000000000000100000000000000000
090045250001002001271223160700000000000003250000020000000198000000000000000000000000000000000000000790000000000040000000000
11004525000200200127122316070000050000010000000198000000019800000000000000000000000000019800000000000000
120045250003002001271223160700000000000000000000000000000000000000000000000198000000000000000000000000000000
07004526000000200127122316120000000000000000100000000000000000
090045260001002001271223161200000000000005040000010000000699I 0000000000000000000000000000000000000000000000000010000000000
090045260002002001271223161200000000000002260008440000000421000000000000000000000000000000100000002000000000000010000000000
090045260003002001271223161200000000000001010007100000000567000000000000000000000000000000100000000500000000000020000000000
11004526000400200127122316120000050000030000001687000000168700000000000000000000000000168700000000000000
120045260005002001271223161203100000000000000000000000000000000000000000001687000000000000000000000000000000
07004527000000200127122316130000000000000000100000000000000000
090045270001002001271223161300000000000001080003560000000356000000000000000000000000000000100000001000000000000020000000000
090045270002002001271223161300000000000001050006560000000327000000000000000000000000000000100000000500000000000020000000000
11004527000300200127122316130000050000020000000683000000068300000000000000000000000000070000000000170000
120045270004002001271223161300000000000000000000000000000000000000000000000683000000000000000000000000000000
07004528000000200127122316180000000000000000100000000000000000
090045280001002001271223161800000000000001070001420000000355000000000000000000000000000000100000005000000000000020000000000
090045280002002001271223161800000000000002230003120000000312000000000000000000000000000000100000004980000000000010000000000
11004528000300200127122316180000050000020000000667000000066700000000000000000000000000080000000001330000
120045280004002001271223161800000000000000000000000000000000000000000000000667000000000000000000000000000000
14004529000000200127122316220000010000000355
07004530000000200127122316280000000000000000100000000000000000
090045300001002001271223162800000000000003250000070000000693000000000000000000000000000000000000000790000000000040000000000
11004530000200200127122316280000050000010000000693000000069300000000000000000000000000100000000003070000
120045300003002001271223162800000000000000000000000000000000000000000000000693000000000000000000000000000000
07004531000000200127122316320000000000000000100000000000000000
090045310001002001271223163200000000000002070012640000001136000000000000000000000000000000100000001990000000000010000000000
11004531000200200127122316320000050000010000001136000000113600000000000000000000000000200000000008640000
120045310003002001271223163200000000000000000000000000000000000000000000001136000000000000000000000000000000
07004532000000200127122316380000000000000000100000000000000000
090045320001002001271223163800000000000011000009420000000187000000000000000000000000000000100000000990000000000020000000000
090045320002002001271223163800000000000002260010080000000503000000000000000000000000000000100000002000000000000010000000000
090045320003002001271223163800000000000010200008160000000081000000000000000000000000000000100000000490000000000020000000000
090045320004002001271223163800000000000001010006220000000497000000000000000000000000000000100000000500000000000020000000000
090045320005002001271223163800000000000001060002380000000119000000000000000000000000000000100000001500000000000020000000000
090045320006002001271223163800000000000001150003000000000090000000000000000000000000000000100000001000000000000020000000000
11004532000700200127122316380000050000060000001477000000147700000000000000000000000000147700000000000000
120045320008002001271223163803020000000000000000000000000000000000000000001477000000000000000000000000000000
07004533000000200127122316460000000000000000100000000000000000
090045330001002001271223164600000000000002340004060000000121000000000000000000000000000000100000000500000000000010000000000
090045330002002001271223164600000000000002240002980000000179000000000000000000000000000000100000001500000000000010000000000
090045330003002001271223164600000000000002170000010000000799000000000000000000000000000000000000006500000000000010000000000
11004533000400200127122316460000050000030000001099000000109900000000000000000000000000200000000009010000
120045330005002001271223164600000000000000000000000000000000000000000000001099000000000000000000000000000000
07004534000000200127122316490000000000000000100000000000000000
090045340001002001271223164900000000000003250000020000000198000000000000000000000000000000000000000790000000000040000000000
090045340002002001271223164900000000000002120004700000000282000000000000000000000000000000100000002250000000000010000000000
11004534000300200127122316490000050000020000000480000000048000000000000000000000000000048000000000000000
120045340004002001271223164903020000000000000000000000000000000000000000000480000000000000000000000000000000
07004535000000200127122317050000000000000000100000000000000000
090045350001002001271223170500000000000010200008860000000088000000000000000000000000000000100000000490000000000020000000000
090045350002002001271223170500000000000001010009100000000727000000000000000000000000000000100000000500000000000020000000000
090045350003002001271223170500000000000001250005940000000593I 0000000000000000000000000000100000000530000000000020000000000
090045350004002001271223170500000000000001080003200000000320000000000000000000000000000000100000001000000000000020000000000
090045350005002001271223170500000000000001070001360000000340000000000000000000000000000000100000005000000000000020000000000
090045350006002001271223170500000000000002070010600000000953000000000000000000000000000000100000001990000000000010000000000
090045350007002001271223170500000000000001120004280000000299000000000000000000000000000000100000001000000000000020000000000
090045350008002001271223170500000000000011000003120000000062000000000000000000000000000000100000000990000000000020000000000
090045350009002001271223170500000000000001060002260000000113000000000000000000000000000000100000001500000000000020000000000
090045350010002001271223170500000000000001050002160000000108000000000000000000000000000000100000000500000000000020000000000
090045350011002001271223170500000000000001110002140000000064000000000000000000000000000000100000001990000000000020000000000
090045350012002001271223170500000000000002150000020000000398000000000000000000000000000000000000000500000000000010000000000
090045350013002001271223170500000000000003250000010000000099000000000000000000000000000000000000000790000000000040000000000
11004535001400200127122317050000050000130000004164000000416400000000000000000000000000500000000008360000
120045350015002001271223170500000000000000000000000000000000000000000000004164000000000000000000000000000000
07004536000000200127122317050000000000000000100000000000000000
090045360001002001271223170500000000000003030000010000000149000000000000000000000000000000000000000830000000000040000000000
11004536000200200127122317050000050000010000000149000000014900000000000000000000000000014900000000000000
120045360003002001271223170500000000000000000000000000000000000000000000000149000000000000000000000000000000
07004537000000200127122317130000000000000000100000000000000000
090045370001002001271223171300000000000001050004980000000249000000000000000000000000000000100000000500000000000020000000000
090045370002002001271223171300000000000001080001560000000156000000000000000000000000000000100000001000000000000020000000000
11004537000300200127122317130000050000020000000405000000040500000000000000000000000000040500000000000000
120045370004002001271223171303100000000000000000000000000000000000000000000405000000000000000000000000000000
07004538000000200127122317130000000000000000100000000000000000
090045380001002001271223171300000000000002260009840000000491000000000000000000000000000000100000002000000000000010000000000
090045380002002001271223171300000000000002150000020000000398000000000000000000000000000000000000000500000000000010000000000
11004538000300200127122317130000050000020000000889000000088900000000000000000000000000100000000001110000
120045380004002001271223171300000000000000000000000000000000000000000000000889000000000000000000000000000000
07004539000000200127122317150000000000000000100000000000000000
090045390001002001271223171500000000000002030017420000001740000000000000000000000000000000100000002990000000000010000000000
090045390002002001271223171500000000000002080023100000001153000000000000000000000000000000100000000500000000000010000000000
11004539000300200127122317150000050000020000002893000000289300000000000000000000000000300000000001070000
120045390004002001271223171500000000000000000000000000000000000000000000002893000000000000000000000000000000
07004540000000200127122317160000000000000000100000000000000000
090045400001002001271223171600000000000002130018300000001096000000000000000000000000000000100000001400000000000010000000000
11004540000200200127122317160000050000010000001096000000109600000000000000000000000000109600000000000000
120045400003002001271223171600000000000000000000000000000000000000000000001096000000000000000000000000000000
07004541000000200127122317180000000000000000100000000000000000
090045410001002001271223171800000000000001090001180000000035000000000000000000000000000000100000001500000000000020000000000
090045410002002001271223171800000000000001080002920000000292000000000000000000000000000000100000001000000000000020000000000
11004541000300200127122317180000050000020000000327000000032700000000000000000000000000032700000000000000
120045410004002001271223171803100000000000000000000000000000000000000000000327000000000000000000000000000000
07004542000000200127122317280000000000000000100000000000000000
090045420001002001271223172800000000000003010000020000001998000000000000000000000000000000000000006000000000000050000000000
11004542000200200127122317280000050000010000001998000000199800000000000000000000000000200000000000020000
120045420003002001271223172800000000000000000000000000000000000000000000001998000000000000000000000000000000
14004543000000200127122318000000010000000000
14004544000000200127122318000000010000000000
07004545000000200127122318110000000000000000100000000000000000
090045450001002001271223181100000000000002090001560000000203000000000000000000000000000000100000004720000000000010000000000
090045450002002001271223181100000000000002010002760000000138000000000000000000000000000000100000000990000000000010000000000
11004545000300200127122318110000050000020000000341000000034100000000000000000000000000100000000006590000
120045450004002001271223181100000000000000000000000000000000000000000000000341000000000000000000000000000000
07004546000000200127122318130000000000000000100000000000000000
090045460001002001271223181300000000000002070016120000001449000000000000000000000000000000100000001990000000000010000000000
090045460002002001271223181300000000000002040004460000000133000000000000000000000000000000100000000500000000000010000000000
090045460003002001271223181300000000000001060006420000000320000000000000000000000000000000100000001500000000000020000000000
090045460004002001271223181300000000000003250000010000000099000000000000000000000000000000000000000790000000000040000000000
11004546000500200127122318130000050000040000002001000000200100000000000000000000000000200100000000000000
120045460006002001271223181300000000000000000000000000000000000000000000002001000000000000000000000000000000
07004547000000200127122318150000000000000000100000000000000000
090045470001002001271223181500000000000001330021420000003211000000000000000000000000000000100000002780000000000020000000000
11004547000200200127122318150000050000010000003211000000321100000000000000000000000000500000000017890000
120045470003002001271223181500000000000000000000000000000000000000000000003211000000000000000000000000000000
07004548000000200127122318180000000000000000100000000000000000
090045480001002001271223181800000000000001250002440000000244I 0000000000000000000000000000100000000530000000000020000000000
090045480002002001271223181800000000000001090000640000000019000000000000000000000000000000100000001500000000000020000000000
090045480003002001271223181800000000000001080001360000000136000000000000000000000000000000100000001000000000000020000000000
11004548000400200127122318180000050000030000000399000000039900000000000000000000000000039900000000000000
120045480005002001271223181800000000000000000000000000000000000000000000000399000000000000000000000000000000
07004549000000200127122318200000000000000000100000000000000000
090045490001002001271223182000000000000002340022540000000674000000000000000000000000000000100000000500000000000010000000000
11004549000200200127122318200000050000010000000674000000067400000000000000000000000000200000000013260000
120045490003002001271223182000000000000000000000000000000000000000000000000674000000000000000000000000000000
07004550000000200127122318210000000000000000100000000000000000
090045500001002001271223182100000000000004200000040000000400I 0000000000000000000000000000000000000000000000000030000000000
11004550000200200127122318210000050000010000000400000000040000000000000000000000000000040000000000000000
120045500003002001271223182100000000000000000000000000000000000000000000000400000000000000000000000000000000
07004551000000200127122318240000000000000000100000000000000000
090045510001002001271223182400000000000001160004940000000247000000000000000000000000000000100000000670000000000020000000000
090045510002002001271223182400000000000001150001360000000041000000000000000000000000000000100000001000000000000020000000000
11004551000300200127122318240000050000020000000288000000028800000000000000000000000000100000000007120000
120045510004002001271223182400000000000000000000000000000000000000000000000288000000000000000000000000000000
07004552000000200127122318260000000000000000100000000000000000
090045520001002001271223182600000000000003250000020000000198000000000000000000000000000000000000000790000000000040000000000
090045520002002001271223182600000000000001130019280000000769000000000000000000000000000000100000001500000000000020000000000
11004552000300200127122318260000050000020000000967000000096700000000000000000000000000096700000000000000
120045520004002001271223182603030000000000000000000000000000000000000000000967000000000000000000000000000000
07004553000000200127122318260000000000000000100000000000000000
090045530001002001271223182600000000000001050005320000000265000000000000000000000000000000100000000500000000000020000000000
11004553000200200127122318260000050000010000000265000000026500000000000000000000000000026500000000000000
120045530003002001271223182600000000000000000000000000000000000000000000000265000000000000000000000000000000
07004554000000200127122318400000000000000000100000000000000000
090045540001002001271223184000000000000002260007540000000376000000000000000000000000000000100000002000000000000010000000000
11004554000200200127122318400000050000010000000376000000037600000000000000000000000000050000000001240000
120045540003002001271223184000000000000000000000000000000000000000000000000376000000000000000000000000000000
07004555000000200127122318470000000000000000100000000000000000
090045550001002001271223184700000000000001080001880000000188000000000000000000000000000000100000001000000000000020000000000
11004555000200200127122318470000050000010000000188000000018800000000000000000000000000020000000000120000
120045550003002001271223184700000000000000000000000000000000000000000000000188000000000000000000000000000000
07004556000000200127122318520000000000000000100000000000000000
090045560001002001271223185200000000000001150003360000000100000000000000000000000000000000100000001000000000000020000000000
11004556000200200127122318520000050000010000000100000000010000000000000000000000000000010000000000000000
120045560003002001271223185203020000000000000000000000000000000000000000000100000000000000000000000000000000
07004557000000200127122319150000000000000000100000000000000000
090045570001002001271223191500000000000002340001080000000032000000000000000000000000000000100000000500000000000010000000000
090045570002002001271223191500000000000002480006140000000245000000000000000000000000000000100000001000000000000010000000000
090045570003002001271223191500000000000002170000010000000799000000000000000000000000000000000000006500000000000010000000000
11004557000400200127122319150000050000030000001076000000107600000000000000000000000000200000000009240000
120045570005002001271223191500000000000000000000000000000000000000000000001076000000000000000000000000000000
07004558000000200127122319250000000000000000100000000000000000
090045580001002001271223192500000000000001010010300000000823000000000000000000000000000000100000000500000000000020000000000
11004558000200200127122319250000050000010000000823000000082300000000000000000000000000082300000000000000
120045580003002001271223192503020000000000000000000000000000000000000000000823000000000000000000000000000000
07004559000000200127122319270000000000000000100000000000000000
090045590001002001271223192700000000000003030000020000000298000000000000000000000000000000000000000830000000000040000000000
090045590002002001271223192700000000000003250000010000000099000000000000000000000000000000000000000790000000000040000000000
090045590003002001271223192700000000000003200000010000002299000000000000000000000000000000000000000000000000000050000000000
11004559000400200127122319270000050000030000002696000000269600000000000000000000000000270000000000040000
120045590005002001271223192700000000000000000000000000000000000000000000002696000000000000000000000000000000
07004560000000200127122319300000000000000000100000000000000000
090045600001002001271223193000000000000004200000050000000500I 0000000000000000000000000000000000000000000000000030000000000
11004560000200200127122319300000050000010000000500000000050000000000000000000000000000060000000001000000
120045600003002001271223193000000000000000000000000000000000000000000000000500000000000000000000000000000000
07004561000000200127122319330000000000000000100000000000000000
090045610001002001271223193300000000000001230000340000000085000000000000000000000000000000100000008750000000000020000000000
11004561000200200127122319330000050000010000000085000000008500000000000000000000000000020000000001150000
120045610003002001271223193300000000000000000000000000000000000000000000000085000000000000000000000000000000
07004562000000200127122319360000000000000000100000000000000000
090045620001002001271223193600000000000003010000010000000999000000000000000000000000000000000000006000000000000050000000000
11004562000200200127122319360000050000010000000999000000099900000000000000000000000000099900000000000000
120045620003002001271223193600000000000000000000000000000000000000000000000999000000000000000000000000000000
07004563000000200127122319460000000000000000100000000000000000
090045630001002001271223194600000000000003250000010000000099000000000000000000000000000000000000000790000000000040000000000
090045630002002001271223194600000000000002040005080000000152000000000000000000000000000000100000000500000000000010000000000
11004563000300200127122319460000050000020000000251000000025100000000000000000000000000100000000007490000
120045630004002001271223194600000000000000000000000000000000000000000000000251000000000000000000000000000000
07004564000000200127122319570000000000000000100000000000000000
090045640001002001271223195700000000000001120004440000000310000000000000000000000000000000100000001000000000000020000000000
11004564000200200127122319570000050000010000000310000000031000000000000000000000000000031000000000000000
120045640003002001271223195700000000000000000000000000000000000000000000000310000000000000000000000000000000
07004565000000200127122319580000000000000000100000000000000000
090045650001002001271223195800000000000002340002060000000062000000000000000000000000000000100000000500000000000010000000000
090045650002002001271223195800000000000001090002440000000073000000000000000000000000000000100000001500000000000020000000000
11004565000300200127122319580000050000020000000135000000013500000000000000000000000000020000000000650000
120045650004002001271223195800000000000000000000000000000000000000000000000135000000000000000000000000000000
07004566000000200127122320000000000000000000100000000000000000
090045660001002001271223200000000000000002340004060000000121000000000000000000000000000000100000000500000000000010000000000
11004566000200200127122320000000050000010000000121000000012100000000000000000000000000012100000000000000
120045660003002001271223200000000000000000000000000000000000000000000000000121000000000000000000000000000000
07004567000000200127122320040000000000000000100000000000000000
090045670001002001271223200400000000000001010008520000000681000000000000000000000000000000100000000500000000000020000000000
090045670002002001271223200400000000000003010000010000000999000000000000000000000000000000000000006000000000000050000000000
11004567000300200127122320040000050000020000001680000000168000000000000000000000000000168000000000000000
120045670004002001271223200400000000000000000000000000000000000000000000001680000000000000000000000000000000
060045670005002001271223202000000100000500000000000000000000000000000000000000000000
07004568000000200127122320220000000000000000100000000000000000
090045680001002001271223202200000000000003250000010000000099000000000000000000000000000000000000000790000000000040000000000
17004568000200200127122320220000000000000066
090045680003002001271223202200000000000001070000660000000165000000000000000000000000000000100000005000000000000020000000000
090045680004002001271223202200000000000003010000010000000999000000000000000000000000000000000000006000000000000050000000000
090045680005002001271223202200000000000001050001080000000054000000000000000000000000000000100000000500000000000020000000000
090045680006002001271223202200000000000010200001480000000015000000000000000000000000000000100000000490000000000020000000000
11004568000700200127122320220000050000050000001332000000133200000000000000000000000000140000000000680000
120045680008002001271223202200000000000000000000000000000000000000000000001332000000000000000000000000000000
07004569000000200127122320410000000000000000100000000000000000
090045690001002001271223204100000000000001070001380000000345000000000000000000000000000000100000005000000000000020000000000
090045690002002001271223204100000000000002150000010000000199000000000000000000000000000000000000000500000000000010000000000
090045690003002001271223204100000000000002230002980000000298000000000000000000000000000000100000004980000000000010000000000
090045690004002001271223204100000000000002260003960000000198000000000000000000000000000000100000002000000000000010000000000
090045690005002001271223204100000000000001220004920000000246000000000000000000000000000000100000001500000000000020000000000
090045690006002001271223204100000000000001120004420000000309000000000000000000000000000000100000001000000000000020000000000
090045690007002001271223204100000000000001150003180000000095000000000000000000000000000000100000001000000000000020000000000
090045690008002001271223204100000000000001260001800000000072000000000000000000000000000000100000000500000000000020000000000
090045690009002001271223204100000000000002010007980000000398000000000000000000000000000000100000000990000000000010000000000
090045690010002001271223204100000000000002340002300000000069000000000000000000000000000000100000000500000000000010000000000
090045690011002001271223204100000000000003030000010000000149000000000000000000000000000000000000000830000000000040000000000
11004569001200200127122320410000050000110000002378000000237800000000000000000000000000500000000026220000
120045690013002001271223204100000000000000000000000000000000000000000000002378000000000000000000000000000000
07004570000000200127122320530000000000000000100000000000000000
090045700001002001271223205300000000000001010016280000001301000000000000000000000000000000100000000500000000000020000000000
11004570000200200127122320530000050000010000001301000000130100000000000000000000000000130100000000000000
120045700003002001271223205303020000000000000000000000000000000000000000001301000000000000000000000000000000
07004571000000200127122320580000000000000000100000000000000000
090045710001002001271223205800000000000001200011560000000692000000000000000000000000000000100000000300000000000020000000000
090045710002002001271223205800000000000002260006780000000338000000000000000000000000000000100000002000000000000010000000000
11004571000300200127122320580000050000020000001030000000103000000000000000000000000000103000000000000000
120045710004002001271223205800000000000000000000000000000000000000000000001030000000000000000000000000000000
0400457200000020012712232058000001004436004572000000054583870000000560932927122300001432120000000000000000000000000038790001000000000000000000000000000000000000000000000000000000000000000000000000000000001234567890AB        
