01004721000000200129122307210000010000001000000000057864001.82G5E   1234567890AB        Generica            
02004721000100200129122307210000010000090000000000
07004722000000200129122307260000000000000000100000000000000000
090047220001002001291223072600000000000001180006120000000367000000000000000000000000000000100000001000000000000020000000000
090047220002002001291223072600000000000001140002840000000284000000000000000000000000000000100000000500000000000020000000000
11004722000300200129122307260000090000020000000651000000065100000000000000000000000000200000000013490000
120047220004002001291223072600000000000000000000000000000000000000000000000651000000000000000000000000000000
07004723000000200129122307280000000000000000100000000000000000
090047230001002001291223072800000000000001290012280000000367000000000000000000000000000000100000000250000000000020000000000
090047230002002001291223072800000000000001050005240000000261000000000000000000000000000000100000000500000000000020000000000
090047230003002001291223072800000000000001020011120000000444000000000000000000000000000000100000001200000000000020000000000
11004723000400200129122307280000090000030000001072000000107200000000000000000000000000107200000000000000
120047230005002001291223072803010000000000000000000000000000000000000000001072000000000000000000000000000000
07004724000000200129122307290000000000000000100000000000000000
090047240001002001291223072900000000000002220000010000000499000000000000000000000000000000000000001500000000000010000000000
11004724000200200129122307290000090000010000000499000000049900000000000000000000000000049900000000000000
120047240003002001291223072900000000000000000000000000000000000000000000000499000000000000000000000000000000
07004725000000200129122307330000000000000000100000000000000000
090047250001002001291223073300000000000002280012960000000776000000000000000000000000000000100000001000000000000010000000000
11004725000200200129122307330000090000010000000776000000077600000000000000000000000000077600000000000000
120047250003002001291223073300000000000000000000000000000000000000000000000776000000000000000000000000000000
07004726000000200129122307390000000000000000100000000000000000
090047260001002001291223073900000000000011000010940000000218000000000000000000000000000000100000000990000000000020000000000
11004726000200200129122307390000090000010000000218000000021800000000000000000000000000021800000000000000
120047260003002001291223073900000000000000000000000000000000000000000000000218000000000000000000000000000000
07004727000000200129122307410000000000000000100000000000000000
090047270001002001291223074100000000000003010000010000000999000000000000000000000000000000000000006000000000000050000000000
090047270002002001291223074100000000000002040004440000000133000000000000000000000000000000100000000500000000000010000000000
11004727000300200129122307410000090000020000001132000000113200000000000000000000000000113200000000000000
120047270004002001291223074103010000000000000000000000000000000000000000001132000000000000000000000000000000
07004728000000200129122307530000000000000000100000000000000000
090047280001002001291223075300000000000001020019140000000764000000000000000000000000000000100000001200000000000020000000000
11004728000200200129122307530000090000010000000764000000076400000000000000000000000000076400000000000000
120047280003002001291223075300000000000000000000000000000000000000000000000764000000000000000000000000000000
14004729000000200129122307550000010000001060
07004730000000200129122307580000000000000000100000000000000000
090047300001002001291223075800000000000001180005060000000303000000000000000000000000000000100000001000000000000020000000000
090047300002002001291223075800000000000001150002800000000112000000000000000000000000000000100000001000000000000020000000000
17004730000300200129122307580000000000000747
090047300004002001291223075800000000000003030000020000000498000000000000000000000000000000000000000830000000000040000000000
090047300005002001291223075800000000000003250000010000000199000000000000000000000000000000000000000790000000000040000000000
090047300006002001291223075800000000000002080014620000000730000000000000000000000000000000100000000500000000000010000000000
11004730000700200129122307580000090000050000001842000000184200000000000000000000000000500000000031580000
120047300008002001291223075800000000000000000000000000000000000000000000001842000000000000000000000000000000
14004731000000200129122308000000010000009092
07004732000000200129122308030000000000000000100000000000000000
090047320001002001291223080300000000000001250005540000000276I 0000000000000000000000000000100000000530000000000020000000000
090047320002002001291223080300000000000003250000010000000199000000000000000000000000000000000000000790000000000040000000000
090047320003002001291223080300000000000001290004000000000120000000000000000000000000000000100000000250000000000020000000000
11004732000400200129122308030000090000030000000595000000059500000000000000000000000000200000000014050000
120047320005002001291223080300000000000000000000000000000000000000000000000595000000000000000000000000000000
07004733000000200129122308050000000000000000100000000000000000
090047330001002001291223080500000000000001290012260000000367000000000000000000000000000000100000000250000000000020000000000
090047330002002001291223080500000000000002080011120000000555000000000000000000000000000000100000000500000000000010000000000
11004733000300200129122308050000090000020000000922000000092200000000000000000000000000092200000000000000
120047330004002001291223080500000000000000000000000000000000000000000000000922000000000000000000000000000000
07004734000000200129122308170000000000000000100000000000000000
090047340001002001291223081700000000000003250000100000001990000000000000000000000000000000000000000790000000000040000000000
11004734000200200129122308170000090000010000001990000000199000000000000000000000000000199000000000000000
120047340003002001291223081703010000000000000000000000000000000000000000001990000000000000000000000000000000
07004735000000200129122308390000000000000000100000000000000000
090047350001002001291223083900000000000001150010220000000408000000000000000000000000000000100000001000000000000020000000000
090047350002002001291223083900000000000001080008540000000512000000000000000000000000000000100000001000000000000020000000000
090047350003002001291223083900000000000002070007460000000671000000000000000000000000000000100000001990000000000010000000000
090047350004002001291223083900000000000001050008000000000399000000000000000000000000000000100000000500000000000020000000000
090047350005002001291223083900000000000002010011280000000563000000000000000000000000000000100000000990000000000010000000000
11004735000600200129122308390000090000050000002553000000255300000000000000000000000000500000000024470000
120047350007002001291223083900000000000000000000000000000000000000000000002553000000000000000000000000000000
07004736000000200129122308420000000000000000100000000000000000
090047360001002001291223084200000000000002070012940000001163000000000000000000000000000000100000001990000000000010000000000
11004736000200200129122308420000090000010000001163000000116300000000000000000000000000116300000000000000
120047360003002001291223084203050000000000000000000000000000000000000000001163000000000000000000000000000000
07004737000000200129122308470000000000000000100000000000000000
090047370001002001291223084700000000000001290010320000000309000000000000000000000000000000100000000250000000000020000000000
11004737000200200129122308470000090000010000000309000000030900000000000000000000000000200000000016910000
120047370003002001291223084700000000000000000000000000000000000000000000000309000000000000000000000000000000
07004738000000200129122308520000000000000000100000000000000000
090047380001002001291223085200000000000001050005900000000294000000000000000000000000000000100000000500000000000020000000000
11004738000200200129122308520000090000010000000294000000029400000000000000000000000000029400000000000000
120047380003002001291223085200000000000000000000000000000000000000000000000294000000000000000000000000000000
07004739000000200129122308590000000000000000100000000000000000
090047390001002001291223085900000000000003250000010000000199000000000000000000000000000000000000000790000000000040000000000
11004739000200200129122308590000090000010000000199000000019900000000000000000000000000019900000000000000
120047390003002001291223085900000000000000000000000000000000000000000000000199000000000000000000000000000000
07004740000000200129122308590000000000000000100000000000000000
090047400001002001291223085900000000000001050001920000000096000000000000000000000000000000100000000500000000000020000000000
090047400002002001291223085900000000000001020010420000000416000000000000000000000000000000100000001200000000000020000000000
11004740000300200129122308590000090000020000000512000000051200000000000000000000000000051200000000000000
120047400004002001291223085900000000000000000000000000000000000000000000000512000000000000000000000000000000
07004741000000200129122309020000000000000000100000000000000000
090047410001002001291223090200000000000003030000010000000249000000000000000000000000000000000000000830000000000040000000000
090047410002002001291223090200000000000001140004900000000490000000000000000000000000000000100000000500000000000020000000000
090047410003002001291223090200000000000001150004820000000192000000000000000000000000000000100000001000000000000020000000000
090047410004002001291223090200000000000001090002800000000140000000000000000000000000000000100000001500000000000020000000000
090047410005002001291223090200000000000003250000010000000199000000000000000000000000000000000000000790000000000040000000000
090047410006002001291223090200000000000001290007540000000225000000000000000000000000000000100000000250000000000020000000000
11004741000700200129122309020000090000060000001495000000149500000000000000000000000000149500000000000000
120047410008002001291223090203050000000000000000000000000000000000000000001495000000000000000000000000000000
07004742000000200129122309260000000000000000100000000000000000
090047420001002001291223092600000000000001130031140000001242000000000000000000000000000000100000001500000000000020000000000
090047420002002001291223092600000000000003250000020000000398000000000000000000000000000000000000000790000000000040000000000
11004742000300200129122309260000090000020000001640000000164000000000000000000000000000200000000003600000
120047420004002001291223092600000000000000000000000000000000000000000000001640000000000000000000000000000000
07004743000000200129122309260000000000000000100000000000000000
090047430001002001291223092600000000000002150000010000000199000000000000000000000000000000000000000500000000000010000000000
11004743000200200129122309260000090000010000000199000000019900000000000000000000000000019900000000000000
120047430003002001291223092600000000000000000000000000000000000000000000000199000000000000000000000000000000
07004744000000200129122309290000000000000000100000000000000000
090047440001002001291223092900000000000001060002300000000115000000000000000000000000000000100000001500000000000020000000000
090047440002002001291223092900000000000001020004480000000179000000000000000000000000000000100000001200000000000020000000000
090047440003002001291223092900000000000001290004160000000124000000000000000000000000000000100000000250000000000020000000000
11004744000400200129122309290000090000030000000418000000041800000000000000000000000000041800000000000000
120047440005002001291223092903010000000000000000000000000000000000000000000418000000000000000000000000000000
07004745000000200129122309390000000000000000100000000000000000
090047450001002001291223093900000000000002220000040000001996000000000000000000000000000000000000001500000000000010000000000
090047450002002001291223093900000000000005020000070000000700I 0000000000000000000000000000000000000100000000000060000000000
090047450003002001291223093900000000000005020000090000000900I 0000000000000000000000000000000000000100000000000060000000000
090047450004002001291223093900000000000001080008280000000496000000000000000000000000000000100000001000000000000020000000000
090047450005002001291223093900000000000002230018260000002737000000000000000000000000000000100000004980000000000010000000000
090047450006002001291223093900000000000002300009680000000773000000000000000000000000000000100000005500000000000010000000000
090047450007002001291223093900000000000002630014460000002601000000000000000000000000000000100000009990000000000010000000000
090047450008002001291223093900000000000002260045060000002248000000000000000000000000000000100000002000000000000010000000000
090047450009002001291223093900000000000011000016420000000327000000000000000000000000000000100000000990000000000020000000000
090047450010002001291223093900000000000001060006240000000311000000000000000000000000000000100000001500000000000020000000000
11004745001100200129122309390000090000100000013089000001308900000000000000000000000001308900000000000000
120047450012002001291223093903050000000000000000000000000000000000000000013089000000000000000000000000000000
07004746000000200129122309400000000000000000100000000000000000
090047460001002001291223094000000000000002120008280000000496000000000000000000000000000000100000002250000000000010000000000
090047460002002001291223094000000000000002130021300000001276000000000000000000000000000000100000001400000000000010000000000
090047460003002001291223094000000000000002200000010000000799000000000000000000000000000000000000000990000000000010000000000
11004746000400200129122309400000090000030000002571000000257100000000000000000000000000257100000000000000
120047460005002001291223094003010000000000000000000000000000000000000000002571000000000000000000000000000000
14004747000000200129122309410000010000003550
07004748000000200129122309470000000000000000100000000000000000
090047480001002001291223094700000000000001060003740000000187000000000000000000000000000000100000001500000000000020000000000
11004748000200200129122309470000090000010000000187000000018700000000000000000000000000018700000000000000
120047480003002001291223094700000000000000000000000000000000000000000000000187000000000000000000000000000000
07004749000000200129122309500000000000000000100000000000000000
090047490001002001291223095000000000000002130020800000001246000000000000000000000000000000100000001400000000000010000000000
090047490002002001291223095000000000000001050005000000000250000000000000000000000000000000100000000500000000000020000000000
090047490003002001291223095000000000000001160010720000000535000000000000000000000000000000100000000670000000000020000000000
090047490004002001291223095000000000000002020015060000001203000000000000000000000000000000100000001990000000000010000000000
090047490005002001291223095000000000000003010000010000000999000000000000000000000000000000000000006000000000000050000000000
11004749000600200129122309500000090000050000004233000000423300000000000000000000000000423300000000000000
120047490007002001291223095003010000000000000000000000000000000000000000004233000000000000000000000000000000
07004750000000200129122310060000000000000000100000000000000000
090047500001002001291223100600000000000003200000010000002299000000000000000000000000000000000000000000000000000050000000000
090047500002002001291223100600000000000003030000020000000498000000000000000000000000000000000000000830000000000040000000000
090047500003002001291223100600000000000001060002240000000112000000000000000000000000000000100000001500000000000020000000000
090047500004002001291223100600000000000001080002240000000134000000000000000000000000000000100000001000000000000020000000000
090047500005002001291223100600000000000001110003480000000104000000000000000000000000000000100000001990000000000020000000000
090047500006002001291223100600000000000001010009300000000650000000000000000000000000000000100000000500000000000020000000000
11004750000700200129122310060000090000060000003797000000379700000000000000000000000000500000000012030000
120047500008002001291223100600000000000000000000000000000000000000000000003797000000000000000000000000000000
07004751000000200129122310070000000000000000100000000000000000
090047510001002001291223100700000000000001150001560000000062000000000000000000000000000000100000001000000000000020000000000
090047510002002001291223100700000000000001290007960000000238000000000000000000000000000000100000000250000000000020000000000
11004751000300200129122310070000090000020000000300000000030000000000000000000000000000030000000000000000
120047510004002001291223100700000000000000000000000000000000000000000000000300000000000000000000000000000000
07004752000000200129122310110000000000000000100000000000000000
090047520001002001291223101100000000000001050002700000000135000000000000000000000000000000100000000500000000000020000000000
090047520002002001291223101100000000000001290003860000000115000000000000000000000000000000100000000250000000000020000000000
11004752000300200129122310110000090000020000000250000000025000000000000000000000000000025000000000000000
120047520004002001291223101100000000000000000000000000000000000000000000000250000000000000000000000000000000
07004753000000200129122310180000000000000000100000000000000000
090047530001002001291223101800000000000011000011480000000228000000000000000000000000000000100000000990000000000020000000000
090047530002002001291223101800000000000005020000050000000500I 0000000000000000000000000000000000000100000000000060000000000
11004753000300200129122310180000090000020000000728000000072800000000000000000000000000072800000000000000
120047530004002001291223101800000000000000000000000000000000000000000000000728000000000000000000000000000000
07004754000000200129122310360000000000000000100000000000000000
090047540001002001291223103600000000000001290003700000000111000000000000000000000000000000100000000250000000000020000000000
090047540002002001291223103600000000000001050001920000000096000000000000000000000000000000100000000500000000000020000000000
090047540003002001291223103600000000000002080006900000000344000000000000000000000000000000100000000500000000000010000000000
090047540004002001291223103600000000000001090000780000000039000000000000000000000000000000100000001500000000000020000000000
11004754000500200129122310360000090000040000000590000000059000000000000000000000000000200000000014100000
120047540006002001291223103600000000000000000000000000000000000000000000000590000000000000000000000000000000
07004755000000200129122310380000000000000000100000000000000000
090047550001002001291223103800000000000001120002300000000161000000000000000000000000000000100000001000000000000020000000000
090047550002002001291223103800000000000001060003100000000155000000000000000000000000000000100000001500000000000020000000000
090047550003002001291223103800000000000001020002100000000084000000000000000000000000000000100000001200000000000020000000000
090047550004002001291223103800000000000011000002940000000059000000000000000000000000000000100000000990000000000020000000000
11004755000500200129122310380000090000040000000459000000045900000000000000000000000000045900000000000000
120047550006002001291223103800000000000000000000000000000000000000000000000459000000000000000000000000000000
07004756000000200129122310410000000000000000100000000000000000
090047560001002001291223104100000000000001080002840000000170000000000000000000000000000000100000001000000000000020000000000
090047560002002001291223104100000000000003250000010000000199000000000000000000000000000000000000000790000000000040000000000
090047560003002001291223104100000000000001010012460000000871000000000000000000000000000000100000000500000000000020000000000
090047560004002001291223104100000000000001040001180000000106000000000000000000000000000000100000002000000000000020000000000
11004756000500200129122310410000090000040000001346000000134600000000000000000000000000134600000000000000
120047560006002001291223104103090000000000000000000000000000000000000000001346000000000000000000000000000000
14004757000000200129122310470000010000004646
14004758000100200129122310500000010000000000
14004759000000200129122310510000010000000000
07004760000000200129122310560000000000000000100000000000000000
090047600001002001291223105600000000000011000014120000000281000000000000000000000000000000100000000990000000000020000000000
11004760000200200129122310560000090000010000000281000000028100000000000000000000000000028100000000000000
120047600003002001291223105600000000000000000000000000000000000000000000000281000000000000000000000000000000
07004761000000200129122310570000000000000000100000000000000000
090047610001002001291223105700000000000003250000020000000398000000000000000000000000000000000000000790000000000040000000000
090047610002002001291223105700000000000001090000600000000030000000000000000000000000000000100000001500000000000020000000000
090047610003002001291223105700000000000001070001420000000355000000000000000000000000000000100000005000000000000020000000000
090047610004002001291223105700000000000001040003300000000297000000000000000000000000000000100000002000000000000020000000000
090047610005002001291223105700000000000001080003720000000223000000000000000000000000000000100000001000000000000020000000000
11004761000600200129122310570000090000050000001303000000130300000000000000000000000000200000000006970000
120047610007002001291223105700000000000000000000000000000000000000000000001303000000000000000000000000000000
07004762000000200129122310590000000000000000100000000000000000
090047620001002001291223105900000000000001010009380000000656000000000000000000000000000000100000000500000000000020000000000
090047620002002001291223105900000000000001020006940000000277000000000000000000000000000000100000001200000000000020000000000
090047620003002001291223105900000000000002150000010000000199000000000000000000000000000000000000000500000000000010000000000
090047620004002001291223105900000000000001290001880000000056000000000000000000000000000000100000000250000000000020000000000
090047620005002001291223105900000000000002080009100000000454000000000000000000000000000000100000000500000000000010000000000
090047620006002001291223105900000000000001050001620000000081000000000000000000000000000000100000000500000000000020000000000
090047620007002001291223105900000000000001170003260000000163000000000000000000000000000000100000001000000000000020000000000
090047620008002001291223105900000000000001090000580000000029000000000000000000000000000000100000001500000000000020000000000
090047620009002001291223105900000000000001240000420000000029000000000000000000000000000000100000001670000000000020000000000
090047620010002001291223105900000000000001060000920000000046000000000000000000000000000000100000001500000000000020000000000
11004762001100200129122310590000090000100000001990000000199000000000000000000000000000199000000000000000
120047620012002001291223105900000000000000000000000000000000000000000000001990000000000000000000000000000000
07004763000000200129122311000000000000000000100000000000000000
090047630001002001291223110000000000000001160006780000000338000000000000000000000000000000100000000670000000000020000000000
090047630002002001291223110000000000000001290008320000000249000000000000000000000000000000100000000250000000000020000000000
090047630003002001291223110000000000000001150006720000000268000000000000000000000000000000100000001000000000000020000000000
11004763000400200129122311000000090000030000000855000000085500000000000000000000000000085500000000000000
120047630005002001291223110003010000000000000000000000000000000000000000000855000000000000000000000000000000
07004764000000200129122311020000000000000000100000000000000000
090047640001002001291223110200000000000002630005480000000986000000000000000000000000000000100000009990000000000010000000000
090047640002002001291223110200000000000002130017320000001037000000000000000000000000000000100000001400000000000010000000000
090047640003002001291223110200000000000002120009780000000586000000000000000000000000000000100000002250000000000010000000000
090047640004002001291223110200000000000002200000010000000799000000000000000000000000000000000000000990000000000010000000000
11004764000500200129122311020000090000040000003408000000340800000000000000000000000000340800000000000000
120047640006002001291223110203060000000000000000000000000000000000000000003408000000000000000000000000000000
07004765000000200129122311050000000000000000100000000000000000
090047650001002001291223110500000000000001010007920000000554000000000000000000000000000000100000000500000000000020000000000
090047650002002001291223110500000000000001090000860000000043000000000000000000000000000000100000001500000000000020000000000
090047650003002001291223110500000000000001080003660000000219000000000000000000000000000000100000001000000000000020000000000
11004765000400200129122311050000090000030000000816000000081600000000000000000000000000081600000000000000
120047650005002001291223110500000000000000000000000000000000000000000000000816000000000000000000000000000000
07004766000000200129122311070000000000000000100000000000000000
090047660001002001291223110700000000000001160008000000000399000000000000000000000000000000100000000670000000000020000000000
090047660002002001291223110700000000000011000003980000000079000000000000000000000000000000100000000990000000000020000000000
090047660003002001291223110700000000000003250000010000000199000000000000000000000000000000000000000790000000000040000000000
090047660004002001291223110700000000000005020000040000000400I 0000000000000000000000000000000000000100000000000060000000000
090047660005002001291223110700000000000001120003780000000264000000000000000000000000000000100000001000000000000020000000000
090047660006002001291223110700000000000001220006640000000331000000000000000000000000000000100000001500000000000020000000000
11004766000700200129122311070000090000060000001672000000167200000000000000000000000000200000000003280000
120047660008002001291223110700000000000000000000000000000000000000000000001672000000000000000000000000000000
07004767000000200129122311100000000000000000100000000000000000
090047670001002001291223111000000000000001150004560000000182000000000000000000000000000000100000001000000000000020000000000
090047670002002001291223111000000000000005260000020000000698I 0100000000000000000000000000000000002990000000000080000000000
090047670003002001291223111000000000000005240000010000000499I 0100000000000000000000000000000000003000000000000080000000000
11004767000400200129122311100000090000030000001379000000137900000000000000000000000000200000000006210000
120047670005002001291223111000000000000000000000000000000000000000000000001379000000000000000000000000000000
07004768000000200129122311120000000000000000100000000000000000
090047680001002001291223111200000000000001010012160000000850000000000000000000000000000000100000000500000000000020000000000
090047680002002001291223111200000000000001250010020000000500I 0000000000000000000000000000100000000530000000000020000000000
11004768000300200129122311120000090000020000001350000000135000000000000000000000000000135000000000000000
120047680004002001291223111200000000000000000000000000000000000000000000001350000000000000000000000000000000
07004769000000200129122311130000000000000000100000000000000000
090047690001002001291223111300000000000001220006040000000301000000000000000000000000000000100000001500000000000020000000000
11004769000200200129122311130000090000010000000301000000030100000000000000000000000000030100000000000000
120047690003002001291223111300000000000000000000000000000000000000000000000301000000000000000000000000000000
07004770000000200129122311160000000000000000100000000000000000
090047700001002001291223111600000000000002040002800000000084000000000000000000000000000000100000000500000000000010000000000
090047700002002001291223111600000000000001050002720000000136000000000000000000000000000000100000000500000000000020000000000
11004770000300200129122311160000090000020000000220000000022000000000000000000000000000050000000002800000
120047700004002001291223111600000000000000000000000000000000000000000000000220000000000000000000000000000000
07004771000000200129122311170000000000000000100000000000000000
090047710001002001291223111700000000000001290002680000000080000000000000000000000000000000100000000250000000000020000000000
11004771000200200129122311170000090000010000000080000000008000000000000000000000000000008000000000000000
120047710003002001291223111700000000000000000000000000000000000000000000000080000000000000000000000000000000
14004772000000200129122311210000010000000000
07004773000000200129122311370000000000000000100000000000000000
090047730001002001291223113700000000000001140005660000000565000000000000000000000000000000100000000500000000000020000000000
090047730002002001291223113700000000000001220003440000000172000000000000000000000000000000100000001500000000000020000000000
11004773000300200129122311370000090000020000000737000000073700000000000000000000000000073700000000000000
120047730004002001291223113700000000000000000000000000000000000000000000000737000000000000000000000000000000
07004774000000200129122311470000000000000000100000000000000000
090047740001002001291223114700000000000001040016700000001501000000000000000000000000000000100000002000000000000020000000000
090047740002002001291223114700000000000002040005060000000151000000000000000000000000000000100000000500000000000010000000000
090047740003002001291223114700000000000005020000010000000100I 0000000000000000000000000000000000000100000000000060000000000
090047740004002001291223114700000000000005020000020000000200I 0000000000000000000000000000000000000100000000000060000000000
090047740005002001291223114700000000000005110000020000002998I 0100000000000000000000000000000000012000000000000070000000000
11004774000600200129122311470000090000050000004950000000495000000000000000000000000000495000000000000000
120047740007002001291223114700000000000000000000000000000000000000000000004950000000000000000000000000000000
07004775000000200129122311490000000000000000100000000000000000
090047750001002001291223114900000000000002080003140000000157000000000000000000000000000000100000000500000000000010000000000
090047750002002001291223114900000000000002230002400000000360000000000000000000000000000000100000004980000000000010000000000
11004775000300200129122311490000090000020000000517000000051700000000000000000000000000051700000000000000
120047750004002001291223114903010000000000000000000000000000000000000000000517000000000000000000000000000000
07004776000000200129122311490000000000000000100000000000000000
090047760001002001291223114900000000000001080011140000000667000000000000000000000000000000100000001000000000000020000000000
11004776000200200129122311490000090000010000000667000000066700000000000000000000000000100000000003330000
120047760003002001291223114900000000000000000000000000000000000000000000000667000000000000000000000000000000
07004777000000200129122311510000000000000000100000000000000000
090047770001002001291223115100000000000003010000010000000999000000000000000000000000000000000000006000000000000050000000000
090047770002002001291223115100000000000001010016580000001159000000000000000000000000000000100000000500000000000020000000000
090047770003002001291223115100000000000002130013380000000801000000000000000000000000000000100000001400000000000010000000000
090047770004002001291223115100000000000001130022980000000917000000000000000000000000000000100000001500000000000020000000000
11004777000500200129122311510000090000040000003876000000387600000000000000000000000000387600000000000000
120047770006002001291223115103010000000000000000000000000000000000000000003876000000000000000000000000000000
07004778000000200129122311570000000000000000100000000000000000
090047780001002001291223115700000000000005020000010000000100I 0000000000000000000000000000000000000100000000000060000000000
11004778000200200129122311570000090000010000000100000000010000000000000000000000000000010000000000000000
120047780003002001291223115702010000000000000000000000000000000000210000000100000000000000000000000000000000
100047780004002001291223115701000000000000002100000001000000000000000514000009
07004779000000200129122312040000000000000000100000000000000000
090047790001002001291223120400000000000001050003600000000180000000000000000000000000000000100000000500000000000020000000000
090047790002002001291223120400000000000003010000010000000999000000000000000000000000000000000000006000000000000050000000000
090047790003002001291223120400000000000001090000660000000033000000000000000000000000000000100000001500000000000020000000000
090047790004002001291223120400000000000001080003100000000186000000000000000000000000000000100000001000000000000020000000000
11004779000500200129122312040000090000040000001398000000139800000000000000000000000000139800000000000000
120047790006002001291223120403050000000000000000000000000000000000000000001398000000000000000000000000000000
07004780000000200129122312050000000000000000100000000000000000
090047800001002001291223120500000000000001080001500000000090000000000000000000000000000000100000001000000000000020000000000
090047800002002001291223120500000000000001090000660000000033000000000000000000000000000000100000001500000000000020000000000
11004780000300200129122312050000090000020000000123000000012300000000000000000000000000012300000000000000
120047800004002001291223120500000000000000000000000000000000000000000000000123000000000000000000000000000000
07004781000000200129122312070000000000000000100000000000000000
090047810001002001291223120700000000000001010009780000000684000000000000000000000000000000100000000500000000000020000000000
090047810002002001291223120700000000000003010000010000000999000000000000000000000000000000000000006000000000000050000000000
090047810003002001291223120700000000000001040003680000000331000000000000000000000000000000100000002000000000000020000000000
090047810004002001291223120700000000000001080002380000000143000000000000000000000000000000100000001000000000000020000000000
11004781000500200129122312070000090000040000002157000000215700000000000000000000000000215700000000000000
120047810006002001291223120700000000000000000000000000000000000000000000002157000000000000000000000000000000
07004782000000200129122312090000000000000000100000000000000000
090047820001002001291223120900000000000001130013280000000530000000000000000000000000000000100000001500000000000020000000000
11004782000200200129122312090000090000010000000530000000053000000000000000000000000000100000000004700000
120047820003002001291223120900000000000000000000000000000000000000000000000530000000000000000000000000000000
07004783000000200129122312180000000000000000100000000000000000
090047830001002001291223121800000000000001010006860000000480000000000000000000000000000000100000000500000000000020000000000
11004783000200200129122312180000090000010000000480000000048000000000000000000000000000048000000000000000
120047830003002001291223121800000000000000000000000000000000000000000000000480000000000000000000000000000000
07004784000000200129122312220000000000000000100000000000000000
090047840001002001291223122200000000000001290003460000000103000000000000000000000000000000100000000250000000000020000000000
090047840002002001291223122200000000000001050003720000000186000000000000000000000000000000100000000500000000000020000000000
11004784000300200129122312220000090000020000000289000000028900000000000000000000000000028900000000000000
120047840004002001291223122200000000000000000000000000000000000000000000000289000000000000000000000000000000
07004785000000200129122312310000000000000000100000000000000000
090047850001002001291223123100000000000002070013140000001181000000000000000000000000000000100000001990000000000010000000000
11004785000200200129122312310000090000010000001181000000118100000000000000000000000000118100000000000000
120047850003002001291223123100000000000000000000000000000000000000000000001181000000000000000000000000000000
07004786000000200129122312380000000000000000100000000000000000
090047860001002001291223123800000000000003250000010000000199000000000000000000000000000000000000000790000000000040000000000
090047860002002001291223123800000000000001040001180000000106000000000000000000000000000000100000002000000000000020000000000
090047860003002001291223123800000000000001040001040000000093000000000000000000000000000000100000002000000000000020000000000
11004786000400200129122312380000090000030000000398000000039800000000000000000000000000039800000000000000
120047860005002001291223123803010000000000000000000000000000000000000000000398000000000000000000000000000000
07004787000000200129122312410000000000000000100000000000000000
090047870001002001291223124100000000000001040001120000000101000000000000000000000000000000100000002000000000000020000000000
11004787000200200129122312410000090000010000000101000000010100000000000000000000000000010100000000000000
120047870003002001291223124100000000000000000000000000000000000000000000000101000000000000000000000000000000
07004788000000200129122312470000000000000000100000000000000000
090047880001002001291223124700000000000001010010860000000759000000000000000000000000000000100000000500000000000020000000000
11004788000200200129122312470000090000010000000759000000075900000000000000000000000000075900000000000000
120047880003002001291223124703010000000000000000000000000000000000000000000759000000000000000000000000000000
07004789000000200129122313180000000000000000100000000000000000
090047890001002001291223131800000000000001080004560000000273000000000000000000000000000000100000001000000000000020000000000
090047890002002001291223131800000000000001170007120000000355000000000000000000000000000000100000001000000000000020000000000
090047890003002001291223131800000000000005020000010000000100I 0000000000000000000000000000000000000100000000000060000000000
090047890004002001291223131800000000000002040001360000000041000000000000000000000000000000100000000500000000000010000000000
11004789000500200129122313180000090000040000000769000000076900000000000000000000000000076900000000000000
120047890006002001291223131800000000000000000000000000000000000000000000000769000000000000000000000000000000
060047890007002001291223132000000100000400000000000000000000000000000000000000000000
05004789000800200129122313210000010000007500
07004790000000200129122313460000000000000000100000000000000000
090047900001002001291223134600000000000002260006100000000304000000000000000000000000000000100000002000000000000010000000000
090047900002002001291223134600000000000002640002020000000060000000000000000000000000000000100000001990000000000010000000000
090047900003002001291223134600000000000005020000010000000100I 0000000000000000000000000000000000000100000000000060000000000
11004790000400200129122313460000090000030000000464000000046400000000000000000000000000046400000000000000
120047900005002001291223134603010000000000000000000000000000000000000000000464000000000000000000000000000000
07004791000000200129122314150000000000000000100000000000000000
090047910001002001291223141500000000000002150000010000000199000000000000000000000000000000000000000500000000000010000000000
090047910002002001291223141500000000000002150000010000000199000000000000000000000000000000000000000500000000000010000000000
090047910003002001291223141500000000000002150000010000000199000000000000000000000000000000000000000500000000000010000000000
11004791000400200129122314150000090000030000000597000000059700000000000000000000000000200000000014030000
120047910005002001291223141500000000000000000000000000000000000000000000000597000000000000000000000000000000
07004792000000200129122314390000000000000000100000000000000000
090047920001002001291223143900000000000005030000010000001499I 0100000000000000000000000000000000009000000000000080000000000
11004792000200200129122314390000090000010000001499000000149900000000000000000000000000149900000000000000
120047920003002001291223143900000000000000000000000000000000000000000000001499000000000000000000000000000000
07004793000000200129122314400000000000000000100000000000000000
090047930001002001291223144000000000000003030000010000000249000000000000000000000000000000000000000830000000000040000000000
11004793000200200129122314400000090000010000000249000000024900000000000000000000000000040000000001510000
120047930003002001291223144000000000000000000000000000000000000000000000000249000000000000000000000000000000
14004794000000200129122315140000010000000000
07004795000000200129122315150000000000000000100000000000000000
090047950001002001291223151500000000000001010005000000000350000000000000000000000000000000100000000500000000000020000000000
090047950002002001291223151500000000000001060001360000000068000000000000000000000000000000100000001500000000000020000000000
11004795000300200129122315150000090000020000000418000000041800000000000000000000000000041800000000000000
120047950004002001291223151503030000000000000000000000000000000000000000000418000000000000000000000000000000
07004796000000200129122315240000000000000000100000000000000000
090047960001002001291223152400000000000001050014400000000719000000000000000000000000000000100000000500000000000020000000000
090047960002002001291223152400000000000002040004380000000131000000000000000000000000000000100000000500000000000010000000000
090047960003002001291223152400000000000001090004720000000236000000000000000000000000000000100000001500000000000020000000000
090047960004002001291223152400000000000001290008660000000259000000000000000000000000000000100000000250000000000020000000000
11004796000500200129122315240000090000040000001345000000134500000000000000000000000000134500000000000000
120047960006002001291223152403100000000000000000000000000000000000000000001345000000000000000000000000000000
07004797000000200129122315340000000000000000100000000000000000
090047970001002001291223153400000000000003250000010000000199000000000000000000000000000000000000000790000000000040000000000
090047970002002001291223153400000000000002200000010000000799000000000000000000000000000000000000000990000000000010000000000
11004797000300200129122315340000090000020000000998000000099800000000000000000000000000099800000000000000
120047970004002001291223153403030000000000000000000000000000000000000000000998000000000000000000000000000000
07004798000000200129122315360000000000000000100000000000000000
090047980001002001291223153600000000000003190000010000000500000000000000000000000000000000000000002000000000000050000000000
11004798000200200129122315360000090000010000000500000000050000000000000000000000000000050000000000000000
120047980003002001291223153603040000000000000000000000000000000000000000000500000000000000000000000000000000
07004799000000200129122315520000000000000000100000000000000000
090047990001002001291223155200000000000002170000010000000799000000000000000000000000000000000000006500000000000010000000000
11004799000200200129122315520000090000010000000799000000079900000000000000000000000000500000000042010000
120047990003002001291223155200000000000000000000000000000000000000000000000799000000000000000000000000000000
07004800000000200129122315590000000000000000100000000000000000
090048000001002001291223155900000000000005110000010000001499I 0100000000000000000000000000000000012000000000000070000000000
11004800000200200129122315590000090000010000001499000000149900000000000000000000000001000000000085010000
120048000003002001291223155900000000000000000000000000000000000000000000001499000000000000000000000000000000
07004801000000200129122316110000000000000000100000000000000000
090048010001002001291223161100000000000001290009660000000289000000000000000000000000000000100000000250000000000020000000000
11004801000200200129122316110000090000010000000289000000028900000000000000000000000000500000000047110000
120048010003002001291223161100000000000000000000000000000000000000000000000289000000000000000000000000000000
07004802000000200129122316120000000000000000100000000000000000
090048020001002001291223161200000000000005040000010000000699I 0000000000000000000000000000000000000000000000000010000000000
11004802000200200129122316120000090000010000000699000000069900000000000000000000000000069900000000000000
120048020003002001291223161200000000000000000000000000000000000000000000000699000000000000000000000000000000
07004803000000200129122316140000000000000000100000000000000000
090048030001002001291223161400000000000001290013960000000417000000000000000000000000000000100000000250000000000020000000000
090048030002002001291223161400000000000005020000010000000100I 0000000000000000000000000000000000000100000000000060000000000
090048030003002001291223161400000000000005020000010000000100I 0000000000000000000000000000000000000100000000000060000000000
090048030004002001291223161400000000000005020000010000000100I 0000000000000000000000000000000000000100000000000060000000000
11004803000500200129122316140000090000040000000717000000071700000000000000000000000000071700000000000000
120048030006002001291223161400000000000000000000000000000000000000000000000717000000000000000000000000000000
14004804000000200129122316150000010000000000
07004805000000200129122316160000000000000000100000000000000000
090048050001002001291223161600000000000003250000010000000199000000000000000000000000000000000000000790000000000040000000000
090048050002002001291223161600000000000003250000010000000199000000000000000000000000000000000000000790000000000040000000000
090048050003002001291223161600000000000001290021840000000653000000000000000000000000000000100000000250000000000020000000000
11004805000400200129122316160000090000030000001051000000105100000000000000000000000000105100000000000000
120048050005002001291223161600000000000000000000000000000000000000000000001051000000000000000000000000000000
07004806000000200129122316160000000000000000100000000000000000
090048060001002001291223161600000000000005530000010000000200I 0100000000000000000000000000000000001000000000000090000000000
11004806000200200129122316160000090000010000000200000000020000000000000000000000000000100000000008000000
120048060003002001291223161600000000000000000000000000000000000000000000000200000000000000000000000000000000
07004807000000200129122316240000000000000000100000000000000000
090048070001002001291223162400000000000002130019140000001146000000000000000000000000000000100000001400000000000010000000000
090048070002002001291223162400000000000002200000010000000799000000000000000000000000000000000000000990000000000010000000000
11004807000300200129122316240000090000020000001945000000194500000000000000000000000000194500000000000000
120048070004002001291223162403030000000000000000000000000000000000000000001945000000000000000000000000000000
07004808000000200129122316290000000000000000100000000000000000
090048080001002001291223162900000000000005020000010000000100I 0000000000000000000000000000000000000100000000000060000000000
090048080002002001291223162900000000000005020000010000000100I 0000000000000000000000000000000000000100000000000060000000000
11004808000300200129122316290000090000020000000200000000020000000000000000000000000000020000000000000000
120048080004002001291223162903030000000000000000000000000000000000000000000200000000000000000000000000000000
07004809000000200129122316360000000000000000100000000000000000
090048090001002001291223163600000000000002140014540000000871000000000000000000000000000000100000001990000000000010000000000
090048090002002001291223163600000000000002080010280000000513000000000000000000000000000000100000000500000000000010000000000
090048090003002001291223163600000000000002110004620000000277000000000000000000000000000000100000000990000000000010000000000
11004809000400200129122316360000090000030000001661000000166100000000000000000000000000166100000000000000
120048090005002001291223163603030000000000000000000000000000000000000000001661000000000000000000000000000000
07004810000000200129122317160000000000000000100000000000000000
090048100001002001291223171600000000000001010009120000000637000000000000000000000000000000100000000500000000000020000000000
11004810000200200129122317160000090000010000000637000000063700000000000000000000000000063700000000000000
120048100003002001291223171600000000000000000000000000000000000000000000000637000000000000000000000000000000
07004811000000200129122317210000000000000000100000000000000000
090048110001002001291223172100000000000002040002600000000078000000000000000000000000000000100000000500000000000010000000000
090048110002002001291223172100000000000002070003820000000343000000000000000000000000000000100000001990000000000010000000000
11004811000300200129122317210000090000020000000421000000042100000000000000000000000000042100000000000000
120048110004002001291223172103020000000000000000000000000000000000000000000421000000000000000000000000000000
07004812000000200129122317220000000000000000100000000000000000
090048120001002001291223172200000000000001290019700000000589000000000000000000000000000000100000000250000000000020000000000
11004812000200200129122317220000090000010000000589000000058900000000000000000000000000100000000004110000
120048120003002001291223172200000000000000000000000000000000000000000000000589000000000000000000000000000000
07004813000000200129122317250000000000000000100000000000000000
090048130001002001291223172500000000000001080005560000000333000000000000000000000000000000100000001000000000000020000000000
090048130002002001291223172500000000000001090000640000000032000000000000000000000000000000100000001500000000000020000000000
090048130003002001291223172500000000000001240001560000000109000000000000000000000000000000100000001670000000000020000000000
090048130004002001291223172500000000000001290000820000000025000000000000000000000000000000100000000250000000000020000000000
11004813000500200129122317250000090000040000000499000000049900000000000000000000000000049900000000000000
120048130006002001291223172503030000000000000000000000000000000000000000000499000000000000000000000000000000
07004814000000200129122317290000000000000000100000000000000000
090048140001002001291223172900000000000002130018620000001115000000000000000000000000000000100000001400000000000010000000000
090048140002002001291223172900000000000004020000040000000400I 0300000000000000000000000000000000000230000000000030000000000
11004814000300200129122317290000090000020000001515000000151500000000000000000000000000151500000000000000
120048140004002001291223172903030000000000000000000000000000000000000000001515000000000000000000000000000000
07004815000000200129122317340000000000000000100000000000000000
090048150001002001291223173400000000000002010019240000000960000000000000000000000000000000100000000990000000000010000000000
11004815000200200129122317340000090000010000000960000000096000000000000000000000000000096000000000000000
120048150003002001291223173400000000000000000000000000000000000000000000000960000000000000000000000000000000
07004816000000200129122317460000000000000000100000000000000000
090048160001002001291223174600000000000001020011900000000475000000000000000000000000000000100000001200000000000020000000000
11004816000200200129122317460000090000010000000475000000047500000000000000000000000000060000000001250000
120048160003002001291223174600000000000000000000000000000000000000000000000475000000000000000000000000000000
07004817000000200129122317480000000000000000100000000000000000
090048170001002001291223174800000000000001020013060000000521000000000000000000000000000000100000001200000000000020000000000
11004817000200200129122317480000090000010000000521000000052100000000000000000000000000052100000000000000
120048170003002001291223174800000000000000000000000000000000000000000000000521000000000000000000000000000000
07004818000000200129122317530000000000000000100000000000000000
090048180001002001291223175300000000000005020000100000001000I 0000000000000000000000000000000000000100000000000060000000000
11004818000200200129122317530000090000010000001000000000100000000000000000000000000000100000000000000000
120048180003002001291223175300000000000000000000000000000000000000000000001000000000000000000000000000000000
07004819000000200129122317570000000000000000100000000000000000
090048190001002001291223175700000000000020700005620000000168000000000000000000000000000000100000000500000000000010000000000
11004819000200200129122317570000090000010000000168000000016800000000000000000000000000020000000000320000
120048190003002001291223175700000000000000000000000000000000000000000000000168000000000000000000000000000000
07004820000000200129122317570000000000000000100000000000000000
090048200001002001291223175700000000000020700001840000000055000000000000000000000000000000100000000500000000000010000000000
11004820000200200129122317570000090000010000000055000000005500000000000000000000000000005500000000000000
120048200003002001291223175700000000000000000000000000000000000000000000000055000000000000000000000000000000
07004821000000200129122318030000000000000000100000000000000000
090048210001002001291223180300000000000001260003880000000155000000000000000000000000000000100000000500000000000020000000000
11004821000200200129122318030000090000010000000155000000015500000000000000000000000000015500000000000000
120048210003002001291223180300000000000000000000000000000000000000000000000155000000000000000000000000000000
07004822000000200129122318110000000000000000100000000000000000
090048220001002001291223181100000000000003250000010000000199000000000000000000000000000000000000000790000000000040000000000
090048220002002001291223181100000000000005260000010000000349I 0100000000000000000000000000000000002990000000000080000000000
11004822000300200129122318110000090000020000000548000000054800000000000000000000000000100000000004520000
120048220004002001291223181100000000000000000000000000000000000000000000000548000000000000000000000000000000
07004823000000200129122318420000000000000000100000000000000000
090048230001002001291223184200000000000002220000010000000499000000000000000000000000000000000000001500000000000010000000000
090048230002002001291223184200000000000002170000010000000799000000000000000000000000000000000000006500000000000010000000000
11004823000300200129122318420000090000020000001298000000129800000000000000000000000001000000000087020000
120048230004002001291223184200000000000000000000000000000000000000000000001298000000000000000000000000000000
07004824000000200129122318540000000000000000100000000000000000
090048240001002001291223185400000000000001020006720000000268000000000000000000000000000000100000001200000000000020000000000
090048240002002001291223185400000000000002170000010000000799000000000000000000000000000000000000006500000000000010000000000
11004824000300200129122318540000090000020000001067000000106700000000000000000000000000106700000000000000
120048240004002001291223185400000000000000000000000000000000000000000000001067000000000000000000000000000000
07004825000000200129122318590000000000000000100000000000000000
090048250001002001291223185900000000000002150000040000000796000000000000000000000000000000000000000500000000000010000000000
090048250002002001291223185900000000000002010012960000000647000000000000000000000000000000100000000990000000000010000000000
090048250003002001291223185900000000000002170000010000000799000000000000000000000000000000000000006500000000000010000000000
090048250004002001291223185900000000000005020000100000001000I 0000000000000000000000000000000000000100000000000060000000000
11004825000500200129122318590000090000040000003242000000324200000000000000000000000000324200000000000000
120048250006002001291223185903090000000000000000000000000000000000000000003242000000000000000000000000000000
07004826000000200129122319000000000000000000100000000000000000
090048260001002001291223190000000000000002130016000000000958000000000000000000000000000000100000001400000000000010000000000
11004826000200200129122319000000090000010000000958000000095800000000000000000000000000100000000000420000
120048260003002001291223190000000000000000000000000000000000000000000000000958000000000000000000000000000000
07004827000000200129122319110000000000000000100000000000000000
090048270001002001291223191100000000000003250000010000000199000000000000000000000000000000000000000790000000000040000000000
090048270002002001291223191100000000000001090000820000000041000000000000000000000000000000100000001500000000000020000000000
090048270003002001291223191100000000000004020000010000000100I 0300000000000000000000000000000000000230000000000030000000000
090048270004002001291223191100000000000004020000010000000100I 0300000000000000000000000000000000000230000000000030000000000
11004827000500200129122319110000090000040000000440000000044000000000000000000000000000044000000000000000
120048270006002001291223191103020000000000000000000000000000000000000000000440000000000000000000000000000000
07004828000000200129122319120000000000000000100000000000000000
090048280001002001291223191200000000000001040010840000000975000000000000000000000000000000100000002000000000000020000000000
11004828000200200129122319120000090000010000000975000000097500000000000000000000000000097500000000000000
120048280003002001291223191200000000000000000000000000000000000000000000000975000000000000000000000000000000
07004829000000200129122319260000000000000000100000000000000000
090048290001002001291223192600000000000002130019400000001162000000000000000000000000000000100000001400000000000010000000000
090048290002002001291223192600000000000002260005580000000278000000000000000000000000000000100000002000000000000010000000000
090048290003002001291223192600000000000002010011800000000589000000000000000000000000000000100000000990000000000010000000000
090048290004002001291223192600000000000002070008360000000752000000000000000000000000000000100000001990000000000010000000000
090048290005002001291223192600000000000001080002140000000128000000000000000000000000000000100000001000000000000020000000000
090048290006002001291223192600000000000005020000050000000500I 0000000000000000000000000000000000000100000000000060000000000
11004829000700200129122319260000090000060000003409000000340900000000000000000000000000340900000000000000
120048290008002001291223192600000000000000000000000000000000000000000000003409000000000000000000000000000000
07004830000000200129122319270000000000000000100000000000000000
090048300001002001291223192700000000000002220000010000000499000000000000000000000000000000000000001500000000000010000000000
11004830000200200129122319270000090000010000000499000000049900000000000000000000000000049900000000000000
120048300003002001291223192700000000000000000000000000000000000000000000000499000000000000000000000000000000
07004831000000200129122319270000000000000000100000000000000000
090048310001002001291223192700000000000005030000010000001499I 0100000000000000000000000000000000009000000000000080000000000
11004831000200200129122319270000090000010000001499000000149900000000000000000000000000200000000005010000
120048310003002001291223192700000000000000000000000000000000000000000000001499000000000000000000000000000000
07004832000000200129122319320000000000000000100000000000000000
090048320001002001291223193200000000000001020004780000000191000000000000000000000000000000100000001200000000000020000000000
11004832000200200129122319320000090000010000000191000000019100000000000000000000000000019100000000000000
120048320003002001291223193200000000000000000000000000000000000000000000000191000000000000000000000000000000
07004833000000200129122319410000000000000000100000000000000000
090048330001002001291223194100000000000003010000010000000999000000000000000000000000000000000000006000000000000050000000000
11004833000200200129122319410000090000010000000999000000099900000000000000000000000000099900000000000000
120048330003002001291223194100000000000000000000000000000000000000000000000999000000000000000000000000000000
07004834000000200129122319450000000000000000100000000000000000
090048340001002001291223194500000000000001080012800000000767000000000000000000000000000000100000001000000000000020000000000
090048340002002001291223194500000000000001090004440000000222000000000000000000000000000000100000001500000000000020000000000
090048340003002001291223194500000000000001050009620000000480000000000000000000000000000000100000000500000000000020000000000
11004834000400200129122319450000090000030000001469000000146900000000000000000000000000146900000000000000
120048340005002001291223194503030000000000000000000000000000000000000000001469000000000000000000000000000000
07004835000000200129122319530000000000000000100000000000000000
090048350001002001291223195300000000000002040006520000000195000000000000000000000000000000100000000500000000000010000000000
11004835000200200129122319530000090000010000000195000000019500000000000000000000000000019500000000000000
120048350003002001291223195303030000000000000000000000000000000000000000000195000000000000000000000000000000
07004836000000200129122319540000000000000000100000000000000000
090048360001002001291223195400000000000001010003200000000224000000000000000000000000000000100000000500000000000020000000000
11004836000200200129122319540000090000010000000224000000022400000000000000000000000000022400000000000000
120048360003002001291223195403040000000000000000000000000000000000000000000224000000000000000000000000000000
07004837000000200129122320040000000000000000100000000000000000
090048370001002001291223200400000000000002040002440000000073000000000000000000000000000000100000000500000000000010000000000
090048370002002001291223200400000000000001080007240000000434000000000000000000000000000000100000001000000000000020000000000
11004837000300200129122320040000090000020000000507000000050700000000000000000000000000050700000000000000
120048370004002001291223200400000000000000000000000000000000000000000000000507000000000000000000000000000000
07004838000000200129122320080000000000000000100000000000000000
090048380001002001291223200800000000000002330006440000001931000000000000000000000000000000100000004990000000000010000000000
11004838000200200129122320080000090000010000001931000000193100000000000000000000000000193100000000000000
120048380003002001291223200803030000000000000000000000000000000000000000001931000000000000000000000000000000
07004839000000200129122320210000000000000000100000000000000000
090048390001002001291223202100000000000002340005380000000161000000000000000000000000000000100000000500000000000010000000000
090048390002002001291223202100000000000002030018080000001806000000000000000000000000000000100000002990000000000010000000000
090048390003002001291223202100000000000002020005300000000423000000000000000000000000000000100000001990000000000010000000000
11004839000400200129122320210000090000030000002390000000239000000000000000000000000000239000000000000000
120048390005002001291223202103030000000000000000000000000000000000000000002390000000000000000000000000000000
07004840000000200129122320220000000000000000100000000000000000
090048400001002001291223202200000000000002070006220000000559000000000000000000000000000000100000001990000000000010000000000
11004840000200200129122320220000090000010000000559000000055900000000000000000000000000100000000004410000
120048400003002001291223202200000000000000000000000000000000000000000000000559000000000000000000000000000000
07004841000000200129122320320000000000000000100000000000000000
090048410001002001291223203200000000000002030014320000001431000000000000000000000000000000100000002990000000000010000000000
11004841000200200129122320320000090000010000001431000000143100000000000000000000000000143100000000000000
120048410003002001291223203203020000000000000000000000000000000000000000001431000000000000000000000000000000
07004842000000200129122320330000000000000000100000000000000000
090048420001002001291223203300000000000001240004240000000296000000000000000000000000000000100000001670000000000020000000000
11004842000200200129122320330000090000010000000296000000029600000000000000000000000000040000000001040000
120048420003002001291223203300000000000000000000000000000000000000000000000296000000000000000000000000000000
07004843000000200129122320370000000000000000100000000000000000
090048430001002001291223203700000000000001040008320000000748000000000000000000000000000000100000002000000000000020000000000
11004843000200200129122320370000090000010000000748000000074800000000000000000000000000074800000000000000
120048430003002001291223203700000000000000000000000000000000000000000000000748000000000000000000000000000000
07004844000000200129122320390000000000000000100000000000000000
090048440001002001291223203900000000000002040001800000000054000000000000000000000000000000100000000500000000000010000000000
090048440002002001291223203900000000000001040001480000000133000000000000000000000000000000100000002000000000000020000000000
11004844000300200129122320390000090000020000000187000000018700000000000000000000000000020000000000130000
120048440004002001291223203900000000000000000000000000000000000000000000000187000000000000000000000000000000
07004845000000200129122320410000000000000000100000000000000000
090048450001002001291223204100000000000005030000010000001499I 0100000000000000000000000000000000009000000000000080000000000
11004845000200200129122320410000090000010000001499000000149900000000000000000000000000200000000005010000
120048450003002001291223204100000000000000000000000000000000000000000000001499000000000000000000000000000000
07004846000000200129122320490000000000000000100000000000000000
090048460001002001291223204900000000000002170000010000000799000000000000000000000000000000000000006500000000000010000000000
11004846000200200129122320490000090000010000000799000000079900000000000000000000000000100000000002010000
120048460003002001291223204900000000000000000000000000000000000000000000000799000000000000000000000000000000
07004847000000200129122321020000000000000000100000000000000000
090048470001002001291223210200000000000002170000010000000799000000000000000000000000000000000000006500000000000010000000000
090048470002002001291223210200000000000005020000050000000500I 0000000000000000000000000000000000000100000000000060000000000
11004847000300200129122321020000090000020000001299000000129900000000000000000000000000129900000000000000
120048470004002001291223210200000000000000000000000000000000000000000000001299000000000000000000000000000000
060048470005002001291223210300000100000300000000000000000000000000000000000000000000
0400484800000020012912232104000001004721004848000000057864000000000593611729122300001302640000000000000000000000000183480001000000000000000000000000000000000000000000000000000000000000000000000000000000001234567890AB        
