01000953000000200104122307040000010000000100000000011144001.82G5E   1234567890AB        Generica            
02000953000100200104122307040000010000050000000000
07000954000000200104122307080000000000000000100000000000000000
090009540001002001041223070800000000000001010005980000000358000000000000000000000000000000100000000500000000000020000000000
090009540002002001041223070800000000000001160008360000000334000000000000000000000000000000100000000670000000000020000000000
090009540003002001041223070800000000000001060004040000000202000000000000000000000000000000100000001500000000000020000000000
090009540004002001041223070800000000000001270004120000000329000000000000000000000000000000100000000250000000000020000000000
090009540005002001041223070800000000000001120003780000000264000000000000000000000000000000100000001000000000000020000000000
090009540006002001041223070800000000000011000006520000000228000000000000000000000000000000100000000990000000000020000000000
090009540007002001041223070800000000000001040004820000000385000000000000000000000000000000100000002000000000000020000000000
090009540008002001041223070800000000000003250000010000000199000000000000000000000000000000000000000790000000000040000000000
090009540009002001041223070800000000000001070002020000000505000000000000000000000000000000100000005000000000000020000000000
090009540010002001041223070800000000000001080004580000000229000000000000000000000000000000100000001000000000000020000000000
11000954001100200104122307080000050000100000003033000000303300000000000000000000000000303300000000000000
120009540012002001041223070800000000000000000000000000000000000000000000003033000000000000000000000000000000
07000955000000200104122307090000000000000000100000000000000000
090009550001002001041223070900000000000002070011400000000911000000000000000000000000000000100000001990000000000010000000000
11000955000200200104122307090000050000010000000911000000091100000000000000000000000000091100000000000000
120009550003002001041223070900000000000000000000000000000000000000000000000911000000000000000000000000000000
07000956000000200104122307260000000000000000100000000000000000
090009560001002001041223072600000000000001290011920000000237000000000000000000000000000000100000000250000000000020000000000
090009560002002001041223072600000000000001050010780000000538000000000000000000000000000000100000000500000000000020000000000
11000956000300200104122307260000050000020000000775000000077500000000000000000000000000077500000000000000
120009560004002001041223072603090000000000000000000000000000000000000000000775000000000000000000000000000000
07000957000000200104122307420000000000000000100000000000000000
090009570001002001041223074200000000000001220022820000001139000000000000000000000000000000100000001500000000000020000000000
090009570002002001041223074200000000000005020000010000000100I 0000000000000000000000000000000000000100000000000060000000000
090009570003002001041223074200000000000001020014040000000560000000000000000000000000000000100000001200000000000020000000000
11000957000400200104122307420000050000030000001799000000179900000000000000000000000000179900000000000000
120009570005002001041223074200000000000000000000000000000000000000000000001799000000000000000000000000000000
07000958000000200104122308010000000000000000100000000000000000
090009580001002001041223080100000000000001020019500000000778000000000000000000000000000000100000001200000000000020000000000
090009580002002001041223080100000000000003250000020000000398000000000000000000000000000000000000000790000000000040000000000
11000958000300200104122308010000050000020000001176000000117600000000000000000000000000117600000000000000
120009580004002001041223080103010000000000000000000000000000000000000000001176000000000000000000000000000000
100009580005002001041223081051000000000000003500000033190000000000000009000005
130009580000002001041223081000000000000000090000000000000035000000000000331900000000000000003319
0300095800010020010412230813000001000005
02000958000200200104122308130000010000090000000000
07000959000000200104122308200000000000000000100000000000000000
090009590001002001041223082000000000000001010017360000001040000000000000000000000000000000100000000500000000000020000000000
090009590002002001041223082000000000000001250008160000000326I 0000000000000000000000000000100000000530000000000020000000000
090009590003002001041223082000000000000001050010540000000526000000000000000000000000000000100000000500000000000020000000000
11000959000400200104122308200000090000030000001892000000189200000000000000000000000000189200000000000000
120009590005002001041223082003010000000000000000000000000000000000000000001892000000000000000000000000000000
07000960000000200104122308480000000000000000100000000000000000
090009600001002001041223084800000000000001070004760000001190000000000000000000000000000000100000005000000000000020000000000
090009600002002001041223084800000000000001040005080000000406000000000000000000000000000000100000002000000000000020000000000
11000960000300200104122308480000090000020000001596000000159600000000000000000000000000159600000000000000
120009600004002001041223084803050000000000000000000000000000000000000000001596000000000000000000000000000000
07000961000000200104122308490000000000000000100000000000000000
090009610001002001041223084900000000000001050004100000000205000000000000000000000000000000100000000500000000000020000000000
090009610002002001041223084900000000000001290003900000000078000000000000000000000000000000100000000250000000000020000000000
090009610003002001041223084900000000000003250000010000000199000000000000000000000000000000000000000790000000000040000000000
11000961000400200104122308490000090000030000000482000000048200000000000000000000000000048200000000000000
120009610005002001041223084900000000000000000000000000000000000000000000000482000000000000000000000000000000
07000962000000200104122309050000000000000000100000000000000000
090009620001002001041223090500000000000001290010440000000208000000000000000000000000000000100000000250000000000020000000000
11000962000200200104122309050000090000010000000208000000020800000000000000000000000000020800000000000000
120009620003002001041223090500000000000000000000000000000000000000000000000208000000000000000000000000000000
14000963000000200104122309070000010000000000
07000964000000200104122309070000000000000000100000000000000000
090009640001002001041223090700000000000002040001000000000025000000000000000000000000000000100000000500000000000010000000000
11000964000200200104122309070000090000010000000025000000002500000000000000000000000000002500000000000000
120009640003002001041223090700000000000000000000000000000000000000000000000025000000000000000000000000000000
07000965000000200104122309070000000000000000100000000000000000
090009650001002001041223090700000000000002190000010000000500000000000000000000000000000000000000002250000000000010000000000
090009650002002001041223090700000000000002150000030000000597000000000000000000000000000000000000000500000000000010000000000
11000965000300200104122309070000090000020000001097000000109700000000000000000000000000109700000000000000
120009650004002001041223090700000000000000000000000000000000000000000000001097000000000000000000000000000000
07000966000000200104122309090000000000000000100000000000000000
090009660001002001041223090900000000000003250000070000001393000000000000000000000000000000000000000790000000000040000000000
090009660002002001041223090900000000000002040014640000000365000000000000000000000000000000100000000500000000000010000000000
11000966000300200104122309090000090000020000001758000000175800000000000000000000000000175800000000000000
120009660004002001041223090903110000000000000000000000000000000000000000001758000000000000000000000000000000
07000967000000200104122309100000000000000000100000000000000000
090009670001002001041223091000000000000001290005320000000106000000000000000000000000000000100000000250000000000020000000000
090009670002002001041223091000000000000003250000020000000398000000000000000000000000000000000000000790000000000040000000000
17000967000300200104122309100000000000000324
090009670004002001041223091000000000000001050006500000000324000000000000000000000000000000100000000500000000000020000000000
11000967000500200104122309100000090000030000000828000000082800000000000000000000000000500000000041720000
120009670006002001041223091000000000000000000000000000000000000000000000000828000000000000000000000000000000
07000968000000200104122309110000000000000000100000000000000000
090009680001002001041223091100000000000001020034720000001385000000000000000000000000000000100000001200000000000020000000000
090009680002002001041223091100000000000005550000010000000399I 0100000000000000000000000000000000001500000000000090000000000
090009680003002001041223091100000000000005020000030000000300I 0000000000000000000000000000000000000100000000000060000000000
11000968000400200104122309110000090000030000002084000000208400000000000000000000000000208400000000000000
120009680005002001041223091100000000000000000000000000000000000000000000002084000000000000000000000000000000
07000969000000200104122309130000000000000000100000000000000000
090009690001002001041223091300000000000003250000010000000199000000000000000000000000000000000000000790000000000040000000000
090009690002002001041223091300000000000001290002940000000059000000000000000000000000000000100000000250000000000020000000000
090009690003002001041223091300000000000002040002580000000064000000000000000000000000000000100000000500000000000010000000000
090009690004002001041223091300000000000001040003700000000296000000000000000000000000000000100000002000000000000020000000000
11000969000500200104122309130000090000040000000618000000061800000000000000000000000000100000000003820000
120009690006002001041223091300000000000000000000000000000000000000000000000618000000000000000000000000000000
07000970000000200104122309180000000000000000100000000000000000
090009700001002001041223091800000000000003250000030000000597000000000000000000000000000000000000000790000000000040000000000
11000970000200200104122309180000090000010000000597000000059700000000000000000000000000059700000000000000
120009700003002001041223091800000000000000000000000000000000000000000000000597000000000000000000000000000000
07000971000000200104122309230000000000000000100000000000000000
090009710001002001041223092300000000000003250000030000000597000000000000000000000000000000000000000790000000000040000000000
11000971000200200104122309230000090000010000000597000000059700000000000000000000000000059700000000000000
120009710003002001041223092300000000000000000000000000000000000000000000000597000000000000000000000000000000
07000972000000200104122309280000000000000000100000000000000000
090009720001002001041223092800000000000003250000020000000398000000000000000000000000000000000000000790000000000040000000000
11000972000200200104122309280000090000010000000398000000039800000000000000000000000000039800000000000000
120009720003002001041223092800000000000000000000000000000000000000000000000398000000000000000000000000000000
07000973000000200104122309310000000000000000100000000000000000
090009730001002001041223093100000000000001290011900000000237000000000000000000000000000000100000000250000000000020000000000
11000973000200200104122309310000090000010000000237000000023700000000000000000000000000023700000000000000
120009730003002001041223093100000000000000000000000000000000000000000000000237000000000000000000000000000000
07000974000000200104122309310000000000000000100000000000000000
090009740001002001041223093100000000000002170000010000000799000000000000000000000000000000000000006500000000000010000000000
11000974000200200104122309310000090000010000000799000000079900000000000000000000000000079900000000000000
120009740003002001041223093100000000000000000000000000000000000000000000000799000000000000000000000000000000
07000975000000200104122309440000000000000000100000000000000000
090009750001002001041223094400000000000003200000010000002299000000000000000000000000000000000000000000000000000050000000000
11000975000200200104122309440000090000010000002299000000229900000000000000000000000000229900000000000000
120009750003002001041223094402010000000000000000000000000000000000040000002299000000000000000000000000000000
100009750004002001041223094401000000000000000400000022990000000000001095000009
100009750005002001041223095451000000000000001000000478470000000000000064000009
130009750000002001041223095500000000000000640000000000000010000000000004784700000000000000047847
07000976000000200104122310010000000000000000100000000000000000
090009760001002001041223100100000000000002010006140000000306000000000000000000000000000000100000000990000000000010000000000
090009760002002001041223100100000000000002110004100000000287000000000000000000000000000000100000000990000000000010000000000
090009760003002001041223100100000000000005020000020000000200I 0000000000000000000000000000000000000100000000000060000000000
11000976000400200104122310010000090000030000000793000000079300000000000000000000000000079300000000000000
120009760005002001041223100100000000000000000000000000000000000000000000000793000000000000000000000000000000
07000977000000200104122310130000000000000000100000000000000000
090009770001002001041223101300000000000001050002680000000134000000000000000000000000000000100000000500000000000020000000000
090009770002002001041223101300000000000001290002300000000046000000000000000000000000000000100000000250000000000020000000000
090009770003002001041223101300000000000005260000010000000349I 0100000000000000000000000000000000002990000000000080000000000
090009770004002001041223101300000000000002080001540000000092000000000000000000000000000000100000000500000000000010000000000
090009770005002001041223101300000000000002070000920000000074000000000000000000000000000000100000001990000000000010000000000
11000977000600200104122310130000090000050000000695000000069500000000000000000000000000069500000000000000
120009770007002001041223101300000000000000000000000000000000000000000000000695000000000000000000000000000000
07000978000000200104122310170000000000000000100000000000000000
090009780001002001041223101700000000000001170002860000000143000000000000000000000000000000100000001000000000000020000000000
090009780002002001041223101700000000000003250000010000000199000000000000000000000000000000000000000790000000000040000000000
090009780003002001041223101700000000000005020000020000000200I 0000000000000000000000000000000000000100000000000060000000000
090009780004002001041223101700000000000001060002000000000100000000000000000000000000000000100000001500000000000020000000000
090009780005002001041223101700000000000001050003740000000187000000000000000000000000000000100000000500000000000020000000000
090009780006002001041223101700000000000011000002120000000074000000000000000000000000000000100000000990000000000020000000000
090009780007002001041223101700000000000001070000620000000155000000000000000000000000000000100000005000000000000020000000000
11000978000800200104122310170000090000070000001058000000105800000000000000000000000000105800000000000000
120009780009002001041223101700000000000000000000000000000000000000000000001058000000000000000000000000000000
14000979000000200104122310190000010000000000
14000980000000200104122310190000010000000000
07000981000000200104122310190000000000000000100000000000000000
090009810001002001041223101900000000000001010003340000000200000000000000000000000000000000100000000500000000000020000000000
090009810002002001041223101900000000000001110001540000000046000000000000000000000000000000100000001990000000000020000000000
090009810003002001041223101900000000000001010001140000000068000000000000000000000000000000100000000500000000000020000000000
11000981000400200104122310190000090000030000000314000000031400000000000000000000000000031400000000000000
120009810005002001041223101903010000000000000000000000000000000000000000000314000000000000000000000000000000
07000982000000200104122310200000000000000000100000000000000000
090009820001002001041223102000000000000003010000010000000999000000000000000000000000000000000000006000000000000050000000000
11000982000200200104122310200000090000010000000999000000099900000000000000000000000000099900000000000000
120009820003002001041223102003010000000000000000000000000000000000000000000999000000000000000000000000000000
07000983000000200104122310290000000000000000100000000000000000
090009830001002001041223102900000000000011000018300000000639000000000000000000000000000000100000000990000000000020000000000
090009830002002001041223102900000000000002260045020000001346000000000000000000000000000000100000002000000000000010000000000
090009830003002001041223102900000000000001050014260000000712000000000000000000000000000000100000000500000000000020000000000
11000983000400200104122310290000090000030000002697000000269700000000000000000000000001000000000073030000
120009830005002001041223102900000000000000000000000000000000000000000000002697000000000000000000000000000000
14000984000000200104122310330000010000000000
07000985000000200104122310340000000000000000100000000000000000
090009850001002001041223103400000000000020800010100000000201000000000000000000000000000000100000000990000000000010000000000
11000985000200200104122310340000090000010000000201000000020100000000000000000000000000020100000000000000
120009850003002001041223103400000000000000000000000000000000000000000000000201000000000000000000000000000000
07000986000000200104122310390000000000000000100000000000000000
090009860001002001041223103900000000000002290000010000000799000000000000000000000000000000000000002500000000000010000000000
090009860002002001041223103900000000000002240007600000000379000000000000000000000000000000100000001500000000000010000000000
090009860003002001041223103900000000000002250007960000000238000000000000000000000000000000100000002670000000000010000000000
090009860004002001041223103900000000000002220000010000000499000000000000000000000000000000000000001500000000000010000000000
090009860005002001041223103900000000000001150001840000000147000000000000000000000000000000100000001000000000000020000000000
11000986000600200104122310390000090000050000002062000000206200000000000000000000000000206200000000000000
120009860007002001041223103903010000000000000000000000000000000000000000002062000000000000000000000000000000
07000987000000200104122310410000000000000000100000000000000000
090009870001002001041223104100000000000005530000010000000200I 0100000000000000000000000000000000001000000000000090000000000
090009870002002001041223104100000000000002190000020000001000000000000000000000000000000000000000002250000000000010000000000
090009870003002001041223104100000000000003010000010000000999000000000000000000000000000000000000006000000000000050000000000
090009870004002001041223104100000000000002030010700000000855000000000000000000000000000000100000002990000000000010000000000
090009870005002001041223104100000000000002250007060000000211000000000000000000000000000000100000002670000000000010000000000
090009870006002001041223104100000000000002270007380000001328000000000000000000000000000000100000003990000000000010000000000
090009870007002001041223104100000000000002090004580000000595000000000000000000000000000000100000004720000000000010000000000
090009870008002001041223104100000000000002070011640000000930000000000000000000000000000000100000001990000000000010000000000
11000987000900200104122310410000090000080000006118000000611800000000000000000000000000611800000000000000
120009870010002001041223104103100000000000000000000000000000000000000000006118000000000000000000000000000000
07000988000000200104122310420000000000000000100000000000000000
090009880001002001041223104200000000000002130016240000000648000000000000000000000000000000100000001400000000000010000000000
11000988000200200104122310420000090000010000000648000000064800000000000000000000000000064800000000000000
120009880003002001041223104203010000000000000000000000000000000000000000000648000000000000000000000000000000
07000989000000200104122310460000000000000000100000000000000000
090009890001002001041223104600000000000005080000020000004798I 0100000000000000000000000000000000019000000000000070000000000
11000989000200200104122310460000090000010000004798000000479800000000000000000000000000479800000000000000
120009890003002001041223104600000000000000000000000000000000000000000000004798000000000000000000000000000000
07000990000000200104122310560000000000000000100000000000000000
090009900001002001041223105600000000000002070017400000001390000000000000000000000000000000100000001990000000000010000000000
090009900002002001041223105600000000000001250010340000000413I 0000000000000000000000000000100000000530000000000020000000000
11000990000300200104122310560000090000020000001803000000180300000000000000000000000000180300000000000000
120009900004002001041223105600000000000000000000000000000000000000000000001803000000000000000000000000000000
07000991000000200104122311090000000000000000100000000000000000
090009910001002001041223110900000000000011000014640000000511000000000000000000000000000000100000000990000000000020000000000
090009910002002001041223110900000000000003190000010000000500000000000000000000000000000000000000002000000000000050000000000
11000991000300200104122311090000090000020000001011000000101100000000000000000000000000101100000000000000
120009910004002001041223110900000000000000000000000000000000000000000000001011000000000000000000000000000000
07000992000000200104122311100000000000000000100000000000000000
090009920001002001041223111000000000000002260007580000000227000000000000000000000000000000100000002000000000000010000000000
11000992000200200104122311100000090000010000000227000000022700000000000000000000000000022700000000000000
120009920003002001041223111002010000000000000000000000000000000000050000000227000000000000000000000000000000
100009920004002001041223111001000000000000000500000002270000000000000425000009
07000993000000200104122311180000000000000000100000000000000000
090009930001002001041223111800000000000002270002280000000410000000000000000000000000000000100000003990000000000010000000000
090009930002002001041223111800000000000003250000040000000796000000000000000000000000000000000000000790000000000040000000000
11000993000300200104122311180000090000020000001206000000120600000000000000000000000000120600000000000000
120009930004002001041223111803050000000000000000000000000000000000000000001206000000000000000000000000000000
07000994000000200104122311190000000000000000100000000000000000
090009940001002001041223111900000000000011000002800000000098000000000000000000000000000000100000000990000000000020000000000
090009940002002001041223111900000000000001060001260000000063000000000000000000000000000000100000001500000000000020000000000
17000994000300200104122311190000000000000382
090009940004002001041223111900000000000005240000020000000998I 0100000000000000000000000000000000003000000000000080000000000
090009940005002001041223111900000000000002080005460000000327000000000000000000000000000000100000000500000000000010000000000
11000994000600200104122311190000090000040000001486000000148600000000000000000000000000148600000000000000
120009940007002001041223111903010000000000000000000000000000000000000000001486000000000000000000000000000000
07000995000000200104122311220000000000000000100000000000000000
090009950001002001041223112200000000000001080001420000000071000000000000000000000000000000100000001000000000000020000000000
090009950002002001041223112200000000000001040000980000000078000000000000000000000000000000100000002000000000000020000000000
090009950003002001041223112200000000000003250000010000000199000000000000000000000000000000000000000790000000000040000000000
11000995000400200104122311220000090000030000000348000000034800000000000000000000000000034800000000000000
120009950005002001041223112203100000000000000000000000000000000000000000000348000000000000000000000000000000
14000996000000200104122311230000010000000000
07000997000000200104122311250000000000000000100000000000000000
090009970001002001041223112500000000000001070001300000000325000000000000000000000000000000100000005000000000000020000000000
090009970002002001041223112500000000000003250000020000000398000000000000000000000000000000000000000790000000000040000000000
090009970003002001041223112500000000000001010007200000000431000000000000000000000000000000100000000500000000000020000000000
11000997000400200104122311250000090000030000001154000000115400000000000000000000000000200000000008460000
120009970005002001041223112500000000000000000000000000000000000000000000001154000000000000000000000000000000
07000998000000200104122311310000000000000000100000000000000000
090009980001002001041223113100000000000002040001620000000040000000000000000000000000000000100000000500000000000010000000000
11000998000200200104122311310000090000010000000040000000004000000000000000000000000000004000000000000000
120009980003002001041223113100000000000000000000000000000000000000000000000040000000000000000000000000000000
07000999000000200104122311400000000000000000100000000000000000
090009990001002001041223114000000000000002040017060000000425000000000000000000000000000000100000000500000000000010000000000
090009990002002001041223114000000000000002110006300000000440000000000000000000000000000000100000000990000000000010000000000
090009990003002001041223114000000000000002150000020000000398000000000000000000000000000000000000000500000000000010000000000
090009990004002001041223114000000000000003250000010000000199000000000000000000000000000000000000000790000000000040000000000
090009990005002001041223114000000000000001130012820000000512000000000000000000000000000000100000001500000000000020000000000
11000999000600200104122311400000090000050000001974000000197400000000000000000000000000197400000000000000
120009990007002001041223114000000000000000000000000000000000000000000000001974000000000000000000000000000000
07001000000000200104122311400000000000000000100000000000000000
090010000001002001041223114000000000000001140004000000000440000000000000000000000000000000100000000500000000000020000000000
11001000000200200104122311400000090000010000000440000000044000000000000000000000000000044000000000000000
120010000003002001041223114000000000000000000000000000000000000000000000000440000000000000000000000000000000
07001001000000200104122311410000000000000000100000000000000000
090010010001002001041223114100000000000002130020330000000812000000000000000000000000000000100000001400000000000010000000000
11001001000200200104122311410000090000010000000812000000081200000000000000000000000000100000000001880000
120010010003002001041223114100000000000000000000000000000000000000000000000812000000000000000000000000000000
07001002000000200104122311510000000000000000100000000000000000
090010020001002001041223115100000000000002260019980000000597000000000000000000000000000000100000002000000000000010000000000
090010020002002001041223115100000000000002260019040000000569000000000000000000000000000000100000002000000000000010000000000
11001002000300200104122311510000090000020000001166000000116600000000000000000000000000500000000038340000
120010020004002001041223115100000000000000000000000000000000000000000000001166000000000000000000000000000000
07001003000000200104122311530000000000000000100000000000000000
090010030001002001041223115300000000000003250000010000000199000000000000000000000000000000000000000790000000000040000000000
090010030002002001041223115300000000000001290003500000000070000000000000000000000000000000100000000250000000000020000000000
090010030003002001041223115300000000000001040001080000000086000000000000000000000000000000100000002000000000000020000000000
11001003000400200104122311530000090000030000000355000000035500000000000000000000000000200000000016450000
120010030005002001041223115300000000000000000000000000000000000000000000000355000000000000000000000000000000
07001004000000200104122311540000000000000000100000000000000000
090010040001002001041223115400000000000001070000320000000080000000000000000000000000000000100000005000000000000020000000000
11001004000200200104122311540000090000010000000080000000008000000000000000000000000000008000000000000000
120010040003002001041223115400000000000000000000000000000000000000000000000080000000000000000000000000000000
07001005000000200104122312020000000000000000100000000000000000
090010050001002001041223120200000000000001140005740000000631000000000000000000000000000000100000000500000000000020000000000
11001005000200200104122312020000090000010000000631000000063100000000000000000000000000063100000000000000
120010050003002001041223120200000000000000000000000000000000000000000000000631000000000000000000000000000000
07001006000000200104122312030000000000000000100000000000000000
090010060001002001041223120300000000000001130013080000000522000000000000000000000000000000100000001500000000000020000000000
11001006000200200104122312030000090000010000000522000000052200000000000000000000000000052200000000000000
120010060003002001041223120303010000000000000000000000000000000000000000000522000000000000000000000000000000
07001007000000200104122312050000000000000000100000000000000000
090010070001002001041223120500000000000003250000010000000199000000000000000000000000000000000000000790000000000040000000000
090010070002002001041223120500000000000001080006040000000301000000000000000000000000000000100000001000000000000020000000000
090010070003002001041223120500000000000001040005040000000403000000000000000000000000000000100000002000000000000020000000000
090010070004002001041223120500000000000001090001140000000068000000000000000000000000000000100000001500000000000020000000000
11001007000500200104122312050000090000040000000971000000097100000000000000000000000000097100000000000000
120010070006002001041223120503010000000000000000000000000000000000000000000971000000000000000000000000000000
07001008000000200104122312060000000000000000100000000000000000
090010080001002001041223120600000000000002080011260000000674000000000000000000000000000000100000000500000000000010000000000
090010080002002001041223120600000000000001250005940000000237I 0000000000000000000000000000100000000530000000000020000000000
090010080003002001041223120600000000000002040002920000000073000000000000000000000000000000100000000500000000000010000000000
090010080004002001041223120600000000000002150000050000000995000000000000000000000000000000000000000500000000000010000000000
11001008000500200104122312060000090000040000001979000000197900000000000000000000000001000000000080210000
120010080006002001041223120600000000000000000000000000000000000000000000001979000000000000000000000000000000
07001009000000200104122312110000000000000000100000000000000000
090010090001002001041223121100000000000003250000020000000398000000000000000000000000000000000000000790000000000040000000000
090010090002002001041223121100000000000001250005520000000220I 0000000000000000000000000000100000000530000000000020000000000
11001009000300200104122312110000090000020000000618000000061800000000000000000000000000200000000013820000
120010090004002001041223121100000000000000000000000000000000000000000000000618000000000000000000000000000000
07001010000000200104122312120000000000000000100000000000000000
090010100001002001041223121200000000000003190000010000000500000000000000000000000000000000000000002000000000000050000000000
11001010000200200104122312120000090000010000000500000000050000000000000000000000000000050000000000000000
120010100003002001041223121200000000000000000000000000000000000000000000000500000000000000000000000000000000
07001011000000200104122312160000000000000000100000000000000000
090010110001002001041223121600000000000003250000010000000199000000000000000000000000000000000000000790000000000040000000000
090010110002002001041223121600000000000001290005940000000118000000000000000000000000000000100000000250000000000020000000000
090010110003002001041223121600000000000001050005360000000267000000000000000000000000000000100000000500000000000020000000000
090010110004002001041223121600000000000002250004520000000135000000000000000000000000000000100000002670000000000010000000000
11001011000500200104122312160000090000040000000719000000071900000000000000000000000000100000000002810000
120010110006002001041223121600000000000000000000000000000000000000000000000719000000000000000000000000000000
07001012000000200104122312180000000000000000100000000000000000
090010120001002001041223121800000000000002220000020000000998000000000000000000000000000000000000001500000000000010000000000
11001012000200200104122312180000090000010000000998000000099800000000000000000000000000099800000000000000
120010120003002001041223121803010000000000000000000000000000000000000000000998000000000000000000000000000000
07001013000000200104122312200000000000000000100000000000000000
090010130001002001041223122000000000000001020026240000001047000000000000000000000000000000100000001200000000000020000000000
11001013000200200104122312200000090000010000001047000000104700000000000000000000000000104700000000000000
120010130003002001041223122003100000000000000000000000000000000000000000001047000000000000000000000000000000
07001014000000200104122312280000000000000000100000000000000000
090010140001002001041223122800000000000001260004360000000261000000000000000000000000000000100000000500000000000020000000000
11001014000200200104122312280000090000010000000261000000026100000000000000000000000000026100000000000000
120010140003002001041223122800000000000000000000000000000000000000000000000261000000000000000000000000000000
07001015000000200104122312350000000000000000100000000000000000
090010150001002001041223123500000000000003250000010000000199000000000000000000000000000000000000000790000000000040000000000
11001015000200200104122312350000090000010000000199000000019900000000000000000000000000019900000000000000
120010150003002001041223123503010000000000000000000000000000000000000000000199000000000000000000000000000000
07001016000000200104122312440000000000000000100000000000000000
090010160001002001041223124400000000000001290009640000000192000000000000000000000000000000100000000250000000000020000000000
090010160002002001041223124400000000000003250000010000000199000000000000000000000000000000000000000790000000000040000000000
090010160003002001041223124400000000000002260035060000001048000000000000000000000000000000100000002000000000000010000000000
090010160004002001041223124400000000000002360000010000000799000000000000000000000000000000000000003500000000000010000000000
11001016000500200104122312440000090000040000002238000000223800000000000000000000000000223800000000000000
120010160006002001041223124400000000000000000000000000000000000000000000002238000000000000000000000000000000
07001017000000200104122312520000000000000000100000000000000000
090010170001002001041223125200000000000001020011120000000444000000000000000000000000000000100000001200000000000020000000000
11001017000200200104122312520000090000010000000444000000044400000000000000000000000000044400000000000000
120010170003002001041223125202010000000000000000000000000000000000040000000444000000000000000000000000000000
100010170004002001041223125201000000000000000400000004440000000000001096000009
07001018000000200104122313110000000000000000100000000000000000
090010180001002001041223131100000000000002040003260000000081000000000000000000000000000000100000000500000000000010000000000
090010180002002001041223131100000000000001070001360000000340000000000000000000000000000000100000005000000000000020000000000
11001018000300200104122313110000090000020000000421000000042100000000000000000000000000042100000000000000
120010180004002001041223131100000000000000000000000000000000000000000000000421000000000000000000000000000000
07001019000000200104122313220000000000000000100000000000000000
090010190001002001041223132200000000000001180001280000000077000000000000000000000000000000100000001000000000000020000000000
090010190002002001041223132200000000000001160009160000000365000000000000000000000000000000100000000670000000000020000000000
11001019000300200104122313220000090000020000000442000000044200000000000000000000000000044200000000000000
120010190004002001041223132200000000000000000000000000000000000000000000000442000000000000000000000000000000
07001020000000200104122313230000000000000000100000000000000000
090010200001002001041223132300000000000001040001260000000101000000000000000000000000000000100000002000000000000020000000000
090010200002002001041223132300000000000001070001440000000360000000000000000000000000000000100000005000000000000020000000000
11001020000300200104122313230000090000020000000461000000046100000000000000000000000000046100000000000000
120010200004002001041223132300000000000000000000000000000000000000000000000461000000000000000000000000000000
07001021000000200104122313240000000000000000100000000000000000
090010210001002001041223132400000000000002040010660000000265000000000000000000000000000000100000000500000000000010000000000
11001021000200200104122313240000090000010000000265000000026500000000000000000000000000026500000000000000
120010210003002001041223132403010000000000000000000000000000000000000000000265000000000000000000000000000000
07001022000000200104122313270000000000000000100000000000000000
090010220001002001041223132700000000000003250000010000000199000000000000000000000000000000000000000790000000000040000000000
090010220002002001041223132700000000000001020006580000000263000000000000000000000000000000100000001200000000000020000000000
11001022000300200104122313270000090000020000000462000000046200000000000000000000000000046200000000000000
120010220004002001041223132703010000000000000000000000000000000000000000000462000000000000000000000000000000
07001023000000200104122313300000000000000000100000000000000000
090010230001002001041223133000000000000002070010580000000845000000000000000000000000000000100000001990000000000010000000000
090010230002002001041223133000000000000001040005140000000411000000000000000000000000000000100000002000000000000020000000000
090010230003002001041223133000000000000001080009380000000468000000000000000000000000000000100000001000000000000020000000000
090010230004002001041223133000000000000001180003420000000205000000000000000000000000000000100000001000000000000020000000000
090010230005002001041223133000000000000002130018500000000738000000000000000000000000000000100000001400000000000010000000000
11001023000600200104122313300000090000050000002667000000266700000000000000000000000000266700000000000000
120010230007002001041223133002010000000000000000000000000000000000010000002667000000000000000000000000000000
100010230008002001041223133001000000000000000100000026670000000000000479000009
07001024000000200104122313340000000000000000100000000000000000
090010240001002001041223133400000000000001260014580000000873000000000000000000000000000000100000000500000000000020000000000
090010240002002001041223133400000000000001080020700000001033000000000000000000000000000000100000001000000000000020000000000
090010240003002001041223133400000000000001060017840000000890000000000000000000000000000000100000001500000000000020000000000
090010240004002001041223133400000000000002150000030000000597000000000000000000000000000000000000000500000000000010000000000
11001024000500200104122313340000090000040000003393000000339300000000000000000000000000400000000006070000
120010240006002001041223133400000000000000000000000000000000000000000000003393000000000000000000000000000000
060010240007002001041223134400000100000450000000000000000000000000000000000000000000
07001025000000200104122313570000000000000000100000000000000000
090010250001002001041223135700000000000002220000010000000499000000000000000000000000000000000000001500000000000010000000000
17001025000200200104122313570000000000000499
17001025000300200104122313570000000000000499
11001025000400200104122313570000090000010000000499000000049900000000000000000000000000049900000000000000
120010250005002001041223135702010000000000000000000000000000000000350000000499000000000000000000000000000000
100010250006002001041223135701000000000000003500000004990000000000000010000009
07001026000000200104122314000000000000000000100000000000000000
090010260001002001041223140000000000000002200000010000000499000000000000000000000000000000000000000990000000000010000000000
090010260002002001041223140000000000000002140012620000000377000000000000000000000000000000100000001990000000000010000000000
090010260003002001041223140000000000000002260006720000000201000000000000000000000000000000100000002000000000000010000000000
090010260004002001041223140000000000000002130016060000000641000000000000000000000000000000100000001400000000000010000000000
11001026000500200104122314000000090000040000001718000000171800000000000000000000000000171800000000000000
120010260006002001041223140003060000000000000000000000000000000000000000001718000000000000000000000000000000
07001027000000200104122314060000000000000000100000000000000000
090010270001002001041223140600000000000002200000010000000499000000000000000000000000000000000000000990000000000010000000000
090010270002002001041223140600000000000002200000010000000499000000000000000000000000000000000000000990000000000010000000000
11001027000300200104122314060000090000020000000998000000099800000000000000000000000000099800000000000000
120010270004002001041223140600000000000000000000000000000000000000000000000998000000000000000000000000000000
07001028000000200104122314530000000000000000100000000000000000
090010280001002001041223145300000000000001070001360000000340000000000000000000000000000000100000005000000000000020000000000
11001028000200200104122314530000090000010000000340000000034000000000000000000000000000050000000001600000
120010280003002001041223145300000000000000000000000000000000000000000000000340000000000000000000000000000000
07001029000000200104122315080000000000000000100000000000000000
090010290001002001041223150800000000000002220000010000000499000000000000000000000000000000000000001500000000000010000000000
090010290002002001041223150800000000000002220000010000000499000000000000000000000000000000000000001500000000000010000000000
090010290003002001041223150800000000000002130018460000000737000000000000000000000000000000100000001400000000000010000000000
11001029000400200104122315080000090000030000001735000000173500000000000000000000000000173500000000000000
120010290005002001041223150803020000000000000000000000000000000000000000001735000000000000000000000000000000
07001030000000200104122315250000000000000000100000000000000000
090010300001002001041223152500000000000002260008600000000257000000000000000000000000000000100000002000000000000010000000000
11001030000200200104122315250000090000010000000257000000025700000000000000000000000000025700000000000000
120010300003002001041223152500000000000000000000000000000000000000000000000257000000000000000000000000000000
07001031000000200104122315260000000000000000100000000000000000
090010310001002001041223152600000000000002240002140000000107000000000000000000000000000000100000001500000000000010000000000
11001031000200200104122315260000090000010000000107000000010700000000000000000000000000010700000000000000
120010310003002001041223152600000000000000000000000000000000000000000000000107000000000000000000000000000000
07001032000000200104122315320000000000000000100000000000000000
090010320001002001041223153200000000000020700011200000000111000000000000000000000000000000100000000500000000000010000000000
11001032000200200104122315320000090000010000000111000000011100000000000000000000000000011100000000000000
120010320003002001041223153200000000000000000000000000000000000000000000000111000000000000000000000000000000
07001033000000200104122315560000000000000000100000000000000000
090010330001002001041223155600000000000001050004080000000204000000000000000000000000000000100000000500000000000020000000000
11001033000200200104122315560000090000010000000204000000020400000000000000000000000000100000000007960000
120010330003002001041223155600000000000000000000000000000000000000000000000204000000000000000000000000000000
07001034000000200104122316240000000000000000100000000000000000
090010340001002001041223162400000000000001050001040000000052000000000000000000000000000000100000000500000000000020000000000
090010340002002001041223162400000000000002150000010000000199000000000000000000000000000000000000000500000000000010000000000
090010340003002001041223162400000000000002150000010000000199000000000000000000000000000000000000000500000000000010000000000
11001034000400200104122316240000090000030000000450000000045000000000000000000000000000045000000000000000
120010340005002001041223162400000000000000000000000000000000000000000000000450000000000000000000000000000000
07001035000000200104122316240000000000000000100000000000000000
090010350001002001041223162400000000000002220000010000000499000000000000000000000000000000000000001500000000000010000000000
090010350002002001041223162400000000000002220000010000000499000000000000000000000000000000000000001500000000000010000000000
11001035000300200104122316240000090000020000000998000000099800000000000000000000000000099800000000000000
120010350004002001041223162400000000000000000000000000000000000000000000000998000000000000000000000000000000
07001036000000200104122316390000000000000000100000000000000000
090010360001002001041223163900000000000011000014660000000512000000000000000000000000000000100000000990000000000020000000000
090010360002002001041223163900000000000001160019340000000772000000000000000000000000000000100000000670000000000020000000000
090010360003002001041223163900000000000001130021520000000859000000000000000000000000000000100000001500000000000020000000000
090010360004002001041223163900000000000003250000010000000199000000000000000000000000000000000000000790000000000040000000000
090010360005002001041223163900000000000003250000010000000199000000000000000000000000000000000000000790000000000040000000000
090010360006002001041223163900000000000001290007080000000141000000000000000000000000000000100000000250000000000020000000000
090010360007002001041223163900000000000001040005340000000427000000000000000000000000000000100000002000000000000020000000000
090010360008002001041223163900000000000002250019820000000593000000000000000000000000000000100000002670000000000010000000000
17001036000900200104122316390000000000000499
090010360010002001041223163900000000000002200000010000000499000000000000000000000000000000000000000990000000000010000000000
11001036001100200104122316390000090000090000004201000000420100000000000000000000000000420100000000000000
120010360012002001041223163903060000000000000000000000000000000000000000004201000000000000000000000000000000
07001037000000200104122316410000000000000000100000000000000000
090010370001002001041223164100000000000001080008600000000429000000000000000000000000000000100000001000000000000020000000000
090010370002002001041223164100000000000004020000010000000100I 0300000000000000000000000000000000000230000000000030000000000
11001037000300200104122316410000090000020000000529000000052900000000000000000000000000052900000000000000
120010370004002001041223164100000000000000000000000000000000000000000000000529000000000000000000000000000000
07001038000000200104122316420000000000000000100000000000000000
090010380001002001041223164200000000000003250000010000000199000000000000000000000000000000000000000790000000000040000000000
090010380002002001041223164200000000000002040003920000000098000000000000000000000000000000100000000500000000000010000000000
090010380003002001041223164200000000000002270002120000000381000000000000000000000000000000100000003990000000000010000000000
090010380004002001041223164200000000000005020000030000000300I 0000000000000000000000000000000000000100000000000060000000000
090010380005002001041223164200000000000002200000010000000499000000000000000000000000000000000000000990000000000010000000000
11001038000600200104122316420000090000050000001477000000147700000000000000000000000000200000000005230000
120010380007002001041223164200000000000000000000000000000000000000000000001477000000000000000000000000000000
07001039000000200104122316420000000000000000100000000000000000
090010390001002001041223164200000000000003190000010000000500000000000000000000000000000000000000002000000000000050000000000
11001039000200200104122316420000090000010000000500000000050000000000000000000000000000050000000000000000
120010390003002001041223164200000000000000000000000000000000000000000000000500000000000000000000000000000000
07001040000000200104122316430000000000000000100000000000000000
090010400001002001041223164300000000000003190000010000000500000000000000000000000000000000000000002000000000000050000000000
11001040000200200104122316430000090000010000000500000000050000000000000000000000000000050000000000000000
120010400003002001041223164303020000000000000000000000000000000000000000000500000000000000000000000000000000
07001041000000200104122316520000000000000000100000000000000000
090010410001002001041223165200000000000001060002420000000121000000000000000000000000000000100000001500000000000020000000000
090010410002002001041223165200000000000001250004820000000192I 0000000000000000000000000000100000000530000000000020000000000
11001041000300200104122316520000090000020000000313000000031300000000000000000000000000031300000000000000
120010410004002001041223165200000000000000000000000000000000000000000000000313000000000000000000000000000000
07001042000000200104122316540000000000000000100000000000000000
090010420001002001041223165400000000000002180000010000000799000000000000000000000000000000000000002990000000000010000000000
090010420002002001041223165400000000000002190000010000000500000000000000000000000000000000000000002250000000000010000000000
090010420003002001041223165400000000000002260007080000000212000000000000000000000000000000100000002000000000000010000000000
090010420004002001041223165400000000000002070003420000000273000000000000000000000000000000100000001990000000000010000000000
11001042000500200104122316540000090000040000001784000000178400000000000000000000000000180000000000160000
120010420006002001041223165400000000000000000000000000000000000000000000001784000000000000000000000000000000
07001043000000200104122316560000000000000000100000000000000000
090010430001002001041223165600000000000001070002080000000520000000000000000000000000000000100000005000000000000020000000000
090010430002002001041223165600000000000001050002400000000120000000000000000000000000000000100000000500000000000020000000000
11001043000300200104122316560000090000020000000640000000064000000000000000000000000000064000000000000000
120010430004002001041223165603100000000000000000000000000000000000000000000640000000000000000000000000000000
07001044000000200104122317050000000000000000100000000000000000
090010440001002001041223170500000000000001220004880000000244000000000000000000000000000000100000001500000000000020000000000
090010440002002001041223170500000000000002010006020000000300000000000000000000000000000000100000000990000000000010000000000
11001044000300200104122317050000090000020000000544000000054400000000000000000000000000054400000000000000
120010440004002001041223170503010000000000000000000000000000000000000000000544000000000000000000000000000000
07001045000000200104122317170000000000000000100000000000000000
090010450001002001041223171700000000000001050009100000000454000000000000000000000000000000100000000500000000000020000000000
090010450002002001041223171700000000000001290014920000000297000000000000000000000000000000100000000250000000000020000000000
11001045000300200104122317170000090000020000000751000000075100000000000000000000000000075100000000000000
120010450004002001041223171703100000000000000000000000000000000000000000000751000000000000000000000000000000
07001046000000200104122317250000000000000000100000000000000000
090010460001002001041223172500000000000002360000010000000799000000000000000000000000000000000000003500000000000010000000000
090010460002002001041223172500000000000011000014260000000498000000000000000000000000000000100000000990000000000020000000000
090010460003002001041223172500000000000001080005620000000280000000000000000000000000000000100000001000000000000020000000000
090010460004002001041223172500000000000002070010100000000807000000000000000000000000000000100000001990000000000010000000000
090010460005002001041223172500000000000002090004820000000626000000000000000000000000000000100000004720000000000010000000000
090010460006002001041223172500000000000002120014800000000517000000000000000000000000000000100000002250000000000010000000000
090010460007002001041223172500000000000002250019200000000574000000000000000000000000000000100000002670000000000010000000000
090010460008002001041223172500000000000001170002620000000131000000000000000000000000000000100000001000000000000020000000000
11001046000900200104122317250000090000080000004232000000423200000000000000000000000000423200000000000000
120010460010002001041223172503030000000000000000000000000000000000000000004232000000000000000000000000000000
07001047000000200104122317260000000000000000100000000000000000
090010470001002001041223172600000000000002480019080000000761000000000000000000000000000000100000001000000000000010000000000
090010470002002001041223172600000000000001290014280000000284000000000000000000000000000000100000000250000000000020000000000
11001047000300200104122317260000090000020000001045000000104500000000000000000000000000104500000000000000
120010470004002001041223172603020000000000000000000000000000000000000000001045000000000000000000000000000000
07001048000000200104122317280000000000000000100000000000000000
090010480001002001041223172800000000000001060003980000000199000000000000000000000000000000100000001500000000000020000000000
090010480002002001041223172800000000000001110003140000000094000000000000000000000000000000100000001990000000000020000000000
090010480003002001041223172800000000000001080005140000000256000000000000000000000000000000100000001000000000000020000000000
090010480004002001041223172800000000000003250000010000000199000000000000000000000000000000000000000790000000000040000000000
090010480005002001041223172800000000000002070006440000000515000000000000000000000000000000100000001990000000000010000000000
090010480006002001041223172800000000000002090003460000000449000000000000000000000000000000100000004720000000000010000000000
090010480007002001041223172800000000000002230006160000001663000000000000000000000000000000100000004980000000000010000000000
090010480008002001041223172800000000000002140019140000000572000000000000000000000000000000100000001990000000000010000000000
090010480009002001041223172800000000000002130015260000000609000000000000000000000000000000100000001400000000000010000000000
11001048001000200104122317280000090000090000004556000000455600000000000000000000000000455600000000000000
120010480011002001041223172803070000000000000000000000000000000000000000004556000000000000000000000000000000
07001049000000200104122317410000000000000000100000000000000000
090010490001002001041223174100000000000002270012660000002278000000000000000000000000000000100000003990000000000010000000000
090010490002002001041223174100000000000002110009100000000636000000000000000000000000000000100000000990000000000010000000000
090010490003002001041223174100000000000002250021380000000639000000000000000000000000000000100000002670000000000010000000000
090010490004002001041223174100000000000005020000220000002200I 0000000000000000000000000000000000000100000000000060000000000
090010490005002001041223174100000000000005290000120000004188I 0100000000000000000000000000000000001000000000000080000000000
090010490006002001041223174100000000000002170000010000000799000000000000000000000000000000000000006500000000000010000000000
090010490007002001041223174100000000000002210020010000001199000000000000000000000000000000100000003990000000000010000000000
11001049000800200104122317410000090000070000011939000001193900000000000000000000000001193900000000000000
120010490009002001041223174103050000000000000000000000000000000000000000011939000000000000000000000000000000
07001050000000200104122317430000000000000000100000000000000000
090010500001002001041223174300000000000001040005720000000457000000000000000000000000000000100000002000000000000020000000000
090010500002002001041223174300000000000001080006400000000319000000000000000000000000000000100000001000000000000020000000000
090010500003002001041223174300000000000001060003360000000168000000000000000000000000000000100000001500000000000020000000000
11001050000400200104122317430000090000030000000944000000094400000000000000000000000000200000000010560000
120010500005002001041223174300000000000000000000000000000000000000000000000944000000000000000000000000000000
07001051000000200104122317470000000000000000100000000000000000
090010510001002001041223174700000000000002480008420000000336000000000000000000000000000000100000001000000000000010000000000
11001051000200200104122317470000090000010000000336000000033600000000000000000000000000040000000000640000
120010510003002001041223174700000000000000000000000000000000000000000000000336000000000000000000000000000000
07001052000000200104122317550000000000000000100000000000000000
090010520001002001041223175500000000000002260012780000000382000000000000000000000000000000100000002000000000000010000000000
090010520002002001041223175500000000000002480007180000000286000000000000000000000000000000100000001000000000000010000000000
11001052000300200104122317550000090000020000000668000000066800000000000000000000000000066800000000000000
120010520004002001041223175503040000000000000000000000000000000000000000000668000000000000000000000000000000
07001053000000200104122317570000000000000000100000000000000000
090010530001002001041223175700000000000002360000010000000799000000000000000000000000000000000000003500000000000010000000000
090010530002002001041223175700000000000002190000010000000500000000000000000000000000000000000000002250000000000010000000000
090010530003002001041223175700000000000001240001900000000152000000000000000000000000000000100000001670000000000020000000000
090010530004002001041223175700000000000002480006040000000241000000000000000000000000000000100000001000000000000010000000000
090010530005002001041223175700000000000001160004320000000172000000000000000000000000000000100000000670000000000020000000000
090010530006002001041223175700000000000001060001360000000068000000000000000000000000000000100000001500000000000020000000000
090010530007002001041223175700000000000002040003960000000099000000000000000000000000000000100000000500000000000010000000000
11001053000800200104122317570000090000070000002031000000203100000000000000000000000000203100000000000000
120010530009002001041223175703050000000000000000000000000000000000000000002031000000000000000000000000000000
07001054000000200104122318020000000000000000100000000000000000
090010540001002001041223180200000000000003010000010000000999000000000000000000000000000000000000006000000000000050000000000
11001054000200200104122318020000090000010000000999000000099900000000000000000000000000099900000000000000
120010540003002001041223180200000000000000000000000000000000000000000000000999000000000000000000000000000000
07001055000000200104122318050000000000000000100000000000000000
090010550001002001041223180500000000000005250000010000000399I 0100000000000000000000000000000000002990000000000080000000000
090010550002002001041223180500000000000005250000010000000399I 0100000000000000000000000000000000002990000000000080000000000
090010550003002001041223180500000000000005250000010000000399I 0100000000000000000000000000000000002990000000000080000000000
090010550004002001041223180500000000000003190000010000000500000000000000000000000000000000000000002000000000000050000000000
090010550005002001041223180500000000000003020000010000000150000000000000000000000000000000000000000500000000000030000000000
11001055000600200104122318050000090000050000001847000000184700000000000000000000000000500000000031530000
120010550007002001041223180500000000000000000000000000000000000000000000001847000000000000000000000000000000
07001056000000200104122318080000000000000000100000000000000000
090010560001002001041223180800000000000002480016980000000678000000000000000000000000000000100000001000000000000010000000000
11001056000200200104122318080000090000010000000678000000067800000000000000000000000000100000000003220000
120010560003002001041223180800000000000000000000000000000000000000000000000678000000000000000000000000000000
07001057000000200104122318120000000000000000100000000000000000
090010570001002001041223181200000000000001290007760000000154000000000000000000000000000000100000000250000000000020000000000
11001057000200200104122318120000090000010000000154000000015400000000000000000000000000015400000000000000
120010570003002001041223181203090000000000000000000000000000000000000000000154000000000000000000000000000000
07001058000000200104122318190000000000000000100000000000000000
090010580001002001041223181900000000000002250007200000000215000000000000000000000000000000100000002670000000000010000000000
090010580002002001041223181900000000000002480006020000000240000000000000000000000000000000100000001000000000000010000000000
090010580003002001041223181900000000000002260009200000000275000000000000000000000000000000100000002000000000000010000000000
090010580004002001041223181900000000000001080003260000000163000000000000000000000000000000100000001000000000000020000000000
11001058000500200104122318190000090000040000000893000000089300000000000000000000000000100000000001070000
120010580006002001041223181900000000000000000000000000000000000000000000000893000000000000000000000000000000
07001059000000200104122318220000000000000000100000000000000000
090010590001002001041223182200000000000011000007720000000269000000000000000000000000000000100000000990000000000020000000000
11001059000200200104122318220000090000010000000269000000026900000000000000000000000000050000000002310000
120010590003002001041223182200000000000000000000000000000000000000000000000269000000000000000000000000000000
07001060000000200104122318270000000000000000100000000000000000
090010600001002001041223182700000000000002070010920000000873000000000000000000000000000000100000001990000000000010000000000
090010600002002001041223182700000000000001290002240000000045000000000000000000000000000000100000000250000000000020000000000
11001060000300200104122318270000090000020000000918000000091800000000000000000000000000100000000000820000
120010600004002001041223182700000000000000000000000000000000000000000000000918000000000000000000000000000000
07001061000000200104122318280000000000000000100000000000000000
090010610001002001041223182800000000000002190000010000000500000000000000000000000000000000000000002250000000000010000000000
11001061000200200104122318280000090000010000000500000000050000000000000000000000000000050000000000000000
120010610003002001041223182800000000000000000000000000000000000000000000000500000000000000000000000000000000
07001062000000200104122318350000000000000000100000000000000000
090010620001002001041223183500000000000001230000340000000034000000000000000000000000000000100000008750000000000020000000000
090010620002002001041223183500000000000001150001860000000149000000000000000000000000000000100000001000000000000020000000000
090010620003002001041223183500000000000001080005880000000293000000000000000000000000000000100000001000000000000020000000000
090010620004002001041223183500000000000002250017260000000516000000000000000000000000000000100000002670000000000010000000000
090010620005002001041223183500000000000001170002280000000114000000000000000000000000000000100000001000000000000020000000000
090010620006002001041223183500000000000002120009740000000340000000000000000000000000000000100000002250000000000010000000000
11001062000700200104122318350000090000060000001446000000144600000000000000000000000000144600000000000000
120010620008002001041223183503040000000000000000000000000000000000000000001446000000000000000000000000000000
07001063000000200104122318380000000000000000100000000000000000
090010630001002001041223183800000000000003250000010000000199000000000000000000000000000000000000000790000000000040000000000
11001063000200200104122318380000090000010000000199000000019900000000000000000000000000050000000003010000
120010630003002001041223183800000000000000000000000000000000000000000000000199000000000000000000000000000000
07001064000000200104122318400000000000000000100000000000000000
090010640001002001041223184000000000000001040003040000000243000000000000000000000000000000100000002000000000000020000000000
090010640002002001041223184000000000000002250009600000000287000000000000000000000000000000100000002670000000000010000000000
090010640003002001041223184000000000000003250000010000000199000000000000000000000000000000000000000790000000000040000000000
090010640004002001041223184000000000000002150000010000000199000000000000000000000000000000000000000500000000000010000000000
090010640005002001041223184000000000000002150000010000000199000000000000000000000000000000000000000500000000000010000000000
090010640006002001041223184000000000000002040006140000000153000000000000000000000000000000100000000500000000000010000000000
11001064000700200104122318400000090000060000001280000000128000000000000000000000000000200000000007200000
120010640008002001041223184000000000000000000000000000000000000000000000001280000000000000000000000000000000
07001065000000200104122318500000000000000000100000000000000000
090010650001002001041223185000000000000003010000010000000999000000000000000000000000000000000000006000000000000050000000000
11001065000200200104122318500000090000010000000999000000099900000000000000000000000000099900000000000000
120010650003002001041223185002010000000000000000000000000000000000200000000999000000000000000000000000000000
100010650004002001041223185001000000000000002000000009990000000000000062000009
07001066000000200104122318520000000000000000100000000000000000
090010660001002001041223185200000000000001020008740000000349000000000000000000000000000000100000001200000000000020000000000
090010660002002001041223185200000000000002340003120000000436000000000000000000000000000000100000004170000000000010000000000
090010660003002001041223185200000000000002260013900000000416000000000000000000000000000000100000002000000000000010000000000
090010660004002001041223185200000000000001090001980000000119000000000000000000000000000000100000001500000000000020000000000
090010660005002001041223185200000000000001050003220000000161000000000000000000000000000000100000000500000000000020000000000
090010660006002001041223185200000000000001290006160000000123000000000000000000000000000000100000000250000000000020000000000
090010660007002001041223185200000000000002150000010000000199000000000000000000000000000000000000000500000000000010000000000
11001066000800200104122318520000090000070000001803000000180300000000000000000000000001000000000081970000
120010660009002001041223185200000000000000000000000000000000000000000000001803000000000000000000000000000000
07001067000000200104122318550000000000000000100000000000000000
090010670001002001041223185500000000000001050008300000000414000000000000000000000000000000100000000500000000000020000000000
090010670002002001041223185500000000000001290005900000000117000000000000000000000000000000100000000250000000000020000000000
11001067000300200104122318550000090000020000000531000000053100000000000000000000000000200000000014690000
120010670004002001041223185500000000000000000000000000000000000000000000000531000000000000000000000000000000
07001068000000200104122318580000000000000000100000000000000000
090010680001002001041223185800000000000001020008920000000356000000000000000000000000000000100000001200000000000020000000000
11001068000200200104122318580000090000010000000356000000035600000000000000000000000000040000000000440000
120010680003002001041223185800000000000000000000000000000000000000000000000356000000000000000000000000000000
07001069000000200104122319070000000000000000100000000000000000
090010690001002001041223190700000000000003010000010000000999000000000000000000000000000000000000006000000000000050000000000
090010690002002001041223190700000000000002260011840000000354000000000000000000000000000000100000002000000000000010000000000
090010690003002001041223190700000000000002070007480000000598000000000000000000000000000000100000001990000000000010000000000
090010690004002001041223190700000000000002320000010000000299000000000000000000000000000000000000000500000000000010000000000
090010690005002001041223190700000000000002320000010000000299000000000000000000000000000000000000000500000000000010000000000
11001069000600200104122319070000090000050000002549000000254900000000000000000000000000254900000000000000
120010690007002001041223190703020000000000000000000000000000000000000000002549000000000000000000000000000000
07001070000000200104122319080000000000000000100000000000000000
090010700001002001041223190800000000000003250000010000000199000000000000000000000000000000000000000790000000000040000000000
11001070000200200104122319080000090000010000000199000000019900000000000000000000000000019900000000000000
120010700003002001041223190800000000000000000000000000000000000000000000000199000000000000000000000000000000
07001071000000200104122319210000000000000000100000000000000000
090010710001002001041223192100000000000002010015080000000752000000000000000000000000000000100000000990000000000010000000000
090010710002002001041223192100000000000001110007420000000222000000000000000000000000000000100000001990000000000020000000000
11001071000300200104122319210000090000020000000974000000097400000000000000000000000000097400000000000000
120010710004002001041223192103030000000000000000000000000000000000000000000974000000000000000000000000000000
100010710005002001041223192551000000000000001400000163280000000000000022000009
130010710000002001041223192500000000000000220000000000000014000000000001632800000000000000016328
07001072000000200104122319390000000000000000100000000000000000
090010720001002001041223193900000000000002150000010000000199000000000000000000000000000000000000000500000000000010000000000
090010720002002001041223193900000000000002080007460000000447000000000000000000000000000000100000000500000000000010000000000
090010720003002001041223193900000000000002340002480000000347000000000000000000000000000000100000004170000000000010000000000
11001072000400200104122319390000090000030000000993000000099300000000000000000000000000099300000000000000
120010720005002001041223193900000000000000000000000000000000000000000000000993000000000000000000000000000000
07001073000000200104122319390000000000000000100000000000000000
090010730001002001041223193900000000000003250000010000000199000000000000000000000000000000000000000790000000000040000000000
11001073000200200104122319390000090000010000000199000000019900000000000000000000000000019900000000000000
120010730003002001041223193900000000000000000000000000000000000000000000000199000000000000000000000000000000
07001074000000200104122319400000000000000000100000000000000000
090010740001002001041223194000000000000003250000010000000199000000000000000000000000000000000000000790000000000040000000000
11001074000200200104122319400000090000010000000199000000019900000000000000000000000000019900000000000000
120010740003002001041223194000000000000000000000000000000000000000000000000199000000000000000000000000000000
07001075000000200104122319440000000000000000100000000000000000
090010750001002001041223194400000000000002070006700000000535000000000000000000000000000000100000001990000000000010000000000
090010750002002001041223194400000000000001040002920000000233000000000000000000000000000000100000002000000000000020000000000
11001075000300200104122319440000090000020000000768000000076800000000000000000000000000076800000000000000
120010750004002001041223194403020000000000000000000000000000000000000000000768000000000000000000000000000000
14001076000000200104122319530000010000000000
07001077000000200104122319560000000000000000100000000000000000
090010770001002001041223195600000000000002070012220000000976000000000000000000000000000000100000001990000000000010000000000
090010770002002001041223195600000000000001160017780000000709000000000000000000000000000000100000000670000000000020000000000
090010770003002001041223195600000000000005020000010000000100I 0000000000000000000000000000000000000100000000000060000000000
090010770004002001041223195600000000000005020000010000000100I 0000000000000000000000000000000000000100000000000060000000000
090010770005002001041223195600000000000001290006480000000129000000000000000000000000000000100000000250000000000020000000000
11001077000600200104122319560000090000050000002014000000201400000000000000000000000000201400000000000000
120010770007002001041223195603050000000000000000000000000000000000000000002014000000000000000000000000000000
07001078000000200104122319570000000000000000100000000000000000
090010780001002001041223195700000000000005400000010000000299000100000000000000000000000000000000001990000000000080000000000
11001078000200200104122319570000090000010000000299000000029900000000000000000000000000029900000000000000
120010780003002001041223195703020000000000000000000000000000000000000000000299000000000000000000000000000000
07001079000000200104122320030000000000000000100000000000000000
090010790001002001041223200300000000000002130012100000000483000000000000000000000000000000100000001400000000000010000000000
11001079000200200104122320030000090000010000000483000000048300000000000000000000000000050000000000170000
120010790003002001041223200300000000000000000000000000000000000000000000000483000000000000000000000000000000
07001080000000200104122320100000000000000000100000000000000000
090010800001002001041223201000000000000001180001900000000114000000000000000000000000000000100000001000000000000020000000000
090010800002002001041223201000000000000002030008100000000647000000000000000000000000000000100000002990000000000010000000000
090010800003002001041223201000000000000002480007220000000288000000000000000000000000000000100000001000000000000010000000000
090010800004002001041223201000000000000002070006860000000548000000000000000000000000000000100000001990000000000010000000000
090010800005002001041223201000000000000001140001120000000123000000000000000000000000000000100000000500000000000020000000000
090010800006002001041223201000000000000002150000010000000199000000000000000000000000000000000000000500000000000010000000000
11001080000700200104122320100000090000060000001919000000191900000000000000000000000000191900000000000000
120010800008002001041223201003100000000000000000000000000000000000000000001919000000000000000000000000000000
07001081000000200104122320130000000000000000100000000000000000
090010810001002001041223201300000000000001130011780000000470000000000000000000000000000000100000001500000000000020000000000
090010810002002001041223201300000000000001040001640000000131000000000000000000000000000000100000002000000000000020000000000
11001081000300200104122320130000090000020000000601000000060100000000000000000000000000060100000000000000
120010810004002001041223201303020000000000000000000000000000000000000000000601000000000000000000000000000000
07001082000000200104122320150000000000000000100000000000000000
090010820001002001041223201500000000000001130011300000000451000000000000000000000000000000100000001500000000000020000000000
090010820002002001041223201500000000000001010014900000000893000000000000000000000000000000100000000500000000000020000000000
090010820003002001041223201500000000000001250009880000000394I 0000000000000000000000000000100000000530000000000020000000000
090010820004002001041223201500000000000001040008340000000666000000000000000000000000000000100000002000000000000020000000000
090010820005002001041223201500000000000001080007880000000393000000000000000000000000000000100000001000000000000020000000000
090010820006002001041223201500000000000011000009380000000327000000000000000000000000000000100000000990000000000020000000000
11001082000700200104122320150000090000060000003124000000312400000000000000000000000000312400000000000000
120010820008002001041223201503030000000000000000000000000000000000000000003124000000000000000000000000000000
07001083000000200104122320220000000000000000100000000000000000
090010830001002001041223202200000000000005230000010000004000I 0100000000000000000000000000000000000000000000000070000000000
11001083000200200104122320220000090000010000004000000000400000000000000000000000000000400000000000000000
120010830003002001041223202200000000000000000000000000000000000000000000004000000000000000000000000000000000
07001084000000200104122320240000000000000000100000000000000000
090010840001002001041223202400000000000001170006140000000306000000000000000000000000000000100000001000000000000020000000000
090010840002002001041223202400000000000002480005820000000232000000000000000000000000000000100000001000000000000010000000000
11001084000300200104122320240000090000020000000538000000053800000000000000000000000000053800000000000000
120010840004002001041223202403030000000000000000000000000000000000000000000538000000000000000000000000000000
100010840005002001041223203651000000000000002100000021000000000000000490000009
130010840000002001041223203600000000000004900000000000000021000000000000210000000000000000002100
07001085000000200104122320370000000000000000100000000000000000
090010850001002001041223203700000000000002480010900000000435000000000000000000000000000000100000001000000000000010000000000
11001085000200200104122320370000090000010000000435000000043500000000000000000000000000043500000000000000
120010850003002001041223203702010000000000000000000000000000000000210000000435000000000000000000000000000000
100010850004002001041223203701000000000000002100000004350000000000000491000009
07001086000000200104122320510000000000000000100000000000000000
090010860001002001041223205100000000000002150000010000000199000000000000000000000000000000000000000500000000000010000000000
090010860002002001041223205100000000000002150000010000000199000000000000000000000000000000000000000500000000000010000000000
11001086000300200104122320510000090000020000000398000000039800000000000000000000000000039800000000000000
120010860004002001041223205100000000000000000000000000000000000000000000000398000000000000000000000000000000
07001087000000200104122320530000000000000000100000000000000000
090010870001002001041223205300000000000001290012020000000239000000000000000000000000000000100000000250000000000020000000000
090010870002002001041223205300000000000002120008340000000291000000000000000000000000000000100000002250000000000010000000000
11001087000300200104122320530000090000020000000530000000053000000000000000000000000001000000000094700000
120010870004002001041223205300000000000000000000000000000000000000000000000530000000000000000000000000000000
14001088000000200104122320560000010000000000
07001089000000200104122320570000000000000000100000000000000000
090010890001002001041223205700000000000005480000010000000250I 0100000000000000000000000000000000000000000000000080000000000
11001089000200200104122320570000090000010000000250000000025000000000000000000000000000025000000000000000
120010890003002001041223205700000000000000000000000000000000000000000000000250000000000000000000000000000000
07001090000000200104122320580000000000000000100000000000000000
090010900001002001041223205800000000000002150000010000000199000000000000000000000000000000000000000500000000000010000000000
090010900002002001041223205800000000000002150000010000000199000000000000000000000000000000000000000500000000000010000000000
090010900003002001041223205800000000000002480008320000000332000000000000000000000000000000100000001000000000000010000000000
11001090000400200104122320580000090000030000000730000000073000000000000000000000000000100000000002700000
120010900005002001041223205800000000000000000000000000000000000000000000000730000000000000000000000000000000
07001091000000200104122320590000000000000000100000000000000000
090010910001002001041223205900000000000001010007420000000444000000000000000000000000000000100000000500000000000020000000000
090010910002002001041223205900000000000005110000010000001499I 0100000000000000000000000000000000012000000000000070000000000
11001091000300200104122320590000090000020000001943000000194300000000000000000000000000200000000000570000
120010910004002001041223205900000000000000000000000000000000000000000000001943000000000000000000000000000000
07001092000000200104122321030000000000000000100000000000000000
090010920001002001041223210300000000000002240010980000000548000000000000000000000000000000100000001500000000000010000000000
090010920002002001041223210300000000000002110009240000000646000000000000000000000000000000100000000990000000000010000000000
11001092000300200104122321030000090000020000001194000000119400000000000000000000000000200000000008060000
120010920004002001041223210300000000000000000000000000000000000000000000001194000000000000000000000000000000
0400109300000020010412232109000001000953001093000000011144000000000127407204122300001565500000000000000000000000000000000001000000000000000000000000000000000000000000000000000000000000000000000000000000001234567890AB        
