01008334000000200122012407220000010000010000000000100702271.82G5E   1234567890AB        Generica            
02008334000100200122012407220000010000090000000000
07008335000000200122012407240000000000000000100000000000000000
090083350001002001220124072400000000000003250000030000000597000000000000000000000000000000000000000790000000000040000000000
090083350002002001220124072400000000000001060007100000000638000000000000000000000000000000100000001500000000000020000000000
090083350003002001220124072400000000000002040007440000000222000000000000000000000000000000100000000500000000000010000000000
11008335000400200122012407240000090000030000001457000000145700000000000000000000000000145700000000000000
120083350005002001220124072400000000000000000000000000000000000000000000001457000000000000000000000000000000
07008336000000200122012407340000000000000000100000000000000000
090083360001002001220124073400000000000003250000010000000199000000000000000000000000000000000000000790000000000040000000000
11008336000200200122012407340000090000010000000199000000019900000000000000000000000000019900000000000000
120083360003002001220124073404000000000000000000000000000000000000000000000199000000000000000000000000000000
07008337000000200122012407480000000000000000100000000000000000
090083370001002001220124074800000000000002080003800000000190000000000000000000000000000000100000000500000000000010000000000
090083370002002001220124074800000000000002150000010000000249000000000000000000000000000000000000000500000000000010000000000
090083370003002001220124074800000000000002650001540000000138000000000000000000000000000000100000003990000000000010000000000
11008337000400200122012407480000090000030000000577000000057700000000000000000000000000057700000000000000
120083370005002001220124074803100000000000000000000000000000000000000000000577000000000000000000000000000000
07008338000000200122012408150000000000000000100000000000000000
090083380001002001220124081500000000000003250000020000000398000000000000000000000000000000000000000790000000000040000000000
090083380002002001220124081500000000000005020000050000000500I 0000000000000000000000000000000000000100000000000060000000000
11008338000300200122012408150000090000020000000898000000089800000000000000000000000000089800000000000000
120083380004002001220124081500000000000000000000000000000000000000000000000898000000000000000000000000000000
14008339000000200122012408240000010000000000
07008340000000200122012408260000000000000000100000000000000000
090083400001002001220124082600000000000001020004860000000340000000000000000000000000000000100000001200000000000020000000000
090083400002002001220124082600000000000005020000010000000100I 0000000000000000000000000000000000000100000000000060000000000
090083400003002001220124082600000000000001250004520000000361I 0000000000000000000000000000100000000530000000000020000000000
090083400004002001220124082600000000000011000004400000000132000000000000000000000000000000100000000990000000000020000000000
090083400005002001220124082600000000000001120005500000000439000000000000000000000000000000100000001000000000000020000000000
090083400006002001220124082600000000000001140004460000000089000000000000000000000000000000100000000500000000000020000000000
090083400007002001220124082600000000000001220008400000000587000000000000000000000000000000100000001500000000000020000000000
090083400008002001220124082600000000000001160007660000000382000000000000000000000000000000100000000670000000000020000000000
11008340000900200122012408260000090000080000002430000000243000000000000000000000000000243000000000000000
120083400010002001220124082600000000000000000000000000000000000000000000002430000000000000000000000000000000
07008341000000200122012408270000000000000000100000000000000000
090083410001002001220124082700000000000011000005920000000177000000000000000000000000000000100000000990000000000020000000000
090083410002002001220124082700000000000002110004060000000203000000000000000000000000000000100000000990000000000010000000000
090083410003002001220124082700000000000003250000010000000199000000000000000000000000000000000000000790000000000040000000000
090083410004002001220124082700000000000001020006380000000446000000000000000000000000000000100000001200000000000020000000000
11008341000500200122012408270000090000040000001025000000102500000000000000000000000000200000000009750000
120083410006002001220124082700000000000000000000000000000000000000000000001025000000000000000000000000000000
07008342000000200122012408330000000000000000100000000000000000
090083420001002001220124083300000000000005020000020000000200I 0000000000000000000000000000000000000100000000000060000000000
090083420002002001220124083300000000000005020000010000000100I 0000000000000000000000000000000000000100000000000060000000000
11008342000300200122012408330000090000020000000300000000030000000000000000000000000000030000000000000000
120083420004002001220124083300000000000000000000000000000000000000000000000300000000000000000000000000000000
07008343000000200122012408380000000000000000100000000000000000
090083430001002001220124083800000000000002080016340000000815000000000000000000000000000000100000000500000000000010000000000
090083430002002001220124083800000000000003200000010000002299000000000000000000000000000000000000000000000000000050000000000
090083430003002001220124083800000000000001080001760000000088000000000000000000000000000000100000001000000000000020000000000
090083430004002001220124083800000000000003250000010000000199000000000000000000000000000000000000000790000000000040000000000
090083430005002001220124083800000000000005020000200000002000I 0000000000000000000000000000000000000100000000000060000000000
11008343000600200122012408380000090000050000005401000000540100000000000000000000000000540100000000000000
120083430007002001220124083803050000000000000000000000000000000000000000005401000000000000000000000000000000
07008344000000200122012408420000000000000000100000000000000000
090083440001002001220124084200000000000001050002340000000093000000000000000000000000000000100000000500000000000020000000000
090083440002002001220124084200000000000001060001700000000153000000000000000000000000000000100000001500000000000020000000000
090083440003002001220124084200000000000003250000010000000199000000000000000000000000000000000000000790000000000040000000000
090083440004002001220124084200000000000001290003940000000118000000000000000000000000000000100000000250000000000020000000000
090083440005002001220124084200000000000001020005760000000403000000000000000000000000000000100000001200000000000020000000000
090083440006002001220124084200000000000001160004960000000248000000000000000000000000000000100000000670000000000020000000000
090083440007002001220124084200000000000005020000020000000200I 0000000000000000000000000000000000000100000000000060000000000
11008344000800200122012408420000090000070000001414000000141400000000000000000000000000141400000000000000
120083440009002001220124084200000000000000000000000000000000000000000000001414000000000000000000000000000000
07008345000000200122012408490000000000000000100000000000000000
090083450001002001220124084900000000000001050005100000000203000000000000000000000000000000100000000500000000000020000000000
090083450002002001220124084900000000000001080004880000000244000000000000000000000000000000100000001000000000000020000000000
11008345000300200122012408490000090000020000000447000000044700000000000000000000000000044700000000000000
120083450004002001220124084900000000000000000000000000000000000000000000000447000000000000000000000000000000
14008346000000200122012409120000010000000000
07008347000000200122012409130000000000000000100000000000000000
090083470001002001220124091300000000000002070008180000000735000000000000000000000000000000100000001990000000000010000000000
090083470002002001220124091300000000000003250000020000000398000000000000000000000000000000000000000790000000000040000000000
090083470003002001220124091300000000000001050008840000000353000000000000000000000000000000100000000500000000000020000000000
090083470004002001220124091300000000000001290005800000000173000000000000000000000000000000100000000250000000000020000000000
11008347000500200122012409130000090000040000001659000000165900000000000000000000000000165900000000000000
120083470006002001220124091303060000000000000000000000000000000000000000001659000000000000000000000000000000
07008348000000200122012409140000000000000000100000000000000000
090083480001002001220124091400000000000001290005020000000150000000000000000000000000000000100000000250000000000020000000000
11008348000200200122012409140000090000010000000150000000015000000000000000000000000000015000000000000000
120083480003002001220124091400000000000000000000000000000000000000000000000150000000000000000000000000000000
07008349000000200122012409150000000000000000100000000000000000
090083490001002001220124091500000000000002070006580000000592000000000000000000000000000000100000001990000000000010000000000
090083490002002001220124091500000000000002220000010000000599000000000000000000000000000000000000001500000000000010000000000
090083490003002001220124091500000000000002110005860000000292000000000000000000000000000000100000000990000000000010000000000
090083490004002001220124091500000000000001070000800000000200000000000000000000000000000000100000005000000000000020000000000
11008349000500200122012409150000090000040000001683000000168300000000000000000000000000500000000033170000
120083490006002001220124091500000000000000000000000000000000000000000000001683000000000000000000000000000000
07008350000000200122012409170000000000000000100000000000000000
090083500001002001220124091700000000000001290004300000000129000000000000000000000000000000100000000250000000000020000000000
090083500002002001220124091700000000000002110007160000000357000000000000000000000000000000100000000990000000000010000000000
11008350000300200122012409170000090000020000000486000000048600000000000000000000000000500000000045140000
120083500004002001220124091700000000000000000000000000000000000000000000000486000000000000000000000000000000
07008351000000200122012409200000000000000000100000000000000000
090083510001002001220124092000000000000020700009380000000280000000000000000000000000000000100000000500000000000010000000000
090083510002002001220124092000000000000005020000030000000300I 0000000000000000000000000000000000000100000000000060000000000
090083510003002001220124092000000000000002650008740000000786000000000000000000000000000000100000003990000000000010000000000
11008351000400200122012409200000090000030000001366000000136600000000000000000000000000136600000000000000
120083510005002001220124092003010000000000000000000000000000000000000000001366000000000000000000000000000000
07008352000000200122012409230000000000000000100000000000000000
090083520001002001220124092300000000000001050009760000000389000000000000000000000000000000100000000500000000000020000000000
11008352000200200122012409230000090000010000000389000000038900000000000000000000000000038900000000000000
120083520003002001220124092300000000000000000000000000000000000000000000000389000000000000000000000000000000
07008353000000200122012409240000000000000000100000000000000000
090083530001002001220124092400000000000001010031080000002794000000000000000000000000000000100000000500000000000020000000000
090083530002002001220124092400000000000001250008160000000652I 0000000000000000000000000000100000000530000000000020000000000
090083530003002001220124092400000000000001060014480000001302000000000000000000000000000000100000001500000000000020000000000
11008353000400200122012409240000090000030000004748000000474800000000000000000000000000474800000000000000
120083530005002001220124092400000000000000000000000000000000000000000000004748000000000000000000000000000000
07008354000000200122012409300000000000000000100000000000000000
090083540001002001220124093000000000000002080011980000000598000000000000000000000000000000100000000500000000000010000000000
090083540002002001220124093000000000000003010000010000000999000000000000000000000000000000000000006000000000000050000000000
11008354000300200122012409300000090000020000001597000000159700000000000000000000000000159700000000000000
120083540004002001220124093003010000000000000000000000000000000000000000001597000000000000000000000000000000
07008355000000200122012409320000000000000000100000000000000000
090083550001002001220124093200000000000003250000010000000199000000000000000000000000000000000000000790000000000040000000000
11008355000200200122012409320000090000010000000199000000019900000000000000000000000000019900000000000000
120083550003002001220124093200000000000000000000000000000000000000000000000199000000000000000000000000000000
07008356000000200122012409420000000000000000100000000000000000
090083560001002001220124094200000000000002070007920000000712000000000000000000000000000000100000001990000000000010000000000
11008356000200200122012409420000090000010000000712000000071200000000000000000000000000071200000000000000
120083560003002001220124094203010000000000000000000000000000000000000000000712000000000000000000000000000000
07008357000000200122012409470000000000000000100000000000000000
090083570001002001220124094700000000000001020006080000000425000000000000000000000000000000100000001200000000000020000000000
11008357000200200122012409470000090000010000000425000000042500000000000000000000000000042500000000000000
120083570003002001220124094700000000000000000000000000000000000000000000000425000000000000000000000000000000
07008358000000200122012409470000000000000000100000000000000000
090083580001002001220124094700000000000002170000010000000999000000000000000000000000000000000000006500000000000010000000000
11008358000200200122012409470000090000010000000999000000099900000000000000000000000000500000000040010000
120083580003002001220124094700000000000000000000000000000000000000000000000999000000000000000000000000000000
07008359000000200122012409500000000000000000100000000000000000
090083590001002001220124095000000000000003250000040000000796000000000000000000000000000000000000000790000000000040000000000
090083590002002001220124095000000000000003250000020000000398000000000000000000000000000000000000000790000000000040000000000
090083590003002001220124095000000000000001080003040000000152000000000000000000000000000000100000001000000000000020000000000
11008359000400200122012409500000090000030000001346000000134600000000000000000000000000134600000000000000
120083590005002001220124095003010000000000000000000000000000000000000000001346000000000000000000000000000000
07008360000000200122012409510000000000000000100000000000000000
090083600001002001220124095100000000000003250000010000000199000000000000000000000000000000000000000790000000000040000000000
090083600002002001220124095100000000000001130004600000000230000000000000000000000000000000100000001500000000000020000000000
090083600003002001220124095100000000000001110003700000000259000000000000000000000000000000100000001990000000000020000000000
090083600004002001220124095100000000000001120007100000000567000000000000000000000000000000100000001000000000000020000000000
090083600005002001220124095100000000000011000007680000000230000000000000000000000000000000100000000990000000000020000000000
090083600006002001220124095100000000000001270003820000000152000000000000000000000000000000100000000250000000000020000000000
090083600007002001220124095100000000000002260004660000000279000000000000000000000000000000100000002000000000000010000000000
090083600008002001220124095100000000000002110003500000000175000000000000000000000000000000100000000990000000000010000000000
090083600009002001220124095100000000000002140007600000000455000000000000000000000000000000100000001990000000000010000000000
11008360001000200122012409510000090000090000002546000000254600000000000000000000000001000000000074540000
120083600011002001220124095100000000000000000000000000000000000000000000002546000000000000000000000000000000
07008361000000200122012409530000000000000000100000000000000000
090083610001002001220124095300000000000002120004820000000289000000000000000000000000000000100000002250000000000010000000000
090083610002002001220124095300000000000005020000020000000200I 0000000000000000000000000000000000000100000000000060000000000
090083610003002001220124095300000000000004110000010000000050I 0300000000000000000000000000000000000180000000000030000000000
090083610004002001220124095300000000000001290004020000000120000000000000000000000000000000100000000250000000000020000000000
11008361000500200122012409530000090000040000000659000000065900000000000000000000000000200000000013410000
120083610006002001220124095300000000000000000000000000000000000000000000000659000000000000000000000000000000
14008362000000200122012409530000010000000000
07008363000000200122012409540000000000000000100000000000000000
090083630001002001220124095400000000000002080012620000000630000000000000000000000000000000100000000500000000000010000000000
090083630002002001220124095400000000000001220006340000000443000000000000000000000000000000100000001500000000000020000000000
11008363000300200122012409540000090000020000001073000000107300000000000000000000000000107300000000000000
120083630004002001220124095400000000000000000000000000000000000000000000001073000000000000000000000000000000
07008364000000200122012409580000000000000000100000000000000000
090083640001002001220124095800000000000002070006820000000613000000000000000000000000000000100000001990000000000010000000000
11008364000200200122012409580000090000010000000613000000061300000000000000000000000000100000000003870000
120083640003002001220124095800000000000000000000000000000000000000000000000613000000000000000000000000000000
07008365000000200122012410160000000000000000100000000000000000
090083650001002001220124101600000000000003190000010000000500000000000000000000000000000000000000002000000000000050000000000
11008365000200200122012410160000090000010000000500000000050000000000000000000000000000050000000000000000
120083650003002001220124101603010000000000000000000000000000000000000000000500000000000000000000000000000000
07008366000000200122012410270000000000000000100000000000000000
090083660001002001220124102700000000000001290004260000000127000000000000000000000000000000100000000250000000000020000000000
11008366000200200122012410270000090000010000000127000000012700000000000000000000000000012700000000000000
120083660003002001220124102700000000000000000000000000000000000000000000000127000000000000000000000000000000
07008367000000200122012410280000000000000000100000000000000000
090083670001002001220124102800000000000020700001720000000051000000000000000000000000000000100000000500000000000010000000000
11008367000200200122012410280000090000010000000051000000005100000000000000000000000000005100000000000000
120083670003002001220124102800000000000000000000000000000000000000000000000051000000000000000000000000000000
07008368000000200122012410330000000000000000100000000000000000
090083680001002001220124103300000000000003200000010000002299000000000000000000000000000000000000000000000000000050000000000
11008368000200200122012410330000090000010000002299000000229900000000000000000000000000229900000000000000
120083680003002001220124103300000000000000000000000000000000000000000000002299000000000000000000000000000000
07008369000000200122012410340000000000000000100000000000000000
090083690001002001220124103400000000000001250006160000000492I 0000000000000000000000000000100000000530000000000020000000000
090083690002002001220124103400000000000001140007480000000149000000000000000000000000000000100000000500000000000020000000000
090083690003002001220124103400000000000002090004680000000655000000000000000000000000000000100000004720000000000010000000000
11008369000400200122012410340000090000030000001296000000129600000000000000000000000000200000000007040000
120083690005002001220124103400000000000000000000000000000000000000000000001296000000000000000000000000000000
07008370000000200122012410390000000000000000100000000000000000
090083700001002001220124103900000000000001220006940000000485000000000000000000000000000000100000001500000000000020000000000
090083700002002001220124103900000000000001070000720000000180000000000000000000000000000000100000005000000000000020000000000
11008370000300200122012410390000090000020000000665000000066500000000000000000000000000067500000000100000
120083700004002001220124103900000000000000000000000000000000000000000000000665000000000000000000000000000000
07008371000000200122012410400000000000000000100000000000000000
090083710001002001220124104000000000000001010006660000000599000000000000000000000000000000100000000500000000000020000000000
090083710002002001220124104000000000000002150000010000000249000000000000000000000000000000000000000500000000000010000000000
090083710003002001220124104000000000000002150000010000000249000000000000000000000000000000000000000500000000000010000000000
090083710004002001220124104000000000000002130016120000000966000000000000000000000000000000100000001400000000000010000000000
11008371000500200122012410400000090000040000002063000000206300000000000000000000000000500000000029370000
120083710006002001220124104000000000000000000000000000000000000000000000002063000000000000000000000000000000
07008372000000200122012410420000000000000000100000000000000000
090083720001002001220124104200000000000001050007400000000295000000000000000000000000000000100000000500000000000020000000000
090083720002002001220124104200000000000001150005120000000409000000000000000000000000000000100000001000000000000020000000000
090083720003002001220124104200000000000001290007760000000232000000000000000000000000000000100000000250000000000020000000000
11008372000400200122012410420000090000030000000936000000093600000000000000000000000000093600000000000000
120083720005002001220124104200000000000000000000000000000000000000000000000936000000000000000000000000000000
07008373000000200122012410540000000000000000100000000000000000
090083730001002001220124105400000000000005020000010000000100I 0000000000000000000000000000000000000100000000000060000000000
090083730002002001220124105400000000000003250000010000000199000000000000000000000000000000000000000790000000000040000000000
090083730003002001220124105400000000000001140001780000000035000000000000000000000000000000100000000500000000000020000000000
090083730004002001220124105400000000000001150001300000000104000000000000000000000000000000100000001000000000000020000000000
090083730005002001220124105400000000000002070006220000000559000000000000000000000000000000100000001990000000000010000000000
090083730006002001220124105400000000000002150000020000000498000000000000000000000000000000000000000500000000000010000000000
11008373000700200122012410540000090000060000001495000000149500000000000000000000000000500000000035050000
120083730008002001220124105400000000000000000000000000000000000000000000001495000000000000000000000000000000
07008374000000200122012410550000000000000000100000000000000000
090083740001002001220124105500000000000001110002560000000179000000000000000000000000000000100000001990000000000020000000000
11008374000200200122012410550000090000010000000179000000017900000000000000000000000000017900000000000000
120083740003002001220124105503050000000000000000000000000000000000000000000179000000000000000000000000000000
07008375000000200122012410580000000000000000100000000000000000
090083750001002001220124105800000000000001010008200000000737000000000000000000000000000000100000000500000000000020000000000
11008375000200200122012410580000090000010000000737000000073700000000000000000000000000073700000000000000
120083750003002001220124105800000000000000000000000000000000000000000000000737000000000000000000000000000000
07008376000000200122012411050000000000000000100000000000000000
090083760001002001220124110500000000000001050004700000000188000000000000000000000000000000100000000500000000000020000000000
090083760002002001220124110500000000000003250000020000000398000000000000000000000000000000000000000790000000000040000000000
11008376000300200122012411050000090000020000000586000000058600000000000000000000000000200000000014140000
120083760004002001220124110500000000000000000000000000000000000000000000000586000000000000000000000000000000
07008377000000200122012411060000000000000000100000000000000000
090083770001002001220124110600000000000001060004100000000369000000000000000000000000000000100000001500000000000020000000000
090083770002002001220124110600000000000001010007900000000710000000000000000000000000000000100000000500000000000020000000000
090083770003002001220124110600000000000001270006740000000269000000000000000000000000000000100000000250000000000020000000000
090083770004002001220124110600000000000001170003680000000110000000000000000000000000000000100000000590000000000020000000000
090083770005002001220124110600000000000001090001260000000063000000000000000000000000000000100000001500000000000020000000000
11008377000600200122012411060000090000050000001521000000152100000000000000000000000000500000000034790000
120083770007002001220124110600000000000000000000000000000000000000000000001521000000000000000000000000000000
07008378000000200122012411070000000000000000100000000000000000
090083780001002001220124110700000000000001070000500000000125000000000000000000000000000000100000005000000000000020000000000
090083780002002001220124110700000000000001020003300000000231000000000000000000000000000000100000001200000000000020000000000
11008378000300200122012411070000090000020000000356000000035600000000000000000000000000035600000000000000
120083780004002001220124110703010000000000000000000000000000000000000000000356000000000000000000000000000000
07008379000000200122012411220000000000000000100000000000000000
090083790001002001220124112200000000000001080002860000000143000000000000000000000000000000100000001000000000000020000000000
090083790002002001220124112200000000000001140004100000000082000000000000000000000000000000100000000500000000000020000000000
090083790003002001220124112200000000000005480000020000000500I 0100000000000000000000000000000000000000000000000080000000000
11008379000400200122012411220000090000030000000725000000072500000000000000000000000000200000000012750000
120083790005002001220124112200000000000000000000000000000000000000000000000725000000000000000000000000000000
07008380000000200122012411280000000000000000100000000000000000
090083800001002001220124112800000000000002070010260000000922000000000000000000000000000000100000001990000000000010000000000
090083800002002001220124112800000000000002150000030000000747000000000000000000000000000000000000000500000000000010000000000
11008380000300200122012411280000090000020000001669000000166900000000000000000000000000200000000003310000
120083800004002001220124112800000000000000000000000000000000000000000000001669000000000000000000000000000000
07008381000000200122012411280000000000000000100000000000000000
090083810001002001220124112800000000000005020000700000007000I 0000000000000000000000000000000000000100000000000060000000000
11008381000200200122012411280000090000010000007000000000700000000000000000000000000000700000000000000000
120083810003002001220124112802010000000000000000000000000000000000220000007000000000000000000000000000000000
100083810004002001220124112801000000000000002200000070000000000000001772000009
07008382000000200122012411310000000000000000100000000000000000
090083820001002001220124113100000000000002080009780000000488000000000000000000000000000000100000000500000000000010000000000
17008382000200200122012411310000000000000259
11008382000300200122012411310000090000010000000488000000048800000000000000000000000000048800000000000000
120083820004002001220124113100000000000000000000000000000000000000000000000488000000000000000000000000000000
07008383000000200122012411360000000000000000100000000000000000
090083830001002001220124113600000000000010300004020000000402000000000000000000000000000000100000002490000000000020000000000
11008383000200200122012411360000090000010000000402000000040200000000000000000000000000040200000000000000
120083830003002001220124113600000000000000000000000000000000000000000000000402000000000000000000000000000000
07008384000000200122012411440000000000000000100000000000000000
090083840001002001220124114400000000000002260012140000000727000000000000000000000000000000100000002000000000000010000000000
090083840002002001220124114400000000000001010008960000000806000000000000000000000000000000100000000500000000000020000000000
090083840003002001220124114400000000000001040003640000000218000000000000000000000000000000100000002000000000000020000000000
11008384000400200122012411440000090000030000001751000000175100000000000000000000000000175100000000000000
120083840005002001220124114403050000000000000000000000000000000000000000001751000000000000000000000000000000
07008385000000200122012411450000000000000000100000000000000000
090083850001002001220124114500000000000003250000010000000199000000000000000000000000000000000000000790000000000040000000000
090083850002002001220124114500000000000001060002420000000218000000000000000000000000000000100000001500000000000020000000000
090083850003002001220124114500000000000001230000380000000095000000000000000000000000000000100000008750000000000020000000000
090083850004002001220124114500000000000001070001600000000400000000000000000000000000000000100000005000000000000020000000000
11008385000500200122012411450000090000040000000912000000091200000000000000000000000000091200000000000000
120083850006002001220124114503010000000000000000000000000000000000000000000912000000000000000000000000000000
14008386000000200122012411460000010000000000
14008387000000200122012411470000010000000000
07008388000000200122012411490000000000000000100000000000000000
090083880001002001220124114900000000000001070000860000000215000000000000000000000000000000100000005000000000000020000000000
090083880002002001220124114900000000000001050000740000000030000000000000000000000000000000100000000500000000000020000000000
11008388000300200122012411490000090000020000000245000000024500000000000000000000000000024500000000000000
120083880004002001220124114903010000000000000000000000000000000000000000000245000000000000000000000000000000
07008389000000200122012411490000000000000000100000000000000000
090083890001002001220124114900000000000001010007020000000631000000000000000000000000000000100000000500000000000020000000000
11008389000200200122012411490000090000010000000631000000063100000000000000000000000000500000000043690000
120083890003002001220124114900000000000000000000000000000000000000000000000631000000000000000000000000000000
07008390000000200122012411500000000000000000100000000000000000
090083900001002001220124115000000000000002170000010000000999000000000000000000000000000000000000006500000000000010000000000
11008390000200200122012411500000090000010000000999000000099900000000000000000000000000099900000000000000
120083900003002001220124115000000000000000000000000000000000000000000000000999000000000000000000000000000000
07008391000000200122012411530000000000000000100000000000000000
090083910001002001220124115300000000000001010005700000000512000000000000000000000000000000100000000500000000000020000000000
11008391000200200122012411530000090000010000000512000000051200000000000000000000000000051200000000000000
120083910003002001220124115300000000000000000000000000000000000000000000000512000000000000000000000000000000
07008392000000200122012411560000000000000000100000000000000000
090083920001002001220124115600000000000002070011120000001000000000000000000000000000000000100000001990000000000010000000000
11008392000200200122012411560000090000010000001000000000100000000000000000000000000000100000000000000000
120083920003002001220124115603010000000000000000000000000000000000000000001000000000000000000000000000000000
07008393000000200122012412030000000000000000100000000000000000
090083930001002001220124120300000000000001010007240000000651000000000000000000000000000000100000000500000000000020000000000
11008393000200200122012412030000090000010000000651000000065100000000000000000000000000065100000000000000
120083930003002001220124120300000000000000000000000000000000000000000000000651000000000000000000000000000000
07008394000000200122012412090000000000000000100000000000000000
090083940001002001220124120900000000000001080004020000000201000000000000000000000000000000100000001000000000000020000000000
090083940002002001220124120900000000000002260012800000000767000000000000000000000000000000100000002000000000000010000000000
090083940003002001220124120900000000000001040003200000000192000000000000000000000000000000100000002000000000000020000000000
090083940004002001220124120900000000000001090000760000000038000000000000000000000000000000100000001500000000000020000000000
090083940005002001220124120900000000000005480000020000000500I 0100000000000000000000000000000000000000000000000080000000000
11008394000600200122012412090000090000050000001698000000169800000000000000000000000000169800000000000000
120083940007002001220124120902010000000000000000000000000000000000110000001698000000000000000000000000000000
100083940008002001220124120901000000000000001100000016980000000000000181000009
07008395000000200122012412110000000000000000100000000000000000
090083950001002001220124121100000000000001080006840000000341000000000000000000000000000000100000001000000000000020000000000
090083950002002001220124121100000000000011000015180000000454000000000000000000000000000000100000000990000000000020000000000
090083950003002001220124121100000000000001240004380000000262000000000000000000000000000000100000001670000000000020000000000
090083950004002001220124121100000000000001130005800000000289000000000000000000000000000000100000001500000000000020000000000
11008395000500200122012412110000090000040000001346000000134600000000000000000000000000134600000000000000
120083950006002001220124121103010000000000000000000000000000000000000000001346000000000000000000000000000000
07008396000000200122012412180000000000000000100000000000000000
090083960001002001220124121800000000000003250000020000000398000000000000000000000000000000000000000790000000000040000000000
11008396000200200122012412180000090000010000000398000000039800000000000000000000000000039800000000000000
120083960003002001220124121803010000000000000000000000000000000000000000000398000000000000000000000000000000
07008397000000200122012412220000000000000000100000000000000000
090083970001002001220124122200000000000002070006480000000583000000000000000000000000000000100000001990000000000010000000000
090083970002002001220124122200000000000003250000010000000199000000000000000000000000000000000000000790000000000040000000000
090083970003002001220124122200000000000002220000020000001198000000000000000000000000000000000000001500000000000010000000000
090083970004002001220124122200000000000001020005760000000403000000000000000000000000000000100000001200000000000020000000000
090083970005002001220124122200000000000020800011440000000113000000000000000000000000000000100000000500000000000010000000000
090083970006002001220124122200000000000001070001700000000425000000000000000000000000000000100000005000000000000020000000000
090083970007002001220124122200000000000001050004840000000193000000000000000000000000000000100000000500000000000020000000000
11008397000800200122012412220000090000070000003114000000311400000000000000000000000000311400000000000000
120083970009002001220124122200000000000000000000000000000000000000000000003114000000000000000000000000000000
07008398000000200122012412280000000000000000100000000000000000
090083980001002001220124122800000000000003250000010000000199000000000000000000000000000000000000000790000000000040000000000
11008398000200200122012412280000090000010000000199000000019900000000000000000000000000019900000000000000
120083980003002001220124122803010000000000000000000000000000000000000000000199000000000000000000000000000000
14008399000000200122012412280000010000000000
14008400000000200122012412290000010000000589
07008401000000200122012412300000000000000000100000000000000000
090084010001002001220124123000000000000002040013900000000416000000000000000000000000000000100000000500000000000010000000000
11008401000200200122012412300000090000010000000416000000041600000000000000000000000000041600000000000000
120084010003002001220124123003010000000000000000000000000000000000000000000416000000000000000000000000000000
07008402000000200122012412320000000000000000100000000000000000
090084020001002001220124123200000000000003250000020000000398000000000000000000000000000000000000000790000000000040000000000
090084020002002001220124123200000000000001220009720000000679000000000000000000000000000000100000001500000000000020000000000
090084020003002001220124123200000000000002040004600000000138000000000000000000000000000000100000000500000000000010000000000
090084020004002001220124123200000000000002070012660000001138000000000000000000000000000000100000001990000000000010000000000
090084020005002001220124123200000000000002090004660000000652000000000000000000000000000000100000004720000000000010000000000
090084020006002001220124123200000000000001080007620000000380000000000000000000000000000000100000001000000000000020000000000
090084020007002001220124123200000000000001060005860000000527000000000000000000000000000000100000001500000000000020000000000
090084020008002001220124123200000000000005020000050000000500I 0000000000000000000000000000000000000100000000000060000000000
11008402000900200122012412320000090000080000004412000000441200000000000000000000000000441200000000000000
120084020010002001220124123202010000000000000000000000000000000000100000004412000000000000000000000000000000
100084020011002001220124123201000000000000001000000044120000000000000075000009
07008403000000200122012412330000000000000000100000000000000000
090084030001002001220124123300000000000003020000010000000150000000000000000000000000000000000000000500000000000030000000000
090084030002002001220124123300000000000001070000860000000215000000000000000000000000000000100000005000000000000020000000000
090084030003002001220124123300000000000002090001240000000173000000000000000000000000000000100000004720000000000010000000000
090084030004002001220124123300000000000001230000420000000105000000000000000000000000000000100000008750000000000020000000000
11008403000500200122012412330000090000040000000643000000064300000000000000000000000000064300000000000000
120084030006002001220124123303010000000000000000000000000000000000000000000643000000000000000000000000000000
07008404000000200122012412390000000000000000100000000000000000
090084040001002001220124123900000000000001080003520000000176000000000000000000000000000000100000001000000000000020000000000
090084040002002001220124123900000000000001250010200000000815I 0000000000000000000000000000100000000530000000000020000000000
090084040003002001220124123900000000000001150010760000000860000000000000000000000000000000100000001000000000000020000000000
090084040004002001220124123900000000000001140007340000000146000000000000000000000000000000100000000500000000000020000000000
090084040005002001220124123900000000000001160016140000000805000000000000000000000000000000100000000670000000000020000000000
090084040006002001220124123900000000000001270017000000000678000000000000000000000000000000100000000250000000000020000000000
090084040007002001220124123900000000000001060012060000001084000000000000000000000000000000100000001500000000000020000000000
090084040008002001220124123900000000000001260017100000000853000000000000000000000000000000100000000500000000000020000000000
090084040009002001220124123900000000000002650004020000000361000000000000000000000000000000100000003990000000000010000000000
090084040010002001220124123900000000000002080016420000000819000000000000000000000000000000100000000500000000000010000000000
090084040011002001220124123900000000000001310000020000000998000000000000000000000000000000000000002500000000000020000000000
090084040012002001220124123900000000000002430000010000000999000000000000000000000000000000000000000000000000000010000000000
090084040013002001220124123900000000000003200000010000002299000000000000000000000000000000000000000000000000000050000000000
11008404001400200122012412390000090000130000010893000001089300000000000000000000000001089300000000000000
120084040015002001220124123903010000000000000000000000000000000000000000010893000000000000000000000000000000
07008405000000200122012412390000000000000000100000000000000000
090084050001002001220124123900000000000001220003680000000257000000000000000000000000000000100000001500000000000020000000000
11008405000200200122012412390000090000010000000257000000025700000000000000000000000000200000000017430000
120084050003002001220124123900000000000000000000000000000000000000000000000257000000000000000000000000000000
07008406000000200122012412480000000000000000100000000000000000
090084060001002001220124124800000000000001070001520000000380000000000000000000000000000000100000005000000000000020000000000
11008406000200200122012412480000090000010000000380000000038000000000000000000000000000050000000001200000
120084060003002001220124124800000000000000000000000000000000000000000000000380000000000000000000000000000000
07008407000000200122012413020000000000000000100000000000000000
090084070001002001220124130200000000000001020009100000000636000000000000000000000000000000100000001200000000000020000000000
090084070002002001220124130200000000000001290007760000000232000000000000000000000000000000100000000250000000000020000000000
090084070003002001220124130200000000000020700010520000000315000000000000000000000000000000100000000500000000000010000000000
11008407000400200122012413020000090000030000001183000000118300000000000000000000000000118300000000000000
120084070005002001220124130203050000000000000000000000000000000000000000001183000000000000000000000000000000
07008408000000200122012413060000000000000000100000000000000000
090084080001002001220124130600000000000002090003560000000498000000000000000000000000000000100000004720000000000010000000000
090084080002002001220124130600000000000002040004760000000142000000000000000000000000000000100000000500000000000010000000000
090084080003002001220124130600000000000001170004300000000129000000000000000000000000000000100000000590000000000020000000000
090084080004002001220124130600000000000002010012720000000889000000000000000000000000000000100000000990000000000010000000000
11008408000500200122012413060000090000040000001658000000165800000000000000000000000000500000000033420000
120084080006002001220124130600000000000000000000000000000000000000000000001658000000000000000000000000000000
07008409000000200122012413140000000000000000100000000000000000
090084090001002001220124131400000000000001080003900000000195000000000000000000000000000000100000001000000000000020000000000
11008409000200200122012413140000090000010000000195000000019500000000000000000000000000019500000000000000
120084090003002001220124131400000000000000000000000000000000000000000000000195000000000000000000000000000000
07008410000000200122012413190000000000000000100000000000000000
090084100001002001220124131900000000000002080014300000000714000000000000000000000000000000100000000500000000000010000000000
090084100002002001220124131900000000000001080004080000000204000000000000000000000000000000100000001000000000000020000000000
090084100003002001220124131900000000000001090001100000000055000000000000000000000000000000100000001500000000000020000000000
090084100004002001220124131900000000000001040003740000000224000000000000000000000000000000100000002000000000000020000000000
090084100005002001220124131900000000000003250000020000000398000000000000000000000000000000000000000790000000000040000000000
11008410000600200122012413190000090000050000001595000000159500000000000000000000000000159500000000000000
120084100007002001220124131900000000000000000000000000000000000000000000001595000000000000000000000000000000
07008411000000200122012413220000000000000000100000000000000000
090084110001002001220124132200000000000001080002600000000130000000000000000000000000000000100000001000000000000020000000000
090084110002002001220124132200000000000003250000010000000199000000000000000000000000000000000000000790000000000040000000000
090084110003002001220124132200000000000001040001520000000091000000000000000000000000000000100000002000000000000020000000000
11008411000400200122012413220000090000030000000420000000042000000000000000000000000000042000000000000000
120084110005002001220124132200000000000000000000000000000000000000000000000420000000000000000000000000000000
060084110006002001220124132800000100000500000000000000000000000000000000000000000000
05008411000700200122012413280000010000007500
07008412000000200122012413290000000000000000100000000000000000
090084120001002001220124132900000000000001050005040000000201000000000000000000000000000000100000000500000000000020000000000
090084120002002001220124132900000000000001070001620000000405000000000000000000000000000000100000005000000000000020000000000
090084120003002001220124132900000000000001290002500000000075000000000000000000000000000000100000000250000000000020000000000
11008412000400200122012413290000090000030000000681000000068100000000000000000000000000100000000003190000
120084120005002001220124132900000000000000000000000000000000000000000000000681000000000000000000000000000000
07008413000000200122012413300000000000000000100000000000000000
090084130001002001220124133000000000000002250004340000000260000000000000000000000000000000100000002670000000000010000000000
11008413000200200122012413300000090000010000000260000000026000000000000000000000000000026000000000000000
120084130003002001220124133000000000000000000000000000000000000000000000000260000000000000000000000000000000
07008414000000200122012413300000000000000000100000000000000000
090084140001002001220124133000000000000002070006700000000602000000000000000000000000000000100000001990000000000010000000000
11008414000200200122012413300000090000010000000602000000060200000000000000000000000000060200000000000000
120084140003002001220124133000000000000000000000000000000000000000000000000602000000000000000000000000000000
07008415000000200122012413370000000000000000100000000000000000
090084150001002001220124133700000000000001220007800000000545000000000000000000000000000000100000001500000000000020000000000
090084150002002001220124133700000000000002080012080000000603000000000000000000000000000000100000000500000000000010000000000
090084150003002001220124133700000000000002020007000000000699000000000000000000000000000000100000001990000000000010000000000
090084150004002001220124133700000000000002260008700000000521000000000000000000000000000000100000002000000000000010000000000
11008415000500200122012413370000090000040000002368000000236800000000000000000000000000500000000026320000
120084150006002001220124133700000000000000000000000000000000000000000000002368000000000000000000000000000000
07008416000000200122012413380000000000000000100000000000000000
090084160001002001220124133800000000000020700014860000000444000000000000000000000000000000100000000500000000000010000000000
090084160002002001220124133800000000000001010007460000000671000000000000000000000000000000100000000500000000000020000000000
11008416000300200122012413380000090000020000001115000000111500000000000000000000000000111500000000000000
120084160004002001220124133803010000000000000000000000000000000000000000001115000000000000000000000000000000
07008417000000200122012413470000000000000000100000000000000000
090084170001002001220124134700000000000005020000030000000300I 0000000000000000000000000000000000000100000000000060000000000
090084170002002001220124134700000000000002080018960000000946000000000000000000000000000000100000000500000000000010000000000
17008417000300200122012413470000000000000904
090084170004002001220124134700000000000002120005780000000346000000000000000000000000000000100000002250000000000010000000000
090084170005002001220124134700000000000002110008100000000404000000000000000000000000000000100000000990000000000010000000000
090084170006002001220124134700000000000002140010720000000642000000000000000000000000000000100000001990000000000010000000000
090084170007002001220124134700000000000002240015120000000452000000000000000000000000000000100000001500000000000010000000000
11008417000800200122012413470000090000060000003090000000309000000000000000000000000000500000000019100000
120084170009002001220124134700000000000000000000000000000000000000000000003090000000000000000000000000000000
07008418000000200122012413520000000000000000100000000000000000
090084180001002001220124135200000000000002110006740000000336000000000000000000000000000000100000000990000000000010000000000
090084180002002001220124135200000000000002040004380000000131000000000000000000000000000000100000000500000000000010000000000
090084180003002001220124135200000000000002280008600000000257000000000000000000000000000000100000001000000000000010000000000
090084180004002001220124135200000000000001150002260000000181000000000000000000000000000000100000001000000000000020000000000
11008418000500200122012413520000090000040000000905000000090500000000000000000000000000090500000000000000
120084180006002001220124135200000000000000000000000000000000000000000000000905000000000000000000000000000000
07008419000000200122012413530000000000000000100000000000000000
090084190001002001220124135300000000000001050002740000000109000000000000000000000000000000100000000500000000000020000000000
11008419000200200122012413530000090000010000000109000000010900000000000000000000000000010900000000000000
120084190003002001220124135300000000000000000000000000000000000000000000000109000000000000000000000000000000
07008420000000200122012413550000000000000000100000000000000000
090084200001002001220124135500000000000001080005700000000284000000000000000000000000000000100000001000000000000020000000000
11008420000200200122012413550000090000010000000284000000028400000000000000000000000000028400000000000000
120084200003002001220124135503010000000000000000000000000000000000000000000284000000000000000000000000000000
07008421000000200122012414030000000000000000100000000000000000
090084210001002001220124140300000000000003190000010000000500000000000000000000000000000000000000002000000000000050000000000
11008421000200200122012414030000090000010000000500000000050000000000000000000000000000050000000000000000
120084210003002001220124140303030000000000000000000000000000000000000000000500000000000000000000000000000000
07008422000000200122012414030000000000000000100000000000000000
090084220001002001220124140300000000000002070004260000000383000000000000000000000000000000100000001990000000000010000000000
090084220002002001220124140300000000000001070000720000000180000000000000000000000000000000100000005000000000000020000000000
11008422000300200122012414030000090000020000000563000000056300000000000000000000000000056300000000000000
120084220004002001220124140302010000000000000000000000000000000000220000000563000000000000000000000000000000
100084220005002001220124140301000000000000002200000005630000000000001773000009
07008423000000200122012414240000000000000000100000000000000000
090084230001002001220124142400000000000002090007160000001002000000000000000000000000000000100000004720000000000010000000000
090084230002002001220124142400000000000002070009020000000811000000000000000000000000000000100000001990000000000010000000000
11008423000300200122012414240000090000020000001813000000181300000000000000000000000000200000000001870000
120084230004002001220124142400000000000000000000000000000000000000000000001813000000000000000000000000000000
14008424000000200122012414250000010000000000
07008425000000200122012414260000000000000000100000000000000000
090084250001002001220124142600000000000002010007780000000544000000000000000000000000000000100000000990000000000010000000000
11008425000200200122012414260000090000010000000544000000054400000000000000000000000000054400000000000000
120084250003002001220124142600000000000000000000000000000000000000000000000544000000000000000000000000000000
07008426000000200122012414540000000000000000100000000000000000
090084260001002001220124145400000000000002170000010000000999000000000000000000000000000000000000006500000000000010000000000
11008426000200200122012414540000090000010000000999000000099900000000000000000000000000099900000000000000
120084260003002001220124145400000000000000000000000000000000000000000000000999000000000000000000000000000000
07008427000000200122012415090000000000000000100000000000000000
090084270001002001220124150900000000000003010000010000000999000000000000000000000000000000000000006000000000000050000000000
11008427000200200122012415090000090000010000000999000000099900000000000000000000000000099900000000000000
120084270003002001220124150900000000000000000000000000000000000000000000000999000000000000000000000000000000
07008428000000200122012415150000000000000000100000000000000000
090084280001002001220124151500000000000001010006100000000548000000000000000000000000000000100000000500000000000020000000000
11008428000200200122012415150000090000010000000548000000054800000000000000000000000000054800000000000000
120084280003002001220124151500000000000000000000000000000000000000000000000548000000000000000000000000000000
07008429000000200122012415190000000000000000100000000000000000
090084290001002001220124151900000000000003250000010000000199000000000000000000000000000000000000000790000000000040000000000
11008429000200200122012415190000090000010000000199000000019900000000000000000000000000019900000000000000
120084290003002001220124151900000000000000000000000000000000000000000000000199000000000000000000000000000000
07008430000000200122012415270000000000000000100000000000000000
090084300001002001220124152700000000000002170000010000000999000000000000000000000000000000000000006500000000000010000000000
11008430000200200122012415270000090000010000000999000000099900000000000000000000000000099900000000000000
120084300003002001220124152700000000000000000000000000000000000000000000000999000000000000000000000000000000
07008431000000200122012415510000000000000000100000000000000000
090084310001002001220124155100000000000001160011340000000566000000000000000000000000000000100000000670000000000020000000000
090084310002002001220124155100000000000002080030120000001503000000000000000000000000000000100000000500000000000010000000000
090084310003002001220124155100000000000002010011980000000837000000000000000000000000000000100000000990000000000010000000000
090084310004002001220124155100000000000001220008380000000586000000000000000000000000000000100000001500000000000020000000000
090084310005002001220124155100000000000001270007080000000282000000000000000000000000000000100000000250000000000020000000000
090084310006002001220124155100000000000001180006640000000398000000000000000000000000000000100000001000000000000020000000000
090084310007002001220124155100000000000001080008740000000436000000000000000000000000000000100000001000000000000020000000000
11008431000800200122012415510000090000070000004608000000460800000000000000000000000000460800000000000000
120084310009002001220124155103020000000000000000000000000000000000000000004608000000000000000000000000000000
07008432000000200122012416120000000000000000100000000000000000
090084320001002001220124161200000000000001010007480000000672000000000000000000000000000000100000000500000000000020000000000
11008432000200200122012416120000090000010000000672000000067200000000000000000000000000067200000000000000
120084320003002001220124161203060000000000000000000000000000000000000000000672000000000000000000000000000000
07008433000000200122012416140000000000000000100000000000000000
090084330001002001220124161400000000000001020023480000001641000000000000000000000000000000100000001200000000000020000000000
11008433000200200122012416140000090000010000001641000000164100000000000000000000000000164100000000000000
120084330003002001220124161403020000000000000000000000000000000000000000001641000000000000000000000000000000
07008434000000200122012416240000000000000000100000000000000000
090084340001002001220124162400000000000001170003020000000090000000000000000000000000000000100000000590000000000020000000000
090084340002002001220124162400000000000001080005740000000286000000000000000000000000000000100000001000000000000020000000000
090084340003002001220124162400000000000003190000010000000500000000000000000000000000000000000000002000000000000050000000000
11008434000400200122012416240000090000030000000876000000087600000000000000000000000000087600000000000000
120084340005002001220124162403020000000000000000000000000000000000000000000876000000000000000000000000000000
07008435000000200122012416290000000000000000100000000000000000
090084350001002001220124162900000000000001010032880000002956000000000000000000000000000000100000000500000000000020000000000
17008435000200200122012416290000000000000531
090084350003002001220124162900000000000001290010600000000317000000000000000000000000000000100000000250000000000020000000000
11008435000400200122012416290000090000020000003273000000327300000000000000000000000000327300000000000000
120084350005002001220124162903060000000000000000000000000000000000000000003273000000000000000000000000000000
07008436000000200122012416470000000000000000100000000000000000
090084360001002001220124164700000000000002260002820000000169000000000000000000000000000000100000002000000000000010000000000
090084360002002001220124164700000000000001040003920000000235000000000000000000000000000000100000002000000000000020000000000
11008436000300200122012416470000090000020000000404000000040400000000000000000000000000040400000000000000
120084360004002001220124164700000000000000000000000000000000000000000000000404000000000000000000000000000000
07008437000000200122012416540000000000000000100000000000000000
090084370001002001220124165400000000000002080006700000000334000000000000000000000000000000100000000500000000000010000000000
090084370002002001220124165400000000000011000008220000000246000000000000000000000000000000100000000990000000000020000000000
090084370003002001220124165400000000000001080002260000000113000000000000000000000000000000100000001000000000000020000000000
11008437000400200122012416540000090000030000000693000000069300000000000000000000000000100000000003070000
120084370005002001220124165400000000000000000000000000000000000000000000000693000000000000000000000000000000
07008438000000200122012417020000000000000000100000000000000000
090084380001002001220124170200000000000003250000010000000199000000000000000000000000000000000000000790000000000040000000000
090084380002002001220124170200000000000005020000010000000100I 0000000000000000000000000000000000000100000000000060000000000
11008438000300200122012417020000090000020000000299000000029900000000000000000000000000029900000000000000
120084380004002001220124170200000000000000000000000000000000000000000000000299000000000000000000000000000000
07008439000000200122012417060000000000000000100000000000000000
090084390001002001220124170600000000000005230000010000003500I 0100000000000000000000000000000000000000000000000070000000000
11008439000200200122012417060000090000010000003500000000350000000000000000000000000000350000000000000000
120084390003002001220124170603060000000000000000000000000000000000000000003500000000000000000000000000000000
07008440000000200122012417070000000000000000100000000000000000
090084400001002001220124170700000000000020700018600000000556000000000000000000000000000000100000000500000000000010000000000
11008440000200200122012417070000090000010000000556000000055600000000000000000000000000070000000001440000
120084400003002001220124170700000000000000000000000000000000000000000000000556000000000000000000000000000000
07008441000000200122012417120000000000000000100000000000000000
090084410001002001220124171200000000000002110004080000000204000000000000000000000000000000100000000990000000000010000000000
090084410002002001220124171200000000000002070011860000001066000000000000000000000000000000100000001990000000000010000000000
11008441000300200122012417120000090000020000001270000000127000000000000000000000000000230000000010300000
120084410004002001220124171200000000000000000000000000000000000000000000001270000000000000000000000000000000
07008442000000200122012417170000000000000000100000000000000000
090084420001002001220124171700000000000003200000010000002299000000000000000000000000000000000000000000000000000050000000000
090084420002002001220124171700000000000001170008600000000257000000000000000000000000000000100000000590000000000020000000000
11008442000300200122012417170000090000020000002556000000255600000000000000000000000000255600000000000000
120084420004002001220124171703050000000000000000000000000000000000000000002556000000000000000000000000000000
14008443000000200122012417200000010000000000
07008444000000200122012417210000000000000000100000000000000000
090084440001002001220124172100000000000002070001940000000174000000000000000000000000000000100000001990000000000010000000000
11008444000200200122012417210000090000010000000174000000017400000000000000000000000000017400000000000000
120084440003002001220124172100000000000000000000000000000000000000000000000174000000000000000000000000000000
07008445000000200122012417240000000000000000100000000000000000
090084450001002001220124172400000000000005050000010000000600I 0100000000000000000000000000000000003000000000000080000000000
090084450002002001220124172400000000000002020008620000000861000000000000000000000000000000100000001990000000000010000000000
090084450003002001220124172400000000000002070005460000000491000000000000000000000000000000100000001990000000000010000000000
11008445000400200122012417240000090000030000001952000000195200000000000000000000000000195200000000000000
120084450005002001220124172403020000000000000000000000000000000000000000001952000000000000000000000000000000
07008446000000200122012417250000000000000000100000000000000000
090084460001002001220124172500000000000002170000010000000999000000000000000000000000000000000000006500000000000010000000000
090084460002002001220124172500000000000002170000010000000999000000000000000000000000000000000000006500000000000010000000000
11008446000300200122012417250000090000020000001998000000199800000000000000000000000001000000000080020000
120084460004002001220124172500000000000000000000000000000000000000000000001998000000000000000000000000000000
07008447000000200122012417280000000000000000100000000000000000
090084470001002001220124172800000000000002070005880000000529000000000000000000000000000000100000001990000000000010000000000
11008447000200200122012417280000090000010000000529000000052900000000000000000000000000052900000000000000
120084470003002001220124172803030000000000000000000000000000000000000000000529000000000000000000000000000000
07008448000000200122012417310000000000000000100000000000000000
090084480001002001220124173100000000000002040004540000000136000000000000000000000000000000100000000500000000000010000000000
090084480002002001220124173100000000000003190000010000000500000000000000000000000000000000000000002000000000000050000000000
090084480003002001220124173100000000000001080001440000000072000000000000000000000000000000100000001000000000000020000000000
090084480004002001220124173100000000000001050001800000000072000000000000000000000000000000100000000500000000000020000000000
090084480005002001220124173100000000000001090000620000000031000000000000000000000000000000100000001500000000000020000000000
090084480006002001220124173100000000000001070001340000000335000000000000000000000000000000100000005000000000000020000000000
090084480007002001220124173100000000000002080011400000000569000000000000000000000000000000100000000500000000000010000000000
11008448000800200122012417310000090000070000001715000000171500000000000000000000000000171500000000000000
120084480009002001220124173103070000000000000000000000000000000000000000001715000000000000000000000000000000
07008449000000200122012417340000000000000000100000000000000000
090084490001002001220124173400000000000001020007260000000507000000000000000000000000000000100000001200000000000020000000000
090084490002002001220124173400000000000001090001100000000055000000000000000000000000000000100000001500000000000020000000000
090084490003002001220124173400000000000001040001200000000072000000000000000000000000000000100000002000000000000020000000000
090084490004002001220124173400000000000003250000010000000199000000000000000000000000000000000000000790000000000040000000000
090084490005002001220124173400000000000001290002120000000063000000000000000000000000000000100000000250000000000020000000000
11008449000600200122012417340000090000050000000896000000089600000000000000000000000000089600000000000000
120084490007002001220124173403030000000000000000000000000000000000000000000896000000000000000000000000000000
07008450000000200122012417470000000000000000100000000000000000
090084500001002001220124174700000000000002190000010000000799000000000000000000000000000000000000002250000000000010000000000
090084500002002001220124174700000000000001220008280000000579000000000000000000000000000000100000001500000000000020000000000
11008450000300200122012417470000090000020000001378000000137800000000000000000000000000137800000000000000
120084500004002001220124174703020000000000000000000000000000000000000000001378000000000000000000000000000000
14008451000000200122012417550000010000000000
07008452000000200122012417550000000000000000100000000000000000
090084520001002001220124175500000000000001010008500000000764000000000000000000000000000000100000000500000000000020000000000
090084520002002001220124175500000000000001040001060000000063000000000000000000000000000000100000002000000000000020000000000
11008452000300200122012417550000090000020000000827000000082700000000000000000000000000100000000001730000
120084520004002001220124175500000000000000000000000000000000000000000000000827000000000000000000000000000000
07008453000000200122012417580000000000000000100000000000000000
090084530001002001220124175800000000000003010000010000000999000000000000000000000000000000000000006000000000000050000000000
090084530002002001220124175800000000000001060002560000000230000000000000000000000000000000100000001500000000000020000000000
11008453000300200122012417580000090000020000001229000000122900000000000000000000000000200000000007710000
120084530004002001220124175800000000000000000000000000000000000000000000001229000000000000000000000000000000
07008454000000200122012418010000000000000000100000000000000000
090084540001002001220124180100000000000020700015460000000462000000000000000000000000000000100000000500000000000010000000000
090084540002002001220124180100000000000001080008200000000409000000000000000000000000000000100000001000000000000020000000000
090084540003002001220124180100000000000005280000010000000299I 0100000000000000000000000000000000001990000000000080000000000
11008454000400200122012418010000090000030000001170000000117000000000000000000000000000120000000000300000
120084540005002001220124180100000000000000000000000000000000000000000000001170000000000000000000000000000000
07008455000000200122012418020000000000000000100000000000000000
090084550001002001220124180200000000000011000008620000000258000000000000000000000000000000100000000990000000000020000000000
090084550002002001220124180200000000000002170000010000000999000000000000000000000000000000000000006500000000000010000000000
090084550003002001220124180200000000000001120002960000000237000000000000000000000000000000100000001000000000000020000000000
090084550004002001220124180200000000000001220005820000000407000000000000000000000000000000100000001500000000000020000000000
090084550005002001220124180200000000000001160008220000000410000000000000000000000000000000100000000670000000000020000000000
090084550006002001220124180200000000000001060002320000000209000000000000000000000000000000100000001500000000000020000000000
11008455000700200122012418020000090000060000002520000000252000000000000000000000000000500000000024800000
120084550008002001220124180200000000000000000000000000000000000000000000002520000000000000000000000000000000
07008456000000200122012418030000000000000000100000000000000000
090084560001002001220124180300000000000005480000010000000250I 0100000000000000000000000000000000000000000000000080000000000
11008456000200200122012418030000090000010000000250000000025000000000000000000000000000025000000000000000
120084560003002001220124180300000000000000000000000000000000000000000000000250000000000000000000000000000000
07008457000000200122012418040000000000000000100000000000000000
090084570001002001220124180400000000000020800007280000000072000000000000000000000000000000100000000500000000000010000000000
090084570002002001220124180400000000000001150002120000000169000000000000000000000000000000100000001000000000000020000000000
090084570003002001220124180400000000000001140001100000000022000000000000000000000000000000100000000500000000000020000000000
11008457000400200122012418040000090000030000000263000000026300000000000000000000000000026300000000000000
120084570005002001220124180403020000000000000000000000000000000000000000000263000000000000000000000000000000
07008458000000200122012418050000000000000000100000000000000000
090084580001002001220124180500000000000001020006000000000419000000000000000000000000000000100000001200000000000020000000000
090084580002002001220124180500000000000003010000010000000999000000000000000000000000000000000000006000000000000050000000000
11008458000300200122012418050000090000020000001418000000141800000000000000000000000000141800000000000000
120084580004002001220124180500000000000000000000000000000000000000000000001418000000000000000000000000000000
14008459000000200122012418050000010000000000
07008460000000200122012418060000000000000000100000000000000000
090084600001002001220124180600000000000003010000010000000999000000000000000000000000000000000000006000000000000050000000000
090084600002002001220124180600000000000001040001280000000077000000000000000000000000000000100000002000000000000020000000000
11008460000300200122012418060000090000020000001076000000107600000000000000000000000000107600000000000000
120084600004002001220124180603020000000000000000000000000000000000000000001076000000000000000000000000000000
07008461000000200122012418070000000000000000100000000000000000
090084610001002001220124180700000000000001040002940000000176000000000000000000000000000000100000002000000000000020000000000
090084610002002001220124180700000000000001010008860000000797000000000000000000000000000000100000000500000000000020000000000
11008461000300200122012418070000090000020000000973000000097300000000000000000000000000200000000010270000
120084610004002001220124180700000000000000000000000000000000000000000000000973000000000000000000000000000000
07008462000000200122012418090000000000000000100000000000000000
090084620001002001220124180900000000000002010010120000000707000000000000000000000000000000100000000990000000000010000000000
090084620002002001220124180900000000000001270006220000000248000000000000000000000000000000100000000250000000000020000000000
090084620003002001220124180900000000000001080004860000000243000000000000000000000000000000100000001000000000000020000000000
090084620004002001220124180900000000000003010000010000000999000000000000000000000000000000000000006000000000000050000000000
090084620005002001220124180900000000000002070011020000000991000000000000000000000000000000100000001990000000000010000000000
090084620006002001220124180900000000000002040003740000000112000000000000000000000000000000100000000500000000000010000000000
11008462000700200122012418090000090000060000003300000000330000000000000000000000000001000000000067000000
120084620008002001220124180900000000000000000000000000000000000000000000003300000000000000000000000000000000
07008463000000200122012418120000000000000000100000000000000000
090084630001002001220124181200000000000002010018200000001272000000000000000000000000000000100000000990000000000010000000000
090084630002002001220124181200000000000002150000010000000249000000000000000000000000000000000000000500000000000010000000000
090084630003002001220124181200000000000002150000010000000249000000000000000000000000000000000000000500000000000010000000000
11008463000400200122012418120000090000030000001770000000177000000000000000000000000000177000000000000000
120084630005002001220124181203030000000000000000000000000000000000000000001770000000000000000000000000000000
07008464000000200122012418140000000000000000100000000000000000
090084640001002001220124181400000000000002080008460000000422000000000000000000000000000000100000000500000000000010000000000
11008464000200200122012418140000090000010000000422000000042200000000000000000000000000200000000015780000
120084640003002001220124181400000000000000000000000000000000000000000000000422000000000000000000000000000000
07008465000000200122012418200000000000000000100000000000000000
090084650001002001220124182000000000000002220000010000000599000000000000000000000000000000000000001500000000000010000000000
11008465000200200122012418200000090000010000000599000000059900000000000000000000000000059900000000000000
120084650003002001220124182000000000000000000000000000000000000000000000000599000000000000000000000000000000
07008466000000200122012418240000000000000000100000000000000000
090084660001002001220124182400000000000001270008020000000320000000000000000000000000000000100000000250000000000020000000000
090084660002002001220124182400000000000002040004480000000134000000000000000000000000000000100000000500000000000010000000000
11008466000300200122012418240000090000020000000454000000045400000000000000000000000000045400000000000000
120084660004002001220124182403030000000000000000000000000000000000000000000454000000000000000000000000000000
07008467000000200122012418290000000000000000100000000000000000
090084670001002001220124182900000000000002070006220000000559000000000000000000000000000000100000001990000000000010000000000
11008467000200200122012418290000090000010000000559000000055900000000000000000000000000055900000000000000
120084670003002001220124182902010000000000000000000000000000000000220000000559000000000000000000000000000000
100084670004002001220124182901000000000000002200000005590000000000001774000009
07008468000000200122012418320000000000000000100000000000000000
090084680001002001220124183200000000000001010012520000001126000000000000000000000000000000100000000500000000000020000000000
11008468000200200122012418320000090000010000001126000000112600000000000000000000000000200000000008740000
120084680003002001220124183200000000000000000000000000000000000000000000001126000000000000000000000000000000
100084680004002001220124183351000000000000000300000158810000000000000492000009
130084680000002001220124183300000000000004920000000000000003000000000001588100000000000000015881
07008469000000200122012418380000000000000000100000000000000000
090084690001002001220124183800000000000001150004040000000323000000000000000000000000000000100000001000000000000020000000000
11008469000200200122012418380000090000010000000323000000032300000000000000000000000000040000000000770000
120084690003002001220124183800000000000000000000000000000000000000000000000323000000000000000000000000000000
07008470000000200122012418430000000000000000100000000000000000
090084700001002001220124184300000000000001040005100000000305000000000000000000000000000000100000002000000000000020000000000
090084700002002001220124184300000000000005030000010000001499I 0100000000000000000000000000000000009000000000000080000000000
11008470000300200122012418430000090000020000001804000000180400000000000000000000000000180400000000000000
120084700004002001220124184300000000000000000000000000000000000000000000001804000000000000000000000000000000
07008471000000200122012418480000000000000000100000000000000000
090084710001002001220124184800000000000002070022360000002010000000000000000000000000000000100000001990000000000010000000000
11008471000200200122012418480000090000010000002010000000201000000000000000000000000000201000000000000000
120084710003002001220124184803090000000000000000000000000000000000000000002010000000000000000000000000000000
07008472000000200122012418520000000000000000100000000000000000
090084720001002001220124185200000000000001040003820000000229000000000000000000000000000000100000002000000000000020000000000
090084720002002001220124185200000000000001060003800000000342000000000000000000000000000000100000001500000000000020000000000
090084720003002001220124185200000000000001090000980000000049000000000000000000000000000000100000001500000000000020000000000
090084720004002001220124185200000000000002040005580000000167000000000000000000000000000000100000000500000000000010000000000
090084720005002001220124185200000000000001010008880000000798000000000000000000000000000000100000000500000000000020000000000
090084720006002001220124185200000000000002170000010000000999000000000000000000000000000000000000006500000000000010000000000
11008472000700200122012418520000090000060000002584000000258400000000000000000000000000258400000000000000
120084720008002001220124185203020000000000000000000000000000000000000000002584000000000000000000000000000000
07008473000000200122012418540000000000000000100000000000000000
090084730001002001220124185400000000000001060001220000000110000000000000000000000000000000100000001500000000000020000000000
090084730002002001220124185400000000000001010007920000000712000000000000000000000000000000100000000500000000000020000000000
090084730003002001220124185400000000000001080003700000000185000000000000000000000000000000100000001000000000000020000000000
11008473000400200122012418540000090000030000001007000000100700000000000000000000000000500000000039930000
120084730005002001220124185400000000000000000000000000000000000000000000001007000000000000000000000000000000
07008474000000200122012418570000000000000000100000000000000000
090084740001002001220124185700000000000001010004720000000424000000000000000000000000000000100000000500000000000020000000000
090084740002002001220124185700000000000001180002680000000161000000000000000000000000000000100000001000000000000020000000000
090084740003002001220124185700000000000002070013820000001242000000000000000000000000000000100000001990000000000010000000000
11008474000400200122012418570000090000030000001827000000182700000000000000000000000000182700000000000000
120084740005002001220124185703050000000000000000000000000000000000000000001827000000000000000000000000000000
07008475000000200122012418590000000000000000100000000000000000
090084750001002001220124185900000000000003250000010000000199000000000000000000000000000000000000000790000000000040000000000
11008475000200200122012418590000090000010000000199000000019900000000000000000000000000019900000000000000
120084750003002001220124185900000000000000000000000000000000000000000000000199000000000000000000000000000000
07008476000000200122012419010000000000000000100000000000000000
090084760001002001220124190100000000000001290005540000000166000000000000000000000000000000100000000250000000000020000000000
11008476000200200122012419010000090000010000000166000000016600000000000000000000000000050000000003340000
120084760003002001220124190100000000000000000000000000000000000000000000000166000000000000000000000000000000
07008477000000200122012419020000000000000000100000000000000000
090084770001002001220124190200000000000001020004740000000331000000000000000000000000000000100000001200000000000020000000000
090084770002002001220124190200000000000001090001800000000090000000000000000000000000000000100000001500000000000020000000000
090084770003002001220124190200000000000001080004180000000209000000000000000000000000000000100000001000000000000020000000000
090084770004002001220124190200000000000001040003480000000208000000000000000000000000000000100000002000000000000020000000000
11008477000500200122012419020000090000040000000838000000083800000000000000000000000000200000000011620000
120084770006002001220124190200000000000000000000000000000000000000000000000838000000000000000000000000000000
07008478000000200122012419030000000000000000100000000000000000
090084780001002001220124190300000000000002260005580000000334000000000000000000000000000000100000002000000000000010000000000
090084780002002001220124190300000000000001110005040000000352000000000000000000000000000000100000001990000000000020000000000
11008478000300200122012419030000090000020000000686000000068600000000000000000000000000068600000000000000
120084780004002001220124190303010000000000000000000000000000000000000000000686000000000000000000000000000000
07008479000000200122012419070000000000000000100000000000000000
090084790001002001220124190700000000000011000007100000000212000000000000000000000000000000100000000990000000000020000000000
090084790002002001220124190700000000000002030007640000000763000000000000000000000000000000100000002990000000000010000000000
090084790003002001220124190700000000000001040005660000000339000000000000000000000000000000100000002000000000000020000000000
090084790004002001220124190700000000000001270004900000000196000000000000000000000000000000100000000250000000000020000000000
090084790005002001220124190700000000000001080007620000000380000000000000000000000000000000100000001000000000000020000000000
090084790006002001220124190700000000000002070006500000000584000000000000000000000000000000100000001990000000000010000000000
090084790007002001220124190700000000000002190000010000000799000000000000000000000000000000000000002250000000000010000000000
11008479000800200122012419070000090000070000003273000000327300000000000000000000000000327300000000000000
120084790009002001220124190703030000000000000000000000000000000000000000003273000000000000000000000000000000
07008480000000200122012419110000000000000000100000000000000000
090084800001002001220124191100000000000001070000900000000225000000000000000000000000000000100000005000000000000020000000000
11008480000200200122012419110000090000010000000225000000022500000000000000000000000000022500000000000000
120084800003002001220124191103030000000000000000000000000000000000000000000225000000000000000000000000000000
07008481000000200122012419120000000000000000100000000000000000
090084810001002001220124191200000000000001050002260000000090000000000000000000000000000000100000000500000000000020000000000
090084810002002001220124191200000000000001290004060000000121000000000000000000000000000000100000000250000000000020000000000
090084810003002001220124191200000000000001170005740000000172000000000000000000000000000000100000000590000000000020000000000
11008481000400200122012419120000090000030000000383000000038300000000000000000000000000100000000006170000
120084810005002001220124191200000000000000000000000000000000000000000000000383000000000000000000000000000000
07008482000000200122012419200000000000000000100000000000000000
090084820001002001220124192000000000000001290007660000000229000000000000000000000000000000100000000250000000000020000000000
090084820002002001220124192000000000000001040001680000000101000000000000000000000000000000100000002000000000000020000000000
11008482000300200122012419200000090000020000000330000000033000000000000000000000000000040000000000700000
120084820004002001220124192000000000000000000000000000000000000000000000000330000000000000000000000000000000
07008483000000200122012419210000000000000000100000000000000000
090084830001002001220124192100000000000002040001600000000048000000000000000000000000000000100000000500000000000010000000000
11008483000200200122012419210000090000010000000048000000004800000000000000000000000000004800000000000000
120084830003002001220124192103020000000000000000000000000000000000000000000048000000000000000000000000000000
07008484000000200122012419230000000000000000100000000000000000
090084840001002001220124192300000000000002090007000000000979000000000000000000000000000000100000004720000000000010000000000
090084840002002001220124192300000000000002070005020000000451000000000000000000000000000000100000001990000000000010000000000
090084840003002001220124192300000000000002260011360000000680000000000000000000000000000000100000002000000000000010000000000
090084840004002001220124192300000000000002170000010000000999000000000000000000000000000000000000006500000000000010000000000
11008484000500200122012419230000090000040000003109000000310900000000000000000000000000310900000000000000
120084840006002001220124192303020000000000000000000000000000000000000000003109000000000000000000000000000000
07008485000000200122012419230000000000000000100000000000000000
090084850001002001220124192300000000000001070001620000000405000000000000000000000000000000100000005000000000000020000000000
090084850002002001220124192300000000000005480000010000000250I 0100000000000000000000000000000000000000000000000080000000000
090084850003002001220124192300000000000005480000010000000250I 0100000000000000000000000000000000000000000000000080000000000
11008485000400200122012419230000090000030000000905000000090500000000000000000000000000090500000000000000
120084850005002001220124192303060000000000000000000000000000000000000000000905000000000000000000000000000000
07008486000000200122012419340000000000000000100000000000000000
090084860001002001220124193400000000000002150000010000000249000000000000000000000000000000000000000500000000000010000000000
090084860002002001220124193400000000000001050001400000000056000000000000000000000000000000100000000500000000000020000000000
090084860003002001220124193400000000000002250003220000000193000000000000000000000000000000100000002670000000000010000000000
11008486000400200122012419340000090000030000000498000000049800000000000000000000000000049800000000000000
120084860005002001220124193403100000000000000000000000000000000000000000000498000000000000000000000000000000
07008487000000200122012419420000000000000000100000000000000000
090084870001002001220124194200000000000001220009780000000684000000000000000000000000000000100000001500000000000020000000000
11008487000200200122012419420000090000010000000684000000068400000000000000000000000000100000000003160000
120084870003002001220124194200000000000000000000000000000000000000000000000684000000000000000000000000000000
07008488000000200122012419450000000000000000100000000000000000
090084880001002001220124194500000000000001040001140000000068000000000000000000000000000000100000002000000000000020000000000
11008488000200200122012419450000090000010000000068000000006800000000000000000000000000020000000001320000
120084880003002001220124194500000000000000000000000000000000000000000000000068000000000000000000000000000000
07008489000000200122012419490000000000000000100000000000000000
090084890001002001220124194900000000000001080004620000000231000000000000000000000000000000100000001000000000000020000000000
090084890002002001220124194900000000000001180006760000000405000000000000000000000000000000100000001000000000000020000000000
11008489000300200122012419490000090000020000000636000000063600000000000000000000000000070000000000640000
120084890004002001220124194900000000000000000000000000000000000000000000000636000000000000000000000000000000
07008490000000200122012419540000000000000000100000000000000000
090084900001002001220124195400000000000005480000010000000250I 0100000000000000000000000000000000000000000000000080000000000
11008490000200200122012419540000090000010000000250000000025000000000000000000000000000025000000000000000
120084900003002001220124195400000000000000000000000000000000000000000000000250000000000000000000000000000000
07008491000000200122012419550000000000000000100000000000000000
090084910001002001220124195500000000000002220000010000000599000000000000000000000000000000000000001500000000000010000000000
090084910002002001220124195500000000000002230004260000000340000000000000000000000000000000100000004980000000000010000000000
090084910003002001220124195500000000000002010008660000000605000000000000000000000000000000100000000990000000000010000000000
090084910004002001220124195500000000000001120006220000000497000000000000000000000000000000100000001000000000000020000000000
090084910005002001220124195500000000000002110003240000000162000000000000000000000000000000100000000990000000000010000000000
11008491000600200122012419550000090000050000002203000000220300000000000000000000000000400000000017970000
120084910007002001220124195500000000000000000000000000000000000000000000002203000000000000000000000000000000
07008492000000200122012419570000000000000000100000000000000000
090084920001002001220124195700000000000002280008380000000251000000000000000000000000000000100000001000000000000010000000000
090084920002002001220124195700000000000003250000010000000199000000000000000000000000000000000000000790000000000040000000000
090084920003002001220124195700000000000001290000980000000029000000000000000000000000000000100000000250000000000020000000000
090084920004002001220124195700000000000001090000460000000023000000000000000000000000000000100000001500000000000020000000000
090084920005002001220124195700000000000001070000820000000205000000000000000000000000000000100000005000000000000020000000000
11008492000600200122012419570000090000050000000707000000070700000000000000000000000000070700000000000000
120084920007002001220124195700000000000000000000000000000000000000000000000707000000000000000000000000000000
07008493000000200122012419590000000000000000100000000000000000
090084930001002001220124195900000000000002280006000000000179000000000000000000000000000000100000001000000000000010000000000
11008493000200200122012419590000090000010000000179000000017900000000000000000000000000017900000000000000
120084930003002001220124195900000000000000000000000000000000000000000000000179000000000000000000000000000000
07008494000000200122012420050000000000000000100000000000000000
090084940001002001220124200500000000000002040003580000000107000000000000000000000000000000100000000500000000000010000000000
11008494000200200122012420050000090000010000000107000000010700000000000000000000000000010700000000000000
120084940003002001220124200503030000000000000000000000000000000000000000000107000000000000000000000000000000
07008495000000200122012420320000000000000000100000000000000000
090084950001002001220124203200000000000002080005060000000252000000000000000000000000000000100000000500000000000010000000000
11008495000200200122012420320000090000010000000252000000025200000000000000000000000000050000000002480000
120084950003002001220124203200000000000000000000000000000000000000000000000252000000000000000000000000000000
07008496000000200122012420330000000000000000100000000000000000
090084960001002001220124203300000000000002090001160000000162000000000000000000000000000000100000004720000000000010000000000
11008496000200200122012420330000090000010000000162000000016200000000000000000000000000016200000000000000
120084960003002001220124203300000000000000000000000000000000000000000000000162000000000000000000000000000000
07008497000000200122012420340000000000000000100000000000000000
090084970001002001220124203400000000000001040001840000000110000000000000000000000000000000100000002000000000000020000000000
11008497000200200122012420340000090000010000000110000000011000000000000000000000000000011000000000000000
120084970003002001220124203400000000000000000000000000000000000000000000000110000000000000000000000000000000
07008498000000200122012420370000000000000000100000000000000000
090084980001002001220124203700000000000005020000010000000100I 0000000000000000000000000000000000000100000000000060000000000
090084980002002001220124203700000000000005020000010000000100I 0000000000000000000000000000000000000100000000000060000000000
090084980003002001220124203700000000000020800001180000000012000000000000000000000000000000100000000500000000000010000000000
090084980004002001220124203700000000000002350002100000000210000000000000000000000000000000100000008990000000000010000000000
090084980005002001220124203700000000000002080006280000000313000000000000000000000000000000100000000500000000000010000000000
17008498000600200122012420370000000000000199
090084980007002001220124203700000000000001240001440000000086000000000000000000000000000000100000001670000000000020000000000
11008498000800200122012420370000090000060000000821000000082100000000000000000000000000082100000000000000
120084980009002001220124203703030000000000000000000000000000000000000000000821000000000000000000000000000000
07008499000000200122012420380000000000000000100000000000000000
090084990001002001220124203800000000000005020000020000000200I 0000000000000000000000000000000000000100000000000060000000000
11008499000200200122012420380000090000010000000200000000020000000000000000000000000000020000000000000000
120084990003002001220124203803020000000000000000000000000000000000000000000200000000000000000000000000000000
07008500000000200122012420410000000000000000100000000000000000
090085000001002001220124204100000000000002220000010000000599000000000000000000000000000000000000001500000000000010000000000
090085000002002001220124204100000000000005480000010000000250I 0100000000000000000000000000000000000000000000000080000000000
090085000003002001220124204100000000000001080004380000000219000000000000000000000000000000100000001000000000000020000000000
090085000004002001220124204100000000000001040002220000000133000000000000000000000000000000100000002000000000000020000000000
090085000005002001220124204100000000000002190000010000000799000000000000000000000000000000000000002250000000000010000000000
090085000006002001220124204100000000000002190000010000000799000000000000000000000000000000000000002250000000000010000000000
11008500000700200122012420410000090000060000002799000000279900000000000000000000000000279900000000000000
120085000008002001220124204103020000000000000000000000000000000000000000002799000000000000000000000000000000
07008501000000200122012420420000000000000000100000000000000000
090085010001002001220124204200000000000002030007020000000701000000000000000000000000000000100000002990000000000010000000000
11008501000200200122012420420000090000010000000701000000070100000000000000000000000000500000000042990000
120085010003002001220124204200000000000000000000000000000000000000000000000701000000000000000000000000000000
060085010004002001220124204400000100000550000000000000000000000000000000000000000000
07008502000000200122012420460000000000000000100000000000000000
090085020001002001220124204600000000000002240031500000000942000000000000000000000000000000100000001500000000000010000000000
090085020002002001220124204600000000000002040006120000000183000000000000000000000000000000100000000500000000000010000000000
090085020003002001220124204600000000000002080010000000000499000000000000000000000000000000100000000500000000000010000000000
11008502000400200122012420460000090000030000001624000000162400000000000000000000000000162400000000000000
120085020005002001220124204603030000000000000000000000000000000000000000001624000000000000000000000000000000
14008503000000200122012420470000010000000000
0400850400000020012201242047000001008334008504000000100702270000001026464622012400001886430000000000000000000000000005890001000000000000000000000000000000000000000000000000000000000000000000000000000000001234567890AB        
