01007682000000200118012407010000010000006000000000093090121.82G5E   1234567890AB        Generica            
02007682000100200118012407010000010000090000000000
07007683000000200118012407190000000000000000100000000000000000
090076830001002001180124071900000000000001020015020000000749000000000000000000000000000000100000001200000000000020000000000
090076830002002001180124071900000000000001050007120000000284000000000000000000000000000000100000000500000000000020000000000
090076830003002001180124071900000000000001290005280000000263000000000000000000000000000000100000000250000000000020000000000
090076830004002001180124071900000000000001110007080000000495000000000000000000000000000000100000001990000000000020000000000
090076830005002001180124071900000000000005020000030000000300I 0000000000000000000000000000000000000100000000000060000000000
11007683000600200118012407190000090000050000002091000000209100000000000000000000000000209100000000000000
120076830007002001180124071903010000000000000000000000000000000000000000002091000000000000000000000000000000
07007684000000200118012407310000000000000000100000000000000000
090076840001002001180124073100000000000001020003320000000166000000000000000000000000000000100000001200000000000020000000000
11007684000200200118012407310000090000010000000166000000016600000000000000000000000000016600000000000000
120076840003002001180124073103010000000000000000000000000000000000000000000166000000000000000000000000000000
14007685000000200118012407340000010000000000
07007686000000200118012407590000000000000000100000000000000000
090076860001002001180124075900000000000002010007340000000513000000000000000000000000000000100000000990000000000010000000000
11007686000200200118012407590000090000010000000513000000051300000000000000000000000000051300000000000000
120076860003002001180124075903050000000000000000000000000000000000000000000513000000000000000000000000000000
07007687000000200118012408110000000000000000100000000000000000
090076870001002001180124081100000000000010300017020000001700000000000000000000000000000000100000002490000000000020000000000
17007687000200200118012408110000000000001036
090076870003002001180124081100000000000005020000020000000200I 0000000000000000000000000000000000000100000000000060000000000
090076870004002001180124081100000000000005020000020000000200I 0000000000000000000000000000000000000100000000000060000000000
090076870005002001180124081100000000000001170002840000000028000000000000000000000000000000100000000590000000000020000000000
090076870006002001180124081100000000000002120008640000000518000000000000000000000000000000100000002250000000000010000000000
11007687000700200118012408110000090000050000002646000000264600000000000000000000000000264600000000000000
120076870008002001180124081103010000000000000000000000000000000000000000002646000000000000000000000000000000
07007688000000200118012408270000000000000000100000000000000000
090076880001002001180124082700000000000001290008080000000161000000000000000000000000000000100000000250000000000020000000000
090076880002002001180124082700000000000003250000010000000199000000000000000000000000000000000000000790000000000040000000000
090076880003002001180124082700000000000001130008580000000428000000000000000000000000000000100000001500000000000020000000000
11007688000400200118012408270000090000030000000788000000078800000000000000000000000000100000000002120000
120076880005002001180124082700000000000000000000000000000000000000000000000788000000000000000000000000000000
07007689000000200118012408300000000000000000100000000000000000
090076890001002001180124083000000000000005150000010000000899I 0100000000000000000000000000000000000000000000000080000000000
11007689000200200118012408300000090000010000000899000000089900000000000000000000000000089900000000000000
120076890003002001180124083002010000000000000000000000000000000000080000000899000000000000000000000000000000
100076890004002001180124083001000000000000000800000008990000000000000498000009
07007690000000200118012408460000000000000000100000000000000000
090076900001002001180124084600000000000001260004720000000141000000000000000000000000000000100000000500000000000020000000000
090076900002002001180124084600000000000001110005700000000398000000000000000000000000000000100000001990000000000020000000000
11007690000300200118012408460000090000020000000539000000053900000000000000000000000000053900000000000000
120076900004002001180124084603060000000000000000000000000000000000000000000539000000000000000000000000000000
07007691000000200118012408490000000000000000100000000000000000
090076910001002001180124084900000000000001130015220000000759000000000000000000000000000000100000001500000000000020000000000
090076910002002001180124084900000000000002070011500000001034000000000000000000000000000000100000001990000000000010000000000
11007691000300200118012408490000090000020000001793000000179300000000000000000000000000500000000032070000
120076910004002001180124084900000000000000000000000000000000000000000000001793000000000000000000000000000000
07007692000000200118012409030000000000000000100000000000000000
090076920001002001180124090300000000000001250010960000000876I 0000000000000000000000000000100000000530000000000020000000000
090076920002002001180124090300000000000001080016440000000820000000000000000000000000000000100000001000000000000020000000000
090076920003002001180124090300000000000001020052100000002600000000000000000000000000000000100000001200000000000020000000000
090076920004002001180124090300000000000003250000020000000398000000000000000000000000000000000000000790000000000040000000000
090076920005002001180124090300000000000001160011460000000572000000000000000000000000000000100000000670000000000020000000000
090076920006002001180124090300000000000001050028300000001129000000000000000000000000000000100000000500000000000020000000000
11007692000700200118012409030000090000060000006395000000639500000000000000000000000000639500000000000000
120076920008002001180124090303100000000000000000000000000000000000000000006395000000000000000000000000000000
07007693000000200118012409030000000000000000100000000000000000
090076930001002001180124090300000000000001060019540000001561000000000000000000000000000000100000001500000000000020000000000
11007693000200200118012409030000090000010000001561000000156100000000000000000000000000156100000000000000
120076930003002001180124090303100000000000000000000000000000000000000000001561000000000000000000000000000000
14007694000000200118012409070000010000000380
07007695000000200118012409080000000000000000100000000000000000
090076950001002001180124090800000000000002290000010000000999000000000000000000000000000000000000002500000000000010000000000
090076950002002001180124090800000000000001250009260000000740I 0000000000000000000000000000100000000530000000000020000000000
11007695000300200118012409080000090000020000001739000000173900000000000000000000000000173900000000000000
120076950004002001180124090803010000000000000000000000000000000000000000001739000000000000000000000000000000
07007696000000200118012409090000000000000000100000000000000000
090076960001002001180124090900000000000001150010680000000853000000000000000000000000000000100000001000000000000020000000000
090076960002002001180124090900000000000001080007620000000380000000000000000000000000000000100000001000000000000020000000000
090076960003002001180124090900000000000003040000010000000249000000000000000000000000000000000000000700000000000040000000000
11007696000400200118012409090000090000030000001482000000148200000000000000000000000000148200000000000000
120076960005002001180124090903010000000000000000000000000000000000000000001482000000000000000000000000000000
07007697000000200118012409160000000000000000100000000000000000
090076970001002001180124091600000000000003040000010000000249000000000000000000000000000000000000000700000000000040000000000
090076970002002001180124091600000000000005020000010000000100I 0000000000000000000000000000000000000100000000000060000000000
11007697000300200118012409160000090000020000000349000000034900000000000000000000000000034900000000000000
120076970004002001180124091600000000000000000000000000000000000000000000000349000000000000000000000000000000
07007698000000200118012409180000000000000000100000000000000000
090076980001002001180124091800000000000001290002500000000050000000000000000000000000000000100000000250000000000020000000000
090076980002002001180124091800000000000005080000010000002399I 0100000000000000000000000000000000019000000000000070000000000
090076980003002001180124091800000000000001140002240000000179000000000000000000000000000000100000000500000000000020000000000
090076980004002001180124091800000000000002150000030000000447000000000000000000000000000000000000000500000000000010000000000
11007698000500200118012409180000090000040000003075000000307500000000000000000000000000307500000000000000
120076980006002001180124091800000000000000000000000000000000000000000000003075000000000000000000000000000000
07007699000000200118012409190000000000000000100000000000000000
090076990001002001180124091900000000000001050006060000000242000000000000000000000000000000100000000500000000000020000000000
090076990002002001180124091900000000000001080006800000000339000000000000000000000000000000100000001000000000000020000000000
11007699000300200118012409190000090000020000000581000000058100000000000000000000000000100000000004190000
120076990004002001180124091900000000000000000000000000000000000000000000000581000000000000000000000000000000
07007700000000200118012409200000000000000000100000000000000000
090077000001002001180124092000000000000002290000010000000999000000000000000000000000000000000000002500000000000010000000000
11007700000200200118012409200000090000010000000999000000099900000000000000000000000000099900000000000000
120077000003002001180124092000000000000000000000000000000000000000000000000999000000000000000000000000000000
07007701000000200118012409320000000000000000100000000000000000
090077010001002001180124093200000000000002040007120000000142000000000000000000000000000000100000000500000000000010000000000
090077010002002001180124093200000000000002010006280000000439000000000000000000000000000000100000000990000000000010000000000
11007701000300200118012409320000090000020000000581000000058100000000000000000000000000058100000000000000
120077010004002001180124093200000000000000000000000000000000000000000000000581000000000000000000000000000000
14007702000000200118012409360000010000000000
07007703000000200118012409410000000000000000100000000000000000
090077030001002001180124094100000000000001020005960000000297000000000000000000000000000000100000001200000000000020000000000
090077030002002001180124094100000000000001290004540000000090000000000000000000000000000000100000000250000000000020000000000
090077030003002001180124094100000000000001050004260000000170000000000000000000000000000000100000000500000000000020000000000
090077030004002001180124094100000000000001140003300000000264000000000000000000000000000000100000000500000000000020000000000
11007703000500200118012409410000090000040000000821000000082100000000000000000000000000082100000000000000
120077030006002001180124094100000000000000000000000000000000000000000000000821000000000000000000000000000000
07007704000000200118012409420000000000000000100000000000000000
090077040001002001180124094200000000000001080005620000000280000000000000000000000000000000100000001000000000000020000000000
090077040002002001180124094200000000000003250000010000000199000000000000000000000000000000000000000790000000000040000000000
11007704000300200118012409420000090000020000000479000000047900000000000000000000000000047900000000000000
120077040004002001180124094200000000000000000000000000000000000000000000000479000000000000000000000000000000
14007705000000200118012409450000010000000000
07007706000000200118012409450000000000000000100000000000000000
090077060001002001180124094500000000000001140002440000000195000000000000000000000000000000100000000500000000000020000000000
11007706000200200118012409450000090000010000000195000000019500000000000000000000000000019500000000000000
120077060003002001180124094500000000000000000000000000000000000000000000000195000000000000000000000000000000
07007707000000200118012409500000000000000000100000000000000000
090077070001002001180124095000000000000002130022400000001342000000000000000000000000000000100000001400000000000010000000000
090077070002002001180124095000000000000005020000060000000600I 0000000000000000000000000000000000000100000000000060000000000
090077070003002001180124095000000000000005020000010000000100I 0000000000000000000000000000000000000100000000000060000000000
090077070004002001180124095000000000000001080002080000000104000000000000000000000000000000100000001000000000000020000000000
090077070005002001180124095000000000000001050006340000000253000000000000000000000000000000100000000500000000000020000000000
090077070006002001180124095000000000000002230002120000000212000000000000000000000000000000100000004980000000000010000000000
090077070007002001180124095000000000000001070000640000000160000000000000000000000000000000100000005000000000000020000000000
090077070008002001180124095000000000000002220000010000000599000000000000000000000000000000000000001500000000000010000000000
090077070009002001180124095000000000000002220000010000000599000000000000000000000000000000000000001500000000000010000000000
11007707001000200118012409500000090000090000003969000000396900000000000000000000000000396900000000000000
120077070011002001180124095003050000000000000000000000000000000000000000003969000000000000000000000000000000
07007708000000200118012409580000000000000000100000000000000000
090077080001002001180124095800000000000002090006480000000907000000000000000000000000000000100000004720000000000010000000000
090077080002002001180124095800000000000002150000040000000596000000000000000000000000000000000000000500000000000010000000000
090077080003002001180124095800000000000002070013240000001190000000000000000000000000000000100000001990000000000010000000000
11007708000400200118012409580000090000030000002693000000269300000000000000000000000000269300000000000000
120077080005002001180124095803010000000000000000000000000000000000000000002693000000000000000000000000000000
07007709000000200118012410000000000000000000100000000000000000
090077090001002001180124100000000000000001060008920000000713000000000000000000000000000000100000001500000000000020000000000
090077090002002001180124100000000000000003250000020000000398000000000000000000000000000000000000000790000000000040000000000
11007709000300200118012410000000090000020000001111000000111100000000000000000000000000500000000038890000
120077090004002001180124100000000000000000000000000000000000000000000000001111000000000000000000000000000000
07007710000000200118012410080000000000000000100000000000000000
090077100001002001180124100800000000000005080000010000002399I 0100000000000000000000000000000000019000000000000070000000000
090077100002002001180124100800000000000005020000150000001500I 0000000000000000000000000000000000000100000000000060000000000
11007710000300200118012410080000090000020000003899000000389900000000000000000000000000389900000000000000
120077100004002001180124100803010000000000000000000000000000000000000000003899000000000000000000000000000000
07007711000000200118012410100000000000000000100000000000000000
090077110001002001180124101000000000000001050005860000000234000000000000000000000000000000100000000500000000000020000000000
090077110002002001180124101000000000000001080005220000000260000000000000000000000000000000100000001000000000000020000000000
090077110003002001180124101000000000000002110015420000000769000000000000000000000000000000100000000990000000000010000000000
090077110004002001180124101000000000000002070011980000001077000000000000000000000000000000100000001990000000000010000000000
090077110005002001180124101000000000000002080018520000000924000000000000000000000000000000100000000500000000000010000000000
090077110006002001180124101000000000000002150000040000000596000000000000000000000000000000000000000500000000000010000000000
11007711000700200118012410100000090000060000003860000000386000000000000000000000000000500000000011400000
120077110008002001180124101000000000000000000000000000000000000000000000003860000000000000000000000000000000
07007712000000200118012410140000000000000000100000000000000000
090077120001002001180124101400000000000005020000010000000100I 0000000000000000000000000000000000000100000000000060000000000
090077120002002001180124101400000000000002170000010000000899000000000000000000000000000000000000006500000000000010000000000
090077120003002001180124101400000000000005020000070000000700I 0000000000000000000000000000000000000100000000000060000000000
090077120004002001180124101400000000000002010008400000000587000000000000000000000000000000100000000990000000000010000000000
090077120005002001180124101400000000000002320000010000000399000000000000000000000000000000000000000500000000000010000000000
090077120006002001180124101400000000000002320000010000000399000000000000000000000000000000000000000500000000000010000000000
090077120007002001180124101400000000000001150002280000000182000000000000000000000000000000100000001000000000000020000000000
11007712000800200118012410140000090000070000003266000000326600000000000000000000000000326600000000000000
120077120009002001180124101403010000000000000000000000000000000000000000003266000000000000000000000000000000
07007713000000200118012410140000000000000000100000000000000000
090077130001002001180124101400000000000001080008600000000429000000000000000000000000000000100000001000000000000020000000000
090077130002002001180124101400000000000005020000020000000200I 0000000000000000000000000000000000000100000000000060000000000
11007713000300200118012410140000090000020000000629000000062900000000000000000000000000062900000000000000
120077130004002001180124101400000000000000000000000000000000000000000000000629000000000000000000000000000000
07007714000000200118012410160000000000000000100000000000000000
090077140001002001180124101600000000000001020007360000000367000000000000000000000000000000100000001200000000000020000000000
090077140002002001180124101600000000000005020000020000000200I 0000000000000000000000000000000000000100000000000060000000000
11007714000300200118012410160000090000020000000567000000056700000000000000000000000000056700000000000000
120077140004002001180124101600000000000000000000000000000000000000000000000567000000000000000000000000000000
07007715000000200118012410160000000000000000100000000000000000
090077150001002001180124101600000000000001040002060000000123000000000000000000000000000000100000002000000000000020000000000
090077150002002001180124101600000000000005020000010000000100I 0000000000000000000000000000000000000100000000000060000000000
11007715000300200118012410160000090000020000000223000000022300000000000000000000000000100000000007770000
120077150004002001180124101600000000000000000000000000000000000000000000000223000000000000000000000000000000
07007716000000200118012410170000000000000000100000000000000000
090077160001002001180124101700000000000002010005140000000359000000000000000000000000000000100000000990000000000010000000000
11007716000200200118012410170000090000010000000359000000035900000000000000000000000000035900000000000000
120077160003002001180124101700000000000000000000000000000000000000000000000359000000000000000000000000000000
14007717000000200118012410190000010000000000
14007718000000200118012410230000010000005529
07007719000000200118012410260000000000000000100000000000000000
090077190001002001180124102600000000000003190000010000000500000000000000000000000000000000000000002000000000000050000000000
090077190002002001180124102600000000000001080004020000000201000000000000000000000000000000100000001000000000000020000000000
11007719000300200118012410260000090000020000000701000000070100000000000000000000000000070100000000000000
120077190004002001180124102603010000000000000000000000000000000000000000000701000000000000000000000000000000
14007720000000200118012410280000010000000000
07007721000000200118012410290000000000000000100000000000000000
090077210001002001180124102900000000000002320000010000000399000000000000000000000000000000000000000500000000000010000000000
090077210002002001180124102900000000000001080011920000000595000000000000000000000000000000100000001000000000000020000000000
11007721000300200118012410290000090000020000000994000000099400000000000000000000000000099400000000000000
120077210004002001180124102903050000000000000000000000000000000000000000000994000000000000000000000000000000
07007722000000200118012410350000000000000000100000000000000000
090077220001002001180124103500000000000005020000020000000200I 0000000000000000000000000000000000000100000000000060000000000
090077220002002001180124103500000000000003250000010000000199000000000000000000000000000000000000000790000000000040000000000
090077220003002001180124103500000000000002320000010000000399000000000000000000000000000000000000000500000000000010000000000
11007722000400200118012410350000090000030000000798000000079800000000000000000000000000500000000042020000
120077220005002001180124103500000000000000000000000000000000000000000000000798000000000000000000000000000000
07007723000000200118012410410000000000000000100000000000000000
090077230001002001180124104100000000000001090001220000000061000000000000000000000000000000100000001500000000000020000000000
090077230002002001180124104100000000000001250004520000000361I 0000000000000000000000000000100000000530000000000020000000000
090077230003002001180124104100000000000001290001300000000026000000000000000000000000000000100000000250000000000020000000000
11007723000400200118012410410000090000030000000448000000044800000000000000000000000000100000000005520000
120077230005002001180124104100000000000000000000000000000000000000000000000448000000000000000000000000000000
18007723000600200118012410420100000020000000000000000000000001
07007724000000200118012410430000000000000000100000000000000000
090077240001002001180124104300000000000002260004540000000363000000000000000000000000000000100000002000000000000010000000000
090077240002002001180124104300000000000002150000010000000149000000000000000000000000000000000000000500000000000010000000000
11007724000300200118012410430000090000020000000512000000051200000000000000000000000000051200000000000000
120077240004002001180124104300000000000000000000000000000000000000000000000512000000000000000000000000000000
14007725000000200118012410440000010000000000
07007726000000200118012410440000000000000000100000000000000000
090077260001002001180124104400000000000002080010900000000544000000000000000000000000000000100000000500000000000010000000000
11007726000200200118012410440000090000010000000544000000054400000000000000000000000000054400000000000000
120077260003002001180124104400000000000000000000000000000000000000000000000544000000000000000000000000000000
07007727000000200118012410440000000000000000100000000000000000
090077270001002001180124104400000000000002220000010000000599000000000000000000000000000000000000001500000000000010000000000
11007727000200200118012410440000090000010000000599000000059900000000000000000000000000059900000000000000
120077270003002001180124104402010000000000000000000000000000000000080000000599000000000000000000000000000000
100077270004002001180124104401000000000000000800000005990000000000000499000009
07007728000000200118012410470000000000000000100000000000000000
090077280001002001180124104700000000000002040010760000000214000000000000000000000000000000100000000500000000000010000000000
090077280002002001180124104700000000000002650007380000000663000000000000000000000000000000100000003990000000000010000000000
11007728000300200118012410470000090000020000000877000000087700000000000000000000000000087700000000000000
120077280004002001180124104703050000000000000000000000000000000000000000000877000000000000000000000000000000
14007729000000200118012410490000010000000000
07007730000000200118012410490000000000000000100000000000000000
090077300001002001180124104900000000000001070006160000001539000000000000000000000000000000100000005000000000000020000000000
11007730000200200118012410490000090000010000001539000000153900000000000000000000000000153900000000000000
120077300003002001180124104900000000000000000000000000000000000000000000001539000000000000000000000000000000
07007731000000200118012410550000000000000000100000000000000000
090077310001002001180124105500000000000001040005360000000321000000000000000000000000000000100000002000000000000020000000000
090077310002002001180124105500000000000001080003100000000155000000000000000000000000000000100000001000000000000020000000000
090077310003002001180124105500000000000003240000020000000400000000000000000000000000000000000000001500000000000040000000000
090077310004002001180124105500000000000001180003400000000238000000000000000000000000000000100000001000000000000020000000000
090077310005002001180124105500000000000002040001340000000027000000000000000000000000000000100000000500000000000010000000000
090077310006002001180124105500000000000002090003700000000518000000000000000000000000000000100000004720000000000010000000000
090077310007002001180124105500000000000001070002860000000715000000000000000000000000000000100000005000000000000020000000000
090077310008002001180124105500000000000002070012780000001149000000000000000000000000000000100000001990000000000010000000000
090077310009002001180124105500000000000002150000020000000298000000000000000000000000000000000000000500000000000010000000000
090077310010002001180124105500000000000002260007920000000633000000000000000000000000000000100000002000000000000010000000000
17007731001100200118012410550000000000000399
17007731001200200118012410550000000000000016
090077310013002001180124105500000000000005020000060000000600I 0000000000000000000000000000000000000100000000000060000000000
11007731001400200118012410550000090000110000005054000000505400000000000000000000000000505400000000000000
120077310015002001180124105503090000000000000000000000000000000000000000005054000000000000000000000000000000
07007732000000200118012410580000000000000000100000000000000000
090077320001002001180124105800000000000005020000060000000600I 0000000000000000000000000000000000000100000000000060000000000
11007732000200200118012410580000090000010000000600000000060000000000000000000000000000060000000000000000
120077320003002001180124105800000000000000000000000000000000000000000000000600000000000000000000000000000000
07007733000000200118012410590000000000000000100000000000000000
090077330001002001180124105900000000000002210004340000000260000000000000000000000000000000100000003990000000000010000000000
11007733000200200118012410590000090000010000000260000000026000000000000000000000000000026000000000000000
120077330003002001180124105900000000000000000000000000000000000000000000000260000000000000000000000000000000
07007734000000200118012411030000000000000000100000000000000000
090077340001002001180124110300000000000001070001040000000260000000000000000000000000000000100000005000000000000020000000000
11007734000200200118012411030000090000010000000260000000026000000000000000000000000000026000000000000000
120077340003002001180124110300000000000000000000000000000000000000000000000260000000000000000000000000000000
07007735000000200118012411050000000000000000100000000000000000
090077350001002001180124110500000000000005020000040000000400I 0000000000000000000000000000000000000100000000000060000000000
090077350002002001180124110500000000000002070011940000001073000000000000000000000000000000100000001990000000000010000000000
090077350003002001180124110500000000000001080004460000000223000000000000000000000000000000100000001000000000000020000000000
090077350004002001180124110500000000000002230008960000000895000000000000000000000000000000100000004980000000000010000000000
090077350005002001180124110500000000000002230008540000000853000000000000000000000000000000100000004980000000000010000000000
11007735000600200118012411050000090000050000003444000000344400000000000000000000000000344400000000000000
120077350007002001180124110503050000000000000000000000000000000000000000003444000000000000000000000000000000
14007736000000200118012411060000010000000000
07007737000000200118012411100000000000000000100000000000000000
090077370001002001180124111000000000000001150003940000000315000000000000000000000000000000100000001000000000000020000000000
090077370002002001180124111000000000000002040007280000000145000000000000000000000000000000100000000500000000000010000000000
090077370003002001180124111000000000000002150000020000000298000000000000000000000000000000000000000500000000000010000000000
11007737000400200118012411100000090000030000000758000000075800000000000000000000000000075800000000000000
120077370005002001180124111000000000000000000000000000000000000000000000000758000000000000000000000000000000
07007738000000200118012411140000000000000000100000000000000000
090077380001002001180124111400000000000003040000010000000249000000000000000000000000000000000000000700000000000040000000000
090077380002002001180124111400000000000001010008440000000590000000000000000000000000000000100000000500000000000020000000000
090077380003002001180124111400000000000001180001860000000130000000000000000000000000000000100000001000000000000020000000000
090077380004002001180124111400000000000001060002400000000192000000000000000000000000000000100000001500000000000020000000000
090077380005002001180124111400000000000001080010060000000502000000000000000000000000000000100000001000000000000020000000000
090077380006002001180124111400000000000003040000010000000249000000000000000000000000000000000000000700000000000040000000000
090077380007002001180124111400000000000005020000010000000100I 0000000000000000000000000000000000000100000000000060000000000
090077380008002001180124111400000000000001090001380000000069000000000000000000000000000000100000001500000000000020000000000
090077380009002001180124111400000000000001070002640000000660000000000000000000000000000000100000005000000000000020000000000
090077380010002001180124111400000000000001050006720000000268000000000000000000000000000000100000000500000000000020000000000
090077380011002001180124111400000000000003200000010000002299000000000000000000000000000000000000000000000000000050000000000
11007738001200200118012411140000090000110000005308000000530800000000000000000000000000530800000000000000
120077380013002001180124111403050000000000000000000000000000000000000000005308000000000000000000000000000000
07007739000000200118012411150000000000000000100000000000000000
090077390001002001180124111500000000000001070000700000000175000000000000000000000000000000100000005000000000000020000000000
090077390002002001180124111500000000000001020008880000000443000000000000000000000000000000100000001200000000000020000000000
11007739000300200118012411150000090000020000000618000000061800000000000000000000000000061800000000000000
120077390004002001180124111500000000000000000000000000000000000000000000000618000000000000000000000000000000
07007740000000200118012411160000000000000000100000000000000000
090077400001002001180124111600000000000001080015660000000781000000000000000000000000000000100000001000000000000020000000000
090077400002002001180124111600000000000001080007440000000371000000000000000000000000000000100000001000000000000020000000000
090077400003002001180124111600000000000003250000020000000398000000000000000000000000000000000000000790000000000040000000000
11007740000400200118012411160000090000030000001550000000155000000000000000000000000000155000000000000000
120077400005002001180124111600000000000000000000000000000000000000000000001550000000000000000000000000000000
07007741000000200118012411170000000000000000100000000000000000
090077410001002001180124111700000000000001020007320000000365000000000000000000000000000000100000001200000000000020000000000
090077410002002001180124111700000000000001050008060000000322000000000000000000000000000000100000000500000000000020000000000
090077410003002001180124111700000000000001080009460000000472000000000000000000000000000000100000001000000000000020000000000
11007741000400200118012411170000090000030000001159000000115900000000000000000000000000500000000038410000
120077410005002001180124111700000000000000000000000000000000000000000000001159000000000000000000000000000000
07007742000000200118012411180000000000000000100000000000000000
090077420001002001180124111800000000000001120002060000000206000000000000000000000000000000100000001000000000000020000000000
17007742000200200118012411180000000000000235
090077420003002001180124111800000000000002020003360000000336000000000000000000000000000000100000001990000000000010000000000
11007742000400200118012411180000090000020000000542000000054200000000000000000000000000054200000000000000
120077420005002001180124111803050000000000000000000000000000000000000000000542000000000000000000000000000000
07007743000000200118012411250000000000000000100000000000000000
090077430001002001180124112500000000000001290005300000000105000000000000000000000000000000100000000250000000000020000000000
090077430002002001180124112500000000000005080000010000002399I 0100000000000000000000000000000000019000000000000070000000000
11007743000300200118012411250000090000020000002504000000250400000000000000000000000000250400000000000000
120077430004002001180124112503010000000000000000000000000000000000000000002504000000000000000000000000000000
07007744000000200118012411330000000000000000100000000000000000
090077440001002001180124113300000000000002040002320000000046000000000000000000000000000000100000000500000000000010000000000
090077440002002001180124113300000000000001050004900000000196000000000000000000000000000000100000000500000000000020000000000
090077440003002001180124113300000000000001020005540000000276000000000000000000000000000000100000001200000000000020000000000
090077440004002001180124113300000000000005080000010000002399I 0100000000000000000000000000000000019000000000000070000000000
090077440005002001180124113300000000000001250002540000000203I 0000000000000000000000000000100000000530000000000020000000000
17007744000600200118012411330000000000000081
090077440007002001180124113300000000000001140001760000000141000000000000000000000000000000100000000500000000000020000000000
090077440008002001180124113300000000000001150001020000000081000000000000000000000000000000100000001000000000000020000000000
11007744000900200118012411330000090000070000003342000000334200000000000000000000000000334200000000000000
120077440010002001180124113302010000000000000000000000000000000000220000003342000000000000000000000000000000
100077440011002001180124113301000000000000002200000033420000000000001767000009
07007745000000200118012411430000000000000000100000000000000000
090077450001002001180124114300000000000002130019660000001178000000000000000000000000000000100000001400000000000010000000000
090077450002002001180124114300000000000002040001280000000025000000000000000000000000000000100000000500000000000010000000000
11007745000300200118012411430000090000020000001203000000120300000000000000000000000000120300000000000000
120077450004002001180124114303100000000000000000000000000000000000000000001203000000000000000000000000000000
07007746000000200118012411440000000000000000100000000000000000
090077460001002001180124114400000000000003250000020000000398000000000000000000000000000000000000000790000000000040000000000
090077460002002001180124114400000000000002130018020000001079000000000000000000000000000000100000001400000000000010000000000
090077460003002001180124114400000000000001080004560000000228000000000000000000000000000000100000001000000000000020000000000
090077460004002001180124114400000000000001020006600000000329000000000000000000000000000000100000001200000000000020000000000
090077460005002001180124114400000000000001050011220000000448000000000000000000000000000000100000000500000000000020000000000
11007746000600200118012411440000090000050000002482000000248200000000000000000000000000248200000000000000
120077460007002001180124114403100000000000000000000000000000000000000000002482000000000000000000000000000000
07007747000000200118012411450000000000000000100000000000000000
090077470001002001180124114500000000000002130022100000001324000000000000000000000000000000100000001400000000000010000000000
11007747000200200118012411450000090000010000001324000000132400000000000000000000000000132400000000000000
120077470003002001180124114504000000000000000000000000000000000000000000001324000000000000000000000000000000
07007748000000200118012411470000000000000000100000000000000000
090077480001002001180124114700000000000001010017020000001190000000000000000000000000000000100000000500000000000020000000000
090077480002002001180124114700000000000001070001320000000330000000000000000000000000000000100000005000000000000020000000000
11007748000300200118012411470000090000020000001520000000152000000000000000000000000000152000000000000000
120077480004002001180124114703100000000000000000000000000000000000000000001520000000000000000000000000000000
07007749000000200118012411480000000000000000100000000000000000
090077490001002001180124114800000000000005020000020000000200I 0000000000000000000000000000000000000100000000000060000000000
090077490002002001180124114800000000000001050003240000000129000000000000000000000000000000100000000500000000000020000000000
090077490003002001180124114800000000000001020005220000000260000000000000000000000000000000100000001200000000000020000000000
090077490004002001180124114800000000000001290003120000000062000000000000000000000000000000100000000250000000000020000000000
11007749000500200118012411480000090000040000000651000000065100000000000000000000000000065100000000000000
120077490006002001180124114803010000000000000000000000000000000000000000000651000000000000000000000000000000
07007750000000200118012411550000000000000000100000000000000000
090077500001002001180124115500000000000002040002620000000052000000000000000000000000000000100000000500000000000010000000000
11007750000200200118012411550000090000010000000052000000005200000000000000000000000000005200000000000000
120077500003002001180124115500000000000000000000000000000000000000000000000052000000000000000000000000000000
07007751000000200118012411590000000000000000100000000000000000
090077510001002001180124115900000000000002040002300000000046000000000000000000000000000000100000000500000000000010000000000
090077510002002001180124115900000000000001010012240000000856000000000000000000000000000000100000000500000000000020000000000
11007751000300200118012411590000090000020000000902000000090200000000000000000000000000090200000000000000
120077510004002001180124115902010000000000000000000000000000000000030000000902000000000000000000000000000000
100077510005002001180124115901000000000000000300000009020000000000000491000009
07007752000000200118012412040000000000000000100000000000000000
090077520001002001180124120400000000000001020017640000000880000000000000000000000000000000100000001200000000000020000000000
090077520002002001180124120400000000000001080004780000000239000000000000000000000000000000100000001000000000000020000000000
090077520003002001180124120400000000000001060002840000000227000000000000000000000000000000100000001500000000000020000000000
11007752000400200118012412040000090000030000001346000000134600000000000000000000000000134600000000000000
120077520005002001180124120403010000000000000000000000000000000000000000001346000000000000000000000000000000
07007753000000200118012412060000000000000000100000000000000000
090077530001002001180124120600000000000001070004620000001155000000000000000000000000000000100000005000000000000020000000000
11007753000200200118012412060000090000010000001155000000115500000000000000000000000000115500000000000000
120077530003002001180124120600000000000000000000000000000000000000000000001155000000000000000000000000000000
07007754000000200118012412060000000000000000100000000000000000
090077540001002001180124120600000000000001050004340000000173000000000000000000000000000000100000000500000000000020000000000
090077540002002001180124120600000000000001080004140000000207000000000000000000000000000000100000001000000000000020000000000
11007754000300200118012412060000090000020000000380000000038000000000000000000000000000038000000000000000
120077540004002001180124120600000000000000000000000000000000000000000000000380000000000000000000000000000000
07007755000000200118012412070000000000000000100000000000000000
090077550001002001180124120700000000000001020005180000000258000000000000000000000000000000100000001200000000000020000000000
090077550002002001180124120700000000000001050004580000000183000000000000000000000000000000100000000500000000000020000000000
090077550003002001180124120700000000000001290006120000000122000000000000000000000000000000100000000250000000000020000000000
11007755000400200118012412070000090000030000000563000000056300000000000000000000000000056300000000000000
120077550005002001180124120700000000000000000000000000000000000000000000000563000000000000000000000000000000
07007756000000200118012412120000000000000000100000000000000000
090077560001002001180124121200000000000005020000010000000100I 0000000000000000000000000000000000000100000000000060000000000
11007756000200200118012412120000090000010000000100000000010000000000000000000000000000010000000000000000
120077560003002001180124121202010000000000000000000000000000000000050000000100000000000000000000000000000000
100077560004002001180124121201000000000000000500000001000000000000000451000009
07007757000000200118012412160000000000000000100000000000000000
090077570001002001180124121600000000000002150000020000000298000000000000000000000000000000000000000500000000000010000000000
090077570002002001180124121600000000000002250006140000000613000000000000000000000000000000100000002670000000000010000000000
090077570003002001180124121600000000000002240005000000000400000000000000000000000000000000100000001500000000000010000000000
11007757000400200118012412160000090000030000001311000000131100000000000000000000000000500000000036890000
120077570005002001180124121600000000000000000000000000000000000000000000001311000000000000000000000000000000
07007758000000200118012412160000000000000000100000000000000000
090077580001002001180124121600000000000001070000960000000240000000000000000000000000000000100000005000000000000020000000000
11007758000200200118012412160000090000010000000240000000024000000000000000000000000000024000000000000000
120077580003002001180124121600000000000000000000000000000000000000000000000240000000000000000000000000000000
07007759000000200118012412170000000000000000100000000000000000
090077590001002001180124121700000000000001140003040000000243000000000000000000000000000000100000000500000000000020000000000
090077590002002001180124121700000000000001250005160000000412I 0000000000000000000000000000100000000530000000000020000000000
090077590003002001180124121700000000000001070000960000000240000000000000000000000000000000100000005000000000000020000000000
11007759000400200118012412170000090000030000000895000000089500000000000000000000000000200000000011050000
120077590005002001180124121700000000000000000000000000000000000000000000000895000000000000000000000000000000
07007760000000200118012412260000000000000000100000000000000000
090077600001002001180124122600000000000001140004860000000388000000000000000000000000000000100000000500000000000020000000000
090077600002002001180124122600000000000002320000010000000399000000000000000000000000000000000000000500000000000010000000000
11007760000300200118012412260000090000020000000787000000078700000000000000000000000000200000000012130000
120077600004002001180124122600000000000000000000000000000000000000000000000787000000000000000000000000000000
07007761000000200118012412380000000000000000100000000000000000
090077610001002001180124123800000000000001340000040000000796000000000000000000000000000000000000001000000000000020000000000
090077610002002001180124123800000000000001070000940000000235000000000000000000000000000000100000005000000000000020000000000
11007761000300200118012412380000090000020000001031000000103100000000000000000000000000103100000000000000
120077610004002001180124123800000000000000000000000000000000000000000000001031000000000000000000000000000000
07007762000000200118012412530000000000000000100000000000000000
090077620001002001180124125300000000000005020000200000002000I 0000000000000000000000000000000000000100000000000060000000000
090077620002002001180124125300000000000002080008140000000406000000000000000000000000000000100000000500000000000010000000000
090077620003002001180124125300000000000002140008300000000497000000000000000000000000000000100000001990000000000010000000000
11007762000400200118012412530000090000030000002903000000290300000000000000000000000000500000000020970000
120077620005002001180124125300000000000000000000000000000000000000000000002903000000000000000000000000000000
07007763000000200118012412550000000000000000100000000000000000
090077630001002001180124125500000000000001060003400000000272000000000000000000000000000000100000001500000000000020000000000
11007763000200200118012412550000090000010000000272000000027200000000000000000000000000027200000000000000
120077630003002001180124125503050000000000000000000000000000000000000000000272000000000000000000000000000000
14007764000000200118012413030000010000000000
07007765000000200118012413050000000000000000100000000000000000
090077650001002001180124130500000000000001140003820000000191000000000000000000000000000000100000000500000000000020000000000
11007765000200200118012413050000090000010000000191000000019100000000000000000000000000019100000000000000
120077650003002001180124130500000000000000000000000000000000000000000000000191000000000000000000000000000000
07007766000000200118012413080000000000000000100000000000000000
090077660001002001180124130800000000000005020000040000000400I 0000000000000000000000000000000000000100000000000060000000000
090077660002002001180124130800000000000001050004600000000184000000000000000000000000000000100000000500000000000020000000000
090077660003002001180124130800000000000002090003700000000518000000000000000000000000000000100000004720000000000010000000000
17007766000400200118012413080000000000000370
090077660005002001180124130800000000000001270006480000000259000000000000000000000000000000100000000250000000000020000000000
11007766000600200118012413080000090000040000001361000000136100000000000000000000000000136100000000000000
120077660007002001180124130800000000000000000000000000000000000000000000001361000000000000000000000000000000
07007767000000200118012413150000000000000000100000000000000000
090077670001002001180124131500000000000002090003440000000481000000000000000000000000000000100000004720000000000010000000000
090077670002002001180124131500000000000001080003240000000162000000000000000000000000000000100000001000000000000020000000000
090077670003002001180124131500000000000001050003500000000140000000000000000000000000000000100000000500000000000020000000000
11007767000400200118012413150000090000030000000783000000078300000000000000000000000000078300000000000000
120077670005002001180124131502010000000000000000000000000000000000220000000783000000000000000000000000000000
100077670006002001180124131501000000000000002200000007830000000000001768000009
07007768000000200118012413320000000000000000100000000000000000
090077680001002001180124133200000000000002320000010000000399000000000000000000000000000000000000000500000000000010000000000
090077680002002001180124133200000000000003250000010000000199000000000000000000000000000000000000000790000000000040000000000
11007768000300200118012413320000090000020000000598000000059800000000000000000000000000059800000000000000
120077680004002001180124133203100000000000000000000000000000000000000000000598000000000000000000000000000000
060077680005002001180124134100000100000350000000000000000000000000000000000000000000
07007769000000200118012413480000000000000000100000000000000000
090077690001002001180124134800000000000001020010300000000514000000000000000000000000000000100000001200000000000020000000000
11007769000200200118012413480000090000010000000514000000051400000000000000000000000000051400000000000000
120077690003002001180124134800000000000000000000000000000000000000000000000514000000000000000000000000000000
0300776900040020011801241356000001000009
02007769000500200118012413560000010000050000000000
07007770000000200118012414020000000000000000100000000000000000
090077700001002001180124140200000000000001130002380000000119000000000000000000000000000000100000001500000000000020000000000
090077700002002001180124140200000000000002020001740000000174000000000000000000000000000000100000001990000000000010000000000
11007770000300200118012414020000050000020000000293000000029300000000000000000000000000029300000000000000
120077700004002001180124140203050000000000000000000000000000000000000000000293000000000000000000000000000000
07007771000000200118012414160000000000000000100000000000000000
090077710001002001180124141600000000000003250000010000000199000000000000000000000000000000000000000790000000000040000000000
090077710002002001180124141600000000000001290002200000000044000000000000000000000000000000100000000250000000000020000000000
11007771000300200118012414160000050000020000000243000000024300000000000000000000000000100000000007570000
120077710004002001180124141600000000000000000000000000000000000000000000000243000000000000000000000000000000
07007772000000200118012414210000000000000000100000000000000000
090077720001002001180124142100000000000002130016960000001016000000000000000000000000000000100000001400000000000010000000000
090077720002002001180124142100000000000005080000010000002399I 0100000000000000000000000000000000019000000000000070000000000
090077720003002001180124142100000000000002080015060000000751000000000000000000000000000000100000000500000000000010000000000
090077720004002001180124142100000000000001060007240000000578000000000000000000000000000000100000001500000000000020000000000
090077720005002001180124142100000000000002040016680000000332000000000000000000000000000000100000000500000000000010000000000
090077720006002001180124142100000000000002150000070000001043000000000000000000000000000000000000000500000000000010000000000
090077720007002001180124142100000000000001170008440000000252000000000000000000000000000000100000000590000000000020000000000
090077720008002001180124142100000000000005020000010000000100I 0000000000000000000000000000000000000100000000000060000000000
090077720009002001180124142100000000000002230008620000000861000000000000000000000000000000100000004980000000000010000000000
090077720010002001180124142100000000000001290010100000000201000000000000000000000000000000100000000250000000000020000000000
17007772001100200118012414210000000000000199
090077720012002001180124142100000000000001050012040000000480000000000000000000000000000000100000000500000000000020000000000
090077720013002001180124142100000000000002650008320000000748000000000000000000000000000000100000003990000000000010000000000
11007772001400200118012414210000050000120000008761000000876100000000000000000000000000876100000000000000
120077720015002001180124142103010000000000000000000000000000000000000000008761000000000000000000000000000000
07007773000000200118012414220000000000000000100000000000000000
090077730001002001180124142200000000000002110004180000000209000000000000000000000000000000100000000990000000000010000000000
090077730002002001180124142200000000000001290007420000000148000000000000000000000000000000100000000250000000000020000000000
11007773000300200118012414220000050000020000000357000000035700000000000000000000000000035700000000000000
120077730004002001180124142203010000000000000000000000000000000000000000000357000000000000000000000000000000
07007774000000200118012414260000000000000000100000000000000000
090077740001002001180124142600000000000002220000010000000599000000000000000000000000000000000000001500000000000010000000000
090077740002002001180124142600000000000002220000010000000599000000000000000000000000000000000000001500000000000010000000000
11007774000300200118012414260000050000020000001198000000119800000000000000000000000000119800000000000000
120077740004002001180124142603010000000000000000000000000000000000000000001198000000000000000000000000000000
07007775000000200118012414540000000000000000100000000000000000
090077750001002001180124145400000000000001180002320000000162000000000000000000000000000000100000001000000000000020000000000
11007775000200200118012414540000050000010000000162000000016200000000000000000000000000020000000000380000
120077750003002001180124145400000000000000000000000000000000000000000000000162000000000000000000000000000000
07007776000000200118012414560000000000000000100000000000000000
090077760001002001180124145600000000000001050005060000000202000000000000000000000000000000100000000500000000000020000000000
11007776000200200118012414560000050000010000000202000000020200000000000000000000000000020200000000000000
120077760003002001180124145600000000000000000000000000000000000000000000000202000000000000000000000000000000
07007777000000200118012415020000000000000000100000000000000000
090077770001002001180124150200000000000001290014760000000294000000000000000000000000000000100000000250000000000020000000000
11007777000200200118012415020000050000010000000294000000029400000000000000000000000000029400000000000000
120077770003002001180124150200000000000000000000000000000000000000000000000294000000000000000000000000000000
07007778000000200118012415050000000000000000100000000000000000
090077780001002001180124150500000000000002220000010000000599000000000000000000000000000000000000001500000000000010000000000
11007778000200200118012415050000050000010000000599000000059900000000000000000000000000059900000000000000
120077780003002001180124150503100000000000000000000000000000000000000000000599000000000000000000000000000000
07007779000000200118012415050000000000000000100000000000000000
090077790001002001180124150500000000000006000000010000000199I 0100000000000000000000000000000000000890000000000080000000000
11007779000200200118012415050000050000010000000199000000019900000000000000000000000000019900000000000000
120077790003002001180124150500000000000000000000000000000000000000000000000199000000000000000000000000000000
07007780000000200118012415250000000000000000100000000000000000
090077800001002001180124152500000000000005020000100000001000I 0000000000000000000000000000000000000100000000000060000000000
11007780000200200118012415250000050000010000001000000000100000000000000000000000000000100000000000000000
120077800003002001180124152503100000000000000000000000000000000000000000001000000000000000000000000000000000
07007781000000200118012415440000000000000000100000000000000000
090077810001002001180124154400000000000005080000010000002399I 0100000000000000000000000000000000019000000000000070000000000
11007781000200200118012415440000050000010000002399000000239900000000000000000000000000500000000026010000
120077810003002001180124154400000000000000000000000000000000000000000000002399000000000000000000000000000000
07007782000000200118012415450000000000000000100000000000000000
090077820001002001180124154500000000000005020000010000000100I 0000000000000000000000000000000000000100000000000060000000000
11007782000200200118012415450000050000010000000100000000010000000000000000000000000000010000000000000000
120077820003002001180124154500000000000000000000000000000000000000000000000100000000000000000000000000000000
07007783000000200118012415490000000000000000100000000000000000
090077830001002001180124154900000000000001080010260000000512000000000000000000000000000000100000001000000000000020000000000
090077830002002001180124154900000000000001090004580000000229000000000000000000000000000000100000001500000000000020000000000
090077830003002001180124154900000000000001080005020000000250000000000000000000000000000000100000001000000000000020000000000
11007783000400200118012415490000050000030000000991000000099100000000000000000000000000099100000000000000
120077830005002001180124154903010000000000000000000000000000000000000000000991000000000000000000000000000000
14007784000000200118012416060000010000000000
07007785000000200118012416080000000000000000100000000000000000
090077850001002001180124160800000000000003250000010000000199000000000000000000000000000000000000000790000000000040000000000
090077850002002001180124160800000000000003250000010000000199000000000000000000000000000000000000000790000000000040000000000
090077850003002001180124160800000000000003250000010000000199000000000000000000000000000000000000000790000000000040000000000
090077850004002001180124160800000000000003010000010000000999000000000000000000000000000000000000006000000000000050000000000
11007785000500200118012416080000050000040000001596000000159600000000000000000000000000200000000004040000
120077850006002001180124160800000000000000000000000000000000000000000000001596000000000000000000000000000000
14007786000000200118012416080000010000000000
07007787000000200118012416100000000000000000100000000000000000
090077870001002001180124161000000000000005020000030000000300I 0000000000000000000000000000000000000100000000000060000000000
090077870002002001180124161000000000000002040004480000000089000000000000000000000000000000100000000500000000000010000000000
090077870003002001180124161000000000000002650005120000000460000000000000000000000000000000100000003990000000000010000000000
090077870004002001180124161000000000000002230004440000000444000000000000000000000000000000100000004980000000000010000000000
090077870005002001180124161000000000000002240006060000000484000000000000000000000000000000100000001500000000000010000000000
11007787000600200118012416100000050000050000001777000000177700000000000000000000000000200000000002230000
120077870007002001180124161000000000000000000000000000000000000000000000001777000000000000000000000000000000
07007788000000200118012416340000000000000000100000000000000000
090077880001002001180124163400000000000001050015280000000610000000000000000000000000000000100000000500000000000020000000000
090077880002002001180124163400000000000002080011280000000563000000000000000000000000000000100000000500000000000010000000000
090077880003002001180124163400000000000001140004320000000216000000000000000000000000000000100000000500000000000020000000000
11007788000400200118012416340000050000030000001389000000138900000000000000000000000000140000000000110000
120077880005002001180124163400000000000000000000000000000000000000000000001389000000000000000000000000000000
07007789000000200118012416450000000000000000100000000000000000
090077890001002001180124164500000000000001020011200000000559000000000000000000000000000000100000001200000000000020000000000
090077890002002001180124164500000000000001140005780000000288000000000000000000000000000000100000000500000000000020000000000
090077890003002001180124164500000000000001010008760000000612000000000000000000000000000000100000000500000000000020000000000
11007789000400200118012416450000050000030000001459000000145900000000000000000000000000500000000035410000
120077890005002001180124164500000000000000000000000000000000000000000000001459000000000000000000000000000000
07007790000000200118012416570000000000000000100000000000000000
090077900001002001180124165700000000000003250000010000000199000000000000000000000000000000000000000790000000000040000000000
090077900002002001180124165700000000000001120005760000000575000000000000000000000000000000100000001000000000000020000000000
090077900003002001180124165700000000000001060004140000000331000000000000000000000000000000100000001500000000000020000000000
090077900004002001180124165700000000000002010021920000001532000000000000000000000000000000100000000990000000000010000000000
090077900005002001180124165700000000000001040003680000000220000000000000000000000000000000100000002000000000000020000000000
090077900006002001180124165700000000000001110004720000000330000000000000000000000000000000100000001990000000000020000000000
11007790000700200118012416570000050000060000003187000000318700000000000000000000000000318700000000000000
120077900008002001180124165703050000000000000000000000000000000000000000003187000000000000000000000000000000
07007791000000200118012416580000000000000000100000000000000000
090077910001002001180124165800000000000005020000060000000600I 0000000000000000000000000000000000000100000000000060000000000
090077910002002001180124165800000000000002070005460000000491000000000000000000000000000000100000001990000000000010000000000
11007791000300200118012416580000050000020000001091000000109100000000000000000000000000200000000009090000
120077910004002001180124165800000000000000000000000000000000000000000000001091000000000000000000000000000000
07007792000000200118012416590000000000000000100000000000000000
090077920001002001180124165900000000000002070004760000000428000000000000000000000000000000100000001990000000000010000000000
11007792000200200118012416590000050000010000000428000000042800000000000000000000000000050000000000720000
120077920003002001180124165900000000000000000000000000000000000000000000000428000000000000000000000000000000
07007793000000200118012417000000000000000000100000000000000000
090077930001002001180124170000000000000001090000500000000025000000000000000000000000000000100000001500000000000020000000000
090077930002002001180124170000000000000001080001440000000072000000000000000000000000000000100000001000000000000020000000000
090077930003002001180124170000000000000001070001400000000350000000000000000000000000000000100000005000000000000020000000000
090077930004002001180124170000000000000003250000010000000199000000000000000000000000000000000000000790000000000040000000000
11007793000500200118012417000000050000040000000646000000064600000000000000000000000000200000000013540000
120077930006002001180124170000000000000000000000000000000000000000000000000646000000000000000000000000000000
07007794000000200118012417010000000000000000100000000000000000
090077940001002001180124170100000000000001140002260000000113000000000000000000000000000000100000000500000000000020000000000
11007794000200200118012417010000050000010000000113000000011300000000000000000000000000011300000000000000
120077940003002001180124170100000000000000000000000000000000000000000000000113000000000000000000000000000000
07007795000000200118012417040000000000000000100000000000000000
090077950001002001180124170400000000000006000000010000000199I 0100000000000000000000000000000000000890000000000080000000000
11007795000200200118012417040000050000010000000199000000019900000000000000000000000000019900000000000000
120077950003002001180124170400000000000000000000000000000000000000000000000199000000000000000000000000000000
07007796000000200118012417070000000000000000100000000000000000
090077960001002001180124170700000000000001080005520000000275000000000000000000000000000000100000001000000000000020000000000
090077960002002001180124170700000000000003250000010000000199000000000000000000000000000000000000000790000000000040000000000
090077960003002001180124170700000000000001090000980000000049000000000000000000000000000000100000001500000000000020000000000
11007796000400200118012417070000050000030000000523000000052300000000000000000000000000060000000000770000
120077960005002001180124170700000000000000000000000000000000000000000000000523000000000000000000000000000000
07007797000000200118012417160000000000000000100000000000000000
090077970001002001180124171600000000000001020010560000000527000000000000000000000000000000100000001200000000000020000000000
090077970002002001180124171600000000000001050012620000000504000000000000000000000000000000100000000500000000000020000000000
090077970003002001180124171600000000000001290005180000000103000000000000000000000000000000100000000250000000000020000000000
11007797000400200118012417160000050000030000001134000000113400000000000000000000000000520000000040660000
120077970005002001180124171600000000000000000000000000000000000000000000001134000000000000000000000000000000
07007798000000200118012417190000000000000000100000000000000000
090077980001002001180124171900000000000005020000010000000100I 0000000000000000000000000000000000000100000000000060000000000
090077980002002001180124171900000000000001020017520000000874000000000000000000000000000000100000001200000000000020000000000
090077980003002001180124171900000000000001290002680000000053000000000000000000000000000000100000000250000000000020000000000
090077980004002001180124171900000000000001150002500000000200000000000000000000000000000000100000001000000000000020000000000
090077980005002001180124171900000000000002150000010000000149000000000000000000000000000000000000000500000000000010000000000
11007798000600200118012417190000050000050000001376000000137600000000000000000000000000137600000000000000
120077980007002001180124171903090000000000000000000000000000000000000000001376000000000000000000000000000000
14007799000000200118012417340000010000000000
07007800000000200118012417370000000000000000100000000000000000
090078000001002001180124173700000000000001130104500000005215000000000000000000000000000000100000001500000000000020000000000
090078000002002001180124173700000000000001020040640000002028000000000000000000000000000000100000001200000000000020000000000
11007800000300200118012417370000050000020000007243000000724300000000000000000000000000724300000000000000
120078000004002001180124173703010000000000000000000000000000000000000000007243000000000000000000000000000000
07007801000000200118012417380000000000000000100000000000000000
090078010001002001180124173800000000000002610000010000000999000000000000000000000000000000000000003990000000000010000000000
11007801000200200118012417380000050000010000000999000000099900000000000000000000000000099900000000000000
120078010003002001180124173800000000000000000000000000000000000000000000000999000000000000000000000000000000
07007802000000200118012417420000000000000000100000000000000000
090078020001002001180124174200000000000002010003700000000259000000000000000000000000000000100000000990000000000010000000000
090078020002002001180124174200000000000001050000920000000037000000000000000000000000000000100000000500000000000020000000000
11007802000300200118012417420000050000020000000296000000029600000000000000000000000000040000000001040000
120078020004002001180124174200000000000000000000000000000000000000000000000296000000000000000000000000000000
07007803000000200118012417420000000000000000100000000000000000
090078030001002001180124174200000000000003250000010000000199000000000000000000000000000000000000000790000000000040000000000
11007803000200200118012417420000050000010000000199000000019900000000000000000000000000050000000003010000
120078030003002001180124174200000000000000000000000000000000000000000000000199000000000000000000000000000000
07007804000000200118012417450000000000000000100000000000000000
090078040001002001180124174500000000000002150000010000000149000000000000000000000000000000000000000500000000000010000000000
090078040002002001180124174500000000000002150000010000000149000000000000000000000000000000000000000500000000000010000000000
090078040003002001180124174500000000000002090004860000000680000000000000000000000000000000100000004720000000000010000000000
11007804000400200118012417450000050000030000000978000000097800000000000000000000000000097800000000000000
120078040005002001180124174500000000000000000000000000000000000000000000000978000000000000000000000000000000
07007805000000200118012417510000000000000000100000000000000000
090078050001002001180124175100000000000001020012980000000648000000000000000000000000000000100000001200000000000020000000000
090078050002002001180124175100000000000001280007780000000310000000000000000000000000000000100000000980000000000020000000000
090078050003002001180124175100000000000001050008860000000354000000000000000000000000000000100000000500000000000020000000000
11007805000400200118012417510000050000030000001312000000131200000000000000000000000000131200000000000000
120078050005002001180124175103010000000000000000000000000000000000000000001312000000000000000000000000000000
07007806000000200118012417570000000000000000100000000000000000
090078060001002001180124175700000000000005020000060000000600I 0000000000000000000000000000000000000100000000000060000000000
090078060002002001180124175700000000000002080016580000000827000000000000000000000000000000100000000500000000000010000000000
090078060003002001180124175700000000000002090003660000000512000000000000000000000000000000100000004720000000000010000000000
11007806000400200118012417570000050000030000001939000000193900000000000000000000000000193900000000000000
120078060005002001180124175700000000000000000000000000000000000000000000001939000000000000000000000000000000
07007807000000200118012418010000000000000000100000000000000000
090078070001002001180124180100000000000002210005220000000313000000000000000000000000000000100000003990000000000010000000000
090078070002002001180124180100000000000003190000010000000500000000000000000000000000000000000000002000000000000050000000000
11007807000300200118012418010000050000020000000813000000081300000000000000000000000000081300000000000000
120078070004002001180124180103010000000000000000000000000000000000000000000813000000000000000000000000000000
07007808000000200118012418180000000000000000100000000000000000
090078080001002001180124181800000000000005050000010000000600I 0100000000000000000000000000000000003000000000000080000000000
11007808000200200118012418180000050000010000000600000000060000000000000000000000000000100000000004000000
120078080003002001180124181800000000000000000000000000000000000000000000000600000000000000000000000000000000
07007809000000200118012418250000000000000000100000000000000000
090078090001002001180124182500000000000002610000010000000999000000000000000000000000000000000000003990000000000010000000000
090078090002002001180124182500000000000001080003900000000195000000000000000000000000000000100000001000000000000020000000000
090078090003002001180124182500000000000002090003620000000506000000000000000000000000000000100000004720000000000010000000000
090078090004002001180124182500000000000003250000010000000199000000000000000000000000000000000000000790000000000040000000000
090078090005002001180124182500000000000002070002960000000266000000000000000000000000000000100000001990000000000010000000000
090078090006002001180124182500000000000002650002160000000194000000000000000000000000000000100000003990000000000010000000000
090078090007002001180124182500000000000002150000010000000149000000000000000000000000000000000000000500000000000010000000000
090078090008002001180124182500000000000001040002220000000133000000000000000000000000000000100000002000000000000020000000000
090078090009002001180124182500000000000002280003640000000182000000000000000000000000000000100000001000000000000010000000000
11007809001000200118012418250000050000090000002823000000282300000000000000000000000000282300000000000000
120078090011002001180124182500000000000000000000000000000000000000000000002823000000000000000000000000000000
07007810000000200118012418280000000000000000100000000000000000
090078100001002001180124182800000000000002110008400000000419000000000000000000000000000000100000000990000000000010000000000
090078100002002001180124182800000000000002080012800000000639000000000000000000000000000000100000000500000000000010000000000
090078100003002001180124182800000000000002040001360000000027000000000000000000000000000000100000000500000000000010000000000
090078100004002001180124182800000000000001170003520000000105000000000000000000000000000000100000000590000000000020000000000
11007810000500200118012418280000050000040000001190000000119000000000000000000000000000200000000008100000
120078100006002001180124182800000000000000000000000000000000000000000000001190000000000000000000000000000000
07007811000000200118012418310000000000000000100000000000000000
090078110001002001180124183100000000000001090000700000000035000000000000000000000000000000100000001500000000000020000000000
090078110002002001180124183100000000000001080002320000000116000000000000000000000000000000100000001000000000000020000000000
11007811000300200118012418310000050000020000000151000000015100000000000000000000000000015100000000000000
120078110004002001180124183100000000000000000000000000000000000000000000000151000000000000000000000000000000
07007812000000200118012418370000000000000000100000000000000000
090078120001002001180124183700000000000003250000010000000199000000000000000000000000000000000000000790000000000040000000000
11007812000200200118012418370000050000010000000199000000019900000000000000000000000000019900000000000000
120078120003002001180124183700000000000000000000000000000000000000000000000199000000000000000000000000000000
07007813000000200118012418390000000000000000100000000000000000
17007813000100200118012418390000000000000745
090078130002002001180124183900000000000005020000020000000200I 0000000000000000000000000000000000000100000000000060000000000
090078130003002001180124183900000000000005020000050000000500I 0000000000000000000000000000000000000100000000000060000000000
11007813000400200118012418390000050000020000000700000000070000000000000000000000000000200000000013000000
120078130005002001180124183900000000000000000000000000000000000000000000000700000000000000000000000000000000
14007814000000200118012418400000010000000000
07007815000000200118012418410000000000000000100000000000000000
090078150001002001180124184100000000000001070000940000000235000000000000000000000000000000100000005000000000000020000000000
11007815000200200118012418410000050000010000000235000000023500000000000000000000000000030000000000650000
120078150003002001180124184100000000000000000000000000000000000000000000000235000000000000000000000000000000
14007816000000200118012418430000010000000000
07007817000000200118012418430000000000000000100000000000000000
090078170001002001180124184300000000000005020000010000000100I 0000000000000000000000000000000000000100000000000060000000000
11007817000200200118012418430000050000010000000100000000010000000000000000000000000000010000000000000000
120078170003002001180124184300000000000000000000000000000000000000000000000100000000000000000000000000000000
07007818000000200118012418440000000000000000100000000000000000
090078180001002001180124184400000000000001040002840000000170000000000000000000000000000000100000002000000000000020000000000
090078180002002001180124184400000000000001010013400000000937000000000000000000000000000000100000000500000000000020000000000
090078180003002001180124184400000000000003250000010000000199000000000000000000000000000000000000000790000000000040000000000
11007818000400200118012418440000050000030000001306000000130600000000000000000000000000130600000000000000
120078180005002001180124184403010000000000000000000000000000000000000000001306000000000000000000000000000000
07007819000000200118012418440000000000000000100000000000000000
090078190001002001180124184400000000000001080007200000000359000000000000000000000000000000100000001000000000000020000000000
11007819000200200118012418440000050000010000000359000000035900000000000000000000000000050000000001410000
120078190003002001180124184400000000000000000000000000000000000000000000000359000000000000000000000000000000
07007820000000200118012418450000000000000000100000000000000000
090078200001002001180124184500000000000005020000020000000200I 0000000000000000000000000000000000000100000000000060000000000
11007820000200200118012418450000050000010000000200000000020000000000000000000000000000050000000003000000
120078200003002001180124184500000000000000000000000000000000000000000000000200000000000000000000000000000000
07007821000000200118012418480000000000000000100000000000000000
090078210001002001180124184800000000000005020000010000000100I 0000000000000000000000000000000000000100000000000060000000000
17007821000200200118012418480000000000000551
090078210003002001180124184800000000000001150008160000000652000000000000000000000000000000100000001000000000000020000000000
11007821000400200118012418480000050000020000000752000000075200000000000000000000000000075200000000000000
120078210005002001180124184803010000000000000000000000000000000000000000000752000000000000000000000000000000
07007822000000200118012418510000000000000000100000000000000000
090078220001002001180124185100000000000001070002200000000550000000000000000000000000000000100000005000000000000020000000000
11007822000200200118012418510000050000010000000550000000055000000000000000000000000000100000000004500000
120078220003002001180124185100000000000000000000000000000000000000000000000550000000000000000000000000000000
07007823000000200118012418530000000000000000100000000000000000
090078230001002001180124185300000000000001130026260000001310000000000000000000000000000000100000001500000000000020000000000
090078230002002001180124185300000000000001010012440000000870000000000000000000000000000000100000000500000000000020000000000
11007823000300200118012418530000050000020000002180000000218000000000000000000000000000218000000000000000
120078230004002001180124185303010000000000000000000000000000000000000000002180000000000000000000000000000000
14007824000000200118012418530000010000000000
07007825000000200118012418530000000000000000100000000000000000
090078250001002001180124185300000000000001010006440000000450000000000000000000000000000000100000000500000000000020000000000
11007825000200200118012418530000050000010000000450000000045000000000000000000000000000050000000000500000
120078250003002001180124185300000000000000000000000000000000000000000000000450000000000000000000000000000000
14007826000000200118012418570000010000001005
07007827000000200118012418570000000000000000100000000000000000
090078270001002001180124185700000000000001050013080000000522000000000000000000000000000000100000000500000000000020000000000
11007827000200200118012418570000050000010000000522000000052200000000000000000000000000100000000004780000
120078270003002001180124185700000000000000000000000000000000000000000000000522000000000000000000000000000000
07007828000000200118012419030000000000000000100000000000000000
090078280001002001180124190300000000000002010012420000000868000000000000000000000000000000100000000990000000000010000000000
090078280002002001180124190300000000000001110002000000000140000000000000000000000000000000100000001990000000000020000000000
11007828000300200118012419030000050000020000001008000000100800000000000000000000000000100800000000000000
120078280004002001180124190303010000000000000000000000000000000000000000001008000000000000000000000000000000
07007829000000200118012419110000000000000000100000000000000000
090078290001002001180124191100000000000002070010600000000953000000000000000000000000000000100000001990000000000010000000000
090078290002002001180124191100000000000001040001800000000108000000000000000000000000000000100000002000000000000020000000000
090078290003002001180124191100000000000001070001680000000420000000000000000000000000000000100000005000000000000020000000000
11007829000400200118012419110000050000030000001481000000148100000000000000000000000000148100000000000000
120078290005002001180124191103100000000000000000000000000000000000000000001481000000000000000000000000000000
07007830000000200118012419120000000000000000100000000000000000
090078300001002001180124191200000000000001080015160000000756000000000000000000000000000000100000001000000000000020000000000
090078300002002001180124191200000000000001220011360000001021000000000000000000000000000000100000001500000000000020000000000
090078300003002001180124191200000000000001070001200000000300000000000000000000000000000000100000005000000000000020000000000
11007830000400200118012419120000050000030000002077000000207700000000000000000000000000207700000000000000
120078300005002001180124191203010000000000000000000000000000000000000000002077000000000000000000000000000000
07007831000000200118012419170000000000000000100000000000000000
090078310001002001180124191700000000000001050006000000000239000000000000000000000000000000100000000500000000000020000000000
090078310002002001180124191700000000000003250000010000000199000000000000000000000000000000000000000790000000000040000000000
090078310003002001180124191700000000000003250000010000000199000000000000000000000000000000000000000790000000000040000000000
090078310004002001180124191700000000000001090003420000000171000000000000000000000000000000100000001500000000000020000000000
090078310005002001180124191700000000000001130012400000000619000000000000000000000000000000100000001500000000000020000000000
090078310006002001180124191700000000000001080005100000000254000000000000000000000000000000100000001000000000000020000000000
090078310007002001180124191700000000000001010013460000000941000000000000000000000000000000100000000500000000000020000000000
11007831000800200118012419170000050000070000002622000000262200000000000000000000000001000000000073780000
120078310009002001180124191700000000000000000000000000000000000000000000002622000000000000000000000000000000
07007832000000200118012419180000000000000000100000000000000000
090078320001002001180124191800000000000001020007840000000391000000000000000000000000000000100000001200000000000020000000000
11007832000200200118012419180000050000010000000391000000039100000000000000000000000000050000000001090000
120078320003002001180124191800000000000000000000000000000000000000000000000391000000000000000000000000000000
07007833000000200118012419190000000000000000100000000000000000
090078330001002001180124191900000000000005020000060000000600I 0000000000000000000000000000000000000100000000000060000000000
11007833000200200118012419190000050000010000000600000000060000000000000000000000000000200000000014000000
120078330003002001180124191900000000000000000000000000000000000000000000000600000000000000000000000000000000
07007834000000200118012419310000000000000000100000000000000000
090078340001002001180124193100000000000005110000020000002998I 0100000000000000000000000000000000012000000000000070000000000
090078340002002001180124193100000000000005020000020000000200I 0000000000000000000000000000000000000100000000000060000000000
090078340003002001180124193100000000000001040004620000000277000000000000000000000000000000100000002000000000000020000000000
11007834000400200118012419310000050000030000003475000000347500000000000000000000000000347500000000000000
120078340005002001180124193103100000000000000000000000000000000000000000003475000000000000000000000000000000
07007835000000200118012419320000000000000000100000000000000000
090078350001002001180124193200000000000001080015200000000758000000000000000000000000000000100000001000000000000020000000000
11007835000200200118012419320000050000010000000758000000075800000000000000000000000000075800000000000000
120078350003002001180124193203010000000000000000000000000000000000000000000758000000000000000000000000000000
07007836000000200118012419370000000000000000100000000000000000
090078360001002001180124193700000000000005110000010000001499I 0100000000000000000000000000000000012000000000000070000000000
090078360002002001180124193700000000000005110000010000001499I 0100000000000000000000000000000000012000000000000070000000000
090078360003002001180124193700000000000005080000010000002399I 0100000000000000000000000000000000019000000000000070000000000
11007836000400200118012419370000050000030000005397000000539700000000000000000000000000539700000000000000
120078360005002001180124193703100000000000000000000000000000000000000000005397000000000000000000000000000000
07007837000000200118012419430000000000000000100000000000000000
090078370001002001180124194300000000000001250009180000000733I 0000000000000000000000000000100000000530000000000020000000000
090078370002002001180124194300000000000001080007280000000363000000000000000000000000000000100000001000000000000020000000000
090078370003002001180124194300000000000002040002840000000057000000000000000000000000000000100000000500000000000010000000000
090078370004002001180124194300000000000001070001300000000325000000000000000000000000000000100000005000000000000020000000000
090078370005002001180124194300000000000001010019620000001371000000000000000000000000000000100000000500000000000020000000000
11007837000600200118012419430000050000050000002849000000284900000000000000000000000000300000000001510000
120078370007002001180124194300000000000000000000000000000000000000000000002849000000000000000000000000000000
07007838000000200118012419430000000000000000100000000000000000
090078380001002001180124194300000000000002170000010000000899000000000000000000000000000000000000006500000000000010000000000
11007838000200200118012419430000050000010000000899000000089900000000000000000000000000100000000001010000
120078380003002001180124194300000000000000000000000000000000000000000000000899000000000000000000000000000000
07007839000000200118012419490000000000000000100000000000000000
090078390001002001180124194900000000000002070013840000001244000000000000000000000000000000100000001990000000000010000000000
11007839000200200118012419490000050000010000001244000000124400000000000000000000000000124400000000000000
120078390003002001180124194903010000000000000000000000000000000000000000001244000000000000000000000000000000
07007840000000200118012419500000000000000000100000000000000000
090078400001002001180124195000000000000005020000010000000100I 0000000000000000000000000000000000000100000000000060000000000
090078400002002001180124195000000000000001020004280000000214000000000000000000000000000000100000001200000000000020000000000
090078400003002001180124195000000000000001050000580000000023000000000000000000000000000000100000000500000000000020000000000
11007840000400200118012419500000050000030000000337000000033700000000000000000000000000033700000000000000
120078400005002001180124195003010000000000000000000000000000000000000000000337000000000000000000000000000000
07007841000000200118012419580000000000000000100000000000000000
090078410001002001180124195800000000000001070001460000000365000000000000000000000000000000100000005000000000000020000000000
090078410002002001180124195800000000000002070008220000000739000000000000000000000000000000100000001990000000000010000000000
090078410003002001180124195800000000000001010008000000000559000000000000000000000000000000100000000500000000000020000000000
11007841000400200118012419580000050000030000001663000000166300000000000000000000000000166300000000000000
120078410005002001180124195803010000000000000000000000000000000000000000001663000000000000000000000000000000
07007842000000200118012420030000000000000000100000000000000000
090078420001002001180124200300000000000001080002760000000138000000000000000000000000000000100000001000000000000020000000000
090078420002002001180124200300000000000001090001360000000068000000000000000000000000000000100000001500000000000020000000000
11007842000300200118012420030000050000020000000206000000020600000000000000000000000000020600000000000000
120078420004002001180124200303010000000000000000000000000000000000000000000206000000000000000000000000000000
07007843000000200118012420090000000000000000100000000000000000
090078430001002001180124200900000000000001290010360000000206000000000000000000000000000000100000000250000000000020000000000
090078430002002001180124200900000000000001050008980000000358000000000000000000000000000000100000000500000000000020000000000
11007843000300200118012420090000050000020000000564000000056400000000000000000000000000200000000014360000
120078430004002001180124200900000000000000000000000000000000000000000000000564000000000000000000000000000000
07007844000000200118012420110000000000000000100000000000000000
090078440001002001180124201100000000000001130007880000000393000000000000000000000000000000100000001500000000000020000000000
11007844000200200118012420110000050000010000000393000000039300000000000000000000000000050000000001070000
120078440003002001180124201100000000000000000000000000000000000000000000000393000000000000000000000000000000
07007845000000200118012420160000000000000000100000000000000000
090078450001002001180124201600000000000003010000010000000999000000000000000000000000000000000000006000000000000050000000000
090078450002002001180124201600000000000011000009340000000373000000000000000000000000000000100000000990000000000020000000000
090078450003002001180124201600000000000001130007300000000364000000000000000000000000000000100000001500000000000020000000000
090078450004002001180124201600000000000002170000010000000899000000000000000000000000000000000000006500000000000010000000000
11007845000500200118012420160000050000040000002635000000263500000000000000000000000000263500000000000000
120078450006002001180124201603050000000000000000000000000000000000000000002635000000000000000000000000000000
07007846000000200118012420180000000000000000100000000000000000
090078460001002001180124201800000000000001150004780000000382000000000000000000000000000000100000001000000000000020000000000
090078460002002001180124201800000000000002080013480000000673000000000000000000000000000000100000000500000000000010000000000
11007846000300200118012420180000050000020000001055000000105500000000000000000000000000105500000000000000
120078460004002001180124201803100000000000000000000000000000000000000000001055000000000000000000000000000000
07007847000000200118012420190000000000000000100000000000000000
090078470001002001180124201900000000000001080001520000000076000000000000000000000000000000100000001000000000000020000000000
17007847000200200118012420190000000000000799
090078470003002001180124201900000000000002610000010000000999000000000000000000000000000000000000003990000000000010000000000
090078470004002001180124201900000000000005020000010000000100I 0000000000000000000000000000000000000100000000000060000000000
11007847000500200118012420190000050000030000001175000000117500000000000000000000000000117500000000000000
120078470006002001180124201903010000000000000000000000000000000000000000001175000000000000000000000000000000
14007848000000200118012420210000010000000000
07007849000000200118012420240000000000000000100000000000000000
090078490001002001180124202400000000000005020000120000001200I 0000000000000000000000000000000000000100000000000060000000000
090078490002002001180124202400000000000005020000120000001200I 0000000000000000000000000000000000000100000000000060000000000
090078490003002001180124202400000000000001170011380000000340000000000000000000000000000000100000000590000000000020000000000
090078490004002001180124202400000000000001280010540000000421000000000000000000000000000000100000000980000000000020000000000
090078490005002001180124202400000000000001080009880000000493000000000000000000000000000000100000001000000000000020000000000
090078490006002001180124202400000000000002040012320000000245000000000000000000000000000000100000000500000000000010000000000
11007849000700200118012420240000050000060000003899000000389900000000000000000000000000389900000000000000
120078490008002001180124202402010000000000000000000000000000000000090000003899000000000000000000000000000000
100078490009002001180124202401000000000000000900000038990000000000000646000005
100078490010002001180124202551000000000000000900000216620000000000000647000005
130078490000002001180124202500000000000006470000000000000009000000000002166200000000000000021662
07007850000000200118012420280000000000000000100000000000000000
090078500001002001180124202800000000000001340000020000000398000000000000000000000000000000000000001000000000000020000000000
11007850000200200118012420280000050000010000000398000000039800000000000000000000000000039800000000000000
120078500003002001180124202803050000000000000000000000000000000000000000000398000000000000000000000000000000
07007851000000200118012420290000000000000000100000000000000000
090078510001002001180124202900000000000002200000010000000699000000000000000000000000000000000000000990000000000010000000000
11007851000200200118012420290000050000010000000699000000069900000000000000000000000000069900000000000000
120078510003002001180124202903010000000000000000000000000000000000000000000699000000000000000000000000000000
07007852000000200118012420380000000000000000100000000000000000
090078520001002001180124203800000000000002040006460000000129000000000000000000000000000000100000000500000000000010000000000
090078520002002001180124203800000000000001080006880000000343000000000000000000000000000000100000001000000000000020000000000
090078520003002001180124203800000000000001010010500000000734000000000000000000000000000000100000000500000000000020000000000
090078520004002001180124203800000000000001070002480000000620000000000000000000000000000000100000005000000000000020000000000
090078520005002001180124203800000000000003010000010000000999000000000000000000000000000000000000006000000000000050000000000
090078520006002001180124203800000000000001040005640000000338000000000000000000000000000000100000002000000000000020000000000
11007852000700200118012420380000050000060000003163000000316300000000000000000000000000320000000000370000
120078520008002001180124203800000000000000000000000000000000000000000000003163000000000000000000000000000000
07007853000000200118012420390000000000000000100000000000000000
090078530001002001180124203900000000000002080005600000000279000000000000000000000000000000100000000500000000000010000000000
11007853000200200118012420390000050000010000000279000000027900000000000000000000000000050000000002210000
120078530003002001180124203900000000000000000000000000000000000000000000000279000000000000000000000000000000
060078530004002001180124204700000100000100000000000000000000000000000000000000000000
07007854000000200118012420480000000000000000100000000000000000
090078540001002001180124204800000000000001070005000000001250000000000000000000000000000000100000005000000000000020000000000
090078540002002001180124204800000000000005020000120000001200I 0000000000000000000000000000000000000100000000000060000000000
090078540003002001180124204800000000000006000000010000000199I 0100000000000000000000000000000000000890000000000080000000000
11007854000400200118012420480000050000030000002649000000264900000000000000000000000000500000000023510000
120078540005002001180124204800000000000000000000000000000000000000000000002649000000000000000000000000000000
060078540006002001180124204900000100000300000000000000000000000000000000000000000000
14007855000000200118012420530000010000000000
14007856000000200118012420530000010000000000
14007857000000200118012420570000010000000000
14007858000000200118012421010000010000000000
14007859000000200118012421040000010000000000
14007860000000200118012421060000010000000000
14007861000000200118012421070000010000000000
14007862000000200118012421080000010000000000
14007863000000200118012421100000010000000646
0400786400000020011801242110000001007682007864000000093090120000000953366618012400002029710000000000000000000000000075600001000000000000000000000000000000000000000000000000000000000000000000000000000000001234567890AB        
