01011154000000200109022407040000010000007000000000134789881.82G5E   1234567890AB        Generica            
02011154000100200109022407040000010000090000000000
07011155000000200109022407270000000000000000100000000000000000
090111550001002001090224072700000000000003030000010000000249000000000000000000000000000000000000000830000000000040000000000
090111550002002001090224072700000000000002040000600000000018000000000000000000000000000000100000000500000000000010000000000
090111550003002001090224072700000000000001080004560000000547000000000000000000000000000000100000001000000000000020000000000
11011155000400200109022407270000090000030000000814000000081400000000000000000000000000100000000001860000
120111550005002001090224072700000000000000000000000000000000000000000000000814000000000000000000000000000000
07011156000000200109022407290000000000000000100000000000000000
090111560001002001090224072900000000000003200000010000002299000000000000000000000000000000000000000000000000000050000000000
11011156000200200109022407290000090000010000002299000000229900000000000000000000000000229900000000000000
120111560003002001090224072900000000000000000000000000000000000000000000002299000000000000000000000000000000
07011157000000200109022407310000000000000000100000000000000000
090111570001002001090224073100000000000001020010200000000713000000000000000000000000000000100000001200000000000020000000000
090111570002002001090224073100000000000001040004920000000393000000000000000000000000000000100000002000000000000020000000000
11011157000300200109022407310000090000020000001106000000110600000000000000000000000000200000000008940000
120111570004002001090224073100000000000000000000000000000000000000000000001106000000000000000000000000000000
07011158000000200109022407320000000000000000100000000000000000
090111580001002001090224073200000000000001290003540000000177000000000000000000000000000000100000000250000000000020000000000
090111580002002001090224073200000000000002480021800000001088000000000000000000000000000000100000001000000000000010000000000
11011158000300200109022407320000090000020000001265000000126500000000000000000000000000126500000000000000
120111580004002001090224073200000000000000000000000000000000000000000000001265000000000000000000000000000000
07011159000000200109022407330000000000000000100000000000000000
090111590001002001090224073300000000000001070000700000000175000000000000000000000000000000100000005000000000000020000000000
090111590002002001090224073300000000000001050017760000000886000000000000000000000000000000100000000500000000000020000000000
090111590003002001090224073300000000000003030000030000000747000000000000000000000000000000000000000830000000000040000000000
090111590004002001090224073300000000000003250000020000000398000000000000000000000000000000000000000790000000000040000000000
11011159000500200109022407330000090000040000002206000000220600000000000000000000000000220600000000000000
120111590006002001090224073300000000000000000000000000000000000000000000002206000000000000000000000000000000
07011160000000200109022407400000000000000000100000000000000000
090111600001002001090224074000000000000002480006480000000323000000000000000000000000000000100000001000000000000010000000000
090111600002002001090224074000000000000001050005540000000276000000000000000000000000000000100000000500000000000020000000000
11011160000300200109022407400000090000020000000599000000059900000000000000000000000000059900000000000000
120111600004002001090224074000000000000000000000000000000000000000000000000599000000000000000000000000000000
07011161000000200109022407420000000000000000100000000000000000
090111610001002001090224074200000000000003030000020000000498000000000000000000000000000000000000000830000000000040000000000
11011161000200200109022407420000090000010000000498000000049800000000000000000000000000049800000000000000
120111610003002001090224074203010000000000000000000000000000000000000000000498000000000000000000000000000000
07011162000000200109022408020000000000000000100000000000000000
090111620001002001090224080200000000000001090001440000000115000000000000000000000000000000100000001500000000000020000000000
17011162000200200109022408020000000000000818
090111620003002001090224080200000000000003250000050000000995000000000000000000000000000000000000000790000000000040000000000
090111620004002001090224080200000000000001080004920000000590000000000000000000000000000000100000001000000000000020000000000
11011162000500200109022408020000090000030000001700000000170000000000000000000000000000170000000000000000
120111620006002001090224080200000000000000000000000000000000000000000000001700000000000000000000000000000000
07011163000000200109022408050000000000000000100000000000000000
090111630001002001090224080500000000000001050006720000000335000000000000000000000000000000100000000500000000000020000000000
17011163000200200109022408050000000000000362
090111630003002001090224080500000000000001290008040000000401000000000000000000000000000000100000000250000000000020000000000
11011163000400200109022408050000090000020000000736000000073600000000000000000000000000200000000012640000
120111630005002001090224080500000000000000000000000000000000000000000000000736000000000000000000000000000000
07011164000000200109022408100000000000000000100000000000000000
090111640001002001090224081000000000000003250000050000000995000000000000000000000000000000000000000790000000000040000000000
11011164000200200109022408100000090000010000000995000000099500000000000000000000000000099500000000000000
120111640003002001090224081000000000000000000000000000000000000000000000000995000000000000000000000000000000
07011165000000200109022408230000000000000000100000000000000000
090111650001002001090224082300000000000002480006180000000308000000000000000000000000000000100000001000000000000010000000000
11011165000200200109022408230000090000010000000308000000030800000000000000000000000000030800000000000000
120111650003002001090224082300000000000000000000000000000000000000000000000308000000000000000000000000000000
07011166000000200109022408250000000000000000100000000000000000
090111660001002001090224082500000000000003190000010000000500000000000000000000000000000000000000002000000000000050000000000
090111660002002001090224082500000000000005020000010000000100I 0000000000000000000000000000000000000100000000000060000000000
11011166000300200109022408250000090000020000000600000000060000000000000000000000000000060000000000000000
120111660004002001090224082503010000000000000000000000000000000000000000000600000000000000000000000000000000
07011167000000200109022408360000000000000000100000000000000000
090111670001002001090224083600000000000001110003440000000206000000000000000000000000000000100000001990000000000020000000000
11011167000200200109022408360000090000010000000206000000020600000000000000000000000000020600000000000000
120111670003002001090224083603010000000000000000000000000000000000000000000206000000000000000000000000000000
07011168000000200109022408550000000000000000100000000000000000
090111680001002001090224085500000000000005020000030000000300I 0000000000000000000000000000000000000100000000000060000000000
090111680002002001090224085500000000000011000004120000000206000000000000000000000000000000100000000990000000000020000000000
090111680003002001090224085500000000000001090000860000000069000000000000000000000000000000100000001500000000000020000000000
11011168000400200109022408550000090000030000000575000000057500000000000000000000000000057500000000000000
120111680005002001090224085503010000000000000000000000000000000000000000000575000000000000000000000000000000
07011169000000200109022409000000000000000000100000000000000000
090111690001002001090224090000000000000001080029300000003513000000000000000000000000000000100000001000000000000020000000000
090111690002002001090224090000000000000001050023800000001188000000000000000000000000000000100000000500000000000020000000000
11011169000300200109022409000000090000020000004701000000470100000000000000000000000000500000000002990000
120111690004002001090224090000000000000000000000000000000000000000000000004701000000000000000000000000000000
07011170000000200109022409090000000000000000100000000000000000
090111700001002001090224090900000000000002480008660000000432000000000000000000000000000000100000001000000000000010000000000
11011170000200200109022409090000090000010000000432000000043200000000000000000000000000043200000000000000
120111700003002001090224090900000000000000000000000000000000000000000000000432000000000000000000000000000000
07011171000000200109022409190000000000000000100000000000000000
090111710001002001090224091900000000000001070001440000000360000000000000000000000000000000100000005000000000000020000000000
11011171000200200109022409190000090000010000000360000000036000000000000000000000000000050000000001400000
120111710003002001090224091900000000000000000000000000000000000000000000000360000000000000000000000000000000
07011172000000200109022409340000000000000000100000000000000000
090111720001002001090224093400000000000003030000010000000249000000000000000000000000000000000000000830000000000040000000000
090111720002002001090224093400000000000001060003100000000279000000000000000000000000000000100000001500000000000020000000000
090111720003002001090224093400000000000001250004360000000348I 0000000000000000000000000000100000000530000000000020000000000
090111720004002001090224093400000000000011000005180000000258000000000000000000000000000000100000000990000000000020000000000
090111720005002001090224093400000000000001040004380000000350000000000000000000000000000000100000002000000000000020000000000
090111720006002001090224093400000000000001080002360000000283000000000000000000000000000000100000001000000000000020000000000
090111720007002001090224093400000000000002070004440000000399000000000000000000000000000000100000001990000000000010000000000
11011172000800200109022409340000090000070000002166000000216600000000000000000000000000216600000000000000
120111720009002001090224093403050000000000000000000000000000000000000000002166000000000000000000000000000000
07011173000000200109022409350000000000000000100000000000000000
090111730001002001090224093500000000000003020000010000000150000000000000000000000000000000000000000500000000000030000000000
090111730002002001090224093500000000000001080002600000000312000000000000000000000000000000100000001000000000000020000000000
11011173000300200109022409350000090000020000000462000000046200000000000000000000000000046200000000000000
120111730004002001090224093500000000000000000000000000000000000000000000000462000000000000000000000000000000
07011174000000200109022409350000000000000000100000000000000000
090111740001002001090224093500000000000002130019120000000572000000000000000000000000000000100000001400000000000010000000000
11011174000200200109022409350000090000010000000572000000057200000000000000000000000000200000000014280000
120111740003002001090224093500000000000000000000000000000000000000000000000572000000000000000000000000000000
07011175000000200109022409410000000000000000100000000000000000
090111750001002001090224094100000000000002250017440000001393000000000000000000000000000000100000002670000000000010000000000
11011175000200200109022409410000090000010000001393000000139300000000000000000000000000139300000000000000
120111750003002001090224094100000000000000000000000000000000000000000000001393000000000000000000000000000000
07011176000000200109022409430000000000000000100000000000000000
090111760001002001090224094300000000000002070009620000000865000000000000000000000000000000100000001990000000000010000000000
090111760002002001090224094300000000000002150000030000000597000000000000000000000000000000000000000500000000000010000000000
11011176000300200109022409430000090000020000001462000000146200000000000000000000000000500000000035380000
120111760004002001090224094300000000000000000000000000000000000000000000001462000000000000000000000000000000
07011177000000200109022409470000000000000000100000000000000000
090111770001002001090224094700000000000005020000010000000100I 0000000000000000000000000000000000000100000000000060000000000
11011177000200200109022409470000090000010000000100000000010000000000000000000000000000010000000000000000
120111770003002001090224094700000000000000000000000000000000000000000000000100000000000000000000000000000000
07011178000000200109022409480000000000000000100000000000000000
090111780001002001090224094800000000000002220000010000000599000000000000000000000000000000000000001500000000000010000000000
11011178000200200109022409480000090000010000000599000000059900000000000000000000000000059900000000000000
120111780003002001090224094803050000000000000000000000000000000000000000000599000000000000000000000000000000
07011179000000200109022409520000000000000000100000000000000000
090111790001002001090224095200000000000002130022480000000672000000000000000000000000000000100000001400000000000010000000000
090111790002002001090224095200000000000002010024620000001721000000000000000000000000000000100000000990000000000010000000000
090111790003002001090224095200000000000002170000010000000999000000000000000000000000000000000000006500000000000010000000000
090111790004002001090224095200000000000002110004620000000231000000000000000000000000000000100000000990000000000010000000000
090111790005002001090224095200000000000002090006380000000765000000000000000000000000000000100000004720000000000010000000000
090111790006002001090224095200000000000002080013120000000786000000000000000000000000000000100000000500000000000010000000000
11011179000700200109022409520000090000060000005174000000517400000000000000000000000001000000000048260000
120111790008002001090224095200000000000000000000000000000000000000000000005174000000000000000000000000000000
07011180000000200109022409530000000000000000100000000000000000
090111800001002001090224095300000000000002080017200000001030000000000000000000000000000000100000000500000000000010000000000
11011180000200200109022409530000090000010000001030000000103000000000000000000000000000103000000000000000
120111800003002001090224095300000000000000000000000000000000000000000000001030000000000000000000000000000000
07011181000000200109022409590000000000000000100000000000000000
090111810001002001090224095900000000000001080007500000000899000000000000000000000000000000100000001000000000000020000000000
090111810002002001090224095900000000000003250000020000000398000000000000000000000000000000000000000790000000000040000000000
11011181000300200109022409590000090000020000001297000000129700000000000000000000000000200000000007030000
120111810004002001090224095900000000000000000000000000000000000000000000001297000000000000000000000000000000
14011182000000200109022410030000010000000000
07011183000000200109022410040000000000000000100000000000000000
090111830001002001090224100400000000000001010006300000000566000000000000000000000000000000100000000500000000000020000000000
11011183000200200109022410040000090000010000000566000000056600000000000000000000000000056600000000000000
120111830003002001090224100403010000000000000000000000000000000000000000000566000000000000000000000000000000
14011184000000200109022410040000010000000000
07011185000000200109022410050000000000000000100000000000000000
090111850001002001090224100500000000000001020008740000000611000000000000000000000000000000100000001200000000000020000000000
11011185000200200109022410050000090000010000000611000000061100000000000000000000000000061100000000000000
120111850003002001090224100500000000000000000000000000000000000000000000000611000000000000000000000000000000
07011186000000200109022410080000000000000000100000000000000000
090111860001002001090224100800000000000001010008520000000766000000000000000000000000000000100000000500000000000020000000000
090111860002002001090224100800000000000001140005120000000255000000000000000000000000000000100000000500000000000020000000000
090111860003002001090224100800000000000001150004220000000422000000000000000000000000000000100000001000000000000020000000000
11011186000400200109022410080000090000030000001443000000144300000000000000000000000000144300000000000000
120111860005002001090224100800000000000000000000000000000000000000000000001443000000000000000000000000000000
07011187000000200109022410160000000000000000100000000000000000
090111870001002001090224101600000000000002480004500000000225000000000000000000000000000000100000001000000000000010000000000
090111870002002001090224101600000000000001110001840000000110000000000000000000000000000000100000001990000000000020000000000
090111870003002001090224101600000000000002040001200000000036000000000000000000000000000000100000000500000000000010000000000
11011187000400200109022410160000090000030000000371000000037100000000000000000000000000037100000000000000
120111870005002001090224101600000000000000000000000000000000000000000000000371000000000000000000000000000000
14011188000000200109022410180000010000000000
07011189000000200109022410190000000000000000100000000000000000
090111890001002001090224101900000000000002250005260000000420000000000000000000000000000000100000002670000000000010000000000
090111890002002001090224101900000000000002150000010000000199000000000000000000000000000000000000000500000000000010000000000
11011189000300200109022410190000090000020000000619000000061900000000000000000000000000100000000003810000
120111890004002001090224101900000000000000000000000000000000000000000000000619000000000000000000000000000000
07011190000000200109022410210000000000000000100000000000000000
090111900001002001090224102100000000000003030000010000000249000000000000000000000000000000000000000830000000000040000000000
090111900002002001090224102100000000000003040000010000000249000000000000000000000000000000000000000700000000000040000000000
11011190000300200109022410210000090000020000000498000000049800000000000000000000000000049800000000000000
120111900004002001090224102103090000000000000000000000000000000000000000000498000000000000000000000000000000
07011191000000200109022410310000000000000000100000000000000000
090111910001002001090224103100000000000001070007980000001994000000000000000000000000000000100000005000000000000020000000000
11011191000200200109022410310000090000010000001994000000199400000000000000000000000000199400000000000000
120111910003002001090224103100000000000000000000000000000000000000000000001994000000000000000000000000000000
07011192000000200109022410350000000000000000100000000000000000
090111920001002001090224103500000000000001020011160000000780000000000000000000000000000000100000001200000000000020000000000
11011192000200200109022410350000090000010000000780000000078000000000000000000000000000078000000000000000
120111920003002001090224103500000000000000000000000000000000000000000000000780000000000000000000000000000000
07011193000000200109022410370000000000000000100000000000000000
090111930001002001090224103700000000000005220000020000004398I 0100000000000000000000000000000000018500000000000070000000000
090111930002002001090224103700000000000002270008100000001214000000000000000000000000000000100000003990000000000010000000000
11011193000300200109022410370000090000020000005612000000561200000000000000000000000000561200000000000000
120111930004002001090224103703010000000000000000000000000000000000000000005612000000000000000000000000000000
07011194000000200109022410380000000000000000100000000000000000
090111940001002001090224103800000000000001020009660000000675000000000000000000000000000000100000001200000000000020000000000
090111940002002001090224103800000000000003040000010000000249000000000000000000000000000000000000000700000000000040000000000
11011194000300200109022410380000090000020000000924000000092400000000000000000000000000092400000000000000
120111940004002001090224103800000000000000000000000000000000000000000000000924000000000000000000000000000000
07011195000000200109022410440000000000000000100000000000000000
090111950001002001090224104400000000000003010000010000000999000000000000000000000000000000000000006000000000000050000000000
090111950002002001090224104400000000000003040000010000000249000000000000000000000000000000000000000700000000000040000000000
090111950003002001090224104400000000000002040003480000000104000000000000000000000000000000100000000500000000000010000000000
11011195000400200109022410440000090000030000001352000000135200000000000000000000000000135200000000000000
120111950005002001090224104403050000000000000000000000000000000000000000001352000000000000000000000000000000
07011196000000200109022410460000000000000000100000000000000000
090111960001002001090224104600000000000002080010800000000647000000000000000000000000000000100000000500000000000010000000000
090111960002002001090224104600000000000002070014360000001291000000000000000000000000000000100000001990000000000010000000000
090111960003002001090224104600000000000001090001740000000139000000000000000000000000000000100000001500000000000020000000000
090111960004002001090224104600000000000001170003940000000118000000000000000000000000000000100000000590000000000020000000000
11011196000500200109022410460000090000040000002195000000219500000000000000000000000000219500000000000000
120111960006002001090224104603010000000000000000000000000000000000000000002195000000000000000000000000000000
07011197000000200109022410490000000000000000100000000000000000
090111970001002001090224104900000000000001080002940000000353000000000000000000000000000000100000001000000000000020000000000
11011197000200200109022410490000090000010000000353000000035300000000000000000000000000200000000016470000
120111970003002001090224104900000000000000000000000000000000000000000000000353000000000000000000000000000000
07011198000000200109022410530000000000000000100000000000000000
090111980001002001090224105300000000000001050002920000000146000000000000000000000000000000100000000500000000000020000000000
090111980002002001090224105300000000000001090002500000000200000000000000000000000000000000100000001500000000000020000000000
11011198000300200109022410530000090000020000000346000000034600000000000000000000000000034600000000000000
120111980004002001090224105303100000000000000000000000000000000000000000000346000000000000000000000000000000
07011199000000200109022410540000000000000000100000000000000000
090111990001002001090224105400000000000001060005740000000516000000000000000000000000000000100000001500000000000020000000000
090111990002002001090224105400000000000001070002020000000505000000000000000000000000000000100000005000000000000020000000000
090111990003002001090224105400000000000001040002940000000235000000000000000000000000000000100000002000000000000020000000000
090111990004002001090224105400000000000001090002360000000189000000000000000000000000000000100000001500000000000020000000000
11011199000500200109022410540000090000040000001445000000144500000000000000000000000000150000000000550000
120111990006002001090224105400000000000000000000000000000000000000000000001445000000000000000000000000000000
07011200000000200109022411040000000000000000100000000000000000
090112000001002001090224110400000000000002260004320000000345000000000000000000000000000000100000002000000000000010000000000
11011200000200200109022411040000090000010000000345000000034500000000000000000000000000100000000006550000
120112000003002001090224110400000000000000000000000000000000000000000000000345000000000000000000000000000000
07011201000000200109022411060000000000000000100000000000000000
090112010001002001090224110600000000000001060000740000000067000000000000000000000000000000100000001500000000000020000000000
090112010002002001090224110600000000000001250002080000000166I 0000000000000000000000000000100000000530000000000020000000000
11011201000300200109022411060000090000020000000233000000023300000000000000000000000000023300000000000000
120112010004002001090224110603100000000000000000000000000000000000000000000233000000000000000000000000000000
07011202000000200109022411060000000000000000100000000000000000
090112020001002001090224110600000000000001090000960000000077000000000000000000000000000000100000001500000000000020000000000
11011202000200200109022411060000090000010000000077000000007700000000000000000000000000007700000000000000
120112020003002001090224110603010000000000000000000000000000000000000000000077000000000000000000000000000000
07011203000000200109022411080000000000000000100000000000000000
090112030001002001090224110800000000000003250000010000000199000000000000000000000000000000000000000790000000000040000000000
090112030002002001090224110800000000000003030000010000000249000000000000000000000000000000000000000830000000000040000000000
090112030003002001090224110800000000000001080001880000000225000000000000000000000000000000100000001000000000000020000000000
090112030004002001090224110800000000000002020009240000000923000000000000000000000000000000100000001990000000000010000000000
090112030005002001090224110800000000000002480000860000000043000000000000000000000000000000100000001000000000000010000000000
090112030006002001090224110800000000000001230000360000000090000000000000000000000000000000100000008750000000000020000000000
11011203000700200109022411080000090000060000001729000000172900000000000000000000000000172900000000000000
120112030008002001090224110803010000000000000000000000000000000000000000001729000000000000000000000000000000
07011204000000200109022411100000000000000000100000000000000000
090112040001002001090224111000000000000001040003680000000294000000000000000000000000000000100000002000000000000020000000000
090112040002002001090224111000000000000005020000090000000900I 0000000000000000000000000000000000000100000000000060000000000
090112040003002001090224111000000000000003030000020000000498000000000000000000000000000000000000000830000000000040000000000
11011204000400200109022411100000090000030000001692000000169200000000000000000000000000500000000033080000
120112040005002001090224111000000000000000000000000000000000000000000000001692000000000000000000000000000000
07011205000000200109022411170000000000000000100000000000000000
090112050001002001090224111700000000000001010009740000000876000000000000000000000000000000100000000500000000000020000000000
090112050002002001090224111700000000000001060003320000000298000000000000000000000000000000100000001500000000000020000000000
090112050003002001090224111700000000000002010009300000000650000000000000000000000000000000100000000990000000000010000000000
090112050004002001090224111700000000000002650002280000000228000000000000000000000000000000100000003990000000000010000000000
090112050005002001090224111700000000000001270002740000000164000000000000000000000000000000100000000250000000000020000000000
090112050006002001090224111700000000000002150000020000000398000000000000000000000000000000000000000500000000000010000000000
090112050007002001090224111700000000000001170004100000000123000000000000000000000000000000100000000590000000000020000000000
090112050008002001090224111700000000000002040004740000000142000000000000000000000000000000100000000500000000000010000000000
090112050009002001090224111700000000000001110002440000000146000000000000000000000000000000100000001990000000000020000000000
090112050010002001090224111700000000000002090004100000000492000000000000000000000000000000100000004720000000000010000000000
090112050011002001090224111700000000000002070011260000001012000000000000000000000000000000100000001990000000000010000000000
090112050012002001090224111700000000000002070012800000001151000000000000000000000000000000100000001990000000000010000000000
090112050013002001090224111700000000000002130025180000000753000000000000000000000000000000100000001400000000000010000000000
11011205001400200109022411170000090000130000006433000000643300000000000000000000000001000000000035670000
120112050015002001090224111700000000000000000000000000000000000000000000006433000000000000000000000000000000
07011206000000200109022411180000000000000000100000000000000000
090112060001002001090224111800000000000001220004460000000446000000000000000000000000000000100000001500000000000020000000000
11011206000200200109022411180000090000010000000446000000044600000000000000000000000000044600000000000000
120112060003002001090224111804000000000000000000000000000000000000000000000446000000000000000000000000000000
07011207000000200109022411220000000000000000100000000000000000
090112070001002001090224112200000000000002240019020000001329000000000000000000000000000000100000001500000000000010000000000
090112070002002001090224112200000000000001140002940000000147000000000000000000000000000000100000000500000000000020000000000
090112070003002001090224112200000000000001220024540000002452000000000000000000000000000000100000001500000000000020000000000
090112070004002001090224112200000000000005020000010000000100I 0000000000000000000000000000000000000100000000000060000000000
11011207000500200109022411220000090000040000004028000000402800000000000000000000000000500000000009720000
120112070006002001090224112200000000000000000000000000000000000000000000004028000000000000000000000000000000
07011208000000200109022411230000000000000000100000000000000000
090112080001002001090224112300000000000002130014260000000426000000000000000000000000000000100000001400000000000010000000000
11011208000200200109022411230000090000010000000426000000042600000000000000000000000000042600000000000000
120112080003002001090224112300000000000000000000000000000000000000000000000426000000000000000000000000000000
07011209000000200109022411280000000000000000100000000000000000
090112090001002001090224112800000000000005080000010000002399I 0100000000000000000000000000000000019000000000000070000000000
17011209000200200109022411280000000000001179
090112090003002001090224112800000000000002110015060000000751000000000000000000000000000000100000000990000000000010000000000
090112090004002001090224112800000000000001010017120000001539000000000000000000000000000000100000000500000000000020000000000
090112090005002001090224112800000000000001070004100000001025000000000000000000000000000000100000005000000000000020000000000
090112090006002001090224112800000000000002070013420000001206000000000000000000000000000000100000001990000000000010000000000
11011209000700200109022411280000090000050000006920000000692000000000000000000000000000692000000000000000
120112090008002001090224112803060000000000000000000000000000000000000000006920000000000000000000000000000000
07011210000000200109022411310000000000000000100000000000000000
090112100001002001090224113100000000000002080016340000000979000000000000000000000000000000100000000500000000000010000000000
090112100002002001090224113100000000000003010000010000000999000000000000000000000000000000000000006000000000000050000000000
11011210000300200109022411310000090000020000001978000000197800000000000000000000000000197800000000000000
120112100004002001090224113100000000000000000000000000000000000000000000001978000000000000000000000000000000
07011211000000200109022411330000000000000000100000000000000000
090112110001002001090224113300000000000003030000020000000498000000000000000000000000000000000000000830000000000040000000000
090112110002002001090224113300000000000001110002620000000157000000000000000000000000000000100000001990000000000020000000000
11011211000300200109022411330000090000020000000655000000065500000000000000000000000000200000000013450000
120112110004002001090224113300000000000000000000000000000000000000000000000655000000000000000000000000000000
07011212000000200109022411340000000000000000100000000000000000
090112120001002001090224113400000000000003030000010000000249000000000000000000000000000000000000000830000000000040000000000
090112120002002001090224113400000000000001090000880000000070000000000000000000000000000000100000001500000000000020000000000
11011212000300200109022411340000090000020000000319000000031900000000000000000000000000200000000016810000
120112120004002001090224113400000000000000000000000000000000000000000000000319000000000000000000000000000000
07011213000000200109022411350000000000000000100000000000000000
090112130001002001090224113500000000000001140003980000000199000000000000000000000000000000100000000500000000000020000000000
11011213000200200109022411350000090000010000000199000000019900000000000000000000000000019900000000000000
120112130003002001090224113500000000000000000000000000000000000000000000000199000000000000000000000000000000
07011214000000200109022411350000000000000000100000000000000000
090112140001002001090224113500000000000002040001360000000041000000000000000000000000000000100000000500000000000010000000000
11011214000200200109022411350000090000010000000041000000004100000000000000000000000000004100000000000000
120112140003002001090224113500000000000000000000000000000000000000000000000041000000000000000000000000000000
07011215000000200109022411400000000000000000100000000000000000
090112150001002001090224114000000000000001050006600000000329000000000000000000000000000000100000000500000000000020000000000
090112150002002001090224114000000000000001140007360000000367000000000000000000000000000000100000000500000000000020000000000
090112150003002001090224114000000000000002040004920000000147000000000000000000000000000000100000000500000000000010000000000
090112150004002001090224114000000000000001010006740000000606000000000000000000000000000000100000000500000000000020000000000
11011215000500200109022411400000090000040000001449000000144900000000000000000000000000144900000000000000
120112150006002001090224114003050000000000000000000000000000000000000000001449000000000000000000000000000000
07011216000000200109022411420000000000000000100000000000000000
090112160001002001090224114200000000000003030000010000000249000000000000000000000000000000000000000830000000000040000000000
090112160002002001090224114200000000000001080005640000000676000000000000000000000000000000100000001000000000000020000000000
090112160003002001090224114200000000000001040002040000000163000000000000000000000000000000100000002000000000000020000000000
11011216000400200109022411420000090000030000001088000000108800000000000000000000000000108800000000000000
120112160005002001090224114200000000000000000000000000000000000000000000001088000000000000000000000000000000
07011217000000200109022411430000000000000000100000000000000000
090112170001002001090224114300000000000003250000010000000199000000000000000000000000000000000000000790000000000040000000000
090112170002002001090224114300000000000001020006520000000456000000000000000000000000000000100000001200000000000020000000000
090112170003002001090224114300000000000002220000010000000599000000000000000000000000000000000000001500000000000010000000000
11011217000400200109022411430000090000030000001254000000125400000000000000000000000000125400000000000000
120112170005002001090224114303100000000000000000000000000000000000000000001254000000000000000000000000000000
07011218000000200109022411450000000000000000100000000000000000
090112180001002001090224114500000000000002070004700000000423000000000000000000000000000000100000001990000000000010000000000
090112180002002001090224114500000000000003030000010000000249000000000000000000000000000000000000000830000000000040000000000
090112180003002001090224114500000000000001080002340000000281000000000000000000000000000000100000001000000000000020000000000
11011218000400200109022411450000090000030000000953000000095300000000000000000000000000095300000000000000
120112180005002001090224114503100000000000000000000000000000000000000000000953000000000000000000000000000000
07011219000000200109022412010000000000000000100000000000000000
090112190001002001090224120100000000000002240008700000000608000000000000000000000000000000100000001500000000000010000000000
090112190002002001090224120100000000000001070001420000000355000000000000000000000000000000100000005000000000000020000000000
090112190003002001090224120100000000000001050006820000000340000000000000000000000000000000100000000500000000000020000000000
090112190004002001090224120100000000000001080003840000000460000000000000000000000000000000100000001000000000000020000000000
11011219000500200109022412010000090000040000001763000000176300000000000000000000000000176300000000000000
120112190006002001090224120103010000000000000000000000000000000000000000001763000000000000000000000000000000
07011220000000200109022412030000000000000000100000000000000000
090112200001002001090224120300000000000003250000020000000398000000000000000000000000000000000000000790000000000040000000000
11011220000200200109022412030000090000010000000398000000039800000000000000000000000000039800000000000000
120112200003002001090224120303100000000000000000000000000000000000000000000398000000000000000000000000000000
14011221000000200109022412080000010000000000
07011222000000200109022412110000000000000000100000000000000000
090112220001002001090224121100000000000002480001760000000088000000000000000000000000000000100000001000000000000010000000000
090112220002002001090224121100000000000001050005240000000261000000000000000000000000000000100000000500000000000020000000000
11011222000300200109022412110000090000020000000349000000034900000000000000000000000000034900000000000000
120112220004002001090224121100000000000000000000000000000000000000000000000349000000000000000000000000000000
07011223000000200109022412120000000000000000100000000000000000
090112230001002001090224121200000000000002010024540000001715000000000000000000000000000000100000000990000000000010000000000
11011223000200200109022412120000090000010000001715000000171500000000000000000000000000200000000002850000
120112230003002001090224121200000000000000000000000000000000000000000000001715000000000000000000000000000000
07011224000000200109022412170000000000000000100000000000000000
090112240001002001090224121700000000000002130014360000000429000000000000000000000000000000100000001400000000000010000000000
090112240002002001090224121700000000000001040003700000000296000000000000000000000000000000100000002000000000000020000000000
11011224000300200109022412170000090000020000000725000000072500000000000000000000000000072500000000000000
120112240004002001090224121703010000000000000000000000000000000000000000000725000000000000000000000000000000
07011225000000200109022412190000000000000000100000000000000000
090112250001002001090224121900000000000001150002340000000234000000000000000000000000000000100000001000000000000020000000000
11011225000200200109022412190000090000010000000234000000023400000000000000000000000000023400000000000000
120112250003002001090224121900000000000000000000000000000000000000000000000234000000000000000000000000000000
07011226000000200109022412230000000000000000100000000000000000
090112260001002001090224122300000000000001010009080000000816000000000000000000000000000000100000000500000000000020000000000
090112260002002001090224122300000000000001130003720000000148000000000000000000000000000000100000001500000000000020000000000
11011226000300200109022412230000090000020000000964000000096400000000000000000000000000200000000010360000
120112260004002001090224122300000000000000000000000000000000000000000000000964000000000000000000000000000000
07011227000000200109022412240000000000000000100000000000000000
090112270001002001090224122400000000000001080007260000000870000000000000000000000000000000100000001000000000000020000000000
11011227000200200109022412240000090000010000000870000000087000000000000000000000000000087000000000000000
120112270003002001090224122403010000000000000000000000000000000000000000000870000000000000000000000000000000
07011228000000200109022412250000000000000000100000000000000000
090112280001002001090224122500000000000002130017500000000523000000000000000000000000000000100000001400000000000010000000000
11011228000200200109022412250000090000010000000523000000052300000000000000000000000000100000000004770000
120112280003002001090224122500000000000000000000000000000000000000000000000523000000000000000000000000000000
07011229000000200109022412310000000000000000100000000000000000
090112290001002001090224123100000000000001070001960000000490000000000000000000000000000000100000005000000000000020000000000
11011229000200200109022412310000090000010000000490000000049000000000000000000000000000049000000000000000
120112290003002001090224123103050000000000000000000000000000000000000000000490000000000000000000000000000000
14011230000000200109022412320000010000000000
07011231000000200109022412330000000000000000100000000000000000
090112310001002001090224123300000000000001080005100000000611000000000000000000000000000000100000001000000000000020000000000
090112310002002001090224123300000000000001090003400000000272000000000000000000000000000000100000001500000000000020000000000
090112310003002001090224123300000000000003250000010000000199000000000000000000000000000000000000000790000000000040000000000
090112310004002001090224123300000000000001050005660000000282000000000000000000000000000000100000000500000000000020000000000
11011231000500200109022412330000090000040000001364000000136400000000000000000000000000136400000000000000
120112310006002001090224123303050000000000000000000000000000000000000000001364000000000000000000000000000000
07011232000000200109022413000000000000000000100000000000000000
090112320001002001090224130000000000000001060002260000000203000000000000000000000000000000100000001500000000000020000000000
090112320002002001090224130000000000000002080012800000000767000000000000000000000000000000100000000500000000000010000000000
090112320003002001090224130000000000000002140009780000000586000000000000000000000000000000100000001990000000000010000000000
090112320004002001090224130000000000000001270007880000000472000000000000000000000000000000100000000250000000000020000000000
11011232000500200109022413000000090000040000002028000000202800000000000000000000000000202800000000000000
120112320006002001090224130003010000000000000000000000000000000000000000002028000000000000000000000000000000
07011233000000200109022413040000000000000000100000000000000000
090112330001002001090224130400000000000001080001260000000151000000000000000000000000000000100000001000000000000020000000000
090112330002002001090224130400000000000001040001080000000086000000000000000000000000000000100000002000000000000020000000000
11011233000300200109022413040000090000020000000237000000023700000000000000000000000000023700000000000000
120112330004002001090224130400000000000000000000000000000000000000000000000237000000000000000000000000000000
07011234000000200109022413050000000000000000100000000000000000
090112340001002001090224130500000000000002260005840000000467000000000000000000000000000000100000002000000000000010000000000
090112340002002001090224130500000000000002130011920000000356000000000000000000000000000000100000001400000000000010000000000
11011234000300200109022413050000090000020000000823000000082300000000000000000000000000082300000000000000
120112340004002001090224130500000000000000000000000000000000000000000000000823000000000000000000000000000000
07011235000000200109022413060000000000000000100000000000000000
090112350001002001090224130600000000000001230000140000000035000000000000000000000000000000100000008750000000000020000000000
11011235000200200109022413060000090000010000000035000000003500000000000000000000000000003500000000000000
120112350003002001090224130600000000000000000000000000000000000000000000000035000000000000000000000000000000
07011236000000200109022413090000000000000000100000000000000000
090112360001002001090224130900000000000002140011100000000665000000000000000000000000000000100000001990000000000010000000000
11011236000200200109022413090000090000010000000665000000066500000000000000000000000000066500000000000000
120112360003002001090224130903010000000000000000000000000000000000000000000665000000000000000000000000000000
07011237000000200109022413130000000000000000100000000000000000
090112370001002001090224131300000000000020700016060000000480000000000000000000000000000000100000000500000000000010000000000
090112370002002001090224131300000000000001290008220000000410000000000000000000000000000000100000000250000000000020000000000
090112370003002001090224131300000000000005020000090000000900I 0000000000000000000000000000000000000100000000000060000000000
090112370004002001090224131300000000000002130018460000000552000000000000000000000000000000100000001400000000000010000000000
090112370005002001090224131300000000000005020000010000000100I 0000000000000000000000000000000000000100000000000060000000000
090112370006002001090224131300000000000002480019220000000959000000000000000000000000000000100000001000000000000010000000000
090112370007002001090224131300000000000005020000030000000300I 0000000000000000000000000000000000000100000000000060000000000
090112370008002001090224131300000000000005020000060000000600I 0000000000000000000000000000000000000100000000000060000000000
11011237000900200109022413130000090000080000004301000000430100000000000000000000000000430100000000000000
120112370010002001090224131303050000000000000000000000000000000000000000004301000000000000000000000000000000
07011238000000200109022413150000000000000000100000000000000000
090112380001002001090224131500000000000002240011860000000829000000000000000000000000000000100000001500000000000010000000000
090112380002002001090224131500000000000005020000030000000300I 0000000000000000000000000000000000000100000000000060000000000
11011238000300200109022413150000090000020000001129000000112900000000000000000000000000112900000000000000
120112380004002001090224131503060000000000000000000000000000000000000000001129000000000000000000000000000000
07011239000000200109022413190000000000000000100000000000000000
090112390001002001090224131900000000000001270004200000000252000000000000000000000000000000100000000250000000000020000000000
090112390002002001090224131900000000000011000006140000000306000000000000000000000000000000100000000990000000000020000000000
090112390003002001090224131900000000000002480002640000000132000000000000000000000000000000100000001000000000000010000000000
090112390004002001090224131900000000000002010007000000000489000000000000000000000000000000100000000990000000000010000000000
11011239000500200109022413190000090000040000001179000000117900000000000000000000000000500000000038210000
120112390006002001090224131900000000000000000000000000000000000000000000001179000000000000000000000000000000
07011240000000200109022413220000000000000000100000000000000000
090112400001002001090224132200000000000001220004820000000482000000000000000000000000000000100000001500000000000020000000000
090112400002002001090224132200000000000001020005860000000410000000000000000000000000000000100000001200000000000020000000000
11011240000300200109022413220000090000020000000892000000089200000000000000000000000000089200000000000000
120112400004002001090224132200000000000000000000000000000000000000000000000892000000000000000000000000000000
07011241000000200109022413250000000000000000100000000000000000
090112410001002001090224132500000000000003040000010000000249000000000000000000000000000000000000000700000000000040000000000
11011241000200200109022413250000090000010000000249000000024900000000000000000000000000024900000000000000
120112410003002001090224132500000000000000000000000000000000000000000000000249000000000000000000000000000000
07011242000000200109022413400000000000000000100000000000000000
090112420001002001090224134000000000000002480008840000000441000000000000000000000000000000100000001000000000000010000000000
11011242000200200109022413400000090000010000000441000000044100000000000000000000000000050000000000590000
120112420003002001090224134000000000000000000000000000000000000000000000000441000000000000000000000000000000
07011243000000200109022413410000000000000000100000000000000000
090112430001002001090224134100000000000005020000010000000100I 0000000000000000000000000000000000000100000000000060000000000
090112430002002001090224134100000000000001090002340000000187000000000000000000000000000000100000001500000000000020000000000
090112430003002001090224134100000000000001040001060000000085000000000000000000000000000000100000002000000000000020000000000
090112430004002001090224134100000000000001080001780000000213000000000000000000000000000000100000001000000000000020000000000
11011243000500200109022413410000090000040000000585000000058500000000000000000000000000058500000000000000
120112430006002001090224134100000000000000000000000000000000000000000000000585000000000000000000000000000000
07011244000000200109022413430000000000000000100000000000000000
090112440001002001090224134300000000000002480014340000000716000000000000000000000000000000100000001000000000000010000000000
11011244000200200109022413430000090000010000000716000000071600000000000000000000000000200000000012840000
120112440003002001090224134300000000000000000000000000000000000000000000000716000000000000000000000000000000
07011245000000200109022413440000000000000000100000000000000000
090112450001002001090224134400000000000001050002900000000145000000000000000000000000000000100000000500000000000020000000000
11011245000200200109022413440000090000010000000145000000014500000000000000000000000000014500000000000000
120112450003002001090224134403010000000000000000000000000000000000000000000145000000000000000000000000000000
060112450004002001090224134800000100000650000000000000000000000000000000000000000000
14011246000000200109022413540000010000001599
07011247000000200109022414000000000000000000100000000000000000
090112470001002001090224140000000000000002480007000000000349000000000000000000000000000000100000001000000000000010000000000
11011247000200200109022414000000090000010000000349000000034900000000000000000000000000034900000000000000
120112470003002001090224140002010000000000000000000000000000000000050000000349000000000000000000000000000000
100112470004002001090224140001000000000000000500000003490000000000000463000009
07011248000000200109022414210000000000000000100000000000000000
090112480001002001090224142100000000000002010016320000001141000000000000000000000000000000100000000990000000000010000000000
090112480002002001090224142100000000000002150000010000000199000000000000000000000000000000000000000500000000000010000000000
090112480003002001090224142100000000000002150000010000000199000000000000000000000000000000000000000500000000000010000000000
11011248000400200109022414210000090000030000001539000000153900000000000000000000000000153900000000000000
120112480005002001090224142103030000000000000000000000000000000000000000001539000000000000000000000000000000
07011249000000200109022414260000000000000000100000000000000000
090112490001002001090224142600000000000002480004500000000225000000000000000000000000000000100000001000000000000010000000000
090112490002002001090224142600000000000002070011500000001034000000000000000000000000000000100000001990000000000010000000000
090112490003002001090224142600000000000002280004460000000133000000000000000000000000000000100000001000000000000010000000000
090112490004002001090224142600000000000002040005560000000166000000000000000000000000000000100000000500000000000010000000000
11011249000500200109022414260000090000040000001558000000155800000000000000000000000000155800000000000000
120112490006002001090224142603030000000000000000000000000000000000000000001558000000000000000000000000000000
07011250000000200109022414370000000000000000100000000000000000
090112500001002001090224143700000000000005080000010000002399I 0100000000000000000000000000000000019000000000000070000000000
11011250000200200109022414370000090000010000002399000000239900000000000000000000000000500000000026010000
120112500003002001090224143700000000000000000000000000000000000000000000002399000000000000000000000000000000
07011251000000200109022414400000000000000000100000000000000000
090112510001002001090224144000000000000005080000010000002399I 0100000000000000000000000000000000019000000000000070000000000
11011251000200200109022414400000090000010000002399000000239900000000000000000000000001000000000076010000
120112510003002001090224144000000000000000000000000000000000000000000000002399000000000000000000000000000000
07011252000000200109022415280000000000000000100000000000000000
090112520001002001090224152800000000000002130023500000000703000000000000000000000000000000100000001400000000000010000000000
11011252000200200109022415280000090000010000000703000000070300000000000000000000000000200000000012970000
120112520003002001090224152800000000000000000000000000000000000000000000000703000000000000000000000000000000
07011253000000200109022415300000000000000000100000000000000000
090112530001002001090224153000000000000002220000010000000599000000000000000000000000000000000000001500000000000010000000000
11011253000200200109022415300000090000010000000599000000059900000000000000000000000000059900000000000000
120112530003002001090224153003020000000000000000000000000000000000000000000599000000000000000000000000000000
07011254000000200109022415460000000000000000100000000000000000
090112540001002001090224154600000000000005020000010000000100I 0000000000000000000000000000000000000100000000000060000000000
11011254000200200109022415460000090000010000000100000000010000000000000000000000000000010000000000000000
120112540003002001090224154600000000000000000000000000000000000000000000000100000000000000000000000000000000
07011255000000200109022415490000000000000000100000000000000000
090112550001002001090224154900000000000001160011500000000919000000000000000000000000000000100000000670000000000020000000000
090112550002002001090224154900000000000001140007480000000373000000000000000000000000000000100000000500000000000020000000000
090112550003002001090224154900000000000001130021440000000855000000000000000000000000000000100000001500000000000020000000000
11011255000400200109022415490000090000030000002147000000214700000000000000000000000000220000000000530000
120112550005002001090224154900000000000000000000000000000000000000000000002147000000000000000000000000000000
07011256000000200109022416040000000000000000100000000000000000
090112560001002001090224160400000000000002280005900000000176000000000000000000000000000000100000001000000000000010000000000
090112560002002001090224160400000000000002080008960000000537000000000000000000000000000000100000000500000000000010000000000
090112560003002001090224160400000000000002170000010000000999000000000000000000000000000000000000006500000000000010000000000
090112560004002001090224160400000000000002140009360000000561000000000000000000000000000000100000001990000000000010000000000
11011256000500200109022416040000090000040000002273000000227300000000000000000000000000500000000027270000
120112560006002001090224160400000000000000000000000000000000000000000000002273000000000000000000000000000000
07011257000000200109022416150000000000000000100000000000000000
090112570001002001090224161500000000000001040001480000000118000000000000000000000000000000100000002000000000000020000000000
090112570002002001090224161500000000000001080005060000000607000000000000000000000000000000100000001000000000000020000000000
11011257000300200109022416150000090000020000000725000000072500000000000000000000000000100000000002750000
120112570004002001090224161500000000000000000000000000000000000000000000000725000000000000000000000000000000
07011258000000200109022416250000000000000000100000000000000000
090112580001002001090224162500000000000001090000580000000046000000000000000000000000000000100000001500000000000020000000000
11011258000200200109022416250000090000010000000046000000004600000000000000000000000000004600000000000000
120112580003002001090224162500000000000000000000000000000000000000000000000046000000000000000000000000000000
07011259000000200109022416530000000000000000100000000000000000
090112590001002001090224165300000000000003200000010000002299000000000000000000000000000000000000000000000000000050000000000
090112590002002001090224165300000000000003200000010000002299000000000000000000000000000000000000000000000000000050000000000
090112590003002001090224165300000000000002090006180000000741000000000000000000000000000000100000004720000000000010000000000
090112590004002001090224165300000000000002250005700000000455000000000000000000000000000000100000002670000000000010000000000
090112590005002001090224165300000000000002110005260000000262000000000000000000000000000000100000000990000000000010000000000
090112590006002001090224165300000000000002080018140000001087000000000000000000000000000000100000000500000000000010000000000
11011259000700200109022416530000090000060000007143000000714300000000000000000000000000714300000000000000
120112590008002001090224165303100000000000000000000000000000000000000000007143000000000000000000000000000000
07011260000000200109022417030000000000000000100000000000000000
090112600001002001090224170300000000000002190000010000000799000000000000000000000000000000000000002250000000000010000000000
11011260000200200109022417030000090000010000000799000000079900000000000000000000000000200000000012010000
120112600003002001090224170300000000000000000000000000000000000000000000000799000000000000000000000000000000
07011261000000200109022417060000000000000000100000000000000000
090112610001002001090224170600000000000011000023300000001163000000000000000000000000000000100000000990000000000020000000000
090112610002002001090224170600000000000001080011920000001429000000000000000000000000000000100000001000000000000020000000000
11011261000300200109022417060000090000020000002592000000259200000000000000000000000000259200000000000000
120112610004002001090224170603030000000000000000000000000000000000000000002592000000000000000000000000000000
07011262000000200109022417110000000000000000100000000000000000
090112620001002001090224171100000000000001050004980000000249000000000000000000000000000000100000000500000000000020000000000
090112620002002001090224171100000000000001090003900000000312000000000000000000000000000000100000001500000000000020000000000
11011262000300200109022417110000090000020000000561000000056100000000000000000000000000060000000000390000
120112620004002001090224171100000000000000000000000000000000000000000000000561000000000000000000000000000000
07011263000000200109022417540000000000000000100000000000000000
090112630001002001090224175400000000000005080000010000002399I 0100000000000000000000000000000000019000000000000070000000000
11011263000200200109022417540000090000010000002399000000239900000000000000000000000000239900000000000000
120112630003002001090224175403030000000000000000000000000000000000000000002399000000000000000000000000000000
07011264000000200109022418030000000000000000100000000000000000
090112640001002001090224180300000000000001090001260000000101000000000000000000000000000000100000001500000000000020000000000
090112640002002001090224180300000000000001050004680000000234000000000000000000000000000000100000000500000000000020000000000
090112640003002001090224180300000000000002480005360000000267000000000000000000000000000000100000001000000000000010000000000
090112640004002001090224180300000000000001080007040000000844000000000000000000000000000000100000001000000000000020000000000
090112640005002001090224180300000000000002070007540000000678000000000000000000000000000000100000001990000000000010000000000
11011264000600200109022418030000090000050000002124000000212400000000000000000000000000212400000000000000
120112640007002001090224180303030000000000000000000000000000000000000000002124000000000000000000000000000000
07011265000000200109022418050000000000000000100000000000000000
090112650001002001090224180500000000000001070002820000000705000000000000000000000000000000100000005000000000000020000000000
11011265000200200109022418050000090000010000000705000000070500000000000000000000000000070500000000000000
120112650003002001090224180503020000000000000000000000000000000000000000000705000000000000000000000000000000
07011266000000200109022418050000000000000000100000000000000000
090112660001002001090224180500000000000001120001840000000184000000000000000000000000000000100000001000000000000020000000000
090112660002002001090224180500000000000001110001380000000083000000000000000000000000000000100000001990000000000020000000000
090112660003002001090224180500000000000003250000010000000199000000000000000000000000000000000000000790000000000040000000000
11011266000400200109022418050000090000030000000466000000046600000000000000000000000000046600000000000000
120112660005002001090224180503020000000000000000000000000000000000000000000466000000000000000000000000000000
07011267000000200109022418080000000000000000100000000000000000
090112670001002001090224180800000000000002110004820000000241000000000000000000000000000000100000000990000000000010000000000
090112670002002001090224180800000000000003010000010000000999000000000000000000000000000000000000006000000000000050000000000
090112670003002001090224180800000000000001050007620000000380000000000000000000000000000000100000000500000000000020000000000
090112670004002001090224180800000000000002260005480000000438000000000000000000000000000000100000002000000000000010000000000
090112670005002001090224180800000000000002150000010000000199000000000000000000000000000000000000000500000000000010000000000
090112670006002001090224180800000000000002150000010000000199000000000000000000000000000000000000000500000000000010000000000
090112670007002001090224180800000000000002150000010000000199000000000000000000000000000000000000000500000000000010000000000
090112670008002001090224180800000000000002080013320000000798000000000000000000000000000000100000000500000000000010000000000
11011267000900200109022418080000090000080000003453000000345300000000000000000000000000345300000000000000
120112670010002001090224180803030000000000000000000000000000000000000000003453000000000000000000000000000000
07011268000000200109022418090000000000000000100000000000000000
090112680001002001090224180900000000000002480009620000000480000000000000000000000000000000100000001000000000000010000000000
11011268000200200109022418090000090000010000000480000000048000000000000000000000000000200000000015200000
120112680003002001090224180900000000000000000000000000000000000000000000000480000000000000000000000000000000
07011269000000200109022418100000000000000000100000000000000000
090112690001002001090224181000000000000002010008800000000615000000000000000000000000000000100000000990000000000010000000000
11011269000200200109022418100000090000010000000615000000061500000000000000000000000000061500000000000000
120112690003002001090224181003030000000000000000000000000000000000000000000615000000000000000000000000000000
07011270000000200109022418130000000000000000100000000000000000
090112700001002001090224181300000000000002150000040000000796000000000000000000000000000000000000000500000000000010000000000
17011270000200200109022418130000000000002104
090112700003002001090224181300000000000002070012440000001118000000000000000000000000000000100000001990000000000010000000000
090112700004002001090224181300000000000002070005220000000469000000000000000000000000000000100000001990000000000010000000000
11011270000500200109022418130000090000030000002383000000238300000000000000000000000000240000000000170000
120112700006002001090224181300000000000000000000000000000000000000000000002383000000000000000000000000000000
07011271000000200109022418360000000000000000100000000000000000
090112710001002001090224183600000000000002010013220000000924000000000000000000000000000000100000000990000000000010000000000
090112710002002001090224183600000000000001140007860000000392000000000000000000000000000000100000000500000000000020000000000
090112710003002001090224183600000000000002070006320000000568000000000000000000000000000000100000001990000000000010000000000
090112710004002001090224183600000000000001170007820000000234000000000000000000000000000000100000000590000000000020000000000
090112710005002001090224183600000000000002480005040000000251000000000000000000000000000000100000001000000000000010000000000
090112710006002001090224183600000000000001260005320000000319000000000000000000000000000000100000000500000000000020000000000
11011271000700200109022418360000090000060000002688000000268800000000000000000000000000500000000023120000
120112710008002001090224183600000000000000000000000000000000000000000000002688000000000000000000000000000000
07011272000000200109022418460000000000000000100000000000000000
090112720001002001090224184600000000000001050007360000000367000000000000000000000000000000100000000500000000000020000000000
11011272000200200109022418460000090000010000000367000000036700000000000000000000000000036700000000000000
120112720003002001090224184603060000000000000000000000000000000000000000000367000000000000000000000000000000
07011273000000200109022418470000000000000000100000000000000000
090112730001002001090224184700000000000002070012360000001111000000000000000000000000000000100000001990000000000010000000000
090112730002002001090224184700000000000002280005800000000173000000000000000000000000000000100000001000000000000010000000000
090112730003002001090224184700000000000002230005900000001474000000000000000000000000000000100000004980000000000010000000000
090112730004002001090224184700000000000002010009600000000671000000000000000000000000000000100000000990000000000010000000000
090112730005002001090224184700000000000005480000010000000250I 0100000000000000000000000000000000000000000000000080000000000
090112730006002001090224184700000000000005480000010000000250I 0100000000000000000000000000000000000000000000000080000000000
11011273000700200109022418470000090000060000003929000000392900000000000000000000000000500000000010710000
120112730008002001090224184700000000000000000000000000000000000000000000003929000000000000000000000000000000
07011274000000200109022418490000000000000000100000000000000000
090112740001002001090224184900000000000003200000010000002299000000000000000000000000000000000000000000000000000050000000000
11011274000200200109022418490000090000010000002299000000229900000000000000000000000000229900000000000000
120112740003002001090224184900000000000000000000000000000000000000000000002299000000000000000000000000000000
07011275000000200109022418510000000000000000100000000000000000
090112750001002001090224185100000000000003200000010000002299000000000000000000000000000000000000000000000000000050000000000
090112750002002001090224185100000000000005480000010000000250I 0100000000000000000000000000000000000000000000000080000000000
090112750003002001090224185100000000000005480000010000000250I 0100000000000000000000000000000000000000000000000080000000000
090112750004002001090224185100000000000002260007880000000630000000000000000000000000000000100000002000000000000010000000000
11011275000500200109022418510000090000040000003429000000342900000000000000000000000000500000000015710000
120112750006002001090224185100000000000000000000000000000000000000000000003429000000000000000000000000000000
07011276000000200109022418520000000000000000100000000000000000
090112760001002001090224185200000000000001070001140000000285000000000000000000000000000000100000005000000000000020000000000
090112760002002001090224185200000000000001040002180000000174000000000000000000000000000000100000002000000000000020000000000
11011276000300200109022418520000090000020000000459000000045900000000000000000000000000045900000000000000
120112760004002001090224185200000000000000000000000000000000000000000000000459000000000000000000000000000000
07011277000000200109022419030000000000000000100000000000000000
090112770001002001090224190300000000000003250000010000000199000000000000000000000000000000000000000790000000000040000000000
090112770002002001090224190300000000000001290005300000000264000000000000000000000000000000100000000250000000000020000000000
11011277000300200109022419030000090000020000000463000000046300000000000000000000000000050000000000370000
120112770004002001090224190300000000000000000000000000000000000000000000000463000000000000000000000000000000
07011278000000200109022419050000000000000000100000000000000000
090112780001002001090224190500000000000001170009480000000283000000000000000000000000000000100000000590000000000020000000000
11011278000200200109022419050000090000010000000283000000028300000000000000000000000000040000000001170000
120112780003002001090224190500000000000000000000000000000000000000000000000283000000000000000000000000000000
07011279000000200109022419120000000000000000100000000000000000
090112790001002001090224191200000000000002270004860000000729000000000000000000000000000000100000003990000000000010000000000
11011279000200200109022419120000090000010000000729000000072900000000000000000000000000072900000000000000
120112790003002001090224191203050000000000000000000000000000000000000000000729000000000000000000000000000000
07011280000000200109022419200000000000000000100000000000000000
090112800001002001090224192000000000000002210004640000000278000000000000000000000000000000100000003990000000000010000000000
090112800002002001090224192000000000000001080003920000000470000000000000000000000000000000100000001000000000000020000000000
090112800003002001090224192000000000000001050006500000000324000000000000000000000000000000100000000500000000000020000000000
11011280000400200109022419200000090000030000001072000000107200000000000000000000000000107200000000000000
120112800005002001090224192003100000000000000000000000000000000000000000001072000000000000000000000000000000
07011281000000200109022419220000000000000000100000000000000000
090112810001002001090224192200000000000001010013300000001196000000000000000000000000000000100000000500000000000020000000000
090112810002002001090224192200000000000001040006000000000479000000000000000000000000000000100000002000000000000020000000000
090112810003002001090224192200000000000001070004600000001150000000000000000000000000000000100000005000000000000020000000000
090112810004002001090224192200000000000001250009800000000783I 0000000000000000000000000000100000000530000000000020000000000
11011281000500200109022419220000090000040000003608000000360800000000000000000000000000400000000003920000
120112810006002001090224192200000000000000000000000000000000000000000000003608000000000000000000000000000000
14011282000000200109022419240000010000000000
07011283000000200109022419250000000000000000100000000000000000
090112830001002001090224192500000000000001020002600000000182000000000000000000000000000000100000001200000000000020000000000
11011283000200200109022419250000090000010000000182000000018200000000000000000000000000018200000000000000
120112830003002001090224192503020000000000000000000000000000000000000000000182000000000000000000000000000000
100112830004002001090224192751000000000000003600000081920000000000000082000009
130112830000002001090224192700000000000000820000000000000036000000000000819200000000000000008192
07011284000000200109022419300000000000000000100000000000000000
090112840001002001090224193000000000000002210003860000000231000000000000000000000000000000100000003990000000000010000000000
090112840002002001090224193000000000000004020000040000000400I 0300000000000000000000000000000000000230000000000030000000000
090112840003002001090224193000000000000005080000010000002399I 0100000000000000000000000000000000019000000000000070000000000
090112840004002001090224193000000000000002480014680000000733000000000000000000000000000000100000001000000000000010000000000
090112840005002001090224193000000000000002070007760000000698000000000000000000000000000000100000001990000000000010000000000
090112840006002001090224193000000000000002040010320000000309000000000000000000000000000000100000000500000000000010000000000
090112840007002001090224193000000000000001070001360000000340000000000000000000000000000000100000005000000000000020000000000
11011284000800200109022419300000090000070000005110000000511000000000000000000000000000511000000000000000
120112840009002001090224193002010000000000000000000000000000000000360000005110000000000000000000000000000000
100112840010002001090224193001000000000000003600000051100000000000000083000009
07011285000000200109022419320000000000000000100000000000000000
090112850001002001090224193200000000000003200000010000002299000000000000000000000000000000000000000000000000000050000000000
090112850002002001090224193200000000000002010009880000000691000000000000000000000000000000100000000990000000000010000000000
090112850003002001090224193200000000000002070010520000000946000000000000000000000000000000100000001990000000000010000000000
090112850004002001090224193200000000000001070001320000000330000000000000000000000000000000100000005000000000000020000000000
11011285000500200109022419320000090000040000004266000000426600000000000000000000000000426600000000000000
120112850006002001090224193203060000000000000000000000000000000000000000004266000000000000000000000000000000
07011286000000200109022419330000000000000000100000000000000000
090112860001002001090224193300000000000002140012600000000755000000000000000000000000000000100000001990000000000010000000000
11011286000200200109022419330000090000010000000755000000075500000000000000000000000000080000000000450000
120112860003002001090224193300000000000000000000000000000000000000000000000755000000000000000000000000000000
07011287000000200109022419360000000000000000100000000000000000
090112870001002001090224193600000000000002040006680000000200000000000000000000000000000000100000000500000000000010000000000
11011287000200200109022419360000090000010000000200000000020000000000000000000000000000020000000000000000
120112870003002001090224193603050000000000000000000000000000000000000000000200000000000000000000000000000000
07011288000000200109022419370000000000000000100000000000000000
090112880001002001090224193700000000000001010007580000000681000000000000000000000000000000100000000500000000000020000000000
090112880002002001090224193700000000000002220000010000000599000000000000000000000000000000000000001500000000000010000000000
11011288000300200109022419370000090000020000001280000000128000000000000000000000000000128000000000000000
120112880004002001090224193703030000000000000000000000000000000000000000001280000000000000000000000000000000
07011289000000200109022419440000000000000000100000000000000000
090112890001002001090224194400000000000002080007860000000471000000000000000000000000000000100000000500000000000010000000000
11011289000200200109022419440000090000010000000471000000047100000000000000000000000000047100000000000000
120112890003002001090224194400000000000000000000000000000000000000000000000471000000000000000000000000000000
07011290000000200109022419590000000000000000100000000000000000
090112900001002001090224195900000000000001010023360000002100000000000000000000000000000000100000000500000000000020000000000
090112900002002001090224195900000000000002040020480000000612000000000000000000000000000000100000000500000000000010000000000
090112900003002001090224195900000000000001050008640000000431000000000000000000000000000000100000000500000000000020000000000
090112900004002001090224195900000000000001080006740000000808000000000000000000000000000000100000001000000000000020000000000
090112900005002001090224195900000000000001090002060000000165000000000000000000000000000000100000001500000000000020000000000
090112900006002001090224195900000000000003250000010000000199000000000000000000000000000000000000000790000000000040000000000
11011290000700200109022419590000090000060000004315000000431500000000000000000000000000431500000000000000
120112900008002001090224195902010000000000000000000000000000000000040000004315000000000000000000000000000000
100112900009002001090224195901000000000000000400000043150000000000001126000009
07011291000000200109022420000000000000000000100000000000000000
090112910001002001090224200000000000000003040000010000000249000000000000000000000000000000000000000700000000000040000000000
090112910002002001090224200000000000000001220006260000000625000000000000000000000000000000100000001500000000000020000000000
11011291000300200109022420000000090000020000000874000000087400000000000000000000000000100000000001260000
120112910004002001090224200000000000000000000000000000000000000000000000000874000000000000000000000000000000
07011292000000200109022420010000000000000000100000000000000000
090112920001002001090224200100000000000001150004040000000404000000000000000000000000000000100000001000000000000020000000000
11011292000200200109022420010000090000010000000404000000040400000000000000000000000000040400000000000000
120112920003002001090224200103020000000000000000000000000000000000000000000404000000000000000000000000000000
07011293000000200109022420020000000000000000100000000000000000
090112930001002001090224200200000000000002040003640000000109000000000000000000000000000000100000000500000000000010000000000
11011293000200200109022420020000090000010000000109000000010900000000000000000000000000010900000000000000
120112930003002001090224200200000000000000000000000000000000000000000000000109000000000000000000000000000000
07011294000000200109022420050000000000000000100000000000000000
090112940001002001090224200500000000000011000005020000000250000000000000000000000000000000100000000990000000000020000000000
090112940002002001090224200500000000000001160007700000000615000000000000000000000000000000100000000670000000000020000000000
090112940003002001090224200500000000000001060003920000000352000000000000000000000000000000100000001500000000000020000000000
11011294000400200109022420050000090000030000001217000000121700000000000000000000000000121700000000000000
120112940005002001090224200502010000000000000000000000000000000000040000001217000000000000000000000000000000
100112940006002001090224200501000000000000000400000012170000000000001127000009
07011295000000200109022420080000000000000000100000000000000000
090112950001002001090224200800000000000004020000050000000500I 0300000000000000000000000000000000000230000000000030000000000
11011295000200200109022420080000090000010000000500000000050000000000000000000000000000050000000000000000
120112950003002001090224200800000000000000000000000000000000000000000000000500000000000000000000000000000000
07011296000000200109022420100000000000000000100000000000000000
090112960001002001090224201000000000000002120018520000001109000000000000000000000000000000100000002250000000000010000000000
090112960002002001090224201000000000000002150000010000000199000000000000000000000000000000000000000500000000000010000000000
090112960003002001090224201000000000000002650007380000000737000000000000000000000000000000100000003990000000000010000000000
11011296000400200109022420100000090000030000002045000000204500000000000000000000000000204500000000000000
120112960005002001090224201003030000000000000000000000000000000000000000002045000000000000000000000000000000
07011297000000200109022420200000000000000000100000000000000000
090112970001002001090224202000000000000001050003360000000168000000000000000000000000000000100000000500000000000020000000000
11011297000200200109022420200000090000010000000168000000016800000000000000000000000000020000000000320000
120112970003002001090224202000000000000000000000000000000000000000000000000168000000000000000000000000000000
07011298000000200109022420240000000000000000100000000000000000
090112980001002001090224202400000000000002280008080000000242000000000000000000000000000000100000001000000000000010000000000
090112980002002001090224202400000000000001050002800000000140000000000000000000000000000000100000000500000000000020000000000
090112980003002001090224202400000000000002040003520000000105000000000000000000000000000000100000000500000000000010000000000
090112980004002001090224202400000000000001080002480000000297000000000000000000000000000000100000001000000000000020000000000
11011298000500200109022420240000090000040000000784000000078400000000000000000000000000078400000000000000
120112980006002001090224202403100000000000000000000000000000000000000000000784000000000000000000000000000000
060112980007002001090224204000000100000300000000000000000000000000000000000000000000
07011299000000200109022420520000000000000000100000000000000000
090112990001002001090224205200000000000003190000010000000500000000000000000000000000000000000000002000000000000050000000000
11011299000200200109022420520000090000010000000500000000050000000000000000000000000000050000000000000000
120112990003002001090224205200000000000000000000000000000000000000000000000500000000000000000000000000000000
0401130000000020010902242053000001011154011300000000134789880000001367245409022400001869120000000000000000000000000015990001000000000000000000000000000000000000000000000000000000000000000000000000000000001234567890AB        
