01011470000000200111022407180000010000008000000000139008861.82G5E   1234567890AB        Generica            
02011470000100200111022407180000010000040000000000
07011471000000200111022407330000000000000000100000000000000000
090114710001002001110224073300000000000001080006180000000926000000000000000000000000000000100000001000000000000020000000000
090114710002002001110224073300000000000003070000010000000199000000000000000000000000000000000000000100000000000040000000000
090114710003002001110224073300000000000003030000010000000249000000000000000000000000000000000000000830000000000040000000000
11011471000400200111022407330000040000030000001374000000137400000000000000000000000000137400000000000000
120114710005002001110224073303030000000000000000000000000000000000000000001374000000000000000000000000000000
07011472000000200111022407400000000000000000100000000000000000
090114720001002001110224074000000000000001050011720000000585000000000000000000000000000000100000000500000000000020000000000
11011472000200200111022407400000040000010000000585000000058500000000000000000000000000058500000000000000
120114720003002001110224074000000000000000000000000000000000000000000000000585000000000000000000000000000000
07011473000000200111022408060000000000000000100000000000000000
090114730001002001110224080600000000000002080014000000000839000000000000000000000000000000100000000500000000000010000000000
090114730002002001110224080600000000000002150000050000000995000000000000000000000000000000000000000500000000000010000000000
11011473000300200111022408060000040000020000001834000000183400000000000000000000000000200000000001660000
120114730004002001110224080600000000000000000000000000000000000000000000001834000000000000000000000000000000
07011474000000200111022408130000000000000000100000000000000000
090114740001002001110224081300000000000004020000010000000100I 0300000000000000000000000000000000000230000000000030000000000
090114740002002001110224081300000000000004010000010000000100I 0300000000000000000000000000000000000000000000000030000000000
090114740003002001110224081300000000000002110003960000000198000000000000000000000000000000100000000990000000000010000000000
11011474000400200111022408130000040000030000000398000000039800000000000000000000000000039800000000000000
120114740005002001110224081300000000000000000000000000000000000000000000000398000000000000000000000000000000
07011475000000200111022408160000000000000000100000000000000000
090114750001002001110224081600000000000002070015820000001422000000000000000000000000000000100000001990000000000010000000000
090114750002002001110224081600000000000002040001140000000034000000000000000000000000000000100000000500000000000010000000000
090114750003002001110224081600000000000002010009620000000672000000000000000000000000000000100000000990000000000010000000000
090114750004002001110224081600000000000001060001940000000155000000000000000000000000000000100000001500000000000020000000000
090114750005002001110224081600000000000001020007820000000468000000000000000000000000000000100000001200000000000020000000000
090114750006002001110224081600000000000001130018140000000724000000000000000000000000000000100000001500000000000020000000000
090114750007002001110224081600000000000001080001720000000258000000000000000000000000000000100000001000000000000020000000000
090114750008002001110224081600000000000002130017740000000530000000000000000000000000000000100000001400000000000010000000000
090114750009002001110224081600000000000001160003320000000199000000000000000000000000000000100000000670000000000020000000000
090114750010002001110224081600000000000003120000010000000199000000000000000000000000000000000000000700000000000040000000000
11011475001100200111022408160000040000100000004661000000466100000000000000000000000000466100000000000000
120114750012002001110224081603020000000000000000000000000000000000000000004661000000000000000000000000000000
07011476000000200111022408270000000000000000100000000000000000
090114760001002001110224082700000000000001130027660000001104000000000000000000000000000000100000001500000000000020000000000
090114760002002001110224082700000000000003030000020000000498000000000000000000000000000000000000000830000000000040000000000
090114760003002001110224082700000000000003050000010000000199000000000000000000000000000000000000000700000000000040000000000
11011476000400200111022408270000040000030000001801000000180100000000000000000000000000180100000000000000
120114760005002001110224082702010000000000000000000000000000000000040000001801000000000000000000000000000000
100114760006002001110224082701000000000000000400000018010000000000001128000004
07011477000000200111022408290000000000000000100000000000000000
090114770001002001110224082900000000000003040000010000000249000000000000000000000000000000000000000700000000000040000000000
11011477000200200111022408290000040000010000000249000000024900000000000000000000000000100000000007510000
120114770003002001110224082900000000000000000000000000000000000000000000000249000000000000000000000000000000
07011478000000200111022408310000000000000000100000000000000000
090114780001002001110224083100000000000002070008760000000788000000000000000000000000000000100000001990000000000010000000000
090114780002002001110224083100000000000002170000010000000999000000000000000000000000000000000000006500000000000010000000000
090114780003002001110224083100000000000002270006880000001031000000000000000000000000000000100000003990000000000010000000000
090114780004002001110224083100000000000002150000030000000597000000000000000000000000000000000000000500000000000010000000000
090114780005002001110224083100000000000002190000010000000799000000000000000000000000000000000000002250000000000010000000000
11011478000600200111022408310000040000050000004214000000421400000000000000000000000000421400000000000000
120114780007002001110224083103020000000000000000000000000000000000000000004214000000000000000000000000000000
07011479000000200111022408320000000000000000100000000000000000
090114790001002001110224083200000000000001050004740000000237000000000000000000000000000000100000000500000000000020000000000
11011479000200200111022408320000040000010000000237000000023700000000000000000000000000023700000000000000
120114790003002001110224083203020000000000000000000000000000000000000000000237000000000000000000000000000000
07011480000000200111022408340000000000000000100000000000000000
090114800001002001110224083400000000000001050003760000000188000000000000000000000000000000100000000500000000000020000000000
090114800002002001110224083400000000000003040000010000000249000000000000000000000000000000000000000700000000000040000000000
090114800003002001110224083400000000000002210004900000000294000000000000000000000000000000100000003990000000000010000000000
11011480000400200111022408340000040000030000000731000000073100000000000000000000000000200000000012690000
120114800005002001110224083400000000000000000000000000000000000000000000000731000000000000000000000000000000
07011481000000200111022408440000000000000000100000000000000000
090114810001002001110224084400000000000002080001620000000097000000000000000000000000000000100000000500000000000010000000000
11011481000200200111022408440000040000010000000097000000009700000000000000000000000000009700000000000000
120114810003002001110224084400000000000000000000000000000000000000000000000097000000000000000000000000000000
07011482000000200111022408450000000000000000100000000000000000
090114820001002001110224084500000000000001050004900000000245000000000000000000000000000000100000000500000000000020000000000
090114820002002001110224084500000000000001020006360000000381000000000000000000000000000000100000001200000000000020000000000
090114820003002001110224084500000000000001130013740000000548000000000000000000000000000000100000001500000000000020000000000
090114820004002001110224084500000000000011000008080000000403000000000000000000000000000000100000000990000000000020000000000
11011482000500200111022408450000040000040000001577000000157700000000000000000000000000157700000000000000
120114820006002001110224084503020000000000000000000000000000000000000000001577000000000000000000000000000000
07011483000000200111022408470000000000000000100000000000000000
090114830001002001110224084700000000000001040002620000000209000000000000000000000000000000100000002000000000000020000000000
090114830002002001110224084700000000000001090001240000000099000000000000000000000000000000100000001500000000000020000000000
090114830003002001110224084700000000000002080005040000000302000000000000000000000000000000100000000500000000000010000000000
090114830004002001110224084700000000000001080002560000000384000000000000000000000000000000100000001000000000000020000000000
090114830005002001110224084700000000000002150000040000000796000000000000000000000000000000000000000500000000000010000000000
11011483000600200111022408470000040000050000001790000000179000000000000000000000000000179000000000000000
120114830007002001110224084703020000000000000000000000000000000000000000001790000000000000000000000000000000
07011484000000200111022408480000000000000000100000000000000000
090114840001002001110224084800000000000002070009000000000809000000000000000000000000000000100000001990000000000010000000000
090114840002002001110224084800000000000002110006300000000314000000000000000000000000000000100000000990000000000010000000000
090114840003002001110224084800000000000002040004080000000122000000000000000000000000000000100000000500000000000010000000000
11011484000400200111022408480000040000030000001245000000124500000000000000000000000000124500000000000000
120114840005002001110224084803020000000000000000000000000000000000000000001245000000000000000000000000000000
07011485000000200111022408490000000000000000100000000000000000
090114850001002001110224084900000000000004020000060000000600I 0300000000000000000000000000000000000230000000000030000000000
11011485000200200111022408490000040000010000000600000000060000000000000000000000000000060000000000000000
120114850003002001110224084903060000000000000000000000000000000000000000000600000000000000000000000000000000
07011486000000200111022408530000000000000000100000000000000000
090114860001002001110224085300000000000002080012700000000761000000000000000000000000000000100000000500000000000010000000000
11011486000200200111022408530000040000010000000761000000076100000000000000000000000000100000000002390000
120114860003002001110224085300000000000000000000000000000000000000000000000761000000000000000000000000000000
07011487000000200111022409020000000000000000100000000000000000
090114870001002001110224090200000000000002280009080000000271000000000000000000000000000000100000001000000000000010000000000
11011487000200200111022409020000040000010000000271000000027100000000000000000000000000027100000000000000
120114870003002001110224090203020000000000000000000000000000000000000000000271000000000000000000000000000000
07011488000000200111022409030000000000000000100000000000000000
090114880001002001110224090300000000000003050000020000000398000000000000000000000000000000000000000700000000000040000000000
11011488000200200111022409030000040000010000000398000000039800000000000000000000000000039800000000000000
120114880003002001110224090300000000000000000000000000000000000000000000000398000000000000000000000000000000
07011489000000200111022409130000000000000000100000000000000000
090114890001002001110224091300000000000001050004960000000248000000000000000000000000000000100000000500000000000020000000000
090114890002002001110224091300000000000001020009000000000539000000000000000000000000000000100000001200000000000020000000000
090114890003002001110224091300000000000002110003520000000176000000000000000000000000000000100000000990000000000010000000000
090114890004002001110224091300000000000003120000010000000199000000000000000000000000000000000000000700000000000040000000000
11011489000500200111022409130000040000040000001162000000116200000000000000000000000000200000000008380000
120114890006002001110224091300000000000000000000000000000000000000000000001162000000000000000000000000000000
07011490000000200111022409180000000000000000100000000000000000
090114900001002001110224091800000000000005040000010000001000I 0000000000000000000000000000000000000000000000000010000000000
090114900002002001110224091800000000000002070040900000003677000000000000000000000000000000100000001990000000000010000000000
090114900003002001110224091800000000000002270007440000001115000000000000000000000000000000100000003990000000000010000000000
090114900004002001110224091800000000000002040004000000000120000000000000000000000000000000100000000500000000000010000000000
090114900005002001110224091800000000000002240012280000000858000000000000000000000000000000100000001500000000000010000000000
090114900006002001110224091800000000000002150000030000000597000000000000000000000000000000000000000500000000000010000000000
090114900007002001110224091800000000000002280003560000000106000000000000000000000000000000100000001000000000000010000000000
090114900008002001110224091800000000000001010019040000001521000000000000000000000000000000100000000500000000000020000000000
090114900009002001110224091800000000000002090008060000000966000000000000000000000000000000100000004720000000000010000000000
090114900010002001110224091800000000000001180004020000000241000000000000000000000000000000100000001000000000000020000000000
090114900011002001110224091800000000000002260011180000000893000000000000000000000000000000100000002000000000000010000000000
090114900012002001110224091800000000000001090001940000000155000000000000000000000000000000100000001500000000000020000000000
090114900013002001110224091800000000000003050000020000000398000000000000000000000000000000000000000700000000000040000000000
090114900014002001110224091800000000000001040005440000000435000000000000000000000000000000100000002000000000000020000000000
090114900015002001110224091800000000000001080008020000001202000000000000000000000000000000100000001000000000000020000000000
11011490001600200111022409180000040000150000013284000001328400000000000000000000000001500000000017160000
120114900017002001110224091800000000000000000000000000000000000000000000013284000000000000000000000000000000
07011491000000200111022409190000000000000000100000000000000000
090114910001002001110224091900000000000001020045160000002705000000000000000000000000000000100000001200000000000020000000000
11011491000200200111022409190000040000010000002705000000270500000000000000000000000000270500000000000000
120114910003002001110224091903020000000000000000000000000000000000000000002705000000000000000000000000000000
14011492000000200111022409190000010000000000
07011493000000200111022409190000000000000000100000000000000000
090114930001002001110224091900000000000001080002520000000378000000000000000000000000000000100000001000000000000020000000000
090114930002002001110224091900000000000003030000010000000249000000000000000000000000000000000000000830000000000040000000000
11011493000300200111022409190000040000020000000627000000062700000000000000000000000000080000000001730000
120114930004002001110224091900000000000000000000000000000000000000000000000627000000000000000000000000000000
07011494000000200111022409200000000000000000100000000000000000
090114940001002001110224092000000000000001020012840000000769000000000000000000000000000000100000001200000000000020000000000
11011494000200200111022409200000040000010000000769000000076900000000000000000000000000076900000000000000
120114940003002001110224092003020000000000000000000000000000000000000000000769000000000000000000000000000000
07011495000000200111022409220000000000000000100000000000000000
090114950001002001110224092200000000000004020000030000000300I 0300000000000000000000000000000000000230000000000030000000000
090114950002002001110224092200000000000003040000010000000249000000000000000000000000000000000000000700000000000040000000000
090114950003002001110224092200000000000003050000010000000199000000000000000000000000000000000000000700000000000040000000000
090114950004002001110224092200000000000001020012480000000748000000000000000000000000000000100000001200000000000020000000000
090114950005002001110224092200000000000001140008020000000400000000000000000000000000000000100000000500000000000020000000000
090114950006002001110224092200000000000001180001640000000098000000000000000000000000000000100000001000000000000020000000000
090114950007002001110224092200000000000002080011420000000684000000000000000000000000000000100000000500000000000010000000000
11011495000800200111022409220000040000070000002678000000267800000000000000000000000000300000000003220000
120114950009002001110224092200000000000000000000000000000000000000000000002678000000000000000000000000000000
07011496000000200111022409240000000000000000100000000000000000
090114960001002001110224092400000000000003030000020000000498000000000000000000000000000000000000000830000000000040000000000
11011496000200200111022409240000040000010000000498000000049800000000000000000000000000049800000000000000
120114960003002001110224092400000000000000000000000000000000000000000000000498000000000000000000000000000000
07011497000000200111022409260000000000000000100000000000000000
090114970001002001110224092600000000000002150000030000000597000000000000000000000000000000000000000500000000000010000000000
090114970002002001110224092600000000000001050008080000000403000000000000000000000000000000100000000500000000000020000000000
090114970003002001110224092600000000000001060003580000000286000000000000000000000000000000100000001500000000000020000000000
090114970004002001110224092600000000000011000012720000000635000000000000000000000000000000100000000990000000000020000000000
11011497000500200111022409260000040000040000001921000000192100000000000000000000000001000000000080790000
120114970006002001110224092600000000000000000000000000000000000000000000001921000000000000000000000000000000
07011498000000200111022409360000000000000000100000000000000000
090114980001002001110224093600000000000002070009840000000885000000000000000000000000000000100000001990000000000010000000000
090114980002002001110224093600000000000001070000720000000180000000000000000000000000000000100000005000000000000020000000000
11011498000300200111022409360000040000020000001065000000106500000000000000000000000000200000000009350000
120114980004002001110224093600000000000000000000000000000000000000000000001065000000000000000000000000000000
07011499000000200111022409430000000000000000100000000000000000
090114990001002001110224094300000000000002220000010000000799000000000000000000000000000000000000001500000000000010000000000
11011499000200200111022409430000040000010000000799000000079900000000000000000000000000200000000012010000
120114990003002001110224094300000000000000000000000000000000000000000000000799000000000000000000000000000000
07011500000000200111022409450000000000000000100000000000000000
090115000001002001110224094500000000000001060004960000000396000000000000000000000000000000100000001500000000000020000000000
090115000002002001110224094500000000000001110005360000000321000000000000000000000000000000100000001990000000000020000000000
090115000003002001110224094500000000000001250005180000000414I 0000000000000000000000000000100000000530000000000020000000000
090115000004002001110224094500000000000002090010560000001266000000000000000000000000000000100000004720000000000010000000000
090115000005002001110224094500000000000002270004980000000747000000000000000000000000000000100000003990000000000010000000000
090115000006002001110224094500000000000002070023600000002122000000000000000000000000000000100000001990000000000010000000000
11011500000700200111022409450000040000060000005266000000526600000000000000000000000001000000000047340000
120115000008002001110224094500000000000000000000000000000000000000000000005266000000000000000000000000000000
07011501000000200111022409490000000000000000100000000000000000
090115010001002001110224094900000000000004010000020000000200I 0300000000000000000000000000000000000000000000000030000000000
090115010002002001110224094900000000000004020000020000000200I 0300000000000000000000000000000000000230000000000030000000000
090115010003002001110224094900000000000001090001940000000155000000000000000000000000000000100000001500000000000020000000000
090115010004002001110224094900000000000001080002520000000378000000000000000000000000000000100000001000000000000020000000000
090115010005002001110224094900000000000001050003520000000176000000000000000000000000000000100000000500000000000020000000000
090115010006002001110224094900000000000002170000010000000999000000000000000000000000000000000000006500000000000010000000000
090115010007002001110224094900000000000002080009140000000547000000000000000000000000000000100000000500000000000010000000000
090115010008002001110224094900000000000002260005280000000422000000000000000000000000000000100000002000000000000010000000000
090115010009002001110224094900000000000002130017480000000523000000000000000000000000000000100000001400000000000010000000000
11011501001000200111022409490000040000090000003600000000360000000000000000000000000000360000000000000000
120115010011002001110224094903020000000000000000000000000000000000000000003600000000000000000000000000000000
07011502000000200111022409560000000000000000100000000000000000
090115020001002001110224095600000000000011000004900000000245000000000000000000000000000000100000000990000000000020000000000
090115020002002001110224095600000000000001050003820000000191000000000000000000000000000000100000000500000000000020000000000
090115020003002001110224095600000000000002010006600000000461000000000000000000000000000000100000000990000000000010000000000
090115020004002001110224095600000000000001130007020000000280000000000000000000000000000000100000001500000000000020000000000
090115020005002001110224095600000000000002010011960000000836000000000000000000000000000000100000000990000000000010000000000
11011502000600200111022409560000040000050000002013000000201300000000000000000000000000201300000000000000
120115020007002001110224095603030000000000000000000000000000000000000000002013000000000000000000000000000000
07011503000000200111022409570000000000000000100000000000000000
090115030001002001110224095700000000000001050001520000000076000000000000000000000000000000100000000500000000000020000000000
090115030002002001110224095700000000000003120000020000000398000000000000000000000000000000000000000700000000000040000000000
11011503000300200111022409570000040000020000000474000000047400000000000000000000000000047400000000000000
120115030004002001110224095703020000000000000000000000000000000000000000000474000000000000000000000000000000
14011504000000200111022410010000010000000000
07011505000000200111022410010000000000000000100000000000000000
090115050001002001110224100100000000000002150000010000000199000000000000000000000000000000000000000500000000000010000000000
090115050002002001110224100100000000000003070000010000000199000000000000000000000000000000000000000100000000000040000000000
11011505000300200111022410010000040000020000000398000000039800000000000000000000000000039800000000000000
120115050004002001110224100100000000000000000000000000000000000000000000000398000000000000000000000000000000
07011506000000200111022410020000000000000000100000000000000000
090115060001002001110224100200000000000001020012080000000724000000000000000000000000000000100000001200000000000020000000000
11011506000200200111022410020000040000010000000724000000072400000000000000000000000000100000000002760000
120115060003002001110224100200000000000000000000000000000000000000000000000724000000000000000000000000000000
07011507000000200111022410030000000000000000100000000000000000
090115070001002001110224100300000000000003030000010000000249000000000000000000000000000000000000000830000000000040000000000
090115070002002001110224100300000000000001080001160000000174000000000000000000000000000000100000001000000000000020000000000
11011507000300200111022410030000040000020000000423000000042300000000000000000000000000042300000000000000
120115070004002001110224100300000000000000000000000000000000000000000000000423000000000000000000000000000000
07011508000000200111022410050000000000000000100000000000000000
090115080001002001110224100500000000000002070012340000001109000000000000000000000000000000100000001990000000000010000000000
090115080002002001110224100500000000000005200000010000003500I 0100000000000000000000000000000000000000000000000070000000000
090115080003002001110224100500000000000003040000010000000249000000000000000000000000000000000000000700000000000040000000000
090115080004002001110224100500000000000003030000010000000249000000000000000000000000000000000000000830000000000040000000000
090115080005002001110224100500000000000002150000030000000597000000000000000000000000000000000000000500000000000010000000000
090115080006002001110224100500000000000001070007080000001769000000000000000000000000000000100000005000000000000020000000000
11011508000700200111022410050000040000060000007473000000747300000000000000000000000001000000000025270000
120115080008002001110224100500000000000000000000000000000000000000000000007473000000000000000000000000000000
07011509000000200111022410060000000000000000100000000000000000
090115090001002001110224100600000000000001070001040000000260000000000000000000000000000000100000005000000000000020000000000
090115090002002001110224100600000000000001060002700000000216000000000000000000000000000000100000001500000000000020000000000
090115090003002001110224100600000000000003030000010000000249000000000000000000000000000000000000000830000000000040000000000
090115090004002001110224100600000000000003050000010000000199000000000000000000000000000000000000000700000000000040000000000
11011509000500200111022410060000040000040000000924000000092400000000000000000000000000100000000000760000
120115090006002001110224100600000000000000000000000000000000000000000000000924000000000000000000000000000000
07011510000000200111022410070000000000000000100000000000000000
090115100001002001110224100700000000000002480002240000000112000000000000000000000000000000100000001000000000000010000000000
090115100002002001110224100700000000000002280006360000000190000000000000000000000000000000100000001000000000000010000000000
11011510000300200111022410070000040000020000000302000000030200000000000000000000000000030200000000000000
120115100004002001110224100700000000000000000000000000000000000000000000000302000000000000000000000000000000
07011511000000200111022410080000000000000000100000000000000000
090115110001002001110224100800000000000001010007480000000598000000000000000000000000000000100000000500000000000020000000000
11011511000200200111022410080000040000010000000598000000059800000000000000000000000000059800000000000000
120115110003002001110224100803020000000000000000000000000000000000000000000598000000000000000000000000000000
07011512000000200111022410090000000000000000100000000000000000
090115120001002001110224100900000000000001020027140000001626000000000000000000000000000000100000001200000000000020000000000
11011512000200200111022410090000040000010000001626000000162600000000000000000000000000500000000033740000
120115120003002001110224100900000000000000000000000000000000000000000000001626000000000000000000000000000000
07011513000000200111022410100000000000000000100000000000000000
090115130001002001110224101000000000000001070000680000000170000000000000000000000000000000100000005000000000000020000000000
090115130002002001110224101000000000000001080002160000000324000000000000000000000000000000100000001000000000000020000000000
11011513000300200111022410100000040000020000000494000000049400000000000000000000000000049400000000000000
120115130004002001110224101000000000000000000000000000000000000000000000000494000000000000000000000000000000
07011514000000200111022410110000000000000000100000000000000000
090115140001002001110224101100000000000001070000960000000240000000000000000000000000000000100000005000000000000020000000000
090115140002002001110224101100000000000001080002400000000360000000000000000000000000000000100000001000000000000020000000000
11011514000300200111022410110000040000020000000600000000060000000000000000000000000000060000000000000000
120115140004002001110224101100000000000000000000000000000000000000000000000600000000000000000000000000000000
07011515000000200111022410180000000000000000100000000000000000
090115150001002001110224101800000000000001240000640000000038000000000000000000000000000000100000001670000000000020000000000
090115150002002001110224101800000000000003050000010000000199000000000000000000000000000000000000000700000000000040000000000
090115150003002001110224101800000000000001090000740000000059000000000000000000000000000000100000001500000000000020000000000
090115150004002001110224101800000000000001080001940000000291000000000000000000000000000000100000001000000000000020000000000
11011515000500200111022410180000040000040000000587000000058700000000000000000000000000058700000000000000
120115150006002001110224101800000000000000000000000000000000000000000000000587000000000000000000000000000000
07011516000000200111022410180000000000000000100000000000000000
090115160001002001110224101800000000000002220000010000000799000000000000000000000000000000000000001500000000000010000000000
11011516000200200111022410180000040000010000000799000000079900000000000000000000000000079900000000000000
120115160003002001110224101800000000000000000000000000000000000000000000000799000000000000000000000000000000
07011517000000200111022410260000000000000000100000000000000000
090115170001002001110224102600000000000003070000010000000199000000000000000000000000000000000000000100000000000040000000000
11011517000200200111022410260000040000010000000199000000019900000000000000000000000000019900000000000000
120115170003002001110224102600000000000000000000000000000000000000000000000199000000000000000000000000000000
07011518000000200111022410370000000000000000100000000000000000
090115180001002001110224103700000000000002080003100000000186000000000000000000000000000000100000000500000000000010000000000
11011518000200200111022410370000040000010000000186000000018600000000000000000000000000018600000000000000
120115180003002001110224103700000000000000000000000000000000000000000000000186000000000000000000000000000000
07011519000000200111022410390000000000000000100000000000000000
090115190001002001110224103900000000000002020010000000000999000000000000000000000000000000100000001990000000000010000000000
090115190002002001110224103900000000000002260005540000000443000000000000000000000000000000100000002000000000000010000000000
090115190003002001110224103900000000000002230003160000000632000000000000000000000000000000100000004980000000000010000000000
090115190004002001110224103900000000000002080010480000000628000000000000000000000000000000100000000500000000000010000000000
090115190005002001110224103900000000000001130007660000000306000000000000000000000000000000100000001500000000000020000000000
11011519000600200111022410390000040000050000003008000000300800000000000000000000000001000000000069920000
120115190007002001110224103900000000000000000000000000000000000000000000003008000000000000000000000000000000
07011520000000200111022410400000000000000000100000000000000000
090115200001002001110224104000000000000001080004520000000678000000000000000000000000000000100000001000000000000020000000000
11011520000200200111022410400000040000010000000678000000067800000000000000000000000000070000000000220000
120115200003002001110224104000000000000000000000000000000000000000000000000678000000000000000000000000000000
07011521000000200111022410510000000000000000100000000000000000
090115210001002001110224105100000000000002170000020000001998000000000000000000000000000000000000006500000000000010000000000
090115210002002001110224105100000000000002070011880000001068000000000000000000000000000000100000001990000000000010000000000
11011521000300200111022410510000040000020000003066000000306600000000000000000000000000306600000000000000
120115210004002001110224105103020000000000000000000000000000000000000000003066000000000000000000000000000000
07011522000000200111022410520000000000000000100000000000000000
090115220001002001110224105200000000000001020004020000000241000000000000000000000000000000100000001200000000000020000000000
11011522000200200111022410520000040000010000000241000000024100000000000000000000000000024100000000000000
120115220003002001110224105200000000000000000000000000000000000000000000000241000000000000000000000000000000
07011523000000200111022410530000000000000000100000000000000000
090115230001002001110224105300000000000001040002400000000192000000000000000000000000000000100000002000000000000020000000000
11011523000200200111022410530000040000010000000192000000019200000000000000000000000000019200000000000000
120115230003002001110224105300000000000000000000000000000000000000000000000192000000000000000000000000000000
07011524000000200111022411040000000000000000100000000000000000
090115240001002001110224110400000000000003070000010000000199000000000000000000000000000000000000000100000000000040000000000
090115240002002001110224110400000000000003040000010000000249000000000000000000000000000000000000000700000000000040000000000
090115240003002001110224110400000000000003050000010000000199000000000000000000000000000000000000000700000000000040000000000
090115240004002001110224110400000000000002120024580000001472000000000000000000000000000000100000002250000000000010000000000
090115240005002001110224110400000000000002070038040000003420000000000000000000000000000000100000001990000000000010000000000
11011524000600200111022411040000040000050000005539000000553900000000000000000000000000553900000000000000
120115240007002001110224110400000000000000000000000000000000000000000000005539000000000000000000000000000000
07011525000000200111022411050000000000000000100000000000000000
090115250001002001110224110500000000000003070000020000000398000000000000000000000000000000000000000100000000000040000000000
090115250002002001110224110500000000000003050000020000000398000000000000000000000000000000000000000700000000000040000000000
11011525000300200111022411050000040000020000000796000000079600000000000000000000000000100000000002040000
120115250004002001110224110500000000000000000000000000000000000000000000000796000000000000000000000000000000
07011526000000200111022411100000000000000000100000000000000000
090115260001002001110224111000000000000001050005940000000296000000000000000000000000000000100000000500000000000020000000000
090115260002002001110224111000000000000001080001680000000252000000000000000000000000000000100000001000000000000020000000000
17011526000300200111022411100000000000000249
090115260004002001110224111000000000000003030000010000000249000000000000000000000000000000000000000830000000000040000000000
11011526000500200111022411100000040000030000000797000000079700000000000000000000000000079700000000000000
120115260006002001110224111000000000000000000000000000000000000000000000000797000000000000000000000000000000
07011527000000200111022411100000000000000000100000000000000000
090115270001002001110224111000000000000005020000010000000100I 0000000000000000000000000000000000000100000000000060000000000
11011527000200200111022411100000040000010000000100000000010000000000000000000000000000200000000019000000
120115270003002001110224111000000000000000000000000000000000000000000000000100000000000000000000000000000000
07011528000000200111022411110000000000000000100000000000000000
090115280001002001110224111100000000000002220000010000000799000000000000000000000000000000000000001500000000000010000000000
11011528000200200111022411110000040000010000000799000000079900000000000000000000000001000000000092010000
120115280003002001110224111100000000000000000000000000000000000000000000000799000000000000000000000000000000
07011529000000200111022411160000000000000000100000000000000000
090115290001002001110224111600000000000001090001180000000094000000000000000000000000000000100000001500000000000020000000000
090115290002002001110224111600000000000001080002180000000327000000000000000000000000000000100000001000000000000020000000000
11011529000300200111022411160000040000020000000421000000042100000000000000000000000000042100000000000000
120115290004002001110224111603020000000000000000000000000000000000000000000421000000000000000000000000000000
07011530000000200111022411200000000000000000100000000000000000
090115300001002001110224112000000000000004020000030000000300I 0300000000000000000000000000000000000230000000000030000000000
090115300002002001110224112000000000000003040000010000000249000000000000000000000000000000000000000700000000000040000000000
11011530000300200111022411200000040000020000000549000000054900000000000000000000000000100000000004510000
120115300004002001110224112000000000000000000000000000000000000000000000000549000000000000000000000000000000
18011530000500200111022411200100000030000000000000000000000001
07011531000000200111022411210000000000000000100000000000000000
090115310001002001110224112100000000000003030000030000000747000000000000000000000000000000000000000830000000000040000000000
11011531000200200111022411210000040000010000000747000000074700000000000000000000000000100000000002530000
120115310003002001110224112100000000000000000000000000000000000000000000000747000000000000000000000000000000
14011532000000200111022411240000010000000000
060115320001002001110224112400000100000500000000000000000000000000000000000000000000
07011533000000200111022411270000000000000000100000000000000000
090115330001002001110224112700000000000002170000010000000999000000000000000000000000000000000000006500000000000010000000000
11011533000200200111022411270000040000010000000999000000099900000000000000000000000000500000000040010000
120115330003002001110224112700000000000000000000000000000000000000000000000999000000000000000000000000000000
07011534000000200111022411280000000000000000100000000000000000
090115340001002001110224112800000000000002220000010000000799000000000000000000000000000000000000001500000000000010000000000
11011534000200200111022411280000040000010000000799000000079900000000000000000000000000079900000000000000
120115340003002001110224112800000000000000000000000000000000000000000000000799000000000000000000000000000000
07011535000000200111022411300000000000000000100000000000000000
090115350001002001110224113000000000000001050005860000000292000000000000000000000000000000100000000500000000000020000000000
090115350002002001110224113000000000000001090001100000000088000000000000000000000000000000100000001500000000000020000000000
090115350003002001110224113000000000000001080002720000000408000000000000000000000000000000100000001000000000000020000000000
11011535000400200111022411300000040000030000000788000000078800000000000000000000000000078800000000000000
120115350005002001110224113003100000000000000000000000000000000000000000000788000000000000000000000000000000
07011536000000200111022411320000000000000000100000000000000000
090115360001002001110224113200000000000002080014480000000867000000000000000000000000000000100000000500000000000010000000000
090115360002002001110224113200000000000002120017760000001064000000000000000000000000000000100000002250000000000010000000000
090115360003002001110224113200000000000001050006760000000337000000000000000000000000000000100000000500000000000020000000000
11011536000400200111022411320000040000030000002268000000226800000000000000000000000000226800000000000000
120115360005002001110224113203060000000000000000000000000000000000000000002268000000000000000000000000000000
07011537000000200111022411340000000000000000100000000000000000
090115370001002001110224113400000000000001080006100000000914000000000000000000000000000000100000001000000000000020000000000
090115370002002001110224113400000000000001170003960000000118000000000000000000000000000000100000000590000000000020000000000
11011537000300200111022411340000040000020000001032000000103200000000000000000000000000103200000000000000
120115370004002001110224113403020000000000000000000000000000000000000000001032000000000000000000000000000000
07011538000000200111022411350000000000000000100000000000000000
090115380001002001110224113500000000000001150014200000001419000000000000000000000000000000100000001000000000000020000000000
090115380002002001110224113500000000000002240017000000001188000000000000000000000000000000100000001500000000000010000000000
11011538000300200111022411350000040000020000002607000000260700000000000000000000000000260700000000000000
120115380004002001110224113500000000000000000000000000000000000000000000002607000000000000000000000000000000
07011539000000200111022411360000000000000000100000000000000000
090115390001002001110224113600000000000005080000010000002399I 0100000000000000000000000000000000019000000000000070000000000
11011539000200200111022411360000040000010000002399000000239900000000000000000000000000239900000000000000
120115390003002001110224113603090000000000000000000000000000000000000000002399000000000000000000000000000000
07011540000000200111022411370000000000000000100000000000000000
090115400001002001110224113700000000000002070005620000000505000000000000000000000000000000100000001990000000000010000000000
090115400002002001110224113700000000000002650003580000000322000000000000000000000000000000100000003990000000000010000000000
090115400003002001110224113700000000000002260003100000000248000000000000000000000000000000100000002000000000000010000000000
090115400004002001110224113700000000000002150000010000000199000000000000000000000000000000000000000500000000000010000000000
11011540000500200111022411370000040000040000001274000000127400000000000000000000000000200000000007260000
120115400006002001110224113700000000000000000000000000000000000000000000001274000000000000000000000000000000
07011541000000200111022411390000000000000000100000000000000000
090115410001002001110224113900000000000002070012540000001127000000000000000000000000000000100000001990000000000010000000000
11011541000200200111022411390000040000010000001127000000112700000000000000000000000000112700000000000000
120115410003002001110224113903060000000000000000000000000000000000000000001127000000000000000000000000000000
07011542000000200111022411490000000000000000100000000000000000
090115420001002001110224114900000000000005020000010000000100I 0000000000000000000000000000000000000100000000000060000000000
11011542000200200111022411490000040000010000000100000000010000000000000000000000000000010000000000000000
120115420003002001110224114900000000000000000000000000000000000000000000000100000000000000000000000000000000
07011543000000200111022411500000000000000000100000000000000000
090115430001002001110224115000000000000001020010980000000658000000000000000000000000000000100000001200000000000020000000000
11011543000200200111022411500000040000010000000658000000065800000000000000000000000000065800000000000000
120115430003002001110224115003030000000000000000000000000000000000000000000658000000000000000000000000000000
07011544000000200111022411540000000000000000100000000000000000
090115440001002001110224115400000000000001020006980000000418000000000000000000000000000000100000001200000000000020000000000
11011544000200200111022411540000040000010000000418000000041800000000000000000000000000050000000000820000
120115440003002001110224115400000000000000000000000000000000000000000000000418000000000000000000000000000000
07011545000000200111022411580000000000000000100000000000000000
090115450001002001110224115800000000000001010020370000001628000000000000000000000000000000100000000500000000000020000000000
090115450002002001110224115800000000000003040000010000000249000000000000000000000000000000000000000700000000000040000000000
090115450003002001110224115800000000000003050000010000000199000000000000000000000000000000000000000700000000000040000000000
090115450004002001110224115800000000000001090000720000000058000000000000000000000000000000100000001500000000000020000000000
090115450005002001110224115800000000000001130012700000000507000000000000000000000000000000100000001500000000000020000000000
11011545000600200111022411580000040000050000002641000000264100000000000000000000000000264100000000000000
120115450007002001110224115800000000000000000000000000000000000000000000002641000000000000000000000000000000
07011546000000200111022411590000000000000000100000000000000000
090115460001002001110224115900000000000001070003080000000770000000000000000000000000000000100000005000000000000020000000000
090115460002002001110224115900000000000003200000010000002299000000000000000000000000000000000000000000000000000050000000000
11011546000300200111022411590000040000020000003069000000306900000000000000000000000000306900000000000000
120115460004002001110224115902010000000000000000000000000000000000010000003069000000000000000000000000000000
100115460005002001110224115901000000000000000100000030690000000000000510000004
07011547000000200111022412000000000000000000100000000000000000
090115470001002001110224120000000000000001090001780000000142000000000000000000000000000000100000001500000000000020000000000
090115470002002001110224120000000000000003050000010000000199000000000000000000000000000000000000000700000000000040000000000
11011547000300200111022412000000040000020000000341000000034100000000000000000000000000034100000000000000
120115470004002001110224120003020000000000000000000000000000000000000000000341000000000000000000000000000000
07011548000000200111022412000000000000000000100000000000000000
090115480001002001110224120000000000000001080003200000000480000000000000000000000000000000100000001000000000000020000000000
090115480002002001110224120000000000000003030000020000000498000000000000000000000000000000000000000830000000000040000000000
11011548000300200111022412000000040000020000000978000000097800000000000000000000000000097800000000000000
120115480004002001110224120000000000000000000000000000000000000000000000000978000000000000000000000000000000
07011549000000200111022412010000000000000000100000000000000000
090115490001002001110224120100000000000001060005000000000400000000000000000000000000000000100000001500000000000020000000000
090115490002002001110224120100000000000001020009940000000595000000000000000000000000000000100000001200000000000020000000000
090115490003002001110224120100000000000001080003740000000561000000000000000000000000000000100000001000000000000020000000000
11011549000400200111022412010000040000030000001556000000155600000000000000000000000000155600000000000000
120115490005002001110224120100000000000000000000000000000000000000000000001556000000000000000000000000000000
07011550000000200111022412030000000000000000100000000000000000
090115500001002001110224120300000000000001010011760000000940000000000000000000000000000000100000000500000000000020000000000
090115500002002001110224120300000000000001060005020000000401000000000000000000000000000000100000001500000000000020000000000
090115500003002001110224120300000000000003040000010000000249000000000000000000000000000000000000000700000000000040000000000
11011550000400200111022412030000040000030000001590000000159000000000000000000000000000500000000034100000
120115500005002001110224120300000000000000000000000000000000000000000000001590000000000000000000000000000000
07011551000000200111022412090000000000000000100000000000000000
090115510001002001110224120900000000000002040004020000000120000000000000000000000000000000100000000500000000000010000000000
090115510002002001110224120900000000000001140003240000000162000000000000000000000000000000100000000500000000000020000000000
11011551000300200111022412090000040000020000000282000000028200000000000000000000000000050000000002180000
120115510004002001110224120900000000000000000000000000000000000000000000000282000000000000000000000000000000
07011552000000200111022412110000000000000000100000000000000000
090115520001002001110224121100000000000003040000010000000249000000000000000000000000000000000000000700000000000040000000000
090115520002002001110224121100000000000003050000010000000199000000000000000000000000000000000000000700000000000040000000000
090115520003002001110224121100000000000001080001000000000150000000000000000000000000000000100000001000000000000020000000000
11011552000400200111022412110000040000030000000598000000059800000000000000000000000000059800000000000000
120115520005002001110224121103030000000000000000000000000000000000000000000598000000000000000000000000000000
07011553000000200111022412120000000000000000100000000000000000
090115530001002001110224121200000000000001090001240000000099000000000000000000000000000000100000001500000000000020000000000
11011553000200200111022412120000040000010000000099000000009900000000000000000000000000009900000000000000
120115530003002001110224121200000000000000000000000000000000000000000000000099000000000000000000000000000000
07011554000000200111022412130000000000000000100000000000000000
090115540001002001110224121300000000000002480007680000000383000000000000000000000000000000100000001000000000000010000000000
11011554000200200111022412130000040000010000000383000000038300000000000000000000000000040000000000170000
120115540003002001110224121300000000000000000000000000000000000000000000000383000000000000000000000000000000
07011555000000200111022412150000000000000000100000000000000000
090115550001002001110224121500000000000001020005360000000321000000000000000000000000000000100000001200000000000020000000000
11011555000200200111022412150000040000010000000321000000032100000000000000000000000000032100000000000000
120115550003002001110224121503020000000000000000000000000000000000000000000321000000000000000000000000000000
07011556000000200111022412210000000000000000100000000000000000
090115560001002001110224122100000000000002070012320000001108000000000000000000000000000000100000001990000000000010000000000
090115560002002001110224122100000000000005080000010000002399I 0100000000000000000000000000000000019000000000000070000000000
11011556000300200111022412210000040000020000003507000000350700000000000000000000000000350700000000000000
120115560004002001110224122103100000000000000000000000000000000000000000003507000000000000000000000000000000
07011557000000200111022412220000000000000000100000000000000000
090115570001002001110224122200000000000001150010520000001051000000000000000000000000000000100000001000000000000020000000000
11011557000200200111022412220000040000010000001051000000105100000000000000000000000000105100000000000000
120115570003002001110224122200000000000000000000000000000000000000000000001051000000000000000000000000000000
07011558000000200111022412250000000000000000100000000000000000
090115580001002001110224122500000000000003030000010000000249000000000000000000000000000000000000000830000000000040000000000
090115580002002001110224122500000000000001020011320000000678000000000000000000000000000000100000001200000000000020000000000
11011558000300200111022412250000040000020000000927000000092700000000000000000000000000092700000000000000
120115580004002001110224122503060000000000000000000000000000000000000000000927000000000000000000000000000000
07011559000000200111022412350000000000000000100000000000000000
090115590001002001110224123500000000000003050000010000000199000000000000000000000000000000000000000700000000000040000000000
11011559000200200111022412350000040000010000000199000000019900000000000000000000000000019900000000000000
120115590003002001110224123500000000000000000000000000000000000000000000000199000000000000000000000000000000
07011560000000200111022412380000000000000000100000000000000000
090115600001002001110224123800000000000003050000010000000199000000000000000000000000000000000000000700000000000040000000000
090115600002002001110224123800000000000001080002040000000306000000000000000000000000000000100000001000000000000020000000000
090115600003002001110224123800000000000001070001900000000475000000000000000000000000000000100000005000000000000020000000000
11011560000400200111022412380000040000030000000980000000098000000000000000000000000000200000000010200000
120115600005002001110224123800000000000000000000000000000000000000000000000980000000000000000000000000000000
07011561000000200111022412390000000000000000100000000000000000
090115610001002001110224123900000000000002080015140000000907000000000000000000000000000000100000000500000000000010000000000
11011561000200200111022412390000040000010000000907000000090700000000000000000000000000090700000000000000
120115610003002001110224123903020000000000000000000000000000000000000000000907000000000000000000000000000000
07011562000000200111022412420000000000000000100000000000000000
090115620001002001110224124200000000000005250000020000000998I 0100000000000000000000000000000000002990000000000080000000000
090115620002002001110224124200000000000001020013660000000818000000000000000000000000000000100000001200000000000020000000000
11011562000300200111022412420000040000020000001816000000181600000000000000000000000000181600000000000000
120115620004002001110224124203060000000000000000000000000000000000000000001816000000000000000000000000000000
07011563000000200111022412450000000000000000100000000000000000
090115630001002001110224124500000000000001050006360000000317000000000000000000000000000000100000000500000000000020000000000
11011563000200200111022412450000040000010000000317000000031700000000000000000000000000040000000000830000
120115630003002001110224124500000000000000000000000000000000000000000000000317000000000000000000000000000000
07011564000000200111022412550000000000000000100000000000000000
090115640001002001110224125500000000000001080007300000001094000000000000000000000000000000100000001000000000000020000000000
090115640002002001110224125500000000000002650000540000000049000000000000000000000000000000100000003990000000000010000000000
11011564000300200111022412550000040000020000001143000000114300000000000000000000000000114300000000000000
120115640004002001110224125504000000000000000000000000000000000000000000001143000000000000000000000000000000
07011565000000200111022412560000000000000000100000000000000000
090115650001002001110224125600000000000002080009700000000581000000000000000000000000000000100000000500000000000010000000000
090115650002002001110224125600000000000003010000010000000999000000000000000000000000000000000000006000000000000050000000000
11011565000300200111022412560000040000020000001580000000158000000000000000000000000000158000000000000000
120115650004002001110224125603060000000000000000000000000000000000000000001580000000000000000000000000000000
07011566000000200111022412570000000000000000100000000000000000
090115660001002001110224125700000000000001010018120000001448000000000000000000000000000000100000000500000000000020000000000
090115660002002001110224125700000000000001090002840000000227000000000000000000000000000000100000001500000000000020000000000
11011566000300200111022412570000040000020000001675000000167500000000000000000000000000200000000003250000
120115660004002001110224125700000000000000000000000000000000000000000000001675000000000000000000000000000000
07011567000000200111022412580000000000000000100000000000000000
090115670001002001110224125800000000000001040002960000000237000000000000000000000000000000100000002000000000000020000000000
090115670002002001110224125800000000000002040001160000000035000000000000000000000000000000100000000500000000000010000000000
11011567000300200111022412580000040000020000000272000000027200000000000000000000000000027200000000000000
120115670004002001110224125800000000000000000000000000000000000000000000000272000000000000000000000000000000
14011568000000200111022413040000010000001396
07011569000000200111022413050000000000000000100000000000000000
090115690001002001110224130500000000000003010000020000001998000000000000000000000000000000000000006000000000000050000000000
090115690002002001110224130500000000000002140015740000000943000000000000000000000000000000100000001990000000000010000000000
11011569000300200111022413050000040000020000002941000000294100000000000000000000000000294100000000000000
120115690004002001110224130503020000000000000000000000000000000000000000002941000000000000000000000000000000
07011570000000200111022413070000000000000000100000000000000000
090115700001002001110224130700000000000003190000010000000500000000000000000000000000000000000000002000000000000050000000000
090115700002002001110224130700000000000001080005980000000896000000000000000000000000000000100000001000000000000020000000000
11011570000300200111022413070000040000020000001396000000139600000000000000000000000000139600000000000000
120115700004002001110224130703020000000000000000000000000000000000000000001396000000000000000000000000000000
07011571000000200111022413080000000000000000100000000000000000
090115710001002001110224130800000000000001050001620000000081000000000000000000000000000000100000000500000000000020000000000
11011571000200200111022413080000040000010000000081000000008100000000000000000000000000050000000004190000
120115710003002001110224130800000000000000000000000000000000000000000000000081000000000000000000000000000000
07011572000000200111022413080000000000000000100000000000000000
090115720001002001110224130800000000000001080001600000000240000000000000000000000000000000100000001000000000000020000000000
11011572000200200111022413080000040000010000000240000000024000000000000000000000000000050000000002600000
120115720003002001110224130800000000000000000000000000000000000000000000000240000000000000000000000000000000
07011573000000200111022413090000000000000000100000000000000000
090115730001002001110224130900000000000001070001480000000370000000000000000000000000000000100000005000000000000020000000000
090115730002002001110224130900000000000003050000010000000199000000000000000000000000000000000000000700000000000040000000000
090115730003002001110224130900000000000003190000010000000500000000000000000000000000000000000000002000000000000050000000000
090115730004002001110224130900000000000003190000010000000500000000000000000000000000000000000000002000000000000050000000000
11011573000500200111022413090000040000040000001569000000156900000000000000000000000000156900000000000000
120115730006002001110224130903020000000000000000000000000000000000000000001569000000000000000000000000000000
07011574000000200111022413100000000000000000100000000000000000
090115740001002001110224131000000000000002210006080000000364000000000000000000000000000000100000003990000000000010000000000
11011574000200200111022413100000040000010000000364000000036400000000000000000000000000036400000000000000
120115740003002001110224131002010000000000000000000000000000000000050000000364000000000000000000000000000000
100115740004002001110224131001000000000000000500000003640000000000000464000004
07011575000000200111022413280000000000000000100000000000000000
090115750001002001110224132800000000000001050002680000000134000000000000000000000000000000100000000500000000000020000000000
090115750002002001110224132800000000000001080003740000000561000000000000000000000000000000100000001000000000000020000000000
090115750003002001110224132800000000000001090000960000000077000000000000000000000000000000100000001500000000000020000000000
11011575000400200111022413280000040000030000000772000000077200000000000000000000000000077200000000000000
120115750005002001110224132803020000000000000000000000000000000000000000000772000000000000000000000000000000
07011576000000200111022413290000000000000000100000000000000000
090115760001002001110224132900000000000002040008920000000267000000000000000000000000000000100000000500000000000010000000000
090115760002002001110224132900000000000001010011840000000946000000000000000000000000000000100000000500000000000020000000000
090115760003002001110224132900000000000002170000010000000999000000000000000000000000000000000000006500000000000010000000000
090115760004002001110224132900000000000001080004420000000663000000000000000000000000000000100000001000000000000020000000000
090115760005002001110224132900000000000001090000940000000075000000000000000000000000000000100000001500000000000020000000000
11011576000600200111022413290000040000050000002950000000295000000000000000000000000000295000000000000000
120115760007002001110224132903020000000000000000000000000000000000000000002950000000000000000000000000000000
07011577000000200111022413300000000000000000100000000000000000
090115770001002001110224133000000000000001130020400000000814000000000000000000000000000000100000001500000000000020000000000
11011577000200200111022413300000040000010000000814000000081400000000000000000000000000081400000000000000
120115770003002001110224133000000000000000000000000000000000000000000000000814000000000000000000000000000000
07011578000000200111022413370000000000000000100000000000000000
090115780001002001110224133700000000000010300008180000000817000000000000000000000000000000100000002490000000000020000000000
11011578000200200111022413370000040000010000000817000000081700000000000000000000000000081700000000000000
120115780003002001110224133703030000000000000000000000000000000000000000000817000000000000000000000000000000
07011579000000200111022413410000000000000000100000000000000000
090115790001002001110224134100000000000001130007360000000294000000000000000000000000000000100000001500000000000020000000000
11011579000200200111022413410000040000010000000294000000029400000000000000000000000000029400000000000000
120115790003002001110224134103020000000000000000000000000000000000000000000294000000000000000000000000000000
18011579000400200111022413450400000120000000000000000000000001
060115790005002001110224134600000100000100000000000000000000000000000000000000000000
07011580000000200111022413500000000000000000100000000000000000
090115800001002001110224135000000000000001010011140000000890000000000000000000000000000000100000000500000000000020000000000
11011580000200200111022413500000040000010000000890000000089000000000000000000000000000089000000000000000
120115800003002001110224135000000000000000000000000000000000000000000000000890000000000000000000000000000000
07011581000000200111022413550000000000000000100000000000000000
090115810001002001110224135500000000000001010012780000001021000000000000000000000000000000100000000500000000000020000000000
090115810002002001110224135500000000000001070001440000000360000000000000000000000000000000100000005000000000000020000000000
090115810003002001110224135500000000000001080001560000000234000000000000000000000000000000100000001000000000000020000000000
090115810004002001110224135500000000000001090001200000000096000000000000000000000000000000100000001500000000000020000000000
090115810005002001110224135500000000000001060002040000000163000000000000000000000000000000100000001500000000000020000000000
090115810006002001110224135500000000000002040000900000000027000000000000000000000000000000100000000500000000000010000000000
11011581000700200111022413550000040000060000001901000000190100000000000000000000000000190100000000000000
120115810008002001110224135500000000000000000000000000000000000000000000001901000000000000000000000000000000
0401158200000020011102241355000001011470011582000000139008860000001405436211022400001476800000000000000000000000000013960001000000000000000000000000000000000000000000000000000000000000000000000000000000001234567890AB        
