01016322000000200114032407050000010000015000000000194341971.82G5E   1234567890AB        Generica            
02016322000100200114032407050000010000090000000000
07016323000000200114032407190000000000000000100000000000000000
090163230001002001140324071900000000000002430008220000000821000000000000000000000000000000100000000000000000000010000000000
090163230002002001140324071900000000000002130010800000000431000000000000000000000000000000100000001400000000000010000000000
090163230003002001140324071900000000000003030000010000000249000000000000000000000000000000000000000830000000000040000000000
11016323000400200114032407190000090000030000001501000000150100000000000000000000000000150100000000000000
120163230005002001140324071903060000000000000000000000000000000000000000001501000000000000000000000000000000
07016324000000200114032407200000000000000000100000000000000000
090163240001002001140324072000000000000005020000050000000500I 0000000000000000000000000000000000000100000000000060000000000
17016324000200200114032407200000000000000468
11016324000300200114032407200000090000010000000500000000050000000000000000000000000000050000000000000000
120163240004002001140324072000000000000000000000000000000000000000000000000500000000000000000000000000000000
14016325000000200114032407210000010000000968
07016326000000200114032407230000000000000000100000000000000000
090163260001002001140324072300000000000001080003100000000465000000000000000000000000000000100000001000000000000020000000000
11016326000200200114032407230000090000010000000465000000046500000000000000000000000000046500000000000000
120163260003002001140324072300000000000000000000000000000000000000000000000465000000000000000000000000000000
07016327000000200114032407240000000000000000100000000000000000
090163270001002001140324072400000000000002080010920000000545000000000000000000000000000000100000000500000000000010000000000
11016327000200200114032407240000090000010000000545000000054500000000000000000000000000054500000000000000
120163270003002001140324072400000000000000000000000000000000000000000000000545000000000000000000000000000000
07016328000000200114032407360000000000000000100000000000000000
090163280001002001140324073600000000000003020000010000000150000000000000000000000000000000000000000500000000000030000000000
090163280002002001140324073600000000000010300004400000000220000000000000000000000000000000100000002490000000000020000000000
11016328000300200114032407360000090000020000000370000000037000000000000000000000000000037000000000000000
120163280004002001140324073600000000000000000000000000000000000000000000000370000000000000000000000000000000
07016329000000200114032407410000000000000000100000000000000000
090163290001002001140324074100000000000001070000840000000210000000000000000000000000000000100000005000000000000020000000000
090163290002002001140324074100000000000003250000020000000398000000000000000000000000000000000000000790000000000040000000000
090163290003002001140324074100000000000003030000020000000498000000000000000000000000000000000000000830000000000040000000000
090163290004002001140324074100000000000001050010320000000515000000000000000000000000000000100000000500000000000020000000000
11016329000500200114032407410000090000040000001621000000162100000000000000000000000000162100000000000000
120163290006002001140324074100000000000000000000000000000000000000000000001621000000000000000000000000000000
07016330000000200114032407440000000000000000100000000000000000
090163300001002001140324074400000000000002070008640000000863000000000000000000000000000000100000001990000000000010000000000
11016330000200200114032407440000090000010000000863000000086300000000000000000000000000086300000000000000
120163300003002001140324074400000000000000000000000000000000000000000000000863000000000000000000000000000000
07016331000000200114032407490000000000000000100000000000000000
090163310001002001140324074900000000000003030000020000000498000000000000000000000000000000000000000830000000000040000000000
090163310002002001140324074900000000000005020000010000000100I 0000000000000000000000000000000000000100000000000060000000000
11016331000300200114032407490000090000020000000598000000059800000000000000000000000000059800000000000000
120163310004002001140324074903010000000000000000000000000000000000000000000598000000000000000000000000000000
07016332000000200114032407590000000000000000100000000000000000
090163320001002001140324075900000000000002150000010000000249000000000000000000000000000000000000000500000000000010000000000
11016332000200200114032407590000090000010000000249000000024900000000000000000000000000024900000000000000
120163320003002001140324075903050000000000000000000000000000000000000000000249000000000000000000000000000000
07016333000000200114032408030000000000000000100000000000000000
090163330001002001140324080300000000000002080011500000000574000000000000000000000000000000100000000500000000000010000000000
090163330002002001140324080300000000000001040001880000000188000000000000000000000000000000100000002000000000000020000000000
11016333000300200114032408030000090000020000000762000000076200000000000000000000000000076200000000000000
120163330004002001140324080300000000000000000000000000000000000000000000000762000000000000000000000000000000
07016334000000200114032408070000000000000000100000000000000000
090163340001002001140324080700000000000002040001520000000061000000000000000000000000000000100000000500000000000010000000000
11016334000200200114032408070000090000010000000061000000006100000000000000000000000000006100000000000000
120163340003002001140324080700000000000000000000000000000000000000000000000061000000000000000000000000000000
07016335000000200114032408140000000000000000100000000000000000
090163350001002001140324081400000000000001050005120000000255000000000000000000000000000000100000000500000000000020000000000
090163350002002001140324081400000000000003030000010000000249000000000000000000000000000000000000000830000000000040000000000
11016335000300200114032408140000090000020000000504000000050400000000000000000000000000050400000000000000
120163350004002001140324081404000000000000000000000000000000000000000000000504000000000000000000000000000000
14016336000000200114032408170000010000005332
07016337000000200114032408280000000000000000100000000000000000
090163370001002001140324082800000000000001090002960000000444000000000000000000000000000000100000001500000000000020000000000
090163370002002001140324082800000000000001110009620000000961000000000000000000000000000000100000001990000000000020000000000
090163370003002001140324082800000000000003250000100000001990000000000000000000000000000000000000000790000000000040000000000
090163370004002001140324082800000000000003030000010000000249000000000000000000000000000000000000000830000000000040000000000
11016337000500200114032408280000090000040000003644000000364400000000000000000000000000364400000000000000
120163370006002001140324082803010000000000000000000000000000000000000000003644000000000000000000000000000000
07016338000000200114032408310000000000000000100000000000000000
090163380001002001140324083100000000000002140009840000000491000000000000000000000000000000100000001990000000000010000000000
090163380002002001140324083100000000000003030000020000000498000000000000000000000000000000000000000830000000000040000000000
11016338000300200114032408310000090000020000000989000000098900000000000000000000000000098900000000000000
120163380004002001140324083100000000000000000000000000000000000000000000000989000000000000000000000000000000
07016339000000200114032408500000000000000000100000000000000000
090163390001002001140324085000000000000001040001140000000114000000000000000000000000000000100000002000000000000020000000000
090163390002002001140324085000000000000001080002140000000321000000000000000000000000000000100000001000000000000020000000000
090163390003002001140324085000000000000001010008000000000479000000000000000000000000000000100000000500000000000020000000000
11016339000400200114032408500000090000030000000914000000091400000000000000000000000000091400000000000000
120163390005002001140324085000000000000000000000000000000000000000000000000914000000000000000000000000000000
07016340000000200114032408510000000000000000100000000000000000
090163400001002001140324085100000000000002110004900000000245000000000000000000000000000000100000000990000000000010000000000
090163400002002001140324085100000000000005020000020000000200I 0000000000000000000000000000000000000100000000000060000000000
090163400003002001140324085100000000000002040005580000000223000000000000000000000000000000100000000500000000000010000000000
090163400004002001140324085100000000000002080011960000000597000000000000000000000000000000100000000500000000000010000000000
090163400005002001140324085100000000000002430005380000000537000000000000000000000000000000100000000000000000000010000000000
11016340000600200114032408510000090000050000001802000000180200000000000000000000000000180200000000000000
120163400007002001140324085103010000000000000000000000000000000000000000001802000000000000000000000000000000
07016341000000200114032408580000000000000000100000000000000000
090163410001002001140324085800000000000002130010680000000426000000000000000000000000000000100000001400000000000010000000000
090163410002002001140324085800000000000002150000010000000249000000000000000000000000000000000000000500000000000010000000000
11016341000300200114032408580000090000020000000675000000067500000000000000000000000000067500000000000000
120163410004002001140324085803010000000000000000000000000000000000000000000675000000000000000000000000000000
07016342000000200114032409050000000000000000100000000000000000
090163420001002001140324090500000000000001060003060000000244000000000000000000000000000000100000001500000000000020000000000
090163420002002001140324090500000000000003040000010000000249000000000000000000000000000000000000000700000000000040000000000
11016342000300200114032409050000090000020000000493000000049300000000000000000000000000049300000000000000
120163420004002001140324090500000000000000000000000000000000000000000000000493000000000000000000000000000000
07016343000000200114032409070000000000000000100000000000000000
090163430001002001140324090700000000000002150000040000000996000000000000000000000000000000000000000500000000000010000000000
11016343000200200114032409070000090000010000000996000000099600000000000000000000000000099600000000000000
120163430003002001140324090703010000000000000000000000000000000000000000000996000000000000000000000000000000
07016344000000200114032409100000000000000000100000000000000000
17016344000100200114032409100000000000002299
090163440002002001140324091000000000000002070001860000000186000000000000000000000000000000100000001990000000000010000000000
11016344000300200114032409100000090000010000000186000000018600000000000000000000000000018600000000000000
120163440004002001140324091000000000000000000000000000000000000000000000000186000000000000000000000000000000
07016345000000200114032409110000000000000000100000000000000000
090163450001002001140324091100000000000001050003020000000151000000000000000000000000000000100000000500000000000020000000000
11016345000200200114032409110000090000010000000151000000015100000000000000000000000000015100000000000000
120163450003002001140324091100000000000000000000000000000000000000000000000151000000000000000000000000000000
07016346000000200114032409120000000000000000100000000000000000
090163460001002001140324091200000000000001070000540000000135000000000000000000000000000000100000005000000000000020000000000
11016346000200200114032409120000090000010000000135000000013500000000000000000000000000013500000000000000
120163460003002001140324091200000000000000000000000000000000000000000000000135000000000000000000000000000000
07016347000000200114032409340000000000000000100000000000000000
090163470001002001140324093400000000000001220012220000001221000000000000000000000000000000100000001500000000000020000000000
11016347000200200114032409340000090000010000001221000000122100000000000000000000000000122100000000000000
120163470003002001140324093403010000000000000000000000000000000000000000001221000000000000000000000000000000
07016348000000200114032409380000000000000000100000000000000000
090163480001002001140324093800000000000001020014920000000595000000000000000000000000000000100000001200000000000020000000000
17016348000200200114032409380000000000001199
090163480003002001140324093800000000000002180000010000000999000000000000000000000000000000000000002990000000000010000000000
11016348000400200114032409380000090000020000001594000000159400000000000000000000000000159400000000000000
120163480005002001140324093803050000000000000000000000000000000000000000001594000000000000000000000000000000
07016349000000200114032409510000000000000000100000000000000000
090163490001002001140324095100000000000003250000010000000199000000000000000000000000000000000000000790000000000040000000000
090163490002002001140324095100000000000003040000010000000249000000000000000000000000000000000000000700000000000040000000000
090163490003002001140324095100000000000002080009560000000477000000000000000000000000000000100000000500000000000010000000000
11016349000400200114032409510000090000030000000925000000092500000000000000000000000000092500000000000000
120163490005002001140324095100000000000000000000000000000000000000000000000925000000000000000000000000000000
07016350000000200114032409580000000000000000100000000000000000
090163500001002001140324095800000000000001020005160000000206000000000000000000000000000000100000001200000000000020000000000
11016350000200200114032409580000090000010000000206000000020600000000000000000000000000020600000000000000
120163500003002001140324095804000000000000000000000000000000000000000000000206000000000000000000000000000000
07016351000000200114032410020000000000000000100000000000000000
090163510001002001140324100200000000000001010009060000000452000000000000000000000000000000100000000500000000000020000000000
090163510002002001140324100200000000000003030000010000000249000000000000000000000000000000000000000830000000000040000000000
090163510003002001140324100200000000000002040007240000000289000000000000000000000000000000100000000500000000000010000000000
090163510004002001140324100200000000000001080005800000000869000000000000000000000000000000100000001000000000000020000000000
090163510005002001140324100200000000000001090001580000000237000000000000000000000000000000100000001500000000000020000000000
11016351000600200114032410020000090000050000002096000000209600000000000000000000000001000000000079040000
120163510007002001140324100200000000000000000000000000000000000000000000002096000000000000000000000000000000
07016352000000200114032410080000000000000000100000000000000000
090163520001002001140324100800000000000002080011560000000577000000000000000000000000000000100000000500000000000010000000000
11016352000200200114032410080000090000010000000577000000057700000000000000000000000000057700000000000000
120163520003002001140324100800000000000000000000000000000000000000000000000577000000000000000000000000000000
07016353000000200114032410140000000000000000100000000000000000
090163530001002001140324101400000000000002080008080000000403000000000000000000000000000000100000000500000000000010000000000
11016353000200200114032410140000090000010000000403000000040300000000000000000000000000040300000000000000
120163530003002001140324101400000000000000000000000000000000000000000000000403000000000000000000000000000000
07016354000000200114032410140000000000000000100000000000000000
090163540001002001140324101400000000000002430005820000000581000000000000000000000000000000100000000000000000000010000000000
11016354000200200114032410140000090000010000000581000000058100000000000000000000000000058100000000000000
120163540003002001140324101400000000000000000000000000000000000000000000000581000000000000000000000000000000
07016355000000200114032410180000000000000000100000000000000000
090163550001002001140324101800000000000001010016560000000826000000000000000000000000000000100000000500000000000020000000000
11016355000200200114032410180000090000010000000826000000082600000000000000000000000000082600000000000000
120163550003002001140324101803010000000000000000000000000000000000000000000826000000000000000000000000000000
07016356000000200114032410190000000000000000100000000000000000
090163560001002001140324101900000000000003190000010000000500000000000000000000000000000000000000002000000000000050000000000
090163560002002001140324101900000000000001010012000000000599000000000000000000000000000000100000000500000000000020000000000
11016356000300200114032410190000090000020000001099000000109900000000000000000000000000109900000000000000
120163560004002001140324101903050000000000000000000000000000000000000000001099000000000000000000000000000000
07016357000000200114032410210000000000000000100000000000000000
090163570001002001140324102100000000000001010006360000000317000000000000000000000000000000100000000500000000000020000000000
090163570002002001140324102100000000000002070007120000000711000000000000000000000000000000100000001990000000000010000000000
090163570003002001140324102100000000000002040001580000000063000000000000000000000000000000100000000500000000000010000000000
11016357000400200114032410210000090000030000001091000000109100000000000000000000000000109100000000000000
120163570005002001140324102103010000000000000000000000000000000000000000001091000000000000000000000000000000
07016358000000200114032410210000000000000000100000000000000000
090163580001002001140324102100000000000002130014000000000559000000000000000000000000000000100000001400000000000010000000000
11016358000200200114032410210000090000010000000559000000055900000000000000000000000000055900000000000000
120163580003002001140324102100000000000000000000000000000000000000000000000559000000000000000000000000000000
07016359000000200114032410260000000000000000100000000000000000
090163590001002001140324102600000000000001070003380000000845000000000000000000000000000000100000005000000000000020000000000
11016359000200200114032410260000090000010000000845000000084500000000000000000000000000084500000000000000
120163590003002001140324102600000000000000000000000000000000000000000000000845000000000000000000000000000000
07016360000000200114032410290000000000000000100000000000000000
090163600001002001140324102900000000000001150004720000000236000000000000000000000000000000100000001000000000000020000000000
11016360000200200114032410290000090000010000000236000000023600000000000000000000000000023600000000000000
120163600003002001140324102903010000000000000000000000000000000000000000000236000000000000000000000000000000
07016361000000200114032410310000000000000000100000000000000000
090163610001002001140324103100000000000003250000020000000398000000000000000000000000000000000000000790000000000040000000000
090163610002002001140324103100000000000001070000440000000110000000000000000000000000000000100000005000000000000020000000000
11016361000300200114032410310000090000020000000508000000050800000000000000000000000000050800000000000000
120163610004002001140324103100000000000000000000000000000000000000000000000508000000000000000000000000000000
14016362000000200114032410380000010000001778
07016363000000200114032410390000000000000000100000000000000000
090163630001002001140324103900000000000020100007100000000283000000000000000000000000000000100000002000000000000010000000000
090163630002002001140324103900000000000001290006080000000425000000000000000000000000000000100000000250000000000020000000000
090163630003002001140324103900000000000003030000010000000249000000000000000000000000000000000000000830000000000040000000000
11016363000400200114032410390000090000030000000957000000095700000000000000000000000000095700000000000000
120163630005002001140324103900000000000000000000000000000000000000000000000957000000000000000000000000000000
14016364000000200114032410400000010000000000
07016365000000200114032410430000000000000000100000000000000000
090163650001002001140324104300000000000002070004560000000456000000000000000000000000000000100000001990000000000010000000000
090163650002002001140324104300000000000002090002280000000296000000000000000000000000000000100000004720000000000010000000000
090163650003002001140324104300000000000002040001480000000059000000000000000000000000000000100000000500000000000010000000000
090163650004002001140324104300000000000001250002460000000049I 0000000000000000000000000000100000000530000000000020000000000
17016365000500200114032410430000000000000799
090163650006002001140324104300000000000003190000010000000500000000000000000000000000000000000000002000000000000050000000000
090163650007002001140324104300000000000001060001160000000093000000000000000000000000000000100000001500000000000020000000000
090163650008002001140324104300000000000001060000940000000075000000000000000000000000000000100000001500000000000020000000000
090163650009002001140324104300000000000003250000020000000398000000000000000000000000000000000000000790000000000040000000000
11016365001000200114032410430000090000080000001926000000192600000000000000000000000000192600000000000000
120163650011002001140324104303060000000000000000000000000000000000000000001926000000000000000000000000000000
07016366000000200114032410500000000000000000100000000000000000
090163660001002001140324105000000000000002110006680000000333000000000000000000000000000000100000000990000000000010000000000
090163660002002001140324105000000000000005040000010000000999I 0000000000000000000000000000000000000000000000000010000000000
11016366000300200114032410500000090000020000001332000000133200000000000000000000000000200000000006680000
120163660004002001140324105000000000000000000000000000000000000000000000001332000000000000000000000000000000
07016367000000200114032410510000000000000000100000000000000000
090163670001002001140324105100000000000001020014740000000588000000000000000000000000000000100000001200000000000020000000000
11016367000200200114032410510000090000010000000588000000058800000000000000000000000000058800000000000000
120163670003002001140324105100000000000000000000000000000000000000000000000588000000000000000000000000000000
07016368000000200114032410530000000000000000100000000000000000
090163680001002001140324105300000000000002070006500000000649000000000000000000000000000000100000001990000000000010000000000
11016368000200200114032410530000090000010000000649000000064900000000000000000000000000064900000000000000
120163680003002001140324105300000000000000000000000000000000000000000000000649000000000000000000000000000000
07016369000000200114032411010000000000000000100000000000000000
090163690001002001140324110100000000000001290008420000000589000000000000000000000000000000100000000250000000000020000000000
090163690002002001140324110100000000000001050017300000001036000000000000000000000000000000100000000500000000000020000000000
11016369000300200114032411010000090000020000001625000000162500000000000000000000000000162500000000000000
120163690004002001140324110103010000000000000000000000000000000000000000001625000000000000000000000000000000
07016370000000200114032411010000000000000000100000000000000000
090163700001002001140324110100000000000001120003600000000360000000000000000000000000000000100000001000000000000020000000000
11016370000200200114032411010000090000010000000360000000036000000000000000000000000000036000000000000000
120163700003002001140324110100000000000000000000000000000000000000000000000360000000000000000000000000000000
07016371000000200114032411040000000000000000100000000000000000
090163710001002001140324110400000000000002070009040000000903000000000000000000000000000000100000001990000000000010000000000
090163710002002001140324110400000000000002090003780000000491000000000000000000000000000000100000004720000000000010000000000
090163710003002001140324110400000000000005020000020000000200I 0000000000000000000000000000000000000100000000000060000000000
090163710004002001140324110400000000000005020000030000000300I 0000000000000000000000000000000000000100000000000060000000000
11016371000500200114032411040000090000040000001894000000189400000000000000000000000000189400000000000000
120163710006002001140324110400000000000000000000000000000000000000000000001894000000000000000000000000000000
07016372000000200114032411090000000000000000100000000000000000
090163720001002001140324110900000000000001150020000000000998000000000000000000000000000000100000001000000000000020000000000
11016372000200200114032411090000090000010000000998000000099800000000000000000000000000099800000000000000
120163720003002001140324110900000000000000000000000000000000000000000000000998000000000000000000000000000000
07016373000000200114032411120000000000000000100000000000000000
090163730001002001140324111200000000000001010031220000001558000000000000000000000000000000100000000500000000000020000000000
090163730002002001140324111200000000000005020000060000000600I 0000000000000000000000000000000000000100000000000060000000000
090163730003002001140324111200000000000001010021840000001090000000000000000000000000000000100000000500000000000020000000000
090163730004002001140324111200000000000001070001780000000445000000000000000000000000000000100000005000000000000020000000000
090163730005002001140324111200000000000002040004220000000168000000000000000000000000000000100000000500000000000010000000000
11016373000600200114032411120000090000050000003861000000386100000000000000000000000000386100000000000000
120163730007002001140324111203010000000000000000000000000000000000000000003861000000000000000000000000000000
07016374000000200114032411200000000000000000100000000000000000
090163740001002001140324112000000000000001290003220000000225000000000000000000000000000000100000000250000000000020000000000
17016374000200200114032411200000000000001499
11016374000300200114032411200000090000010000000225000000022500000000000000000000000000022500000000000000
120163740004002001140324112002010000000000000000000000000000000000220000000225000000000000000000000000000000
100163740005002001140324112001000000000000002200000002250000000000001835000009
07016375000000200114032411210000000000000000100000000000000000
090163750001002001140324112100000000000005020000150000001500I 0000000000000000000000000000000000000100000000000060000000000
090163750002002001140324112100000000000001120005760000000575000000000000000000000000000000100000001000000000000020000000000
11016375000300200114032411210000090000020000002075000000207500000000000000000000000000207500000000000000
120163750004002001140324112100000000000000000000000000000000000000000000002075000000000000000000000000000000
07016376000000200114032411330000000000000000100000000000000000
090163760001002001140324113300000000000001250005580000000111I 0000000000000000000000000000100000000530000000000020000000000
090163760002002001140324113300000000000005020000030000000300I 0000000000000000000000000000000000000100000000000060000000000
090163760003002001140324113300000000000001010012980000000648000000000000000000000000000000100000000500000000000020000000000
090163760004002001140324113300000000000001150002360000000118000000000000000000000000000000100000001000000000000020000000000
090163760005002001140324113300000000000001170002620000000105000000000000000000000000000000100000000590000000000020000000000
11016376000600200114032411330000090000050000001282000000128200000000000000000000000000128200000000000000
120163760007002001140324113300000000000000000000000000000000000000000000001282000000000000000000000000000000
07016377000000200114032411430000000000000000100000000000000000
17016377000100200114032411430000000000000100
090163770002002001140324114300000000000001180003280000000196000000000000000000000000000000100000001000000000000020000000000
090163770003002001140324114300000000000005020000030000000300I 0000000000000000000000000000000000000100000000000060000000000
090163770004002001140324114300000000000005020000170000001700I 0000000000000000000000000000000000000100000000000060000000000
11016377000500200114032411430000090000030000002196000000219600000000000000000000000000219600000000000000
120163770006002001140324114302010000000000000000000000000000000000040000002196000000000000000000000000000000
100163770007002001140324114301000000000000000400000021960000000000001141000009
07016378000000200114032411460000000000000000100000000000000000
090163780001002001140324114600000000000001010012240000000611000000000000000000000000000000100000000500000000000020000000000
090163780002002001140324114600000000000005110000010000001499I 0100000000000000000000000000000000012000000000000070000000000
090163780003002001140324114600000000000002070011220000001121000000000000000000000000000000100000001990000000000010000000000
11016378000400200114032411460000090000030000003231000000323100000000000000000000000000500000000017690000
120163780005002001140324114600000000000000000000000000000000000000000000003231000000000000000000000000000000
07016379000000200114032411510000000000000000100000000000000000
090163790001002001140324115100000000000003250000010000000199000000000000000000000000000000000000000790000000000040000000000
090163790002002001140324115100000000000001020008020000000320000000000000000000000000000000100000001200000000000020000000000
090163790003002001140324115100000000000003040000010000000249000000000000000000000000000000000000000700000000000040000000000
11016379000400200114032411510000090000030000000768000000076800000000000000000000000000076800000000000000
120163790005002001140324115103010000000000000000000000000000000000000000000768000000000000000000000000000000
07016380000000200114032411520000000000000000100000000000000000
090163800001002001140324115200000000000001170006340000000253000000000000000000000000000000100000000590000000000020000000000
090163800002002001140324115200000000000001290005360000000375000000000000000000000000000000100000000250000000000020000000000
11016380000300200114032411520000090000020000000628000000062800000000000000000000000000062800000000000000
120163800004002001140324115200000000000000000000000000000000000000000000000628000000000000000000000000000000
07016381000000200114032411580000000000000000100000000000000000
090163810001002001140324115800000000000002090001680000000218000000000000000000000000000000100000004720000000000010000000000
090163810002002001140324115800000000000003030000020000000498000000000000000000000000000000000000000830000000000040000000000
11016381000300200114032411580000090000020000000716000000071600000000000000000000000000071600000000000000
120163810004002001140324115800000000000000000000000000000000000000000000000716000000000000000000000000000000
07016382000000200114032412050000000000000000100000000000000000
090163820001002001140324120500000000000002040002400000000096000000000000000000000000000000100000000500000000000010000000000
090163820002002001140324120500000000000001070001900000000475000000000000000000000000000000100000005000000000000020000000000
11016382000300200114032412050000090000020000000571000000057100000000000000000000000000057100000000000000
120163820004002001140324120500000000000000000000000000000000000000000000000571000000000000000000000000000000
07016383000000200114032412090000000000000000100000000000000000
090163830001002001140324120900000000000001290001820000000127000000000000000000000000000000100000000250000000000020000000000
11016383000200200114032412090000090000010000000127000000012700000000000000000000000000012700000000000000
120163830003002001140324120903010000000000000000000000000000000000000000000127000000000000000000000000000000
07016384000000200114032412100000000000000000100000000000000000
090163840001002001140324121000000000000020100006020000000240000000000000000000000000000000100000002000000000000010000000000
11016384000200200114032412100000090000010000000240000000024000000000000000000000000000100000000007600000
120163840003002001140324121000000000000000000000000000000000000000000000000240000000000000000000000000000000
07016385000000200114032412140000000000000000100000000000000000
090163850001002001140324121400000000000001010012400000000619000000000000000000000000000000100000000500000000000020000000000
11016385000200200114032412140000090000010000000619000000061900000000000000000000000000100000000003810000
120163850003002001140324121400000000000000000000000000000000000000000000000619000000000000000000000000000000
07016386000000200114032412170000000000000000100000000000000000
090163860001002001140324121700000000000002070012280000001227000000000000000000000000000000100000001990000000000010000000000
11016386000200200114032412170000090000010000001227000000122700000000000000000000000000150000000002730000
120163860003002001140324121700000000000000000000000000000000000000000000001227000000000000000000000000000000
07016387000000200114032412220000000000000000100000000000000000
090163870001002001140324122200000000000001010017160000000856000000000000000000000000000000100000000500000000000020000000000
090163870002002001140324122200000000000001020019820000000791000000000000000000000000000000100000001200000000000020000000000
11016387000300200114032412220000090000020000001647000000164700000000000000000000000000164700000000000000
120163870004002001140324122203050000000000000000000000000000000000000000001647000000000000000000000000000000
07016388000000200114032412300000000000000000100000000000000000
090163880001002001140324123000000000000003250000010000000199000000000000000000000000000000000000000790000000000040000000000
090163880002002001140324123000000000000001250006640000000132I 0000000000000000000000000000100000000530000000000020000000000
11016388000300200114032412300000090000020000000331000000033100000000000000000000000000033100000000000000
120163880004002001140324123000000000000000000000000000000000000000000000000331000000000000000000000000000000
07016389000000200114032412310000000000000000100000000000000000
090163890001002001140324123100000000000003010000010000000999000000000000000000000000000000000000006000000000000050000000000
11016389000200200114032412310000090000010000000999000000099900000000000000000000000000099900000000000000
120163890003002001140324123103100000000000000000000000000000000000000000000999000000000000000000000000000000
07016390000000200114032412370000000000000000100000000000000000
090163900001002001140324123700000000000001060007260000000580000000000000000000000000000000100000001500000000000020000000000
11016390000200200114032412370000090000010000000580000000058000000000000000000000000000058000000000000000
120163900003002001140324123703110000000000000000000000000000000000000000000580000000000000000000000000000000
07016391000000200114032412410000000000000000100000000000000000
090163910001002001140324124100000000000020100008640000000345000000000000000000000000000000100000002000000000000010000000000
11016391000200200114032412410000090000010000000345000000034500000000000000000000000000034500000000000000
120163910003002001140324124100000000000000000000000000000000000000000000000345000000000000000000000000000000
07016392000000200114032412450000000000000000100000000000000000
090163920001002001140324124500000000000002070007440000000743000000000000000000000000000000100000001990000000000010000000000
090163920002002001140324124500000000000002260008300000000663000000000000000000000000000000100000002000000000000010000000000
090163920003002001140324124500000000000001130009320000000465000000000000000000000000000000100000001500000000000020000000000
090163920004002001140324124500000000000005020000030000000300I 0000000000000000000000000000000000000100000000000060000000000
11016392000500200114032412450000090000040000002171000000217100000000000000000000000000217100000000000000
120163920006002001140324124503090000000000000000000000000000000000000000002171000000000000000000000000000000
07016393000000200114032413110000000000000000100000000000000000
090163930001002001140324131100000000000001080003460000000519000000000000000000000000000000100000001000000000000020000000000
090163930002002001140324131100000000000001170001860000000074000000000000000000000000000000100000000590000000000020000000000
090163930003002001140324131100000000000002080013020000000650000000000000000000000000000000100000000500000000000010000000000
11016393000400200114032413110000090000030000001243000000124300000000000000000000000000500000000037570000
120163930005002001140324131100000000000000000000000000000000000000000000001243000000000000000000000000000000
07016394000000200114032413210000000000000000100000000000000000
090163940001002001140324132100000000000003250000010000000199000000000000000000000000000000000000000790000000000040000000000
11016394000200200114032413210000090000010000000199000000019900000000000000000000000000019900000000000000
120163940003002001140324132100000000000000000000000000000000000000000000000199000000000000000000000000000000
18016394000400200114032413240100000025000000000000000000000001
060163940005002001140324132400000100000150000000000000000000000000000000000000000000
060163940006002001140324132400000100000200000000000000000000000000000000000000000000
07016395000000200114032413260000000000000000100000000000000000
090163950001002001140324132600000000000001010013180000000658000000000000000000000000000000100000000500000000000020000000000
11016395000200200114032413260000090000010000000658000000065800000000000000000000000000065800000000000000
120163950003002001140324132600000000000000000000000000000000000000000000000658000000000000000000000000000000
07016396000000200114032413350000000000000000100000000000000000
090163960001002001140324133500000000000001010021420000001069000000000000000000000000000000100000000500000000000020000000000
090163960002002001140324133500000000000001020009920000000396000000000000000000000000000000100000001200000000000020000000000
17016396000300200114032413350000000000000269
090163960004002001140324133500000000000020100006940000000277000000000000000000000000000000100000002000000000000010000000000
090163960005002001140324133500000000000001020007760000000310000000000000000000000000000000100000001200000000000020000000000
090163960006002001140324133500000000000001290007200000000503000000000000000000000000000000100000000250000000000020000000000
090163960007002001140324133500000000000005110000010000001499I 0100000000000000000000000000000000012000000000000070000000000
11016396000800200114032413350000090000060000004054000000405400000000000000000000000000405400000000000000
120163960009002001140324133503070000000000000000000000000000000000000000004054000000000000000000000000000000
07016397000000200114032413420000000000000000100000000000000000
090163970001002001140324134200000000000020100010660000000425000000000000000000000000000000100000002000000000000010000000000
11016397000200200114032413420000090000010000000425000000042500000000000000000000000000042500000000000000
120163970003002001140324134200000000000000000000000000000000000000000000000425000000000000000000000000000000
07016398000000200114032413440000000000000000100000000000000000
090163980001002001140324134400000000000002110004420000000221000000000000000000000000000000100000000990000000000010000000000
090163980002002001140324134400000000000005020000020000000200I 0000000000000000000000000000000000000100000000000060000000000
090163980003002001140324134400000000000001290003360000000235000000000000000000000000000000100000000250000000000020000000000
11016398000400200114032413440000090000030000000656000000065600000000000000000000000000500000000043440000
120163980005002001140324134400000000000000000000000000000000000000000000000656000000000000000000000000000000
07016399000000200114032413470000000000000000100000000000000000
090163990001002001140324134700000000000002070007360000000735000000000000000000000000000000100000001990000000000010000000000
11016399000200200114032413470000090000010000000735000000073500000000000000000000000000073500000000000000
120163990003002001140324134703010000000000000000000000000000000000000000000735000000000000000000000000000000
07016400000000200114032413500000000000000000100000000000000000
090164000001002001140324135000000000000001250018440000000367I 0000000000000000000000000000100000000530000000000020000000000
090164000002002001140324135000000000000001060004480000000358000000000000000000000000000000100000001500000000000020000000000
090164000003002001140324135000000000000011000006080000000303000000000000000000000000000000100000000990000000000020000000000
090164000004002001140324135000000000000001020009820000000392000000000000000000000000000000100000001200000000000020000000000
090164000005002001140324135000000000000001170007940000000317000000000000000000000000000000100000000590000000000020000000000
090164000006002001140324135000000000000002040009260000000369000000000000000000000000000000100000000500000000000010000000000
090164000007002001140324135000000000000002080005160000000257000000000000000000000000000000100000000500000000000010000000000
090164000008002001140324135000000000000001150005240000000261000000000000000000000000000000100000001000000000000020000000000
090164000009002001140324135000000000000001110004740000000474000000000000000000000000000000100000001990000000000020000000000
090164000010002001140324135000000000000003040000010000000249000000000000000000000000000000000000000700000000000040000000000
090164000011002001140324135000000000000005020000080000000800I 0000000000000000000000000000000000000100000000000060000000000
090164000012002001140324135000000000000001290011600000000811000000000000000000000000000000100000000250000000000020000000000
11016400001300200114032413500000090000120000004958000000495800000000000000000000000000495800000000000000
120164000014002001140324135002010000000000000000000000000000000000090000004958000000000000000000000000000000
100164000015002001140324135001000000000000000900000049580000000000000660000009
07016401000000200114032413540000000000000000100000000000000000
090164010001002001140324135400000000000001050008220000000492000000000000000000000000000000100000000500000000000020000000000
090164010002002001140324135400000000000001020014060000000561000000000000000000000000000000100000001200000000000020000000000
090164010003002001140324135400000000000001290010100000000706000000000000000000000000000000100000000250000000000020000000000
090164010004002001140324135400000000000002260008120000000649000000000000000000000000000000100000002000000000000010000000000
11016401000500200114032413540000090000040000002408000000240800000000000000000000000000240800000000000000
120164010006002001140324135403010000000000000000000000000000000000000000002408000000000000000000000000000000
07016402000000200114032413550000000000000000100000000000000000
090164020001002001140324135500000000000001290004560000000319000000000000000000000000000000100000000250000000000020000000000
090164020002002001140324135500000000000001050007700000000461000000000000000000000000000000100000000500000000000020000000000
11016402000300200114032413550000090000020000000780000000078000000000000000000000000000078000000000000000
120164020004002001140324135500000000000000000000000000000000000000000000000780000000000000000000000000000000
07016403000000200114032413560000000000000000100000000000000000
090164030001002001140324135600000000000001290011680000000816000000000000000000000000000000100000000250000000000020000000000
11016403000200200114032413560000090000010000000816000000081600000000000000000000000000081600000000000000
120164030003002001140324135602010000000000000000000000000000000000040000000816000000000000000000000000000000
100164030004002001140324135601000000000000000400000008160000000000001142000009
07016404000000200114032413590000000000000000100000000000000000
090164040001002001140324135900000000000005020000030000000300I 0000000000000000000000000000000000000100000000000060000000000
11016404000200200114032413590000090000010000000300000000030000000000000000000000000000030000000000000000
120164040003002001140324135902010000000000000000000000000000000000090000000300000000000000000000000000000000
100164040004002001140324135901000000000000000900000003000000000000000661000009
07016405000000200114032414040000000000000000100000000000000000
090164050001002001140324140400000000000002220000020000001598000000000000000000000000000000000000001500000000000010000000000
11016405000200200114032414040000090000010000001598000000159800000000000000000000000000159800000000000000
120164050003002001140324140403010000000000000000000000000000000000000000001598000000000000000000000000000000
07016406000000200114032414120000000000000000100000000000000000
090164060001002001140324141200000000000005020000030000000300I 0000000000000000000000000000000000000100000000000060000000000
11016406000200200114032414120000090000010000000300000000030000000000000000000000000000030000000000000000
120164060003002001140324141200000000000000000000000000000000000000000000000300000000000000000000000000000000
07016407000000200114032414180000000000000000100000000000000000
090164070001002001140324141800000000000001140000010000000599000000000000000000000000000000000000000500000000000020000000000
11016407000200200114032414180000090000010000000599000000059900000000000000000000000000100000000004010000
120164070003002001140324141800000000000000000000000000000000000000000000000599000000000000000000000000000000
07016408000000200114032414370000000000000000100000000000000000
090164080001002001140324143700000000000001140000010000000599000000000000000000000000000000000000000500000000000020000000000
090164080002002001140324143700000000000003190000010000000500000000000000000000000000000000000000002000000000000050000000000
11016408000300200114032414370000090000020000001099000000109900000000000000000000000000109900000000000000
120164080004002001140324143703020000000000000000000000000000000000000000001099000000000000000000000000000000
14016409000000200114032415180000010000000000
07016410000000200114032415190000000000000000100000000000000000
090164100001002001140324151900000000000005600000010000000799I 0000000000000000000000000000000000002990000000000010000000000
11016410000200200114032415190000090000010000000799000000079900000000000000000000000000079900000000000000
120164100003002001140324151902010000000000000000000000000000000000350000000799000000000000000000000000000000
100164100004002001140324151901000000000000003500000007990000000000000017000009
07016411000000200114032415370000000000000000100000000000000000
090164110001002001140324153700000000000001130017780000000887000000000000000000000000000000100000001500000000000020000000000
090164110002002001140324153700000000000001070002120000000530000000000000000000000000000000100000005000000000000020000000000
11016411000300200114032415370000090000020000001417000000141700000000000000000000000000200000000005830000
120164110004002001140324153700000000000000000000000000000000000000000000001417000000000000000000000000000000
07016412000000200114032415400000000000000000100000000000000000
090164120001002001140324154000000000000020100016760000000669000000000000000000000000000000100000002000000000000010000000000
090164120002002001140324154000000000000002430006720000000671000000000000000000000000000000100000000000000000000010000000000
11016412000300200114032415400000090000020000001340000000134000000000000000000000000000134000000000000000
120164120004002001140324154003020000000000000000000000000000000000000000001340000000000000000000000000000000
07016413000000200114032415420000000000000000100000000000000000
090164130001002001140324154200000000000002010010920000000873000000000000000000000000000000100000000990000000000010000000000
11016413000200200114032415420000090000010000000873000000087300000000000000000000000000087300000000000000
120164130003002001140324154203020000000000000000000000000000000000000000000873000000000000000000000000000000
07016414000000200114032415490000000000000000100000000000000000
090164140001002001140324154900000000000003130000010000000199000000000000000000000000000000000000000700000000000040000000000
090164140002002001140324154900000000000003070000010000000199000000000000000000000000000000000000000100000000000040000000000
090164140003002001140324154900000000000002200000010000000799000000000000000000000000000000000000000990000000000010000000000
090164140004002001140324154900000000000001050003300000000198000000000000000000000000000000100000000500000000000020000000000
11016414000500200114032415490000090000040000001395000000139500000000000000000000000000139500000000000000
120164140006002001140324154903020000000000000000000000000000000000000000001395000000000000000000000000000000
07016415000000200114032415570000000000000000100000000000000000
090164150001002001140324155700000000000002150000010000000299000000000000000000000000000000000000000500000000000010000000000
11016415000200200114032415570000090000010000000299000000029900000000000000000000000000050000000002010000
120164150003002001140324155700000000000000000000000000000000000000000000000299000000000000000000000000000000
07016416000000200114032416020000000000000000100000000000000000
090164160001002001140324160200000000000002130012220000000488000000000000000000000000000000100000001400000000000010000000000
090164160002002001140324160200000000000001220007860000000785000000000000000000000000000000100000001500000000000020000000000
11016416000300200114032416020000090000020000001273000000127300000000000000000000000000127300000000000000
120164160004002001140324160203020000000000000000000000000000000000000000001273000000000000000000000000000000
07016417000000200114032416050000000000000000100000000000000000
090164170001002001140324160500000000000002070005100000000509000000000000000000000000000000100000001990000000000010000000000
11016417000200200114032416050000090000010000000509000000050900000000000000000000000000050900000000000000
120164170003002001140324160503020000000000000000000000000000000000000000000509000000000000000000000000000000
07016418000000200114032416160000000000000000100000000000000000
090164180001002001140324161600000000000002270005460000000928000000000000000000000000000000100000003990000000000010000000000
11016418000200200114032416160000090000010000000928000000092800000000000000000000000000200000000010720000
120164180003002001140324161600000000000000000000000000000000000000000000000928000000000000000000000000000000
07016419000000200114032416380000000000000000100000000000000000
090164190001002001140324163800000000000005250000020000000998I 0100000000000000000000000000000000002990000000000080000000000
11016419000200200114032416380000090000010000000998000000099800000000000000000000000000099800000000000000
120164190003002001140324163800000000000000000000000000000000000000000000000998000000000000000000000000000000
07016420000000200114032416430000000000000000100000000000000000
090164200001002001140324164300000000000005250000020000000998I 0100000000000000000000000000000000002990000000000080000000000
090164200002002001140324164300000000000005250000010000000499I 0100000000000000000000000000000000002990000000000080000000000
11016420000300200114032416430000090000020000001497000000149700000000000000000000000000149700000000000000
120164200004002001140324164303020000000000000000000000000000000000000000001497000000000000000000000000000000
07016421000000200114032416450000000000000000100000000000000000
090164210001002001140324164500000000000002280007520000000375000000000000000000000000000000100000001000000000000010000000000
090164210002002001140324164500000000000002110005720000000285000000000000000000000000000000100000000990000000000010000000000
11016421000300200114032416450000090000020000000660000000066000000000000000000000000000066000000000000000
120164210004002001140324164503060000000000000000000000000000000000000000000660000000000000000000000000000000
07016422000000200114032417070000000000000000100000000000000000
090164220001002001140324170700000000000004020000060000000600I 0300000000000000000000000000000000000230000000000030000000000
11016422000200200114032417070000090000010000000600000000060000000000000000000000000000060000000000000000
120164220003002001140324170703020000000000000000000000000000000000000000000600000000000000000000000000000000
07016423000000200114032417090000000000000000100000000000000000
090164230001002001140324170900000000000001070005680000001419000000000000000000000000000000100000005000000000000020000000000
090164230002002001140324170900000000000001050002000000000120000000000000000000000000000000100000000500000000000020000000000
090164230003002001140324170900000000000001290001440000000101000000000000000000000000000000100000000250000000000020000000000
11016423000400200114032417090000090000030000001640000000164000000000000000000000000000200000000003600000
120164230005002001140324170900000000000000000000000000000000000000000000001640000000000000000000000000000000
07016424000000200114032417160000000000000000100000000000000000
090164240001002001140324171600000000000001090001080000000162000000000000000000000000000000100000001500000000000020000000000
11016424000200200114032417160000090000010000000162000000016200000000000000000000000000016200000000000000
120164240003002001140324171600000000000000000000000000000000000000000000000162000000000000000000000000000000
07016425000000200114032417220000000000000000100000000000000000
090164250001002001140324172200000000000001010012080000000603000000000000000000000000000000100000000500000000000020000000000
11016425000200200114032417220000090000010000000603000000060300000000000000000000000000060300000000000000
120164250003002001140324172203020000000000000000000000000000000000000000000603000000000000000000000000000000
07016426000000200114032417220000000000000000100000000000000000
090164260001002001140324172200000000000003030000010000000249000000000000000000000000000000000000000830000000000040000000000
11016426000200200114032417220000090000010000000249000000024900000000000000000000000000024900000000000000
120164260003002001140324172200000000000000000000000000000000000000000000000249000000000000000000000000000000
07016427000000200114032417330000000000000000100000000000000000
090164270001002001140324173300000000000002220000010000000799000000000000000000000000000000000000001500000000000010000000000
090164270002002001140324173300000000000002230001740000000261000000000000000000000000000000100000004980000000000010000000000
090164270003002001140324173300000000000002090001380000000179000000000000000000000000000000100000004720000000000010000000000
090164270004002001140324173300000000000002090005080000000660000000000000000000000000000000100000004720000000000010000000000
11016427000500200114032417330000090000040000001899000000189900000000000000000000000000189900000000000000
120164270006002001140324173303060000000000000000000000000000000000000000001899000000000000000000000000000000
07016428000000200114032417340000000000000000100000000000000000
090164280001002001140324173400000000000001020020980000000837000000000000000000000000000000100000001200000000000020000000000
090164280002002001140324173400000000000001020033040000001318000000000000000000000000000000100000001200000000000020000000000
11016428000300200114032417340000090000020000002155000000215500000000000000000000000001000000000078450000
120164280004002001140324173400000000000000000000000000000000000000000000002155000000000000000000000000000000
07016429000000200114032417510000000000000000100000000000000000
090164290001002001140324175100000000000001020012460000000497000000000000000000000000000000100000001200000000000020000000000
11016429000200200114032417510000090000010000000497000000049700000000000000000000000000049700000000000000
120164290003002001140324175103020000000000000000000000000000000000000000000497000000000000000000000000000000
07016430000000200114032417540000000000000000100000000000000000
090164300001002001140324175400000000000002150000010000000299000000000000000000000000000000000000000500000000000010000000000
090164300002002001140324175400000000000003190000010000000500000000000000000000000000000000000000002000000000000050000000000
11016430000300200114032417540000090000020000000799000000079900000000000000000000000000079900000000000000
120164300004002001140324175403020000000000000000000000000000000000000000000799000000000000000000000000000000
07016431000000200114032418010000000000000000100000000000000000
090164310001002001140324180100000000000002150000030000000897000000000000000000000000000000000000000500000000000010000000000
090164310002002001140324180100000000000001050005300000000317000000000000000000000000000000100000000500000000000020000000000
090164310003002001140324180100000000000002040003520000000140000000000000000000000000000000100000000500000000000010000000000
090164310004002001140324180100000000000002010009060000000724000000000000000000000000000000100000000990000000000010000000000
11016431000500200114032418010000090000040000002078000000207800000000000000000000000000207800000000000000
120164310006002001140324180103020000000000000000000000000000000000000000002078000000000000000000000000000000
07016432000000200114032418090000000000000000100000000000000000
090164320001002001140324180900000000000002220000010000000799000000000000000000000000000000000000001500000000000010000000000
11016432000200200114032418090000090000010000000799000000079900000000000000000000000000079900000000000000
120164320003002001140324180903020000000000000000000000000000000000000000000799000000000000000000000000000000
07016433000000200114032418180000000000000000100000000000000000
090164330001002001140324181800000000000002260016460000001315000000000000000000000000000000100000002000000000000010000000000
090164330002002001140324181800000000000020100017880000000713000000000000000000000000000000100000002000000000000010000000000
11016433000300200114032418180000090000020000002028000000202800000000000000000000000000500000000029720000
120164330004002001140324181800000000000000000000000000000000000000000000002028000000000000000000000000000000
07016434000000200114032418200000000000000000100000000000000000
090164340001002001140324182000000000000002010011100000000887000000000000000000000000000000100000000990000000000010000000000
090164340002002001140324182000000000000001290003540000000247000000000000000000000000000000100000000250000000000020000000000
090164340003002001140324182000000000000002150000010000000299000000000000000000000000000000000000000500000000000010000000000
11016434000400200114032418200000090000030000001433000000143300000000000000000000000000200000000005670000
120164340005002001140324182000000000000000000000000000000000000000000000001433000000000000000000000000000000
07016435000000200114032418330000000000000000100000000000000000
090164350001002001140324183300000000000020700006900000000206000000000000000000000000000000100000000500000000000010000000000
11016435000200200114032418330000090000010000000206000000020600000000000000000000000000020600000000000000
120164350003002001140324183300000000000000000000000000000000000000000000000206000000000000000000000000000000
07016436000000200114032418340000000000000000100000000000000000
090164360001002001140324183400000000000001290005480000000383000000000000000000000000000000100000000250000000000020000000000
11016436000200200114032418340000090000010000000383000000038300000000000000000000000000100000000006170000
120164360003002001140324183400000000000000000000000000000000000000000000000383000000000000000000000000000000
07016437000000200114032418390000000000000000100000000000000000
090164370001002001140324183900000000000002150000010000000299000000000000000000000000000000000000000500000000000010000000000
090164370002002001140324183900000000000001130012920000000645000000000000000000000000000000100000001500000000000020000000000
090164370003002001140324183900000000000001150002200000000110000000000000000000000000000000100000001000000000000020000000000
090164370004002001140324183900000000000001070001000000000250000000000000000000000000000000100000005000000000000020000000000
090164370005002001140324183900000000000005290000010000000400I 0100000000000000000000000000000000001000000000000080000000000
11016437000600200114032418390000090000050000001704000000170400000000000000000000000000170400000000000000
120164370007002001140324183903050000000000000000000000000000000000000000001704000000000000000000000000000000
07016438000000200114032418450000000000000000100000000000000000
090164380001002001140324184500000000000003250000020000000398000000000000000000000000000000000000000790000000000040000000000
11016438000200200114032418450000090000010000000398000000039800000000000000000000000000100000000006020000
120164380003002001140324184500000000000000000000000000000000000000000000000398000000000000000000000000000000
07016439000000200114032418490000000000000000100000000000000000
090164390001002001140324184900000000000002270003280000000557000000000000000000000000000000100000003990000000000010000000000
11016439000200200114032418490000090000010000000557000000055700000000000000000000000000055700000000000000
120164390003002001140324184900000000000000000000000000000000000000000000000557000000000000000000000000000000
07016440000000200114032419030000000000000000100000000000000000
090164400001002001140324190300000000000002280001160000000058000000000000000000000000000000100000001000000000000010000000000
090164400002002001140324190300000000000002110004660000000233000000000000000000000000000000100000000990000000000010000000000
090164400003002001140324190300000000000002070004680000000468000000000000000000000000000000100000001990000000000010000000000
11016440000400200114032419030000090000030000000759000000075900000000000000000000000000200000000012410000
120164400005002001140324190300000000000000000000000000000000000000000000000759000000000000000000000000000000
07016441000000200114032419080000000000000000100000000000000000
090164410001002001140324190800000000000002290000010000000999000000000000000000000000000000000000002500000000000010000000000
090164410002002001140324190800000000000001010013160000000657000000000000000000000000000000100000000500000000000020000000000
090164410003002001140324190800000000000001070001780000000445000000000000000000000000000000100000005000000000000020000000000
090164410004002001140324190800000000000002070004060000000406000000000000000000000000000000100000001990000000000010000000000
11016441000500200114032419080000090000040000002507000000250700000000000000000000000000250700000000000000
120164410006002001140324190803100000000000000000000000000000000000000000002507000000000000000000000000000000
07016442000000200114032419080000000000000000100000000000000000
090164420001002001140324190800000000000002040000540000000022000000000000000000000000000000100000000500000000000010000000000
11016442000200200114032419080000090000010000000022000000002200000000000000000000000000002200000000000000
120164420003002001140324190800000000000000000000000000000000000000000000000022000000000000000000000000000000
07016443000000200114032419090000000000000000100000000000000000
090164430001002001140324190900000000000001010010340000000516000000000000000000000000000000100000000500000000000020000000000
090164430002002001140324190900000000000001070001160000000290000000000000000000000000000000100000005000000000000020000000000
090164430003002001140324190900000000000002070009720000000971000000000000000000000000000000100000001990000000000010000000000
090164430004002001140324190900000000000011000003900000000195000000000000000000000000000000100000000990000000000020000000000
090164430005002001140324190900000000000001080002900000000435000000000000000000000000000000100000001000000000000020000000000
090164430006002001140324190900000000000002190000020000001598000000000000000000000000000000000000002250000000000010000000000
11016443000700200114032419090000090000060000004005000000400500000000000000000000000000400500000000000000
120164430008002001140324190903060000000000000000000000000000000000000000004005000000000000000000000000000000
07016444000000200114032419100000000000000000100000000000000000
090164440001002001140324191000000000000001020014120000000563000000000000000000000000000000100000001200000000000020000000000
11016444000200200114032419100000090000010000000563000000056300000000000000000000000000056300000000000000
120164440003002001140324191000000000000000000000000000000000000000000000000563000000000000000000000000000000
07016445000000200114032419110000000000000000100000000000000000
090164450001002001140324191100000000000003050000010000000199000000000000000000000000000000000000000700000000000040000000000
11016445000200200114032419110000090000010000000199000000019900000000000000000000000000019900000000000000
120164450003002001140324191100000000000000000000000000000000000000000000000199000000000000000000000000000000
07016446000000200114032419140000000000000000100000000000000000
090164460001002001140324191400000000000001250014940000000297I 0000000000000000000000000000100000000530000000000020000000000
090164460002002001140324191400000000000002250004200000000336000000000000000000000000000000100000002670000000000010000000000
090164460003002001140324191400000000000002070009580000000957000000000000000000000000000000100000001990000000000010000000000
090164460004002001140324191400000000000002150000020000000598000000000000000000000000000000000000000500000000000010000000000
11016446000500200114032419140000090000040000002188000000218800000000000000000000000000218800000000000000
120164460006002001140324191403020000000000000000000000000000000000000000002188000000000000000000000000000000
07016447000000200114032419220000000000000000100000000000000000
090164470001002001140324192200000000000001020006760000000270000000000000000000000000000000100000001200000000000020000000000
090164470002002001140324192200000000000020100010040000000401000000000000000000000000000000100000002000000000000010000000000
090164470003002001140324192200000000000001060001980000000158000000000000000000000000000000100000001500000000000020000000000
090164470004002001140324192200000000000001150000420000000021000000000000000000000000000000100000001000000000000020000000000
090164470005002001140324192200000000000003190000010000000500000000000000000000000000000000000000002000000000000050000000000
11016447000600200114032419220000090000050000001350000000135000000000000000000000000000205000000007000000
120164470007002001140324192200000000000000000000000000000000000000000000001350000000000000000000000000000000
07016448000000200114032419240000000000000000100000000000000000
090164480001002001140324192400000000000002070004240000000424000000000000000000000000000000100000001990000000000010000000000
11016448000200200114032419240000090000010000000424000000042400000000000000000000000000042400000000000000
120164480003002001140324192400000000000000000000000000000000000000000000000424000000000000000000000000000000
07016449000000200114032419240000000000000000100000000000000000
090164490001002001140324192400000000000001010009940000000496000000000000000000000000000000100000000500000000000020000000000
11016449000200200114032419240000090000010000000496000000049600000000000000000000000000050000000000040000
120164490003002001140324192400000000000000000000000000000000000000000000000496000000000000000000000000000000
07016450000000200114032419250000000000000000100000000000000000
090164500001002001140324192500000000000002430002800000000280000000000000000000000000000000100000000000000000000010000000000
11016450000200200114032419250000090000010000000280000000028000000000000000000000000000028000000000000000
120164500003002001140324192500000000000000000000000000000000000000000000000280000000000000000000000000000000
07016451000000200114032419270000000000000000100000000000000000
090164510001002001140324192700000000000002080008760000000437000000000000000000000000000000100000000500000000000010000000000
090164510002002001140324192700000000000020100008880000000354000000000000000000000000000000100000002000000000000010000000000
11016451000300200114032419270000090000020000000791000000079100000000000000000000000000200000000012090000
120164510004002001140324192700000000000000000000000000000000000000000000000791000000000000000000000000000000
07016452000000200114032419320000000000000000100000000000000000
090164520001002001140324193200000000000001250006280000000125I 0000000000000000000000000000100000000530000000000020000000000
090164520002002001140324193200000000000001020003980000000159000000000000000000000000000000100000001200000000000020000000000
090164520003002001140324193200000000000002040001480000000059000000000000000000000000000000100000000500000000000010000000000
11016452000400200114032419320000090000030000000343000000034300000000000000000000000000034300000000000000
120164520005002001140324193203020000000000000000000000000000000000000000000343000000000000000000000000000000
07016453000000200114032419330000000000000000100000000000000000
090164530001002001140324193300000000000002280004720000000236000000000000000000000000000000100000001000000000000010000000000
090164530002002001140324193300000000000003250000010000000199000000000000000000000000000000000000000790000000000040000000000
11016453000300200114032419330000090000020000000435000000043500000000000000000000000000043500000000000000
120164530004002001140324193303020000000000000000000000000000000000000000000435000000000000000000000000000000
07016454000000200114032419410000000000000000100000000000000000
090164540001002001140324194100000000000001070001200000000300000000000000000000000000000000100000005000000000000020000000000
090164540002002001140324194100000000000001010007120000000355000000000000000000000000000000100000000500000000000020000000000
090164540003002001140324194100000000000001050001360000000081000000000000000000000000000000100000000500000000000020000000000
11016454000400200114032419410000090000030000000736000000073600000000000000000000000000073600000000000000
120164540005002001140324194103100000000000000000000000000000000000000000000736000000000000000000000000000000
07016455000000200114032419450000000000000000100000000000000000
090164550001002001140324194500000000000001130006760000000337000000000000000000000000000000100000001500000000000020000000000
090164550002002001140324194500000000000002070005180000000517000000000000000000000000000000100000001990000000000010000000000
090164550003002001140324194500000000000001220007840000000783000000000000000000000000000000100000001500000000000020000000000
11016455000400200114032419450000090000030000001637000000163700000000000000000000000000163700000000000000
120164550005002001140324194502010000000000000000000000000000000000220000001637000000000000000000000000000000
100164550006002001140324194501000000000000002200000016370000000000001836000009
14016456000000200114032419470000010000000000
07016457000000200114032419480000000000000000100000000000000000
090164570001002001140324194800000000000001130009160000000457000000000000000000000000000000100000001500000000000020000000000
090164570002002001140324194800000000000002070008820000000881000000000000000000000000000000100000001990000000000010000000000
11016457000300200114032419480000090000020000001338000000133800000000000000000000000000133800000000000000
120164570004002001140324194803020000000000000000000000000000000000000000001338000000000000000000000000000000
14016458000000200114032419560000010000000000
07016459000000200114032420030000000000000000100000000000000000
090164590001002001140324200300000000000002170000010000001199000000000000000000000000000000000000006500000000000010000000000
090164590002002001140324200300000000000002150000050000001495000000000000000000000000000000000000000500000000000010000000000
090164590003002001140324200300000000000002070007580000000757000000000000000000000000000000100000001990000000000010000000000
11016459000400200114032420030000090000030000003451000000345100000000000000000000000000345100000000000000
120164590005002001140324200303100000000000000000000000000000000000000000003451000000000000000000000000000000
07016460000000200114032420040000000000000000100000000000000000
090164600001002001140324200400000000000001250003520000000070I 0000000000000000000000000000100000000530000000000020000000000
11016460000200200114032420040000090000010000000070000000007000000000000000000000000000007000000000000000
120164600003002001140324200400000000000000000000000000000000000000000000000070000000000000000000000000000000
07016461000000200114032420070000000000000000100000000000000000
090164610001002001140324200700000000000002090009480000001231000000000000000000000000000000100000004720000000000010000000000
090164610002002001140324200700000000000002040004980000000199000000000000000000000000000000100000000500000000000010000000000
11016461000300200114032420070000090000020000001430000000143000000000000000000000000000143000000000000000
120164610004002001140324200703100000000000000000000000000000000000000000001430000000000000000000000000000000
07016462000000200114032420140000000000000000100000000000000000
090164620001002001140324201400000000000002280002560000000128000000000000000000000000000000100000001000000000000010000000000
090164620002002001140324201400000000000020100004480000000179000000000000000000000000000000100000002000000000000010000000000
11016462000300200114032420140000090000020000000307000000030700000000000000000000000000100000000006930000
120164620004002001140324201400000000000000000000000000000000000000000000000307000000000000000000000000000000
07016463000000200114032420150000000000000000100000000000000000
090164630001002001140324201500000000000001050002700000000162000000000000000000000000000000100000000500000000000020000000000
11016463000200200114032420150000090000010000000162000000016200000000000000000000000000020000000000380000
120164630003002001140324201500000000000000000000000000000000000000000000000162000000000000000000000000000000
07016464000000200114032420180000000000000000100000000000000000
090164640001002001140324201800000000000002010021940000001753000000000000000000000000000000100000000990000000000010000000000
11016464000200200114032420180000090000010000001753000000175300000000000000000000000000200000000002470000
120164640003002001140324201800000000000000000000000000000000000000000000001753000000000000000000000000000000
07016465000000200114032420200000000000000000100000000000000000
090164650001002001140324202000000000000003190000010000000500000000000000000000000000000000000000002000000000000050000000000
11016465000200200114032420200000090000010000000500000000050000000000000000000000000000050000000000000000
120164650003002001140324202003090000000000000000000000000000000000000000000500000000000000000000000000000000
07016466000000200114032420200000000000000000100000000000000000
090164660001002001140324202000000000000001290006120000000428000000000000000000000000000000100000000250000000000020000000000
090164660002002001140324202000000000000001050006500000000389000000000000000000000000000000100000000500000000000020000000000
11016466000300200114032420200000090000020000000817000000081700000000000000000000000000100000000001830000
120164660004002001140324202000000000000000000000000000000000000000000000000817000000000000000000000000000000
07016467000000200114032420220000000000000000100000000000000000
090164670001002001140324202200000000000002110005060000000252000000000000000000000000000000100000000990000000000010000000000
090164670002002001140324202200000000000001150006340000000316000000000000000000000000000000100000001000000000000020000000000
090164670003002001140324202200000000000002250003860000000308000000000000000000000000000000100000002670000000000010000000000
090164670004002001140324202200000000000002040002840000000113000000000000000000000000000000100000000500000000000010000000000
090164670005002001140324202200000000000002150000020000000598000000000000000000000000000000000000000500000000000010000000000
090164670006002001140324202200000000000002130012720000000508000000000000000000000000000000100000001400000000000010000000000
11016467000700200114032420220000090000060000002095000000209500000000000000000000000000500000000029050000
120164670008002001140324202200000000000000000000000000000000000000000000002095000000000000000000000000000000
07016468000000200114032420230000000000000000100000000000000000
090164680001002001140324202300000000000002110004660000000233000000000000000000000000000000100000000990000000000010000000000
17016468000200200114032420230000000000000128
090164680003002001140324202300000000000002020001580000000158000000000000000000000000000000100000001990000000000010000000000
11016468000400200114032420230000090000020000000391000000039100000000000000000000000000039100000000000000
120164680005002001140324202300000000000000000000000000000000000000000000000391000000000000000000000000000000
100164680006002001140324202351000000000000000700000033010000000000001031000009
130164680000002001140324202300000000000010310000000000000007000000000000330100000000000000003301
07016469000000200114032420240000000000000000100000000000000000
090164690001002001140324202400000000000002430005640000000563000000000000000000000000000000100000000000000000000010000000000
11016469000200200114032420240000090000010000000563000000056300000000000000000000000000100000000004370000
120164690003002001140324202400000000000000000000000000000000000000000000000563000000000000000000000000000000
07016470000000200114032420370000000000000000100000000000000000
090164700001002001140324203700000000000001020013260000000529000000000000000000000000000000100000001200000000000020000000000
090164700002002001140324203700000000000002090004820000000626000000000000000000000000000000100000004720000000000010000000000
090164700003002001140324203700000000000002040001540000000061000000000000000000000000000000100000000500000000000010000000000
090164700004002001140324203700000000000002150000010000000299000000000000000000000000000000000000000500000000000010000000000
11016470000500200114032420370000090000040000001515000000151500000000000000000000000000200000000004850000
120164700006002001140324203700000000000000000000000000000000000000000000001515000000000000000000000000000000
07016471000000200114032420530000000000000000100000000000000000
090164710001002001140324205300000000000003190000010000000500000000000000000000000000000000000000002000000000000050000000000
11016471000200200114032420530000090000010000000500000000050000000000000000000000000000050000000000000000
120164710003002001140324205300000000000000000000000000000000000000000000000500000000000000000000000000000000
060164710004002001140324205600000100000350000000000000000000000000000000000000000000
07016472000000200114032420570000000000000000100000000000000000
090164720001002001140324205700000000000001150013980000000698000000000000000000000000000000100000001000000000000020000000000
090164720002002001140324205700000000000020100010680000000426000000000000000000000000000000100000002000000000000010000000000
11016472000300200114032420570000090000020000001124000000112400000000000000000000000000500000000038760000
120164720004002001140324205700000000000000000000000000000000000000000000001124000000000000000000000000000000
07016473000000200114032420590000000000000000100000000000000000
090164730001002001140324205900000000000001070001300000000325000000000000000000000000000000100000005000000000000020000000000
090164730002002001140324205900000000000001050002240000000134000000000000000000000000000000100000000500000000000020000000000
090164730003002001140324205900000000000001290003460000000242000000000000000000000000000000100000000250000000000020000000000
11016473000400200114032420590000090000030000000701000000070100000000000000000000000000070100000000000000
120164730005002001140324205903020000000000000000000000000000000000000000000701000000000000000000000000000000
0401647400000020011403242110000001016322016474000000194341970000001959734914032400001494170000000000000000000000000080780001000000000000000000000000000000000000000000000000000000000000000000000000000000001234567890AB        
