01015649000000200110032407070000010000024000000000187423491.82G5E   1234567890AB        Generica            
02015649000100200110032407070000010000070000000000
07015650000000200110032407260000000000000000100000000000000000
090156500001002001100324072600000000000003030000010000000249000000000000000000000000000000000000000830000000000040000000000
11015650000200200110032407260000070000010000000249000000024900000000000000000000000000200000000017510000
120156500003002001100324072600000000000000000000000000000000000000000000000249000000000000000000000000000000
07015651000000200110032407280000000000000000100000000000000000
090156510001002001100324072800000000000001020043480000001952000000000000000000000000000000100000001200000000000020000000000
11015651000200200110032407280000070000010000001952000000195200000000000000000000000000195200000000000000
120156510003002001100324072803060000000000000000000000000000000000000000001952000000000000000000000000000000
07015652000000200110032407310000000000000000100000000000000000
090156520001002001100324073100000000000002070015600000001558000000000000000000000000000000100000001990000000000010000000000
090156520002002001100324073100000000000002090005080000000660000000000000000000000000000000100000004720000000000010000000000
11015652000300200110032407310000070000020000002218000000221800000000000000000000000001000000000077820000
120156520004002001100324073100000000000000000000000000000000000000000000002218000000000000000000000000000000
07015653000000200110032407390000000000000000100000000000000000
090156530001002001100324073900000000000001050004680000000280000000000000000000000000000000100000000500000000000020000000000
090156530002002001100324073900000000000001220005100000000305000000000000000000000000000000100000001500000000000020000000000
090156530003002001100324073900000000000001020003740000000168000000000000000000000000000000100000001200000000000020000000000
090156530004002001100324073900000000000002080003220000000193000000000000000000000000000000100000000500000000000010000000000
11015653000500200110032407390000070000040000000946000000094600000000000000000000000000100000000000540000
120156530006002001100324073900000000000000000000000000000000000000000000000946000000000000000000000000000000
07015654000000200110032407450000000000000000100000000000000000
090156540001002001100324074500000000000002480004660000000186000000000000000000000000000000100000001000000000000010000000000
11015654000200200110032407450000070000010000000186000000018600000000000000000000000000018600000000000000
120156540003002001100324074503020000000000000000000000000000000000000000000186000000000000000000000000000000
07015655000000200110032407530000000000000000100000000000000000
090156550001002001100324075300000000000002070016460000001644000000000000000000000000000000100000001990000000000010000000000
11015655000200200110032407530000070000010000001644000000164400000000000000000000000000200000000003560000
120156550003002001100324075300000000000000000000000000000000000000000000001644000000000000000000000000000000
07015656000000200110032408120000000000000000100000000000000000
090156560001002001100324081200000000000001090001100000000110000000000000000000000000000000100000001500000000000020000000000
11015656000200200110032408120000070000010000000110000000011000000000000000000000000000020000000000900000
120156560003002001100324081200000000000000000000000000000000000000000000000110000000000000000000000000000000
07015657000000200110032408240000000000000000100000000000000000
090156570001002001100324082400000000000003250000040000000796000000000000000000000000000000000000000790000000000040000000000
11015657000200200110032408240000070000010000000796000000079600000000000000000000000000079600000000000000
120156570003002001100324082403020000000000000000000000000000000000000000000796000000000000000000000000000000
07015658000000200110032408240000000000000000100000000000000000
090156580001002001100324082400000000000001070004520000001130000000000000000000000000000000100000005000000000000020000000000
11015658000200200110032408240000070000010000001130000000113000000000000000000000000000200000000008700000
120156580003002001100324082400000000000000000000000000000000000000000000001130000000000000000000000000000000
07015659000000200110032408250000000000000000100000000000000000
090156590001002001100324082500000000000001090016540000001652000000000000000000000000000000100000001500000000000020000000000
090156590002002001100324082500000000000001080022920000002748000000000000000000000000000000100000001000000000000020000000000
11015659000300200110032408250000070000020000004400000000440000000000000000000000000000440000000000000000
120156590004002001100324082503020000000000000000000000000000000000000000004400000000000000000000000000000000
07015660000000200110032408290000000000000000100000000000000000
090156600001002001100324082900000000000011000002520000000126000000000000000000000000000000100000000990000000000020000000000
090156600002002001100324082900000000000001060004240000000212000000000000000000000000000000100000001500000000000020000000000
090156600003002001100324082900000000000001250003060000000091I 0000000000000000000000000000100000000530000000000020000000000
090156600004002001100324082900000000000002010009540000000762000000000000000000000000000000100000000990000000000010000000000
090156600005002001100324082900000000000002150000010000000299000000000000000000000000000000000000000500000000000010000000000
090156600006002001100324082900000000000002150000010000000299000000000000000000000000000000000000000500000000000010000000000
090156600007002001100324082900000000000001080001740000000209000000000000000000000000000000100000001000000000000020000000000
090156600008002001100324082900000000000001270003320000000265000000000000000000000000000000100000000250000000000020000000000
090156600009002001100324082900000000000002250002640000000237000000000000000000000000000000100000002670000000000010000000000
090156600010002001100324082900000000000002090001120000000145000000000000000000000000000000100000004720000000000010000000000
090156600011002001100324082900000000000002040001520000000076000000000000000000000000000000100000000500000000000010000000000
090156600012002001100324082900000000000002070016640000001662000000000000000000000000000000100000001990000000000010000000000
090156600013002001100324082900000000000001050003300000000198000000000000000000000000000000100000000500000000000020000000000
090156600014002001100324082900000000000001020006980000000313000000000000000000000000000000100000001200000000000020000000000
090156600015002001100324082900000000000003250000010000000199000000000000000000000000000000000000000790000000000040000000000
090156600016002001100324082900000000000002130013500000000539000000000000000000000000000000100000001400000000000010000000000
11015660001700200110032408290000070000160000005632000000563200000000000000000000000000563200000000000000
120156600018002001100324082903030000000000000000000000000000000000000000005632000000000000000000000000000000
07015661000000200110032408300000000000000000100000000000000000
090156610001002001100324083000000000000002260011240000000786000000000000000000000000000000100000002000000000000010000000000
090156610002002001100324083000000000000002150000010000000299000000000000000000000000000000000000000500000000000010000000000
090156610003002001100324083000000000000002150000010000000299000000000000000000000000000000000000000500000000000010000000000
11015661000400200110032408300000070000030000001384000000138400000000000000000000000001000000000086160000
120156610005002001100324083000000000000000000000000000000000000000000000001384000000000000000000000000000000
07015662000000200110032408320000000000000000100000000000000000
090156620001002001100324083200000000000001090001420000000142000000000000000000000000000000100000001500000000000020000000000
11015662000200200110032408320000070000010000000142000000014200000000000000000000000000020000000000580000
120156620003002001100324083200000000000000000000000000000000000000000000000142000000000000000000000000000000
07015663000000200110032408330000000000000000100000000000000000
090156630001002001100324083300000000000001150004720000000424000000000000000000000000000000100000001000000000000020000000000
11015663000200200110032408330000070000010000000424000000042400000000000000000000000000500000000045760000
120156630003002001100324083300000000000000000000000000000000000000000000000424000000000000000000000000000000
07015664000000200110032408330000000000000000100000000000000000
090156640001002001100324083300000000000003010000010000000999000000000000000000000000000000000000006000000000000050000000000
11015664000200200110032408330000070000010000000999000000099900000000000000000000000000099900000000000000
120156640003002001100324083300000000000000000000000000000000000000000000000999000000000000000000000000000000
07015665000000200110032408360000000000000000100000000000000000
090156650001002001100324083600000000000001020008240000000370000000000000000000000000000000100000001200000000000020000000000
090156650002002001100324083600000000000005080000010000002399I 0100000000000000000000000000000000019000000000000070000000000
11015665000300200110032408360000070000020000002769000000276900000000000000000000000000300000000002310000
120156650004002001100324083600000000000000000000000000000000000000000000002769000000000000000000000000000000
07015666000000200110032408450000000000000000100000000000000000
090156660001002001100324084500000000000001050015740000000943000000000000000000000000000000100000000500000000000020000000000
090156660002002001100324084500000000000003250000010000000199000000000000000000000000000000000000000790000000000040000000000
090156660003002001100324084500000000000003250000010000000199000000000000000000000000000000000000000790000000000040000000000
11015666000400200110032408450000070000030000001341000000134100000000000000000000000000134100000000000000
120156660005002001100324084500000000000000000000000000000000000000000000001341000000000000000000000000000000
07015667000000200110032408500000000000000000100000000000000000
090156670001002001100324085000000000000001010012980000000778000000000000000000000000000000100000000500000000000020000000000
090156670002002001100324085000000000000001040004820000000482000000000000000000000000000000100000002000000000000020000000000
090156670003002001100324085000000000000001060008860000000442000000000000000000000000000000100000001500000000000020000000000
090156670004002001100324085000000000000001250009680000000289I 0000000000000000000000000000100000000530000000000020000000000
11015667000500200110032408500000070000040000001991000000199100000000000000000000000000199100000000000000
120156670006002001100324085003050000000000000000000000000000000000000000001991000000000000000000000000000000
07015668000000200110032408550000000000000000100000000000000000
090156680001002001100324085500000000000002210009700000000581000000000000000000000000000000100000003990000000000010000000000
11015668000200200110032408550000070000010000000581000000058100000000000000000000000000500000000044190000
120156680003002001100324085500000000000000000000000000000000000000000000000581000000000000000000000000000000
07015669000000200110032408560000000000000000100000000000000000
090156690001002001100324085600000000000001070001140000000285000000000000000000000000000000100000005000000000000020000000000
11015669000200200110032408560000070000010000000285000000028500000000000000000000000000028500000000000000
120156690003002001100324085600000000000000000000000000000000000000000000000285000000000000000000000000000000
07015670000000200110032408570000000000000000100000000000000000
090156700001002001100324085700000000000003030000010000000249000000000000000000000000000000000000000830000000000040000000000
090156700002002001100324085700000000000003030000010000000249000000000000000000000000000000000000000830000000000040000000000
11015670000300200110032408570000070000020000000498000000049800000000000000000000000000049800000000000000
120156700004002001100324085700000000000000000000000000000000000000000000000498000000000000000000000000000000
07015671000000200110032409010000000000000000100000000000000000
090156710001002001100324090100000000000001010006080000000364000000000000000000000000000000100000000500000000000020000000000
11015671000200200110032409010000070000010000000364000000036400000000000000000000000000040000000000360000
120156710003002001100324090100000000000000000000000000000000000000000000000364000000000000000000000000000000
07015672000000200110032409020000000000000000100000000000000000
090156720001002001100324090200000000000002040001640000000082000000000000000000000000000000100000000500000000000010000000000
11015672000200200110032409020000070000010000000082000000008200000000000000000000000000020000000001180000
120156720003002001100324090200000000000000000000000000000000000000000000000082000000000000000000000000000000
07015673000000200110032409030000000000000000100000000000000000
17015673000100200110032409030000000000000249
090156730002002001100324090300000000000003040000010000000249000000000000000000000000000000000000000700000000000040000000000
11015673000300200110032409030000070000010000000249000000024900000000000000000000000000500000000047510000
120156730004002001100324090300000000000000000000000000000000000000000000000249000000000000000000000000000000
07015674000000200110032409060000000000000000100000000000000000
090156740001002001100324090600000000000003040000010000000249000000000000000000000000000000000000000700000000000040000000000
11015674000200200110032409060000070000010000000249000000024900000000000000000000000000024900000000000000
120156740003002001100324090600000000000000000000000000000000000000000000000249000000000000000000000000000000
07015675000000200110032409080000000000000000100000000000000000
090156750001002001100324090800000000000001020006160000000277000000000000000000000000000000100000001200000000000020000000000
11015675000200200110032409080000070000010000000277000000027700000000000000000000000000030000000000230000
120156750003002001100324090800000000000000000000000000000000000000000000000277000000000000000000000000000000
07015676000000200110032409090000000000000000100000000000000000
090156760001002001100324090900000000000001220005020000000301000000000000000000000000000000100000001500000000000020000000000
090156760002002001100324090900000000000001270005900000000471000000000000000000000000000000100000000250000000000020000000000
090156760003002001100324090900000000000002130010980000000438000000000000000000000000000000100000001400000000000010000000000
11015676000400200110032409090000070000030000001210000000121000000000000000000000000000150000000002900000
120156760005002001100324090900000000000000000000000000000000000000000000001210000000000000000000000000000000
07015677000000200110032409110000000000000000100000000000000000
090156770001002001100324091100000000000002070009580000000957000000000000000000000000000000100000001990000000000010000000000
11015677000200200110032409110000070000010000000957000000095700000000000000000000000000100000000000430000
120156770003002001100324091100000000000000000000000000000000000000000000000957000000000000000000000000000000
07015678000000200110032409140000000000000000100000000000000000
090156780001002001100324091400000000000002170000010000001199000000000000000000000000000000000000006500000000000010000000000
090156780002002001100324091400000000000002170000010000001199000000000000000000000000000000000000006500000000000010000000000
090156780003002001100324091400000000000002180000010000000999000000000000000000000000000000000000002990000000000010000000000
090156780004002001100324091400000000000002180000010000000999000000000000000000000000000000000000002990000000000010000000000
090156780005002001100324091400000000000002070018120000001810000000000000000000000000000000100000001990000000000010000000000
11015678000600200110032409140000070000050000006206000000620600000000000000000000000000620600000000000000
120156780007002001100324091403050000000000000000000000000000000000000000006206000000000000000000000000000000
07015679000000200110032409220000000000000000100000000000000000
090156790001002001100324092200000000000002130025100000001001000000000000000000000000000000100000001400000000000010000000000
11015679000200200110032409220000070000010000001001000000100100000000000000000000000000500000000039990000
120156790003002001100324092200000000000000000000000000000000000000000000001001000000000000000000000000000000
07015680000000200110032409250000000000000000100000000000000000
090156800001002001100324092500000000000001020027360000001228000000000000000000000000000000100000001200000000000020000000000
11015680000200200110032409250000070000010000001228000000122800000000000000000000000000122800000000000000
120156800003002001100324092503020000000000000000000000000000000000000000001228000000000000000000000000000000
07015681000000200110032409280000000000000000100000000000000000
090156810001002001100324092800000000000001120010020000001001000000000000000000000000000000100000001000000000000020000000000
090156810002002001100324092800000000000002150000010000000299000000000000000000000000000000000000000500000000000010000000000
090156810003002001100324092800000000000002150000010000000299000000000000000000000000000000000000000500000000000010000000000
090156810004002001100324092800000000000003250000010000000199000000000000000000000000000000000000000790000000000040000000000
090156810005002001100324092800000000000003250000010000000199000000000000000000000000000000000000000790000000000040000000000
090156810006002001100324092800000000000003250000010000000199000000000000000000000000000000000000000790000000000040000000000
090156810007002001100324092800000000000005110000010000001499I 0100000000000000000000000000000000012000000000000070000000000
090156810008002001100324092800000000000002200000010000000499000000000000000000000000000000000000000990000000000010000000000
11015681000900200110032409280000070000080000004194000000419400000000000000000000000000419400000000000000
120156810010002001100324092803050000000000000000000000000000000000000000004194000000000000000000000000000000
07015682000000200110032409300000000000000000100000000000000000
090156820001002001100324093000000000000001010008680000000520000000000000000000000000000000100000000500000000000020000000000
090156820002002001100324093000000000000003040000010000000249000000000000000000000000000000000000000700000000000040000000000
11015682000300200110032409300000070000020000000769000000076900000000000000000000000000076900000000000000
120156820004002001100324093003020000000000000000000000000000000000000000000769000000000000000000000000000000
07015683000000200110032409340000000000000000100000000000000000
090156830001002001100324093400000000000003030000010000000249000000000000000000000000000000000000000830000000000040000000000
11015683000200200110032409340000070000010000000249000000024900000000000000000000000000024900000000000000
120156830003002001100324093400000000000000000000000000000000000000000000000249000000000000000000000000000000
07015684000000200110032409340000000000000000100000000000000000
090156840001002001100324093400000000000001020009780000000439000000000000000000000000000000100000001200000000000020000000000
090156840002002001100324093400000000000001060006160000000307000000000000000000000000000000100000001500000000000020000000000
11015684000300200110032409340000070000020000000746000000074600000000000000000000000000074600000000000000
120156840004002001100324093400000000000000000000000000000000000000000000000746000000000000000000000000000000
07015685000000200110032409350000000000000000100000000000000000
090156850001002001100324093500000000000001130006060000000302000000000000000000000000000000100000001500000000000020000000000
11015685000200200110032409350000070000010000000302000000030200000000000000000000000000030200000000000000
120156850003002001100324093500000000000000000000000000000000000000000000000302000000000000000000000000000000
07015686000000200110032409360000000000000000100000000000000000
090156860001002001100324093600000000000003250000010000000199000000000000000000000000000000000000000790000000000040000000000
090156860002002001100324093600000000000003250000010000000199000000000000000000000000000000000000000790000000000040000000000
090156860003002001100324093600000000000003250000010000000199000000000000000000000000000000000000000790000000000040000000000
090156860004002001100324093600000000000001090001660000000166000000000000000000000000000000100000001500000000000020000000000
090156860005002001100324093600000000000001080003680000000441000000000000000000000000000000100000001000000000000020000000000
11015686000600200110032409360000070000050000001204000000120400000000000000000000000000200000000007960000
120156860007002001100324093600000000000000000000000000000000000000000000001204000000000000000000000000000000
07015687000000200110032409380000000000000000100000000000000000
090156870001002001100324093800000000000001050011840000000709000000000000000000000000000000100000000500000000000020000000000
090156870002002001100324093800000000000003250000010000000199000000000000000000000000000000000000000790000000000040000000000
090156870003002001100324093800000000000001090000520000000052000000000000000000000000000000100000001500000000000020000000000
090156870004002001100324093800000000000001010012560000000752000000000000000000000000000000100000000500000000000020000000000
11015687000500200110032409380000070000040000001712000000171200000000000000000000000000171200000000000000
120156870006002001100324093803060000000000000000000000000000000000000000001712000000000000000000000000000000
07015688000000200110032409380000000000000000100000000000000000
090156880001002001100324093800000000000001050002560000000153000000000000000000000000000000100000000500000000000020000000000
090156880002002001100324093800000000000003040000010000000249000000000000000000000000000000000000000700000000000040000000000
11015688000300200110032409380000070000020000000402000000040200000000000000000000000000040200000000000000
120156880004002001100324093800000000000000000000000000000000000000000000000402000000000000000000000000000000
07015689000000200110032409390000000000000000100000000000000000
090156890001002001100324093900000000000003200000010000002299000000000000000000000000000000000000000000000000000050000000000
11015689000200200110032409390000070000010000002299000000229900000000000000000000000000229900000000000000
120156890003002001100324093903030000000000000000000000000000000000000000002299000000000000000000000000000000
07015690000000200110032409410000000000000000100000000000000000
090156900001002001100324094100000000000002080007600000000455000000000000000000000000000000100000000500000000000010000000000
11015690000200200110032409410000070000010000000455000000045500000000000000000000000000045500000000000000
120156900003002001100324094102010000000000000000000000000000000000310000000455000000000000000000000000000000
100156900004002001100324094101000000000000003100000004550000000000000287000007
07015691000000200110032409420000000000000000100000000000000000
090156910001002001100324094200000000000005240000010000000699I 0100000000000000000000000000000000003000000000000080000000000
11015691000200200110032409420000070000010000000699000000069900000000000000000000000000069900000000000000
120156910003002001100324094203030000000000000000000000000000000000000000000699000000000000000000000000000000
07015692000000200110032409440000000000000000100000000000000000
090156920001002001100324094400000000000002200000010000000499000000000000000000000000000000000000000990000000000010000000000
11015692000200200110032409440000070000010000000499000000049900000000000000000000000000200000000015010000
120156920003002001100324094400000000000000000000000000000000000000000000000499000000000000000000000000000000
07015693000000200110032409450000000000000000100000000000000000
090156930001002001100324094500000000000003040000010000000249000000000000000000000000000000000000000700000000000040000000000
090156930002002001100324094500000000000003030000010000000249000000000000000000000000000000000000000830000000000040000000000
11015693000300200110032409450000070000020000000498000000049800000000000000000000000000049800000000000000
120156930004002001100324094503020000000000000000000000000000000000000000000498000000000000000000000000000000
07015694000000200110032409450000000000000000100000000000000000
090156940001002001100324094500000000000003040000010000000249000000000000000000000000000000000000000700000000000040000000000
090156940002002001100324094500000000000003040000010000000249000000000000000000000000000000000000000700000000000040000000000
11015694000300200110032409450000070000020000000498000000049800000000000000000000000000049800000000000000
120156940004002001100324094503020000000000000000000000000000000000000000000498000000000000000000000000000000
07015695000000200110032409460000000000000000100000000000000000
090156950001002001100324094600000000000003190000010000000500000000000000000000000000000000000000002000000000000050000000000
090156950002002001100324094600000000000001130016240000000810000000000000000000000000000000100000001500000000000020000000000
090156950003002001100324094600000000000002070007540000000753000000000000000000000000000000100000001990000000000010000000000
11015695000400200110032409460000070000030000002063000000206300000000000000000000000000220000000001370000
120156950005002001100324094600000000000000000000000000000000000000000000002063000000000000000000000000000000
07015696000000200110032409480000000000000000100000000000000000
090156960001002001100324094800000000000003040000010000000249000000000000000000000000000000000000000700000000000040000000000
090156960002002001100324094800000000000002270002820000000479000000000000000000000000000000100000003990000000000010000000000
090156960003002001100324094800000000000001070001700000000425000000000000000000000000000000100000005000000000000020000000000
090156960004002001100324094800000000000001080005460000000655000000000000000000000000000000100000001000000000000020000000000
090156960005002001100324094800000000000001090001000000000100000000000000000000000000000000100000001500000000000020000000000
11015696000600200110032409480000070000050000001908000000190800000000000000000000000000200000000000920000
120156960007002001100324094800000000000000000000000000000000000000000000001908000000000000000000000000000000
07015697000000200110032409500000000000000000100000000000000000
090156970001002001100324095000000000000002040003000000000150000000000000000000000000000000100000000500000000000010000000000
090156970002002001100324095000000000000001090001560000000156000000000000000000000000000000100000001500000000000020000000000
11015697000300200110032409500000070000020000000306000000030600000000000000000000000000030600000000000000
120156970004002001100324095000000000000000000000000000000000000000000000000306000000000000000000000000000000
07015698000000200110032409510000000000000000100000000000000000
090156980001002001100324095100000000000001090004000000000400000000000000000000000000000000100000001500000000000020000000000
090156980002002001100324095100000000000002220000010000000799000000000000000000000000000000000000001500000000000010000000000
090156980003002001100324095100000000000002290000010000000999000000000000000000000000000000000000002500000000000010000000000
11015698000400200110032409510000070000030000002198000000219800000000000000000000000000220000000000020000
120156980005002001100324095100000000000000000000000000000000000000000000002198000000000000000000000000000000
07015699000000200110032409550000000000000000100000000000000000
090156990001002001100324095500000000000002220000010000000799000000000000000000000000000000000000001500000000000010000000000
090156990002002001100324095500000000000002220000010000000799000000000000000000000000000000000000001500000000000010000000000
090156990003002001100324095500000000000002070014720000001471000000000000000000000000000000100000001990000000000010000000000
090156990004002001100324095500000000000011000010000000000499000000000000000000000000000000100000000990000000000020000000000
090156990005002001100324095500000000000001250005620000000168I 0000000000000000000000000000100000000530000000000020000000000
090156990006002001100324095500000000000002010012500000000999000000000000000000000000000000100000000990000000000010000000000
090156990007002001100324095500000000000001050005180000000310000000000000000000000000000000100000000500000000000020000000000
090156990008002001100324095500000000000001120009400000000939000000000000000000000000000000100000001000000000000020000000000
090156990009002001100324095500000000000002090009020000001172000000000000000000000000000000100000004720000000000010000000000
090156990010002001100324095500000000000003040000010000000249000000000000000000000000000000000000000700000000000040000000000
11015699001100200110032409550000070000100000007405000000740500000000000000000000000001000000000025950000
120156990012002001100324095500000000000000000000000000000000000000000000007405000000000000000000000000000000
07015700000000200110032409560000000000000000100000000000000000
090157000001002001100324095600000000000001010010700000000641000000000000000000000000000000100000000500000000000020000000000
090157000002002001100324095600000000000001060007660000000382000000000000000000000000000000100000001500000000000020000000000
11015700000300200110032409560000070000020000001023000000102300000000000000000000000000102300000000000000
120157000004002001100324095603030000000000000000000000000000000000000000001023000000000000000000000000000000
07015701000000200110032409560000000000000000100000000000000000
090157010001002001100324095600000000000001090001220000000122000000000000000000000000000000100000001500000000000020000000000
090157010002002001100324095600000000000001080001900000000228000000000000000000000000000000100000001000000000000020000000000
090157010003002001100324095600000000000001070001080000000270000000000000000000000000000000100000005000000000000020000000000
11015701000400200110032409560000070000030000000620000000062000000000000000000000000000200000000013800000
120157010005002001100324095600000000000000000000000000000000000000000000000620000000000000000000000000000000
07015702000000200110032409580000000000000000100000000000000000
090157020001002001100324095800000000000002220000010000000799000000000000000000000000000000000000001500000000000010000000000
090157020002002001100324095800000000000002130012340000000492000000000000000000000000000000100000001400000000000010000000000
090157020003002001100324095800000000000003030000010000000249000000000000000000000000000000000000000830000000000040000000000
090157020004002001100324095800000000000002110005700000000284000000000000000000000000000000100000000990000000000010000000000
090157020005002001100324095800000000000001090002060000000206000000000000000000000000000000100000001500000000000020000000000
090157020006002001100324095800000000000002140006640000000398000000000000000000000000000000100000001990000000000010000000000
090157020007002001100324095800000000000002070011440000001143000000000000000000000000000000100000001990000000000010000000000
11015702000800200110032409580000070000070000003571000000357100000000000000000000000000357100000000000000
120157020009002001100324095803020000000000000000000000000000000000000000003571000000000000000000000000000000
07015703000000200110032409590000000000000000100000000000000000
090157030001002001100324095900000000000001050005240000000314000000000000000000000000000000100000000500000000000020000000000
11015703000200200110032409590000070000010000000314000000031400000000000000000000000000040000000000860000
120157030003002001100324095900000000000000000000000000000000000000000000000314000000000000000000000000000000
07015704000000200110032410000000000000000000100000000000000000
090157040001002001100324100000000000000001240001980000000119000000000000000000000000000000100000001670000000000020000000000
090157040002002001100324100000000000000004020000010000000100I 0300000000000000000000000000000000000230000000000030000000000
090157040003002001100324100000000000000004020000010000000100I 0300000000000000000000000000000000000230000000000030000000000
11015704000400200110032410000000070000030000000319000000031900000000000000000000000000200000000016810000
120157040005002001100324100000000000000000000000000000000000000000000000000319000000000000000000000000000000
07015705000000200110032410010000000000000000100000000000000000
090157050001002001100324100100000000000002110005220000000260000000000000000000000000000000100000000990000000000010000000000
11015705000200200110032410010000070000010000000260000000026000000000000000000000000000026000000000000000
120157050003002001100324100100000000000000000000000000000000000000000000000260000000000000000000000000000000
100157050004002001100324100251000000000000000500000180710000000000000488000007
130157050000002001100324100200000000000004880000000000000005000000000001807100000000000000018071
07015706000000200110032410030000000000000000100000000000000000
090157060001002001100324100300000000000001080000840000000101000000000000000000000000000000100000001000000000000020000000000
090157060002002001100324100300000000000001050001000000000060000000000000000000000000000000100000000500000000000020000000000
090157060003002001100324100300000000000002040000860000000043000000000000000000000000000000100000000500000000000010000000000
090157060004002001100324100300000000000003250000010000000199000000000000000000000000000000000000000790000000000040000000000
11015706000500200110032410030000070000040000000403000000040300000000000000000000000000040300000000000000
120157060006002001100324100302010000000000000000000000000000000000050000000403000000000000000000000000000000
100157060007002001100324100301000000000000000500000004030000000000000489000007
07015707000000200110032410030000000000000000100000000000000000
090157070001002001100324100300000000000001010005460000000327000000000000000000000000000000100000000500000000000020000000000
11015707000200200110032410030000070000010000000327000000032700000000000000000000000000032700000000000000
120157070003002001100324100300000000000000000000000000000000000000000000000327000000000000000000000000000000
07015708000000200110032410040000000000000000100000000000000000
090157080001002001100324100400000000000003040000010000000249000000000000000000000000000000000000000700000000000040000000000
11015708000200200110032410040000070000010000000249000000024900000000000000000000000000024900000000000000
120157080003002001100324100402010000000000000000000000000000000000220000000249000000000000000000000000000000
100157080004002001100324100401000000000000002200000002490000000000001829000007
07015709000000200110032410070000000000000000100000000000000000
090157090001002001100324100700000000000001010009660000000579000000000000000000000000000000100000000500000000000020000000000
090157090002002001100324100700000000000001080002080000000249000000000000000000000000000000100000001000000000000020000000000
090157090003002001100324100700000000000001050004160000000249000000000000000000000000000000100000000500000000000020000000000
090157090004002001100324100700000000000001070001060000000265000000000000000000000000000000100000005000000000000020000000000
11015709000500200110032410070000070000040000001342000000134200000000000000000000000000200000000006580000
120157090006002001100324100700000000000000000000000000000000000000000000001342000000000000000000000000000000
07015710000000200110032410080000000000000000100000000000000000
090157100001002001100324100800000000000002040006060000000302000000000000000000000000000000100000000500000000000010000000000
090157100002002001100324100800000000000001010013400000000803000000000000000000000000000000100000000500000000000020000000000
090157100003002001100324100800000000000001060004640000000232000000000000000000000000000000100000001500000000000020000000000
11015710000400200110032410080000070000030000001337000000133700000000000000000000000000150000000001630000
120157100005002001100324100800000000000000000000000000000000000000000000001337000000000000000000000000000000
07015711000000200110032410090000000000000000100000000000000000
090157110001002001100324100900000000000002210003580000000214000000000000000000000000000000100000003990000000000010000000000
090157110002002001100324100900000000000002010007540000000602000000000000000000000000000000100000000990000000000010000000000
090157110003002001100324100900000000000002280006780000000304000000000000000000000000000000100000001000000000000010000000000
090157110004002001100324100900000000000003030000010000000249000000000000000000000000000000000000000830000000000040000000000
11015711000500200110032410090000070000040000001369000000136900000000000000000000000000500000000036310000
120157110006002001100324100900000000000000000000000000000000000000000000001369000000000000000000000000000000
07015712000000200110032410100000000000000000100000000000000000
090157120001002001100324101000000000000003010000010000000999000000000000000000000000000000000000006000000000000050000000000
090157120002002001100324101000000000000002110003520000000176000000000000000000000000000000100000000990000000000010000000000
11015712000300200110032410100000070000020000001175000000117500000000000000000000000000120000000000250000
120157120004002001100324101000000000000000000000000000000000000000000000001175000000000000000000000000000000
07015713000000200110032410110000000000000000100000000000000000
090157130001002001100324101100000000000001090000480000000048000000000000000000000000000000100000001500000000000020000000000
090157130002002001100324101100000000000001080000900000000108000000000000000000000000000000100000001000000000000020000000000
11015713000300200110032410110000070000020000000156000000015600000000000000000000000000020000000000440000
120157130004002001100324101100000000000000000000000000000000000000000000000156000000000000000000000000000000
07015714000000200110032410120000000000000000100000000000000000
090157140001002001100324101200000000000001020015220000000683000000000000000000000000000000100000001200000000000020000000000
090157140002002001100324101200000000000004020000010000000100I 0300000000000000000000000000000000000230000000000030000000000
090157140003002001100324101200000000000004020000010000000100I 0300000000000000000000000000000000000230000000000030000000000
11015714000400200110032410120000070000030000000883000000088300000000000000000000000000200000000011170000
120157140005002001100324101200000000000000000000000000000000000000000000000883000000000000000000000000000000
07015715000000200110032410150000000000000000100000000000000000
090157150001002001100324101500000000000001050004520000000271000000000000000000000000000000100000000500000000000020000000000
090157150002002001100324101500000000000005020000010000000100I 0000000000000000000000000000000000000100000000000060000000000
090157150003002001100324101500000000000001090001960000000196000000000000000000000000000000100000001500000000000020000000000
090157150004002001100324101500000000000001150003160000000284000000000000000000000000000000100000001000000000000020000000000
11015715000500200110032410150000070000040000000851000000085100000000000000000000000000090000000000490000
120157150006002001100324101500000000000000000000000000000000000000000000000851000000000000000000000000000000
07015716000000200110032410160000000000000000100000000000000000
090157160001002001100324101600000000000011000006480000000323000000000000000000000000000000100000000990000000000020000000000
11015716000200200110032410160000070000010000000323000000032300000000000000000000000000100000000006770000
120157160003002001100324101600000000000000000000000000000000000000000000000323000000000000000000000000000000
07015717000000200110032410160000000000000000100000000000000000
090157170001002001100324101600000000000003030000010000000249000000000000000000000000000000000000000830000000000040000000000
090157170002002001100324101600000000000003030000010000000249000000000000000000000000000000000000000830000000000040000000000
11015717000300200110032410160000070000020000000498000000049800000000000000000000000000200000000015020000
120157170004002001100324101600000000000000000000000000000000000000000000000498000000000000000000000000000000
07015718000000200110032410220000000000000000100000000000000000
090157180001002001100324102200000000000003030000010000000249000000000000000000000000000000000000000830000000000040000000000
090157180002002001100324102200000000000003030000010000000249000000000000000000000000000000000000000830000000000040000000000
090157180003002001100324102200000000000003030000010000000249000000000000000000000000000000000000000830000000000040000000000
11015718000400200110032410220000070000030000000747000000074700000000000000000000000000074700000000000000
120157180005002001100324102203020000000000000000000000000000000000000000000747000000000000000000000000000000
07015719000000200110032410290000000000000000100000000000000000
090157190001002001100324102900000000000003250000010000000199000000000000000000000000000000000000000790000000000040000000000
090157190002002001100324102900000000000003250000010000000199000000000000000000000000000000000000000790000000000040000000000
11015719000300200110032410290000070000020000000398000000039800000000000000000000000000039800000000000000
120157190004002001100324102900000000000000000000000000000000000000000000000398000000000000000000000000000000
07015720000000200110032410310000000000000000100000000000000000
090157200001002001100324103100000000000003250000010000000199000000000000000000000000000000000000000790000000000040000000000
11015720000200200110032410310000070000010000000199000000019900000000000000000000000000019900000000000000
120157200003002001100324103100000000000000000000000000000000000000000000000199000000000000000000000000000000
07015721000000200110032410330000000000000000100000000000000000
090157210001002001100324103300000000000001070002120000000530000000000000000000000000000000100000005000000000000020000000000
090157210002002001100324103300000000000001010009900000000593000000000000000000000000000000100000000500000000000020000000000
090157210003002001100324103300000000000001180001760000000105000000000000000000000000000000100000001000000000000020000000000
090157210004002001100324103300000000000004020000010000000100I 0300000000000000000000000000000000000230000000000030000000000
090157210005002001100324103300000000000004020000010000000100I 0300000000000000000000000000000000000230000000000030000000000
11015721000600200110032410330000070000050000001428000000142800000000000000000000000000142800000000000000
120157210007002001100324103302010000000000000000000000000000000000200000001428000000000000000000000000000000
100157210008002001100324103301000000000000002000000014280000000000000077000007
07015722000000200110032410370000000000000000100000000000000000
090157220001002001100324103700000000000003020000010000000150000000000000000000000000000000000000000500000000000030000000000
090157220002002001100324103700000000000001070001640000000410000000000000000000000000000000100000005000000000000020000000000
11015722000300200110032410370000070000020000000560000000056000000000000000000000000000100000000004400000
120157220004002001100324103700000000000000000000000000000000000000000000000560000000000000000000000000000000
07015723000000200110032410390000000000000000100000000000000000
090157230001002001100324103900000000000005020000010000000100I 0000000000000000000000000000000000000100000000000060000000000
090157230002002001100324103900000000000005020000010000000100I 0000000000000000000000000000000000000100000000000060000000000
090157230003002001100324103900000000000005020000010000000100I 0000000000000000000000000000000000000100000000000060000000000
090157230004002001100324103900000000000005020000010000000100I 0000000000000000000000000000000000000100000000000060000000000
090157230005002001100324103900000000000001050001360000000081000000000000000000000000000000100000000500000000000020000000000
11015723000600200110032410390000070000050000000481000000048100000000000000000000000000048100000000000000
120157230007002001100324103900000000000000000000000000000000000000000000000481000000000000000000000000000000
07015724000000200110032410410000000000000000100000000000000000
090157240001002001100324104100000000000001010006340000000380000000000000000000000000000000100000000500000000000020000000000
090157240002002001100324104100000000000001080001860000000223000000000000000000000000000000100000001000000000000020000000000
090157240003002001100324104100000000000001090000500000000050000000000000000000000000000000100000001500000000000020000000000
11015724000400200110032410410000070000030000000653000000065300000000000000000000000000065300000000000000
120157240005002001100324104103040000000000000000000000000000000000000000000653000000000000000000000000000000
07015725000000200110032410420000000000000000100000000000000000
090157250001002001100324104200000000000001150002320000000209000000000000000000000000000000100000001000000000000020000000000
090157250002002001100324104200000000000001360000010000000599000000000000000000000000000000000000001000000000000010000000000
090157250003002001100324104200000000000001360000010000000599000000000000000000000000000000000000001000000000000010000000000
11015725000400200110032410420000070000030000001407000000140700000000000000000000000000140700000000000000
120157250005002001100324104203060000000000000000000000000000000000000000001407000000000000000000000000000000
07015726000000200110032410440000000000000000100000000000000000
090157260001002001100324104400000000000001040001940000000194000000000000000000000000000000100000002000000000000020000000000
090157260002002001100324104400000000000002250003020000000271000000000000000000000000000000100000002670000000000010000000000
090157260003002001100324104400000000000003250000010000000199000000000000000000000000000000000000000790000000000040000000000
090157260004002001100324104400000000000002180000010000000999000000000000000000000000000000000000002990000000000010000000000
090157260005002001100324104400000000000002130011880000000474000000000000000000000000000000100000001400000000000010000000000
11015726000600200110032410440000070000050000002137000000213700000000000000000000000000213700000000000000
120157260007002001100324104403020000000000000000000000000000000000000000002137000000000000000000000000000000
14015727000000200110032410440000010000000000
07015728000000200110032410450000000000000000100000000000000000
090157280001002001100324104500000000000001060002900000000145000000000000000000000000000000100000001500000000000020000000000
090157280002002001100324104500000000000001010002800000000168000000000000000000000000000000100000000500000000000020000000000
090157280003002001100324104500000000000001050002600000000156000000000000000000000000000000100000000500000000000020000000000
090157280004002001100324104500000000000003250000010000000199000000000000000000000000000000000000000790000000000040000000000
11015728000500200110032410450000070000040000000668000000066800000000000000000000000000066800000000000000
120157280006002001100324104503010000000000000000000000000000000000000000000668000000000000000000000000000000
07015729000000200110032410460000000000000000100000000000000000
090157290001002001100324104600000000000001020003140000000141000000000000000000000000000000100000001200000000000020000000000
11015729000200200110032410460000070000010000000141000000014100000000000000000000000000014100000000000000
120157290003002001100324104600000000000000000000000000000000000000000000000141000000000000000000000000000000
07015730000000200110032410470000000000000000100000000000000000
090157300001002001100324104700000000000003030000010000000249000000000000000000000000000000000000000830000000000040000000000
11015730000200200110032410470000070000010000000249000000024900000000000000000000000000024900000000000000
120157300003002001100324104700000000000000000000000000000000000000000000000249000000000000000000000000000000
07015731000000200110032410520000000000000000100000000000000000
090157310001002001100324105200000000000001080003820000000458000000000000000000000000000000100000001000000000000020000000000
090157310002002001100324105200000000000003250000010000000199000000000000000000000000000000000000000790000000000040000000000
090157310003002001100324105200000000000001010009540000000571000000000000000000000000000000100000000500000000000020000000000
11015731000400200110032410520000070000030000001228000000122800000000000000000000000000140000000001720000
120157310005002001100324105200000000000000000000000000000000000000000000001228000000000000000000000000000000
07015732000000200110032410530000000000000000100000000000000000
090157320001002001100324105300000000000001080003560000000427000000000000000000000000000000100000001000000000000020000000000
090157320002002001100324105300000000000001070001120000000280000000000000000000000000000000100000005000000000000020000000000
11015732000300200110032410530000070000020000000707000000070700000000000000000000000000070700000000000000
120157320004002001100324105303020000000000000000000000000000000000000000000707000000000000000000000000000000
07015733000000200110032410540000000000000000100000000000000000
090157330001002001100324105400000000000020700005500000000164000000000000000000000000000000100000000500000000000010000000000
090157330002002001100324105400000000000001220003540000000212000000000000000000000000000000100000001500000000000020000000000
11015733000300200110032410540000070000020000000376000000037600000000000000000000000000100000000006240000
120157330004002001100324105400000000000000000000000000000000000000000000000376000000000000000000000000000000
07015734000000200110032410550000000000000000100000000000000000
090157340001002001100324105500000000000002080016220000000972000000000000000000000000000000100000000500000000000010000000000
090157340002002001100324105500000000000002140008200000000491000000000000000000000000000000100000001990000000000010000000000
11015734000300200110032410550000070000020000001463000000146300000000000000000000000000200000000005370000
120157340004002001100324105500000000000000000000000000000000000000000000001463000000000000000000000000000000
07015735000000200110032411000000000000000000100000000000000000
090157350001002001100324110000000000000005080000010000002399I 0100000000000000000000000000000000019000000000000070000000000
11015735000200200110032411000000070000010000002399000000239900000000000000000000000000500000000026010000
120157350003002001100324110000000000000000000000000000000000000000000000002399000000000000000000000000000000
07015736000000200110032411040000000000000000100000000000000000
090157360001002001100324110400000000000003250000010000000199000000000000000000000000000000000000000790000000000040000000000
090157360002002001100324110400000000000003250000010000000199000000000000000000000000000000000000000790000000000040000000000
11015736000300200110032411040000070000020000000398000000039800000000000000000000000000039800000000000000
120157360004002001100324110400000000000000000000000000000000000000000000000398000000000000000000000000000000
07015737000000200110032411050000000000000000100000000000000000
090157370001002001100324110500000000000003040000010000000249000000000000000000000000000000000000000700000000000040000000000
11015737000200200110032411050000070000010000000249000000024900000000000000000000000000024900000000000000
120157370003002001100324110500000000000000000000000000000000000000000000000249000000000000000000000000000000
07015738000000200110032411060000000000000000100000000000000000
090157380001002001100324110600000000000003250000010000000199000000000000000000000000000000000000000790000000000040000000000
090157380002002001100324110600000000000003250000010000000199000000000000000000000000000000000000000790000000000040000000000
090157380003002001100324110600000000000004020000010000000100I 0300000000000000000000000000000000000230000000000030000000000
090157380004002001100324110600000000000004020000010000000100I 0300000000000000000000000000000000000230000000000030000000000
090157380005002001100324110600000000000004020000010000000100I 0300000000000000000000000000000000000230000000000030000000000
090157380006002001100324110600000000000004020000010000000100I 0300000000000000000000000000000000000230000000000030000000000
090157380007002001100324110600000000000004020000010000000100I 0300000000000000000000000000000000000230000000000030000000000
11015738000800200110032411060000070000070000000898000000089800000000000000000000000000100000000001020000
120157380009002001100324110600000000000000000000000000000000000000000000000898000000000000000000000000000000
07015739000000200110032411100000000000000000100000000000000000
090157390001002001100324111000000000000001050007780000000466000000000000000000000000000000100000000500000000000020000000000
090157390002002001100324111000000000000001090001900000000190000000000000000000000000000000100000001500000000000020000000000
11015739000300200110032411100000070000020000000656000000065600000000000000000000000000500000000043440000
120157390004002001100324111000000000000000000000000000000000000000000000000656000000000000000000000000000000
07015740000000200110032411110000000000000000100000000000000000
090157400001002001100324111100000000000003250000010000000199000000000000000000000000000000000000000790000000000040000000000
090157400002002001100324111100000000000003030000010000000249000000000000000000000000000000000000000830000000000040000000000
090157400003002001100324111100000000000002130012140000000484000000000000000000000000000000100000001400000000000010000000000
11015740000400200110032411110000070000030000000932000000093200000000000000000000000000200000000010680000
120157400005002001100324111100000000000000000000000000000000000000000000000932000000000000000000000000000000
07015741000000200110032411130000000000000000100000000000000000
090157410001002001100324111300000000000001010003280000000196000000000000000000000000000000100000000500000000000020000000000
090157410002002001100324111300000000000001250002580000000077I 0000000000000000000000000000100000000530000000000020000000000
090157410003002001100324111300000000000001060001440000000072000000000000000000000000000000100000001500000000000020000000000
11015741000400200110032411130000070000030000000345000000034500000000000000000000000000100000000006550000
120157410005002001100324111300000000000000000000000000000000000000000000000345000000000000000000000000000000
07015742000000200110032411140000000000000000100000000000000000
090157420001002001100324111400000000000003250000010000000199000000000000000000000000000000000000000790000000000040000000000
090157420002002001100324111400000000000001080003980000000477000000000000000000000000000000100000001000000000000020000000000
090157420003002001100324111400000000000001070001080000000270000000000000000000000000000000100000005000000000000020000000000
090157420004002001100324111400000000000002040002800000000140000000000000000000000000000000100000000500000000000010000000000
11015742000500200110032411140000070000040000001086000000108600000000000000000000000000108600000000000000
120157420006002001100324111403030000000000000000000000000000000000000000001086000000000000000000000000000000
07015743000000200110032411160000000000000000100000000000000000
090157430001002001100324111600000000000002140010220000000612000000000000000000000000000000100000001990000000000010000000000
090157430002002001100324111600000000000002080007600000000455000000000000000000000000000000100000000500000000000010000000000
090157430003002001100324111600000000000002280009060000000407000000000000000000000000000000100000001000000000000010000000000
11015743000400200110032411160000070000030000001474000000147400000000000000000000000000147400000000000000
120157430005002001100324111603030000000000000000000000000000000000000000001474000000000000000000000000000000
07015744000000200110032411170000000000000000100000000000000000
090157440001002001100324111700000000000002070002840000000284000000000000000000000000000000100000001990000000000010000000000
090157440002002001100324111700000000000001070000600000000150000000000000000000000000000000100000005000000000000020000000000
11015744000300200110032411170000070000020000000434000000043400000000000000000000000000043400000000000000
120157440004002001100324111703060000000000000000000000000000000000000000000434000000000000000000000000000000
07015745000000200110032411190000000000000000100000000000000000
090157450001002001100324111900000000000002040006220000000310000000000000000000000000000000100000000500000000000010000000000
090157450002002001100324111900000000000001090001460000000146000000000000000000000000000000100000001500000000000020000000000
11015745000300200110032411190000070000020000000456000000045600000000000000000000000000050000000000440000
120157450004002001100324111900000000000000000000000000000000000000000000000456000000000000000000000000000000
07015746000000200110032411210000000000000000100000000000000000
090157460001002001100324112100000000000003250000010000000199000000000000000000000000000000000000000790000000000040000000000
090157460002002001100324112100000000000001040008680000000867000000000000000000000000000000100000002000000000000020000000000
090157460003002001100324112100000000000001090002020000000202000000000000000000000000000000100000001500000000000020000000000
090157460004002001100324112100000000000001080008940000001072000000000000000000000000000000100000001000000000000020000000000
11015746000500200110032411210000070000040000002340000000234000000000000000000000000000234000000000000000
120157460006002001100324112103100000000000000000000000000000000000000000002340000000000000000000000000000000
07015747000000200110032411240000000000000000100000000000000000
090157470001002001100324112400000000000001120004000000000400000000000000000000000000000000100000001000000000000020000000000
090157470002002001100324112400000000000002040005680000000283000000000000000000000000000000100000000500000000000010000000000
090157470003002001100324112400000000000002200000010000000499000000000000000000000000000000000000000990000000000010000000000
11015747000400200110032411240000070000030000001182000000118200000000000000000000000001000000000088180000
120157470005002001100324112400000000000000000000000000000000000000000000001182000000000000000000000000000000
07015748000000200110032411250000000000000000100000000000000000
090157480001002001100324112500000000000001010007380000000442000000000000000000000000000000100000000500000000000020000000000
11015748000200200110032411250000070000010000000442000000044200000000000000000000000000100000000005580000
120157480003002001100324112500000000000000000000000000000000000000000000000442000000000000000000000000000000
07015749000000200110032411260000000000000000100000000000000000
090157490001002001100324112600000000000001050005780000000346000000000000000000000000000000100000000500000000000020000000000
090157490002002001100324112600000000000001070002220000000555000000000000000000000000000000100000005000000000000020000000000
090157490003002001100324112600000000000002070004720000000472000000000000000000000000000000100000001990000000000010000000000
11015749000400200110032411260000070000030000001373000000137300000000000000000000000000137300000000000000
120157490005002001100324112603050000000000000000000000000000000000000000001373000000000000000000000000000000
07015750000000200110032411330000000000000000100000000000000000
090157500001002001100324113300000000000001040001600000000160000000000000000000000000000000100000002000000000000020000000000
090157500002002001100324113300000000000001070001680000000420000000000000000000000000000000100000005000000000000020000000000
090157500003002001100324113300000000000001060002080000000104000000000000000000000000000000100000001500000000000020000000000
090157500004002001100324113300000000000001090001140000000114000000000000000000000000000000100000001500000000000020000000000
090157500005002001100324113300000000000001010008120000000486000000000000000000000000000000100000000500000000000020000000000
11015750000600200110032411330000070000050000001284000000128400000000000000000000000000200000000007160000
120157500007002001100324113300000000000000000000000000000000000000000000001284000000000000000000000000000000
07015751000000200110032411370000000000000000100000000000000000
090157510001002001100324113700000000000003250000010000000199000000000000000000000000000000000000000790000000000040000000000
11015751000200200110032411370000070000010000000199000000019900000000000000000000000000019900000000000000
120157510003002001100324113700000000000000000000000000000000000000000000000199000000000000000000000000000000
07015752000000200110032411390000000000000000100000000000000000
090157520001002001100324113900000000000001020006060000000272000000000000000000000000000000100000001200000000000020000000000
11015752000200200110032411390000070000010000000272000000027200000000000000000000000000030000000000280000
120157520003002001100324113900000000000000000000000000000000000000000000000272000000000000000000000000000000
07015753000000200110032411400000000000000000100000000000000000
090157530001002001100324114000000000000003200000010000002299000000000000000000000000000000000000000000000000000050000000000
11015753000200200110032411400000070000010000002299000000229900000000000000000000000000250000000002010000
120157530003002001100324114000000000000000000000000000000000000000000000002299000000000000000000000000000000
07015754000000200110032411440000000000000000100000000000000000
090157540001002001100324114400000000000001070001520000000380000000000000000000000000000000100000005000000000000020000000000
090157540002002001100324114400000000000002080011260000000674000000000000000000000000000000100000000500000000000010000000000
090157540003002001100324114400000000000004020000010000000100I 0300000000000000000000000000000000000230000000000030000000000
090157540004002001100324114400000000000004020000010000000100I 0300000000000000000000000000000000000230000000000030000000000
090157540005002001100324114400000000000004010000010000000100I 0300000000000000000000000000000000000000000000000030000000000
090157540006002001100324114400000000000004010000010000000100I 0300000000000000000000000000000000000000000000000030000000000
11015754000700200110032411440000070000060000001454000000145400000000000000000000000000145400000000000000
120157540008002001100324114403060000000000000000000000000000000000000000001454000000000000000000000000000000
07015755000000200110032411440000000000000000100000000000000000
090157550001002001100324114400000000000001220005980000000358000000000000000000000000000000100000001500000000000020000000000
090157550002002001100324114400000000000002220000010000000799000000000000000000000000000000000000001500000000000010000000000
11015755000300200110032411440000070000020000001157000000115700000000000000000000000001000000000088430000
120157550004002001100324114400000000000000000000000000000000000000000000001157000000000000000000000000000000
07015756000000200110032411460000000000000000100000000000000000
090157560001002001100324114600000000000001080002080000000249000000000000000000000000000000100000001000000000000020000000000
090157560002002001100324114600000000000001010006220000000373000000000000000000000000000000100000000500000000000020000000000
11015756000300200110032411460000070000020000000622000000062200000000000000000000000000200000000013780000
120157560004002001100324114600000000000000000000000000000000000000000000000622000000000000000000000000000000
07015757000000200110032411470000000000000000100000000000000000
090157570001002001100324114700000000000004020000010000000100I 0300000000000000000000000000000000000230000000000030000000000
090157570002002001100324114700000000000004020000010000000100I 0300000000000000000000000000000000000230000000000030000000000
090157570003002001100324114700000000000004020000010000000100I 0300000000000000000000000000000000000230000000000030000000000
090157570004002001100324114700000000000004010000010000000100I 0300000000000000000000000000000000000000000000000030000000000
11015757000500200110032411470000070000040000000400000000040000000000000000000000000000040000000000000000
120157570006002001100324114700000000000000000000000000000000000000000000000400000000000000000000000000000000
07015758000000200110032411490000000000000000100000000000000000
090157580001002001100324114900000000000001090001640000000164000000000000000000000000000000100000001500000000000020000000000
090157580002002001100324114900000000000001080004140000000496000000000000000000000000000000100000001000000000000020000000000
090157580003002001100324114900000000000003200000010000002299000000000000000000000000000000000000000000000000000050000000000
090157580004002001100324114900000000000002040008880000000443000000000000000000000000000000100000000500000000000010000000000
11015758000500200110032411490000070000040000003402000000340200000000000000000000000000350000000000980000
120157580006002001100324114900000000000000000000000000000000000000000000003402000000000000000000000000000000
07015759000000200110032411500000000000000000100000000000000000
090157590001002001100324115000000000000002010003660000000292000000000000000000000000000000100000000990000000000010000000000
090157590002002001100324115000000000000002040002860000000143000000000000000000000000000000100000000500000000000010000000000
090157590003002001100324115000000000000001070001520000000380000000000000000000000000000000100000005000000000000020000000000
090157590004002001100324115000000000000001050002300000000138000000000000000000000000000000100000000500000000000020000000000
090157590005002001100324115000000000000002070006700000000669000000000000000000000000000000100000001990000000000010000000000
11015759000600200110032411500000070000050000001622000000162200000000000000000000000000200000000003780000
120157590007002001100324115000000000000000000000000000000000000000000000001622000000000000000000000000000000
07015760000000200110032411510000000000000000100000000000000000
090157600001002001100324115100000000000001080006360000000763000000000000000000000000000000100000001000000000000020000000000
11015760000200200110032411510000070000010000000763000000076300000000000000000000000000100000000002370000
120157600003002001100324115100000000000000000000000000000000000000000000000763000000000000000000000000000000
07015761000000200110032411540000000000000000100000000000000000
090157610001002001100324115400000000000003190000010000000500000000000000000000000000000000000000002000000000000050000000000
090157610002002001100324115400000000000002080007660000000459000000000000000000000000000000100000000500000000000010000000000
11015761000300200110032411540000070000020000000959000000095900000000000000000000000000200000000010410000
120157610004002001100324115400000000000000000000000000000000000000000000000959000000000000000000000000000000
07015762000000200110032411580000000000000000100000000000000000
090157620001002001100324115800000000000001050006320000000379000000000000000000000000000000100000000500000000000020000000000
090157620002002001100324115800000000000001020007240000000325000000000000000000000000000000100000001200000000000020000000000
090157620003002001100324115800000000000001070001740000000435000000000000000000000000000000100000005000000000000020000000000
090157620004002001100324115800000000000001090001020000000102000000000000000000000000000000100000001500000000000020000000000
090157620005002001100324115800000000000002110004980000000249000000000000000000000000000000100000000990000000000010000000000
11015762000600200110032411580000070000050000001490000000149000000000000000000000000000149000000000000000
120157620007002001100324115803020000000000000000000000000000000000000000001490000000000000000000000000000000
07015763000000200110032412040000000000000000100000000000000000
090157630001002001100324120400000000000004020000060000000600I 0300000000000000000000000000000000000230000000000030000000000
090157630002002001100324120400000000000001070002260000000565000000000000000000000000000000100000005000000000000020000000000
090157630003002001100324120400000000000001060002380000000119000000000000000000000000000000100000001500000000000020000000000
090157630004002001100324120400000000000001310000010000000499000000000000000000000000000000000000002500000000000020000000000
11015763000500200110032412040000070000040000001783000000178300000000000000000000000000178300000000000000
120157630006002001100324120403030000000000000000000000000000000000000000001783000000000000000000000000000000
07015764000000200110032412100000000000000000100000000000000000
090157640001002001100324121000000000000002070003360000000336000000000000000000000000000000100000001990000000000010000000000
090157640002002001100324121000000000000002040001760000000088000000000000000000000000000000100000000500000000000010000000000
090157640003002001100324121000000000000005020000010000000100I 0000000000000000000000000000000000000100000000000060000000000
090157640004002001100324121000000000000001160006200000000433000000000000000000000000000000100000000670000000000020000000000
090157640005002001100324121000000000000001080001560000000187000000000000000000000000000000100000001000000000000020000000000
11015764000600200110032412100000070000050000001144000000114400000000000000000000000000114400000000000000
120157640007002001100324121000000000000000000000000000000000000000000000001144000000000000000000000000000000
07015765000000200110032412100000000000000000100000000000000000
090157650001002001100324121000000000000001060003840000000192000000000000000000000000000000100000001500000000000020000000000
11015765000200200110032412100000070000010000000192000000019200000000000000000000000000020000000000080000
120157650003002001100324121000000000000000000000000000000000000000000000000192000000000000000000000000000000
07015766000000200110032412110000000000000000100000000000000000
090157660001002001100324121100000000000002010003420000000273000000000000000000000000000000100000000990000000000010000000000
090157660002002001100324121100000000000020700005520000000165000000000000000000000000000000100000000500000000000010000000000
090157660003002001100324121100000000000003190000010000000500000000000000000000000000000000000000002000000000000050000000000
090157660004002001100324121100000000000001080001460000000175000000000000000000000000000000100000001000000000000020000000000
11015766000500200110032412110000070000040000001113000000111300000000000000000000000000111300000000000000
120157660006002001100324121100000000000000000000000000000000000000000000001113000000000000000000000000000000
07015767000000200110032412120000000000000000100000000000000000
090157670001002001100324121200000000000001040001140000000114000000000000000000000000000000100000002000000000000020000000000
11015767000200200110032412120000070000010000000114000000011400000000000000000000000000020000000000860000
120157670003002001100324121200000000000000000000000000000000000000000000000114000000000000000000000000000000
07015768000000200110032412140000000000000000100000000000000000
090157680001002001100324121400000000000001080003540000000424000000000000000000000000000000100000001000000000000020000000000
090157680002002001100324121400000000000001040002040000000204000000000000000000000000000000100000002000000000000020000000000
11015768000300200110032412140000070000020000000628000000062800000000000000000000000000100000000003720000
120157680004002001100324121400000000000000000000000000000000000000000000000628000000000000000000000000000000
07015769000000200110032412150000000000000000100000000000000000
090157690001002001100324121500000000000002070012180000001217000000000000000000000000000000100000001990000000000010000000000
090157690002002001100324121500000000000002150000010000000299000000000000000000000000000000000000000500000000000010000000000
090157690003002001100324121500000000000002150000010000000299000000000000000000000000000000000000000500000000000010000000000
11015769000400200110032412150000070000030000001815000000181500000000000000000000000000500000000031850000
120157690005002001100324121500000000000000000000000000000000000000000000001815000000000000000000000000000000
07015770000000200110032412170000000000000000100000000000000000
090157700001002001100324121700000000000001050002080000000125000000000000000000000000000000100000000500000000000020000000000
090157700002002001100324121700000000000001080001780000000213000000000000000000000000000000100000001000000000000020000000000
090157700003002001100324121700000000000001180001520000000091000000000000000000000000000000100000001000000000000020000000000
090157700004002001100324121700000000000002260004080000000285000000000000000000000000000000100000002000000000000010000000000
090157700005002001100324121700000000000005020000010000000100I 0000000000000000000000000000000000000100000000000060000000000
11015770000600200110032412170000070000050000000814000000081400000000000000000000000000081400000000000000
120157700007002001100324121703030000000000000000000000000000000000000000000814000000000000000000000000000000
07015771000000200110032412170000000000000000100000000000000000
090157710001002001100324121700000000000005520000010000000200I 0100000000000000000000000000000000001000000000000090000000000
11015771000200200110032412170000070000010000000200000000020000000000000000000000000000020000000000000000
120157710003002001100324121700000000000000000000000000000000000000000000000200000000000000000000000000000000
07015772000000200110032412180000000000000000100000000000000000
090157720001002001100324121800000000000001010008280000000496000000000000000000000000000000100000000500000000000020000000000
090157720002002001100324121800000000000001060005160000000257000000000000000000000000000000100000001500000000000020000000000
090157720003002001100324121800000000000002090003380000000439000000000000000000000000000000100000004720000000000010000000000
090157720004002001100324121800000000000001070001680000000420000000000000000000000000000000100000005000000000000020000000000
11015772000500200110032412180000070000040000001612000000161200000000000000000000000000500000000033880000
120157720006002001100324121800000000000000000000000000000000000000000000001612000000000000000000000000000000
07015773000000200110032412200000000000000000100000000000000000
090157730001002001100324122000000000000001010005860000000351000000000000000000000000000000100000000500000000000020000000000
090157730002002001100324122000000000000002040003960000000198000000000000000000000000000000100000000500000000000010000000000
11015773000300200110032412200000070000020000000549000000054900000000000000000000000000070000000001510000
120157730004002001100324122000000000000000000000000000000000000000000000000549000000000000000000000000000000
060157730005002001100324122100000100000700000000000000000000000000000000000000000000
060157730006002001100324122100000100000200000000000000000000000000000000000000000000
07015774000000200110032412230000000000000000100000000000000000
090157740001002001100324122300000000000020700013280000000397000000000000000000000000000000100000000500000000000010000000000
090157740002002001100324122300000000000001040002240000000224000000000000000000000000000000100000002000000000000020000000000
090157740003002001100324122300000000000001090000980000000098000000000000000000000000000000100000001500000000000020000000000
090157740004002001100324122300000000000001080001640000000197000000000000000000000000000000100000001000000000000020000000000
090157740005002001100324122300000000000001070000560000000140000000000000000000000000000000100000005000000000000020000000000
11015774000600200110032412230000070000050000001056000000105600000000000000000000000000500000000039440000
120157740007002001100324122300000000000000000000000000000000000000000000001056000000000000000000000000000000
07015775000000200110032412230000000000000000100000000000000000
090157750001002001100324122300000000000020700008260000000247000000000000000000000000000000100000000500000000000010000000000
11015775000200200110032412230000070000010000000247000000024700000000000000000000000000200000000017530000
120157750003002001100324122300000000000000000000000000000000000000000000000247000000000000000000000000000000
100157750004002001100324122451000000000000003600000099890000000000000105000007
130157750000002001100324122400000000000001050000000000000036000000000000998900000000000000009989
14015776000000200110032412270000010000000000
14015777000000200110032412280000010000000000
07015778000000200110032412320000000000000000100000000000000000
090157780001002001100324123200000000000001090000900000000090000000000000000000000000000000100000001500000000000020000000000
11015778000200200110032412320000070000010000000090000000009000000000000000000000000000009000000000000000
120157780003002001100324123200000000000000000000000000000000000000000000000090000000000000000000000000000000
07015779000000200110032412320000000000000000100000000000000000
090157790001002001100324123200000000000003250000010000000199000000000000000000000000000000000000000790000000000040000000000
11015779000200200110032412320000070000010000000199000000019900000000000000000000000000100000000008010000
120157790003002001100324123200000000000000000000000000000000000000000000000199000000000000000000000000000000
07015780000000200110032412340000000000000000100000000000000000
090157800001002001100324123400000000000005110000010000001499I 0100000000000000000000000000000000012000000000000070000000000
11015780000200200110032412340000070000010000001499000000149900000000000000000000000000149900000000000000
120157800003002001100324123402010000000000000000000000000000000000360000001499000000000000000000000000000000
100157800004002001100324123401000000000000003600000014990000000000000106000007
07015781000000200110032412350000000000000000100000000000000000
090157810001002001100324123500000000000001010012720000000762000000000000000000000000000000100000000500000000000020000000000
11015781000200200110032412350000070000010000000762000000076200000000000000000000000000076200000000000000
120157810003002001100324123502010000000000000000000000000000000000360000000762000000000000000000000000000000
100157810004002001100324123501000000000000003600000007620000000000000107000007
07015782000000200110032412430000000000000000100000000000000000
090157820001002001100324124300000000000002070016600000001658000000000000000000000000000000100000001990000000000010000000000
11015782000200200110032412430000070000010000001658000000165800000000000000000000000000500000000033420000
120157820003002001100324124300000000000000000000000000000000000000000000001658000000000000000000000000000000
07015783000000200110032412440000000000000000100000000000000000
090157830001002001100324124400000000000001010009140000000547000000000000000000000000000000100000000500000000000020000000000
11015783000200200110032412440000070000010000000547000000054700000000000000000000000000054700000000000000
120157830003002001100324124403020000000000000000000000000000000000000000000547000000000000000000000000000000
07015784000000200110032412440000000000000000100000000000000000
090157840001002001100324124400000000000002010008720000000697000000000000000000000000000000100000000990000000000010000000000
11015784000200200110032412440000070000010000000697000000069700000000000000000000000000069700000000000000
120157840003002001100324124400000000000000000000000000000000000000000000000697000000000000000000000000000000
07015785000000200110032412470000000000000000100000000000000000
090157850001002001100324124700000000000001080003600000000432000000000000000000000000000000100000001000000000000020000000000
090157850002002001100324124700000000000003250000010000000199000000000000000000000000000000000000000790000000000040000000000
11015785000300200110032412470000070000020000000631000000063100000000000000000000000000500000000043690000
120157850004002001100324124700000000000000000000000000000000000000000000000631000000000000000000000000000000
07015786000000200110032412510000000000000000100000000000000000
090157860001002001100324125100000000000020700009740000000291000000000000000000000000000000100000000500000000000010000000000
090157860002002001100324125100000000000005290000010000000450I 0100000000000000000000000000000000001000000000000080000000000
090157860003002001100324125100000000000005290000010000000450I 0100000000000000000000000000000000001000000000000080000000000
090157860004002001100324125100000000000003010000010000000999000000000000000000000000000000000000006000000000000050000000000
11015786000500200110032412510000070000040000002190000000219000000000000000000000000000219000000000000000
120157860006002001100324125103050000000000000000000000000000000000000000002190000000000000000000000000000000
07015787000000200110032412520000000000000000100000000000000000
090157870001002001100324125200000000000002070001460000000146000000000000000000000000000000100000001990000000000010000000000
090157870002002001100324125200000000000001010010260000000615000000000000000000000000000000100000000500000000000020000000000
11015787000300200110032412520000070000020000000761000000076100000000000000000000000000076100000000000000
120157870004002001100324125203060000000000000000000000000000000000000000000761000000000000000000000000000000
07015788000000200110032412550000000000000000100000000000000000
090157880001002001100324125500000000000003250000010000000199000000000000000000000000000000000000000790000000000040000000000
11015788000200200110032412550000070000010000000199000000019900000000000000000000000000019900000000000000
120157880003002001100324125500000000000000000000000000000000000000000000000199000000000000000000000000000000
07015789000000200110032412570000000000000000100000000000000000
090157890001002001100324125700000000000002040006100000000304000000000000000000000000000000100000000500000000000010000000000
090157890002002001100324125700000000000001040001220000000122000000000000000000000000000000100000002000000000000020000000000
11015789000300200110032412570000070000020000000426000000042600000000000000000000000000100000000005740000
120157890004002001100324125700000000000000000000000000000000000000000000000426000000000000000000000000000000
07015790000000200110032413020000000000000000100000000000000000
090157900001002001100324130200000000000001090001820000000182000000000000000000000000000000100000001500000000000020000000000
090157900002002001100324130200000000000002170000010000001199000000000000000000000000000000000000006500000000000010000000000
090157900003002001100324130200000000000001060008540000000426000000000000000000000000000000100000001500000000000020000000000
090157900004002001100324130200000000000001010013900000000833000000000000000000000000000000100000000500000000000020000000000
090157900005002001100324130200000000000002070010100000001009000000000000000000000000000000100000001990000000000010000000000
11015790000600200110032413020000070000050000003649000000364900000000000000000000000000364900000000000000
120157900007002001100324130203050000000000000000000000000000000000000000003649000000000000000000000000000000
07015791000000200110032413040000000000000000100000000000000000
090157910001002001100324130400000000000002190000010000000699000000000000000000000000000000000000002250000000000010000000000
11015791000200200110032413040000070000010000000699000000069900000000000000000000000000069900000000000000
120157910003002001100324130403030000000000000000000000000000000000000000000699000000000000000000000000000000
07015792000000200110032413080000000000000000100000000000000000
090157920001002001100324130800000000000002080006640000000398000000000000000000000000000000100000000500000000000010000000000
090157920002002001100324130800000000000001040001260000000126000000000000000000000000000000100000002000000000000020000000000
090157920003002001100324130800000000000001090000880000000088000000000000000000000000000000100000001500000000000020000000000
090157920004002001100324130800000000000001080002720000000326000000000000000000000000000000100000001000000000000020000000000
11015792000500200110032413080000070000040000000938000000093800000000000000000000000000093800000000000000
120157920006002001100324130803040000000000000000000000000000000000000000000938000000000000000000000000000000
07015793000000200110032413140000000000000000100000000000000000
090157930001002001100324131400000000000002270003660000000622000000000000000000000000000000100000003990000000000010000000000
090157930002002001100324131400000000000002080016160000000968000000000000000000000000000000100000000500000000000010000000000
11015793000300200110032413140000070000020000001590000000159000000000000000000000000000159000000000000000
120157930004002001100324131403020000000000000000000000000000000000000000001590000000000000000000000000000000
07015794000000200110032413170000000000000000100000000000000000
090157940001002001100324131700000000000001040001640000000164000000000000000000000000000000100000002000000000000020000000000
11015794000200200110032413170000070000010000000164000000016400000000000000000000000000016400000000000000
120157940003002001100324131703100000000000000000000000000000000000000000000164000000000000000000000000000000
07015795000000200110032413210000000000000000100000000000000000
090157950001002001100324132100000000000001040003480000000348000000000000000000000000000000100000002000000000000020000000000
090157950002002001100324132100000000000001070003020000000755000000000000000000000000000000100000005000000000000020000000000
11015795000300200110032413210000070000020000001103000000110300000000000000000000000000110300000000000000
120157950004002001100324132103030000000000000000000000000000000000000000001103000000000000000000000000000000
07015796000000200110032413220000000000000000100000000000000000
090157960001002001100324132200000000000001070001060000000265000000000000000000000000000000100000005000000000000020000000000
11015796000200200110032413220000070000010000000265000000026500000000000000000000000000200000000017350000
120157960003002001100324132200000000000000000000000000000000000000000000000265000000000000000000000000000000
07015797000000200110032413230000000000000000100000000000000000
090157970001002001100324132300000000000003010000010000000999000000000000000000000000000000000000006000000000000050000000000
090157970002002001100324132300000000000002070005060000000505000000000000000000000000000000100000001990000000000010000000000
11015797000300200110032413230000070000020000001504000000150400000000000000000000000000150400000000000000
120157970004002001100324132303030000000000000000000000000000000000000000001504000000000000000000000000000000
07015798000000200110032413240000000000000000100000000000000000
090157980001002001100324132400000000000001220021800000001306000000000000000000000000000000100000001500000000000020000000000
11015798000200200110032413240000070000010000001306000000130600000000000000000000000000130600000000000000
120157980003002001100324132403040000000000000000000000000000000000000000001306000000000000000000000000000000
07015799000000200110032413280000000000000000100000000000000000
090157990001002001100324132800000000000001010007720000000462000000000000000000000000000000100000000500000000000020000000000
11015799000200200110032413280000070000010000000462000000046200000000000000000000000000046200000000000000
120157990003002001100324132803030000000000000000000000000000000000000000000462000000000000000000000000000000
18015799000400200110032413300400000060000000000000000000000001
07015800000000200110032413330000000000000000100000000000000000
090158000001002001100324133300000000000001060002300000000115000000000000000000000000000000100000001500000000000020000000000
090158000002002001100324133300000000000011000004240000000212000000000000000000000000000000100000000990000000000020000000000
090158000003002001100324133300000000000001050001480000000089000000000000000000000000000000100000000500000000000020000000000
11015800000400200110032413330000070000030000000416000000041600000000000000000000000000050000000000840000
120158000005002001100324133300000000000000000000000000000000000000000000000416000000000000000000000000000000
07015801000000200110032413340000000000000000100000000000000000
090158010001002001100324133400000000000001060001640000000082000000000000000000000000000000100000001500000000000020000000000
11015801000200200110032413340000070000010000000082000000008200000000000000000000000000100000000009180000
120158010003002001100324133400000000000000000000000000000000000000000000000082000000000000000000000000000000
07015802000000200110032413350000000000000000100000000000000000
17015802000100200110032413350000000000000434
090158020002002001100324133500000000000001010005020000000301000000000000000000000000000000100000000500000000000020000000000
11015802000300200110032413350000070000010000000301000000030100000000000000000000000000030100000000000000
120158020004002001100324133503020000000000000000000000000000000000000000000301000000000000000000000000000000
07015803000000200110032413410000000000000000100000000000000000
090158030001002001100324134100000000000005020000100000001000I 0000000000000000000000000000000000000100000000000060000000000
090158030002002001100324134100000000000002200000010000000499000000000000000000000000000000000000000990000000000010000000000
11015803000300200110032413410000070000020000001499000000149900000000000000000000000000149900000000000000
120158030004002001100324134103030000000000000000000000000000000000000000001499000000000000000000000000000000
07015804000000200110032413470000000000000000100000000000000000
090158040001002001100324134700000000000002080012440000000745000000000000000000000000000000100000000500000000000010000000000
090158040002002001100324134700000000000001220013440000000805000000000000000000000000000000100000001500000000000020000000000
090158040003002001100324134700000000000001080005440000000652000000000000000000000000000000100000001000000000000020000000000
090158040004002001100324134700000000000001090002120000000212000000000000000000000000000000100000001500000000000020000000000
11015804000500200110032413470000070000040000002414000000241400000000000000000000000000500000000025860000
120158040006002001100324134700000000000000000000000000000000000000000000002414000000000000000000000000000000
07015805000000200110032413480000000000000000100000000000000000
090158050001002001100324134800000000000001080003740000000448000000000000000000000000000000100000001000000000000020000000000
11015805000200200110032413480000070000010000000448000000044800000000000000000000000000044800000000000000
120158050003002001100324134803030000000000000000000000000000000000000000000448000000000000000000000000000000
07015806000000200110032413490000000000000000100000000000000000
090158060001002001100324134900000000000001060001960000000098000000000000000000000000000000100000001500000000000020000000000
090158060002002001100324134900000000000002150000010000000299000000000000000000000000000000000000000500000000000010000000000
11015806000300200110032413490000070000020000000397000000039700000000000000000000000000039700000000000000
120158060004002001100324134903040000000000000000000000000000000000000000000397000000000000000000000000000000
07015807000000200110032413490000000000000000100000000000000000
090158070001002001100324134900000000000001070000640000000160000000000000000000000000000000100000005000000000000020000000000
090158070002002001100324134900000000000011000004520000000226000000000000000000000000000000100000000990000000000020000000000
090158070003002001100324134900000000000002110005460000000272000000000000000000000000000000100000000990000000000010000000000
090158070004002001100324134900000000000002150000010000000299000000000000000000000000000000000000000500000000000010000000000
11015807000500200110032413490000070000040000000957000000095700000000000000000000000000095700000000000000
120158070006002001100324134903020000000000000000000000000000000000000000000957000000000000000000000000000000
060158070007002001100324135100000100000100000000000000000000000000000000000000000000
0401580800000020011003241352000001015649015808000000187423490000001891197310032400001674750000000000000000000000000000000001000000000000000000000000000000000000000000000000000000000000000000000000000000001234567890AB        
