01020719000000200111042407070000010000015000000000243899861.82G5E   1234567890AB        Generica            
02020719000100200111042407070000010000090000000000
14020720000000200111042407100000010000000000
07020721000000200111042407120000000000000000100000000000000000
090207210001002001110424071200000000000001120004460000000446000000000000000000000000000000100000001000000000000020000000000
090207210002002001110424071200000000000005020000020000000200I 0000000000000000000000000000000000000100000000000060000000000
090207210003002001110424071200000000000002030005920000000591000000000000000000000000000000100000002990000000000010000000000
11020721000400200111042407120000090000030000001237000000123700000000000000000000000000123700000000000000
120207210005002001110424071200000000000000000000000000000000000000000000001237000000000000000000000000000000
07020722000000200111042407190000000000000000100000000000000000
090207220001002001110424071900000000000020100020960000000627000000000000000000000000000000100000002000000000000010000000000
11020722000200200111042407190000090000010000000627000000062700000000000000000000000000062700000000000000
120207220003002001110424071900000000000000000000000000000000000000000000000627000000000000000000000000000000
07020723000000200111042407200000000000000000100000000000000000
090207230001002001110424072000000000000001010007980000000398000000000000000000000000000000100000000500000000000020000000000
090207230002002001110424072000000000000001070001220000000329000000000000000000000000000000100000005000000000000020000000000
090207230003002001110424072000000000000001060006420000000641000000000000000000000000000000100000001500000000000020000000000
090207230004002001110424072000000000000001040002280000000228000000000000000000000000000000100000002000000000000020000000000
090207230005002001110424072000000000000003250000010000000199000000000000000000000000000000000000000790000000000040000000000
11020723000600200111042407200000090000050000001795000000179500000000000000000000000000179500000000000000
120207230007002001110424072003050000000000000000000000000000000000000000001795000000000000000000000000000000
07020724000000200111042407210000000000000000100000000000000000
090207240001002001110424072100000000000020100009880000000295000000000000000000000000000000100000002000000000000010000000000
11020724000200200111042407210000090000010000000295000000029500000000000000000000000000029500000000000000
120207240003002001110424072100000000000000000000000000000000000000000000000295000000000000000000000000000000
07020725000000200111042407220000000000000000100000000000000000
090207250001002001110424072200000000000001090001400000000210000000000000000000000000000000100000001500000000000020000000000
090207250002002001110424072200000000000003040000010000000249000000000000000000000000000000000000000700000000000040000000000
11020725000300200111042407220000090000020000000459000000045900000000000000000000000000045900000000000000
120207250004002001110424072200000000000000000000000000000000000000000000000459000000000000000000000000000000
07020726000000200111042407230000000000000000100000000000000000
090207260001002001110424072300000000000001020026920000001074000000000000000000000000000000100000001200000000000020000000000
090207260002002001110424072300000000000005020000010000000100I 0000000000000000000000000000000000000100000000000060000000000
090207260003002001110424072300000000000001170003360000000201000000000000000000000000000000100000000590000000000020000000000
11020726000400200111042407230000090000030000001375000000137500000000000000000000000000500000000036250000
120207260005002001110424072300000000000000000000000000000000000000000000001375000000000000000000000000000000
07020727000000200111042407270000000000000000100000000000000000
090207270001002001110424072700000000000002430001500000000105000000000000000000000000000000100000000000000000000010000000000
11020727000200200111042407270000090000010000000105000000010500000000000000000000000000010500000000000000
120207270003002001110424072700000000000000000000000000000000000000000000000105000000000000000000000000000000
07020728000000200111042407310000000000000000100000000000000000
090207280001002001110424073100000000000002070004900000000441000000000000000000000000000000100000001990000000000010000000000
090207280002002001110424073100000000000002430001720000000120000000000000000000000000000000100000000000000000000010000000000
090207280003002001110424073100000000000005020000010000000100I 0000000000000000000000000000000000000100000000000060000000000
090207280004002001110424073100000000000001050012100000000967000000000000000000000000000000100000000500000000000020000000000
090207280005002001110424073100000000000003250000020000000398000000000000000000000000000000000000000790000000000040000000000
090207280006002001110424073100000000000003030000010000000299000000000000000000000000000000000000000830000000000040000000000
090207280007002001110424073100000000000001070000520000000140000000000000000000000000000000100000005000000000000020000000000
11020728000800200111042407310000090000070000002465000000246500000000000000000000000000500000000025350000
120207280009002001110424073100000000000000000000000000000000000000000000002465000000000000000000000000000000
07020729000000200111042407400000000000000000100000000000000000
090207290001002001110424074000000000000003250000010000000199000000000000000000000000000000000000000790000000000040000000000
090207290002002001110424074000000000000003030000010000000299000000000000000000000000000000000000000830000000000040000000000
11020729000300200111042407400000090000020000000498000000049800000000000000000000000000049800000000000000
120207290004002001110424074000000000000000000000000000000000000000000000000498000000000000000000000000000000
07020730000000200111042408110000000000000000100000000000000000
090207300001002001110424081100000000000001130024140000000963000000000000000000000000000000100000001500000000000020000000000
11020730000200200111042408110000090000010000000963000000096300000000000000000000000000500000000040370000
120207300003002001110424081100000000000000000000000000000000000000000000000963000000000000000000000000000000
07020731000000200111042408150000000000000000100000000000000000
090207310001002001110424081500000000000020100016140000000483000000000000000000000000000000100000002000000000000010000000000
11020731000200200111042408150000090000010000000483000000048300000000000000000000000000048300000000000000
120207310003002001110424081500000000000000000000000000000000000000000000000483000000000000000000000000000000
07020732000000200111042408360000000000000000100000000000000000
090207320001002001110424083600000000000003200000010000002299000000000000000000000000000000000000000000000000000050000000000
11020732000200200111042408360000090000010000002299000000229900000000000000000000000000229900000000000000
120207320003002001110424083602010000000000000000000000000000000000010000002299000000000000000000000000000000
100207320004002001110424083601000000000000000100000022990000000000000526000009
07020733000000200111042408430000000000000000100000000000000000
090207330001002001110424084300000000000002040004460000000178000000000000000000000000000000100000000500000000000010000000000
090207330002002001110424084300000000000002070005420000000487000000000000000000000000000000100000001990000000000010000000000
090207330003002001110424084300000000000003250000020000000398000000000000000000000000000000000000000790000000000040000000000
11020733000400200111042408430000090000030000001063000000106300000000000000000000000000106300000000000000
120207330005002001110424084300000000000000000000000000000000000000000000001063000000000000000000000000000000
07020734000000200111042408430000000000000000100000000000000000
090207340001002001110424084300000000000002040001800000000072000000000000000000000000000000100000000500000000000010000000000
11020734000200200111042408430000090000010000000072000000007200000000000000000000000000007200000000000000
120207340003002001110424084300000000000000000000000000000000000000000000000072000000000000000000000000000000
07020735000000200111042408510000000000000000100000000000000000
090207350001002001110424085100000000000002140012380000000618000000000000000000000000000000100000001990000000000010000000000
090207350002002001110424085100000000000002170000010000000899000000000000000000000000000000000000006500000000000010000000000
090207350003002001110424085100000000000003030000020000000598000000000000000000000000000000000000000830000000000040000000000
090207350004002001110424085100000000000001060008400000000839000000000000000000000000000000100000001500000000000020000000000
11020735000500200111042408510000090000040000002954000000295400000000000000000000000000295400000000000000
120207350006002001110424085100000000000000000000000000000000000000000000002954000000000000000000000000000000
07020736000000200111042408520000000000000000100000000000000000
090207360001002001110424085200000000000001130012000000000479000000000000000000000000000000100000001500000000000020000000000
090207360002002001110424085200000000000020100014920000000446000000000000000000000000000000100000002000000000000010000000000
11020736000300200111042408520000090000020000000925000000092500000000000000000000000000092500000000000000
120207360004002001110424085203050000000000000000000000000000000000000000000925000000000000000000000000000000
07020737000000200111042408590000000000000000100000000000000000
090207370001002001110424085900000000000001150000820000000057000000000000000000000000000000100000001000000000000020000000000
090207370002002001110424085900000000000002030013240000001323000000000000000000000000000000100000002990000000000010000000000
11020737000300200111042408590000090000020000001380000000138000000000000000000000000000200000000006200000
120207370004002001110424085900000000000000000000000000000000000000000000001380000000000000000000000000000000
07020738000000200111042408590000000000000000100000000000000000
090207380001002001110424085900000000000002150000040000000796000000000000000000000000000000000000000500000000000010000000000
11020738000200200111042408590000090000010000000796000000079600000000000000000000000000079600000000000000
120207380003002001110424085903010000000000000000000000000000000000000000000796000000000000000000000000000000
07020739000000200111042409010000000000000000100000000000000000
090207390001002001110424090100000000000020100014140000000423000000000000000000000000000000100000002000000000000010000000000
11020739000200200111042409010000090000010000000423000000042300000000000000000000000000042300000000000000
120207390003002001110424090100000000000000000000000000000000000000000000000423000000000000000000000000000000
07020740000000200111042409030000000000000000100000000000000000
090207400001002001110424090300000000000002260003360000000268000000000000000000000000000000100000002000000000000010000000000
11020740000200200111042409030000090000010000000268000000026800000000000000000000000000026800000000000000
120207400003002001110424090300000000000000000000000000000000000000000000000268000000000000000000000000000000
07020741000000200111042409080000000000000000100000000000000000
090207410001002001110424090800000000000003040000020000000498000000000000000000000000000000000000000700000000000040000000000
090207410002002001110424090800000000000001090002280000000342000000000000000000000000000000100000001500000000000020000000000
090207410003002001110424090800000000000005480000010000000250I 0100000000000000000000000000000000000000000000000080000000000
11020741000400200111042409080000090000030000001090000000109000000000000000000000000000109000000000000000
120207410005002001110424090803010000000000000000000000000000000000000000001090000000000000000000000000000000
07020742000000200111042409140000000000000000100000000000000000
090207420001002001110424091400000000000003040000020000000498000000000000000000000000000000000000000700000000000040000000000
11020742000200200111042409140000090000010000000498000000049800000000000000000000000000049800000000000000
120207420003002001110424091400000000000000000000000000000000000000000000000498000000000000000000000000000000
14020743000000200111042409240000010000000000
07020744000000200111042409250000000000000000100000000000000000
090207440001002001110424092500000000000002430005240000000366000000000000000000000000000000100000000000000000000010000000000
090207440002002001110424092500000000000001040005280000000527000000000000000000000000000000100000002000000000000020000000000
11020744000300200111042409250000090000020000000893000000089300000000000000000000000000089300000000000000
120207440004002001110424092503020000000000000000000000000000000000000000000893000000000000000000000000000000
07020745000000200111042409260000000000000000100000000000000000
090207450001002001110424092600000000000001010013320000000665000000000000000000000000000000100000000500000000000020000000000
090207450002002001110424092600000000000002040004580000000183000000000000000000000000000000100000000500000000000010000000000
090207450003002001110424092600000000000001070001280000000345000000000000000000000000000000100000005000000000000020000000000
11020745000400200111042409260000090000030000001193000000119300000000000000000000000000119300000000000000
120207450005002001110424092603060000000000000000000000000000000000000000001193000000000000000000000000000000
07020746000000200111042409390000000000000000100000000000000000
090207460001002001110424093900000000000004020000030000000300I 0300000000000000000000000000000000000230000000000030000000000
11020746000200200111042409390000090000010000000300000000030000000000000000000000000000200000000017000000
120207460003002001110424093900000000000000000000000000000000000000000000000300000000000000000000000000000000
07020747000000200111042409460000000000000000100000000000000000
090207470001002001110424094600000000000002260000020000000002000000000000000000000000000000100000002000000000000010000000000
11020747000200200111042409460000090000010000000002000000000200000000000000000000000000000200000000000000
120207470003002001110424094600000000000000000000000000000000000000000000000002000000000000000000000000000000
07020748000000200111042410260000000000000000100000000000000000
090207480001002001110424102600000000000001070001200000000324000000000000000000000000000000100000005000000000000020000000000
090207480002002001110424102600000000000003030000010000000299000000000000000000000000000000000000000830000000000040000000000
11020748000300200111042410260000090000020000000623000000062300000000000000000000000000062300000000000000
120207480004002001110424102603020000000000000000000000000000000000000000000623000000000000000000000000000000
07020749000000200111042410270000000000000000100000000000000000
090207490001002001110424102700000000000001150007100000000638000000000000000000000000000000100000001000000000000020000000000
11020749000200200111042410270000090000010000000638000000063800000000000000000000000000063800000000000000
120207490003002001110424102703020000000000000000000000000000000000000000000638000000000000000000000000000000
07020750000000200111042410280000000000000000100000000000000000
090207500001002001110424102800000000000003120000010000000199000000000000000000000000000000000000000700000000000040000000000
11020750000200200111042410280000090000010000000199000000019900000000000000000000000000019900000000000000
120207500003002001110424102803020000000000000000000000000000000000000000000199000000000000000000000000000000
07020751000000200111042410360000000000000000100000000000000000
090207510001002001110424103600000000000003030000010000000299000000000000000000000000000000000000000830000000000040000000000
090207510002002001110424103600000000000001050003180000000254000000000000000000000000000000100000000500000000000020000000000
090207510003002001110424103600000000000001020008620000000344000000000000000000000000000000100000001200000000000020000000000
090207510004002001110424103600000000000001090002060000000309000000000000000000000000000000100000001500000000000020000000000
090207510005002001110424103600000000000002080007280000000363000000000000000000000000000000100000000500000000000010000000000
090207510006002001110424103600000000000001080003560000000462000000000000000000000000000000100000001000000000000020000000000
11020751000700200111042410360000090000060000002031000000203100000000000000000000000000203100000000000000
120207510008002001110424103603060000000000000000000000000000000000000000002031000000000000000000000000000000
07020752000000200111042410370000000000000000100000000000000000
090207520001002001110424103700000000000001080003480000000452000000000000000000000000000000100000001000000000000020000000000
090207520002002001110424103700000000000001050003040000000243000000000000000000000000000000100000000500000000000020000000000
11020752000300200111042410370000090000020000000695000000069500000000000000000000000000069500000000000000
120207520004002001110424103703060000000000000000000000000000000000000000000695000000000000000000000000000000
14020753000000200111042410400000010000000000
07020754000000200111042410410000000000000000100000000000000000
090207540001002001110424104100000000000001070002820000000761000000000000000000000000000000100000005000000000000020000000000
11020754000200200111042410410000090000010000000761000000076100000000000000000000000000076100000000000000
120207540003002001110424104103060000000000000000000000000000000000000000000761000000000000000000000000000000
07020755000000200111042411020000000000000000100000000000000000
090207550001002001110424110200000000000001010012140000000606000000000000000000000000000000100000000500000000000020000000000
11020755000200200111042411020000090000010000000606000000060600000000000000000000000000200000000013940000
120207550003002001110424110200000000000000000000000000000000000000000000000606000000000000000000000000000000
07020756000000200111042411050000000000000000100000000000000000
090207560001002001110424110500000000000001250007880000000314I 0000000000000000000000000000100000000530000000000020000000000
090207560002002001110424110500000000000001170007580000000454000000000000000000000000000000100000000590000000000020000000000
090207560003002001110424110500000000000001080001860000000242000000000000000000000000000000100000001000000000000020000000000
11020756000400200111042411050000090000030000001010000000101000000000000000000000000000101000000000000000
120207560005002001110424110500000000000000000000000000000000000000000000001010000000000000000000000000000000
07020757000000200111042411080000000000000000100000000000000000
090207570001002001110424110800000000000020100020160000000603000000000000000000000000000000100000002000000000000010000000000
090207570002002001110424110800000000000005020000020000000200I 0000000000000000000000000000000000000100000000000060000000000
090207570003002001110424110800000000000020100008160000000244000000000000000000000000000000100000002000000000000010000000000
11020757000400200111042411080000090000030000001047000000104700000000000000000000000000104700000000000000
120207570005002001110424110803020000000000000000000000000000000000000000001047000000000000000000000000000000
07020758000000200111042411080000000000000000100000000000000000
090207580001002001110424110800000000000005020000040000000400I 0000000000000000000000000000000000000100000000000060000000000
11020758000200200111042411080000090000010000000400000000040000000000000000000000000000040000000000000000
120207580003002001110424110800000000000000000000000000000000000000000000000400000000000000000000000000000000
07020759000000200111042411100000000000000000100000000000000000
090207590001002001110424111000000000000004060000080000000120I 0300000000000000000000000000100000015000000000000030000000000
090207590002002001110424111000000000000001120003600000000288000000000000000000000000000000100000001000000000000020000000000
090207590003002001110424111000000000000001250007240000000289I 0000000000000000000000000000100000000530000000000020000000000
11020759000400200111042411100000090000030000000697000000069700000000000000000000000000100000000003030000
120207590005002001110424111000000000000000000000000000000000000000000000000697000000000000000000000000000000
14020760000000200111042411160000010000002000
07020761000000200111042411170000000000000000100000000000000000
090207610001002001110424111700000000000001010004000000000200000000000000000000000000000000100000000500000000000020000000000
090207610002002001110424111700000000000001060002440000000244000000000000000000000000000000100000001500000000000020000000000
090207610003002001110424111700000000000011000003340000000133000000000000000000000000000000100000000990000000000020000000000
090207610004002001110424111700000000000001080003180000000413000000000000000000000000000000100000001000000000000020000000000
11020761000500200111042411170000090000040000000990000000099000000000000000000000000000099000000000000000
120207610006002001110424111703010000000000000000000000000000000000000000000990000000000000000000000000000000
14020762000000200111042411180000010000001379
07020763000000200111042411180000000000000000100000000000000000
090207630001002001110424111800000000000002070015340000001379000000000000000000000000000000100000001990000000000010000000000
090207630002002001110424111800000000000001150009160000000823000000000000000000000000000000100000001000000000000020000000000
11020763000300200111042411180000090000020000002202000000220200000000000000000000000000500000000027980000
120207630004002001110424111800000000000000000000000000000000000000000000002202000000000000000000000000000000
07020764000000200111042411200000000000000000100000000000000000
090207640001002001110424112000000000000003030000010000000299000000000000000000000000000000000000000830000000000040000000000
090207640002002001110424112000000000000003250000010000000199000000000000000000000000000000000000000790000000000040000000000
090207640003002001110424112000000000000005020000020000000200I 0000000000000000000000000000000000000100000000000060000000000
090207640004002001110424112000000000000020100060200000001800000000000000000000000000000000100000002000000000000010000000000
090207640005002001110424112000000000000003250000010000000199000000000000000000000000000000000000000790000000000040000000000
11020764000600200111042411200000090000050000002697000000269700000000000000000000000001000000000073030000
120207640007002001110424112000000000000000000000000000000000000000000000002697000000000000000000000000000000
07020765000000200111042411230000000000000000100000000000000000
090207650001002001110424112300000000000003030000010000000299000000000000000000000000000000000000000830000000000040000000000
11020765000200200111042411230000090000010000000299000000029900000000000000000000000000029900000000000000
120207650003002001110424112300000000000000000000000000000000000000000000000299000000000000000000000000000000
07020766000000200111042411270000000000000000100000000000000000
090207660001002001110424112700000000000003200000010000002299000000000000000000000000000000000000000000000000000050000000000
090207660002002001110424112700000000000002070005760000000518000000000000000000000000000000100000001990000000000010000000000
11020766000300200111042411270000090000020000002817000000281700000000000000000000000000281700000000000000
120207660004002001110424112703100000000000000000000000000000000000000000002817000000000000000000000000000000
07020767000000200111042411330000000000000000100000000000000000
090207670001002001110424113300000000000001060001720000000172000000000000000000000000000000100000001500000000000020000000000
090207670002002001110424113300000000000001070000880000000238000000000000000000000000000000100000005000000000000020000000000
090207670003002001110424113300000000000001010008380000000418000000000000000000000000000000100000000500000000000020000000000
11020767000400200111042411330000090000030000000828000000082800000000000000000000000000082800000000000000
120207670005002001110424113303010000000000000000000000000000000000000000000828000000000000000000000000000000
14020768000000200111042411370000010000000000
07020769000000200111042411370000000000000000100000000000000000
090207690001002001110424113700000000000001130010640000000425000000000000000000000000000000100000001500000000000020000000000
11020769000200200111042411370000090000010000000425000000042500000000000000000000000000042500000000000000
120207690003002001110424113700000000000000000000000000000000000000000000000425000000000000000000000000000000
07020770000000200111042411480000000000000000100000000000000000
090207700001002001110424114800000000000001070001320000000356000000000000000000000000000000100000005000000000000020000000000
090207700002002001110424114800000000000003030000010000000299000000000000000000000000000000000000000830000000000040000000000
090207700003002001110424114800000000000002080008380000000418000000000000000000000000000000100000000500000000000010000000000
11020770000400200111042411480000090000030000001073000000107300000000000000000000000000107300000000000000
120207700005002001110424114800000000000000000000000000000000000000000000001073000000000000000000000000000000
07020771000000200111042412040000000000000000100000000000000000
090207710001002001110424120400000000000002010010120000000809000000000000000000000000000000100000000990000000000010000000000
090207710002002001110424120400000000000002040006860000000274000000000000000000000000000000100000000500000000000010000000000
090207710003002001110424120400000000000002070010980000000987000000000000000000000000000000100000001990000000000010000000000
090207710004002001110424120400000000000002230005800000000695000000000000000000000000000000100000004980000000000010000000000
090207710005002001110424120400000000000005480000020000000500I 0100000000000000000000000000000000000000000000000080000000000
11020771000600200111042412040000090000050000003265000000326500000000000000000000000000500000000017350000
120207710007002001110424120400000000000000000000000000000000000000000000003265000000000000000000000000000000
07020772000000200111042412060000000000000000100000000000000000
090207720001002001110424120600000000000003250000020000000398000000000000000000000000000000000000000790000000000040000000000
11020772000200200111042412060000090000010000000398000000039800000000000000000000000000039800000000000000
120207720003002001110424120600000000000000000000000000000000000000000000000398000000000000000000000000000000
07020773000000200111042412180000000000000000100000000000000000
090207730001002001110424121800000000000002080004920000000246000000000000000000000000000000100000000500000000000010000000000
090207730002002001110424121800000000000002040001480000000059000000000000000000000000000000100000000500000000000010000000000
090207730003002001110424121800000000000001020022100000000882000000000000000000000000000000100000001200000000000020000000000
11020773000400200111042412180000090000030000001187000000118700000000000000000000000000118700000000000000
120207730005002001110424121803050000000000000000000000000000000000000000001187000000000000000000000000000000
07020774000000200111042412190000000000000000100000000000000000
090207740001002001110424121900000000000002070014940000001343000000000000000000000000000000100000001990000000000010000000000
11020774000200200111042412190000090000010000001343000000134300000000000000000000000000200000000006570000
120207740003002001110424121900000000000000000000000000000000000000000000001343000000000000000000000000000000
07020775000000200111042412210000000000000000100000000000000000
090207750001002001110424122100000000000003030000010000000299000000000000000000000000000000000000000830000000000040000000000
11020775000200200111042412210000090000010000000299000000029900000000000000000000000000029900000000000000
120207750003002001110424122100000000000000000000000000000000000000000000000299000000000000000000000000000000
07020776000000200111042412270000000000000000100000000000000000
090207760001002001110424122700000000000005290000010000000499I 0100000000000000000000000000000000001000000000000080000000000
090207760002002001110424122700000000000005020000050000000500I 0000000000000000000000000000000000000100000000000060000000000
11020776000300200111042412270000090000020000000999000000099900000000000000000000000000099900000000000000
120207760004002001110424122702010000000000000000000000000000000000220000000999000000000000000000000000000000
100207760005002001110424122701000000000000002200000009990000000000001865000009
07020777000000200111042412280000000000000000100000000000000000
090207770001002001110424122800000000000001220005700000000398000000000000000000000000000000100000001500000000000020000000000
090207770002002001110424122800000000000001040004200000000504000000000000000000000000000000100000002000000000000020000000000
11020777000300200111042412280000090000020000000902000000090200000000000000000000000000090200000000000000
120207770004002001110424122800000000000000000000000000000000000000000000000902000000000000000000000000000000
07020778000000200111042412350000000000000000100000000000000000
090207780001002001110424123500000000000003030000010000000299000000000000000000000000000000000000000830000000000040000000000
11020778000200200111042412350000090000010000000299000000029900000000000000000000000000029900000000000000
120207780003002001110424123503010000000000000000000000000000000000000000000299000000000000000000000000000000
07020779000000200111042412570000000000000000100000000000000000
090207790001002001110424125700000000000001010011000000000549000000000000000000000000000000100000000500000000000020000000000
090207790002002001110424125700000000000001170006680000000400000000000000000000000000000000100000000590000000000020000000000
11020779000300200111042412570000090000020000000949000000094900000000000000000000000000094900000000000000
120207790004002001110424125700000000000000000000000000000000000000000000000949000000000000000000000000000000
14020780000000200111042412590000010000000000
07020781000000200111042413000000000000000000100000000000000000
090207810001002001110424130000000000000001080004620000000600000000000000000000000000000000100000001000000000000020000000000
090207810002002001110424130000000000000002110006220000000310000000000000000000000000000000100000000990000000000010000000000
11020781000300200111042413000000090000020000000910000000091000000000000000000000000000500000000040900000
120207810004002001110424130000000000000000000000000000000000000000000000000910000000000000000000000000000000
07020782000000200111042413120000000000000000100000000000000000
090207820001002001110424131200000000000002010023800000001902000000000000000000000000000000100000000990000000000010000000000
090207820002002001110424131200000000000002040004180000000167000000000000000000000000000000100000000500000000000010000000000
090207820003002001110424131200000000000001170003580000000214000000000000000000000000000000100000000590000000000020000000000
090207820004002001110424131200000000000003030000010000000299000000000000000000000000000000000000000830000000000040000000000
11020782000500200111042413120000090000040000002582000000258200000000000000000000000000258200000000000000
120207820006002001110424131203100000000000000000000000000000000000000000002582000000000000000000000000000000
07020783000000200111042413140000000000000000100000000000000000
090207830001002001110424131400000000000002050010940000000655000000000000000000000000000000100000000890000000000010000000000
090207830002002001110424131400000000000002110008740000000436000000000000000000000000000000100000000990000000000010000000000
11020783000300200111042413140000090000020000001091000000109100000000000000000000000000109100000000000000
120207830004002001110424131403050000000000000000000000000000000000000000001091000000000000000000000000000000
07020784000000200111042413160000000000000000100000000000000000
090207840001002001110424131600000000000003250000010000000199000000000000000000000000000000000000000790000000000040000000000
11020784000200200111042413160000090000010000000199000000019900000000000000000000000000019900000000000000
120207840003002001110424131600000000000000000000000000000000000000000000000199000000000000000000000000000000
07020785000000200111042413170000000000000000100000000000000000
090207850001002001110424131700000000000001020008780000000350000000000000000000000000000000100000001200000000000020000000000
090207850002002001110424131700000000000020100014340000000429000000000000000000000000000000100000002000000000000010000000000
090207850003002001110424131700000000000002110007540000000376000000000000000000000000000000100000000990000000000010000000000
090207850004002001110424131700000000000001130009280000000370000000000000000000000000000000100000001500000000000020000000000
11020785000500200111042413170000090000040000001525000000152500000000000000000000000000500000000034750000
120207850006002001110424131700000000000000000000000000000000000000000000001525000000000000000000000000000000
07020786000000200111042413180000000000000000100000000000000000
090207860001002001110424131800000000000002080009420000000470000000000000000000000000000000100000000500000000000010000000000
090207860002002001110424131800000000000001070001460000000394000000000000000000000000000000100000005000000000000020000000000
11020786000300200111042413180000090000020000000864000000086400000000000000000000000000086400000000000000
120207860004002001110424131803050000000000000000000000000000000000000000000864000000000000000000000000000000
07020787000000200111042413210000000000000000100000000000000000
090207870001002001110424132100000000000005080000010000002399I 0100000000000000000000000000000000019000000000000070000000000
11020787000200200111042413210000090000010000002399000000239900000000000000000000000000239900000000000000
120207870003002001110424132103050000000000000000000000000000000000000000002399000000000000000000000000000000
07020788000000200111042413230000000000000000100000000000000000
090207880001002001110424132300000000000001070000880000000238000000000000000000000000000000100000005000000000000020000000000
11020788000200200111042413230000090000010000000238000000023800000000000000000000000000100000000007620000
120207880003002001110424132300000000000000000000000000000000000000000000000238000000000000000000000000000000
14020789000000200111042413290000010000000000
07020790000000200111042413500000000000000000100000000000000000
090207900001002001110424135000000000000020100022400000000670000000000000000000000000000000100000002000000000000010000000000
090207900002002001110424135000000000000002430010500000000734000000000000000000000000000000100000000000000000000010000000000
090207900003002001110424135000000000000001010012200000000609000000000000000000000000000000100000000500000000000020000000000
17020790000400200111042413500000000000000299
090207900005002001110424135000000000000001130010900000000435000000000000000000000000000000100000001500000000000020000000000
11020790000600200111042413500000090000040000002448000000244800000000000000000000000000244800000000000000
120207900007002001110424135003030000000000000000000000000000000000000000002448000000000000000000000000000000
060207900008002001110424135200000100000350000000000000000000000000000000000000000000
060207900009002001110424135200000100000020000000000000000000000000000000000000000000
07020791000000200111042413530000000000000000100000000000000000
090207910001002001110424135300000000000001170005380000000322000000000000000000000000000000100000000590000000000020000000000
090207910002002001110424135300000000000001080012700000001650000000000000000000000000000000100000001000000000000020000000000
090207910003002001110424135300000000000001040010180000001221000000000000000000000000000000100000002000000000000020000000000
090207910004002001110424135300000000000002070011940000001073000000000000000000000000000000100000001990000000000010000000000
090207910005002001110424135300000000000003030000010000000299000000000000000000000000000000000000000830000000000040000000000
11020791000600200111042413530000090000050000004565000000456500000000000000000000000000456500000000000000
120207910007002001110424135302010000000000000000000000000000000000010000004565000000000000000000000000000000
100207910008002001110424135301000000000000000100000045650000000000000527000009
07020792000000200111042413550000000000000000100000000000000000
090207920001002001110424135500000000000001040005920000000710000000000000000000000000000000100000002000000000000020000000000
090207920002002001110424135500000000000002430007840000000548000000000000000000000000000000100000000000000000000010000000000
090207920003002001110424135500000000000001090001820000000273000000000000000000000000000000100000001500000000000020000000000
090207920004002001110424135500000000000003020000020000000300000000000000000000000000000000000000000500000000000030000000000
11020792000500200111042413550000090000040000001831000000183100000000000000000000000000183100000000000000
120207920006002001110424135502010000000000000000000000000000000000100000001831000000000000000000000000000000
100207920007002001110424135501000000000000001000000018310000000000000100000009
07020793000000200111042413560000000000000000100000000000000000
090207930001002001110424135600000000000002040001460000000058000000000000000000000000000000100000000500000000000010000000000
090207930002002001110424135600000000000001050001120000000089000000000000000000000000000000100000000500000000000020000000000
090207930003002001110424135600000000000001090000740000000111000000000000000000000000000000100000001500000000000020000000000
17020793000400200111042413560000000000000148
11020793000500200111042413560000090000030000000258000000025800000000000000000000000000025800000000000000
120207930006002001110424135600000000000000000000000000000000000000000000000258000000000000000000000000000000
07020794000000200111042413560000000000000000100000000000000000
090207940001002001110424135600000000000003030000010000000299000000000000000000000000000000000000000830000000000040000000000
11020794000200200111042413560000090000010000000299000000029900000000000000000000000000029900000000000000
120207940003002001110424135600000000000000000000000000000000000000000000000299000000000000000000000000000000
07020795000000200111042414030000000000000000100000000000000000
090207950001002001110424140300000000000003190000010000000500000000000000000000000000000000000000002000000000000050000000000
11020795000200200111042414030000090000010000000500000000050000000000000000000000000000050000000000000000
120207950003002001110424140302010000000000000000000000000000000000220000000500000000000000000000000000000000
100207950004002001110424140301000000000000002200000005000000000000001866000009
07020796000000200111042414120000000000000000100000000000000000
090207960001002001110424141200000000000003030000010000000299000000000000000000000000000000000000000830000000000040000000000
090207960002002001110424141200000000000002090003160000000442000000000000000000000000000000100000004720000000000010000000000
090207960003002001110424141200000000000001040003200000000384000000000000000000000000000000100000002000000000000020000000000
11020796000400200111042414120000090000030000001125000000112500000000000000000000000000112500000000000000
120207960005002001110424141203060000000000000000000000000000000000000000001125000000000000000000000000000000
07020797000000200111042414140000000000000000100000000000000000
090207970001002001110424141400000000000001080001120000000145000000000000000000000000000000100000001000000000000020000000000
11020797000200200111042414140000090000010000000145000000014500000000000000000000000000014500000000000000
120207970003002001110424141400000000000000000000000000000000000000000000000145000000000000000000000000000000
07020798000000200111042414180000000000000000100000000000000000
090207980001002001110424141800000000000002070005020000000451000000000000000000000000000000100000001990000000000010000000000
090207980002002001110424141800000000000002150000010000000299000000000000000000000000000000000000000500000000000010000000000
090207980003002001110424141800000000000002090001420000000199000000000000000000000000000000100000004720000000000010000000000
090207980004002001110424141800000000000002170000010000000899000000000000000000000000000000000000006500000000000010000000000
11020798000500200111042414180000090000040000001848000000184800000000000000000000000000184800000000000000
120207980006002001110424141803100000000000000000000000000000000000000000001848000000000000000000000000000000
07020799000000200111042414240000000000000000100000000000000000
090207990001002001110424142400000000000001010006680000000333000000000000000000000000000000100000000500000000000020000000000
11020799000200200111042414240000090000010000000333000000033300000000000000000000000000040000000000670000
120207990003002001110424142400000000000000000000000000000000000000000000000333000000000000000000000000000000
07020800000000200111042414510000000000000000100000000000000000
090208000001002001110424145100000000000002110008980000000448000000000000000000000000000000100000000990000000000010000000000
11020800000200200111042414510000090000010000000448000000044800000000000000000000000000100000000005520000
120208000003002001110424145100000000000000000000000000000000000000000000000448000000000000000000000000000000
07020801000000200111042414560000000000000000100000000000000000
090208010001002001110424145600000000000002050005540000000332000000000000000000000000000000100000000890000000000010000000000
090208010002002001110424145600000000000005020000010000000100I 0000000000000000000000000000000000000100000000000060000000000
090208010003002001110424145600000000000005020000010000000100I 0000000000000000000000000000000000000100000000000060000000000
11020801000400200111042414560000090000030000000532000000053200000000000000000000000000053200000000000000
120208010005002001110424145602010000000000000000000000000000000000360000000532000000000000000000000000000000
100208010006002001110424145601000000000000003600000005320000000000000145000009
07020802000000200111042414590000000000000000100000000000000000
090208020001002001110424145900000000000020100007300000000218000000000000000000000000000000100000002000000000000010000000000
11020802000200200111042414590000090000010000000218000000021800000000000000000000000000021800000000000000
120208020003002001110424145902010000000000000000000000000000000000360000000218000000000000000000000000000000
100208020004002001110424145901000000000000003600000002180000000000000146000009
07020803000000200111042415170000000000000000100000000000000000
090208030001002001110424151700000000000020100019880000000594000000000000000000000000000000100000002000000000000010000000000
090208030002002001110424151700000000000020100026880000000804000000000000000000000000000000100000002000000000000010000000000
090208030003002001110424151700000000000002040012880000000514000000000000000000000000000000100000000500000000000010000000000
11020803000400200111042415170000090000030000001912000000191200000000000000000000000000500000000030880000
120208030005002001110424151700000000000000000000000000000000000000000000001912000000000000000000000000000000
07020804000000200111042415310000000000000000100000000000000000
090208040001002001110424153100000000000002080015180000000757000000000000000000000000000000100000000500000000000010000000000
090208040002002001110424153100000000000003040000010000000249000000000000000000000000000000000000000700000000000040000000000
090208040003002001110424153100000000000001090001000000000150000000000000000000000000000000100000001500000000000020000000000
090208040004002001110424153100000000000001080002420000000314000000000000000000000000000000100000001000000000000020000000000
090208040005002001110424153100000000000001040002020000000242000000000000000000000000000000100000002000000000000020000000000
090208040006002001110424153100000000000001010011040000000551000000000000000000000000000000100000000500000000000020000000000
090208040007002001110424153100000000000001070001120000000302000000000000000000000000000000100000005000000000000020000000000
090208040008002001110424153100000000000002130009780000000488000000000000000000000000000000100000001400000000000010000000000
11020804000900200111042415310000090000080000003053000000305300000000000000000000000000305300000000000000
120208040010002001110424153103020000000000000000000000000000000000000000003053000000000000000000000000000000
07020805000000200111042415320000000000000000100000000000000000
090208050001002001110424153200000000000001120008940000000714000000000000000000000000000000100000001000000000000020000000000
090208050002002001110424153200000000000002090004320000000604000000000000000000000000000000100000004720000000000010000000000
090208050003002001110424153200000000000002430004920000000344000000000000000000000000000000100000000000000000000010000000000
11020805000400200111042415320000090000030000001662000000166200000000000000000000000000166200000000000000
120208050005002001110424153202010000000000000000000000000000000000360000001662000000000000000000000000000000
100208050006002001110424153201000000000000003600000016620000000000000147000009
07020806000000200111042415340000000000000000100000000000000000
090208060001002001110424153400000000000002430004960000000347000000000000000000000000000000100000000000000000000010000000000
090208060002002001110424153400000000000001040005300000000635000000000000000000000000000000100000002000000000000020000000000
090208060003002001110424153400000000000001070002360000000637000000000000000000000000000000100000005000000000000020000000000
090208060004002001110424153400000000000001010009920000000495000000000000000000000000000000100000000500000000000020000000000
11020806000500200111042415340000090000040000002114000000211400000000000000000000000000211400000000000000
120208060006002001110424153403030000000000000000000000000000000000000000002114000000000000000000000000000000
07020807000000200111042415460000000000000000100000000000000000
090208070001002001110424154600000000000002010009260000000740000000000000000000000000000000100000000990000000000010000000000
11020807000200200111042415460000090000010000000740000000074000000000000000000000000000100000000002600000
120208070003002001110424154600000000000000000000000000000000000000000000000740000000000000000000000000000000
07020808000000200111042415550000000000000000100000000000000000
090208080001002001110424155500000000000002080005780000000288000000000000000000000000000000100000000500000000000010000000000
090208080002002001110424155500000000000002430001600000000112000000000000000000000000000000100000000000000000000010000000000
11020808000300200111042415550000090000020000000400000000040000000000000000000000000000040000000000000000
120208080004002001110424155500000000000000000000000000000000000000000000000400000000000000000000000000000000
07020809000000200111042415570000000000000000100000000000000000
090208090001002001110424155700000000000002140013480000000673000000000000000000000000000000100000001990000000000010000000000
11020809000200200111042415570000090000010000000673000000067300000000000000000000000000067300000000000000
120208090003002001110424155703060000000000000000000000000000000000000000000673000000000000000000000000000000
07020810000000200111042416120000000000000000100000000000000000
090208100001002001110424161200000000000002070008120000000730000000000000000000000000000000100000001990000000000010000000000
090208100002002001110424161200000000000001070000860000000232000000000000000000000000000000100000005000000000000020000000000
090208100003002001110424161200000000000001040001160000000139000000000000000000000000000000100000002000000000000020000000000
090208100004002001110424161200000000000001080001640000000213000000000000000000000000000000100000001000000000000020000000000
090208100005002001110424161200000000000001090001180000000177000000000000000000000000000000100000001500000000000020000000000
090208100006002001110424161200000000000001010009300000000464000000000000000000000000000000100000000500000000000020000000000
11020810000700200111042416120000090000060000001955000000195500000000000000000000000000195500000000000000
120208100008002001110424161203030000000000000000000000000000000000000000001955000000000000000000000000000000
07020811000000200111042416290000000000000000100000000000000000
090208110001002001110424162900000000000001010006480000000323000000000000000000000000000000100000000500000000000020000000000
090208110002002001110424162900000000000001040004820000000578000000000000000000000000000000100000002000000000000020000000000
090208110003002001110424162900000000000001090001880000000282000000000000000000000000000000100000001500000000000020000000000
090208110004002001110424162900000000000001080007660000000995000000000000000000000000000000100000001000000000000020000000000
11020811000500200111042416290000090000040000002178000000217800000000000000000000000000217800000000000000
120208110006002001110424162903100000000000000000000000000000000000000000002178000000000000000000000000000000
07020812000000200111042416380000000000000000100000000000000000
090208120001002001110424163800000000000002050007560000000453000000000000000000000000000000100000000890000000000010000000000
090208120002002001110424163800000000000021500000010000000199000000000000000000000000000000000000000990000000000010000000000
090208120003002001110424163800000000000021500000010000000199000000000000000000000000000000000000000990000000000010000000000
11020812000400200111042416380000090000030000000851000000085100000000000000000000000000100000000001490000
120208120005002001110424163800000000000000000000000000000000000000000000000851000000000000000000000000000000
07020813000000200111042416460000000000000000100000000000000000
090208130001002001110424164600000000000002070008860000000797000000000000000000000000000000100000001990000000000010000000000
090208130002002001110424164600000000000002010009760000000780000000000000000000000000000000100000000990000000000010000000000
11020813000300200111042416460000090000020000001577000000157700000000000000000000000000157700000000000000
120208130004002001110424164603060000000000000000000000000000000000000000001577000000000000000000000000000000
07020814000000200111042416480000000000000000100000000000000000
090208140001002001110424164800000000000002070007940000000714000000000000000000000000000000100000001990000000000010000000000
090208140002002001110424164800000000000003010000010000000999000000000000000000000000000000000000006000000000000050000000000
11020814000300200111042416480000090000020000001713000000171300000000000000000000000000200000000002870000
120208140004002001110424164800000000000000000000000000000000000000000000001713000000000000000000000000000000
07020815000000200111042416520000000000000000100000000000000000
090208150001002001110424165200000000000002070011620000001045000000000000000000000000000000100000001990000000000010000000000
11020815000200200111042416520000090000010000001045000000104500000000000000000000000000150000000004550000
120208150003002001110424165200000000000000000000000000000000000000000000001045000000000000000000000000000000
07020816000000200111042416540000000000000000100000000000000000
090208160001002001110424165400000000000003190000010000000500000000000000000000000000000000000000002000000000000050000000000
11020816000200200111042416540000090000010000000500000000050000000000000000000000000000050000000000000000
120208160003002001110424165400000000000000000000000000000000000000000000000500000000000000000000000000000000
07020817000000200111042416550000000000000000100000000000000000
090208170001002001110424165500000000000002090001520000000213000000000000000000000000000000100000004720000000000010000000000
090208170002002001110424165500000000000020100001640000000049000000000000000000000000000000100000002000000000000010000000000
11020817000300200111042416550000090000020000000262000000026200000000000000000000000000040000000001380000
120208170004002001110424165500000000000000000000000000000000000000000000000262000000000000000000000000000000
07020818000000200111042417010000000000000000100000000000000000
090208180001002001110424170100000000000020100026140000000782000000000000000000000000000000100000002000000000000010000000000
090208180002002001110424170100000000000002050012200000000731000000000000000000000000000000100000000890000000000010000000000
090208180003002001110424170100000000000001150004100000000369000000000000000000000000000000100000001000000000000020000000000
11020818000400200111042417010000090000030000001882000000188200000000000000000000000000188200000000000000
120208180005002001110424170103030000000000000000000000000000000000000000001882000000000000000000000000000000
07020819000000200111042417110000000000000000100000000000000000
090208190001002001110424171100000000000001090001160000000174000000000000000000000000000000100000001500000000000020000000000
090208190002002001110424171100000000000001080002580000000335000000000000000000000000000000100000001000000000000020000000000
090208190003002001110424171100000000000001040002080000000249000000000000000000000000000000100000002000000000000020000000000
11020819000400200111042417110000090000030000000758000000075800000000000000000000000000100000000002420000
120208190005002001110424171100000000000000000000000000000000000000000000000758000000000000000000000000000000
07020820000000200111042417240000000000000000100000000000000000
090208200001002001110424172400000000000002120021540000001936000000000000000000000000000000100000002250000000000010000000000
090208200002002001110424172400000000000002150000050000001495000000000000000000000000000000000000000500000000000010000000000
090208200003002001110424172400000000000002130013260000000662000000000000000000000000000000100000001400000000000010000000000
11020820000400200111042417240000090000030000004093000000409300000000000000000000000001000000000059070000
120208200005002001110424172400000000000000000000000000000000000000000000004093000000000000000000000000000000
07020821000000200111042417260000000000000000100000000000000000
090208210001002001110424172600000000000005080000010000002399I 0100000000000000000000000000000000019000000000000070000000000
11020821000200200111042417260000090000010000002399000000239900000000000000000000000000500000000026010000
120208210003002001110424172600000000000000000000000000000000000000000000002399000000000000000000000000000000
07020822000000200111042417360000000000000000100000000000000000
090208220001002001110424173600000000000003030000010000000299000000000000000000000000000000000000000830000000000040000000000
090208220002002001110424173600000000000001240002600000000390000000000000000000000000000000100000001670000000000020000000000
11020822000300200111042417360000090000020000000689000000068900000000000000000000000000200000000013110000
120208220004002001110424173600000000000000000000000000000000000000000000000689000000000000000000000000000000
07020823000000200111042417410000000000000000100000000000000000
090208230001002001110424174100000000000002080013540000000676000000000000000000000000000000100000000500000000000010000000000
11020823000200200111042417410000090000010000000676000000067600000000000000000000000000070000000000240000
120208230003002001110424174100000000000000000000000000000000000000000000000676000000000000000000000000000000
07020824000000200111042417450000000000000000100000000000000000
090208240001002001110424174500000000000001080004240000000551000000000000000000000000000000100000001000000000000020000000000
090208240002002001110424174500000000000001040005120000000614000000000000000000000000000000100000002000000000000020000000000
11020824000300200111042417450000090000020000001165000000116500000000000000000000000000120000000000350000
120208240004002001110424174500000000000000000000000000000000000000000000001165000000000000000000000000000000
07020825000000200111042417570000000000000000100000000000000000
090208250001002001110424175700000000000020100020540000000614000000000000000000000000000000100000002000000000000010000000000
090208250002002001110424175700000000000005080000010000002399I 0100000000000000000000000000000000019000000000000070000000000
11020825000300200111042417570000090000020000003013000000301300000000000000000000000000301300000000000000
120208250004002001110424175703050000000000000000000000000000000000000000003013000000000000000000000000000000
07020826000000200111042417580000000000000000100000000000000000
090208260001002001110424175800000000000002330002340000000468000000000000000000000000000000100000004990000000000010000000000
090208260002002001110424175800000000000001070000900000000243000000000000000000000000000000100000005000000000000020000000000
11020826000300200111042417580000090000020000000711000000071100000000000000000000000000071100000000000000
120208260004002001110424175803030000000000000000000000000000000000000000000711000000000000000000000000000000
07020827000000200111042417590000000000000000100000000000000000
090208270001002001110424175900000000000001090001080000000162000000000000000000000000000000100000001500000000000020000000000
090208270002002001110424175900000000000001020009640000000385000000000000000000000000000000100000001200000000000020000000000
11020827000300200111042417590000090000020000000547000000054700000000000000000000000000054700000000000000
120208270004002001110424175903030000000000000000000000000000000000000000000547000000000000000000000000000000
07020828000000200111042418000000000000000000100000000000000000
090208280001002001110424180000000000000002080009840000000491000000000000000000000000000000100000000500000000000010000000000
090208280002002001110424180000000000000020100012540000000375000000000000000000000000000000100000002000000000000010000000000
090208280003002001110424180000000000000005240000010000000699I 0100000000000000000000000000000000003000000000000080000000000
090208280004002001110424180000000000000002180000010000000799000000000000000000000000000000000000002990000000000010000000000
090208280005002001110424180000000000000002430010300000000720000000000000000000000000000000100000000000000000000010000000000
11020828000600200111042418000000090000050000003084000000308400000000000000000000000000500000000019160000
120208280007002001110424180000000000000000000000000000000000000000000000003084000000000000000000000000000000
07020829000000200111042418040000000000000000100000000000000000
090208290001002001110424180400000000000002070009440000000849000000000000000000000000000000100000001990000000000010000000000
090208290002002001110424180400000000000002050007420000000444000000000000000000000000000000100000000890000000000010000000000
11020829000300200111042418040000090000020000001293000000129300000000000000000000000000200000000007070000
120208290004002001110424180400000000000000000000000000000000000000000000001293000000000000000000000000000000
07020830000000200111042418070000000000000000100000000000000000
090208300001002001110424180700000000000005020000010000000100I 0000000000000000000000000000000000000100000000000060000000000
11020830000200200111042418070000090000010000000100000000010000000000000000000000000000010000000000000000
120208300003002001110424180700000000000000000000000000000000000000000000000100000000000000000000000000000000
07020831000000200111042418120000000000000000100000000000000000
090208310001002001110424181200000000000005080000010000002399I 0100000000000000000000000000000000019000000000000070000000000
11020831000200200111042418120000090000010000002399000000239900000000000000000000000000239900000000000000
120208310003002001110424181203050000000000000000000000000000000000000000002399000000000000000000000000000000
07020832000000200111042418140000000000000000100000000000000000
090208320001002001110424181400000000000001020009400000000375000000000000000000000000000000100000001200000000000020000000000
090208320002002001110424181400000000000002040001220000000049000000000000000000000000000000100000000500000000000010000000000
11020832000300200111042418140000090000020000000424000000042400000000000000000000000000050000000000760000
120208320004002001110424181400000000000000000000000000000000000000000000000424000000000000000000000000000000
07020833000000200111042418170000000000000000100000000000000000
090208330001002001110424181700000000000001010011020000000550000000000000000000000000000000100000000500000000000020000000000
090208330002002001110424181700000000000011000004820000000192000000000000000000000000000000100000000990000000000020000000000
090208330003002001110424181700000000000001060004520000000452000000000000000000000000000000100000001500000000000020000000000
090208330004002001110424181700000000000001120008520000000681000000000000000000000000000000100000001000000000000020000000000
090208330005002001110424181700000000000001070001020000000275000000000000000000000000000000100000005000000000000020000000000
090208330006002001110424181700000000000001250007220000000288I 0000000000000000000000000000100000000530000000000020000000000
090208330007002001110424181700000000000001160004260000000213000000000000000000000000000000100000000670000000000020000000000
11020833000800200111042418170000090000070000002651000000265100000000000000000000000000300000000003490000
120208330009002001110424181700000000000000000000000000000000000000000000002651000000000000000000000000000000
07020834000000200111042418180000000000000000100000000000000000
090208340001002001110424181800000000000005020000010000000100I 0000000000000000000000000000000000000100000000000060000000000
11020834000200200111042418180000090000010000000100000000010000000000000000000000000000010000000000000000
120208340003002001110424181800000000000000000000000000000000000000000000000100000000000000000000000000000000
07020835000000200111042418200000000000000000100000000000000000
090208350001002001110424182000000000000003040000010000000249000000000000000000000000000000000000000700000000000040000000000
090208350002002001110424182000000000000001010005980000000298000000000000000000000000000000100000000500000000000020000000000
090208350003002001110424182000000000000001040002140000000257000000000000000000000000000000100000002000000000000020000000000
11020835000400200111042418200000090000030000000804000000080400000000000000000000000000100000000001960000
120208350005002001110424182000000000000000000000000000000000000000000000000804000000000000000000000000000000
07020836000000200111042418240000000000000000100000000000000000
090208360001002001110424182400000000000002080009760000000487000000000000000000000000000000100000000500000000000010000000000
11020836000200200111042418240000090000010000000487000000048700000000000000000000000000048700000000000000
120208360003002001110424182403030000000000000000000000000000000000000000000487000000000000000000000000000000
07020837000000200111042418250000000000000000100000000000000000
090208370001002001110424182500000000000011000006760000000270000000000000000000000000000000100000000990000000000020000000000
11020837000200200111042418250000090000010000000270000000027000000000000000000000000000050000000002300000
120208370003002001110424182500000000000000000000000000000000000000000000000270000000000000000000000000000000
07020838000000200111042418260000000000000000100000000000000000
090208380001002001110424182600000000000001010007380000000368000000000000000000000000000000100000000500000000000020000000000
090208380002002001110424182600000000000003040000010000000249000000000000000000000000000000000000000700000000000040000000000
11020838000300200111042418260000090000020000000617000000061700000000000000000000000000061700000000000000
120208380004002001110424182603050000000000000000000000000000000000000000000617000000000000000000000000000000
14020839000000200111042418290000010000000000
07020840000000200111042418300000000000000000100000000000000000
090208400001002001110424183000000000000001050008240000000658000000000000000000000000000000100000000500000000000020000000000
11020840000200200111042418300000090000010000000658000000065800000000000000000000000000065800000000000000
120208400003002001110424183000000000000000000000000000000000000000000000000658000000000000000000000000000000
07020841000000200111042418410000000000000000100000000000000000
090208410001002001110424184100000000000003250000010000000199000000000000000000000000000000000000000790000000000040000000000
11020841000200200111042418410000090000010000000199000000019900000000000000000000000000019900000000000000
120208410003002001110424184103030000000000000000000000000000000000000000000199000000000000000000000000000000
07020842000000200111042418460000000000000000100000000000000000
090208420001002001110424184600000000000003010000010000000999000000000000000000000000000000000000006000000000000050000000000
11020842000200200111042418460000090000010000000999000000099900000000000000000000000000099900000000000000
120208420003002001110424184603050000000000000000000000000000000000000000000999000000000000000000000000000000
07020843000000200111042418500000000000000000100000000000000000
090208430001002001110424185000000000000003010000010000000999000000000000000000000000000000000000006000000000000050000000000
090208430002002001110424185000000000000001180003040000000243000000000000000000000000000000100000001000000000000020000000000
090208430003002001110424185000000000000003040000010000000249000000000000000000000000000000000000000700000000000040000000000
11020843000400200111042418500000090000030000001491000000149100000000000000000000000000150000000000090000
120208430005002001110424185000000000000000000000000000000000000000000000001491000000000000000000000000000000
07020844000000200111042418520000000000000000100000000000000000
090208440001002001110424185200000000000001060003060000000306000000000000000000000000000000100000001500000000000020000000000
090208440002002001110424185200000000000011000004820000000192000000000000000000000000000000100000000990000000000020000000000
090208440003002001110424185200000000000001250004180000000167I 0000000000000000000000000000100000000530000000000020000000000
090208440004002001110424185200000000000002070011760000001057000000000000000000000000000000100000001990000000000010000000000
11020844000500200111042418520000090000040000001722000000172200000000000000000000000000172200000000000000
120208440006002001110424185200000000000000000000000000000000000000000000001722000000000000000000000000000000
07020845000000200111042418540000000000000000100000000000000000
090208450001002001110424185400000000000004020000010000000100I 0300000000000000000000000000000000000230000000000030000000000
090208450002002001110424185400000000000004020000010000000100I 0300000000000000000000000000000000000230000000000030000000000
11020845000300200111042418540000090000020000000200000000020000000000000000000000000000020000000000000000
120208450004002001110424185400000000000000000000000000000000000000000000000200000000000000000000000000000000
07020846000000200111042419000000000000000000100000000000000000
090208460001002001110424190000000000000002110008840000000441000000000000000000000000000000100000000990000000000010000000000
11020846000200200111042419000000090000010000000441000000044100000000000000000000000000050000000000590000
120208460003002001110424190000000000000000000000000000000000000000000000000441000000000000000000000000000000
07020847000000200111042419050000000000000000100000000000000000
090208470001002001110424190500000000000003250000010000000199000000000000000000000000000000000000000790000000000040000000000
11020847000200200111042419050000090000010000000199000000019900000000000000000000000000019900000000000000
120208470003002001110424190500000000000000000000000000000000000000000000000199000000000000000000000000000000
07020848000000200111042419050000000000000000100000000000000000
090208480001002001110424190500000000000005480000010000000250I 0100000000000000000000000000000000000000000000000080000000000
11020848000200200111042419050000090000010000000250000000025000000000000000000000000000025000000000000000
120208480003002001110424190500000000000000000000000000000000000000000000000250000000000000000000000000000000
07020849000000200111042419130000000000000000100000000000000000
090208490001002001110424191300000000000002040001980000000079000000000000000000000000000000100000000500000000000010000000000
11020849000200200111042419130000090000010000000079000000007900000000000000000000000000050000000004210000
120208490003002001110424191300000000000000000000000000000000000000000000000079000000000000000000000000000000
07020850000000200111042419150000000000000000100000000000000000
090208500001002001110424191500000000000001150003260000000293000000000000000000000000000000100000001000000000000020000000000
090208500002002001110424191500000000000001020010900000000435000000000000000000000000000000100000001200000000000020000000000
090208500003002001110424191500000000000002040001340000000053000000000000000000000000000000100000000500000000000010000000000
090208500004002001110424191500000000000001220004540000000317000000000000000000000000000000100000001500000000000020000000000
090208500005002001110424191500000000000001050001280000000102000000000000000000000000000000100000000500000000000020000000000
11020850000600200111042419150000090000050000001200000000120000000000000000000000000000120000000000000000
120208500007002001110424191503100000000000000000000000000000000000000000001200000000000000000000000000000000
07020851000000200111042419190000000000000000100000000000000000
090208510001002001110424191900000000000001060004180000000418000000000000000000000000000000100000001500000000000020000000000
11020851000200200111042419190000090000010000000418000000041800000000000000000000000000041800000000000000
120208510003002001110424191902010000000000000000000000000000000000040000000418000000000000000000000000000000
100208510004002001110424191901000000000000000400000004180000000000001156000009
07020852000000200111042419370000000000000000100000000000000000
090208520001002001110424193700000000000001170004680000000280000000000000000000000000000000100000000590000000000020000000000
090208520002002001110424193700000000000001040001740000000209000000000000000000000000000000100000002000000000000020000000000
090208520003002001110424193700000000000001070000460000000124000000000000000000000000000000100000005000000000000020000000000
090208520004002001110424193700000000000001070000380000000103000000000000000000000000000000100000005000000000000020000000000
11020852000500200111042419370000090000040000000716000000071600000000000000000000000000100000000002840000
120208520006002001110424193700000000000000000000000000000000000000000000000716000000000000000000000000000000
07020853000000200111042419390000000000000000100000000000000000
090208530001002001110424193900000000000001270003840000000307000000000000000000000000000000100000000250000000000020000000000
090208530002002001110424193900000000000001120007800000000623000000000000000000000000000000100000001000000000000020000000000
090208530003002001110424193900000000000001060007640000000763000000000000000000000000000000100000001500000000000020000000000
090208530004002001110424193900000000000001010012520000000625000000000000000000000000000000100000000500000000000020000000000
090208530005002001110424193900000000000001250003620000000144I 0000000000000000000000000000100000000530000000000020000000000
090208530006002001110424193900000000000011000004460000000178000000000000000000000000000000100000000990000000000020000000000
090208530007002001110424193900000000000005020000010000000100I 0000000000000000000000000000000000000100000000000060000000000
11020853000800200111042419390000090000070000002740000000274000000000000000000000000000274000000000000000
120208530009002001110424193903100000000000000000000000000000000000000000002740000000000000000000000000000000
07020854000000200111042419390000000000000000100000000000000000
090208540001002001110424193900000000000005020000010000000100I 0000000000000000000000000000000000000100000000000060000000000
090208540002002001110424193900000000000005020000010000000100I 0000000000000000000000000000000000000100000000000060000000000
090208540003002001110424193900000000000005020000010000000100I 0000000000000000000000000000000000000100000000000060000000000
11020854000400200111042419390000090000030000000300000000030000000000000000000000000000030000000000000000
120208540005002001110424193900000000000000000000000000000000000000000000000300000000000000000000000000000000
07020855000000200111042419400000000000000000100000000000000000
090208550001002001110424194000000000000001010007380000000368000000000000000000000000000000100000000500000000000020000000000
11020855000200200111042419400000090000010000000368000000036800000000000000000000000000036800000000000000
120208550003002001110424194003050000000000000000000000000000000000000000000368000000000000000000000000000000
14020856000000200111042419480000010000000000
07020857000000200111042419510000000000000000100000000000000000
090208570001002001110424195100000000000001070000420000000113000000000000000000000000000000100000005000000000000020000000000
11020857000200200111042419510000090000010000000113000000011300000000000000000000000000011300000000000000
120208570003002001110424195100000000000000000000000000000000000000000000000113000000000000000000000000000000
07020858000000200111042419590000000000000000100000000000000000
090208580001002001110424195900000000000001020005400000000215000000000000000000000000000000100000001200000000000020000000000
090208580002002001110424195900000000000003040000010000000249000000000000000000000000000000000000000700000000000040000000000
090208580003002001110424195900000000000001080002120000000275000000000000000000000000000000100000001000000000000020000000000
090208580004002001110424195900000000000001090000880000000132000000000000000000000000000000100000001500000000000020000000000
090208580005002001110424195900000000000001050002020000000161000000000000000000000000000000100000000500000000000020000000000
11020858000600200111042419590000090000050000001032000000103200000000000000000000000000103200000000000000
120208580007002001110424195903100000000000000000000000000000000000000000001032000000000000000000000000000000
07020859000000200111042420020000000000000000100000000000000000
090208590001002001110424200200000000000003250000010000000199000000000000000000000000000000000000000790000000000040000000000
090208590002002001110424200200000000000003020000010000000150000000000000000000000000000000000000000500000000000030000000000
11020859000300200111042420020000090000020000000349000000034900000000000000000000000000034900000000000000
120208590004002001110424200203040000000000000000000000000000000000000000000349000000000000000000000000000000
07020860000000200111042420060000000000000000100000000000000000
090208600001002001110424200600000000000002010008360000000668000000000000000000000000000000100000000990000000000010000000000
090208600002002001110424200600000000000002110006520000000325000000000000000000000000000000100000000990000000000010000000000
11020860000300200111042420060000090000020000000993000000099300000000000000000000000000100000000000070000
120208600004002001110424200600000000000000000000000000000000000000000000000993000000000000000000000000000000
07020861000000200111042420070000000000000000100000000000000000
090208610001002001110424200700000000000002110005720000000285000000000000000000000000000000100000000990000000000010000000000
11020861000200200111042420070000090000010000000285000000028500000000000000000000000000028500000000000000
120208610003002001110424200702010000000000000000000000000000000000210000000285000000000000000000000000000000
100208610004002001110424200701000000000000002100000002850000000000000587000009
07020862000000200111042420090000000000000000100000000000000000
090208620001002001110424200900000000000002070008020000000721000000000000000000000000000000100000001990000000000010000000000
090208620002002001110424200900000000000002090005720000000800000000000000000000000000000000100000004720000000000010000000000
090208620003002001110424200900000000000001010006720000000335000000000000000000000000000000100000000500000000000020000000000
11020862000400200111042420090000090000030000001856000000185600000000000000000000000000185600000000000000
120208620005002001110424200903040000000000000000000000000000000000000000001856000000000000000000000000000000
060208620006002001110424201100000100000300000000000000000000000000000000000000000000
18020862000700200111042420120100000010000000000000000000000001
060208620008002001110424201200000100000080000000000000000000000000000000000000000000
07020863000000200111042420160000000000000000100000000000000000
090208630001002001110424201600000000000004020000010000000100I 0300000000000000000000000000000000000230000000000030000000000
090208630002002001110424201600000000000004020000010000000100I 0300000000000000000000000000000000000230000000000030000000000
11020863000300200111042420160000090000020000000200000000020000000000000000000000000000020000000000000000
120208630004002001110424201602010000000000000000000000000000000000360000000200000000000000000000000000000000
100208630005002001110424201601000000000000003600000002000000000000000148000009
07020864000000200111042420330000000000000000100000000000000000
090208640001002001110424203300000000000002050017520000001049000000000000000000000000000000100000000890000000000010000000000
090208640002002001110424203300000000000002180000010000000799000000000000000000000000000000000000002990000000000010000000000
11020864000300200111042420330000090000020000001848000000184800000000000000000000000000200000000001520000
120208640004002001110424203300000000000000000000000000000000000000000000001848000000000000000000000000000000
07020865000000200111042420330000000000000000100000000000000000
090208650001002001110424203300000000000005040000010000000799I 0000000000000000000000000000000000000000000000000010000000000
11020865000200200111042420330000090000010000000799000000079900000000000000000000000000200000000012010000
120208650003002001110424203300000000000000000000000000000000000000000000000799000000000000000000000000000000
07020866000000200111042420430000000000000000100000000000000000
090208660001002001110424204300000000000001050008220000000657000000000000000000000000000000100000000500000000000020000000000
090208660002002001110424204300000000000004020000010000000100I 0300000000000000000000000000000000000230000000000030000000000
090208660003002001110424204300000000000004020000010000000100I 0300000000000000000000000000000000000230000000000030000000000
090208660004002001110424204300000000000003020000010000000150000000000000000000000000000000000000000500000000000030000000000
11020866000500200111042420430000090000040000001007000000100700000000000000000000000000100700000000000000
120208660006002001110424204300000000000000000000000000000000000000000000001007000000000000000000000000000000
14020867000000200111042420580000010000000000
07020868000000200111042420580000000000000000100000000000000000
090208680001002001110424205800000000000002080009440000000471000000000000000000000000000000100000000500000000000010000000000
11020868000200200111042420580000090000010000000471000000047100000000000000000000000000050000000000290000
120208680003002001110424205800000000000000000000000000000000000000000000000471000000000000000000000000000000
0402086900000020011104242100000001020719020869000000243899860000002454803011042400001482250000000000000000000000000033790001000000000000000000000000000000000000000000000000000000000000000000000000000000001234567890AB        
