01022076000000200119042407030000010000008000000000259387801.82G5E   1234567890AB        Generica            
02022076000100200119042407030000010000090000000000
07022077000000200119042407080000000000000000100000000000000000
090220770001002001190424070800000000000003010000010000000999000000000000000000000000000000000000006000000000000050000000000
11022077000200200119042407080000090000010000000999000000099900000000000000000000000000099900000000000000
120220770003002001190424070800000000000000000000000000000000000000000000000999000000000000000000000000000000
07022078000000200119042407100000000000000000100000000000000000
090220780001002001190424071000000000000002090003540000000495000000000000000000000000000000100000004720000000000010000000000
090220780002002001190424071000000000000002280004400000000352000000000000000000000000000000100000001000000000000010000000000
090220780003002001190424071000000000000002180000010000000799000000000000000000000000000000000000002990000000000010000000000
090220780004002001190424071000000000000002120015940000001433000000000000000000000000000000100000002250000000000010000000000
090220780005002001190424071000000000000002250007360000000441000000000000000000000000000000100000002670000000000010000000000
11022078000600200119042407100000090000050000003520000000352000000000000000000000000000352000000000000000
120220780007002001190424071000000000000000000000000000000000000000000000003520000000000000000000000000000000
07022079000000200119042407250000000000000000100000000000000000
090220790001002001190424072500000000000001070002480000000669000000000000000000000000000000100000005000000000000020000000000
090220790002002001190424072500000000000001290005980000000358000000000000000000000000000000100000000250000000000020000000000
11022079000300200119042407250000090000020000001027000000102700000000000000000000000000102700000000000000
120220790004002001190424072503010000000000000000000000000000000000000000001027000000000000000000000000000000
07022080000000200119042407360000000000000000100000000000000000
090220800001002001190424073600000000000001250008840000000441I 0000000000000000000000000000100000000530000000000020000000000
11022080000200200119042407360000090000010000000441000000044100000000000000000000000000044100000000000000
120220800003002001190424073600000000000000000000000000000000000000000000000441000000000000000000000000000000
07022081000000200119042407400000000000000000100000000000000000
090220810001002001190424074000000000000001020029520000001178000000000000000000000000000000100000001200000000000020000000000
090220810002002001190424074000000000000001290006900000000413000000000000000000000000000000100000000250000000000020000000000
090220810003002001190424074000000000000005020000020000000200I 0000000000000000000000000000000000000100000000000060000000000
090220810004002001190424074000000000000001050006580000000526000000000000000000000000000000100000000500000000000020000000000
11022081000500200119042407400000090000040000002317000000231700000000000000000000000000231700000000000000
120220810006002001190424074003010000000000000000000000000000000000000000002000000000000000000000000000000000
120220810007002001190424074000000000000000000000000000000000000000000000000317000000000000000000000000000000
07022082000000200119042407420000000000000000100000000000000000
090220820001002001190424074200000000000001070000680000000184000000000000000000000000000000100000005000000000000020000000000
090220820002002001190424074200000000000002430001760000000123000000000000000000000000000000100000000000000000000010000000000
090220820003002001190424074200000000000001050014320000001144000000000000000000000000000000100000000500000000000020000000000
090220820004002001190424074200000000000001050015660000001251000000000000000000000000000000100000000500000000000020000000000
090220820005002001190424074200000000000003030000020000000598000000000000000000000000000000000000000830000000000040000000000
090220820006002001190424074200000000000003250000020000000398000000000000000000000000000000000000000790000000000040000000000
11022082000700200119042407420000090000060000003698000000369800000000000000000000000000500000000013020000
120220820008002001190424074200000000000000000000000000000000000000000000003698000000000000000000000000000000
07022083000000200119042407470000000000000000100000000000000000
090220830001002001190424074700000000000001130012240000000488000000000000000000000000000000100000001500000000000020000000000
11022083000200200119042407470000090000010000000488000000048800000000000000000000000000048800000000000000
120220830003002001190424074700000000000000000000000000000000000000000000000488000000000000000000000000000000
07022084000000200119042407490000000000000000100000000000000000
090220840001002001190424074900000000000001020024960000000746000000000000000000000000000000100000001200000000000020000000000
090220840002002001190424074900000000000011000003900000000117000000000000000000000000000000100000000990000000000020000000000
090220840003002001190424074900000000000002070008760000000525000000000000000000000000000000100000001990000000000010000000000
090220840004002001190424074900000000000001060007920000000554000000000000000000000000000000100000001500000000000020000000000
11022084000500200119042407490000090000040000001942000000194200000000000000000000000000200000000000580000
120220840006002001190424074900000000000000000000000000000000000000000000001942000000000000000000000000000000
07022085000000200119042407570000000000000000100000000000000000
090220850001002001190424075700000000000001020009480000000283000000000000000000000000000000100000001200000000000020000000000
11022085000200200119042407570000090000010000000283000000028300000000000000000000000000028300000000000000
120220850003002001190424075700000000000000000000000000000000000000000000000283000000000000000000000000000000
07022086000000200119042407580000000000000000100000000000000000
090220860001002001190424075800000000000001250009600000000479I 0000000000000000000000000000100000000530000000000020000000000
090220860002002001190424075800000000000003040000010000000299000000000000000000000000000000000000000700000000000040000000000
11022086000300200119042407580000090000020000000778000000077800000000000000000000000000500000000042220000
120220860004002001190424075800000000000000000000000000000000000000000000000778000000000000000000000000000000
07022087000000200119042408110000000000000000100000000000000000
090220870001002001190424081100000000000010100010580000000316000000000000000000000000000000100000000500000000000020000000000
090220870002002001190424081100000000000003190000010000000500000000000000000000000000000000000000002000000000000050000000000
11022087000300200119042408110000090000020000000816000000081600000000000000000000000000081600000000000000
120220870004002001190424081103010000000000000000000000000000000000000000000816000000000000000000000000000000
07022088000000200119042408140000000000000000100000000000000000
090220880001002001190424081400000000000002040003340000000100000000000000000000000000000000100000000500000000000010000000000
17022088000200200119042408140000000000000580
090220880003002001190424081400000000000002070011620000000696000000000000000000000000000000100000001990000000000010000000000
090220880004002001190424081400000000000002110007440000000297000000000000000000000000000000100000000990000000000010000000000
090220880005002001190424081400000000000001290006440000000321000000000000000000000000000000100000000250000000000020000000000
090220880006002001190424081400000000000001090001120000000112000000000000000000000000000000100000001500000000000020000000000
090220880007002001190424081400000000000001020009460000000283000000000000000000000000000000100000001200000000000020000000000
11022088000800200119042408140000090000060000001809000000180900000000000000000000000000200000000001910000
120220880009002001190424081400000000000000000000000000000000000000000000001809000000000000000000000000000000
07022089000000200119042408290000000000000000100000000000000000
090220890001002001190424082900000000000003040000020000000598000000000000000000000000000000000000000700000000000040000000000
11022089000200200119042408290000090000010000000598000000059800000000000000000000000000059800000000000000
120220890003002001190424082900000000000000000000000000000000000000000000000598000000000000000000000000000000
07022090000000200119042408410000000000000000100000000000000000
090220900001002001190424084100000000000003040000010000000299000000000000000000000000000000000000000700000000000040000000000
090220900002002001190424084100000000000003250000010000000199000000000000000000000000000000000000000790000000000040000000000
11022090000300200119042408410000090000020000000498000000049800000000000000000000000000049800000000000000
120220900004002001190424084100000000000000000000000000000000000000000000000498000000000000000000000000000000
07022091000000200119042408410000000000000000100000000000000000
090220910001002001190424084100000000000002430007660000000535000000000000000000000000000000100000000000000000000010000000000
11022091000200200119042408410000090000010000000535000000053500000000000000000000000000100000000004650000
120220910003002001190424084100000000000000000000000000000000000000000000000535000000000000000000000000000000
07022092000000200119042408470000000000000000100000000000000000
090220920001002001190424084700000000000001010006380000000318000000000000000000000000000000100000000500000000000020000000000
11022092000200200119042408470000090000010000000318000000031800000000000000000000000000200000000016820000
120220920003002001190424084700000000000000000000000000000000000000000000000318000000000000000000000000000000
07022093000000200119042408530000000000000000100000000000000000
090220930001002001190424085300000000000002260005460000000327000000000000000000000000000000100000002000000000000010000000000
090220930002002001190424085300000000000001050013680000001093000000000000000000000000000000100000000500000000000020000000000
11022093000300200119042408530000090000020000001420000000142000000000000000000000000000200000000005800000
120220930004002001190424085300000000000000000000000000000000000000000000001420000000000000000000000000000000
14022094000000200119042408550000010000001051
14022095000000200119042408560000010000002201
07022096000000200119042408570000000000000000100000000000000000
090220960001002001190424085700000000000001090002540000000254000000000000000000000000000000100000001500000000000020000000000
090220960002002001190424085700000000000001050007460000000596000000000000000000000000000000100000000500000000000020000000000
11022096000300200119042408570000090000020000000850000000085000000000000000000000000000085000000000000000
120220960004002001190424085700000000000000000000000000000000000000000000000850000000000000000000000000000000
07022097000000200119042408580000000000000000100000000000000000
090220970001002001190424085800000000000001020013940000000417000000000000000000000000000000100000001200000000000020000000000
090220970002002001190424085800000000000001050008000000000639000000000000000000000000000000100000000500000000000020000000000
090220970003002001190424085800000000000001070002660000000718000000000000000000000000000000100000005000000000000020000000000
11022097000400200119042408580000090000030000001774000000177400000000000000000000000000177400000000000000
120220970005002001190424085803050000000000000000000000000000000000000000001774000000000000000000000000000000
07022098000000200119042409080000000000000000100000000000000000
090220980001002001190424090800000000000001090001860000000186000000000000000000000000000000100000001500000000000020000000000
090220980002002001190424090800000000000001250007400000000369I 0000000000000000000000000000100000000530000000000020000000000
090220980003002001190424090800000000000003250000100000001990000000000000000000000000000000000000000790000000000040000000000
11022098000400200119042409080000090000030000002545000000254500000000000000000000000000254500000000000000
120220980005002001190424090803010000000000000000000000000000000000000000002545000000000000000000000000000000
07022099000000200119042409110000000000000000100000000000000000
090220990001002001190424091100000000000001070004680000001263000000000000000000000000000000100000005000000000000020000000000
090220990002002001190424091100000000000001250005820000000290I 0000000000000000000000000000100000000530000000000020000000000
090220990003002001190424091100000000000001060004180000000292000000000000000000000000000000100000001500000000000020000000000
090220990004002001190424091100000000000001110005040000000604000000000000000000000000000000100000001990000000000020000000000
090220990005002001190424091100000000000001160013580000000678000000000000000000000000000000100000000670000000000020000000000
090220990006002001190424091100000000000001170004340000000173000000000000000000000000000000100000000590000000000020000000000
11022099000700200119042409110000090000060000003300000000330000000000000000000000000000330000000000000000
120220990008002001190424091100000000000000000000000000000000000000000000003300000000000000000000000000000000
07022100000000200119042409120000000000000000100000000000000000
090221000001002001190424091200000000000001020014600000000437000000000000000000000000000000100000001200000000000020000000000
11022100000200200119042409120000090000010000000437000000043700000000000000000000000000043700000000000000
120221000003002001190424091200000000000000000000000000000000000000000000000437000000000000000000000000000000
07022101000000200119042409130000000000000000100000000000000000
090221010001002001190424091300000000000001090006680000000667000000000000000000000000000000100000001500000000000020000000000
11022101000200200119042409130000090000010000000667000000066700000000000000000000000000200000000013330000
120221010003002001190424091300000000000000000000000000000000000000000000000667000000000000000000000000000000
07022102000000200119042409170000000000000000100000000000000000
090221020001002001190424091700000000000002070009900000000593000000000000000000000000000000100000001990000000000010000000000
090221020002002001190424091700000000000001120007400000000517000000000000000000000000000000100000001000000000000020000000000
090221020003002001190424091700000000000001020008400000000251000000000000000000000000000000100000001200000000000020000000000
090221020004002001190424091700000000000005020000070000000700I 0000000000000000000000000000000000000100000000000060000000000
11022102000500200119042409170000090000040000002061000000206100000000000000000000000000206100000000000000
120221020006002001190424091703060000000000000000000000000000000000000000002061000000000000000000000000000000
07022103000000200119042409200000000000000000100000000000000000
090221030001002001190424092000000000000002080012060000000602000000000000000000000000000000100000000500000000000010000000000
11022103000200200119042409200000090000010000000602000000060200000000000000000000000000060200000000000000
120221030003002001190424092000000000000000000000000000000000000000000000000602000000000000000000000000000000
07022104000000200119042409270000000000000000100000000000000000
090221040001002001190424092700000000000003250000010000000199000000000000000000000000000000000000000790000000000040000000000
090221040002002001190424092700000000000003030000010000000299000000000000000000000000000000000000000830000000000040000000000
11022104000300200119042409270000090000020000000498000000049800000000000000000000000000049800000000000000
120221040004002001190424092700000000000000000000000000000000000000000000000498000000000000000000000000000000
07022105000000200119042409300000000000000000100000000000000000
090221050001002001190424093000000000000005040000010000000799I 0000000000000000000000000000000000000000000000000010000000000
11022105000200200119042409300000090000010000000799000000079900000000000000000000000000500000000042010000
120221050003002001190424093000000000000000000000000000000000000000000000000799000000000000000000000000000000
07022106000000200119042409310000000000000000100000000000000000
090221060001002001190424093100000000000003030000020000000598000000000000000000000000000000000000000830000000000040000000000
11022106000200200119042409310000090000010000000598000000059800000000000000000000000000200000000014020000
120221060003002001190424093100000000000000000000000000000000000000000000000598000000000000000000000000000000
07022107000000200119042409350000000000000000100000000000000000
090221070001002001190424093500000000000003190000010000000500000000000000000000000000000000000000002000000000000050000000000
090221070002002001190424093500000000000005020000020000000200I 0000000000000000000000000000000000000100000000000060000000000
11022107000300200119042409350000090000020000000700000000070000000000000000000000000000070000000000000000
120221070004002001190424093503030000000000000000000000000000000000000000000700000000000000000000000000000000
07022108000000200119042409370000000000000000100000000000000000
090221080001002001190424093700000000000001040001460000000175000000000000000000000000000000100000002000000000000020000000000
090221080002002001190424093700000000000001080007380000000663000000000000000000000000000000100000001000000000000020000000000
090221080003002001190424093700000000000003030000010000000299000000000000000000000000000000000000000830000000000040000000000
090221080004002001190424093700000000000001110002000000000240000000000000000000000000000000100000001990000000000020000000000
090221080005002001190424093700000000000003200000010000002299000000000000000000000000000000000000000000000000000050000000000
11022108000600200119042409370000090000050000003676000000367600000000000000000000000000500000000013240000
120221080007002001190424093700000000000000000000000000000000000000000000003676000000000000000000000000000000
14022109000000200119042409400000010000000000
07022110000000200119042409410000000000000000100000000000000000
090221100001002001190424094100000000000002430009040000000632000000000000000000000000000000100000000000000000000010000000000
11022110000200200119042409410000090000010000000632000000063200000000000000000000000000063200000000000000
120221100003002001190424094103050000000000000000000000000000000000000000000632000000000000000000000000000000
07022111000000200119042409470000000000000000100000000000000000
090221110001002001190424094700000000000002130013440000000536000000000000000000000000000000100000001400000000000010000000000
090221110002002001190424094700000000000001020007240000000216000000000000000000000000000000100000001200000000000020000000000
090221110003002001190424094700000000000011000007480000000224000000000000000000000000000000100000000990000000000020000000000
090221110004002001190424094700000000000001050002660000000213000000000000000000000000000000100000000500000000000020000000000
090221110005002001190424094700000000000001290003500000000175000000000000000000000000000000100000000250000000000020000000000
090221110006002001190424094700000000000002260003540000000212000000000000000000000000000000100000002000000000000010000000000
11022111000700200119042409470000090000060000001576000000157600000000000000000000000000157600000000000000
120221110008002001190424094703010000000000000000000000000000000000000000001576000000000000000000000000000000
07022112000000200119042409540000000000000000100000000000000000
090221120001002001190424095400000000000005020000020000000200I 0000000000000000000000000000000000000100000000000060000000000
090221120002002001190424095400000000000002190000010000000899000000000000000000000000000000000000002250000000000010000000000
090221120003002001190424095400000000000002070008060000000483000000000000000000000000000000100000001990000000000010000000000
090221120004002001190424095400000000000003030000010000000299000000000000000000000000000000000000000830000000000040000000000
090221120005002001190424095400000000000001070001540000000416000000000000000000000000000000100000005000000000000020000000000
090221120006002001190424095400000000000001260004020000000241000000000000000000000000000000100000000500000000000020000000000
090221120007002001190424095400000000000003250000020000000398000000000000000000000000000000000000000790000000000040000000000
090221120008002001190424095400000000000001160010240000000511000000000000000000000000000000100000000670000000000020000000000
090221120009002001190424095400000000000001080005760000000518000000000000000000000000000000100000001000000000000020000000000
090221120010002001190424095400000000000001040005280000000633000000000000000000000000000000100000002000000000000020000000000
090221120011002001190424095400000000000001180002180000000174000000000000000000000000000000100000001000000000000020000000000
090221120012002001190424095400000000000002330006200000001239000000000000000000000000000000100000004990000000000010000000000
11022112001300200119042409540000090000120000006011000000601100000000000000000000000000601100000000000000
120221120014002001190424095403050000000000000000000000000000000000000000006011000000000000000000000000000000
07022113000000200119042410000000000000000000100000000000000000
090221130001002001190424100000000000000001150002780000000222000000000000000000000000000000100000001000000000000020000000000
11022113000200200119042410000000090000010000000222000000022200000000000000000000000000022200000000000000
120221130003002001190424100000000000000000000000000000000000000000000000000222000000000000000000000000000000
07022114000000200119042410100000000000000000100000000000000000
090221140001002001190424101000000000000003030000010000000299000000000000000000000000000000000000000830000000000040000000000
090221140002002001190424101000000000000002250011600000000695000000000000000000000000000000100000002670000000000010000000000
11022114000300200119042410100000090000020000000994000000099400000000000000000000000000099400000000000000
120221140004002001190424101000000000000000000000000000000000000000000000000994000000000000000000000000000000
07022115000000200119042410140000000000000000100000000000000000
090221150001002001190424101400000000000002140012960000001036000000000000000000000000000000100000001990000000000010000000000
090221150002002001190424101400000000000002130015160000000605000000000000000000000000000000100000001400000000000010000000000
11022115000300200119042410140000090000020000001641000000164100000000000000000000000000164100000000000000
120221150004002001190424101403010000000000000000000000000000000000000000001641000000000000000000000000000000
07022116000000200119042410170000000000000000100000000000000000
090221160001002001190424101700000000000005040000010000000799I 0000000000000000000000000000000000000000000000000010000000000
11022116000200200119042410170000090000010000000799000000079900000000000000000000000000079900000000000000
120221160003002001190424101700000000000000000000000000000000000000000000000799000000000000000000000000000000
07022117000000200119042410220000000000000000100000000000000000
090221170001002001190424102200000000000001010010180000000508000000000000000000000000000000100000000500000000000020000000000
11022117000200200119042410220000090000010000000508000000050800000000000000000000000000050800000000000000
120221170003002001190424102200000000000000000000000000000000000000000000000508000000000000000000000000000000
07022118000000200119042410310000000000000000100000000000000000
090221180001002001190424103100000000000002130030500000001217000000000000000000000000000000100000001400000000000010000000000
11022118000200200119042410310000090000010000001217000000121700000000000000000000000000121700000000000000
120221180003002001190424103103010000000000000000000000000000000000000000001217000000000000000000000000000000
07022119000000200119042410370000000000000000100000000000000000
090221190001002001190424103700000000000005080000020000004798I 0100000000000000000000000000000000019000000000000070000000000
11022119000200200119042410370000090000010000004798000000479800000000000000000000000000479800000000000000
120221190003002001190424103703010000000000000000000000000000000000000000004798000000000000000000000000000000
07022120000000200119042410400000000000000000100000000000000000
090221200001002001190424104000000000000002050006260000000312000000000000000000000000000000100000000890000000000010000000000
11022120000200200119042410400000090000010000000312000000031200000000000000000000000000031200000000000000
120221200003002001190424104000000000000000000000000000000000000000000000000312000000000000000000000000000000
07022121000000200119042410400000000000000000100000000000000000
090221210001002001190424104000000000000002070009140000000547000000000000000000000000000000100000001990000000000010000000000
11022121000200200119042410400000090000010000000547000000054700000000000000000000000000054700000000000000
120221210003002001190424104000000000000000000000000000000000000000000000000547000000000000000000000000000000
07022122000000200119042410430000000000000000100000000000000000
090221220001002001190424104300000000000003030000010000000299000000000000000000000000000000000000000830000000000040000000000
090221220002002001190424104300000000000001070002260000000610000000000000000000000000000000100000005000000000000020000000000
11022122000300200119042410430000090000020000000909000000090900000000000000000000000000200000000010910000
120221220004002001190424104300000000000000000000000000000000000000000000000909000000000000000000000000000000
07022123000000200119042410440000000000000000100000000000000000
090221230001002001190424104400000000000001020010320000000309000000000000000000000000000000100000001200000000000020000000000
090221230002002001190424104400000000000003040000010000000299000000000000000000000000000000000000000700000000000040000000000
090221230003002001190424104400000000000001290007140000000356000000000000000000000000000000100000000250000000000020000000000
090221230004002001190424104400000000000001040002020000000242000000000000000000000000000000100000002000000000000020000000000
090221230005002001190424104400000000000001090001260000000126000000000000000000000000000000100000001500000000000020000000000
11022123000600200119042410440000090000050000001332000000133200000000000000000000000000200000000006680000
120221230007002001190424104400000000000000000000000000000000000000000000001332000000000000000000000000000000
07022124000000200119042410490000000000000000100000000000000000
090221240001002001190424104900000000000002070004880000000292000000000000000000000000000000100000001990000000000010000000000
090221240002002001190424104900000000000003250000010000000199000000000000000000000000000000000000000790000000000040000000000
11022124000300200119042410490000090000020000000491000000049100000000000000000000000000500000000045090000
120221240004002001190424104900000000000000000000000000000000000000000000000491000000000000000000000000000000
14022125000000200119042410520000010000000000
07022126000000200119042410530000000000000000100000000000000000
090221260001002001190424105300000000000002070006360000000381000000000000000000000000000000100000001990000000000010000000000
090221260002002001190424105300000000000003010000010000000999000000000000000000000000000000000000006000000000000050000000000
11022126000300200119042410530000090000020000001380000000138000000000000000000000000000138000000000000000
120221260004002001190424105303010000000000000000000000000000000000000000001380000000000000000000000000000000
14022127000000200119042410560000010000000000
07022128000000200119042410560000000000000000100000000000000000
090221280001002001190424105600000000000001290001680000000084000000000000000000000000000000100000000250000000000020000000000
090221280002002001190424105600000000000001070001460000000394000000000000000000000000000000100000005000000000000020000000000
11022128000300200119042410560000090000020000000478000000047800000000000000000000000000047800000000000000
120221280004002001190424105603010000000000000000000000000000000000000000000478000000000000000000000000000000
07022129000000200119042411040000000000000000100000000000000000
090221290001002001190424110400000000000005020000020000000200I 0000000000000000000000000000000000000100000000000060000000000
090221290002002001190424110400000000000001020003000000000090000000000000000000000000000000100000001200000000000020000000000
090221290003002001190424110400000000000001060001200000000084000000000000000000000000000000100000001500000000000020000000000
090221290004002001190424110400000000000001070000780000000211000000000000000000000000000000100000005000000000000020000000000
090221290005002001190424110400000000000001050000440000000035000000000000000000000000000000100000000500000000000020000000000
090221290006002001190424110400000000000002040001940000000058000000000000000000000000000000100000000500000000000010000000000
11022129000700200119042411040000090000060000000678000000067800000000000000000000000000067800000000000000
120221290008002001190424110403010000000000000000000000000000000000000000000678000000000000000000000000000000
07022130000000200119042411070000000000000000100000000000000000
090221300001002001190424110700000000000002040009440000000282000000000000000000000000000000100000000500000000000010000000000
090221300002002001190424110700000000000002260004760000000285000000000000000000000000000000100000002000000000000010000000000
090221300003002001190424110700000000000011000007320000000219000000000000000000000000000000100000000990000000000020000000000
090221300004002001190424110700000000000002110006740000000269000000000000000000000000000000100000000990000000000010000000000
090221300005002001190424110700000000000002430006780000000474000000000000000000000000000000100000000000000000000010000000000
090221300006002001190424110700000000000001070000760000000205000000000000000000000000000000100000005000000000000020000000000
11022130000700200119042411070000090000060000001734000000173400000000000000000000000000173400000000000000
120221300008002001190424110703010000000000000000000000000000000000000000001734000000000000000000000000000000
07022131000000200119042411090000000000000000100000000000000000
090221310001002001190424110900000000000001060003460000000242000000000000000000000000000000100000001500000000000020000000000
17022131000200200119042411090000000000000180
090221310003002001190424110900000000000001270004500000000360000000000000000000000000000000100000000250000000000020000000000
090221310004002001190424110900000000000001170009900000000395000000000000000000000000000000100000000590000000000020000000000
090221310005002001190424110900000000000001090002440000000244000000000000000000000000000000100000001500000000000020000000000
090221310006002001190424110900000000000002130011920000000476000000000000000000000000000000100000001400000000000010000000000
11022131000700200119042411090000090000050000001717000000171700000000000000000000000000171700000000000000
120221310008002001190424110903010000000000000000000000000000000000000000001717000000000000000000000000000000
07022132000000200119042411090000000000000000100000000000000000
090221320001002001190424110900000000000001160004700000000235000000000000000000000000000000100000000670000000000020000000000
11022132000200200119042411090000090000010000000235000000023500000000000000000000000000050000000002650000
120221320003002001190424110900000000000000000000000000000000000000000000000235000000000000000000000000000000
07022133000000200119042411110000000000000000100000000000000000
090221330001002001190424111100000000000001290001540000000077000000000000000000000000000000100000000250000000000020000000000
090221330002002001190424111100000000000001010004720000000236000000000000000000000000000000100000000500000000000020000000000
17022133000300200119042411110000000000000598
090221330004002001190424111100000000000003030000010000000299000000000000000000000000000000000000000830000000000040000000000
090221330005002001190424111100000000000003250000010000000199000000000000000000000000000000000000000790000000000040000000000
090221330006002001190424111100000000000001050001160000000093000000000000000000000000000000100000000500000000000020000000000
090221330007002001190424111100000000000003190000010000000500000000000000000000000000000000000000002000000000000050000000000
11022133000800200119042411110000090000060000001404000000140400000000000000000000000000140400000000000000
120221330009002001190424111100000000000000000000000000000000000000000000001404000000000000000000000000000000
07022134000000200119042411200000000000000000100000000000000000
090221340001002001190424112000000000000001010010120000000505000000000000000000000000000000100000000500000000000020000000000
11022134000200200119042411200000090000010000000505000000050500000000000000000000000000050500000000000000
120221340003002001190424112000000000000000000000000000000000000000000000000505000000000000000000000000000000
07022135000000200119042411240000000000000000100000000000000000
090221350001002001190424112400000000000001060002740000000192000000000000000000000000000000100000001500000000000020000000000
11022135000200200119042411240000090000010000000192000000019200000000000000000000000000019200000000000000
120221350003002001190424112400000000000000000000000000000000000000000000000192000000000000000000000000000000
07022136000000200119042411280000000000000000100000000000000000
090221360001002001190424112800000000000002070003360000000201000000000000000000000000000000100000001990000000000010000000000
11022136000200200119042411280000090000010000000201000000020100000000000000000000000000020100000000000000
120221360003002001190424112803100000000000000000000000000000000000000000000201000000000000000000000000000000
07022137000000200119042411280000000000000000100000000000000000
090221370001002001190424112800000000000001290020210000001009000000000000000000000000000000100000000250000000000020000000000
11022137000200200119042411280000090000010000001009000000100900000000000000000000000000100900000000000000
120221370003002001190424112800000000000000000000000000000000000000000000001009000000000000000000000000000000
07022138000000200119042411320000000000000000100000000000000000
090221380001002001190424113200000000000001290006060000000302000000000000000000000000000000100000000250000000000020000000000
11022138000200200119042411320000090000010000000302000000030200000000000000000000000000030200000000000000
120221380003002001190424113203010000000000000000000000000000000000000000000302000000000000000000000000000000
07022139000000200119042411370000000000000000100000000000000000
090221390001002001190424113700000000000001040002360000000283000000000000000000000000000000100000002000000000000020000000000
090221390002002001190424113700000000000001250006840000000341I 0000000000000000000000000000100000000530000000000020000000000
11022139000300200119042411370000090000020000000624000000062400000000000000000000000000062400000000000000
120221390004002001190424113700000000000000000000000000000000000000000000000624000000000000000000000000000000
07022140000000200119042411390000000000000000100000000000000000
090221400001002001190424113900000000000001290002240000000112000000000000000000000000000000100000000250000000000020000000000
090221400002002001190424113900000000000005020000040000000400I 0000000000000000000000000000000000000100000000000060000000000
090221400003002001190424113900000000000005020000010000000100I 0000000000000000000000000000000000000100000000000060000000000
11022140000400200119042411390000090000030000000612000000061200000000000000000000000000061200000000000000
120221400005002001190424113900000000000000000000000000000000000000000000000612000000000000000000000000000000
07022141000000200119042411400000000000000000100000000000000000
090221410001002001190424114000000000000001120007880000000551000000000000000000000000000000100000001000000000000020000000000
090221410002002001190424114000000000000001070001100000000297000000000000000000000000000000100000005000000000000020000000000
11022141000300200119042411400000090000020000000848000000084800000000000000000000000000100000000001520000
120221410004002001190424114000000000000000000000000000000000000000000000000848000000000000000000000000000000
07022142000000200119042411460000000000000000100000000000000000
090221420001002001190424114600000000000001150002920000000233000000000000000000000000000000100000001000000000000020000000000
090221420002002001190424114600000000000001290005880000000293000000000000000000000000000000100000000250000000000020000000000
11022142000300200119042411460000090000020000000526000000052600000000000000000000000000052600000000000000
120221420004002001190424114603010000000000000000000000000000000000000000000526000000000000000000000000000000
07022143000000200119042411500000000000000000100000000000000000
090221430001002001190424115000000000000001070001460000000394000000000000000000000000000000100000005000000000000020000000000
090221430002002001190424115000000000000001220010500000000629000000000000000000000000000000100000001500000000000020000000000
090221430003002001190424115000000000000003040000010000000299000000000000000000000000000000000000000700000000000040000000000
11022143000400200119042411500000090000030000001322000000132200000000000000000000000000132200000000000000
120221430005002001190424115003050000000000000000000000000000000000000000001322000000000000000000000000000000
07022144000000200119042411530000000000000000100000000000000000
090221440001002001190424115300000000000001290003300000000165000000000000000000000000000000100000000250000000000020000000000
090221440002002001190424115300000000000001020010300000000308000000000000000000000000000000100000001200000000000020000000000
090221440003002001190424115300000000000001050001920000000153000000000000000000000000000000100000000500000000000020000000000
090221440004002001190424115300000000000001270003000000000240000000000000000000000000000000100000000250000000000020000000000
11022144000500200119042411530000090000040000000866000000086600000000000000000000000000100000000001340000
120221440006002001190424115300000000000000000000000000000000000000000000000866000000000000000000000000000000
07022145000000200119042412020000000000000000100000000000000000
090221450001002001190424120200000000000001070002220000000599000000000000000000000000000000100000005000000000000020000000000
090221450002002001190424120200000000000003040000010000000299000000000000000000000000000000000000000700000000000040000000000
11022145000300200119042412020000090000020000000898000000089800000000000000000000000000089800000000000000
120221450004002001190424120200000000000000000000000000000000000000000000000898000000000000000000000000000000
07022146000000200119042412050000000000000000100000000000000000
090221460001002001190424120500000000000001020020620000000617000000000000000000000000000000100000001200000000000020000000000
090221460002002001190424120500000000000001290006360000000317000000000000000000000000000000100000000250000000000020000000000
090221460003002001190424120500000000000005020000010000000100I 0000000000000000000000000000000000000100000000000060000000000
090221460004002001190424120500000000000005020000010000000100I 0000000000000000000000000000000000000100000000000060000000000
11022146000500200119042412050000090000040000001134000000113400000000000000000000000000113400000000000000
120221460006002001190424120503010000000000000000000000000000000000000000001134000000000000000000000000000000
07022147000000200119042412130000000000000000100000000000000000
090221470001002001190424121300000000000005020000150000001500I 0000000000000000000000000000000000000100000000000060000000000
090221470002002001190424121300000000000005020000150000001500I 0000000000000000000000000000000000000100000000000060000000000
11022147000300200119042412130000090000020000003000000000300000000000000000000000000000300000000000000000
120221470004002001190424121300000000000000000000000000000000000000000000003000000000000000000000000000000000
07022148000000200119042412150000000000000000100000000000000000
090221480001002001190424121500000000000001060002000000000140000000000000000000000000000000100000001500000000000020000000000
090221480002002001190424121500000000000001090001120000000112000000000000000000000000000000100000001500000000000020000000000
090221480003002001190424121500000000000001080002220000000200000000000000000000000000000000100000001000000000000020000000000
090221480004002001190424121500000000000001040002080000000249000000000000000000000000000000100000002000000000000020000000000
090221480005002001190424121500000000000001160003380000000169000000000000000000000000000000100000000670000000000020000000000
11022148000600200119042412150000090000050000000870000000087000000000000000000000000000087000000000000000
120221480007002001190424121503010000000000000000000000000000000000000000000870000000000000000000000000000000
07022149000000200119042412220000000000000000100000000000000000
090221490001002001190424122200000000000002040004120000000123000000000000000000000000000000100000000500000000000010000000000
090221490002002001190424122200000000000001070000740000000200000000000000000000000000000000100000005000000000000020000000000
11022149000300200119042412220000090000020000000323000000032300000000000000000000000000032300000000000000
120221490004002001190424122200000000000000000000000000000000000000000000000323000000000000000000000000000000
07022150000000200119042412220000000000000000100000000000000000
090221500001002001190424122200000000000001070000740000000200000000000000000000000000000000100000005000000000000020000000000
11022150000200200119042412220000090000010000000200000000020000000000000000000000000000020000000000000000
120221500003002001190424122200000000000000000000000000000000000000000000000200000000000000000000000000000000
07022151000000200119042412220000000000000000100000000000000000
090221510001002001190424122200000000000001290001640000000082000000000000000000000000000000100000000250000000000020000000000
11022151000200200119042412220000090000010000000082000000008200000000000000000000000000008200000000000000
120221510003002001190424122200000000000000000000000000000000000000000000000082000000000000000000000000000000
07022152000000200119042412250000000000000000100000000000000000
090221520001002001190424122500000000000001290010900000000544000000000000000000000000000000100000000250000000000020000000000
090221520002002001190424122500000000000002070015440000000925000000000000000000000000000000100000001990000000000010000000000
11022152000300200119042412250000090000020000001469000000146900000000000000000000000000146900000000000000
120221520004002001190424122503100000000000000000000000000000000000000000001469000000000000000000000000000000
07022153000000200119042412260000000000000000100000000000000000
090221530001002001190424122600000000000001020021500000000643000000000000000000000000000000100000001200000000000020000000000
090221530002002001190424122600000000000001290018420000000919000000000000000000000000000000100000000250000000000020000000000
11022153000300200119042412260000090000020000001562000000156200000000000000000000000000200000000004380000
120221530004002001190424122600000000000000000000000000000000000000000000001562000000000000000000000000000000
07022154000000200119042412270000000000000000100000000000000000
090221540001002001190424122700000000000002280004040000000323000000000000000000000000000000100000001000000000000010000000000
11022154000200200119042412270000090000010000000323000000032300000000000000000000000000050000000001770000
120221540003002001190424122700000000000000000000000000000000000000000000000323000000000000000000000000000000
14022155000000200119042412270000010000000000
07022156000000200119042412280000000000000000100000000000000000
090221560001002001190424122800000000000002280004360000000348000000000000000000000000000000100000001000000000000010000000000
11022156000200200119042412280000090000010000000348000000034800000000000000000000000000034800000000000000
120221560003002001190424122800000000000000000000000000000000000000000000000348000000000000000000000000000000
07022157000000200119042412300000000000000000100000000000000000
090221570001002001190424123000000000000001290005580000000278000000000000000000000000000000100000000250000000000020000000000
090221570002002001190424123000000000000001260004900000000294000000000000000000000000000000100000000500000000000020000000000
090221570003002001190424123000000000000001020016540000000495000000000000000000000000000000100000001200000000000020000000000
090221570004002001190424123000000000000001160003680000000184000000000000000000000000000000100000000670000000000020000000000
11022157000500200119042412300000090000040000001251000000125100000000000000000000000000125100000000000000
120221570006002001190424123003050000000000000000000000000000000000000000001251000000000000000000000000000000
07022158000000200119042412310000000000000000100000000000000000
090221580001002001190424123100000000000002070002840000000170000000000000000000000000000000100000001990000000000010000000000
11022158000200200119042412310000090000010000000170000000017000000000000000000000000000017000000000000000
120221580003002001190424123100000000000000000000000000000000000000000000000170000000000000000000000000000000
07022159000000200119042412330000000000000000100000000000000000
090221590001002001190424123300000000000003040000010000000299000000000000000000000000000000000000000700000000000040000000000
090221590002002001190424123300000000000003020000010000000150000000000000000000000000000000000000000500000000000030000000000
090221590003002001190424123300000000000002040005240000000157000000000000000000000000000000100000000500000000000010000000000
11022159000400200119042412330000090000030000000606000000060600000000000000000000000000060600000000000000
120221590005002001190424123303010000000000000000000000000000000000000000000606000000000000000000000000000000
07022160000000200119042412340000000000000000100000000000000000
090221600001002001190424123400000000000001290017880000000892000000000000000000000000000000100000000250000000000020000000000
11022160000200200119042412340000090000010000000892000000089200000000000000000000000000089200000000000000
120221600003002001190424123400000000000000000000000000000000000000000000000892000000000000000000000000000000
07022161000000200119042412350000000000000000100000000000000000
090221610001002001190424123500000000000001290004320000000216000000000000000000000000000000100000000250000000000020000000000
090221610002002001190424123500000000000001070000940000000254000000000000000000000000000000100000005000000000000020000000000
090221610003002001190424123500000000000002040001060000000032000000000000000000000000000000100000000500000000000010000000000
090221610004002001190424123500000000000001240000820000000123000000000000000000000000000000100000001670000000000020000000000
11022161000500200119042412350000090000040000000625000000062500000000000000000000000000100000000003750000
120221610006002001190424123500000000000000000000000000000000000000000000000625000000000000000000000000000000
07022162000000200119042412370000000000000000100000000000000000
090221620001002001190424123700000000000002080012860000000642000000000000000000000000000000100000000500000000000010000000000
090221620002002001190424123700000000000001160010080000000503000000000000000000000000000000100000000670000000000020000000000
090221620003002001190424123700000000000003040000010000000299000000000000000000000000000000000000000700000000000040000000000
090221620004002001190424123700000000000003040000010000000299000000000000000000000000000000000000000700000000000040000000000
090221620005002001190424123700000000000001060003580000000250000000000000000000000000000000100000001500000000000020000000000
090221620006002001190424123700000000000002040004960000000148000000000000000000000000000000100000000500000000000010000000000
090221620007002001190424123700000000000001050004260000000340000000000000000000000000000000100000000500000000000020000000000
11022162000800200119042412370000090000070000002481000000248100000000000000000000000000248100000000000000
120221620009002001190424123703010000000000000000000000000000000000000000002481000000000000000000000000000000
07022163000000200119042412420000000000000000100000000000000000
090221630001002001190424124200000000000003250000010000000199000000000000000000000000000000000000000790000000000040000000000
090221630002002001190424124200000000000001040003240000000388000000000000000000000000000000100000002000000000000020000000000
11022163000300200119042412420000090000020000000587000000058700000000000000000000000000058700000000000000
120221630004002001190424124203010000000000000000000000000000000000000000000587000000000000000000000000000000
07022164000000200119042412430000000000000000100000000000000000
090221640001002001190424124300000000000002010012080000000965000000000000000000000000000000100000000990000000000010000000000
090221640002002001190424124300000000000002070014000000000839000000000000000000000000000000100000001990000000000010000000000
11022164000300200119042412430000090000020000001804000000180400000000000000000000000000180400000000000000
120221640004002001190424124300000000000000000000000000000000000000000000001804000000000000000000000000000000
07022165000000200119042412530000000000000000100000000000000000
090221650001002001190424125300000000000001010008580000000428000000000000000000000000000000100000000500000000000020000000000
11022165000200200119042412530000090000010000000428000000042800000000000000000000000000042800000000000000
120221650003002001190424125300000000000000000000000000000000000000000000000428000000000000000000000000000000
07022166000000200119042412540000000000000000100000000000000000
090221660001002001190424125400000000000002110006040000000241000000000000000000000000000000100000000990000000000010000000000
090221660002002001190424125400000000000002140010940000000874000000000000000000000000000000100000001990000000000010000000000
090221660003002001190424125400000000000005020000030000000300I 0000000000000000000000000000000000000100000000000060000000000
11022166000400200119042412540000090000030000001415000000141500000000000000000000000000141500000000000000
120221660005002001190424125400000000000000000000000000000000000000000000001415000000000000000000000000000000
07022167000000200119042412550000000000000000100000000000000000
090221670001002001190424125500000000000002040003660000000109000000000000000000000000000000100000000500000000000010000000000
11022167000200200119042412550000090000010000000109000000010900000000000000000000000000010900000000000000
120221670003002001190424125500000000000000000000000000000000000000000000000109000000000000000000000000000000
07022168000000200119042412560000000000000000100000000000000000
090221680001002001190424125600000000000001020015380000000460000000000000000000000000000000100000001200000000000020000000000
090221680002002001190424125600000000000001050010600000000847000000000000000000000000000000100000000500000000000020000000000
11022168000300200119042412560000090000020000001307000000130700000000000000000000000000500000000036930000
120221680004002001190424125600000000000000000000000000000000000000000000001307000000000000000000000000000000
07022169000000200119042413030000000000000000100000000000000000
090221690001002001190424130300000000000002280002440000000195000000000000000000000000000000100000001000000000000010000000000
090221690002002001190424130300000000000002070011860000000710000000000000000000000000000000100000001990000000000010000000000
090221690003002001190424130300000000000002090015780000002208000000000000000000000000000000100000004720000000000010000000000
090221690004002001190424130300000000000001170003960000000158000000000000000000000000000000100000000590000000000020000000000
090221690005002001190424130300000000000001150006140000000491000000000000000000000000000000100000001000000000000020000000000
090221690006002001190424130300000000000001050004240000000339000000000000000000000000000000100000000500000000000020000000000
090221690007002001190424130300000000000001010011600000000579000000000000000000000000000000100000000500000000000020000000000
090221690008002001190424130300000000000002260011820000000708000000000000000000000000000000100000002000000000000010000000000
090221690009002001190424130300000000000003250000020000000398000000000000000000000000000000000000000790000000000040000000000
11022169001000200119042413030000090000090000005786000000578600000000000000000000000001000000000042140000
120221690011002001190424130300000000000000000000000000000000000000000000005786000000000000000000000000000000
07022170000000200119042413050000000000000000100000000000000000
090221700001002001190424130500000000000002480006100000000243000000000000000000000000000000100000001000000000000010000000000
090221700002002001190424130500000000000001060003900000000273000000000000000000000000000000100000001500000000000020000000000
11022170000300200119042413050000090000020000000516000000051600000000000000000000000000500000000044840000
120221700004002001190424130500000000000000000000000000000000000000000000000516000000000000000000000000000000
07022171000000200119042413080000000000000000100000000000000000
090221710001002001190424130800000000000002090001260000000176000000000000000000000000000000100000004720000000000010000000000
11022171000200200119042413080000090000010000000176000000017600000000000000000000000000100000000008240000
120221710003002001190424130800000000000000000000000000000000000000000000000176000000000000000000000000000000
14022172000000200119042413230000010000000000
07022173000000200119042413230000000000000000100000000000000000
090221730001002001190424132300000000000003250000010000000199000000000000000000000000000000000000000790000000000040000000000
11022173000200200119042413230000090000010000000199000000019900000000000000000000000000019900000000000000
120221730003002001190424132300000000000000000000000000000000000000000000000199000000000000000000000000000000
07022174000000200119042413250000000000000000100000000000000000
090221740001002001190424132500000000000001070004680000001263000000000000000000000000000000100000005000000000000020000000000
090221740002002001190424132500000000000003010000010000000999000000000000000000000000000000000000006000000000000050000000000
11022174000300200119042413250000090000020000002262000000226200000000000000000000000000250000000002380000
120221740004002001190424132500000000000000000000000000000000000000000000002262000000000000000000000000000000
07022175000000200119042413270000000000000000100000000000000000
090221750001002001190424132700000000000002110010460000000417000000000000000000000000000000100000000990000000000010000000000
090221750002002001190424132700000000000002040002880000000086000000000000000000000000000000100000000500000000000010000000000
11022175000300200119042413270000090000020000000503000000050300000000000000000000000000050300000000000000
120221750004002001190424132700000000000000000000000000000000000000000000000503000000000000000000000000000000
07022176000000200119042413280000000000000000100000000000000000
090221760001002001190424132800000000000011000013640000000408000000000000000000000000000000100000000990000000000020000000000
090221760002002001190424132800000000000002130014760000000589000000000000000000000000000000100000001400000000000010000000000
090221760003002001190424132800000000000002070007460000000447000000000000000000000000000000100000001990000000000010000000000
11022176000400200119042413280000090000030000001444000000144400000000000000000000000000500000000035560000
120221760005002001190424132800000000000000000000000000000000000000000000001444000000000000000000000000000000
33022176000000200119042413370000000000000000100000000000000000
340221760001002001190424133700000000000002280002440000000195000000000000000000000000000000100000001000000000000010000000000
340221760002002001190424133700000000000002070011860000000710000000000000000000000000000000100000001990000000000010000000000
340221760003002001190424133700000000000002090015780000002208000000000000000000000000000000100000004720000000000010000000000
340221760004002001190424133700000000000001170003960000000158000000000000000000000000000000100000000590000000000020000000000
340221760005002001190424133700000000000001150006140000000491000000000000000000000000000000100000001000000000000020000000000
340221760006002001190424133700000000000001050004240000000339000000000000000000000000000000100000000500000000000020000000000
340221760007002001190424133700000000000001010011600000000579000000000000000000000000000000100000000500000000000020000000000
340221760008002001190424133700000000000002260011820000000708000000000000000000000000000000100000002000000000000010000000000
340221760009002001190424133700000000000003250000020000000398000000000000000000000000000000000000000790000000000040000000000
35022176001000200119042413370000094294960000005786000000578600000000000000000000000001000000000042140000
360221760011002001190424133700000000000000000000000000000000000000000000005786000000000000000000000000000000
07022177000000200119042413390000000000000000100000000000000000
090221770001002001190424133900000000000002080013080000000653000000000000000000000000000000100000000500000000000010000000000
11022177000200200119042413390000090000010000000653000000065300000000000000000000000000065300000000000000
120221770003002001190424133900000000000000000000000000000000000000000000000653000000000000000000000000000000
18022177000400200119042413401200000310000000000000000000000001
18022177000500200119042413400100000025000000000000000000000001
060221770006002001190424134100000100000250000000000000000000000000000000000000000000
07022178000000200119042413450000000000000000100000000000000000
090221780001002001190424134500000000000003010000010000000999000000000000000000000000000000000000006000000000000050000000000
090221780002002001190424134500000000000001070003660000000988000000000000000000000000000000100000005000000000000020000000000
090221780003002001190424134500000000000001090001480000000148000000000000000000000000000000100000001500000000000020000000000
090221780004002001190424134500000000000001290008420000000420000000000000000000000000000000100000000250000000000020000000000
090221780005002001190424134500000000000001040003000000000360000000000000000000000000000000100000002000000000000020000000000
090221780006002001190424134500000000000002040007280000000218000000000000000000000000000000100000000500000000000010000000000
090221780007002001190424134500000000000003250000010000000199000000000000000000000000000000000000000790000000000040000000000
090221780008002001190424134500000000000002070006700000000401000000000000000000000000000000100000001990000000000010000000000
11022178000900200119042413450000090000080000003733000000373300000000000000000000000000373300000000000000
120221780010002001190424134503100000000000000000000000000000000000000000003733000000000000000000000000000000
07022179000000200119042413500000000000000000100000000000000000
090221790001002001190424135000000000000001040001360000000163000000000000000000000000000000100000002000000000000020000000000
090221790002002001190424135000000000000001080002040000000183000000000000000000000000000000100000001000000000000020000000000
11022179000300200119042413500000090000020000000346000000034600000000000000000000000000034600000000000000
120221790004002001190424135000000000000000000000000000000000000000000000000346000000000000000000000000000000
07022180000000200119042414270000000000000000100000000000000000
090221800001002001190424142700000000000001130010960000000328000000000000000000000000000000100000001500000000000020000000000
090221800002002001190424142700000000000002170000010000000799000000000000000000000000000000000000006500000000000010000000000
11022180000300200119042414270000090000020000001127000000112700000000000000000000000000112700000000000000
120221800004002001190424142703020000000000000000000000000000000000000000001127000000000000000000000000000000
07022181000000200119042414320000000000000000100000000000000000
090221810001002001190424143200000000000001170003820000000152000000000000000000000000000000100000000590000000000020000000000
090221810002002001190424143200000000000001160004100000000205000000000000000000000000000000100000000670000000000020000000000
090221810003002001190424143200000000000002040005480000000164000000000000000000000000000000100000000500000000000010000000000
090221810004002001190424143200000000000002480004860000000194000000000000000000000000000000100000001000000000000010000000000
090221810005002001190424143200000000000002480006740000000269000000000000000000000000000000100000001000000000000010000000000
090221810006002001190424143200000000000001080003380000000304000000000000000000000000000000100000001000000000000020000000000
090221810007002001190424143200000000000002080007120000000355000000000000000000000000000000100000000500000000000010000000000
090221810008002001190424143200000000000002070004680000000280000000000000000000000000000000100000001990000000000010000000000
11022181000900200119042414320000090000080000001923000000192300000000000000000000000000192300000000000000
120221810010002001190424143203020000000000000000000000000000000000000000001923000000000000000000000000000000
07022182000000200119042414320000000000000000100000000000000000
090221820001002001190424143200000000000001020004560000000136000000000000000000000000000000100000001200000000000020000000000
11022182000200200119042414320000090000010000000136000000013600000000000000000000000000013600000000000000
120221820003002001190424143200000000000000000000000000000000000000000000000136000000000000000000000000000000
07022183000000200119042414330000000000000000100000000000000000
090221830001002001190424143300000000000002070005300000000317000000000000000000000000000000100000001990000000000010000000000
090221830002002001190424143300000000000002110008660000000346000000000000000000000000000000100000000990000000000010000000000
11022183000300200119042414330000090000020000000663000000066300000000000000000000000000200000000013370000
120221830004002001190424143300000000000000000000000000000000000000000000000663000000000000000000000000000000
07022184000000200119042414400000000000000000100000000000000000
090221840001002001190424144000000000000004020000010000000100I 0300000000000000000000000000000000000230000000000030000000000
090221840002002001190424144000000000000004020000010000000100I 0300000000000000000000000000000000000230000000000030000000000
11022184000300200119042414400000090000020000000200000000020000000000000000000000000000020000000000000000
120221840004002001190424144000000000000000000000000000000000000000000000000200000000000000000000000000000000
07022185000000200119042414410000000000000000100000000000000000
090221850001002001190424144100000000000001050000420000000034000000000000000000000000000000100000000500000000000020000000000
11022185000200200119042414410000090000010000000034000000003400000000000000000000000000003400000000000000
120221850003002001190424144100000000000000000000000000000000000000000000000034000000000000000000000000000000
07022186000000200119042414540000000000000000100000000000000000
090221860001002001190424145400000000000002170000010000000799000000000000000000000000000000000000006500000000000010000000000
090221860002002001190424145400000000000002190000010000000899000000000000000000000000000000000000002250000000000010000000000
11022186000300200119042414540000090000020000001698000000169800000000000000000000000000169800000000000000
120221860004002001190424145403060000000000000000000000000000000000000000001698000000000000000000000000000000
07022187000000200119042415120000000000000000100000000000000000
090221870001002001190424151200000000000001290015260000000761000000000000000000000000000000100000000250000000000020000000000
090221870002002001190424151200000000000001060001100000000077000000000000000000000000000000100000001500000000000020000000000
11022187000300200119042415120000090000020000000838000000083800000000000000000000000000083800000000000000
120221870004002001190424151203050000000000000000000000000000000000000000000838000000000000000000000000000000
07022188000000200119042415140000000000000000100000000000000000
090221880001002001190424151400000000000001130015900000000475000000000000000000000000000000100000001500000000000020000000000
11022188000200200119042415140000090000010000000475000000047500000000000000000000000000047500000000000000
120221880003002001190424151400000000000000000000000000000000000000000000000475000000000000000000000000000000
07022189000000200119042415210000000000000000100000000000000000
090221890001002001190424152100000000000005080000010000002399I 0100000000000000000000000000000000019000000000000070000000000
11022189000200200119042415210000090000010000002399000000239900000000000000000000000000239900000000000000
120221890003002001190424152103100000000000000000000000000000000000000000002399000000000000000000000000000000
07022190000000200119042415500000000000000000100000000000000000
090221900001002001190424155000000000000005250000010000000499I 0100000000000000000000000000000000002990000000000080000000000
090221900002002001190424155000000000000005250000010000000499I 0100000000000000000000000000000000002990000000000080000000000
090221900003002001190424155000000000000005250000010000000499I 0100000000000000000000000000000000002990000000000080000000000
11022190000400200119042415500000090000030000001497000000149700000000000000000000000000200000000005030000
120221900005002001190424155000000000000000000000000000000000000000000000001497000000000000000000000000000000
07022191000000200119042415560000000000000000100000000000000000
090221910001002001190424155600000000000003020000010000000150000000000000000000000000000000000000000500000000000030000000000
090221910002002001190424155600000000000002130014240000000568000000000000000000000000000000100000001400000000000010000000000
090221910003002001190424155600000000000002090002300000000322000000000000000000000000000000100000004720000000000010000000000
090221910004002001190424155600000000000002280001880000000150000000000000000000000000000000100000001000000000000010000000000
090221910005002001190424155600000000000002110007600000000303000000000000000000000000000000100000000990000000000010000000000
11022191000600200119042415560000090000050000001493000000149300000000000000000000000000149300000000000000
120221910007002001190424155603050000000000000000000000000000000000000000001493000000000000000000000000000000
07022192000000200119042415580000000000000000100000000000000000
090221920001002001190424155800000000000001120003220000000225000000000000000000000000000000100000001000000000000020000000000
090221920002002001190424155800000000000002040012020000000359000000000000000000000000000000100000000500000000000010000000000
090221920003002001190424155800000000000001070003620000000977000000000000000000000000000000100000005000000000000020000000000
090221920004002001190424155800000000000002010012220000000976000000000000000000000000000000100000000990000000000010000000000
11022192000500200119042415580000090000040000002537000000253700000000000000000000000000253700000000000000
120221920006002001190424155803020000000000000000000000000000000000000000002537000000000000000000000000000000
07022193000000200119042415590000000000000000100000000000000000
090221930001002001190424155900000000000001010007500000000374000000000000000000000000000000100000000500000000000020000000000
090221930002002001190424155900000000000001180002340000000187000000000000000000000000000000100000001000000000000020000000000
090221930003002001190424155900000000000002040010620000000318000000000000000000000000000000100000000500000000000010000000000
090221930004002001190424155900000000000001050001880000000150000000000000000000000000000000100000000500000000000020000000000
11022193000500200119042415590000090000040000001029000000102900000000000000000000000000500000000039710000
120221930006002001190424155900000000000000000000000000000000000000000000001029000000000000000000000000000000
07022194000000200119042416210000000000000000100000000000000000
090221940001002001190424162100000000000003030000010000000299000000000000000000000000000000000000000830000000000040000000000
11022194000200200119042416210000090000010000000299000000029900000000000000000000000000029900000000000000
120221940003002001190424162100000000000000000000000000000000000000000000000299000000000000000000000000000000
100221940004002001190424162551000000000000000300000052570000000000000505000009
130221940000002001190424162500000000000005050000000000000003000000000000525700000000000000005257
07022195000000200119042416370000000000000000100000000000000000
090221950001002001190424163700000000000011000010160000000304000000000000000000000000000000100000000990000000000020000000000
090221950002002001190424163700000000000001080004440000000399000000000000000000000000000000100000001000000000000020000000000
090221950003002001190424163700000000000001130010540000000315000000000000000000000000000000100000001500000000000020000000000
090221950004002001190424163700000000000001240000960000000144000000000000000000000000000000100000001670000000000020000000000
11022195000500200119042416370000090000040000001162000000116200000000000000000000000000500000000038380000
120221950006002001190424163700000000000000000000000000000000000000000000001162000000000000000000000000000000
07022196000000200119042416430000000000000000100000000000000000
090221960001002001190424164300000000000004020000010000000100I 0300000000000000000000000000000000000230000000000030000000000
090221960002002001190424164300000000000004020000010000000100I 0300000000000000000000000000000000000230000000000030000000000
11022196000300200119042416430000090000020000000200000000020000000000000000000000000000020000000000000000
120221960004002001190424164303030000000000000000000000000000000000000000000200000000000000000000000000000000
07022197000000200119042417000000000000000000100000000000000000
090221970001002001190424170000000000000001090001000000000100000000000000000000000000000000100000001500000000000020000000000
090221970002002001190424170000000000000001050002500000000200000000000000000000000000000000100000000500000000000020000000000
090221970003002001190424170000000000000001290005620000000280000000000000000000000000000000100000000250000000000020000000000
11022197000400200119042417000000090000030000000580000000058000000000000000000000000000100000000004200000
120221970005002001190424170000000000000000000000000000000000000000000000000580000000000000000000000000000000
07022198000000200119042417030000000000000000100000000000000000
090221980001002001190424170300000000000020100008980000000358000000000000000000000000000000100000002000000000000010000000000
090221980002002001190424170300000000000001080004900000000441000000000000000000000000000000100000001000000000000020000000000
090221980003002001190424170300000000000002040001680000000050000000000000000000000000000000100000000500000000000010000000000
090221980004002001190424170300000000000002430006900000000482000000000000000000000000000000100000000000000000000010000000000
090221980005002001190424170300000000000002110012480000000498000000000000000000000000000000100000000990000000000010000000000
11022198000600200119042417030000090000050000001829000000182900000000000000000000000000182900000000000000
120221980007002001190424170303050000000000000000000000000000000000000000001829000000000000000000000000000000
07022199000000200119042417130000000000000000100000000000000000
090221990001002001190424171300000000000002110007720000000308000000000000000000000000000000100000000990000000000010000000000
090221990002002001190424171300000000000002280001840000000147000000000000000000000000000000100000001000000000000010000000000
11022199000300200119042417130000090000020000000455000000045500000000000000000000000000200000000015450000
120221990004002001190424171300000000000000000000000000000000000000000000000455000000000000000000000000000000
07022200000000200119042417140000000000000000100000000000000000
090222000001002001190424171400000000000002480007120000000284000000000000000000000000000000100000001000000000000010000000000
090222000002002001190424171400000000000001290004540000000227000000000000000000000000000000100000000250000000000020000000000
11022200000300200119042417140000090000020000000511000000051100000000000000000000000000051100000000000000
120222000004002001190424171400000000000000000000000000000000000000000000000511000000000000000000000000000000
07022201000000200119042417310000000000000000100000000000000000
090222010001002001190424173100000000000001090000900000000090000000000000000000000000000000100000001500000000000020000000000
090222010002002001190424173100000000000001040002220000000266000000000000000000000000000000100000002000000000000020000000000
090222010003002001190424173100000000000001290003800000000190000000000000000000000000000000100000000250000000000020000000000
090222010004002001190424173100000000000001020006540000000196000000000000000000000000000000100000001200000000000020000000000
090222010005002001190424173100000000000002040002400000000072000000000000000000000000000000100000000500000000000010000000000
11022201000600200119042417310000090000050000000814000000081400000000000000000000000000100000000001860000
120222010007002001190424173100000000000000000000000000000000000000000000000814000000000000000000000000000000
07022202000000200119042418080000000000000000100000000000000000
090222020001002001190424180800000000000004010000010000000100I 0300000000000000000000000000000000000000000000000030000000000
090222020002002001190424180800000000000004070000010000000050I 0300000000000000000000000000000000000070000000000030000000000
11022202000300200119042418080000090000020000000150000000015000000000000000000000000000015000000000000000
120222020004002001190424180800000000000000000000000000000000000000000000000150000000000000000000000000000000
07022203000000200119042418090000000000000000100000000000000000
090222030001002001190424180900000000000001020019240000000575000000000000000000000000000000100000001200000000000020000000000
090222030002002001190424180900000000000001020019200000000574000000000000000000000000000000100000001200000000000020000000000
11022203000300200119042418090000090000020000001149000000114900000000000000000000000000114900000000000000
120222030004002001190424180903020000000000000000000000000000000000000000001149000000000000000000000000000000
07022204000000200119042418100000000000000000100000000000000000
090222040001002001190424181000000000000003120000100000001990000000000000000000000000000000000000000700000000000040000000000
11022204000200200119042418100000090000010000001990000000199000000000000000000000000000199000000000000000
120222040003002001190424181003030000000000000000000000000000000000000000001990000000000000000000000000000000
07022205000000200119042418110000000000000000100000000000000000
090222050001002001190424181100000000000002110009000000000359000000000000000000000000000000100000000990000000000010000000000
11022205000200200119042418110000090000010000000359000000035900000000000000000000000000050000000001410000
120222050003002001190424181100000000000000000000000000000000000000000000000359000000000000000000000000000000
07022206000000200119042418120000000000000000100000000000000000
090222060001002001190424181200000000000003200000010000002299000000000000000000000000000000000000000000000000000050000000000
11022206000200200119042418120000090000010000002299000000229900000000000000000000000000229900000000000000
120222060003002001190424181203030000000000000000000000000000000000000000002299000000000000000000000000000000
07022207000000200119042418210000000000000000100000000000000000
090222070001002001190424182100000000000001290002300000000115000000000000000000000000000000100000000250000000000020000000000
090222070002002001190424182100000000000001080003180000000286000000000000000000000000000000100000001000000000000020000000000
090222070003002001190424182100000000000001040003680000000441000000000000000000000000000000100000002000000000000020000000000
090222070004002001190424182100000000000001090002340000000234000000000000000000000000000000100000001500000000000020000000000
17022207000500200119042418210000000000000090
090222070006002001190424182100000000000001180002260000000181000000000000000000000000000000100000001000000000000020000000000
11022207000700200119042418210000090000050000001257000000125700000000000000000000000000150000000002430000
120222070008002001190424182100000000000000000000000000000000000000000000001257000000000000000000000000000000
07022208000000200119042418330000000000000000100000000000000000
090222080001002001190424183300000000000001160010960000000547000000000000000000000000000000100000000670000000000020000000000
11022208000200200119042418330000090000010000000547000000054700000000000000000000000000060000000000530000
120222080003002001190424183300000000000000000000000000000000000000000000000547000000000000000000000000000000
07022209000000200119042418340000000000000000100000000000000000
090222090001002001190424183400000000000002070011500000000689000000000000000000000000000000100000001990000000000010000000000
11022209000200200119042418340000090000010000000689000000068900000000000000000000000000068900000000000000
120222090003002001190424183403030000000000000000000000000000000000000000000689000000000000000000000000000000
07022210000000200119042418380000000000000000100000000000000000
090222100001002001190424183800000000000002080003940000000197000000000000000000000000000000100000000500000000000010000000000
090222100002002001190424183800000000000002480004020000000160000000000000000000000000000000100000001000000000000010000000000
11022210000300200119042418380000090000020000000357000000035700000000000000000000000000040000000000430000
120222100004002001190424183800000000000000000000000000000000000000000000000357000000000000000000000000000000
07022211000000200119042418410000000000000000100000000000000000
090222110001002001190424184100000000000003030000010000000299000000000000000000000000000000000000000830000000000040000000000
11022211000200200119042418410000090000010000000299000000029900000000000000000000000000029900000000000000
120222110003002001190424184100000000000000000000000000000000000000000000000299000000000000000000000000000000
07022212000000200119042418430000000000000000100000000000000000
090222120001002001190424184300000000000001020009200000000275000000000000000000000000000000100000001200000000000020000000000
090222120002002001190424184300000000000020100018680000000745000000000000000000000000000000100000002000000000000010000000000
090222120003002001190424184300000000000011000005320000000159000000000000000000000000000000100000000990000000000020000000000
090222120004002001190424184300000000000001060003820000000267000000000000000000000000000000100000001500000000000020000000000
090222120005002001190424184300000000000002050002440000000122000000000000000000000000000000100000000890000000000010000000000
11022212000600200119042418430000090000050000001568000000156800000000000000000000000000156800000000000000
120222120007002001190424184300000000000000000000000000000000000000000000001568000000000000000000000000000000
07022213000000200119042418540000000000000000100000000000000000
090222130001002001190424185400000000000002070013400000000803000000000000000000000000000000100000001990000000000010000000000
11022213000200200119042418540000090000010000000803000000080300000000000000000000000000100000000001970000
120222130003002001190424185400000000000000000000000000000000000000000000000803000000000000000000000000000000
07022214000000200119042418540000000000000000100000000000000000
090222140001002001190424185400000000000002080010580000000528000000000000000000000000000000100000000500000000000010000000000
11022214000200200119042418540000090000010000000528000000052800000000000000000000000000070000000001720000
120222140003002001190424185400000000000000000000000000000000000000000000000528000000000000000000000000000000
07022215000000200119042419380000000000000000100000000000000000
090222150001002001190424193800000000000001010004800000000240000000000000000000000000000000100000000500000000000020000000000
11022215000200200119042419380000090000010000000240000000024000000000000000000000000000050000000002600000
120222150003002001190424193800000000000000000000000000000000000000000000000240000000000000000000000000000000
07022216000000200119042419550000000000000000100000000000000000
090222160001002001190424195500000000000002040001540000000046000000000000000000000000000000100000000500000000000010000000000
090222160002002001190424195500000000000003030000010000000299000000000000000000000000000000000000000830000000000040000000000
090222160003002001190424195500000000000001040002180000000261000000000000000000000000000000100000002000000000000020000000000
090222160004002001190424195500000000000001080006320000000568000000000000000000000000000000100000001000000000000020000000000
11022216000500200119042419550000090000040000001174000000117400000000000000000000000000117400000000000000
120222160006002001190424195503030000000000000000000000000000000000000000001174000000000000000000000000000000
07022217000000200119042419560000000000000000100000000000000000
090222170001002001190424195600000000000002200000010000000799000000000000000000000000000000000000000990000000000010000000000
090222170002002001190424195600000000000002270005660000000735000000000000000000000000000000100000003990000000000010000000000
11022217000300200119042419560000090000020000001534000000153400000000000000000000000000153400000000000000
120222170004002001190424195603020000000000000000000000000000000000000000001534000000000000000000000000000000
07022218000000200119042419570000000000000000100000000000000000
090222180001002001190424195700000000000003190000010000000500000000000000000000000000000000000000002000000000000050000000000
090222180002002001190424195700000000000001080006160000000554000000000000000000000000000000100000001000000000000020000000000
090222180003002001190424195700000000000001090002240000000224000000000000000000000000000000100000001500000000000020000000000
11022218000400200119042419570000090000030000001278000000127800000000000000000000000000127800000000000000
120222180005002001190424195700000000000000000000000000000000000000000000001278000000000000000000000000000000
14022219000000200119042419570000010000000000
07022220000000200119042419580000000000000000100000000000000000
090222200001002001190424195800000000000003010000010000000999000000000000000000000000000000000000006000000000000050000000000
11022220000200200119042419580000090000010000000999000000099900000000000000000000000000099900000000000000
120222200003002001190424195803100000000000000000000000000000000000000000000999000000000000000000000000000000
07022221000000200119042419590000000000000000100000000000000000
090222210001002001190424195900000000000002110008140000000325000000000000000000000000000000100000000990000000000010000000000
11022221000200200119042419590000090000010000000325000000032500000000000000000000000000040000000000750000
120222210003002001190424195900000000000000000000000000000000000000000000000325000000000000000000000000000000
07022222000000200119042420010000000000000000100000000000000000
090222220001002001190424200100000000000002330003860000000772000000000000000000000000000000100000004990000000000010000000000
090222220002002001190424200100000000000002070008020000000480000000000000000000000000000000100000001990000000000010000000000
11022222000300200119042420010000090000020000001252000000125200000000000000000000000000125200000000000000
120222220004002001190424200103050000000000000000000000000000000000000000001252000000000000000000000000000000
07022223000000200119042420050000000000000000100000000000000000
090222230001002001190424200500000000000001020041540000001242000000000000000000000000000000100000001200000000000020000000000
090222230002002001190424200500000000000001290011100000000554000000000000000000000000000000100000000250000000000020000000000
11022223000300200119042420050000090000020000001796000000179600000000000000000000000000200000000002040000
120222230004002001190424200500000000000000000000000000000000000000000000001796000000000000000000000000000000
07022224000000200119042420140000000000000000100000000000000000
090222240001002001190424201400000000000001020017560000000525000000000000000000000000000000100000001200000000000020000000000
090222240002002001190424201400000000000001270004580000000366000000000000000000000000000000100000000250000000000020000000000
090222240003002001190424201400000000000001250007060000000352I 0000000000000000000000000000100000000530000000000020000000000
11022224000400200119042420140000090000030000001243000000124300000000000000000000000000124300000000000000
120222240005002001190424201403030000000000000000000000000000000000000000001243000000000000000000000000000000
07022225000000200119042420200000000000000000100000000000000000
090222250001002001190424202000000000000001090001340000000134000000000000000000000000000000100000001500000000000020000000000
11022225000200200119042420200000090000010000000134000000013400000000000000000000000000013400000000000000
120222250003002001190424202000000000000000000000000000000000000000000000000134000000000000000000000000000000
07022226000000200119042420240000000000000000100000000000000000
090222260001002001190424202400000000000020100015300000000610000000000000000000000000000000100000002000000000000010000000000
11022226000200200119042420240000090000010000000610000000061000000000000000000000000000061000000000000000
120222260003002001190424202403040000000000000000000000000000000000000000000610000000000000000000000000000000
07022227000000200119042420310000000000000000100000000000000000
090222270001002001190424203100000000000011000005500000000164000000000000000000000000000000100000000990000000000020000000000
090222270002002001190424203100000000000002070008860000000531000000000000000000000000000000100000001990000000000010000000000
090222270003002001190424203100000000000003030000010000000299000000000000000000000000000000000000000830000000000040000000000
11022227000400200119042420310000090000030000000994000000099400000000000000000000000000200000000010060000
120222270005002001190424203100000000000000000000000000000000000000000000000994000000000000000000000000000000
07022228000000200119042420320000000000000000100000000000000000
090222280001002001190424203200000000000002040008640000000258000000000000000000000000000000100000000500000000000010000000000
11022228000200200119042420320000090000010000000258000000025800000000000000000000000000025800000000000000
120222280003002001190424203203050000000000000000000000000000000000000000000258000000000000000000000000000000
07022229000000200119042420330000000000000000100000000000000000
090222290001002001190424203300000000000001290023240000001160000000000000000000000000000000100000000250000000000020000000000
11022229000200200119042420330000090000010000001160000000116000000000000000000000000000116000000000000000
120222290003002001190424203302010000000000000000000000000000000000090000001160000000000000000000000000000000
100222290004002001190424203301000000000000000900000011600000000000000677000009
07022230000000200119042420340000000000000000100000000000000000
090222300001002001190424203400000000000001290005620000000280000000000000000000000000000000100000000250000000000020000000000
11022230000200200119042420340000090000010000000280000000028000000000000000000000000000030000000000200000
120222300003002001190424203400000000000000000000000000000000000000000000000280000000000000000000000000000000
07022231000000200119042420350000000000000000100000000000000000
090222310001002001190424203500000000000002070011660000000698000000000000000000000000000000100000001990000000000010000000000
090222310002002001190424203500000000000001130011580000000346000000000000000000000000000000100000001500000000000020000000000
11022231000300200119042420350000090000020000001044000000104400000000000000000000000000104400000000000000
120222310004002001190424203500000000000000000000000000000000000000000000001044000000000000000000000000000000
1502223200050020011904242040000001                
07022233000000200119042420480000000000000000100000000000000000
090222330001002001190424204800000000000002040005840000000175000000000000000000000000000000100000000500000000000010000000000
11022233000200200119042420480000090000010000000175000000017500000000000000000000000000020000000000250000
120222330003002001190424204800000000000000000000000000000000000000000000000175000000000000000000000000000000
14022234000000200119042420590000010000000000
07022235000000200119042421010000000000000000100000000000000000
17022235000100200119042421010000000000000415
090222350002002001190424210100000000000002260008320000000498000000000000000000000000000000100000002000000000000010000000000
11022235000300200119042421010000090000010000000498000000049800000000000000000000000000049800000000000000
120222350004002001190424210103030000000000000000000000000000000000000000000498000000000000000000000000000000
060222350005002001190424210100000100000200000000000000000000000000000000000000000000
060222350006002001190424210200000100000054000000000000000000000000000000000000000000
07022236000000200119042421060000000000000000100000000000000000
090222360001002001190424210600000000000001010003600000000180000000000000000000000000000000100000000500000000000020000000000
090222360002002001190424210600000000000004020000010000000100I 0300000000000000000000000000000000000230000000000030000000000
11022236000300200119042421060000090000020000000280000000028000000000000000000000000000028000000000000000
120222360004002001190424210603030000000000000000000000000000000000000000000280000000000000000000000000000000
0402223700000020011904242106000001022076022237000000259387800000002611143519042400001575000000000000000000000000000032520001000000000000000000000000000000000000000000000000000000000000000000000000000000001234567890AB        
1502223800010020012004240715000001                
