01024932000000200106052407040000010000012000000000292895471.82G5E   1234567890AB        Generica            
02024932000100200106052407040000010000090000000000
07024933000000200106052407360000000000000000100000000000000000
090249330001002001060524073600000000000003030000020000000498000000000000000000000000000000000000000830000000000040000000000
090249330002002001060524073600000000000003250000010000000199000000000000000000000000000000000000000790000000000040000000000
11024933000300200106052407360000090000020000000697000000069700000000000000000000000000100000000003030000
120249330004002001060524073600000000000000000000000000000000000000000000000697000000000000000000000000000000
07024934000000200106052407390000000000000000100000000000000000
090249340001002001060524073900000000000001130005200000000155000000000000000000000000000000100000001500000000000020000000000
11024934000200200106052407390000090000010000000155000000015500000000000000000000000000015500000000000000
120249340003002001060524073903010000000000000000000000000000000000000000000155000000000000000000000000000000
07024935000000200106052408010000000000000000100000000000000000
090249350001002001060524080100000000000002150000030000000597000000000000000000000000000000000000000500000000000010000000000
11024935000200200106052408010000090000010000000597000000059700000000000000000000000000059700000000000000
120249350003002001060524080100000000000000000000000000000000000000000000000597000000000000000000000000000000
07024936000000200106052408120000000000000000100000000000000000
090249360001002001060524081200000000000011000006060000000242000000000000000000000000000000100000000990000000000020000000000
090249360002002001060524081200000000000003040000010000000249000000000000000000000000000000000000000700000000000040000000000
11024936000300200106052408120000090000020000000491000000049100000000000000000000000000049100000000000000
120249360004002001060524081203100000000000000000000000000000000000000000000491000000000000000000000000000000
07024937000000200106052408200000000000000000100000000000000000
090249370001002001060524082000000000000002150000010000000199000000000000000000000000000000000000000500000000000010000000000
090249370002002001060524082000000000000001180001880000000131000000000000000000000000000000100000001000000000000020000000000
090249370003002001060524082000000000000002080006580000000328000000000000000000000000000000100000000500000000000010000000000
11024937000400200106052408200000090000030000000658000000065800000000000000000000000000065800000000000000
120249370005002001060524082000000000000000000000000000000000000000000000000658000000000000000000000000000000
07024938000000200106052408300000000000000000100000000000000000
090249380001002001060524083000000000000001020012080000000482000000000000000000000000000000100000001200000000000020000000000
11024938000200200106052408300000090000010000000482000000048200000000000000000000000000048200000000000000
120249380003002001060524083000000000000000000000000000000000000000000000000482000000000000000000000000000000
07024939000000200106052408380000000000000000100000000000000000
090249390001002001060524083800000000000002070015260000000761000000000000000000000000000000100000001990000000000010000000000
11024939000200200106052408380000090000010000000761000000076100000000000000000000000000076100000000000000
120249390003002001060524083800000000000000000000000000000000000000000000000761000000000000000000000000000000
07024940000000200106052408450000000000000000100000000000000000
090249400001002001060524084500000000000001220007980000000398000000000000000000000000000000100000001500000000000020000000000
11024940000200200106052408450000090000010000000398000000039800000000000000000000000000039800000000000000
120249400003002001060524084500000000000000000000000000000000000000000000000398000000000000000000000000000000
07024941000000200106052408490000000000000000100000000000000000
090249410001002001060524084900000000000001160006500000000324000000000000000000000000000000100000000670000000000020000000000
090249410002002001060524084900000000000001060002080000000145000000000000000000000000000000100000001500000000000020000000000
11024941000300200106052408490000090000020000000469000000046900000000000000000000000000046900000000000000
120249410004002001060524084900000000000000000000000000000000000000000000000469000000000000000000000000000000
07024942000000200106052409020000000000000000100000000000000000
090249420001002001060524090200000000000001020018520000000739000000000000000000000000000000100000001200000000000020000000000
090249420002002001060524090200000000000003250000010000000199000000000000000000000000000000000000000790000000000040000000000
090249420003002001060524090200000000000003030000010000000249000000000000000000000000000000000000000830000000000040000000000
090249420004002001060524090200000000000001090001300000000104000000000000000000000000000000100000001500000000000020000000000
11024942000500200106052409020000090000040000001291000000129100000000000000000000000000129100000000000000
120249420006002001060524090203050000000000000000000000000000000000000000001291000000000000000000000000000000
07024943000000200106052409040000000000000000100000000000000000
090249430001002001060524090400000000000003030000010000000249000000000000000000000000000000000000000830000000000040000000000
090249430002002001060524090400000000000003250000020000000398000000000000000000000000000000000000000790000000000040000000000
11024943000300200106052409040000090000020000000647000000064700000000000000000000000000064700000000000000
120249430004002001060524090400000000000000000000000000000000000000000000000647000000000000000000000000000000
07024944000000200106052409190000000000000000100000000000000000
090249440001002001060524091900000000000005250000020000000798I 0100000000000000000000000000000000002990000000000080000000000
090249440002002001060524091900000000000005290000010000000449I 0100000000000000000000000000000000001000000000000080000000000
11024944000300200106052409190000090000020000001247000000124700000000000000000000000000124700000000000000
120249440004002001060524091900000000000000000000000000000000000000000000001247000000000000000000000000000000
07024945000000200106052409210000000000000000100000000000000000
090249450001002001060524092100000000000001090004100000000328000000000000000000000000000000100000001500000000000020000000000
090249450002002001060524092100000000000001070001360000000367000000000000000000000000000000100000005000000000000020000000000
090249450003002001060524092100000000000001050005860000000468000000000000000000000000000000100000000500000000000020000000000
11024945000400200106052409210000090000030000001163000000116300000000000000000000000000116300000000000000
120249450005002001060524092103060000000000000000000000000000000000000000001163000000000000000000000000000000
07024946000000200106052409230000000000000000100000000000000000
090249460001002001060524092300000000000001090004100000000328000000000000000000000000000000100000001500000000000020000000000
090249460002002001060524092300000000000001290004920000000246000000000000000000000000000000100000000250000000000020000000000
11024946000300200106052409230000090000020000000574000000057400000000000000000000000000057400000000000000
120249460004002001060524092303010000000000000000000000000000000000000000000574000000000000000000000000000000
07024947000000200106052409240000000000000000100000000000000000
090249470001002001060524092400000000000001020002640000000105000000000000000000000000000000100000001200000000000020000000000
090249470002002001060524092400000000000001080001040000000093000000000000000000000000000000100000001000000000000020000000000
11024947000300200106052409240000090000020000000198000000019800000000000000000000000000019800000000000000
120249470004002001060524092400000000000000000000000000000000000000000000000198000000000000000000000000000000
07024948000000200106052409320000000000000000100000000000000000
090249480001002001060524093200000000000002040005120000000204000000000000000000000000000000100000000500000000000010000000000
090249480002002001060524093200000000000003040000010000000249000000000000000000000000000000000000000700000000000040000000000
090249480003002001060524093200000000000001020007040000000281000000000000000000000000000000100000001200000000000020000000000
090249480004002001060524093200000000000003250000010000000199000000000000000000000000000000000000000790000000000040000000000
090249480005002001060524093200000000000001070001620000000437000000000000000000000000000000100000005000000000000020000000000
090249480006002001060524093200000000000003040000010000000249000000000000000000000000000000000000000700000000000040000000000
11024948000700200106052409320000090000060000001619000000161900000000000000000000000000161900000000000000
120249480008002001060524093203010000000000000000000000000000000000000000001619000000000000000000000000000000
07024949000000200106052409430000000000000000100000000000000000
090249490001002001060524094300000000000001010006260000000375000000000000000000000000000000100000000500000000000020000000000
090249490002002001060524094300000000000005020000050000000500I 0000000000000000000000000000000000000100000000000060000000000
11024949000300200106052409430000090000020000000875000000087500000000000000000000000000087500000000000000
120249490004002001060524094300000000000000000000000000000000000000000000000875000000000000000000000000000000
07024950000000200106052409490000000000000000100000000000000000
090249500001002001060524094900000000000002080011300000000564000000000000000000000000000000100000000500000000000010000000000
11024950000200200106052409490000090000010000000564000000056400000000000000000000000000200000000014360000
120249500003002001060524094900000000000000000000000000000000000000000000000564000000000000000000000000000000
07024951000000200106052409560000000000000000100000000000000000
090249510001002001060524095600000000000001080005840000000525000000000000000000000000000000100000001000000000000020000000000
090249510002002001060524095600000000000002070004940000000247000000000000000000000000000000100000001990000000000010000000000
090249510003002001060524095600000000000001250008220000000246I 0000000000000000000000000000100000000530000000000020000000000
11024951000400200106052409560000090000030000001018000000101800000000000000000000000000101800000000000000
120249510005002001060524095600000000000000000000000000000000000000000000001018000000000000000000000000000000
07024952000000200106052410180000000000000000100000000000000000
090249520001002001060524101800000000000001020005720000000228000000000000000000000000000000100000001200000000000020000000000
090249520002002001060524101800000000000002010008580000000514000000000000000000000000000000100000000990000000000010000000000
090249520003002001060524101800000000000002140010460000000836000000000000000000000000000000100000001990000000000010000000000
11024952000400200106052410180000090000030000001578000000157800000000000000000000000000157800000000000000
120249520005002001060524101803010000000000000000000000000000000000000000001578000000000000000000000000000000
07024953000000200106052410360000000000000000100000000000000000
090249530001002001060524103600000000000001010009660000000579000000000000000000000000000000100000000500000000000020000000000
090249530002002001060524103600000000000003030000010000000249000000000000000000000000000000000000000830000000000040000000000
090249530003002001060524103600000000000001040001180000000118000000000000000000000000000000100000002000000000000020000000000
090249530004002001060524103600000000000001080001800000000162000000000000000000000000000000100000001000000000000020000000000
11024953000500200106052410360000090000040000001108000000110800000000000000000000000000110800000000000000
120249530006002001060524103600000000000000000000000000000000000000000000001108000000000000000000000000000000
07024954000000200106052410370000000000000000100000000000000000
090249540001002001060524103700000000000002080012140000000606000000000000000000000000000000100000000500000000000010000000000
11024954000200200106052410370000090000010000000606000000060600000000000000000000000000060600000000000000
120249540003002001060524103700000000000000000000000000000000000000000000000606000000000000000000000000000000
07024955000000200106052410430000000000000000100000000000000000
090249550001002001060524104300000000000001130015420000000461000000000000000000000000000000100000001500000000000020000000000
11024955000200200106052410430000090000010000000461000000046100000000000000000000000000046100000000000000
120249550003002001060524104300000000000000000000000000000000000000000000000461000000000000000000000000000000
07024956000000200106052410440000000000000000100000000000000000
090249560001002001060524104400000000000001020006680000000267000000000000000000000000000000100000001200000000000020000000000
17024956000200200106052410440000000000000347
090249560003002001060524104400000000000002050001940000000155000000000000000000000000000000100000000890000000000010000000000
11024956000400200106052410440000090000020000000422000000042200000000000000000000000000042200000000000000
120249560005002001060524104400000000000000000000000000000000000000000000000422000000000000000000000000000000
07024957000000200106052410450000000000000000100000000000000000
090249570001002001060524104500000000000001080003280000000295000000000000000000000000000000100000001000000000000020000000000
11024957000200200106052410450000090000010000000295000000029500000000000000000000000000029500000000000000
120249570003002001060524104500000000000000000000000000000000000000000000000295000000000000000000000000000000
07024958000000200106052410510000000000000000100000000000000000
090249580001002001060524105100000000000001020004820000000192000000000000000000000000000000100000001200000000000020000000000
090249580002002001060524105100000000000002090000520000000078000000000000000000000000000000100000004720000000000010000000000
090249580003002001060524105100000000000020100002020000000081000000000000000000000000000000100000002000000000000010000000000
11024958000400200106052410510000090000030000000351000000035100000000000000000000000000035100000000000000
120249580005002001060524105100000000000000000000000000000000000000000000000351000000000000000000000000000000
07024959000000200106052410550000000000000000100000000000000000
090249590001002001060524105500000000000001050002840000000227000000000000000000000000000000100000000500000000000020000000000
11024959000200200106052410550000090000010000000227000000022700000000000000000000000000022700000000000000
120249590003002001060524105500000000000000000000000000000000000000000000000227000000000000000000000000000000
07024960000000200106052411020000000000000000100000000000000000
090249600001002001060524110200000000000020100015240000000608000000000000000000000000000000100000002000000000000010000000000
090249600002002001060524110200000000000001070001840000000497000000000000000000000000000000100000005000000000000020000000000
090249600003002001060524110200000000000001250009560000000286I 0000000000000000000000000000100000000530000000000020000000000
11024960000400200106052411020000090000030000001391000000139100000000000000000000000000500000000036090000
120249600005002001060524110200000000000000000000000000000000000000000000001391000000000000000000000000000000
07024961000000200106052411030000000000000000100000000000000000
090249610001002001060524110300000000000002010008820000000528000000000000000000000000000000100000000990000000000010000000000
090249610002002001060524110300000000000001050003100000000248000000000000000000000000000000100000000500000000000020000000000
090249610003002001060524110300000000000001290004080000000204000000000000000000000000000000100000000250000000000020000000000
11024961000400200106052411030000090000030000000980000000098000000000000000000000000000098000000000000000
120249610005002001060524110303010000000000000000000000000000000000000000000980000000000000000000000000000000
07024962000000200106052411060000000000000000100000000000000000
090249620001002001060524110600000000000001020009000000000359000000000000000000000000000000100000001200000000000020000000000
090249620002002001060524110600000000000001070000700000000189000000000000000000000000000000100000005000000000000020000000000
11024962000300200106052411060000090000020000000548000000054800000000000000000000000000054800000000000000
120249620004002001060524110600000000000000000000000000000000000000000000000548000000000000000000000000000000
07024963000000200106052411080000000000000000100000000000000000
090249630001002001060524110800000000000002480006700000000200000000000000000000000000000000100000001000000000000010000000000
090249630002002001060524110800000000000003020000010000000150000000000000000000000000000000000000000500000000000030000000000
11024963000300200106052411080000090000020000000350000000035000000000000000000000000000035000000000000000
120249630004002001060524110803010000000000000000000000000000000000000000000350000000000000000000000000000000
07024964000000200106052411140000000000000000100000000000000000
090249640001002001060524111400000000000002110007340000000440000000000000000000000000000000100000000990000000000010000000000
090249640002002001060524111400000000000001250002120000000063I 0000000000000000000000000000100000000530000000000020000000000
090249640003002001060524111400000000000001150001120000000056000000000000000000000000000000100000001000000000000020000000000
090249640004002001060524111400000000000001050001120000000089000000000000000000000000000000100000000500000000000020000000000
090249640005002001060524111400000000000003040000010000000249000000000000000000000000000000000000000700000000000040000000000
11024964000600200106052411140000090000050000000897000000089700000000000000000000000000089700000000000000
120249640007002001060524111400000000000000000000000000000000000000000000000897000000000000000000000000000000
07024965000000200106052411430000000000000000100000000000000000
090249650001002001060524114300000000000002260004940000000296000000000000000000000000000000100000002000000000000010000000000
11024965000200200106052411430000090000010000000296000000029600000000000000000000000000029600000000000000
120249650003002001060524114300000000000000000000000000000000000000000000000296000000000000000000000000000000
07024966000000200106052411530000000000000000100000000000000000
090249660001002001060524115300000000000001170006440000000386000000000000000000000000000000100000000590000000000020000000000
090249660002002001060524115300000000000002040003020000000120000000000000000000000000000000100000000500000000000010000000000
090249660003002001060524115300000000000001080006080000000547000000000000000000000000000000100000001000000000000020000000000
11024966000400200106052411530000090000030000001053000000105300000000000000000000000000200000000009470000
120249660005002001060524115300000000000000000000000000000000000000000000001053000000000000000000000000000000
07024967000000200106052411540000000000000000100000000000000000
090249670001002001060524115400000000000001070001640000000443000000000000000000000000000000100000005000000000000020000000000
11024967000200200106052411540000090000010000000443000000044300000000000000000000000000044300000000000000
120249670003002001060524115400000000000000000000000000000000000000000000000443000000000000000000000000000000
07024968000000200106052411560000000000000000100000000000000000
090249680001002001060524115600000000000002040007200000000287000000000000000000000000000000100000000500000000000010000000000
11024968000200200106052411560000090000010000000287000000028700000000000000000000000000028700000000000000
120249680003002001060524115600000000000000000000000000000000000000000000000287000000000000000000000000000000
07024969000000200106052412010000000000000000100000000000000000
090249690001002001060524120100000000000002090002540000000381000000000000000000000000000000100000004720000000000010000000000
11024969000200200106052412010000090000010000000381000000038100000000000000000000000000038100000000000000
120249690003002001060524120100000000000000000000000000000000000000000000000381000000000000000000000000000000
07024970000000200106052412040000000000000000100000000000000000
090249700001002001060524120400000000000002080021260000001061000000000000000000000000000000100000000500000000000010000000000
11024970000200200106052412040000090000010000001061000000106100000000000000000000000000106100000000000000
120249700003002001060524120400000000000000000000000000000000000000000000001061000000000000000000000000000000
07024971000000200106052412060000000000000000100000000000000000
090249710001002001060524120600000000000002280003200000000224000000000000000000000000000000100000001000000000000010000000000
090249710002002001060524120600000000000002270006300000000944000000000000000000000000000000100000003990000000000010000000000
090249710003002001060524120600000000000002040005240000000209000000000000000000000000000000100000000500000000000010000000000
090249710004002001060524120600000000000002070005740000000286000000000000000000000000000000100000001990000000000010000000000
11024971000500200106052412060000090000040000001663000000166300000000000000000000000000166300000000000000
120249710006002001060524120603010000000000000000000000000000000000000000001663000000000000000000000000000000
07024972000000200106052412140000000000000000100000000000000000
090249720001002001060524121400000000000002040006900000000275000000000000000000000000000000100000000500000000000010000000000
11024972000200200106052412140000090000010000000275000000027500000000000000000000000000027500000000000000
120249720003002001060524121400000000000000000000000000000000000000000000000275000000000000000000000000000000
07024973000000200106052412160000000000000000100000000000000000
090249730001002001060524121600000000000001040003000000000300000000000000000000000000000000100000002000000000000020000000000
11024973000200200106052412160000090000010000000300000000030000000000000000000000000000030000000000000000
120249730003002001060524121600000000000000000000000000000000000000000000000300000000000000000000000000000000
07024974000000200106052412270000000000000000100000000000000000
090249740001002001060524122700000000000001070001320000000356000000000000000000000000000000100000005000000000000020000000000
090249740002002001060524122700000000000003250000010000000199000000000000000000000000000000000000000790000000000040000000000
090249740003002001060524122700000000000003250000010000000199000000000000000000000000000000000000000790000000000040000000000
11024974000400200106052412270000090000030000000754000000075400000000000000000000000000200000000012460000
120249740005002001060524122700000000000000000000000000000000000000000000000754000000000000000000000000000000
07024975000000200106052412330000000000000000100000000000000000
090249750001002001060524123300000000000003030000010000000249000000000000000000000000000000000000000830000000000040000000000
090249750002002001060524123300000000000003250000010000000199000000000000000000000000000000000000000790000000000040000000000
11024975000300200106052412330000090000020000000448000000044800000000000000000000000000044800000000000000
120249750004002001060524123303010000000000000000000000000000000000000000000448000000000000000000000000000000
07024976000000200106052412380000000000000000100000000000000000
090249760001002001060524123800000000000002480012500000000374000000000000000000000000000000100000001000000000000010000000000
11024976000200200106052412380000090000010000000374000000037400000000000000000000000000037400000000000000
120249760003002001060524123800000000000000000000000000000000000000000000000374000000000000000000000000000000
07024977000000200106052412410000000000000000100000000000000000
090249770001002001060524124100000000000003010000010000000999000000000000000000000000000000000000006000000000000050000000000
090249770002002001060524124100000000000001150003320000000166000000000000000000000000000000100000001000000000000020000000000
090249770003002001060524124100000000000002280009820000000686000000000000000000000000000000100000001000000000000010000000000
090249770004002001060524124100000000000002070006120000000305000000000000000000000000000000100000001990000000000010000000000
090249770005002001060524124100000000000001010004380000000262000000000000000000000000000000100000000500000000000020000000000
090249770006002001060524124100000000000001050001260000000101000000000000000000000000000000100000000500000000000020000000000
090249770007002001060524124100000000000001270002740000000137000000000000000000000000000000100000000250000000000020000000000
090249770008002001060524124100000000000003250000010000000199000000000000000000000000000000000000000790000000000040000000000
090249770009002001060524124100000000000003250000010000000199000000000000000000000000000000000000000790000000000040000000000
11024977001000200106052412410000090000090000003054000000305400000000000000000000000000305400000000000000
120249770011002001060524124103010000000000000000000000000000000000000000003054000000000000000000000000000000
07024978000000200106052412420000000000000000100000000000000000
090249780001002001060524124200000000000005020000010000000100I 0000000000000000000000000000000000000100000000000060000000000
090249780002002001060524124200000000000020100010960000000437000000000000000000000000000000100000002000000000000010000000000
11024978000300200106052412420000090000020000000537000000053700000000000000000000000000053700000000000000
120249780004002001060524124200000000000000000000000000000000000000000000000537000000000000000000000000000000
07024979000000200106052412560000000000000000100000000000000000
090249790001002001060524125600000000000001010018400000001102000000000000000000000000000000100000000500000000000020000000000
17024979000200200106052412560000000000000128
090249790003002001060524125600000000000002250008640000000431000000000000000000000000000000100000002670000000000010000000000
090249790004002001060524125600000000000001170002140000000128000000000000000000000000000000100000000590000000000020000000000
11024979000500200106052412560000090000030000001661000000166100000000000000000000000000166100000000000000
120249790006002001060524125603010000000000000000000000000000000000000000001661000000000000000000000000000000
07024980000000200106052412570000000000000000100000000000000000
090249800001002001060524125700000000000001020013440000000536000000000000000000000000000000100000001200000000000020000000000
090249800002002001060524125700000000000002270004080000000612000000000000000000000000000000100000003990000000000010000000000
090249800003002001060524125700000000000001240001800000000270000000000000000000000000000000100000001670000000000020000000000
11024980000400200106052412570000090000030000001418000000141800000000000000000000000000141800000000000000
120249800005002001060524125703050000000000000000000000000000000000000000001418000000000000000000000000000000
07024981000000200106052412570000000000000000100000000000000000
090249810001002001060524125700000000000001060001280000000089000000000000000000000000000000100000001500000000000020000000000
090249810002002001060524125700000000000001020005740000000229000000000000000000000000000000100000001200000000000020000000000
090249810003002001060524125700000000000001110005660000000565000000000000000000000000000000100000001990000000000020000000000
090249810004002001060524125700000000000001070000640000000173000000000000000000000000000000100000005000000000000020000000000
090249810005002001060524125700000000000003190000010000000500000000000000000000000000000000000000002000000000000050000000000
11024981000600200106052412570000090000050000001556000000155600000000000000000000000000155600000000000000
120249810007002001060524125703060000000000000000000000000000000000000000001556000000000000000000000000000000
07024982000000200106052413260000000000000000100000000000000000
090249820001002001060524132600000000000001090000560000000045000000000000000000000000000000100000001500000000000020000000000
090249820002002001060524132600000000000001080001380000000124000000000000000000000000000000100000001000000000000020000000000
090249820003002001060524132600000000000001050000640000000051000000000000000000000000000000100000000500000000000020000000000
090249820004002001060524132600000000000005020000010000000100I 0000000000000000000000000000000000000100000000000060000000000
11024982000500200106052413260000090000040000000320000000032000000000000000000000000000100000000006800000
120249820006002001060524132600000000000000000000000000000000000000000000000320000000000000000000000000000000
07024983000000200106052413430000000000000000100000000000000000
090249830001002001060524134300000000000001010018940000001135000000000000000000000000000000100000000500000000000020000000000
11024983000200200106052413430000090000010000001135000000113500000000000000000000000000200000000008650000
120249830003002001060524134300000000000000000000000000000000000000000000001135000000000000000000000000000000
18024983000400200106052413530100000020000000000000000000000001
060249830005002001060524135400000100000200000000000000000000000000000000000000000000
07024984000000200106052413560000000000000000100000000000000000
090249840001002001060524135600000000000002150000010000000199000000000000000000000000000000000000000500000000000010000000000
090249840002002001060524135600000000000001040008980000000897000000000000000000000000000000100000002000000000000020000000000
090249840003002001060524135600000000000001070001080000000291000000000000000000000000000000100000005000000000000020000000000
090249840004002001060524135600000000000002220000010000000599000000000000000000000000000000000000001500000000000010000000000
11024984000500200106052413560000090000040000001986000000198600000000000000000000000000198600000000000000
120249840006002001060524135603030000000000000000000000000000000000000000001986000000000000000000000000000000
07024985000000200106052413580000000000000000100000000000000000
090249850001002001060524135800000000000001180006700000000468000000000000000000000000000000100000001000000000000020000000000
11024985000200200106052413580000090000010000000468000000046800000000000000000000000000046800000000000000
120249850003002001060524135803100000000000000000000000000000000000000000000468000000000000000000000000000000
07024986000000200106052414370000000000000000100000000000000000
090249860001002001060524143700000000000003030000010000000249000000000000000000000000000000000000000830000000000040000000000
11024986000200200106052414370000090000010000000249000000024900000000000000000000000000024900000000000000
120249860003002001060524143700000000000000000000000000000000000000000000000249000000000000000000000000000000
07024987000000200106052415270000000000000000100000000000000000
090249870001002001060524152700000000000005020000050000000500I 0000000000000000000000000000000000000100000000000060000000000
11024987000200200106052415270000090000010000000500000000050000000000000000000000000000050000000000000000
120249870003002001060524152700000000000000000000000000000000000000000000000500000000000000000000000000000000
100249870004002001060524153051000000000000003600000021000000000000000160000009
130249870000002001060524153000000000000001600000000000000036000000000000210000000000000000002100
07024988000000200106052415410000000000000000100000000000000000
090249880001002001060524154100000000000001150001300000000065000000000000000000000000000000100000001000000000000020000000000
090249880002002001060524154100000000000002330002480000000496000000000000000000000000000000100000004990000000000010000000000
090249880003002001060524154100000000000002150000010000000199000000000000000000000000000000000000000500000000000010000000000
11024988000400200106052415410000090000030000000760000000076000000000000000000000000000076000000000000000
120249880005002001060524154103050000000000000000000000000000000000000000000760000000000000000000000000000000
07024989000000200106052415470000000000000000100000000000000000
090249890001002001060524154700000000000003190000010000000500000000000000000000000000000000000000002000000000000050000000000
11024989000200200106052415470000090000010000000500000000050000000000000000000000000000050000000000000000
120249890003002001060524154703050000000000000000000000000000000000000000000500000000000000000000000000000000
07024990000000200106052416250000000000000000100000000000000000
090249900001002001060524162500000000000003080000010000000199000000000000000000000000000000000000000700000000000040000000000
11024990000200200106052416250000090000010000000199000000019900000000000000000000000000200000000018010000
120249900003002001060524162500000000000000000000000000000000000000000000000199000000000000000000000000000000
14024991000000200106052416260000010000000000
07024992000000200106052416270000000000000000100000000000000000
090249920001002001060524162700000000000002480011160000000334000000000000000000000000000000100000001000000000000010000000000
11024992000200200106052416270000090000010000000334000000033400000000000000000000000000033400000000000000
120249920003002001060524162700000000000000000000000000000000000000000000000334000000000000000000000000000000
07024993000000200106052416290000000000000000100000000000000000
090249930001002001060524162900000000000001090001300000000104000000000000000000000000000000100000001500000000000020000000000
090249930002002001060524162900000000000003250000010000000199000000000000000000000000000000000000000790000000000040000000000
11024993000300200106052416290000090000020000000303000000030300000000000000000000000000030300000000000000
120249930004002001060524162900000000000000000000000000000000000000000000000303000000000000000000000000000000
07024994000000200106052416320000000000000000100000000000000000
090249940001002001060524163200000000000002070004400000000220000000000000000000000000000000100000001990000000000010000000000
090249940002002001060524163200000000000005290000010000000449I 0100000000000000000000000000000000001000000000000080000000000
11024994000300200106052416320000090000020000000669000000066900000000000000000000000000070000000000310000
120249940004002001060524163200000000000000000000000000000000000000000000000669000000000000000000000000000000
07024995000000200106052416340000000000000000100000000000000000
090249950001002001060524163400000000000002130012160000000485000000000000000000000000000000100000001400000000000010000000000
090249950002002001060524163400000000000002430012640000000757000000000000000000000000000000100000000000000000000010000000000
11024995000300200106052416340000090000020000001242000000124200000000000000000000000000200000000007580000
120249950004002001060524163400000000000000000000000000000000000000000000001242000000000000000000000000000000
07024996000000200106052416350000000000000000100000000000000000
090249960001002001060524163500000000000002050002760000000221000000000000000000000000000000100000000890000000000010000000000
11024996000200200106052416350000090000010000000221000000022100000000000000000000000000022100000000000000
120249960003002001060524163500000000000000000000000000000000000000000000000221000000000000000000000000000000
07024997000000200106052416380000000000000000100000000000000000
090249970001002001060524163800000000000001070000980000000265000000000000000000000000000000100000005000000000000020000000000
090249970002002001060524163800000000000001040002540000000254000000000000000000000000000000100000002000000000000020000000000
090249970003002001060524163800000000000002110007520000000450000000000000000000000000000000100000000990000000000010000000000
090249970004002001060524163800000000000001090000920000000074000000000000000000000000000000100000001500000000000020000000000
090249970005002001060524163800000000000003250000010000000199000000000000000000000000000000000000000790000000000040000000000
11024997000600200106052416380000090000050000001242000000124200000000000000000000000000124200000000000000
120249970007002001060524163803100000000000000000000000000000000000000000001242000000000000000000000000000000
07024998000000200106052416410000000000000000100000000000000000
090249980001002001060524164100000000000003250000020000000398000000000000000000000000000000000000000790000000000040000000000
11024998000200200106052416410000090000010000000398000000039800000000000000000000000000039800000000000000
120249980003002001060524164103100000000000000000000000000000000000000000000398000000000000000000000000000000
07024999000000200106052416540000000000000000100000000000000000
090249990001002001060524165400000000000003250000010000000199000000000000000000000000000000000000000790000000000040000000000
090249990002002001060524165400000000000001160004360000000218000000000000000000000000000000100000000670000000000020000000000
090249990003002001060524165400000000000001220011100000000554000000000000000000000000000000100000001500000000000020000000000
090249990004002001060524165400000000000001270003500000000175000000000000000000000000000000100000000250000000000020000000000
090249990005002001060524165400000000000011000007000000000279000000000000000000000000000000100000000990000000000020000000000
090249990006002001060524165400000000000001120006060000000363000000000000000000000000000000100000001000000000000020000000000
090249990007002001060524165400000000000001250006440000000193I 0000000000000000000000000000100000000530000000000020000000000
090249990008002001060524165400000000000001110003340000000334000000000000000000000000000000100000001990000000000020000000000
090249990009002001060524165400000000000002140010740000000858000000000000000000000000000000100000001990000000000010000000000
11024999001000200106052416540000090000090000003173000000317300000000000000000000000001000000000068270000
120249990011002001060524165400000000000000000000000000000000000000000000003173000000000000000000000000000000
07025000000000200106052416570000000000000000100000000000000000
090250000001002001060524165700000000000005250000010000000399I 0100000000000000000000000000000000002990000000000080000000000
090250000002002001060524165700000000000005250000010000000399I 0100000000000000000000000000000000002990000000000080000000000
090250000003002001060524165700000000000005250000010000000399I 0100000000000000000000000000000000002990000000000080000000000
11025000000400200106052416570000090000030000001197000000119700000000000000000000000000119700000000000000
120250000005002001060524165703040000000000000000000000000000000000000000001197000000000000000000000000000000
07025001000000200106052417010000000000000000100000000000000000
090250010001002001060524170100000000000005480000010000000250I 0100000000000000000000000000000000000000000000000080000000000
11025001000200200106052417010000090000010000000250000000025000000000000000000000000000025000000000000000
120250010003002001060524170100000000000000000000000000000000000000000000000250000000000000000000000000000000
07025002000000200106052417100000000000000000100000000000000000
090250020001002001060524171000000000000002050002380000000190000000000000000000000000000000100000000890000000000010000000000
090250020002002001060524171000000000000003190000010000000500000000000000000000000000000000000000002000000000000050000000000
11025002000300200106052417100000090000020000000690000000069000000000000000000000000000069000000000000000
120250020004002001060524171003030000000000000000000000000000000000000000000690000000000000000000000000000000
07025003000000200106052417170000000000000000100000000000000000
090250030001002001060524171700000000000003250000010000000199000000000000000000000000000000000000000790000000000040000000000
11025003000200200106052417170000090000010000000199000000019900000000000000000000000000019900000000000000
120250030003002001060524171703020000000000000000000000000000000000000000000199000000000000000000000000000000
07025004000000200106052417220000000000000000100000000000000000
090250040001002001060524172200000000000002280005140000000359000000000000000000000000000000100000001000000000000010000000000
090250040002002001060524172200000000000002260005380000000322000000000000000000000000000000100000002000000000000010000000000
11025004000300200106052417220000090000020000000681000000068100000000000000000000000000500000000043190000
120250040004002001060524172200000000000000000000000000000000000000000000000681000000000000000000000000000000
07025005000000200106052417290000000000000000100000000000000000
090250050001002001060524172900000000000001070000600000000162000000000000000000000000000000100000005000000000000020000000000
090250050002002001060524172900000000000001040006660000000665000000000000000000000000000000100000002000000000000020000000000
090250050003002001060524172900000000000004020000010000000100I 0300000000000000000000000000000000000230000000000030000000000
090250050004002001060524172900000000000004070000010000000050I 0300000000000000000000000000000000000070000000000030000000000
11025005000500200106052417290000090000040000000977000000097700000000000000000000000000097700000000000000
120250050006002001060524172900000000000000000000000000000000000000000000000977000000000000000000000000000000
07025006000000200106052417410000000000000000100000000000000000
090250060001002001060524174100000000000001010014680000000879000000000000000000000000000000100000000500000000000020000000000
090250060002002001060524174100000000000002330002500000000500000000000000000000000000000000100000004990000000000010000000000
11025006000300200106052417410000090000020000001379000000137900000000000000000000000000137900000000000000
120250060004002001060524174103060000000000000000000000000000000000000000001379000000000000000000000000000000
07025007000000200106052417420000000000000000100000000000000000
090250070001002001060524174200000000000002260009660000000579000000000000000000000000000000100000002000000000000010000000000
11025007000200200106052417420000090000010000000579000000057900000000000000000000000000057900000000000000
120250070003002001060524174203100000000000000000000000000000000000000000000579000000000000000000000000000000
07025008000000200106052417470000000000000000100000000000000000
090250080001002001060524174700000000000005290000010000000449I 0100000000000000000000000000000000001000000000000080000000000
090250080002002001060524174700000000000005290000010000000449I 0100000000000000000000000000000000001000000000000080000000000
11025008000300200106052417470000090000020000000898000000089800000000000000000000000000200000000011020000
120250080004002001060524174700000000000000000000000000000000000000000000000898000000000000000000000000000000
07025009000000200106052417550000000000000000100000000000000000
090250090001002001060524175500000000000005020000010000000100I 0000000000000000000000000000000000000100000000000060000000000
090250090002002001060524175500000000000005020000010000000100I 0000000000000000000000000000000000000100000000000060000000000
11025009000300200106052417550000090000020000000200000000020000000000000000000000000000020000000000000000
120250090004002001060524175500000000000000000000000000000000000000000000000200000000000000000000000000000000
07025010000000200106052417590000000000000000100000000000000000
090250100001002001060524175900000000000001060004780000000478000000000000000000000000000000100000001500000000000020000000000
090250100002002001060524175900000000000002480007640000000228000000000000000000000000000000100000001000000000000010000000000
090250100003002001060524175900000000000002050007300000000583000000000000000000000000000000100000000890000000000010000000000
090250100004002001060524175900000000000002280007960000000556000000000000000000000000000000100000001000000000000010000000000
090250100005002001060524175900000000000002250003920000000196000000000000000000000000000000100000002670000000000010000000000
090250100006002001060524175900000000000002070012420000000620000000000000000000000000000000100000001990000000000010000000000
11025010000700200106052417590000090000060000002661000000266100000000000000000000000001000000000073390000
120250100008002001060524175900000000000000000000000000000000000000000000002661000000000000000000000000000000
07025011000000200106052418010000000000000000100000000000000000
090250110001002001060524180100000000000001070002140000000578000000000000000000000000000000100000005000000000000020000000000
090250110002002001060524180100000000000003250000010000000199000000000000000000000000000000000000000790000000000040000000000
090250110003002001060524180100000000000005480000010000000250I 0100000000000000000000000000000000000000000000000080000000000
090250110004002001060524180100000000000001090001700000000136000000000000000000000000000000100000001500000000000020000000000
090250110005002001060524180100000000000001010006020000000361000000000000000000000000000000100000000500000000000020000000000
090250110006002001060524180100000000000001080004680000000421000000000000000000000000000000100000001000000000000020000000000
11025011000700200106052418010000090000060000001945000000194500000000000000000000000000200000000000550000
120250110008002001060524180100000000000000000000000000000000000000000000001945000000000000000000000000000000
07025012000000200106052418040000000000000000100000000000000000
090250120001002001060524180400000000000004020000100000001000I 0300000000000000000000000000000000000230000000000030000000000
11025012000200200106052418040000090000010000001000000000100000000000000000000000000000100000000000000000
120250120003002001060524180403040000000000000000000000000000000000000000001000000000000000000000000000000000
07025013000000200106052418050000000000000000100000000000000000
090250130001002001060524180500000000000002070010780000000538000000000000000000000000000000100000001990000000000010000000000
090250130002002001060524180500000000000002070004200000000210000000000000000000000000000000100000001990000000000010000000000
090250130003002001060524180500000000000001040003680000000368000000000000000000000000000000100000002000000000000020000000000
11025013000400200106052418050000090000030000001116000000111600000000000000000000000000111600000000000000
120250130005002001060524180503030000000000000000000000000000000000000000001116000000000000000000000000000000
07025014000000200106052418060000000000000000100000000000000000
090250140001002001060524180600000000000002130021240000000847000000000000000000000000000000100000001400000000000010000000000
090250140002002001060524180600000000000002130018900000000754000000000000000000000000000000100000001400000000000010000000000
11025014000300200106052418060000090000020000001601000000160100000000000000000000000000160100000000000000
120250140004002001060524180603020000000000000000000000000000000000000000001601000000000000000000000000000000
07025015000000200106052418060000000000000000100000000000000000
090250150001002001060524180600000000000002090008520000001277000000000000000000000000000000100000004720000000000010000000000
090250150002002001060524180600000000000001120003360000000201000000000000000000000000000000100000001000000000000020000000000
090250150003002001060524180600000000000001050003060000000244000000000000000000000000000000100000000500000000000020000000000
11025015000400200106052418060000090000030000001722000000172200000000000000000000000000200000000002780000
120250150005002001060524180600000000000000000000000000000000000000000000001722000000000000000000000000000000
07025016000000200106052418090000000000000000100000000000000000
090250160001002001060524180900000000000002080011240000000561000000000000000000000000000000100000000500000000000010000000000
090250160002002001060524180900000000000001050003540000000283000000000000000000000000000000100000000500000000000020000000000
090250160003002001060524180900000000000001020007520000000300000000000000000000000000000000100000001200000000000020000000000
17025016000400200106052418090000000000000381
11025016000500200106052418090000090000030000001144000000114400000000000000000000000000114400000000000000
120250160006002001060524180903030000000000000000000000000000000000000000001144000000000000000000000000000000
07025017000000200106052418100000000000000000100000000000000000
090250170001002001060524181000000000000003250000010000000199000000000000000000000000000000000000000790000000000040000000000
11025017000200200106052418100000090000010000000199000000019900000000000000000000000000050000000003010000
120250170003002001060524181000000000000000000000000000000000000000000000000199000000000000000000000000000000
07025018000000200106052418100000000000000000100000000000000000
090250180001002001060524181000000000000001180002880000000201000000000000000000000000000000100000001000000000000020000000000
090250180002002001060524181000000000000003250000010000000199000000000000000000000000000000000000000790000000000040000000000
11025018000300200106052418100000090000020000000400000000040000000000000000000000000000040000000000000000
120250180004002001060524181002010000000000000000000000000000000000040000000400000000000000000000000000000000
100250180005002001060524181001000000000000000400000004000000000000001171000009
07025019000000200106052418110000000000000000100000000000000000
090250190001002001060524181100000000000003040000010000000249000000000000000000000000000000000000000700000000000040000000000
11025019000200200106052418110000090000010000000249000000024900000000000000000000000000024900000000000000
120250190003002001060524181102010000000000000000000000000000000000040000000249000000000000000000000000000000
100250190004002001060524181101000000000000000400000002490000000000001172000009
07025020000000200106052418160000000000000000100000000000000000
090250200001002001060524181600000000000001290010560000000527000000000000000000000000000000100000000250000000000020000000000
090250200002002001060524181600000000000001050005120000000409000000000000000000000000000000100000000500000000000020000000000
11025020000300200106052418160000090000020000000936000000093600000000000000000000000000093600000000000000
120250200004002001060524181603020000000000000000000000000000000000000000000936000000000000000000000000000000
07025021000000200106052418160000000000000000100000000000000000
090250210001002001060524181600000000000002070013800000000689000000000000000000000000000000100000001990000000000010000000000
11025021000200200106052418160000090000010000000689000000068900000000000000000000000000068900000000000000
120250210003002001060524181600000000000000000000000000000000000000000000000689000000000000000000000000000000
07025022000000200106052418170000000000000000100000000000000000
090250220001002001060524181700000000000005020000010000000100I 0000000000000000000000000000000000000100000000000060000000000
090250220002002001060524181700000000000001070001200000000324000000000000000000000000000000100000005000000000000020000000000
090250220003002001060524181700000000000002040004680000000187000000000000000000000000000000100000000500000000000010000000000
11025022000400200106052418170000090000030000000611000000061100000000000000000000000000200000000013890000
120250220005002001060524181700000000000000000000000000000000000000000000000611000000000000000000000000000000
07025023000000200106052418190000000000000000100000000000000000
090250230001002001060524181900000000000004020000010000000100I 0300000000000000000000000000000000000230000000000030000000000
090250230002002001060524181900000000000004020000010000000100I 0300000000000000000000000000000000000230000000000030000000000
11025023000300200106052418190000090000020000000200000000020000000000000000000000000000020000000000000000
120250230004002001060524181903020000000000000000000000000000000000000000000200000000000000000000000000000000
07025024000000200106052418230000000000000000100000000000000000
090250240001002001060524182300000000000002480004620000000138000000000000000000000000000000100000001000000000000010000000000
090250240002002001060524182300000000000001020008520000000340000000000000000000000000000000100000001200000000000020000000000
090250240003002001060524182300000000000002010013880000000831000000000000000000000000000000100000000990000000000010000000000
090250240004002001060524182300000000000002250008540000000426000000000000000000000000000000100000002670000000000010000000000
090250240005002001060524182300000000000002250007720000000385000000000000000000000000000000100000002670000000000010000000000
090250240006002001060524182300000000000002140008960000000716000000000000000000000000000000100000001990000000000010000000000
090250240007002001060524182300000000000002070006660000000332000000000000000000000000000000100000001990000000000010000000000
11025024000800200106052418230000090000070000003168000000316800000000000000000000000001000000000068320000
120250240009002001060524182300000000000000000000000000000000000000000000003168000000000000000000000000000000
07025025000000200106052418290000000000000000100000000000000000
090250250001002001060524182900000000000003010000010000000999000000000000000000000000000000000000006000000000000050000000000
11025025000200200106052418290000090000010000000999000000099900000000000000000000000000099900000000000000
120250250003002001060524182900000000000000000000000000000000000000000000000999000000000000000000000000000000
07025026000000200106052418320000000000000000100000000000000000
090250260001002001060524183200000000000001040001360000000136000000000000000000000000000000100000002000000000000020000000000
090250260002002001060524183200000000000001090000620000000050000000000000000000000000000000100000001500000000000020000000000
090250260003002001060524183200000000000001130010220000000306000000000000000000000000000000100000001500000000000020000000000
11025026000400200106052418320000090000030000000492000000049200000000000000000000000000200000000015080000
120250260005002001060524183200000000000000000000000000000000000000000000000492000000000000000000000000000000
07025027000000200106052418450000000000000000100000000000000000
090250270001002001060524184500000000000002130019080000000761000000000000000000000000000000100000001400000000000010000000000
090250270002002001060524184500000000000002220000010000000599000000000000000000000000000000000000001500000000000010000000000
090250270003002001060524184500000000000001220010020000000500000000000000000000000000000000100000001500000000000020000000000
090250270004002001060524184500000000000001160004840000000242000000000000000000000000000000100000000670000000000020000000000
090250270005002001060524184500000000000001040005800000000579000000000000000000000000000000100000002000000000000020000000000
090250270006002001060524184500000000000001090003500000000280000000000000000000000000000000100000001500000000000020000000000
090250270007002001060524184500000000000001080007640000000687000000000000000000000000000000100000001000000000000020000000000
11025027000800200106052418450000090000070000003648000000364800000000000000000000000000505000000014020000
120250270009002001060524184500000000000000000000000000000000000000000000003648000000000000000000000000000000
07025028000000200106052418470000000000000000100000000000000000
090250280001002001060524184700000000000001050000740000000059000000000000000000000000000000100000000500000000000020000000000
11025028000200200106052418470000090000010000000059000000005900000000000000000000000000005900000000000000
120250280003002001060524184700000000000000000000000000000000000000000000000059000000000000000000000000000000
07025029000000200106052418560000000000000000100000000000000000
090250290001002001060524185600000000000001010010380000000622000000000000000000000000000000100000000500000000000020000000000
090250290002002001060524185600000000000001070000520000000140000000000000000000000000000000100000005000000000000020000000000
11025029000300200106052418560000090000020000000762000000076200000000000000000000000000080000000000380000
120250290004002001060524185600000000000000000000000000000000000000000000000762000000000000000000000000000000
07025030000000200106052419170000000000000000100000000000000000
090250300001002001060524191700000000000001040002240000000224000000000000000000000000000000100000002000000000000020000000000
11025030000200200106052419170000090000010000000224000000022400000000000000000000000000022400000000000000
120250300003002001060524191700000000000000000000000000000000000000000000000224000000000000000000000000000000
07025031000000200106052419190000000000000000100000000000000000
090250310001002001060524191900000000000003250000010000000199000000000000000000000000000000000000000790000000000040000000000
11025031000200200106052419190000090000010000000199000000019900000000000000000000000000019900000000000000
120250310003002001060524191900000000000000000000000000000000000000000000000199000000000000000000000000000000
07025032000000200106052419250000000000000000100000000000000000
090250320001002001060524192500000000000001060001280000000128000000000000000000000000000000100000001500000000000020000000000
090250320002002001060524192500000000000001010006480000000388000000000000000000000000000000100000000500000000000020000000000
090250320003002001060524192500000000000001040001720000000172000000000000000000000000000000100000002000000000000020000000000
090250320004002001060524192500000000000001080001480000000133000000000000000000000000000000100000001000000000000020000000000
11025032000500200106052419250000090000040000000821000000082100000000000000000000000000082100000000000000
120250320006002001060524192503050000000000000000000000000000000000000000000821000000000000000000000000000000
07025033000000200106052419270000000000000000100000000000000000
090250330001002001060524192700000000000002150000010000000199000000000000000000000000000000000000000500000000000010000000000
090250330002002001060524192700000000000002220000010000000599000000000000000000000000000000000000001500000000000010000000000
090250330003002001060524192700000000000005020000010000000100I 0000000000000000000000000000000000000100000000000060000000000
11025033000400200106052419270000090000030000000898000000089800000000000000000000000000200000000011020000
120250330005002001060524192700000000000000000000000000000000000000000000000898000000000000000000000000000000
07025034000000200106052419370000000000000000100000000000000000
090250340001002001060524193700000000000002050006220000000497000000000000000000000000000000100000000890000000000010000000000
090250340002002001060524193700000000000003040000010000000249000000000000000000000000000000000000000700000000000040000000000
090250340003002001060524193700000000000002090002600000000390000000000000000000000000000000100000004720000000000010000000000
090250340004002001060524193700000000000005480000010000000250I 0100000000000000000000000000000000000000000000000080000000000
11025034000500200106052419370000090000040000001386000000138600000000000000000000000000200000000006140000
120250340006002001060524193700000000000000000000000000000000000000000000001386000000000000000000000000000000
07025035000000200106052419390000000000000000100000000000000000
090250350001002001060524193900000000000011000005220000000208000000000000000000000000000000100000000990000000000020000000000
090250350002002001060524193900000000000001090001000000000080000000000000000000000000000000100000001500000000000020000000000
11025035000300200106052419390000090000020000000288000000028800000000000000000000000000028800000000000000
120250350004002001060524193903060000000000000000000000000000000000000000000288000000000000000000000000000000
07025036000000200106052419450000000000000000100000000000000000
090250360001002001060524194500000000000001180002460000000172000000000000000000000000000000100000001000000000000020000000000
090250360002002001060524194500000000000001010006760000000405000000000000000000000000000000100000000500000000000020000000000
090250360003002001060524194500000000000001250003140000000094I 0000000000000000000000000000100000000530000000000020000000000
090250360004002001060524194500000000000002270003740000000561000000000000000000000000000000100000003990000000000010000000000
090250360005002001060524194500000000000001080005440000000489000000000000000000000000000000100000001000000000000020000000000
090250360006002001060524194500000000000002090004600000000690000000000000000000000000000000100000004720000000000010000000000
090250360007002001060524194500000000000002040010180000000406000000000000000000000000000000100000000500000000000010000000000
090250360008002001060524194500000000000002170000010000000899000000000000000000000000000000000000006500000000000010000000000
090250360009002001060524194500000000000001040004700000000470000000000000000000000000000000100000002000000000000020000000000
090250360010002001060524194500000000000002070013820000000690000000000000000000000000000000100000001990000000000010000000000
11025036001100200106052419450000090000100000004876000000487600000000000000000000000000487600000000000000
120250360012002001060524194503050000000000000000000000000000000000000000004876000000000000000000000000000000
07025037000000200106052419500000000000000000100000000000000000
090250370001002001060524195000000000000011000006440000000257000000000000000000000000000000100000000990000000000020000000000
090250370002002001060524195000000000000001180002100000000147000000000000000000000000000000100000001000000000000020000000000
11025037000300200106052419500000090000020000000404000000040400000000000000000000000000040400000000000000
120250370004002001060524195003030000000000000000000000000000000000000000000404000000000000000000000000000000
07025038000000200106052419550000000000000000100000000000000000
090250380001002001060524195500000000000002050005140000000411000000000000000000000000000000100000000890000000000010000000000
090250380002002001060524195500000000000005220000010000002199I 0100000000000000000000000000000000018500000000000070000000000
11025038000300200106052419550000090000020000002610000000261000000000000000000000000000500000000023900000
120250380004002001060524195500000000000000000000000000000000000000000000002610000000000000000000000000000000
07025039000000200106052419560000000000000000100000000000000000
090250390001002001060524195600000000000001040006980000000697000000000000000000000000000000100000002000000000000020000000000
090250390002002001060524195600000000000001080005320000000478000000000000000000000000000000100000001000000000000020000000000
11025039000300200106052419560000090000020000001175000000117500000000000000000000000000117500000000000000
120250390004002001060524195603100000000000000000000000000000000000000000001175000000000000000000000000000000
07025040000000200106052419560000000000000000100000000000000000
090250400001002001060524195600000000000002040001480000000059000000000000000000000000000000100000000500000000000010000000000
11025040000200200106052419560000090000010000000059000000005900000000000000000000000000010000000000410000
120250400003002001060524195600000000000000000000000000000000000000000000000059000000000000000000000000000000
07025041000000200106052419580000000000000000100000000000000000
090250410001002001060524195800000000000002170000010000000899000000000000000000000000000000000000006500000000000010000000000
090250410002002001060524195800000000000002130016860000000673000000000000000000000000000000100000001400000000000010000000000
11025041000300200106052419580000090000020000001572000000157200000000000000000000000000157200000000000000
120250410004002001060524195803030000000000000000000000000000000000000000001572000000000000000000000000000000
07025042000000200106052419580000000000000000100000000000000000
090250420001002001060524195800000000000001020005480000000219000000000000000000000000000000100000001200000000000020000000000
11025042000200200106052419580000090000010000000219000000021900000000000000000000000000021900000000000000
120250420003002001060524195803060000000000000000000000000000000000000000000219000000000000000000000000000000
07025043000000200106052419590000000000000000100000000000000000
090250430001002001060524195900000000000003250000010000000199000000000000000000000000000000000000000790000000000040000000000
11025043000200200106052419590000090000010000000199000000019900000000000000000000000000050000000003010000
120250430003002001060524195900000000000000000000000000000000000000000000000199000000000000000000000000000000
07025044000000200106052420000000000000000000100000000000000000
090250440001002001060524200000000000000001080001200000000108000000000000000000000000000000100000001000000000000020000000000
11025044000200200106052420000000090000010000000108000000010800000000000000000000000000010800000000000000
120250440003002001060524200003100000000000000000000000000000000000000000000108000000000000000000000000000000
07025045000000200106052420010000000000000000100000000000000000
090250450001002001060524200100000000000003190000010000000500000000000000000000000000000000000000002000000000000050000000000
090250450002002001060524200100000000000002480006980000000209000000000000000000000000000000100000001000000000000010000000000
090250450003002001060524200100000000000005020000010000000100I 0000000000000000000000000000000000000100000000000060000000000
11025045000400200106052420010000090000030000000809000000080900000000000000000000000000200000000011910000
120250450005002001060524200100000000000000000000000000000000000000000000000809000000000000000000000000000000
07025046000000200106052420020000000000000000100000000000000000
090250460001002001060524200200000000000002040004520000000180000000000000000000000000000000100000000500000000000010000000000
11025046000200200106052420020000090000010000000180000000018000000000000000000000000000018000000000000000
120250460003002001060524200200000000000000000000000000000000000000000000000180000000000000000000000000000000
07025047000000200106052420120000000000000000100000000000000000
090250470001002001060524201200000000000001050002940000000235000000000000000000000000000000100000000500000000000020000000000
090250470002002001060524201200000000000001090000500000000040000000000000000000000000000000100000001500000000000020000000000
11025047000300200106052420120000090000020000000275000000027500000000000000000000000000050000000002250000
120250470004002001060524201200000000000000000000000000000000000000000000000275000000000000000000000000000000
07025048000000200106052420140000000000000000100000000000000000
090250480001002001060524201400000000000003040000010000000249000000000000000000000000000000000000000700000000000040000000000
090250480002002001060524201400000000000001080001480000000133000000000000000000000000000000100000001000000000000020000000000
090250480003002001060524201400000000000001070000540000000146000000000000000000000000000000100000005000000000000020000000000
090250480004002001060524201400000000000001040002600000000260000000000000000000000000000000100000002000000000000020000000000
090250480005002001060524201400000000000001170003320000000199000000000000000000000000000000100000000590000000000020000000000
11025048000600200106052420140000090000050000000987000000098700000000000000000000000000098700000000000000
120250480007002001060524201403050000000000000000000000000000000000000000000987000000000000000000000000000000
07025049000000200106052420200000000000000000100000000000000000
090250490001002001060524202000000000000003040000010000000249000000000000000000000000000000000000000700000000000040000000000
090250490002002001060524202000000000000001090001000000000080000000000000000000000000000000100000001500000000000020000000000
090250490003002001060524202000000000000001080002800000000252000000000000000000000000000000100000001000000000000020000000000
090250490004002001060524202000000000000001040001640000000164000000000000000000000000000000100000002000000000000020000000000
090250490005002001060524202000000000000002070008780000000438000000000000000000000000000000100000001990000000000010000000000
090250490006002001060524202000000000000003250000010000000199000000000000000000000000000000000000000790000000000040000000000
090250490007002001060524202000000000000003250000010000000199000000000000000000000000000000000000000790000000000040000000000
11025049000800200106052420200000090000070000001581000000158100000000000000000000000000200000000004190000
120250490009002001060524202000000000000000000000000000000000000000000000001581000000000000000000000000000000
07025050000000200106052420210000000000000000100000000000000000
090250500001002001060524202100000000000002070023800000001188000000000000000000000000000000100000001990000000000010000000000
11025050000200200106052420210000090000010000001188000000118800000000000000000000000000500000000038120000
120250500003002001060524202100000000000000000000000000000000000000000000001188000000000000000000000000000000
07025051000000200106052420220000000000000000100000000000000000
090250510001002001060524202200000000000001130028720000000859000000000000000000000000000000100000001500000000000020000000000
090250510002002001060524202200000000000005480000010000000250I 0100000000000000000000000000000000000000000000000080000000000
11025051000300200106052420220000090000020000001109000000110900000000000000000000000000150000000003910000
120250510004002001060524202200000000000000000000000000000000000000000000001109000000000000000000000000000000
07025052000000200106052420230000000000000000100000000000000000
090250520001002001060524202300000000000002010009160000000549000000000000000000000000000000100000000990000000000010000000000
11025052000200200106052420230000090000010000000549000000054900000000000000000000000000054900000000000000
120250520003002001060524202300000000000000000000000000000000000000000000000549000000000000000000000000000000
07025053000000200106052420290000000000000000100000000000000000
090250530001002001060524202900000000000001130013280000000397000000000000000000000000000000100000001500000000000020000000000
11025053000200200106052420290000090000010000000397000000039700000000000000000000000000050000000001030000
120250530003002001060524202900000000000000000000000000000000000000000000000397000000000000000000000000000000
07025054000000200106052420400000000000000000100000000000000000
090250540001002001060524204000000000000002070022580000001127000000000000000000000000000000100000001990000000000010000000000
11025054000200200106052420400000090000010000001127000000112700000000000000000000000000112700000000000000
120250540003002001060524204003100000000000000000000000000000000000000000001127000000000000000000000000000000
07025055000000200106052420480000000000000000100000000000000000
090250550001002001060524204800000000000003200000010000002299000000000000000000000000000000000000000000000000000050000000000
11025055000200200106052420480000090000010000002299000000229900000000000000000000000000300000000007010000
120250550003002001060524204800000000000000000000000000000000000000000000002299000000000000000000000000000000
060250550004002001060524205000000100000450000000000000000000000000000000000000000000
18025055000500200106052420510500000040000000000000000000000001
0402505600000020010605242056000001024932025056000000292895470000002939925706052400001085680000000000000000000000000000000001000000000000000000000000000000000000000000000000000000000000000000000000000000001234567890AB        
