01033096000000200128062407050000010000004000000000386855431.82G5E   1234567890AB        Generica            
02033096000100200128062407050000010000090000000000
07033097000000200128062407060000000000000000100000000000000000
090330970001002001280624070600000000000001250002420000000097I 0000000000000000000000000000100000000530000000000020000000000
090330970002002001280624070600000000000001010002140000000150000000000000000000000000000000100000000500000000000020000000000
11033097000300200128062407060000090000020000000247000000024700000000000000000000000000100000000007530000
120330970004002001280624070600000000000000000000000000000000000000000000000247000000000000000000000000000000
07033098000000200128062407200000000000000000100000000000000000
090330980001002001280624072000000000000001020020040000001000000000000000000000000000000000100000001200000000000020000000000
090330980002002001280624072000000000000001080008080000000565000000000000000000000000000000100000001000000000000020000000000
090330980003002001280624072000000000000001250006340000000253I 0000000000000000000000000000100000000530000000000020000000000
090330980004002001280624072000000000000001050006940000000416000000000000000000000000000000100000000500000000000020000000000
090330980005002001280624072000000000000001170003000000000120000000000000000000000000000000100000000590000000000020000000000
11033098000600200128062407200000090000050000002354000000235400000000000000000000000000235400000000000000
120330980007002001280624072000000000000000000000000000000000000000000000002354000000000000000000000000000000
07033099000000200128062407290000000000000000100000000000000000
090330990001002001280624072900000000000001050014480000000867000000000000000000000000000000100000000500000000000020000000000
090330990002002001280624072900000000000001070000460000000161000000000000000000000000000000100000005000000000000020000000000
090330990003002001280624072900000000000002070012440000000434000000000000000000000000000000100000001990000000000010000000000
090330990004002001280624072900000000000002050011480000000573000000000000000000000000000000100000000890000000000010000000000
090330990005002001280624072900000000000002010038940000001164000000000000000000000000000000100000000990000000000010000000000
090330990006002001280624072900000000000003250000040000000396000000000000000000000000000000000000000790000000000040000000000
11033099000700200128062407290000090000060000003595000000359500000000000000000000000000400000000004050000
120330990008002001280624072900000000000000000000000000000000000000000000003595000000000000000000000000000000
07033100000000200128062407310000000000000000100000000000000000
090331000001002001280624073100000000000002080014700000000587000000000000000000000000000000100000000500000000000010000000000
090331000002002001280624073100000000000001180005880000000293000000000000000000000000000000100000001000000000000020000000000
090331000003002001280624073100000000000002010046820000001400000000000000000000000000000000100000000990000000000010000000000
11033100000400200128062407310000090000030000002280000000228000000000000000000000000000228000000000000000
120331000005002001280624073100000000000000000000000000000000000000000000002280000000000000000000000000000000
07033101000000200128062407360000000000000000100000000000000000
090331010001002001280624073600000000000002290000010000000499000000000000000000000000000000000000002500000000000010000000000
11033101000200200128062407360000090000010000000499000000049900000000000000000000000000049900000000000000
120331010003002001280624073600000000000000000000000000000000000000000000000499000000000000000000000000000000
07033102000000200128062407370000000000000000100000000000000000
090331020001002001280624073700000000000002010006160000000184000000000000000000000000000000100000000990000000000010000000000
090331020002002001280624073700000000000002150000010000000149000000000000000000000000000000000000000500000000000010000000000
11033102000300200128062407370000090000020000000333000000033300000000000000000000000000050000000001670000
120331020004002001280624073700000000000000000000000000000000000000000000000333000000000000000000000000000000
07033103000000200128062407380000000000000000100000000000000000
090331030001002001280624073800000000000002260004260000000383000000000000000000000000000000100000002000000000000010000000000
11033103000200200128062407380000090000010000000383000000038300000000000000000000000000200000000016170000
120331030003002001280624073800000000000000000000000000000000000000000000000383000000000000000000000000000000
07033104000000200128062407500000000000000000100000000000000000
090331040001002001280624075000000000000001040007200000000503000000000000000000000000000000100000002000000000000020000000000
090331040002002001280624075000000000000001090007000000000559000000000000000000000000000000100000001500000000000020000000000
090331040003002001280624075000000000000001290009000000000269000000000000000000000000000000100000000250000000000020000000000
11033104000400200128062407500000090000030000001331000000133100000000000000000000000000200000000006690000
120331040005002001280624075000000000000000000000000000000000000000000000001331000000000000000000000000000000
07033105000000200128062407570000000000000000100000000000000000
090331050001002001280624075700000000000002010009140000000273000000000000000000000000000000100000000990000000000010000000000
090331050002002001280624075700000000000002040012860000000320000000000000000000000000000000100000000500000000000010000000000
090331050003002001280624075700000000000001050004140000000248000000000000000000000000000000100000000500000000000020000000000
090331050004002001280624075700000000000002090003440000000516000000000000000000000000000000100000004720000000000010000000000
090331050005002001280624075700000000000002070006020000000210000000000000000000000000000000100000001990000000000010000000000
090331050006002001280624075700000000000001080006400000000447000000000000000000000000000000100000001000000000000020000000000
090331050007002001280624075700000000000002150000020000000298000000000000000000000000000000000000000500000000000010000000000
11033105000800200128062407570000090000070000002312000000231200000000000000000000000000231200000000000000
120331050009002001280624075703010000000000000000000000000000000000000000002312000000000000000000000000000000
07033106000000200128062407580000000000000000100000000000000000
090331060001002001280624075800000000000003250000030000000297000000000000000000000000000000000000000790000000000040000000000
090331060002002001280624075800000000000001290006720000000201000000000000000000000000000000100000000250000000000020000000000
11033106000300200128062407580000090000020000000498000000049800000000000000000000000000049800000000000000
120331060004002001280624075800000000000000000000000000000000000000000000000498000000000000000000000000000000
07033107000000200128062408170000000000000000100000000000000000
090331070001002001280624081700000000000002260002820000000254000000000000000000000000000000100000002000000000000010000000000
11033107000200200128062408170000090000010000000254000000025400000000000000000000000000025400000000000000
120331070003002001280624081702010000000000000000000000000000000000220000000254000000000000000000000000000000
100331070004002001280624081701000000000000002200000002540000000000001972000009
07033108000000200128062408220000000000000000100000000000000000
090331080001002001280624082200000000000001090000660000000053000000000000000000000000000000100000001500000000000020000000000
090331080002002001280624082200000000000001290005120000000153000000000000000000000000000000100000000250000000000020000000000
090331080003002001280624082200000000000001050004360000000261000000000000000000000000000000100000000500000000000020000000000
090331080004002001280624082200000000000003250000010000000099000000000000000000000000000000000000000790000000000040000000000
11033108000500200128062408220000090000040000000566000000056600000000000000000000000000056600000000000000
120331080006002001280624082200000000000000000000000000000000000000000000000566000000000000000000000000000000
07033109000000200128062408280000000000000000100000000000000000
090331090001002001280624082800000000000002040003980000000099000000000000000000000000000000100000000500000000000010000000000
090331090002002001280624082800000000000001150001460000000087000000000000000000000000000000100000001000000000000020000000000
090331090003002001280624082800000000000001020005740000000286000000000000000000000000000000100000001200000000000020000000000
17033109000400200128062408280000000000000197
090331090005002001280624082800000000000002010008720000000261000000000000000000000000000000100000000990000000000010000000000
090331090006002001280624082800000000000001130011560000000172000000000000000000000000000000100000001290000000000020000000000
11033109000700200128062408280000090000050000000905000000090500000000000000000000000000090500000000000000
120331090008002001280624082800000000000000000000000000000000000000000000000905000000000000000000000000000000
07033110000000200128062408420000000000000000100000000000000000
090331100001002001280624084200000000000005220000010000002299I 0100000000000000000000000000000000018500000000000070000000000
11033110000200200128062408420000090000010000002299000000229900000000000000000000000000500000000027010000
120331100003002001280624084200000000000000000000000000000000000000000000002299000000000000000000000000000000
07033111000000200128062408570000000000000000100000000000000000
090331110001002001280624085700000000000001150001500000000090000000000000000000000000000000100000001000000000000020000000000
090331110002002001280624085700000000000002070004400000000154000000000000000000000000000000100000001990000000000010000000000
090331110003002001280624085700000000000003250000010000000099000000000000000000000000000000000000000790000000000040000000000
090331110004002001280624085700000000000001130009240000000138000000000000000000000000000000100000001290000000000020000000000
11033111000500200128062408570000090000040000000481000000048100000000000000000000000000048100000000000000
120331110006002001280624085700000000000000000000000000000000000000000000000481000000000000000000000000000000
07033112000000200128062408590000000000000000100000000000000000
090331120001002001280624085900000000000001080001520000000106000000000000000000000000000000100000001000000000000020000000000
11033112000200200128062408590000090000010000000106000000010600000000000000000000000000010600000000000000
120331120003002001280624085900000000000000000000000000000000000000000000000106000000000000000000000000000000
07033113000000200128062409100000000000000000100000000000000000
090331130001002001280624091000000000000005020000030000000300I 0000000000000000000000000000000000000100000000000060000000000
11033113000200200128062409100000090000010000000300000000030000000000000000000000000000030000000000000000
120331130003002001280624091000000000000000000000000000000000000000000000000300000000000000000000000000000000
07033114000000200128062409230000000000000000100000000000000000
090331140001002001280624092300000000000002010005180000000155000000000000000000000000000000100000000990000000000010000000000
090331140002002001280624092300000000000001130039840000000594000000000000000000000000000000100000001290000000000020000000000
11033114000300200128062409230000090000020000000749000000074900000000000000000000000000074900000000000000
120331140004002001280624092300000000000000000000000000000000000000000000000749000000000000000000000000000000
07033115000000200128062409310000000000000000100000000000000000
090331150001002001280624093100000000000002040006580000000164000000000000000000000000000000100000000500000000000010000000000
090331150002002001280624093100000000000002070009520000000332000000000000000000000000000000100000001990000000000010000000000
090331150003002001280624093100000000000005480000010000000250I 0100000000000000000000000000000000000000000000000080000000000
11033115000400200128062409310000090000030000000746000000074600000000000000000000000000074600000000000000
120331150005002001280624093100000000000000000000000000000000000000000000000746000000000000000000000000000000
07033116000000200128062409320000000000000000100000000000000000
090331160001002001280624093200000000000001250017620000000703I 0000000000000000000000000000100000000530000000000020000000000
090331160002002001280624093200000000000003250000020000000198000000000000000000000000000000000000000790000000000040000000000
11033116000300200128062409320000090000020000000901000000090100000000000000000000000000090100000000000000
120331160004002001280624093203010000000000000000000000000000000000000000000901000000000000000000000000000000
07033117000000200128062409330000000000000000100000000000000000
090331170001002001280624093300000000000001130026460000000394000000000000000000000000000000100000001290000000000020000000000
090331170002002001280624093300000000000002080013500000000539000000000000000000000000000000100000000500000000000010000000000
090331170003002001280624093300000000000002040008940000000223000000000000000000000000000000100000000500000000000010000000000
090331170004002001280624093300000000000001150012280000000736000000000000000000000000000000100000001000000000000020000000000
090331170005002001280624093300000000000002110010420000000520000000000000000000000000000000100000000990000000000010000000000
11033117000600200128062409330000090000050000002412000000241200000000000000000000000000300000000005880000
120331170007002001280624093300000000000000000000000000000000000000000000002412000000000000000000000000000000
07033118000000200128062409360000000000000000100000000000000000
090331180001002001280624093600000000000001010014380000000861000000000000000000000000000000100000000500000000000020000000000
090331180002002001280624093600000000000001040004220000000295000000000000000000000000000000100000002000000000000020000000000
090331180003002001280624093600000000000003250000040000000396000000000000000000000000000000000000000790000000000040000000000
11033118000400200128062409360000090000030000001552000000155200000000000000000000000000155200000000000000
120331180005002001280624093603050000000000000000000000000000000000000000001552000000000000000000000000000000
07033119000000200128062409380000000000000000100000000000000000
090331190001002001280624093800000000000005020000040000000400I 0000000000000000000000000000000000000100000000000060000000000
090331190002002001280624093800000000000002070011720000000409000000000000000000000000000000100000001990000000000010000000000
090331190003002001280624093800000000000002230008640000001295000000000000000000000000000000100000004980000000000010000000000
090331190004002001280624093800000000000005480000020000000500I 0100000000000000000000000000000000000000000000000080000000000
11033119000500200128062409380000090000040000002604000000260400000000000000000000000000260400000000000000
120331190006002001280624093803050000000000000000000000000000000000000000002604000000000000000000000000000000
07033120000000200128062409380000000000000000100000000000000000
090331200001002001280624093800000000000002080004200000000168000000000000000000000000000000100000000500000000000010000000000
090331200002002001280624093800000000000002070004960000000173000000000000000000000000000000100000001990000000000010000000000
090331200003002001280624093800000000000001070001640000000574000000000000000000000000000000100000005000000000000020000000000
11033120000400200128062409380000090000030000000915000000091500000000000000000000000000091500000000000000
120331200005002001280624093803050000000000000000000000000000000000000000000915000000000000000000000000000000
07033121000000200128062409390000000000000000100000000000000000
090331210001002001280624093900000000000001150005320000000319000000000000000000000000000000100000001000000000000020000000000
11033121000200200128062409390000090000010000000319000000031900000000000000000000000000031900000000000000
120331210003002001280624093903010000000000000000000000000000000000000000000319000000000000000000000000000000
07033122000000200128062409400000000000000000100000000000000000
090331220001002001280624094000000000000002040011500000000286000000000000000000000000000000100000000500000000000010000000000
090331220002002001280624094000000000000005290000010000000449I 0100000000000000000000000000000000001000000000000080000000000
11033122000300200128062409400000090000020000000735000000073500000000000000000000000000100000000002650000
120331220004002001280624094000000000000000000000000000000000000000000000000735000000000000000000000000000000
07033123000000200128062409450000000000000000100000000000000000
090331230001002001280624094500000000000001130023500000000350000000000000000000000000000000100000001290000000000020000000000
11033123000200200128062409450000090000010000000350000000035000000000000000000000000000035000000000000000
120331230003002001280624094503010000000000000000000000000000000000000000000350000000000000000000000000000000
07033124000000200128062409530000000000000000100000000000000000
090331240001002001280624095300000000000002150000050000000745000000000000000000000000000000000000000500000000000010000000000
17033124000200200128062409530000000000000745
11033124000300200128062409530000090000010000000745000000074500000000000000000000000000074500000000000000
120331240004002001280624095300000000000000000000000000000000000000000000000745000000000000000000000000000000
14033125000000200128062409530000010000000000
07033126000000200128062409540000000000000000100000000000000000
090331260001002001280624095400000000000002480008660000000259000000000000000000000000000000100000001000000000000010000000000
11033126000200200128062409540000090000010000000259000000025900000000000000000000000000025900000000000000
120331260003002001280624095400000000000000000000000000000000000000000000000259000000000000000000000000000000
07033127000000200128062409550000000000000000100000000000000000
090331270001002001280624095500000000000005250000010000000499I 0100000000000000000000000000000000002990000000000080000000000
090331270002002001280624095500000000000002010002820000000084000000000000000000000000000000100000000990000000000010000000000
11033127000300200128062409550000090000020000000583000000058300000000000000000000000000058300000000000000
120331270004002001280624095500000000000000000000000000000000000000000000000583000000000000000000000000000000
07033128000000200128062409580000000000000000100000000000000000
090331280001002001280624095800000000000003250000010000000099000000000000000000000000000000000000000790000000000040000000000
090331280002002001280624095800000000000002010008140000000243000000000000000000000000000000100000000990000000000010000000000
090331280003002001280624095800000000000002070013080000000456000000000000000000000000000000100000001990000000000010000000000
11033128000400200128062409580000090000030000000798000000079800000000000000000000000000079800000000000000
120331280005002001280624095803060000000000000000000000000000000000000000000798000000000000000000000000000000
07033129000000200128062409590000000000000000100000000000000000
090331290001002001280624095900000000000001020011000000000549000000000000000000000000000000100000001200000000000020000000000
11033129000200200128062409590000090000010000000549000000054900000000000000000000000000054900000000000000
120331290003002001280624095900000000000000000000000000000000000000000000000549000000000000000000000000000000
07033130000000200128062410000000000000000000100000000000000000
090331300001002001280624100000000000000001130025800000000384000000000000000000000000000000100000001290000000000020000000000
090331300002002001280624100000000000000001290007060000000211000000000000000000000000000000100000000250000000000020000000000
090331300003002001280624100000000000000001020022120000001104000000000000000000000000000000100000001200000000000020000000000
11033130000400200128062410000000090000030000001699000000169900000000000000000000000000169900000000000000
120331300005002001280624100000000000000000000000000000000000000000000000001699000000000000000000000000000000
07033131000000200128062410010000000000000000100000000000000000
090331310001002001280624100100000000000001130011740000000175000000000000000000000000000000100000001290000000000020000000000
11033131000200200128062410010000090000010000000175000000017500000000000000000000000000017500000000000000
120331310003002001280624100100000000000000000000000000000000000000000000000175000000000000000000000000000000
07033132000000200128062410030000000000000000100000000000000000
090331320001002001280624100300000000000001130014540000000217000000000000000000000000000000100000001290000000000020000000000
11033132000200200128062410030000090000010000000217000000021700000000000000000000000000021700000000000000
120331320003002001280624100300000000000000000000000000000000000000000000000217000000000000000000000000000000
07033133000000200128062410060000000000000000100000000000000000
090331330001002001280624100600000000000001130017480000000260000000000000000000000000000000100000001290000000000020000000000
090331330002002001280624100600000000000001250007640000000305I 0000000000000000000000000000100000000530000000000020000000000
090331330003002001280624100600000000000003250000020000000198000000000000000000000000000000000000000790000000000040000000000
090331330004002001280624100600000000000001020009580000000478000000000000000000000000000000100000001200000000000020000000000
090331330005002001280624100600000000000001290006040000000181000000000000000000000000000000100000000250000000000020000000000
090331330006002001280624100600000000000002040008540000000213000000000000000000000000000000100000000500000000000010000000000
090331330007002001280624100600000000000002480008360000000250000000000000000000000000000000100000001000000000000010000000000
090331330008002001280624100600000000000001110002760000000221000000000000000000000000000000100000001990000000000020000000000
090331330009002001280624100600000000000001060008880000000354000000000000000000000000000000100000001500000000000020000000000
11033133001000200128062410060000090000090000002460000000246000000000000000000000000000246000000000000000
120331330011002001280624100603010000000000000000000000000000000000000000002460000000000000000000000000000000
07033134000000200128062410070000000000000000100000000000000000
090331340001002001280624100700000000000005020000050000000500I 0000000000000000000000000000000000000100000000000060000000000
090331340002002001280624100700000000000003020000010000000150000000000000000000000000000000000000000500000000000030000000000
11033134000300200128062410070000090000020000000650000000065000000000000000000000000000200000000013500000
120331340004002001280624100700000000000000000000000000000000000000000000000650000000000000000000000000000000
07033135000000200128062410080000000000000000100000000000000000
090331350001002001280624100800000000000001130016380000000244000000000000000000000000000000100000001290000000000020000000000
090331350002002001280624100800000000000011000007220000000288000000000000000000000000000000100000000990000000000020000000000
11033135000300200128062410080000090000020000000532000000053200000000000000000000000000053200000000000000
120331350004002001280624100803010000000000000000000000000000000000000000000532000000000000000000000000000000
07033136000000200128062410270000000000000000100000000000000000
090331360001002001280624102700000000000001080003060000000214000000000000000000000000000000100000001000000000000020000000000
090331360002002001280624102700000000000001070002600000000910000000000000000000000000000000100000005000000000000020000000000
090331360003002001280624102700000000000003010000010000000900000000000000000000000000000000000000006000000000000050000000000
090331360004002001280624102700000000000001180002580000000129000000000000000000000000000000100000001000000000000020000000000
090331360005002001280624102700000000000001160007060000000282000000000000000000000000000000100000000670000000000020000000000
090331360006002001280624102700000000000002070006980000000244000000000000000000000000000000100000001990000000000010000000000
090331360007002001280624102700000000000005020000020000000200I 0000000000000000000000000000000000000100000000000060000000000
090331360008002001280624102700000000000002030008280000000827000000000000000000000000000000100000002990000000000010000000000
090331360009002001280624102700000000000005480000020000000500I 0100000000000000000000000000000000000000000000000080000000000
090331360010002001280624102700000000000002090005320000000797000000000000000000000000000000100000004720000000000010000000000
11033136001100200128062410270000090000100000005003000000500300000000000000000000000000500300000000000000
120331360012002001280624102703010000000000000000000000000000000000000000005003000000000000000000000000000000
07033137000000200128062410280000000000000000100000000000000000
090331370001002001280624102800000000000002190000010000000799000000000000000000000000000000000000002250000000000010000000000
11033137000200200128062410280000090000010000000799000000079900000000000000000000000000079900000000000000
120331370003002001280624102803010000000000000000000000000000000000000000000799000000000000000000000000000000
07033138000000200128062410410000000000000000100000000000000000
090331380001002001280624104100000000000001090002360000000189000000000000000000000000000000100000001500000000000020000000000
090331380002002001280624104100000000000005020000050000000500I 0000000000000000000000000000000000000100000000000060000000000
11033138000300200128062410410000090000020000000689000000068900000000000000000000000000068900000000000000
120331380004002001280624104102010000000000000000000000000000000000220000000689000000000000000000000000000000
100331380005002001280624104101000000000000002200000006890000000000001973000009
14033139000000200128062410490000010000000000
07033140000000200128062410490000000000000000100000000000000000
090331400001002001280624104900000000000003250000010000000099000000000000000000000000000000000000000790000000000040000000000
090331400002002001280624104900000000000003250000050000000495000000000000000000000000000000000000000790000000000040000000000
11033140000300200128062410490000090000020000000594000000059400000000000000000000000000059400000000000000
120331400004002001280624104904000000000000000000000000000000000000000000000594000000000000000000000000000000
07033141000000200128062410530000000000000000100000000000000000
090331410001002001280624105300000000000002070006340000000221000000000000000000000000000000100000001990000000000010000000000
090331410002002001280624105300000000000002040002980000000074000000000000000000000000000000100000000500000000000010000000000
11033141000300200128062410530000090000020000000295000000029500000000000000000000000000100000000007050000
120331410004002001280624105300000000000000000000000000000000000000000000000295000000000000000000000000000000
07033142000000200128062410550000000000000000100000000000000000
090331420001002001280624105500000000000001020013200000000659000000000000000000000000000000100000001200000000000020000000000
11033142000200200128062410550000090000010000000659000000065900000000000000000000000000200000000013410000
120331420003002001280624105500000000000000000000000000000000000000000000000659000000000000000000000000000000
07033143000000200128062410570000000000000000100000000000000000
090331430001002001280624105700000000000002070009180000000320000000000000000000000000000000100000001990000000000010000000000
090331430002002001280624105700000000000003250000010000000099000000000000000000000000000000000000000790000000000040000000000
090331430003002001280624105700000000000005220000010000002299I 0100000000000000000000000000000000018500000000000070000000000
11033143000400200128062410570000090000030000002718000000271800000000000000000000000000271800000000000000
120331430005002001280624105700000000000000000000000000000000000000000000002718000000000000000000000000000000
07033144000000200128062410570000000000000000100000000000000000
090331440001002001280624105700000000000002040002100000000052000000000000000000000000000000100000000500000000000010000000000
11033144000200200128062410570000090000010000000052000000005200000000000000000000000000005200000000000000
120331440003002001280624105700000000000000000000000000000000000000000000000052000000000000000000000000000000
07033145000000200128062411000000000000000000100000000000000000
090331450001002001280624110000000000000005020000060000000600I 0000000000000000000000000000000000000100000000000060000000000
090331450002002001280624110000000000000001040005060000000354000000000000000000000000000000100000002000000000000020000000000
090331450003002001280624110000000000000003250000020000000198000000000000000000000000000000000000000790000000000040000000000
11033145000400200128062411000000090000030000001152000000115200000000000000000000000000500000000038480000
120331450005002001280624110000000000000000000000000000000000000000000000001152000000000000000000000000000000
07033146000000200128062411020000000000000000100000000000000000
090331460001002001280624110200000000000001130051160000000762000000000000000000000000000000100000001290000000000020000000000
090331460002002001280624110200000000000005020000060000000600I 0000000000000000000000000000000000000100000000000060000000000
090331460003002001280624110200000000000001130049740000000741000000000000000000000000000000100000001290000000000020000000000
090331460004002001280624110200000000000006190000010000000500000000000000000000000000000000000000000000000000000060000000000
11033146000500200128062411020000090000040000002603000000260300000000000000000000000000260300000000000000
120331460006002001280624110203070000000000000000000000000000000000000000002603000000000000000000000000000000
07033147000000200128062411040000000000000000100000000000000000
090331470001002001280624110400000000000001010004360000000261000000000000000000000000000000100000000500000000000020000000000
090331470002002001280624110400000000000001250003540000000141I 0000000000000000000000000000100000000530000000000020000000000
090331470003002001280624110400000000000001080002060000000144000000000000000000000000000000100000001000000000000020000000000
17033147000400200128062411040000000000000231
090331470005002001280624110400000000000002250005040000000503000000000000000000000000000000100000002670000000000010000000000
090331470006002001280624110400000000000001070000640000000224000000000000000000000000000000100000005000000000000020000000000
090331470007002001280624110400000000000002150000010000000149000000000000000000000000000000000000000500000000000010000000000
11033147000800200128062411040000090000060000001422000000142200000000000000000000000000500000000035780000
120331470009002001280624110400000000000000000000000000000000000000000000001422000000000000000000000000000000
07033148000000200128062411110000000000000000100000000000000000
090331480001002001280624111100000000000001040002180000000152000000000000000000000000000000100000002000000000000020000000000
11033148000200200128062411110000090000010000000152000000015200000000000000000000000000015200000000000000
120331480003002001280624111100000000000000000000000000000000000000000000000152000000000000000000000000000000
07033149000000200128062411170000000000000000100000000000000000
090331490001002001280624111700000000000001150003180000000190000000000000000000000000000000100000001000000000000020000000000
090331490002002001280624111700000000000002150000020000000298000000000000000000000000000000000000000500000000000010000000000
11033149000300200128062411170000090000020000000488000000048800000000000000000000000000048800000000000000
120331490004002001280624111703010000000000000000000000000000000000000000000488000000000000000000000000000000
07033150000000200128062411180000000000000000100000000000000000
090331500001002001280624111800000000000001050005540000000332000000000000000000000000000000100000000500000000000020000000000
090331500002002001280624111800000000000001020006300000000314000000000000000000000000000000100000001200000000000020000000000
090331500003002001280624111800000000000001290004780000000143000000000000000000000000000000100000000250000000000020000000000
11033150000400200128062411180000090000030000000789000000078900000000000000000000000000200000000012110000
120331500005002001280624111800000000000000000000000000000000000000000000000789000000000000000000000000000000
07033151000000200128062411190000000000000000100000000000000000
090331510001002001280624111900000000000002040004820000000120000000000000000000000000000000100000000500000000000010000000000
090331510002002001280624111900000000000002200000010000000799000000000000000000000000000000000000000990000000000010000000000
11033151000300200128062411190000090000020000000919000000091900000000000000000000000000091900000000000000
120331510004002001280624111900000000000000000000000000000000000000000000000919000000000000000000000000000000
07033152000000200128062411240000000000000000100000000000000000
090331520001002001280624112400000000000002070012800000000447000000000000000000000000000000100000001990000000000010000000000
090331520002002001280624112400000000000001020007300000000364000000000000000000000000000000100000001200000000000020000000000
090331520003002001280624112400000000000011000009300000000371000000000000000000000000000000100000000990000000000020000000000
090331520004002001280624112400000000000002040005260000000131000000000000000000000000000000100000000500000000000010000000000
090331520005002001280624112400000000000001150002700000000162000000000000000000000000000000100000001000000000000020000000000
090331520006002001280624112400000000000001130013540000000202000000000000000000000000000000100000001290000000000020000000000
11033152000700200128062411240000090000060000001677000000167700000000000000000000000000167700000000000000
120331520008002001280624112403100000000000000000000000000000000000000000001677000000000000000000000000000000
07033153000000200128062411300000000000000000100000000000000000
090331530001002001280624113000000000000002260007880000000708000000000000000000000000000000100000002000000000000010000000000
090331530002002001280624113000000000000001010010840000000649000000000000000000000000000000100000000500000000000020000000000
090331530003002001280624113000000000000002070005940000000207000000000000000000000000000000100000001990000000000010000000000
090331530004002001280624113000000000000001170002220000000089000000000000000000000000000000100000000590000000000020000000000
090331530005002001280624113000000000000001060003320000000132000000000000000000000000000000100000001500000000000020000000000
090331530006002001280624113000000000000002050008020000000400000000000000000000000000000000100000000890000000000010000000000
090331530007002001280624113000000000000002140010320000000515000000000000000000000000000000100000001990000000000010000000000
090331530008002001280624113000000000000001080005020000000351000000000000000000000000000000100000001000000000000020000000000
090331530009002001280624113000000000000003250000010000000099000000000000000000000000000000000000000790000000000040000000000
090331530010002001280624113000000000000002130014000000000279000000000000000000000000000000100000001400000000000010000000000
090331530011002001280624113000000000000003200000010000002000000000000000000000000000000000000000000000000000000050000000000
090331530012002001280624113000000000000006190000010000000500000000000000000000000000000000000000000000000000000060000000000
11033153001300200128062411300000090000120000005929000000592900000000000000000000000000592900000000000000
120331530014002001280624113003050000000000000000000000000000000000000000005929000000000000000000000000000000
07033154000000200128062411330000000000000000100000000000000000
090331540001002001280624113300000000000001010005960000000357000000000000000000000000000000100000000500000000000020000000000
090331540002002001280624113300000000000002040003180000000079000000000000000000000000000000100000000500000000000010000000000
090331540003002001280624113300000000000001050007500000000449000000000000000000000000000000100000000500000000000020000000000
11033154000400200128062411330000090000030000000885000000088500000000000000000000000000088500000000000000
120331540005002001280624113303050000000000000000000000000000000000000000000885000000000000000000000000000000
07033155000000200128062411350000000000000000100000000000000000
090331550001002001280624113500000000000002010017240000000515000000000000000000000000000000100000000990000000000010000000000
090331550002002001280624113500000000000001060003920000000156000000000000000000000000000000100000001500000000000020000000000
090331550003002001280624113500000000000001120002780000000139000000000000000000000000000000100000001000000000000020000000000
090331550004002001280624113500000000000001080007340000000513000000000000000000000000000000100000001000000000000020000000000
090331550005002001280624113500000000000001010009900000000593000000000000000000000000000000100000000500000000000020000000000
090331550006002001280624113500000000000011000005560000000222000000000000000000000000000000100000000990000000000020000000000
11033155000700200128062411350000090000060000002138000000213800000000000000000000000000213800000000000000
120331550008002001280624113503010000000000000000000000000000000000000000002138000000000000000000000000000000
07033156000000200128062411380000000000000000100000000000000000
090331560001002001280624113800000000000001290002340000000070000000000000000000000000000000100000000250000000000020000000000
090331560002002001280624113800000000000001040001080000000075000000000000000000000000000000100000002000000000000020000000000
090331560003002001280624113800000000000005020000020000000200I 0000000000000000000000000000000000000100000000000060000000000
11033156000400200128062411380000090000030000000345000000034500000000000000000000000000034500000000000000
120331560005002001280624113800000000000000000000000000000000000000000000000345000000000000000000000000000000
07033157000000200128062411410000000000000000100000000000000000
090331570001002001280624114100000000000001020008920000000445000000000000000000000000000000100000001200000000000020000000000
090331570002002001280624114100000000000003020000010000000150000000000000000000000000000000000000000500000000000030000000000
090331570003002001280624114100000000000001070001020000000357000000000000000000000000000000100000005000000000000020000000000
090331570004002001280624114100000000000002070006040000000211000000000000000000000000000000100000001990000000000010000000000
090331570005002001280624114100000000000001020005020000000250000000000000000000000000000000100000001200000000000020000000000
11033157000600200128062411410000090000050000001413000000141300000000000000000000000000141300000000000000
120331570007002001280624114100000000000000000000000000000000000000000000001413000000000000000000000000000000
07033158000000200128062411430000000000000000100000000000000000
090331580001002001280624114300000000000005020000050000000500I 0000000000000000000000000000000000000100000000000060000000000
090331580002002001280624114300000000000003250000020000000198000000000000000000000000000000000000000790000000000040000000000
090331580003002001280624114300000000000003020000010000000150000000000000000000000000000000000000000500000000000030000000000
11033158000400200128062411430000090000030000000848000000084800000000000000000000000000084800000000000000
120331580005002001280624114300000000000000000000000000000000000000000000000848000000000000000000000000000000
07033159000000200128062411490000000000000000100000000000000000
090331590001002001280624114900000000000001290007620000000228000000000000000000000000000000100000000250000000000020000000000
11033159000200200128062411490000090000010000000228000000022800000000000000000000000000022800000000000000
120331590003002001280624114900000000000000000000000000000000000000000000000228000000000000000000000000000000
07033160000000200128062411510000000000000000100000000000000000
090331600001002001280624115100000000000001290013760000000411000000000000000000000000000000100000000250000000000020000000000
11033160000200200128062411510000090000010000000411000000041100000000000000000000000000041100000000000000
120331600003002001280624115103050000000000000000000000000000000000000000000411000000000000000000000000000000
07033161000000200128062411560000000000000000100000000000000000
090331610001002001280624115600000000000003250000010000000099000000000000000000000000000000000000000790000000000040000000000
090331610002002001280624115600000000000003200000010000002000000000000000000000000000000000000000000000000000000050000000000
11033161000300200128062411560000090000020000002099000000209900000000000000000000000000500000000029010000
120331610004002001280624115600000000000000000000000000000000000000000000002099000000000000000000000000000000
14033162000000200128062412120000010000001161
07033163000000200128062412230000000000000000100000000000000000
090331630001002001280624122300000000000002010007740000000231000000000000000000000000000000100000000990000000000010000000000
090331630002002001280624122300000000000003010000010000000900000000000000000000000000000000000000006000000000000050000000000
11033163000300200128062412230000090000020000001131000000113100000000000000000000000001000000000088690000
120331630004002001280624122300000000000000000000000000000000000000000000001131000000000000000000000000000000
07033164000000200128062412340000000000000000100000000000000000
090331640001002001280624123400000000000002210005380000000484000000000000000000000000000000100000003990000000000010000000000
11033164000200200128062412340000090000010000000484000000048400000000000000000000000000048400000000000000
120331640003002001280624123403010000000000000000000000000000000000000000000484000000000000000000000000000000
07033165000000200128062412340000000000000000100000000000000000
090331650001002001280624123400000000000001010020160000001208000000000000000000000000000000100000000500000000000020000000000
090331650002002001280624123400000000000005480000010000000250I 0100000000000000000000000000000000000000000000000080000000000
11033165000300200128062412340000090000020000001458000000145800000000000000000000000000145800000000000000
120331650004002001280624123403010000000000000000000000000000000000000000001458000000000000000000000000000000
07033166000000200128062412380000000000000000100000000000000000
090331660001002001280624123800000000000001130020780000000310000000000000000000000000000000100000001290000000000020000000000
11033166000200200128062412380000090000010000000310000000031000000000000000000000000000031000000000000000
120331660003002001280624123800000000000000000000000000000000000000000000000310000000000000000000000000000000
07033167000000200128062412420000000000000000100000000000000000
090331670001002001280624124200000000000001130015060000000224000000000000000000000000000000100000001290000000000020000000000
090331670002002001280624124200000000000001020007220000000360000000000000000000000000000000100000001200000000000020000000000
090331670003002001280624124200000000000002480007500000000224000000000000000000000000000000100000001000000000000010000000000
090331670004002001280624124200000000000001290003620000000108000000000000000000000000000000100000000250000000000020000000000
090331670005002001280624124200000000000003250000010000000099000000000000000000000000000000000000000790000000000040000000000
11033167000600200128062412420000090000050000001015000000101500000000000000000000000000101500000000000000
120331670007002001280624124203010000000000000000000000000000000000000000001015000000000000000000000000000000
07033168000000200128062412430000000000000000100000000000000000
090331680001002001280624124300000000000001130016300000000243000000000000000000000000000000100000001290000000000020000000000
11033168000200200128062412430000090000010000000243000000024300000000000000000000000000024300000000000000
120331680003002001280624124300000000000000000000000000000000000000000000000243000000000000000000000000000000
07033169000000200128062412540000000000000000100000000000000000
090331690001002001280624125400000000000003250000010000000099000000000000000000000000000000000000000790000000000040000000000
090331690002002001280624125400000000000002150000020000000298000000000000000000000000000000000000000500000000000010000000000
090331690003002001280624125400000000000001060018740000000748000000000000000000000000000000100000001500000000000020000000000
090331690004002001280624125400000000000001170006620000000264000000000000000000000000000000100000000590000000000020000000000
090331690005002001280624125400000000000001140000010000000599000000000000000000000000000000000000000500000000000020000000000
090331690006002001280624125400000000000001310000020000001198000000000000000000000000000000000000002500000000000020000000000
090331690007002001280624125400000000000001270012340000000492000000000000000000000000000000100000000250000000000020000000000
090331690008002001280624125400000000000001250020700000000826I 0000000000000000000000000000100000000530000000000020000000000
090331690009002001280624125400000000000001260012980000000907000000000000000000000000000000100000000500000000000020000000000
090331690010002001280624125400000000000001090001740000000139000000000000000000000000000000100000001500000000000020000000000
090331690011002001280624125400000000000001290007420000000222000000000000000000000000000000100000000250000000000020000000000
090331690012002001280624125400000000000002130019560000000389000000000000000000000000000000100000001400000000000010000000000
090331690013002001280624125400000000000001160016940000000676000000000000000000000000000000100000000670000000000020000000000
11033169001400200128062412540000090000130000006857000000685700000000000000000000000000685700000000000000
120331690015002001280624125403060000000000000000000000000000000000000000006857000000000000000000000000000000
07033170000000200128062412540000000000000000100000000000000000
090331700001002001280624125400000000000004060000160000000240I 0300000000000000000000000000100000015000000000000030000000000
090331700002002001280624125400000000000005020000100000001000I 0000000000000000000000000000000000000100000000000060000000000
11033170000300200128062412540000090000020000001240000000124000000000000000000000000000124000000000000000
120331700004002001280624125400000000000000000000000000000000000000000000001240000000000000000000000000000000
07033171000000200128062413010000000000000000100000000000000000
090331710001002001280624130100000000000002250010660000001065000000000000000000000000000000100000002670000000000010000000000
090331710002002001280624130100000000000002070016700000000583000000000000000000000000000000100000001990000000000010000000000
090331710003002001280624130100000000000002070014240000000497000000000000000000000000000000100000001990000000000010000000000
090331710004002001280624130100000000000001010014180000000849000000000000000000000000000000100000000500000000000020000000000
090331710005002001280624130100000000000002150000030000000447000000000000000000000000000000000000000500000000000010000000000
090331710006002001280624130100000000000005020000020000000200I 0000000000000000000000000000000000000100000000000060000000000
090331710007002001280624130100000000000005020000010000000100I 0000000000000000000000000000000000000100000000000060000000000
090331710008002001280624130100000000000002040009340000000233000000000000000000000000000000100000000500000000000010000000000
090331710009002001280624130100000000000001130012420000000185000000000000000000000000000000100000001290000000000020000000000
090331710010002001280624130100000000000011000007280000000290000000000000000000000000000000100000000990000000000020000000000
090331710011002001280624130100000000000001130014120000000210000000000000000000000000000000100000001290000000000020000000000
11033171001200200128062413010000090000110000004659000000465900000000000000000000000000465900000000000000
120331710013002001280624130103050000000000000000000000000000000000000000004659000000000000000000000000000000
07033172000000200128062413020000000000000000100000000000000000
090331720001002001280624130200000000000002070012220000000426000000000000000000000000000000100000001990000000000010000000000
090331720002002001280624130200000000000002110013140000000656000000000000000000000000000000100000000990000000000010000000000
11033172000300200128062413020000090000020000001082000000108200000000000000000000000000108200000000000000
120331720004002001280624130203010000000000000000000000000000000000000000001082000000000000000000000000000000
07033173000000200128062413050000000000000000100000000000000000
090331730001002001280624130500000000000001130037240000000555000000000000000000000000000000100000001290000000000020000000000
090331730002002001280624130500000000000001130049440000000737000000000000000000000000000000100000001290000000000020000000000
090331730003002001280624130500000000000001130048540000000723000000000000000000000000000000100000001290000000000020000000000
090331730004002001280624130500000000000001130056640000000844000000000000000000000000000000100000001290000000000020000000000
090331730005002001280624130500000000000006190000010000000500000000000000000000000000000000000000000000000000000060000000000
11033173000600200128062413050000090000050000003359000000335900000000000000000000000000335900000000000000
120331730007002001280624130503070000000000000000000000000000000000000000003359000000000000000000000000000000
07033174000000200128062413060000000000000000100000000000000000
090331740001002001280624130600000000000002070013260000000463000000000000000000000000000000100000001990000000000010000000000
11033174000200200128062413060000090000010000000463000000046300000000000000000000000000046300000000000000
120331740003002001280624130603100000000000000000000000000000000000000000000463000000000000000000000000000000
07033175000000200128062413200000000000000000100000000000000000
090331750001002001280624132000000000000001010023560000001411000000000000000000000000000000100000000500000000000020000000000
090331750002002001280624132000000000000002070014260000000498000000000000000000000000000000100000001990000000000010000000000
11033175000300200128062413200000090000020000001909000000190900000000000000000000000000190900000000000000
120331750004002001280624132000000000000000000000000000000000000000000000001909000000000000000000000000000000
07033176000000200128062413300000000000000000100000000000000000
090331760001002001280624133000000000000002070014680000000512000000000000000000000000000000100000001990000000000010000000000
090331760002002001280624133000000000000005020000020000000200I 0000000000000000000000000000000000000100000000000060000000000
090331760003002001280624133000000000000001070001040000000364000000000000000000000000000000100000005000000000000020000000000
090331760004002001280624133000000000000003010000010000000900000000000000000000000000000000000000006000000000000050000000000
090331760005002001280624133000000000000002150000010000000149000000000000000000000000000000000000000500000000000010000000000
090331760006002001280624133000000000000001010008260000000495000000000000000000000000000000100000000500000000000020000000000
090331760007002001280624133000000000000002040005300000000132000000000000000000000000000000100000000500000000000010000000000
090331760008002001280624133000000000000002010007700000000230000000000000000000000000000000100000000990000000000010000000000
090331760009002001280624133000000000000001080004300000000301000000000000000000000000000000100000001000000000000020000000000
090331760010002001280624133000000000000002130009680000000193000000000000000000000000000000100000001400000000000010000000000
090331760011002001280624133000000000000001050003280000000196000000000000000000000000000000100000000500000000000020000000000
11033176001200200128062413300000090000110000003672000000367200000000000000000000000000367200000000000000
120331760013002001280624133003050000000000000000000000000000000000000000003672000000000000000000000000000000
07033177000000200128062413380000000000000000100000000000000000
090331770001002001280624133800000000000001070001080000000378000000000000000000000000000000100000005000000000000020000000000
090331770002002001280624133800000000000003010000010000000900000000000000000000000000000000000000006000000000000050000000000
11033177000300200128062413380000090000020000001278000000127800000000000000000000000000200000000007220000
120331770004002001280624133800000000000000000000000000000000000000000000001278000000000000000000000000000000
14033178000000200128062413590000010000000934
07033179000000200128062414010000000000000000100000000000000000
090331790001002001280624140100000000000001130014700000000219000000000000000000000000000000100000001290000000000020000000000
090331790002002001280624140100000000000002010006620000000198000000000000000000000000000000100000000990000000000010000000000
090331790003002001280624140100000000000001290003760000000112000000000000000000000000000000100000000250000000000020000000000
090331790004002001280624140100000000000005020000020000000200I 0000000000000000000000000000000000000100000000000060000000000
090331790005002001280624140100000000000002480004280000000128000000000000000000000000000000100000001000000000000010000000000
090331790006002001280624140100000000000001050001480000000089000000000000000000000000000000100000000500000000000020000000000
090331790007002001280624140100000000000001290003760000000112000000000000000000000000000000100000000250000000000020000000000
090331790008002001280624140100000000000002040003740000000093000000000000000000000000000000100000000500000000000010000000000
11033179000900200128062414010000090000080000001151000000115100000000000000000000000000115100000000000000
120331790010002001280624140103010000000000000000000000000000000000000000001151000000000000000000000000000000
18033179001100200128062414020100000020000000000000000000000001
18033179001200200128062414030500000050000000000000000000000001
060331790013002001280624140300000100000400000000000000000000000000000000000000000000
07033180000000200128062414080000000000000000100000000000000000
090331800001002001280624140800000000000002130010360000000206000000000000000000000000000000100000001400000000000010000000000
090331800002002001280624140800000000000001140000010000000599000000000000000000000000000000000000000500000000000020000000000
090331800003002001280624140800000000000002130008920000000178000000000000000000000000000000100000001400000000000010000000000
11033180000400200128062414080000090000030000000983000000098300000000000000000000000000098300000000000000
120331800005002001280624140800000000000000000000000000000000000000000000000983000000000000000000000000000000
07033181000000200128062414080000000000000000100000000000000000
090331810001002001280624140800000000000001290001420000000042000000000000000000000000000000100000000250000000000020000000000
11033181000200200128062414080000090000010000000042000000004200000000000000000000000000004200000000000000
120331810003002001280624140800000000000000000000000000000000000000000000000042000000000000000000000000000000
07033182000000200128062414100000000000000000100000000000000000
090331820001002001280624141000000000000001070000500000000175000000000000000000000000000000100000005000000000000020000000000
11033182000200200128062414100000090000010000000175000000017500000000000000000000000000017500000000000000
120331820003002001280624141000000000000000000000000000000000000000000000000175000000000000000000000000000000
07033183000000200128062414100000000000000000100000000000000000
090331830001002001280624141000000000000002010005240000000157000000000000000000000000000000100000000990000000000010000000000
090331830002002001280624141000000000000002050005620000000280000000000000000000000000000000100000000890000000000010000000000
11033183000300200128062414100000090000020000000437000000043700000000000000000000000000043700000000000000
120331830004002001280624141000000000000000000000000000000000000000000000000437000000000000000000000000000000
07033184000000200128062414190000000000000000100000000000000000
090331840001002001280624141900000000000001010010060000000603000000000000000000000000000000100000000500000000000020000000000
090331840002002001280624141900000000000001040005140000000359000000000000000000000000000000100000002000000000000020000000000
090331840003002001280624141900000000000001080006700000000468000000000000000000000000000000100000001000000000000020000000000
090331840004002001280624141900000000000002040003960000000099000000000000000000000000000000100000000500000000000010000000000
090331840005002001280624141900000000000001090002680000000214000000000000000000000000000000100000001500000000000020000000000
090331840006002001280624141900000000000001340000010000000299000000000000000000000000000000000000001000000000000020000000000
090331840007002001280624141900000000000001340000010000000299000000000000000000000000000000000000001000000000000020000000000
090331840008002001280624141900000000000001340000010000000299000000000000000000000000000000000000001000000000000020000000000
090331840009002001280624141900000000000003250000010000000099000000000000000000000000000000000000000790000000000040000000000
090331840010002001280624141900000000000006190000010000000500000000000000000000000000000000000000000000000000000060000000000
11033184001100200128062414190000090000100000003239000000323900000000000000000000000000323900000000000000
120331840012002001280624141903110000000000000000000000000000000000000000001239000000000000000000000000000000
120331840013002001280624141900000000000000000000000000000000000000000000002000000000000000000000000000000000
07033185000000200128062414370000000000000000100000000000000000
090331850001002001280624143700000000000002290000010000000499000000000000000000000000000000000000002500000000000010000000000
090331850002002001280624143700000000000005020000050000000500I 0000000000000000000000000000000000000100000000000060000000000
090331850003002001280624143700000000000002180000010000000699000000000000000000000000000000000000002990000000000010000000000
090331850004002001280624143700000000000002070012180000000425000000000000000000000000000000100000001990000000000010000000000
090331850005002001280624143700000000000002260008060000000725000000000000000000000000000000100000002000000000000010000000000
090331850006002001280624143700000000000002020009260000000925000000000000000000000000000000100000001990000000000010000000000
090331850007002001280624143700000000000002090010540000001580000000000000000000000000000000100000004720000000000010000000000
090331850008002001280624143700000000000001020010940000000546000000000000000000000000000000100000001200000000000020000000000
090331850009002001280624143700000000000001110006560000000524000000000000000000000000000000100000001990000000000020000000000
090331850010002001280624143700000000000002050008840000000441000000000000000000000000000000100000000890000000000010000000000
11033185001100200128062414370000090000100000006864000000686400000000000000000000000000686400000000000000
120331850012002001280624143703030000000000000000000000000000000000000000006864000000000000000000000000000000
07033186000000200128062414370000000000000000100000000000000000
090331860001002001280624143700000000000001340000010000000299000000000000000000000000000000000000001000000000000020000000000
090331860002002001280624143700000000000001340000010000000299000000000000000000000000000000000000001000000000000020000000000
11033186000300200128062414370000090000020000000598000000059800000000000000000000000000059800000000000000
120331860004002001280624143703110000000000000000000000000000000000000000000598000000000000000000000000000000
07033187000000200128062414480000000000000000100000000000000000
090331870001002001280624144800000000000001010007720000000462000000000000000000000000000000100000000500000000000020000000000
090331870002002001280624144800000000000001080002320000000162000000000000000000000000000000100000001000000000000020000000000
090331870003002001280624144800000000000001040001640000000115000000000000000000000000000000100000002000000000000020000000000
090331870004002001280624144800000000000003250000010000000099000000000000000000000000000000000000000790000000000040000000000
11033187000500200128062414480000090000040000000838000000083800000000000000000000000000500000000041620000
120331870006002001280624144800000000000000000000000000000000000000000000000838000000000000000000000000000000
07033188000000200128062415100000000000000000100000000000000000
090331880001002001280624151000000000000003250000010000000099000000000000000000000000000000000000000790000000000040000000000
090331880002002001280624151000000000000002090003620000000543000000000000000000000000000000100000004720000000000010000000000
090331880003002001280624151000000000000001120004920000000246000000000000000000000000000000100000001000000000000020000000000
090331880004002001280624151000000000000001080004740000000331000000000000000000000000000000100000001000000000000020000000000
090331880005002001280624151000000000000002070006860000000239000000000000000000000000000000100000001990000000000010000000000
090331880006002001280624151000000000000001250013480000000538I 0000000000000000000000000000100000000530000000000020000000000
090331880007002001280624151000000000000001010011960000000716000000000000000000000000000000100000000500000000000020000000000
090331880008002001280624151000000000000001140000010000000599000000000000000000000000000000000000000500000000000020000000000
090331880009002001280624151000000000000002200000010000000799000000000000000000000000000000000000000990000000000010000000000
090331880010002001280624151000000000000006190000010000000500000000000000000000000000000000000000000000000000000060000000000
11033188001100200128062415100000090000100000004610000000461000000000000000000000000000461000000000000000
120331880012002001280624151003110000000000000000000000000000000000000000004610000000000000000000000000000000
07033189000000200128062415150000000000000000100000000000000000
090331890001002001280624151500000000000005040000030000002397I 0000000000000000000000000000000000000000000000000010000000000
11033189000200200128062415150000090000010000002397000000239700000000000000000000000000239700000000000000
120331890003002001280624151503020000000000000000000000000000000000000000002397000000000000000000000000000000
07033190000000200128062415210000000000000000100000000000000000
090331900001002001280624152100000000000002360000010000000799000000000000000000000000000000000000003500000000000010000000000
11033190000200200128062415210000090000010000000799000000079900000000000000000000000000200000000012010000
120331900003002001280624152100000000000000000000000000000000000000000000000799000000000000000000000000000000
07033191000000200128062415230000000000000000100000000000000000
090331910001002001280624152300000000000001040001800000000126000000000000000000000000000000100000002000000000000020000000000
090331910002002001280624152300000000000001080003240000000226000000000000000000000000000000100000001000000000000020000000000
11033191000300200128062415230000090000020000000352000000035200000000000000000000000000035200000000000000
120331910004002001280624152303030000000000000000000000000000000000000000000352000000000000000000000000000000
14033192000000200128062415420000010000001027
07033193000000200128062415460000000000000000100000000000000000
090331930001002001280624154600000000000001060004120000000164000000000000000000000000000000100000001500000000000020000000000
090331930002002001280624154600000000000001130009820000000146000000000000000000000000000000100000001290000000000020000000000
090331930003002001280624154600000000000001040001900000000133000000000000000000000000000000100000002000000000000020000000000
090331930004002001280624154600000000000001080002380000000166000000000000000000000000000000100000001000000000000020000000000
090331930005002001280624154600000000000002200000010000000799000000000000000000000000000000000000000990000000000010000000000
11033193000600200128062415460000090000050000001408000000140800000000000000000000000000140800000000000000
120331930007002001280624154603030000000000000000000000000000000000000000001408000000000000000000000000000000
07033194000000200128062416080000000000000000100000000000000000
090331940001002001280624160800000000000011000010340000000413000000000000000000000000000000100000000990000000000020000000000
090331940002002001280624160800000000000002070014040000000490000000000000000000000000000000100000001990000000000010000000000
090331940003002001280624160800000000000002150000010000000149000000000000000000000000000000000000000500000000000010000000000
090331940004002001280624160800000000000002150000010000000149000000000000000000000000000000000000000500000000000010000000000
090331940005002001280624160800000000000002150000010000000149000000000000000000000000000000000000000500000000000010000000000
090331940006002001280624160800000000000002050012520000000625000000000000000000000000000000100000000890000000000010000000000
11033194000700200128062416080000090000060000001975000000197500000000000000000000000000200000000000250000
120331940008002001280624160800000000000000000000000000000000000000000000001975000000000000000000000000000000
07033195000000200128062416090000000000000000100000000000000000
090331950001002001280624160900000000000002130019820000000394000000000000000000000000000000100000001400000000000010000000000
11033195000200200128062416090000090000010000000394000000039400000000000000000000000000100000000006060000
120331950003002001280624160900000000000000000000000000000000000000000000000394000000000000000000000000000000
07033196000000200128062416290000000000000000100000000000000000
090331960001002001280624162900000000000001070000480000000168000000000000000000000000000000100000005000000000000020000000000
090331960002002001280624162900000000000003190000010000000449000000000000000000000000000000000000002000000000000050000000000
11033196000300200128062416290000090000020000000617000000061700000000000000000000000000100000000003830000
120331960004002001280624162900000000000000000000000000000000000000000000000617000000000000000000000000000000
07033197000000200128062416390000000000000000100000000000000000
090331970001002001280624163900000000000001340000100000002990000000000000000000000000000000000000001000000000000020000000000
11033197000200200128062416390000090000010000002990000000299000000000000000000000000000299000000000000000
120331970003002001280624163903060000000000000000000000000000000000000000002990000000000000000000000000000000
07033198000000200128062417020000000000000000100000000000000000
090331980001002001280624170200000000000001010014840000000889000000000000000000000000000000100000000500000000000020000000000
11033198000200200128062417020000090000010000000889000000088900000000000000000000000001000000000091110000
120331980003002001280624170200000000000000000000000000000000000000000000000889000000000000000000000000000000
07033199000000200128062417330000000000000000100000000000000000
090331990001002001280624173300000000000005040000010000000799I 0000000000000000000000000000000000000000000000000010000000000
11033199000200200128062417330000090000010000000799000000079900000000000000000000000000500000000042010000
120331990003002001280624173300000000000000000000000000000000000000000000000799000000000000000000000000000000
07033200000000200128062417540000000000000000100000000000000000
090332000001002001280624175400000000000002010023320000000697000000000000000000000000000000100000000990000000000010000000000
090332000002002001280624175400000000000002070011320000000395000000000000000000000000000000100000001990000000000010000000000
090332000003002001280624175400000000000001040004540000000317000000000000000000000000000000100000002000000000000020000000000
090332000004002001280624175400000000000002150000010000000149000000000000000000000000000000000000000500000000000010000000000
090332000005002001280624175400000000000002150000010000000149000000000000000000000000000000000000000500000000000010000000000
11033200000600200128062417540000090000050000001707000000170700000000000000000000000000170700000000000000
120332000007002001280624175403030000000000000000000000000000000000000000001707000000000000000000000000000000
07033201000000200128062418090000000000000000100000000000000000
090332010001002001280624180900000000000002010006040000000181000000000000000000000000000000100000000990000000000010000000000
090332010002002001280624180900000000000002050008780000000438000000000000000000000000000000100000000890000000000010000000000
090332010003002001280624180900000000000002070004760000000166000000000000000000000000000000100000001990000000000010000000000
090332010004002001280624180900000000000002480001080000000032000000000000000000000000000000100000001000000000000010000000000
11033201000500200128062418090000090000040000000817000000081700000000000000000000000000500000000041830000
120332010006002001280624180900000000000000000000000000000000000000000000000817000000000000000000000000000000
07033202000000200128062418260000000000000000100000000000000000
090332020001002001280624182600000000000004020000010000000100I 0300000000000000000000000000000000000230000000000030000000000
090332020002002001280624182600000000000004020000010000000100I 0300000000000000000000000000000000000230000000000030000000000
090332020003002001280624182600000000000004010000010000000100I 0300000000000000000000000000000000000000000000000030000000000
11033202000400200128062418260000090000030000000300000000030000000000000000000000000000030000000000000000
120332020005002001280624182603040000000000000000000000000000000000000000000300000000000000000000000000000000
07033203000000200128062418410000000000000000100000000000000000
090332030001002001280624184100000000000002360000010000000799000000000000000000000000000000000000003500000000000010000000000
090332030002002001280624184100000000000002070010900000000380000000000000000000000000000000100000001990000000000010000000000
090332030003002001280624184100000000000005020000010000000100I 0000000000000000000000000000000000000100000000000060000000000
090332030004002001280624184100000000000005020000010000000100I 0000000000000000000000000000000000000100000000000060000000000
090332030005002001280624184100000000000002150000010000000149000000000000000000000000000000000000000500000000000010000000000
090332030006002001280624184100000000000002150000010000000149000000000000000000000000000000000000000500000000000010000000000
090332030007002001280624184100000000000002150000010000000149000000000000000000000000000000000000000500000000000010000000000
090332030008002001280624184100000000000002150000010000000149000000000000000000000000000000000000000500000000000010000000000
11033203000900200128062418410000090000080000001975000000197500000000000000000000000000200000000000250000
120332030010002001280624184100000000000000000000000000000000000000000000001975000000000000000000000000000000
07033204000000200128062418420000000000000000100000000000000000
090332040001002001280624184200000000000002220000010000000399000000000000000000000000000000000000001500000000000010000000000
11033204000200200128062418420000090000010000000399000000039900000000000000000000000000100000000006010000
120332040003002001280624184200000000000000000000000000000000000000000000000399000000000000000000000000000000
07033205000000200128062418560000000000000000100000000000000000
090332050001002001280624185600000000000003250000010000000099000000000000000000000000000000000000000790000000000040000000000
11033205000200200128062418560000090000010000000099000000009900000000000000000000000000009900000000000000
120332050003002001280624185600000000000000000000000000000000000000000000000099000000000000000000000000000000
07033206000000200128062418580000000000000000100000000000000000
090332060001002001280624185800000000000003250000010000000099000000000000000000000000000000000000000790000000000040000000000
090332060002002001280624185800000000000003250000010000000099000000000000000000000000000000000000000790000000000040000000000
11033206000300200128062418580000090000020000000198000000019800000000000000000000000000019800000000000000
120332060004002001280624185800000000000000000000000000000000000000000000000198000000000000000000000000000000
07033207000000200128062418590000000000000000100000000000000000
090332070001002001280624185900000000000002360000010000000799000000000000000000000000000000000000003500000000000010000000000
090332070002002001280624185900000000000002070010900000000380000000000000000000000000000000100000001990000000000010000000000
090332070003002001280624185900000000000002070008180000000285000000000000000000000000000000100000001990000000000010000000000
090332070004002001280624185900000000000002040006680000000166000000000000000000000000000000100000000500000000000010000000000
090332070005002001280624185900000000000002140011020000000550000000000000000000000000000000100000001990000000000010000000000
11033207000600200128062418590000090000050000002180000000218000000000000000000000000000218000000000000000
120332070007002001280624185903040000000000000000000000000000000000000000002180000000000000000000000000000000
07033208000000200128062419040000000000000000100000000000000000
090332080001002001280624190400000000000002070013120000000458000000000000000000000000000000100000001990000000000010000000000
090332080002002001280624190400000000000002040004980000000124000000000000000000000000000000100000000500000000000010000000000
11033208000300200128062419040000090000020000000582000000058200000000000000000000000000500000000044180000
120332080004002001280624190400000000000000000000000000000000000000000000000582000000000000000000000000000000
07033209000000200128062419060000000000000000100000000000000000
090332090001002001280624190600000000000011000008020000000320000000000000000000000000000000100000000990000000000020000000000
090332090002002001280624190600000000000003190000010000000449000000000000000000000000000000000000002000000000000050000000000
11033209000300200128062419060000090000020000000769000000076900000000000000000000000000441800000036490000
120332090004002001280624190600000000000000000000000000000000000000000000000769000000000000000000000000000000
07033210000000200128062419170000000000000000100000000000000000
090332100001002001280624191700000000000002200000010000000799000000000000000000000000000000000000000990000000000010000000000
11033210000200200128062419170000090000010000000799000000079900000000000000000000000000079900000000000000
120332100003002001280624191703060000000000000000000000000000000000000000000799000000000000000000000000000000
07033211000000200128062419200000000000000000100000000000000000
090332110001002001280624192000000000000002360000010000000799000000000000000000000000000000000000003500000000000010000000000
090332110002002001280624192000000000000002480006320000000189000000000000000000000000000000100000001000000000000010000000000
11033211000300200128062419200000090000020000000988000000098800000000000000000000000000098800000000000000
120332110004002001280624192003030000000000000000000000000000000000000000000988000000000000000000000000000000
07033212000000200128062419400000000000000000100000000000000000
090332120001002001280624194000000000000002070007560000000264000000000000000000000000000000100000001990000000000010000000000
090332120002002001280624194000000000000001090001260000000101000000000000000000000000000000100000001500000000000020000000000
090332120003002001280624194000000000000001080001380000000096000000000000000000000000000000100000001000000000000020000000000
11033212000400200128062419400000090000030000000461000000046100000000000000000000000000100000000005390000
120332120005002001280624194000000000000000000000000000000000000000000000000461000000000000000000000000000000
07033213000000200128062419550000000000000000100000000000000000
090332130001002001280624195500000000000001010011940000000715000000000000000000000000000000100000000500000000000020000000000
090332130002002001280624195500000000000011000007900000000315000000000000000000000000000000100000000990000000000020000000000
11033213000300200128062419550000090000020000001030000000103000000000000000000000000000103000000000000000
120332130004002001280624195502010000000000000000000000000000000000360000001030000000000000000000000000000000
100332130005002001280624195501000000000000003600000010300000000000000220000009
07033214000000200128062420170000000000000000100000000000000000
090332140001002001280624201700000000000001070000980000000343000000000000000000000000000000100000005000000000000020000000000
11033214000200200128062420170000090000010000000343000000034300000000000000000000000000040000000000570000
120332140003002001280624201700000000000000000000000000000000000000000000000343000000000000000000000000000000
07033215000000200128062420210000000000000000100000000000000000
090332150001002001280624202100000000000002480005760000000172000000000000000000000000000000100000001000000000000010000000000
11033215000200200128062420210000090000010000000172000000017200000000000000000000000000017200000000000000
120332150003002001280624202100000000000000000000000000000000000000000000000172000000000000000000000000000000
18033215000400200128062420400400000010000000000000000000000001
33033215000000200128062420400000000000000000100000000000000000
340332150001002001280624204000000000000002360000010000000799000000000000000000000000000000000000003500000000000010000000000
35033215000200200128062420400000094294960000000799000000079900000000000000000000000000200000000012010000
360332150003002001280624204000000000000000000000000000000000000000000000000799000000000000000000000000000000
33033215000000200128062420410000000000000000100000000000000000
340332150001002001280624204100000000000003250000010000000099000000000000000000000000000000000000000790000000000040000000000
340332150002002001280624204100000000000002090003620000000543000000000000000000000000000000100000004720000000000010000000000
340332150003002001280624204100000000000001120004920000000246000000000000000000000000000000100000001000000000000020000000000
340332150004002001280624204100000000000001080004740000000331000000000000000000000000000000100000001000000000000020000000000
340332150005002001280624204100000000000002070006860000000239000000000000000000000000000000100000001990000000000010000000000
340332150006002001280624204100000000000001250013480000000538I 0000000000000000000000000000100000000530000000000020000000000
340332150007002001280624204100000000000001010011960000000716000000000000000000000000000000100000000500000000000020000000000
340332150008002001280624204100000000000001140000010000000599000000000000000000000000000000000000000500000000000020000000000
340332150009002001280624204100000000000002200000010000000799000000000000000000000000000000000000000990000000000010000000000
340332150010002001280624204100000000000006190000010000000500000000000000000000000000000000000000000000000000000060000000000
35033215001100200128062420410000094294960000004610000000461000000000000000000000000000461000000000000000
360332150012002001280624204103110000000000000000000000000000000000000000004610000000000000000000000000000009
060332150013002001280624204100000100000150000000000000000000000000000000000000000000
07033216000000200128062420420000000000000000100000000000000000
090332160001002001280624204200000000000002080009220000000368000000000000000000000000000000100000000500000000000010000000000
11033216000200200128062420420000090000010000000368000000036800000000000000000000000000036800000000000000
120332160003002001280624204200000000000000000000000000000000000000000000000368000000000000000000000000000000
07033217000000200128062420500000000000000000100000000000000000
090332170001002001280624205000000000000005110000010000001499I 0100000000000000000000000000000000012000000000000070000000000
11033217000200200128062420500000090000010000001499000000149900000000000000000000000000149900000000000000
120332170003002001280624205000000000000000000000000000000000000000000000001499000000000000000000000000000000
0403321800000020012806242052000001033096033218000000386855430000003883892928062400001429940000000000000000000000000031220001000000000000000000000000000000000000000000000000000000000000000000000000000000001234567890AB        
