01030380000000200107062407080000010000015000000000356741361.82G5E   1234567890AB        Generica            
02030380000100200107062407080000010000090000000000
07030381000000200107062407130000000000000000100000000000000000
090303810001002001070624071300000000000001040002080000000166000000000000000000000000000000100000002000000000000020000000000
090303810002002001070624071300000000000001070000580000000203000000000000000000000000000000100000005000000000000020000000000
090303810003002001070624071300000000000001260001840000000073000000000000000000000000000000100000000500000000000020000000000
090303810004002001070624071300000000000001140000010000000599000000000000000000000000000000000000000500000000000020000000000
11030381000500200107062407130000090000040000001041000000104100000000000000000000000000200000000009590000
120303810006002001070624071300000000000000000000000000000000000000000000001041000000000000000000000000000000
07030382000000200107062407170000000000000000100000000000000000
090303820001002001070624071700000000000002090006480000000971000000000000000000000000000000100000004720000000000010000000000
090303820002002001070624071700000000000003200000010000002299000000000000000000000000000000000000000000000000000050000000000
11030382000300200107062407170000090000020000003270000000327000000000000000000000000000400000000007300000
120303820004002001070624071700000000000000000000000000000000000000000000003270000000000000000000000000000000
07030383000000200107062407200000000000000000100000000000000000
090303830001002001070624072000000000000001130023000000000458000000000000000000000000000000100000001500000000000020000000000
11030383000200200107062407200000090000010000000458000000045800000000000000000000000000045800000000000000
120303830003002001070624072000000000000000000000000000000000000000000000000458000000000000000000000000000000
07030384000000200107062407210000000000000000100000000000000000
090303840001002001070624072100000000000002010012400000000371000000000000000000000000000000100000000990000000000010000000000
11030384000200200107062407210000090000010000000371000000037100000000000000000000000000037100000000000000
120303840003002001070624072100000000000000000000000000000000000000000000000371000000000000000000000000000000
07030385000000200107062407370000000000000000100000000000000000
090303850001002001070624073700000000000003250000090000001341000000000000000000000000000000000000000790000000000040000000000
090303850002002001070624073700000000000011000006900000000275000000000000000000000000000000100000000990000000000020000000000
090303850003002001070624073700000000000001170003440000000172000000000000000000000000000000100000000590000000000020000000000
090303850004002001070624073700000000000001110004720000000472000000000000000000000000000000100000001990000000000020000000000
090303850005002001070624073700000000000001050006100000000426000000000000000000000000000000100000000500000000000020000000000
090303850006002001070624073700000000000001130031780000000632000000000000000000000000000000100000001500000000000020000000000
090303850007002001070624073700000000000003250000020000000298000000000000000000000000000000000000000790000000000040000000000
11030385000800200107062407370000090000070000003616000000361600000000000000000000000000361600000000000000
120303850009002001070624073703010000000000000000000000000000000000000000003616000000000000000000000000000000
07030386000000200107062407380000000000000000100000000000000000
090303860001002001070624073800000000000002010149350000003719000000000000000000000000000000100000000990000000000010000000000
090303860002002001070624073800000000000002010024740000000616000000000000000000000000000000100000000990000000000010000000000
090303860003002001070624073800000000000001050014160000000990000000000000000000000000000000100000000500000000000020000000000
11030386000400200107062407380000090000030000005325000000532500000000000000000000000000532500000000000000
120303860005002001070624073800000000000000000000000000000000000000000000005325000000000000000000000000000000
07030387000000200107062407490000000000000000100000000000000000
090303870001002001070624074900000000000002050010700000000748000000000000000000000000000000100000000890000000000010000000000
11030387000200200107062407490000090000010000000748000000074800000000000000000000000000074800000000000000
120303870003002001070624074903050000000000000000000000000000000000000000000748000000000000000000000000000000
07030388000000200107062408060000000000000000100000000000000000
090303880001002001070624080600000000000001020026580000001326000000000000000000000000000000100000001200000000000020000000000
11030388000200200107062408060000090000010000001326000000132600000000000000000000000000132600000000000000
120303880003002001070624080603010000000000000000000000000000000000000000001326000000000000000000000000000000
07030389000000200107062408120000000000000000100000000000000000
090303890001002001070624081200000000000001270010120000000809000000000000000000000000000000100000000250000000000020000000000
090303890002002001070624081200000000000001040003800000000304000000000000000000000000000000100000002000000000000020000000000
090303890003002001070624081200000000000001080006100000000792000000000000000000000000000000100000001000000000000020000000000
090303890004002001070624081200000000000002050009140000000639000000000000000000000000000000100000000890000000000010000000000
090303890005002001070624081200000000000002070018220000000636000000000000000000000000000000100000001990000000000010000000000
090303890006002001070624081200000000000002150000050000000645000000000000000000000000000000000000000500000000000010000000000
090303890007002001070624081200000000000002170000010000000999000000000000000000000000000000000000006500000000000010000000000
11030389000800200107062408120000090000070000004824000000482400000000000000000000000000482400000000000000
120303890009002001070624081203090000000000000000000000000000000000000000004824000000000000000000000000000000
07030390000000200107062408260000000000000000100000000000000000
090303900001002001070624082600000000000001220010260000000409000000000000000000000000000000100000001500000000000020000000000
090303900002002001070624082600000000000001070000680000000238000000000000000000000000000000100000005000000000000020000000000
11030390000300200107062408260000090000020000000647000000064700000000000000000000000000064700000000000000
120303900004002001070624082603010000000000000000000000000000000000000000000647000000000000000000000000000000
07030391000000200107062408290000000000000000100000000000000000
090303910001002001070624082900000000000001130051650000001028000000000000000000000000000000100000001500000000000020000000000
11030391000200200107062408290000090000010000001028000000102800000000000000000000000000102800000000000000
120303910003002001070624082903050000000000000000000000000000000000000000001028000000000000000000000000000000
07030392000000200107062408300000000000000000100000000000000000
090303920001002001070624083000000000000002080008480000000296000000000000000000000000000000100000000500000000000010000000000
090303920002002001070624083000000000000002010013080000000326000000000000000000000000000000100000000990000000000010000000000
11030392000300200107062408300000090000020000000622000000062200000000000000000000000000200000000013780000
120303920004002001070624083000000000000000000000000000000000000000000000000622000000000000000000000000000000
07030393000000200107062408320000000000000000100000000000000000
090303930001002001070624083200000000000001260004220000000168000000000000000000000000000000100000000500000000000020000000000
11030393000200200107062408320000090000010000000168000000016800000000000000000000000000016800000000000000
120303930003002001070624083200000000000000000000000000000000000000000000000168000000000000000000000000000000
07030394000000200107062408390000000000000000100000000000000000
090303940001002001070624083900000000000002070021600000000754000000000000000000000000000000100000001990000000000010000000000
090303940002002001070624083900000000000001010018920000001512000000000000000000000000000000100000000500000000000020000000000
090303940003002001070624083900000000000001090002940000000176000000000000000000000000000000100000001500000000000020000000000
090303940004002001070624083900000000000003250000020000000298000000000000000000000000000000000000000790000000000040000000000
11030394000500200107062408390000090000040000002740000000274000000000000000000000000000500000000022600000
120303940006002001070624083900000000000000000000000000000000000000000000002740000000000000000000000000000000
07030395000000200107062408460000000000000000100000000000000000
090303950001002001070624084600000000000005070000010000002000I 0100000000000000000000000000000000012000000000000080000000000
11030395000200200107062408460000090000010000002000000000200000000000000000000000000000200000000000000000
120303950003002001070624084603010000000000000000000000000000000000000000002000000000000000000000000000000000
07030396000000200107062408500000000000000000100000000000000000
090303960001002001070624085000000000000001070005580000001952000000000000000000000000000000100000005000000000000020000000000
090303960002002001070624085000000000000001150008440000001265000000000000000000000000000000100000001000000000000020000000000
090303960003002001070624085000000000000001080007640000000992000000000000000000000000000000100000001000000000000020000000000
090303960004002001070624085000000000000001090001100000000066000000000000000000000000000000100000001500000000000020000000000
11030396000500200107062408500000090000040000004275000000427500000000000000000000000000427500000000000000
120303960006002001070624085003010000000000000000000000000000000000000000004275000000000000000000000000000000
07030397000000200107062408550000000000000000100000000000000000
090303970001002001070624085500000000000001050009680000000677000000000000000000000000000000100000000500000000000020000000000
11030397000200200107062408550000090000010000000677000000067700000000000000000000000000067700000000000000
120303970003002001070624085503050000000000000000000000000000000000000000000677000000000000000000000000000000
07030398000000200107062408550000000000000000100000000000000000
090303980001002001070624085500000000000002150000050000000645000000000000000000000000000000000000000500000000000010000000000
11030398000200200107062408550000090000010000000645000000064500000000000000000000000000064500000000000000
120303980003002001070624085503010000000000000000000000000000000000000000000645000000000000000000000000000000
07030399000000200107062408570000000000000000100000000000000000
090303990001002001070624085700000000000001040005040000000403000000000000000000000000000000100000002000000000000020000000000
090303990002002001070624085700000000000001150004900000000735000000000000000000000000000000100000001000000000000020000000000
090303990003002001070624085700000000000001080006340000000824000000000000000000000000000000100000001000000000000020000000000
090303990004002001070624085700000000000003250000020000000298000000000000000000000000000000000000000790000000000040000000000
11030399000500200107062408570000090000040000002260000000226000000000000000000000000000226000000000000000
120303990006002001070624085703050000000000000000000000000000000000000000002260000000000000000000000000000000
07030400000000200107062408590000000000000000100000000000000000
090304000001002001070624085900000000000002010025920000000645000000000000000000000000000000100000000990000000000010000000000
11030400000200200107062408590000090000010000000645000000064500000000000000000000000000064500000000000000
120304000003002001070624085903050000000000000000000000000000000000000000000645000000000000000000000000000000
07030401000000200107062409040000000000000000100000000000000000
090304010001002001070624090400000000000001150002980000000447000000000000000000000000000000100000001000000000000020000000000
090304010002002001070624090400000000000001040005960000000476000000000000000000000000000000100000002000000000000020000000000
090304010003002001070624090400000000000002080005480000000191000000000000000000000000000000100000000500000000000010000000000
090304010004002001070624090400000000000002010015180000000378000000000000000000000000000000100000000990000000000010000000000
11030401000500200107062409040000090000040000001492000000149200000000000000000000000000500000000035080000
120304010006002001070624090400000000000000000000000000000000000000000000001492000000000000000000000000000000
07030402000000200107062409050000000000000000100000000000000000
090304020001002001070624090500000000000001050000580000000041000000000000000000000000000000100000000500000000000020000000000
090304020002002001070624090500000000000002010013260000000330000000000000000000000000000000100000000990000000000010000000000
11030402000300200107062409050000090000020000000371000000037100000000000000000000000000100000000006290000
120304020004002001070624090500000000000000000000000000000000000000000000000371000000000000000000000000000000
07030403000000200107062409060000000000000000100000000000000000
090304030001002001070624090600000000000001040007760000000620000000000000000000000000000000100000002000000000000020000000000
090304030002002001070624090600000000000002070008800000000307000000000000000000000000000000100000001990000000000010000000000
090304030003002001070624090600000000000001070001660000000581000000000000000000000000000000100000005000000000000020000000000
11030403000400200107062409060000090000030000001508000000150800000000000000000000000000150800000000000000
120304030005002001070624090602010000000000000000000000000000000000220000001508000000000000000000000000000000
100304030006002001070624090601000000000000002200000015080000000000001944000009
14030404000000200107062409140000010000000000
07030405000000200107062409150000000000000000100000000000000000
090304050001002001070624091500000000000002010039920000000994000000000000000000000000000000100000000990000000000010000000000
11030405000200200107062409150000090000010000000994000000099400000000000000000000000000099400000000000000
120304050003002001070624091500000000000000000000000000000000000000000000000994000000000000000000000000000000
07030406000000200107062409160000000000000000100000000000000000
090304060001002001070624091600000000000002010015220000000379000000000000000000000000000000100000000990000000000010000000000
090304060002002001070624091600000000000020700016100000000320000000000000000000000000000000100000000500000000000010000000000
11030406000300200107062409160000090000020000000699000000069900000000000000000000000000069900000000000000
120304060004002001070624091603050000000000000000000000000000000000000000000699000000000000000000000000000000
07030407000000200107062409170000000000000000100000000000000000
090304070001002001070624091700000000000002010027620000000688000000000000000000000000000000100000000990000000000010000000000
11030407000200200107062409170000090000010000000688000000068800000000000000000000000000068800000000000000
120304070003002001070624091703050000000000000000000000000000000000000000000688000000000000000000000000000000
07030408000000200107062409190000000000000000100000000000000000
090304080001002001070624091900000000000001130030660000000610000000000000000000000000000000100000001500000000000020000000000
11030408000200200107062409190000090000010000000610000000061000000000000000000000000000061000000000000000
120304080003002001070624091903010000000000000000000000000000000000000000000610000000000000000000000000000000
07030409000000200107062409240000000000000000100000000000000000
090304090001002001070624092400000000000001130016480000000328000000000000000000000000000000100000001500000000000020000000000
090304090002002001070624092400000000000001090001340000000080000000000000000000000000000000100000001500000000000020000000000
090304090003002001070624092400000000000003250000010000000149000000000000000000000000000000000000000790000000000040000000000
11030409000400200107062409240000090000030000000557000000055700000000000000000000000000100000000004430000
120304090005002001070624092400000000000000000000000000000000000000000000000557000000000000000000000000000000
07030410000000200107062409250000000000000000100000000000000000
090304100001002001070624092500000000000001150009020000001352000000000000000000000000000000100000001000000000000020000000000
11030410000200200107062409250000090000010000001352000000135200000000000000000000000000135200000000000000
120304100003002001070624092500000000000000000000000000000000000000000000001352000000000000000000000000000000
07030411000000200107062409260000000000000000100000000000000000
090304110001002001070624092600000000000002130017880000000713000000000000000000000000000000100000001400000000000010000000000
090304110002002001070624092600000000000001050003740000000261000000000000000000000000000000100000000500000000000020000000000
090304110003002001070624092600000000000001090001820000000109000000000000000000000000000000100000001500000000000020000000000
11030411000400200107062409260000090000030000001083000000108300000000000000000000000000108300000000000000
120304110005002001070624092600000000000000000000000000000000000000000000001083000000000000000000000000000000
07030412000000200107062409300000000000000000100000000000000000
090304120001002001070624093000000000000005020000050000000500I 0000000000000000000000000000000000000100000000000060000000000
11030412000200200107062409300000090000010000000500000000050000000000000000000000000000050000000000000000
120304120003002001070624093000000000000000000000000000000000000000000000000500000000000000000000000000000000
07030413000000200107062409400000000000000000100000000000000000
090304130001002001070624094000000000000002030014800000001183000000000000000000000000000000100000002990000000000010000000000
17030413000200200107062409400000000000000129
090304130003002001070624094000000000000002140014900000001340000000000000000000000000000000100000001990000000000010000000000
090304130004002001070624094000000000000002070011720000000409000000000000000000000000000000100000001990000000000010000000000
11030413000500200107062409400000090000030000002932000000293200000000000000000000000001000000000070680000
120304130006002001070624094000000000000000000000000000000000000000000000002932000000000000000000000000000000
07030414000000200107062409430000000000000000100000000000000000
090304140001002001070624094300000000000002080032640000001139000000000000000000000000000000100000000500000000000010000000000
11030414000200200107062409430000090000010000001139000000113900000000000000000000000000113900000000000000
120304140003002001070624094300000000000000000000000000000000000000000000001139000000000000000000000000000000
07030415000000200107062409440000000000000000100000000000000000
090304150001002001070624094400000000000001060002520000000201000000000000000000000000000000100000001500000000000020000000000
090304150002002001070624094400000000000001110003400000000340000000000000000000000000000000100000001990000000000020000000000
11030415000300200107062409440000090000020000000541000000054100000000000000000000000000200000000014590000
120304150004002001070624094400000000000000000000000000000000000000000000000541000000000000000000000000000000
07030416000000200107062409470000000000000000100000000000000000
090304160001002001070624094700000000000001020010200000000509000000000000000000000000000000100000001200000000000020000000000
11030416000200200107062409470000090000010000000509000000050900000000000000000000000000050900000000000000
120304160003002001070624094700000000000000000000000000000000000000000000000509000000000000000000000000000000
07030417000000200107062409470000000000000000100000000000000000
090304170001002001070624094700000000000002110008200000000409000000000000000000000000000000100000000990000000000010000000000
11030417000200200107062409470000090000010000000409000000040900000000000000000000000000040900000000000000
120304170003002001070624094703010000000000000000000000000000000000000000000409000000000000000000000000000000
07030418000000200107062409480000000000000000100000000000000000
090304180001002001070624094800000000000002010012360000000308000000000000000000000000000000100000000990000000000010000000000
090304180002002001070624094800000000000001260001300000000052000000000000000000000000000000100000000500000000000020000000000
11030418000300200107062409480000090000020000000360000000036000000000000000000000000000200000000016400000
120304180004002001070624094800000000000000000000000000000000000000000000000360000000000000000000000000000000
07030419000000200107062409540000000000000000100000000000000000
090304190001002001070624095400000000000002070020640000000720000000000000000000000000000000100000001990000000000010000000000
11030419000200200107062409540000090000010000000720000000072000000000000000000000000000072000000000000000
120304190003002001070624095403010000000000000000000000000000000000000000000720000000000000000000000000000000
07030420000000200107062409550000000000000000100000000000000000
090304200001002001070624095500000000000001060006060000000484000000000000000000000000000000100000001500000000000020000000000
090304200002002001070624095500000000000001080002820000000366000000000000000000000000000000100000001000000000000020000000000
090304200003002001070624095500000000000001010008280000000662000000000000000000000000000000100000000500000000000020000000000
090304200004002001070624095500000000000003250000010000000149000000000000000000000000000000000000000790000000000040000000000
090304200005002001070624095500000000000001040002040000000163000000000000000000000000000000100000002000000000000020000000000
11030420000600200107062409550000090000050000001824000000182400000000000000000000000000500000000031760000
120304200007002001070624095500000000000000000000000000000000000000000000001824000000000000000000000000000000
14030421000000200107062410030000010000000000
07030422000000200107062410040000000000000000100000000000000000
090304220001002001070624100400000000000002010014380000000358000000000000000000000000000000100000000990000000000010000000000
11030422000200200107062410040000090000010000000358000000035800000000000000000000000000050000000001420000
120304220003002001070624100400000000000000000000000000000000000000000000000358000000000000000000000000000000
14030423000000200107062410050000010000000000
07030424000000200107062410050000000000000000100000000000000000
090304240001002001070624100500000000000002010016120000000401000000000000000000000000000000100000000990000000000010000000000
11030424000200200107062410050000090000010000000401000000040100000000000000000000000000040100000000000000
120304240003002001070624100500000000000000000000000000000000000000000000000401000000000000000000000000000000
100304240004002001070624100951000000000000000300000157600000000000000511000009
130304240000002001070624100900000000000005110000000000000003000000000001576000000000000000015760
07030425000000200107062410130000000000000000100000000000000000
090304250001002001070624101300000000000001120003520000000246000000000000000000000000000000100000001000000000000020000000000
11030425000200200107062410130000090000010000000246000000024600000000000000000000000000024600000000000000
120304250003002001070624101303010000000000000000000000000000000000000000000246000000000000000000000000000000
07030426000000200107062410150000000000000000100000000000000000
090304260001002001070624101500000000000003200000010000002299000000000000000000000000000000000000000000000000000050000000000
11030426000200200107062410150000090000010000002299000000229900000000000000000000000000229900000000000000
120304260003002001070624101503050000000000000000000000000000000000000000002299000000000000000000000000000000
07030427000000200107062410180000000000000000100000000000000000
090304270001002001070624101800000000000002010033960000000846000000000000000000000000000000100000000990000000000010000000000
11030427000200200107062410180000090000010000000846000000084600000000000000000000000000200000000011540000
120304270003002001070624101800000000000000000000000000000000000000000000000846000000000000000000000000000000
07030428000000200107062410210000000000000000100000000000000000
090304280001002001070624102100000000000002070014180000000495000000000000000000000000000000100000001990000000000010000000000
090304280002002001070624102100000000000001150003260000000489000000000000000000000000000000100000001000000000000020000000000
090304280003002001070624102100000000000002040003660000000146000000000000000000000000000000100000000500000000000010000000000
11030428000400200107062410210000090000030000001130000000113000000000000000000000000000500000000038700000
120304280005002001070624102100000000000000000000000000000000000000000000001130000000000000000000000000000000
07030429000000200107062410240000000000000000100000000000000000
090304290001002001070624102400000000000005020000020000000200I 0000000000000000000000000000000000000100000000000060000000000
11030429000200200107062410240000090000010000000200000000020000000000000000000000000000020000000000000000
120304290003002001070624102402010000000000000000000000000000000000210000000200000000000000000000000000000000
100304290004002001070624102401000000000000002100000002000000000000000625000009
07030430000000200107062410250000000000000000100000000000000000
090304300001002001070624102500000000000002070007780000000272000000000000000000000000000000100000001990000000000010000000000
090304300002002001070624102500000000000001020007420000000370000000000000000000000000000000100000001200000000000020000000000
11030430000300200107062410250000090000020000000642000000064200000000000000000000000000100000000003580000
120304300004002001070624102500000000000000000000000000000000000000000000000642000000000000000000000000000000
07030431000000200107062410330000000000000000100000000000000000
090304310001002001070624103300000000000002070008540000000298000000000000000000000000000000100000001990000000000010000000000
090304310002002001070624103300000000000001040004720000000377000000000000000000000000000000100000002000000000000020000000000
090304310003002001070624103300000000000011000008000000000319000000000000000000000000000000100000000990000000000020000000000
090304310004002001070624103300000000000001220012380000000494000000000000000000000000000000100000001500000000000020000000000
11030431000500200107062410330000090000040000001488000000148800000000000000000000000001000000000085120000
120304310006002001070624103300000000000000000000000000000000000000000000001488000000000000000000000000000000
07030432000000200107062410340000000000000000100000000000000000
090304320001002001070624103400000000000002010013040000000325000000000000000000000000000000100000000990000000000010000000000
11030432000200200107062410340000090000010000000325000000032500000000000000000000000000500000000046750000
120304320003002001070624103400000000000000000000000000000000000000000000000325000000000000000000000000000000
07030433000000200107062410360000000000000000100000000000000000
090304330001002001070624103600000000000020700013740000000273000000000000000000000000000000100000000500000000000010000000000
11030433000200200107062410360000090000010000000273000000027300000000000000000000000000027300000000000000
120304330003002001070624103600000000000000000000000000000000000000000000000273000000000000000000000000000000
07030434000000200107062410370000000000000000100000000000000000
090304340001002001070624103700000000000002040005920000000236000000000000000000000000000000100000000500000000000010000000000
11030434000200200107062410370000090000010000000236000000023600000000000000000000000000023600000000000000
120304340003002001070624103700000000000000000000000000000000000000000000000236000000000000000000000000000000
07030435000000200107062410450000000000000000100000000000000000
090304350001002001070624104500000000000001020010700000000534000000000000000000000000000000100000001200000000000020000000000
090304350002002001070624104500000000000001090001680000000101000000000000000000000000000000100000001500000000000020000000000
090304350003002001070624104500000000000001080004180000000543000000000000000000000000000000100000001000000000000020000000000
090304350004002001070624104500000000000001160009200000000459000000000000000000000000000000100000000670000000000020000000000
090304350005002001070624104500000000000001110005480000000547000000000000000000000000000000100000001990000000000020000000000
090304350006002001070624104500000000000002080021240000000741000000000000000000000000000000100000000500000000000010000000000
11030435000700200107062410450000090000060000002925000000292500000000000000000000000000500000000020750000
120304350008002001070624104500000000000000000000000000000000000000000000002925000000000000000000000000000000
07030436000000200107062410460000000000000000100000000000000000
090304360001002001070624104600000000000005220000010000002199I 0100000000000000000000000000000000018500000000000070000000000
090304360002002001070624104600000000000002270009480000001137000000000000000000000000000000100000003990000000000010000000000
11030436000300200107062410460000090000020000003336000000333600000000000000000000000000500000000016640000
120304360004002001070624104600000000000000000000000000000000000000000000003336000000000000000000000000000000
07030437000000200107062410470000000000000000100000000000000000
090304370001002001070624104700000000000001130028760000000572000000000000000000000000000000100000001500000000000020000000000
090304370002002001070624104700000000000005020000080000000800I 0000000000000000000000000000000000000100000000000060000000000
11030437000300200107062410470000090000020000001372000000137200000000000000000000000000200000000006280000
120304370004002001070624104700000000000000000000000000000000000000000000001372000000000000000000000000000000
07030438000000200107062410480000000000000000100000000000000000
090304380001002001070624104800000000000002070006280000000219000000000000000000000000000000100000001990000000000010000000000
11030438000200200107062410480000090000010000000219000000021900000000000000000000000000200000000017810000
120304380003002001070624104800000000000000000000000000000000000000000000000219000000000000000000000000000000
07030439000000200107062410490000000000000000100000000000000000
090304390001002001070624104900000000000002070005140000000179000000000000000000000000000000100000001990000000000010000000000
090304390002002001070624104900000000000011000009360000000373000000000000000000000000000000100000000990000000000020000000000
090304390003002001070624104900000000000001130015280000000304000000000000000000000000000000100000001500000000000020000000000
090304390004002001070624104900000000000003250000010000000149000000000000000000000000000000000000000790000000000040000000000
11030439000500200107062410490000090000040000001005000000100500000000000000000000000000100500000000000000
120304390006002001070624104900000000000000000000000000000000000000000000001005000000000000000000000000000000
07030440000000200107062410500000000000000000100000000000000000
090304400001002001070624105000000000000001080001740000000226000000000000000000000000000000100000001000000000000020000000000
090304400002002001070624105000000000000003250000010000000149000000000000000000000000000000000000000790000000000040000000000
11030440000300200107062410500000090000020000000375000000037500000000000000000000000000037500000000000000
120304400004002001070624105003010000000000000000000000000000000000000000000375000000000000000000000000000000
07030441000000200107062410500000000000000000100000000000000000
090304410001002001070624105000000000000002010026100000000650000000000000000000000000000000100000000990000000000010000000000
11030441000200200107062410500000090000010000000650000000065000000000000000000000000000200000000013500000
120304410003002001070624105000000000000000000000000000000000000000000000000650000000000000000000000000000000
07030442000000200107062410510000000000000000100000000000000000
090304420001002001070624105100000000000003250000010000000149000000000000000000000000000000000000000790000000000040000000000
11030442000200200107062410510000090000010000000149000000014900000000000000000000000000014900000000000000
120304420003002001070624105100000000000000000000000000000000000000000000000149000000000000000000000000000000
07030443000000200107062411000000000000000000100000000000000000
090304430001002001070624110000000000000003250000010000000149000000000000000000000000000000000000000790000000000040000000000
11030443000200200107062411000000090000010000000149000000014900000000000000000000000000014900000000000000
120304430003002001070624110003010000000000000000000000000000000000000000000149000000000000000000000000000000
07030444000000200107062411040000000000000000100000000000000000
090304440001002001070624110400000000000001040008480000000678000000000000000000000000000000100000002000000000000020000000000
090304440002002001070624110400000000000005020000020000000200I 0000000000000000000000000000000000000100000000000060000000000
11030444000300200107062411040000090000020000000878000000087800000000000000000000000000200000000011220000
120304440004002001070624110400000000000000000000000000000000000000000000000878000000000000000000000000000000
07030445000000200107062411100000000000000000100000000000000000
090304450001002001070624111000000000000002010020170000000502000000000000000000000000000000100000000990000000000010000000000
11030445000200200107062411100000090000010000000502000000050200000000000000000000000000050200000000000000
120304450003002001070624111000000000000000000000000000000000000000000000000502000000000000000000000000000000
07030446000000200107062411110000000000000000100000000000000000
090304460001002001070624111100000000000001060003200000000256000000000000000000000000000000100000001500000000000020000000000
090304460002002001070624111100000000000001020007280000000363000000000000000000000000000000100000001200000000000020000000000
090304460003002001070624111100000000000001130008140000000162000000000000000000000000000000100000001500000000000020000000000
090304460004002001070624111100000000000003250000010000000149000000000000000000000000000000000000000790000000000040000000000
11030446000500200107062411110000090000040000000930000000093000000000000000000000000000200000000010700000
120304460006002001070624111100000000000000000000000000000000000000000000000930000000000000000000000000000000
07030447000000200107062411120000000000000000100000000000000000
090304470001002001070624111200000000000003020000010000000150000000000000000000000000000000000000000500000000000030000000000
11030447000200200107062411120000090000010000000150000000015000000000000000000000000000015000000000000000
120304470003002001070624111200000000000000000000000000000000000000000000000150000000000000000000000000000000
07030448000000200107062411130000000000000000100000000000000000
090304480001002001070624111300000000000001110001800000000180000000000000000000000000000000100000001990000000000020000000000
090304480002002001070624111300000000000001080002600000000338000000000000000000000000000000100000001000000000000020000000000
090304480003002001070624111300000000000001060003080000000246000000000000000000000000000000100000001500000000000020000000000
090304480004002001070624111300000000000001090001000000000060000000000000000000000000000000100000001500000000000020000000000
11030448000500200107062411130000090000040000000824000000082400000000000000000000000000082400000000000000
120304480006002001070624111303050000000000000000000000000000000000000000000824000000000000000000000000000000
07030449000000200107062411200000000000000000100000000000000000
090304490001002001070624112000000000000002070012820000000447000000000000000000000000000000100000001990000000000010000000000
11030449000200200107062411200000090000010000000447000000044700000000000000000000000000044700000000000000
120304490003002001070624112000000000000000000000000000000000000000000000000447000000000000000000000000000000
07030450000000200107062411210000000000000000100000000000000000
090304500001002001070624112100000000000001110003900000000390000000000000000000000000000000100000001990000000000020000000000
11030450000200200107062411210000090000010000000390000000039000000000000000000000000000039000000000000000
120304500003002001070624112100000000000000000000000000000000000000000000000390000000000000000000000000000000
07030451000000200107062411220000000000000000100000000000000000
090304510001002001070624112200000000000002130013440000000536000000000000000000000000000000100000001400000000000010000000000
11030451000200200107062411220000090000010000000536000000053600000000000000000000000000053600000000000000
120304510003002001070624112202010000000000000000000000000000000000210000000536000000000000000000000000000000
100304510004002001070624112201000000000000002100000005360000000000000626000009
07030452000000200107062411240000000000000000100000000000000000
090304520001002001070624112400000000000002010037840000000942000000000000000000000000000000100000000990000000000010000000000
11030452000200200107062411240000090000010000000942000000094200000000000000000000000000500000000040580000
120304520003002001070624112400000000000000000000000000000000000000000000000942000000000000000000000000000000
07030453000000200107062411310000000000000000100000000000000000
090304530001002001070624113100000000000001130010440000000208000000000000000000000000000000100000001500000000000020000000000
090304530002002001070624113100000000000001080004000000000520000000000000000000000000000000100000001000000000000020000000000
090304530003002001070624113100000000000001060002860000000229000000000000000000000000000000100000001500000000000020000000000
090304530004002001070624113100000000000003250000010000000149000000000000000000000000000000000000000790000000000040000000000
11030453000500200107062411310000090000040000001106000000110600000000000000000000000000110600000000000000
120304530006002001070624113103100000000000000000000000000000000000000000001106000000000000000000000000000000
07030454000000200107062411350000000000000000100000000000000000
090304540001002001070624113500000000000002070013380000000467000000000000000000000000000000100000001990000000000010000000000
090304540002002001070624113500000000000002040004060000000162000000000000000000000000000000100000000500000000000010000000000
090304540003002001070624113500000000000001080006080000000790000000000000000000000000000000100000001000000000000020000000000
11030454000400200107062411350000090000030000001419000000141900000000000000000000000000500000000035810000
120304540005002001070624113500000000000000000000000000000000000000000000001419000000000000000000000000000000
14030455000000200107062411360000010000000000
07030456000000200107062411360000000000000000100000000000000000
090304560001002001070624113600000000000002010024400000000608000000000000000000000000000000100000000990000000000010000000000
11030456000200200107062411360000090000010000000608000000060800000000000000000000000000060800000000000000
120304560003002001070624113600000000000000000000000000000000000000000000000608000000000000000000000000000000
07030457000000200107062411380000000000000000100000000000000000
090304570001002001070624113800000000000003250000010000000149000000000000000000000000000000000000000790000000000040000000000
11030457000200200107062411380000090000010000000149000000014900000000000000000000000000014900000000000000
120304570003002001070624113800000000000000000000000000000000000000000000000149000000000000000000000000000000
07030458000000200107062411390000000000000000100000000000000000
090304580001002001070624113900000000000002080011780000000411000000000000000000000000000000100000000500000000000010000000000
090304580002002001070624113900000000000002040002160000000086000000000000000000000000000000100000000500000000000010000000000
090304580003002001070624113900000000000002130014460000000577000000000000000000000000000000100000001400000000000010000000000
11030458000400200107062411390000090000030000001074000000107400000000000000000000000000500000000039260000
120304580005002001070624113900000000000000000000000000000000000000000000001074000000000000000000000000000000
07030459000000200107062411400000000000000000100000000000000000
090304590001002001070624114000000000000002080017160000000599000000000000000000000000000000100000000500000000000010000000000
090304590002002001070624114000000000000002040003500000000140000000000000000000000000000000100000000500000000000010000000000
090304590003002001070624114000000000000001040005740000000459000000000000000000000000000000100000002000000000000020000000000
090304590004002001070624114000000000000002010023340000000581000000000000000000000000000000100000000990000000000010000000000
11030459000500200107062411400000090000040000001779000000177900000000000000000000000000200000000002210000
120304590006002001070624114000000000000000000000000000000000000000000000001779000000000000000000000000000000
07030460000000200107062411410000000000000000100000000000000000
090304600001002001070624114100000000000003250000010000000149000000000000000000000000000000000000000790000000000040000000000
11030460000200200107062411410000090000010000000149000000014900000000000000000000000000014900000000000000
120304600003002001070624114100000000000000000000000000000000000000000000000149000000000000000000000000000000
07030461000000200107062411410000000000000000100000000000000000
090304610001002001070624114100000000000001020006200000000309000000000000000000000000000000100000001200000000000020000000000
11030461000200200107062411410000090000010000000309000000030900000000000000000000000000100000000006910000
120304610003002001070624114100000000000000000000000000000000000000000000000309000000000000000000000000000000
07030462000000200107062411430000000000000000100000000000000000
090304620001002001070624114300000000000003250000020000000298000000000000000000000000000000000000000790000000000040000000000
090304620002002001070624114300000000000005020000010000000100I 0000000000000000000000000000000000000100000000000060000000000
11030462000300200107062411430000090000020000000398000000039800000000000000000000000000200000000016020000
120304620004002001070624114300000000000000000000000000000000000000000000000398000000000000000000000000000000
07030463000000200107062411450000000000000000100000000000000000
090304630001002001070624114500000000000001220011620000000464000000000000000000000000000000100000001500000000000020000000000
090304630002002001070624114500000000000005020000030000000300I 0000000000000000000000000000000000000100000000000060000000000
090304630003002001070624114500000000000002080015140000000528000000000000000000000000000000100000000500000000000010000000000
090304630004002001070624114500000000000003250000010000000149000000000000000000000000000000000000000790000000000040000000000
11030463000500200107062411450000090000040000001441000000144100000000000000000000000000144100000000000000
120304630006002001070624114503010000000000000000000000000000000000000000001441000000000000000000000000000000
07030464000000200107062411480000000000000000100000000000000000
090304640001002001070624114800000000000002010016240000000404000000000000000000000000000000100000000990000000000010000000000
11030464000200200107062411480000090000010000000404000000040400000000000000000000000000040400000000000000
120304640003002001070624114800000000000000000000000000000000000000000000000404000000000000000000000000000000
14030465000000200107062411560000010000000000
07030466000000200107062411560000000000000000100000000000000000
090304660001002001070624115600000000000001080008040000001044000000000000000000000000000000100000001000000000000020000000000
11030466000200200107062411560000090000010000001044000000104400000000000000000000000000104400000000000000
120304660003002001070624115600000000000000000000000000000000000000000000001044000000000000000000000000000000
07030467000000200107062411570000000000000000100000000000000000
090304670001002001070624115700000000000002050005020000000351000000000000000000000000000000100000000890000000000010000000000
090304670002002001070624115700000000000003250000020000000298000000000000000000000000000000000000000790000000000040000000000
11030467000300200107062411570000090000020000000649000000064900000000000000000000000000064900000000000000
120304670004002001070624115700000000000000000000000000000000000000000000000649000000000000000000000000000000
07030468000000200107062412000000000000000000100000000000000000
090304680001002001070624120000000000000001080012180000001582000000000000000000000000000000100000001000000000000020000000000
090304680002002001070624120000000000000002050012600000000881000000000000000000000000000000100000000890000000000010000000000
090304680003002001070624120000000000000002070006460000000225000000000000000000000000000000100000001990000000000010000000000
090304680004002001070624120000000000000002080005480000000191000000000000000000000000000000100000000500000000000010000000000
090304680005002001070624120000000000000002010010140000000252000000000000000000000000000000100000000990000000000010000000000
11030468000600200107062412000000090000050000003131000000313100000000000000000000000000400000000008690000
120304680007002001070624120000000000000000000000000000000000000000000000003131000000000000000000000000000000
07030469000000200107062412000000000000000000100000000000000000
090304690001002001070624120000000000000002130021220000000847000000000000000000000000000000100000001400000000000010000000000
11030469000200200107062412000000090000010000000847000000084700000000000000000000000000084700000000000000
120304690003002001070624120000000000000000000000000000000000000000000000000847000000000000000000000000000000
07030470000000200107062412230000000000000000100000000000000000
090304700001002001070624122300000000000003250000030000000447000000000000000000000000000000000000000790000000000040000000000
11030470000200200107062412230000090000010000000447000000044700000000000000000000000000044700000000000000
120304700003002001070624122300000000000000000000000000000000000000000000000447000000000000000000000000000000
07030471000000200107062412280000000000000000100000000000000000
090304710001002001070624122800000000000001020012920000000645000000000000000000000000000000100000001200000000000020000000000
090304710002002001070624122800000000000001050004520000000316000000000000000000000000000000100000000500000000000020000000000
090304710003002001070624122800000000000002080006900000000241000000000000000000000000000000100000000500000000000010000000000
11030471000400200107062412280000090000030000001202000000120200000000000000000000000000120200000000000000
120304710005002001070624122800000000000000000000000000000000000000000000001202000000000000000000000000000000
07030472000000200107062412380000000000000000100000000000000000
090304720001002001070624123800000000000001070000580000000203000000000000000000000000000000100000005000000000000020000000000
11030472000200200107062412380000090000010000000203000000020300000000000000000000000000020300000000000000
120304720003002001070624123800000000000000000000000000000000000000000000000203000000000000000000000000000000
07030473000000200107062412390000000000000000100000000000000000
090304730001002001070624123900000000000001050012980000000907000000000000000000000000000000100000000500000000000020000000000
11030473000200200107062412390000090000010000000907000000090700000000000000000000000000090700000000000000
120304730003002001070624123903010000000000000000000000000000000000000000000907000000000000000000000000000000
14030474000000200107062412460000010000000343
07030475000000200107062412470000000000000000100000000000000000
090304750001002001070624124700000000000002050009200000000643000000000000000000000000000000100000000890000000000010000000000
090304750002002001070624124700000000000003010000010000000999000000000000000000000000000000000000006000000000000050000000000
090304750003002001070624124700000000000002070009840000000343000000000000000000000000000000100000001990000000000010000000000
090304750004002001070624124700000000000002040003980000000159000000000000000000000000000000100000000500000000000010000000000
090304750005002001070624124700000000000002190000010000001399000000000000000000000000000000000000002250000000000010000000000
11030475000600200107062412470000090000050000003543000000354300000000000000000000000000400000000004570000
120304750007002001070624124700000000000000000000000000000000000000000000003543000000000000000000000000000000
07030476000000200107062412490000000000000000100000000000000000
090304760001002001070624124900000000000002050014420000001008000000000000000000000000000000100000000890000000000010000000000
090304760002002001070624124900000000000002020008780000000702000000000000000000000000000000100000001990000000000010000000000
090304760003002001070624124900000000000002130011380000000454000000000000000000000000000000100000001400000000000010000000000
11030476000400200107062412490000090000030000002164000000216400000000000000000000000000500000000028360000
120304760005002001070624124900000000000000000000000000000000000000000000002164000000000000000000000000000000
07030477000000200107062412530000000000000000100000000000000000
090304770001002001070624125300000000000002090008440000001265000000000000000000000000000000100000004720000000000010000000000
11030477000200200107062412530000090000010000001265000000126500000000000000000000000000150000000002350000
120304770003002001070624125300000000000000000000000000000000000000000000001265000000000000000000000000000000
07030478000000200107062413010000000000000000100000000000000000
090304780001002001070624130100000000000001020007320000000365000000000000000000000000000000100000001200000000000020000000000
090304780002002001070624130100000000000002070007620000000266000000000000000000000000000000100000001990000000000010000000000
090304780003002001070624130100000000000011000009100000000363000000000000000000000000000000100000000990000000000020000000000
090304780004002001070624130100000000000002040003240000000129000000000000000000000000000000100000000500000000000010000000000
090304780005002001070624130100000000000001050004800000000336000000000000000000000000000000100000000500000000000020000000000
090304780006002001070624130100000000000001110005080000000507000000000000000000000000000000100000001990000000000020000000000
090304780007002001070624130100000000000001170004140000000207000000000000000000000000000000100000000590000000000020000000000
090304780008002001070624130100000000000001270006980000000558000000000000000000000000000000100000000250000000000020000000000
090304780009002001070624130100000000000001090002020000000121000000000000000000000000000000100000001500000000000020000000000
090304780010002001070624130100000000000003250000010000000149000000000000000000000000000000000000000790000000000040000000000
11030478001100200107062413010000090000100000003001000000300100000000000000000000000000300100000000000000
120304780012002001070624130100000000000000000000000000000000000000000000003001000000000000000000000000000000
07030479000000200107062413050000000000000000100000000000000000
090304790001002001070624130500000000000001220007500000000299000000000000000000000000000000100000001500000000000020000000000
090304790002002001070624130500000000000002270002900000000348000000000000000000000000000000100000003990000000000010000000000
11030479000300200107062413050000090000020000000647000000064700000000000000000000000000064700000000000000
120304790004002001070624130503100000000000000000000000000000000000000000000647000000000000000000000000000000
07030480000000200107062413080000000000000000100000000000000000
090304800001002001070624130800000000000001050006480000000453000000000000000000000000000000100000000500000000000020000000000
11030480000200200107062413080000090000010000000453000000045300000000000000000000000000500000000045470000
120304800003002001070624130800000000000000000000000000000000000000000000000453000000000000000000000000000000
07030481000000200107062413090000000000000000100000000000000000
090304810001002001070624130900000000000002010013160000000328000000000000000000000000000000100000000990000000000010000000000
11030481000200200107062413090000090000010000000328000000032800000000000000000000000000032800000000000000
120304810003002001070624130900000000000000000000000000000000000000000000000328000000000000000000000000000000
060304810004002001070624131100000100000750000000000000000000000000000000000000000000
18030481000500200107062413120100000010000000000000000000000001
18030481000600200107062413120200000007000000000000000000000001
07030482000000200107062413130000000000000000100000000000000000
090304820001002001070624131300000000000001070006600000002309000000000000000000000000000000100000005000000000000020000000000
11030482000200200107062413130000090000010000002309000000230900000000000000000000000000230900000000000000
120304820003002001070624131303010000000000000000000000000000000000000000002309000000000000000000000000000000
07030483000000200107062413380000000000000000100000000000000000
090304830001002001070624133800000000000001140000010000000599000000000000000000000000000000000000000500000000000020000000000
11030483000200200107062413380000090000010000000599000000059900000000000000000000000000059900000000000000
120304830003002001070624133800000000000000000000000000000000000000000000000599000000000000000000000000000000
07030484000000200107062413420000000000000000100000000000000000
090304840001002001070624134200000000000003250000010000000149000000000000000000000000000000000000000790000000000040000000000
11030484000200200107062413420000090000010000000149000000014900000000000000000000000000100000000008510000
120304840003002001070624134200000000000000000000000000000000000000000000000149000000000000000000000000000000
07030485000000200107062414020000000000000000100000000000000000
090304850001002001070624140200000000000002010015520000000386000000000000000000000000000000100000000990000000000010000000000
090304850002002001070624140200000000000002150000010000000129000000000000000000000000000000000000000500000000000010000000000
090304850003002001070624140200000000000002070004840000000169000000000000000000000000000000100000001990000000000010000000000
11030485000400200107062414020000090000030000000684000000068400000000000000000000000000068400000000000000
120304850005002001070624140200000000000000000000000000000000000000000000000684000000000000000000000000000000
07030486000000200107062414130000000000000000100000000000000000
090304860001002001070624141300000000000002010020520000000511000000000000000000000000000000100000000990000000000010000000000
090304860002002001070624141300000000000020700009280000000185000000000000000000000000000000100000000500000000000010000000000
090304860003002001070624141300000000000005020000010000000100I 0000000000000000000000000000000000000100000000000060000000000
11030486000400200107062414130000090000030000000796000000079600000000000000000000000000079600000000000000
120304860005002001070624141300000000000000000000000000000000000000000000000796000000000000000000000000000000
07030487000000200107062414170000000000000000100000000000000000
090304870001002001070624141700000000000001130007560000000150000000000000000000000000000000100000001500000000000020000000000
11030487000200200107062414170000090000010000000150000000015000000000000000000000000000015000000000000000
120304870003002001070624141700000000000000000000000000000000000000000000000150000000000000000000000000000000
07030488000000200107062414180000000000000000100000000000000000
090304880001002001070624141800000000000003250000010000000149000000000000000000000000000000000000000790000000000040000000000
090304880002002001070624141800000000000003250000010000000149000000000000000000000000000000000000000790000000000040000000000
11030488000300200107062414180000090000020000000298000000029800000000000000000000000000040000000001020000
120304880004002001070624141800000000000000000000000000000000000000000000000298000000000000000000000000000000
07030489000000200107062414290000000000000000100000000000000000
090304890001002001070624142900000000000002130012420000000496000000000000000000000000000000100000001400000000000010000000000
11030489000200200107062414290000090000010000000496000000049600000000000000000000000000049600000000000000
120304890003002001070624142903030000000000000000000000000000000000000000000496000000000000000000000000000000
07030490000000200107062414480000000000000000100000000000000000
090304900001002001070624144800000000000002050007880000000551000000000000000000000000000000100000000890000000000010000000000
11030490000200200107062414480000090000010000000551000000055100000000000000000000000000055100000000000000
120304900003002001070624144803030000000000000000000000000000000000000000000551000000000000000000000000000000
07030491000000200107062415150000000000000000100000000000000000
090304910001002001070624151500000000000001040008380000000670000000000000000000000000000000100000002000000000000020000000000
090304910002002001070624151500000000000002070022640000000790000000000000000000000000000000100000001990000000000010000000000
090304910003002001070624151500000000000002070019820000000692000000000000000000000000000000100000001990000000000010000000000
11030491000400200107062415150000090000030000002152000000215200000000000000000000000000215200000000000000
120304910005002001070624151503050000000000000000000000000000000000000000002152000000000000000000000000000000
07030492000000200107062415170000000000000000100000000000000000
090304920001002001070624151700000000000001070000680000000238000000000000000000000000000000100000005000000000000020000000000
090304920002002001070624151700000000000001070000640000000224000000000000000000000000000000100000005000000000000020000000000
11030492000300200107062415170000090000020000000462000000046200000000000000000000000000060000000001380000
120304920004002001070624151700000000000000000000000000000000000000000000000462000000000000000000000000000000
07030493000000200107062415230000000000000000100000000000000000
090304930001002001070624152300000000000005040000010000000799I 0000000000000000000000000000000000000000000000000010000000000
090304930002002001070624152300000000000005040000010000000799I 0000000000000000000000000000000000000000000000000010000000000
11030493000300200107062415230000090000020000001598000000159800000000000000000000000000200000000004020000
120304930004002001070624152300000000000000000000000000000000000000000000001598000000000000000000000000000000
07030494000000200107062415270000000000000000100000000000000000
090304940001002001070624152700000000000001130024400000000486000000000000000000000000000000100000001500000000000020000000000
11030494000200200107062415270000090000010000000486000000048600000000000000000000000000060000000001140000
120304940003002001070624152700000000000000000000000000000000000000000000000486000000000000000000000000000000
07030495000000200107062415440000000000000000100000000000000000
090304950001002001070624154400000000000003250000010000000149000000000000000000000000000000000000000790000000000040000000000
11030495000200200107062415440000090000010000000149000000014900000000000000000000000000014900000000000000
120304950003002001070624154400000000000000000000000000000000000000000000000149000000000000000000000000000000
07030496000000200107062415480000000000000000100000000000000000
090304960001002001070624154800000000000005520000010000000200I 0100000000000000000000000000000000001000000000000090000000000
11030496000200200107062415480000090000010000000200000000020000000000000000000000000000020000000000000000
120304960003002001070624154800000000000000000000000000000000000000000000000200000000000000000000000000000000
07030497000000200107062415530000000000000000100000000000000000
090304970001002001070624155300000000000004020000010000000100I 0300000000000000000000000000000000000230000000000030000000000
090304970002002001070624155300000000000004020000010000000100I 0300000000000000000000000000000000000230000000000030000000000
11030497000300200107062415530000090000020000000200000000020000000000000000000000000000020000000000000000
120304970004002001070624155300000000000000000000000000000000000000000000000200000000000000000000000000000000
07030498000000200107062416000000000000000000100000000000000000
090304980001002001070624160000000000000005290000010000000449I 0100000000000000000000000000000000001000000000000080000000000
11030498000200200107062416000000090000010000000449000000044900000000000000000000000000200000000015510000
120304980003002001070624160000000000000000000000000000000000000000000000000449000000000000000000000000000000
07030499000000200107062416060000000000000000100000000000000000
090304990001002001070624160600000000000002480020010000000599000000000000000000000000000000100000001000000000000010000000000
11030499000200200107062416060000090000010000000599000000059900000000000000000000000000059900000000000000
120304990003002001070624160600000000000000000000000000000000000000000000000599000000000000000000000000000000
07030500000000200107062416210000000000000000100000000000000000
090305000001002001070624162100000000000002050008900000000622000000000000000000000000000000100000000890000000000010000000000
090305000002002001070624162100000000000001080001420000000184000000000000000000000000000000100000001000000000000020000000000
090305000003002001070624162100000000000002130012260000000489000000000000000000000000000000100000001400000000000010000000000
11030500000400200107062416210000090000030000001295000000129500000000000000000000000000140000000001050000
120305000005002001070624162100000000000000000000000000000000000000000000001295000000000000000000000000000000
07030501000000200107062416220000000000000000100000000000000000
090305010001002001070624162200000000000002070008400000000293000000000000000000000000000000100000001990000000000010000000000
090305010002002001070624162200000000000020700011720000000233000000000000000000000000000000100000000500000000000010000000000
11030501000300200107062416220000090000020000000526000000052600000000000000000000000000200000000014740000
120305010004002001070624162200000000000000000000000000000000000000000000000526000000000000000000000000000000
07030502000000200107062416350000000000000000100000000000000000
090305020001002001070624163500000000000002070010840000000378000000000000000000000000000000100000001990000000000010000000000
090305020002002001070624163500000000000002150000010000000129000000000000000000000000000000000000000500000000000010000000000
090305020003002001070624163500000000000002150000010000000129000000000000000000000000000000000000000500000000000010000000000
11030502000400200107062416350000090000030000000636000000063600000000000000000000000000200000000013640000
120305020005002001070624163500000000000000000000000000000000000000000000000636000000000000000000000000000000
07030503000000200107062416360000000000000000100000000000000000
090305030001002001070624163600000000000002480018780000000562000000000000000000000000000000100000001000000000000010000000000
11030503000200200107062416360000090000010000000562000000056200000000000000000000000000200000000014380000
120305030003002001070624163600000000000000000000000000000000000000000000000562000000000000000000000000000000
07030504000000200107062416380000000000000000100000000000000000
090305040001002001070624163800000000000005110000010000001499I 0100000000000000000000000000000000012000000000000070000000000
11030504000200200107062416380000090000010000001499000000149900000000000000000000000000149900000000000000
120305040003002001070624163800000000000000000000000000000000000000000000001499000000000000000000000000000000
07030505000000200107062416500000000000000000100000000000000000
090305050001002001070624165000000000000002480009640000000288000000000000000000000000000000100000001000000000000010000000000
090305050002002001070624165000000000000002480001080000000032000000000000000000000000000000100000001000000000000010000000000
11030505000300200107062416500000090000020000000320000000032000000000000000000000000000200000000016800000
120305050004002001070624165000000000000000000000000000000000000000000000000320000000000000000000000000000000
07030506000000200107062416550000000000000000100000000000000000
090305060001002001070624165500000000000002070011920000000416000000000000000000000000000000100000001990000000000010000000000
090305060002002001070624165500000000000002080006740000000235000000000000000000000000000000100000000500000000000010000000000
090305060003002001070624165500000000000003010000010000000999000000000000000000000000000000000000006000000000000050000000000
11030506000400200107062416550000090000030000001650000000165000000000000000000000000000165000000000000000
120305060005002001070624165503050000000000000000000000000000000000000000001650000000000000000000000000000000
14030507000000200107062417030000010000000000
07030508000000200107062417030000000000000000100000000000000000
090305080001002001070624170300000000000002070010200000000356000000000000000000000000000000100000001990000000000010000000000
11030508000200200107062417030000090000010000000356000000035600000000000000000000000000050000000001440000
120305080003002001070624170300000000000000000000000000000000000000000000000356000000000000000000000000000000
07030509000000200107062417050000000000000000100000000000000000
090305090001002001070624170500000000000002480014920000000446000000000000000000000000000000100000001000000000000010000000000
090305090002002001070624170500000000000001020012000000000599000000000000000000000000000000100000001200000000000020000000000
11030509000300200107062417050000090000020000001045000000104500000000000000000000000000104500000000000000
120305090004002001070624170500000000000000000000000000000000000000000000001045000000000000000000000000000000
07030510000000200107062417080000000000000000100000000000000000
090305100001002001070624170800000000000002070012240000000427000000000000000000000000000000100000001990000000000010000000000
090305100002002001070624170800000000000002080017200000000600000000000000000000000000000000100000000500000000000010000000000
11030510000300200107062417080000090000020000001027000000102700000000000000000000000000102700000000000000
120305100004002001070624170803060000000000000000000000000000000000000000001027000000000000000000000000000000
07030511000000200107062417100000000000000000100000000000000000
090305110001002001070624171000000000000001070003100000001085000000000000000000000000000000100000005000000000000020000000000
090305110002002001070624171000000000000001220009680000000386000000000000000000000000000000100000001500000000000020000000000
11030511000300200107062417100000090000020000001471000000147100000000000000000000000000147100000000000000
120305110004002001070624171003090000000000000000000000000000000000000000001471000000000000000000000000000000
07030512000000200107062417110000000000000000100000000000000000
090305120001002001070624171100000000000002480006560000000196000000000000000000000000000000100000001000000000000010000000000
11030512000200200107062417110000090000010000000196000000019600000000000000000000000000019600000000000000
120305120003002001070624171103030000000000000000000000000000000000000000000196000000000000000000000000000000
07030513000000200107062417170000000000000000100000000000000000
090305130001002001070624171700000000000001010010440000000834000000000000000000000000000000100000000500000000000020000000000
090305130002002001070624171700000000000001080003220000000418000000000000000000000000000000100000001000000000000020000000000
11030513000300200107062417170000090000020000001252000000125200000000000000000000000000200000000007480000
120305130004002001070624171700000000000000000000000000000000000000000000001252000000000000000000000000000000
07030514000000200107062417580000000000000000100000000000000000
090305140001002001070624175800000000000001150002540000000381000000000000000000000000000000100000001000000000000020000000000
11030514000200200107062417580000090000010000000381000000038100000000000000000000000000038100000000000000
120305140003002001070624175803100000000000000000000000000000000000000000000381000000000000000000000000000000
07030515000000200107062418010000000000000000100000000000000000
090305150001002001070624180100000000000001130010040000000200000000000000000000000000000000100000001500000000000020000000000
11030515000200200107062418010000090000010000000200000000020000000000000000000000000000020000000000000000
120305150003002001070624180103020000000000000000000000000000000000000000000200000000000000000000000000000000
07030516000000200107062418110000000000000000100000000000000000
090305160001002001070624181100000000000002260018080000001806000000000000000000000000000000100000002000000000000010000000000
11030516000200200107062418110000090000010000001806000000180600000000000000000000000000200000000001940000
120305160003002001070624181100000000000000000000000000000000000000000000001806000000000000000000000000000000
07030517000000200107062418170000000000000000100000000000000000
090305170001002001070624181700000000000005020000010000000100I 0000000000000000000000000000000000000100000000000060000000000
090305170002002001070624181700000000000005020000010000000100I 0000000000000000000000000000000000000100000000000060000000000
11030517000300200107062418170000090000020000000200000000020000000000000000000000000000020000000000000000
120305170004002001070624181700000000000000000000000000000000000000000000000200000000000000000000000000000000
07030518000000200107062418200000000000000000100000000000000000
090305180001002001070624182000000000000004020000010000000100I 0300000000000000000000000000000000000230000000000030000000000
090305180002002001070624182000000000000004020000010000000100I 0300000000000000000000000000000000000230000000000030000000000
11030518000300200107062418200000090000020000000200000000020000000000000000000000000000020000000000000000
120305180004002001070624182000000000000000000000000000000000000000000000000200000000000000000000000000000000
07030519000000200107062418300000000000000000100000000000000000
090305190001002001070624183000000000000002480011020000000329000000000000000000000000000000100000001000000000000010000000000
090305190002002001070624183000000000000003010000010000000999000000000000000000000000000000000000006000000000000050000000000
11030519000300200107062418300000090000020000001328000000132800000000000000000000000000132800000000000000
120305190004002001070624183003070000000000000000000000000000000000000000001328000000000000000000000000000000
07030520000000200107062418390000000000000000100000000000000000
090305200001002001070624183900000000000002010016760000000417000000000000000000000000000000100000000990000000000010000000000
090305200002002001070624183900000000000002480009800000000293000000000000000000000000000000100000001000000000000010000000000
11030520000300200107062418390000090000020000000710000000071000000000000000000000000000200000000012900000
120305200004002001070624183900000000000000000000000000000000000000000000000710000000000000000000000000000000
07030521000000200107062418460000000000000000100000000000000000
090305210001002001070624184600000000000001010008640000000690000000000000000000000000000000100000000500000000000020000000000
090305210002002001070624184600000000000001040003980000000318000000000000000000000000000000100000002000000000000020000000000
17030521000300200107062418460000000000000631
090305210004002001070624184600000000000001080002960000000385000000000000000000000000000000100000001000000000000020000000000
11030521000500200107062418460000090000030000001393000000139300000000000000000000000000200000000006070000
120305210006002001070624184600000000000000000000000000000000000000000000001393000000000000000000000000000000
07030522000000200107062418570000000000000000100000000000000000
090305220001002001070624185700000000000003250000010000000149000000000000000000000000000000000000000790000000000040000000000
090305220002002001070624185700000000000003250000010000000149000000000000000000000000000000000000000790000000000040000000000
11030522000300200107062418570000090000020000000298000000029800000000000000000000000000029800000000000000
120305220004002001070624185703100000000000000000000000000000000000000000000298000000000000000000000000000000
07030523000000200107062419050000000000000000100000000000000000
090305230001002001070624190500000000000001040005480000000438000000000000000000000000000000100000002000000000000020000000000
090305230002002001070624190500000000000001080002940000000382000000000000000000000000000000100000001000000000000020000000000
090305230003002001070624190500000000000003250000010000000149000000000000000000000000000000000000000790000000000040000000000
090305230004002001070624190500000000000003250000010000000149000000000000000000000000000000000000000790000000000040000000000
11030523000500200107062419050000090000040000001118000000111800000000000000000000000000111800000000000000
120305230006002001070624190503040000000000000000000000000000000000000000001118000000000000000000000000000000
07030524000000200107062419160000000000000000100000000000000000
090305240001002001070624191600000000000002010011580000000288000000000000000000000000000000100000000990000000000010000000000
090305240002002001070624191600000000000002070016060000000560000000000000000000000000000000100000001990000000000010000000000
11030524000300200107062419160000090000020000000848000000084800000000000000000000000000084800000000000000
120305240004002001070624191603060000000000000000000000000000000000000000000848000000000000000000000000000000
07030525000000200107062419230000000000000000100000000000000000
090305250001002001070624192300000000000002070007100000000248000000000000000000000000000000100000001990000000000010000000000
11030525000200200107062419230000090000010000000248000000024800000000000000000000000000050000000002520000
120305250003002001070624192300000000000000000000000000000000000000000000000248000000000000000000000000000000
07030526000000200107062419280000000000000000100000000000000000
090305260001002001070624192800000000000003010000010000000999000000000000000000000000000000000000006000000000000050000000000
11030526000200200107062419280000090000010000000999000000099900000000000000000000000000099900000000000000
120305260003002001070624192803050000000000000000000000000000000000000000000999000000000000000000000000000000
07030527000000200107062420230000000000000000100000000000000000
090305270001002001070624202300000000000001010008000000000639000000000000000000000000000000100000000500000000000020000000000
090305270002002001070624202300000000000001010006760000000540000000000000000000000000000000100000000500000000000020000000000
090305270003002001070624202300000000000001010005500000000439000000000000000000000000000000100000000500000000000020000000000
090305270004002001070624202300000000000001090000660000000040000000000000000000000000000000100000001500000000000020000000000
090305270005002001070624202300000000000001040001420000000113000000000000000000000000000000100000002000000000000020000000000
11030527000600200107062420230000090000050000001771000000177100000000000000000000000000177100000000000000
120305270007002001070624202303050000000000000000000000000000000000000000001771000000000000000000000000000000
07030528000000200107062420310000000000000000100000000000000000
090305280001002001070624203100000000000003010000010000000999000000000000000000000000000000000000006000000000000050000000000
11030528000200200107062420310000090000010000000999000000099900000000000000000000000000099900000000000000
120305280003002001070624203103040000000000000000000000000000000000000000000999000000000000000000000000000000
18030528000400200107062420591200000105000000000000000000000001
18030528000500200107062420590300000100000000000000000000000001
1503052900060020010706242101000001                
0403053000000020010706242103000001030380030530000000356741360000003582443307062400001445250000000000000000000000000003430001000000000000000000000000000000000000000000000000000000000000000000000000000000001234567890AB        
