01032263000000200122062407270000010000005000000000377617481.82G5E   1234567890AB        Generica            
02032263000100200122062407270000010000090000000000
07032264000000200122062407410000000000000000100000000000000000
090322640001002001220624074100000000000001050014600000000583000000000000000000000000000000100000000500000000000020000000000
090322640002002001220624074100000000000001070001120000000392000000000000000000000000000000100000005000000000000020000000000
090322640003002001220624074100000000000001290015860000000474000000000000000000000000000000100000000250000000000020000000000
11032264000400200122062407410000090000030000001449000000144900000000000000000000000000200000000005510000
120322640005002001220624074100000000000000000000000000000000000000000000001449000000000000000000000000000000
07032265000000200122062407460000000000000000100000000000000000
090322650001002001220624074600000000000001080001700000000102000000000000000000000000000000100000001000000000000020000000000
11032265000200200122062407460000090000010000000102000000010200000000000000000000000000010200000000000000
120322650003002001220624074600000000000000000000000000000000000000000000000102000000000000000000000000000000
07032266000000200122062407540000000000000000100000000000000000
090322660001002001220624075400000000000005080000010000002399I 0100000000000000000000000000000000019000000000000070000000000
090322660002002001220624075400000000000002130008160000000162000000000000000000000000000000100000001400000000000010000000000
090322660003002001220624075400000000000001290009020000000270000000000000000000000000000000100000000250000000000020000000000
090322660004002001220624075400000000000003250000010000000099000000000000000000000000000000000000000790000000000040000000000
11032266000500200122062407540000090000040000002930000000293000000000000000000000000000500000000020700000
120322660006002001220624075400000000000000000000000000000000000000000000002930000000000000000000000000000000
07032267000000200122062407570000000000000000100000000000000000
090322670001002001220624075700000000000001010013300000000797000000000000000000000000000000100000000500000000000020000000000
090322670002002001220624075700000000000001290004600000000138000000000000000000000000000000100000000250000000000020000000000
090322670003002001220624075700000000000001090001480000000074000000000000000000000000000000100000001500000000000020000000000
11032267000400200122062407570000090000030000001009000000100900000000000000000000000000100900000000000000
120322670005002001220624075700000000000000000000000000000000000000000000001009000000000000000000000000000000
07032268000000200122062408180000000000000000100000000000000000
090322680001002001220624081800000000000001010054950000003292000000000000000000000000000000100000000500000000000020000000000
090322680002002001220624081800000000000001090005900000000294000000000000000000000000000000100000001500000000000020000000000
11032268000300200122062408180000090000020000003586000000358600000000000000000000000000358600000000000000
120322680004002001220624081803010000000000000000000000000000000000000000003586000000000000000000000000000000
07032269000000200122062408300000000000000000100000000000000000
090322690001002001220624083000000000000002090007180000001076000000000000000000000000000000100000004720000000000010000000000
090322690002002001220624083000000000000002070009000000000314000000000000000000000000000000100000001990000000000010000000000
090322690003002001220624083000000000000002080004600000000161000000000000000000000000000000100000000500000000000010000000000
090322690004002001220624083000000000000002130009920000000197000000000000000000000000000000100000001400000000000010000000000
090322690005002001220624083000000000000002010018380000000917000000000000000000000000000000100000000990000000000010000000000
11032269000600200122062408300000090000050000002665000000266500000000000000000000000000300000000003350000
120322690007002001220624083000000000000000000000000000000000000000000000002665000000000000000000000000000000
07032270000000200122062408330000000000000000100000000000000000
090322700001002001220624083300000000000001130069500000001036000000000000000000000000000000100000001290000000000020000000000
090322700002002001220624083300000000000001130062600000000933000000000000000000000000000000100000001290000000000020000000000
090322700003002001220624083300000000000001130063500000000946000000000000000000000000000000100000001290000000000020000000000
090322700004002001220624083300000000000001290019800000000592000000000000000000000000000000100000000250000000000020000000000
11032270000500200122062408330000090000040000003507000000350700000000000000000000000000350700000000000000
120322700006002001220624083300000000000000000000000000000000000000000000003507000000000000000000000000000000
07032271000000200122062408410000000000000000100000000000000000
090322710001002001220624084100000000000002150000030000000447000000000000000000000000000000000000000500000000000010000000000
090322710002002001220624084100000000000002070007960000000278000000000000000000000000000000100000001990000000000010000000000
11032271000300200122062408410000090000020000000725000000072500000000000000000000000000072500000000000000
120322710004002001220624084100000000000000000000000000000000000000000000000725000000000000000000000000000000
07032272000000200122062408510000000000000000100000000000000000
090322720001002001220624085100000000000003250000060000000594000000000000000000000000000000000000000790000000000040000000000
11032272000200200122062408510000090000010000000594000000059400000000000000000000000000059400000000000000
120322720003002001220624085103050000000000000000000000000000000000000000000594000000000000000000000000000000
07032273000000200122062408520000000000000000100000000000000000
090322730001002001220624085200000000000003190000010000000449000000000000000000000000000000000000002000000000000050000000000
11032273000200200122062408520000090000010000000449000000044900000000000000000000000000044900000000000000
120322730003002001220624085200000000000000000000000000000000000000000000000449000000000000000000000000000000
07032274000000200122062408570000000000000000100000000000000000
090322740001002001220624085700000000000002070014100000000492000000000000000000000000000000100000001990000000000010000000000
090322740002002001220624085700000000000002220000010000000349000000000000000000000000000000000000001500000000000010000000000
11032274000300200122062408570000090000020000000841000000084100000000000000000000000000084100000000000000
120322740004002001220624085703050000000000000000000000000000000000000000000841000000000000000000000000000000
14032275000000200122062408590000010000000000
07032276000000200122062409120000000000000000100000000000000000
090322760001002001220624091200000000000002070002780000000097000000000000000000000000000000100000001990000000000010000000000
11032276000200200122062409120000090000010000000097000000009700000000000000000000000000009700000000000000
120322760003002001220624091200000000000000000000000000000000000000000000000097000000000000000000000000000000
07032277000000200122062409130000000000000000100000000000000000
090322770001002001220624091300000000000001290013700000000410000000000000000000000000000000100000000250000000000020000000000
11032277000200200122062409130000090000010000000410000000041000000000000000000000000000041000000000000000
120322770003002001220624091300000000000000000000000000000000000000000000000410000000000000000000000000000000
07032278000000200122062409210000000000000000100000000000000000
090322780001002001220624092100000000000002040005640000000112000000000000000000000000000000100000000500000000000010000000000
090322780002002001220624092100000000000001210000010000000599000000000000000000000000000000000000001000000000000020000000000
11032278000300200122062409210000090000020000000711000000071100000000000000000000000000071100000000000000
120322780004002001220624092100000000000000000000000000000000000000000000000711000000000000000000000000000000
07032279000000200122062409250000000000000000100000000000000000
090322790001002001220624092500000000000005070000010000002000I 0100000000000000000000000000000000012000000000000080000000000
090322790002002001220624092500000000000002010010760000000537000000000000000000000000000000100000000990000000000010000000000
090322790003002001220624092500000000000002040007880000000157000000000000000000000000000000100000000500000000000010000000000
090322790004002001220624092500000000000001040007240000000506000000000000000000000000000000100000002000000000000020000000000
17032279000500200122062409250000000000000599
090322790006002001220624092500000000000002480005820000000290000000000000000000000000000000100000001000000000000010000000000
11032279000700200122062409250000090000050000003490000000349000000000000000000000000000349000000000000000
120322790008002001220624092503060000000000000000000000000000000000000000003490000000000000000000000000000000
07032280000000200122062409300000000000000000100000000000000000
17032280000100200122062409300000000000000259
090322800002002001220624093000000000000003010000010000000900000000000000000000000000000000000000006000000000000050000000000
17032280000300200122062409300000000000000099
090322800004002001220624093000000000000001290002140000000064000000000000000000000000000000100000000250000000000020000000000
090322800005002001220624093000000000000003250000010000000099000000000000000000000000000000000000000790000000000040000000000
11032280000600200122062409300000090000030000001063000000106300000000000000000000000000106300000000000000
120322800007002001220624093003050000000000000000000000000000000000000000001063000000000000000000000000000000
14032281000000200122062409330000010000000000
07032282000000200122062409330000000000000000100000000000000000
090322820001002001220624093300000000000002080006720000000268000000000000000000000000000000100000000500000000000010000000000
11032282000200200122062409330000090000010000000268000000026800000000000000000000000000100000000007320000
120322820003002001220624093300000000000000000000000000000000000000000000000268000000000000000000000000000000
07032283000000200122062409340000000000000000100000000000000000
090322830001002001220624093400000000000001010010340000000723000000000000000000000000000000100000000500000000000020000000000
090322830002002001220624093400000000000003250000010000000099000000000000000000000000000000000000000790000000000040000000000
11032283000300200122062409340000090000020000000822000000082200000000000000000000000000082200000000000000
120322830004002001220624093400000000000000000000000000000000000000000000000822000000000000000000000000000000
14032284000000200122062409340000010000000825
07032285000000200122062409350000000000000000100000000000000000
090322850001002001220624093500000000000001220007880000000314000000000000000000000000000000100000001500000000000020000000000
11032285000200200122062409350000090000010000000314000000031400000000000000000000000000050000000001860000
120322850003002001220624093500000000000000000000000000000000000000000000000314000000000000000000000000000000
07032286000000200122062409360000000000000000100000000000000000
090322860001002001220624093600000000000002040006200000000123000000000000000000000000000000100000000500000000000010000000000
11032286000200200122062409360000090000010000000123000000012300000000000000000000000000020000000000770000
120322860003002001220624093600000000000000000000000000000000000000000000000123000000000000000000000000000000
07032287000000200122062409380000000000000000100000000000000000
090322870001002001220624093800000000000001290005120000000153000000000000000000000000000000100000000250000000000020000000000
11032287000200200122062409380000090000010000000153000000015300000000000000000000000000015300000000000000
120322870003002001220624093800000000000000000000000000000000000000000000000153000000000000000000000000000000
14032288000000200122062409420000010000000000
07032289000000200122062409430000000000000000100000000000000000
090322890001002001220624094300000000000003250000010000000099000000000000000000000000000000000000000790000000000040000000000
090322890002002001220624094300000000000001070001440000000504000000000000000000000000000000100000005000000000000020000000000
090322890003002001220624094300000000000001290005700000000170000000000000000000000000000000100000000250000000000020000000000
090322890004002001220624094300000000000001290005600000000167000000000000000000000000000000100000000250000000000020000000000
11032289000500200122062409430000090000040000000940000000094000000000000000000000000000094000000000000000
120322890006002001220624094300000000000000000000000000000000000000000000000940000000000000000000000000000000
07032290000000200122062409450000000000000000100000000000000000
090322900001002001220624094500000000000001090000640000000064000000000000000000000000000000100000001500000000000020000000000
11032290000200200122062409450000090000010000000064000000006400000000000000000000000000006400000000000000
120322900003002001220624094500000000000000000000000000000000000000000000000064000000000000000000000000000000
07032291000000200122062409500000000000000000100000000000000000
090322910001002001220624095000000000000005020000020000000200I 0000000000000000000000000000000000000100000000000060000000000
090322910002002001220624095000000000000001010007060000000493000000000000000000000000000000100000000500000000000020000000000
17032291000300200122062409500000000000000100
090322910004002001220624095000000000000001090001860000000186000000000000000000000000000000100000001500000000000020000000000
090322910005002001220624095000000000000002050012340000000616000000000000000000000000000000100000000890000000000010000000000
090322910006002001220624095000000000000003250000010000000099000000000000000000000000000000000000000790000000000040000000000
090322910007002001220624095000000000000001290006460000000193000000000000000000000000000000100000000250000000000020000000000
090322910008002001220624095000000000000001150001420000000085000000000000000000000000000000100000001000000000000020000000000
090322910009002001220624095000000000000003250000010000000099000000000000000000000000000000000000000790000000000040000000000
090322910010002001220624095000000000000001250002400000000096I 0000000000000000000000000000100000000530000000000020000000000
090322910011002001220624095000000000000002040004680000000093000000000000000000000000000000100000000500000000000010000000000
090322910012002001220624095000000000000001050003040000000182000000000000000000000000000000100000000500000000000020000000000
11032291001300200122062409500000090000110000002342000000234200000000000000000000000000234200000000000000
120322910014002001220624095003010000000000000000000000000000000000000000002342000000000000000000000000000000
07032292000000200122062409520000000000000000100000000000000000
090322920001002001220624095200000000000005020000010000000100I 0000000000000000000000000000000000000100000000000060000000000
090322920002002001220624095200000000000001290003320000000099000000000000000000000000000000100000000250000000000020000000000
090322920003002001220624095200000000000002480004580000000229000000000000000000000000000000100000001000000000000010000000000
090322920004002001220624095200000000000001130018480000000275000000000000000000000000000000100000001290000000000020000000000
090322920005002001220624095200000000000001050002720000000163000000000000000000000000000000100000000500000000000020000000000
090322920006002001220624095200000000000005020000010000000100I 0000000000000000000000000000000000000100000000000060000000000
11032292000700200122062409520000090000060000000966000000096600000000000000000000000000096600000000000000
120322920008002001220624095203100000000000000000000000000000000000000000000966000000000000000000000000000000
07032293000000200122062409530000000000000000100000000000000000
090322930001002001220624095300000000000002050005860000000292000000000000000000000000000000100000000890000000000010000000000
090322930002002001220624095300000000000003250000010000000099000000000000000000000000000000000000000790000000000040000000000
11032293000300200122062409530000090000020000000391000000039100000000000000000000000000100000000006090000
120322930004002001220624095300000000000000000000000000000000000000000000000391000000000000000000000000000000
07032294000000200122062409540000000000000000100000000000000000
090322940001002001220624095400000000000001020009100000000545000000000000000000000000000000100000001200000000000020000000000
090322940002002001220624095400000000000001060005300000000264000000000000000000000000000000100000001500000000000020000000000
11032294000300200122062409540000090000020000000809000000080900000000000000000000000000080900000000000000
120322940004002001220624095400000000000000000000000000000000000000000000000809000000000000000000000000000000
07032295000000200122062409560000000000000000100000000000000000
090322950001002001220624095600000000000001110006640000000331000000000000000000000000000000100000001990000000000020000000000
090322950002002001220624095600000000000001160011320000000565000000000000000000000000000000100000000670000000000020000000000
090322950003002001220624095600000000000001290012100000000362000000000000000000000000000000100000000250000000000020000000000
090322950004002001220624095600000000000001150005860000000351000000000000000000000000000000100000001000000000000020000000000
11032295000500200122062409560000090000040000001609000000160900000000000000000000000000160900000000000000
120322950006002001220624095603010000000000000000000000000000000000000000001609000000000000000000000000000000
14032296000000200122062410000000010000000000
07032297000000200122062410070000000000000000100000000000000000
090322970001002001220624100700000000000001290004520000000135000000000000000000000000000000100000000250000000000020000000000
090322970002002001220624100700000000000002480007560000000377000000000000000000000000000000100000001000000000000010000000000
090322970003002001220624100700000000000002150000030000000447000000000000000000000000000000000000000500000000000010000000000
11032297000400200122062410070000090000030000000959000000095900000000000000000000000000095900000000000000
120322970005002001220624100703050000000000000000000000000000000000000000000959000000000000000000000000000000
07032298000000200122062410070000000000000000100000000000000000
090322980001002001220624100700000000000001040005080000000355000000000000000000000000000000100000002000000000000020000000000
11032298000200200122062410070000090000010000000355000000035500000000000000000000000000035500000000000000
120322980003002001220624100700000000000000000000000000000000000000000000000355000000000000000000000000000000
07032299000000200122062410100000000000000000100000000000000000
090322990001002001220624101000000000000001290025120000000751000000000000000000000000000000100000000250000000000020000000000
090322990002002001220624101000000000000001050011840000000709000000000000000000000000000000100000000500000000000020000000000
090322990003002001220624101000000000000001020022360000001339000000000000000000000000000000100000001200000000000020000000000
090322990004002001220624101000000000000003020000020000000300000000000000000000000000000000000000000500000000000030000000000
090322990005002001220624101000000000000002480013260000000662000000000000000000000000000000100000001000000000000010000000000
11032299000600200122062410100000090000050000003761000000376100000000000000000000000000376100000000000000
120322990007002001220624101003010000000000000000000000000000000000000000003761000000000000000000000000000000
14032300000000200122062410110000010000000850
07032301000000200122062410120000000000000000100000000000000000
090323010001002001220624101200000000000002070011500000000401000000000000000000000000000000100000001990000000000010000000000
090323010002002001220624101200000000000002190000010000000799000000000000000000000000000000000000002250000000000010000000000
090323010003002001220624101200000000000001290008820000000264000000000000000000000000000000100000000250000000000020000000000
090323010004002001220624101200000000000001340000050000000995000000000000000000000000000000000000001000000000000020000000000
11032301000500200122062410120000090000040000002459000000245900000000000000000000000000245900000000000000
120323010006002001220624101202010000000000000000000000000000000000220000002459000000000000000000000000000000
100323010007002001220624101201000000000000002200000024590000000000001964000009
07032302000000200122062410140000000000000000100000000000000000
090323020001002001220624101400000000000001150012680000000760000000000000000000000000000000100000001000000000000020000000000
11032302000200200122062410140000090000010000000760000000076000000000000000000000000000076000000000000000
120323020003002001220624101400000000000000000000000000000000000000000000000760000000000000000000000000000000
07032303000000200122062410200000000000000000100000000000000000
090323030001002001220624102000000000000001010012120000000847000000000000000000000000000000100000000500000000000020000000000
090323030002002001220624102000000000000001290007640000000228000000000000000000000000000000100000000250000000000020000000000
17032303000300200122062410200000000000000425
090323030004002001220624102000000000000002050007100000000354000000000000000000000000000000100000000890000000000010000000000
090323030005002001220624102000000000000003250000020000000198000000000000000000000000000000000000000790000000000040000000000
11032303000600200122062410200000090000040000001627000000162700000000000000000000000000200000000003730000
120323030007002001220624102000000000000000000000000000000000000000000000001627000000000000000000000000000000
07032304000000200122062410220000000000000000100000000000000000
090323040001002001220624102200000000000001090001860000000186000000000000000000000000000000100000001500000000000020000000000
090323040002002001220624102200000000000001010025340000001771000000000000000000000000000000100000000500000000000020000000000
090323040003002001220624102200000000000001290002780000000083000000000000000000000000000000100000000250000000000020000000000
11032304000400200122062410220000090000030000002040000000204000000000000000000000000000204000000000000000
120323040005002001220624102203050000000000000000000000000000000000000000002040000000000000000000000000000000
07032305000000200122062410230000000000000000100000000000000000
090323050001002001220624102300000000000003250000010000000099000000000000000000000000000000000000000790000000000040000000000
090323050002002001220624102300000000000003250000010000000099000000000000000000000000000000000000000790000000000040000000000
090323050003002001220624102300000000000001290001280000000038000000000000000000000000000000100000000250000000000020000000000
090323050004002001220624102300000000000001050000620000000037000000000000000000000000000000100000000500000000000020000000000
090323050005002001220624102300000000000002070005420000000189000000000000000000000000000000100000001990000000000010000000000
11032305000600200122062410230000090000050000000462000000046200000000000000000000000000046200000000000000
120323050007002001220624102303050000000000000000000000000000000000000000000462000000000000000000000000000000
07032306000000200122062410250000000000000000100000000000000000
090323060001002001220624102500000000000001150017740000001063000000000000000000000000000000100000001000000000000020000000000
090323060002002001220624102500000000000003250000010000000099000000000000000000000000000000000000000790000000000040000000000
090323060003002001220624102500000000000003250000010000000099000000000000000000000000000000000000000790000000000040000000000
090323060004002001220624102500000000000003020000020000000300000000000000000000000000000000000000000500000000000030000000000
090323060005002001220624102500000000000001080009700000000678000000000000000000000000000000100000001000000000000020000000000
090323060006002001220624102500000000000001040008760000000612000000000000000000000000000000100000002000000000000020000000000
090323060007002001220624102500000000000001090001600000000160000000000000000000000000000000100000001500000000000020000000000
11032306000800200122062410250000090000070000003011000000301100000000000000000000000000301100000000000000
120323060009002001220624102503010000000000000000000000000000000000000000003011000000000000000000000000000000
07032307000000200122062410270000000000000000100000000000000000
090323070001002001220624102700000000000001150003820000000229000000000000000000000000000000100000001000000000000020000000000
090323070002002001220624102700000000000001060005400000000269000000000000000000000000000000100000001500000000000020000000000
11032307000300200122062410270000090000020000000498000000049800000000000000000000000000049800000000000000
120323070004002001220624102700000000000000000000000000000000000000000000000498000000000000000000000000000000
14032308000000200122062410290000010000003314
07032309000000200122062410310000000000000000100000000000000000
090323090001002001220624103100000000000001040008380000000586000000000000000000000000000000100000002000000000000020000000000
090323090002002001220624103100000000000001290013020000000389000000000000000000000000000000100000000250000000000020000000000
090323090003002001220624103100000000000001150012100000000725000000000000000000000000000000100000001000000000000020000000000
11032309000400200122062410310000090000030000001700000000170000000000000000000000000000170000000000000000
120323090005002001220624103100000000000000000000000000000000000000000000001700000000000000000000000000000000
07032310000000200122062410330000000000000000100000000000000000
090323100001002001220624103300000000000001290022860000000684000000000000000000000000000000100000000250000000000020000000000
11032310000200200122062410330000090000010000000684000000068400000000000000000000000000068400000000000000
120323100003002001220624103303060000000000000000000000000000000000000000000684000000000000000000000000000000
07032311000000200122062410380000000000000000100000000000000000
090323110001002001220624103800000000000002080008400000000335000000000000000000000000000000100000000500000000000010000000000
090323110002002001220624103800000000000002070003560000000124000000000000000000000000000000100000001990000000000010000000000
090323110003002001220624103800000000000002090001760000000264000000000000000000000000000000100000004720000000000010000000000
090323110004002001220624103800000000000002280006380000000637000000000000000000000000000000100000001000000000000010000000000
11032311000500200122062410380000090000040000001360000000136000000000000000000000000000136000000000000000
120323110006002001220624103803050000000000000000000000000000000000000000001360000000000000000000000000000000
07032312000000200122062410440000000000000000100000000000000000
090323120001002001220624104400000000000001290009160000000274000000000000000000000000000000100000000250000000000020000000000
11032312000200200122062410440000090000010000000274000000027400000000000000000000000000027400000000000000
120323120003002001220624104400000000000000000000000000000000000000000000000274000000000000000000000000000000
07032313000000200122062410530000000000000000100000000000000000
090323130001002001220624105300000000000005070000010000002000I 0100000000000000000000000000000000012000000000000080000000000
090323130002002001220624105300000000000005390000010000000649000100000000000000000000000000000000003490000000000080000000000
11032313000300200122062410530000090000020000002649000000264900000000000000000000000000264900000000000000
120323130004002001220624105302010000000000000000000000000000000000220000002649000000000000000000000000000000
100323130005002001220624105301000000000000002200000026490000000000001965000009
07032314000000200122062410580000000000000000100000000000000000
090323140001002001220624105800000000000001020018480000001107000000000000000000000000000000100000001200000000000020000000000
11032314000200200122062410580000090000010000001107000000110700000000000000000000000001000000000088930000
120323140003002001220624105800000000000000000000000000000000000000000000001107000000000000000000000000000000
07032315000000200122062411000000000000000000100000000000000000
090323150001002001220624110000000000000002080010340000000413000000000000000000000000000000100000000500000000000010000000000
11032315000200200122062411000000090000010000000413000000041300000000000000000000000000041300000000000000
120323150003002001220624110003010000000000000000000000000000000000000000000413000000000000000000000000000000
07032316000000200122062411020000000000000000100000000000000000
090323160001002001220624110200000000000002040005840000000116000000000000000000000000000000100000000500000000000010000000000
090323160002002001220624110200000000000002150000050000000745000000000000000000000000000000000000000500000000000010000000000
11032316000300200122062411020000090000020000000861000000086100000000000000000000000000086100000000000000
120323160004002001220624110203010000000000000000000000000000000000000000000861000000000000000000000000000000
07032317000000200122062411040000000000000000100000000000000000
090323170001002001220624110400000000000001070000480000000168000000000000000000000000000000100000005000000000000020000000000
17032317000200200122062411040000000000000098
090323170003002001220624110400000000000001070000460000000161000000000000000000000000000000100000005000000000000020000000000
11032317000400200122062411040000090000020000000329000000032900000000000000000000000000032900000000000000
120323170005002001220624110400000000000000000000000000000000000000000000000329000000000000000000000000000000
07032318000000200122062411060000000000000000100000000000000000
090323180001002001220624110600000000000002070007480000000261000000000000000000000000000000100000001990000000000010000000000
090323180002002001220624110600000000000002150000030000000447000000000000000000000000000000000000000500000000000010000000000
11032318000300200122062411060000090000020000000708000000070800000000000000000000000000070800000000000000
120323180004002001220624110600000000000000000000000000000000000000000000000708000000000000000000000000000000
07032319000000200122062411110000000000000000100000000000000000
090323190001002001220624111100000000000003200000010000002000000000000000000000000000000000000000000000000000000050000000000
090323190002002001220624111100000000000002130011320000000225000000000000000000000000000000100000001400000000000010000000000
11032319000300200122062411110000090000020000002225000000222500000000000000000000000000300000000007750000
120323190004002001220624111100000000000000000000000000000000000000000000002225000000000000000000000000000000
07032320000000200122062411130000000000000000100000000000000000
17032320000100200122062411130000000000000396
090323200002002001220624111300000000000001160025720000001283000000000000000000000000000000100000000670000000000020000000000
090323200003002001220624111300000000000001160014460000000722000000000000000000000000000000100000000670000000000020000000000
090323200004002001220624111300000000000001290033060000000988000000000000000000000000000000100000000250000000000020000000000
090323200005002001220624111300000000000003250000030000000297000000000000000000000000000000000000000790000000000040000000000
11032320000600200122062411130000090000040000003290000000329000000000000000000000000000329000000000000000
120323200007002001220624111303100000000000000000000000000000000000000000003290000000000000000000000000000000
07032321000000200122062411140000000000000000100000000000000000
090323210001002001220624111400000000000002040003540000000070000000000000000000000000000000100000000500000000000010000000000
11032321000200200122062411140000090000010000000070000000007000000000000000000000000000007000000000000000
120323210003002001220624111400000000000000000000000000000000000000000000000070000000000000000000000000000000
07032322000000200122062411140000000000000000100000000000000000
090323220001002001220624111400000000000001020008000000000479000000000000000000000000000000100000001200000000000020000000000
090323220002002001220624111400000000000002110005800000000347000000000000000000000000000000100000000990000000000010000000000
11032322000300200122062411140000090000020000000826000000082600000000000000000000000000100000000001740000
120323220004002001220624111400000000000000000000000000000000000000000000000826000000000000000000000000000000
07032323000000200122062411160000000000000000100000000000000000
090323230001002001220624111600000000000001010012020000000840000000000000000000000000000000100000000500000000000020000000000
090323230002002001220624111600000000000002050005180000000258000000000000000000000000000000100000000890000000000010000000000
11032323000300200122062411160000090000020000001098000000109800000000000000000000000000109800000000000000
120323230004002001220624111603050000000000000000000000000000000000000000001098000000000000000000000000000000
07032324000000200122062411170000000000000000100000000000000000
090323240001002001220624111700000000000005080000020000004798I 0100000000000000000000000000000000019000000000000070000000000
11032324000200200122062411170000090000010000004798000000479800000000000000000000000000479800000000000000
120323240003002001220624111703010000000000000000000000000000000000000000004798000000000000000000000000000000
07032325000000200122062411190000000000000000100000000000000000
090323250001002001220624111900000000000001290007300000000218000000000000000000000000000000100000000250000000000020000000000
11032325000200200122062411190000090000010000000218000000021800000000000000000000000000021800000000000000
120323250003002001220624111900000000000000000000000000000000000000000000000218000000000000000000000000000000
07032326000000200122062411220000000000000000100000000000000000
090323260001002001220624112200000000000001070000320000000112000000000000000000000000000000100000005000000000000020000000000
11032326000200200122062411220000090000010000000112000000011200000000000000000000000000011200000000000000
120323260003002001220624112200000000000000000000000000000000000000000000000112000000000000000000000000000000
07032327000000200122062411250000000000000000100000000000000000
090323270001002001220624112500000000000001210000020000001198000000000000000000000000000000000000001000000000000020000000000
090323270002002001220624112500000000000003110000010000000599000000000000000000000000000000000000001000000000000040000000000
090323270003002001220624112500000000000002180000020000001398000000000000000000000000000000000000002990000000000010000000000
090323270004002001220624112500000000000005080000010000002399I 0100000000000000000000000000000000019000000000000070000000000
090323270005002001220624112500000000000002080008460000000338000000000000000000000000000000100000000500000000000010000000000
090323270006002001220624112500000000000002050012460000000622000000000000000000000000000000100000000890000000000010000000000
090323270007002001220624112500000000000001150006800000000407000000000000000000000000000000100000001000000000000020000000000
090323270008002001220624112500000000000001060009540000000476000000000000000000000000000000100000001500000000000020000000000
090323270009002001220624112500000000000001250011980000000478I 0000000000000000000000000000100000000530000000000020000000000
090323270010002001220624112500000000000002090010680000001601000000000000000000000000000000100000004720000000000010000000000
090323270011002001220624112500000000000003250000010000000099000000000000000000000000000000000000000790000000000040000000000
090323270012002001220624112500000000000003250000010000000099000000000000000000000000000000000000000790000000000040000000000
11032327001300200122062411250000090000120000009714000000971400000000000000000000000001000000000002860000
120323270014002001220624112500000000000000000000000000000000000000000000009714000000000000000000000000000000
07032328000000200122062411280000000000000000100000000000000000
090323280001002001220624112800000000000002080019940000000796000000000000000000000000000000100000000500000000000010000000000
090323280002002001220624112800000000000002200000010000000799000000000000000000000000000000000000000990000000000010000000000
090323280003002001220624112800000000000021400000010000000399000000000000000000000000000000000000001990000000000010000000000
090323280004002001220624112800000000000002260003800000000342000000000000000000000000000000100000002000000000000010000000000
090323280005002001220624112800000000000001270003800000000152000000000000000000000000000000100000000250000000000020000000000
090323280006002001220624112800000000000001150002280000000137000000000000000000000000000000100000001000000000000020000000000
090323280007002001220624112800000000000001250006340000000253I 0000000000000000000000000000100000000530000000000020000000000
090323280008002001220624112800000000000001220006640000000265000000000000000000000000000000100000001500000000000020000000000
11032328000900200122062411280000090000080000003143000000314300000000000000000000000000314300000000000000
120323280010002001220624112803050000000000000000000000000000000000000000003143000000000000000000000000000000
07032329000000200122062411300000000000000000100000000000000000
090323290001002001220624113000000000000001290003540000000106000000000000000000000000000000100000000250000000000020000000000
090323290002002001220624113000000000000001250006060000000242I 0000000000000000000000000000100000000530000000000020000000000
11032329000300200122062411300000090000020000000348000000034800000000000000000000000000500000000046520000
120323290004002001220624113000000000000000000000000000000000000000000000000348000000000000000000000000000000
07032330000000200122062411400000000000000000100000000000000000
090323300001002001220624114000000000000001150003000000000180000000000000000000000000000000100000001000000000000020000000000
090323300002002001220624114000000000000001290009880000000295000000000000000000000000000000100000000250000000000020000000000
090323300003002001220624114000000000000002040006220000000124000000000000000000000000000000100000000500000000000010000000000
090323300004002001220624114000000000000001060004680000000234000000000000000000000000000000100000001500000000000020000000000
090323300005002001220624114000000000000002270005580000000446000000000000000000000000000000100000003990000000000010000000000
090323300006002001220624114000000000000021400000010000000399000000000000000000000000000000000000001990000000000010000000000
11032330000700200122062411400000090000060000001678000000167800000000000000000000000000167800000000000000
120323300008002001220624114000000000000000000000000000000000000000000000001678000000000000000000000000000000
07032331000000200122062411430000000000000000100000000000000000
090323310001002001220624114300000000000001060006860000000342000000000000000000000000000000100000001500000000000020000000000
090323310002002001220624114300000000000002070016880000000589000000000000000000000000000000100000001990000000000010000000000
090323310003002001220624114300000000000001290003860000000115000000000000000000000000000000100000000250000000000020000000000
11032331000400200122062411430000090000030000001046000000104600000000000000000000000000104600000000000000
120323310005002001220624114303010000000000000000000000000000000000000000001046000000000000000000000000000000
07032332000000200122062411450000000000000000100000000000000000
090323320001002001220624114500000000000003250000020000000198000000000000000000000000000000000000000790000000000040000000000
090323320002002001220624114500000000000002070014460000000505000000000000000000000000000000100000001990000000000010000000000
11032332000300200122062411450000090000020000000703000000070300000000000000000000000000070300000000000000
120323320004002001220624114500000000000000000000000000000000000000000000000703000000000000000000000000000000
07032333000000200122062411450000000000000000100000000000000000
090323330001002001220624114500000000000001020001600000000096000000000000000000000000000000100000001200000000000020000000000
11032333000200200122062411450000090000010000000096000000009600000000000000000000000000009600000000000000
120323330003002001220624114500000000000000000000000000000000000000000000000096000000000000000000000000000000
07032334000000200122062411460000000000000000100000000000000000
090323340001002001220624114600000000000001020008800000000527000000000000000000000000000000100000001200000000000020000000000
090323340002002001220624114600000000000001120012560000000627000000000000000000000000000000100000001000000000000020000000000
090323340003002001220624114600000000000001130018160000000271000000000000000000000000000000100000001290000000000020000000000
11032334000400200122062411460000090000030000001425000000142500000000000000000000000000200000000005750000
120323340005002001220624114600000000000000000000000000000000000000000000001425000000000000000000000000000000
07032335000000200122062411480000000000000000100000000000000000
090323350001002001220624114800000000000001130016140000000240000000000000000000000000000000100000001290000000000020000000000
090323350002002001220624114800000000000003250000020000000198000000000000000000000000000000000000000790000000000040000000000
11032335000300200122062411480000090000020000000438000000043800000000000000000000000000043800000000000000
120323350004002001220624114800000000000000000000000000000000000000000000000438000000000000000000000000000000
07032336000000200122062411500000000000000000100000000000000000
090323360001002001220624115000000000000011000014340000000716000000000000000000000000000000100000000990000000000020000000000
090323360002002001220624115000000000000002010007740000000386000000000000000000000000000000100000000990000000000010000000000
090323360003002001220624115000000000000002070009280000000324000000000000000000000000000000100000001990000000000010000000000
090323360004002001220624115000000000000001060004480000000224000000000000000000000000000000100000001500000000000020000000000
11032336000500200122062411500000090000040000001650000000165000000000000000000000000000165000000000000000
120323360006002001220624115003050000000000000000000000000000000000000000001650000000000000000000000000000000
07032337000000200122062411520000000000000000100000000000000000
090323370001002001220624115200000000000003110000010000000599000000000000000000000000000000000000001000000000000040000000000
090323370002002001220624115200000000000003250000010000000099000000000000000000000000000000000000000790000000000040000000000
11032337000300200122062411520000090000020000000698000000069800000000000000000000000000069800000000000000
120323370004002001220624115200000000000000000000000000000000000000000000000698000000000000000000000000000000
07032338000000200122062411560000000000000000100000000000000000
090323380001002001220624115600000000000001020020760000001244000000000000000000000000000000100000001200000000000020000000000
090323380002002001220624115600000000000002270015100000001206000000000000000000000000000000100000003990000000000010000000000
090323380003002001220624115600000000000001040010460000000731000000000000000000000000000000100000002000000000000020000000000
090323380004002001220624115600000000000001080008680000000607000000000000000000000000000000100000001000000000000020000000000
090323380005002001220624115600000000000005020000060000000600I 0000000000000000000000000000000000000100000000000060000000000
090323380006002001220624115600000000000002130020090000000400000000000000000000000000000000100000001400000000000010000000000
11032338000700200122062411560000090000060000004788000000478800000000000000000000000000478800000000000000
120323380008002001220624115603100000000000000000000000000000000000000000004788000000000000000000000000000000
07032339000000200122062411570000000000000000100000000000000000
090323390001002001220624115700000000000002070032400000001131000000000000000000000000000000100000001990000000000010000000000
090323390002002001220624115700000000000002050007400000000369000000000000000000000000000000100000000890000000000010000000000
090323390003002001220624115700000000000001290018380000000550000000000000000000000000000000100000000250000000000020000000000
11032339000400200122062411570000090000030000002050000000205000000000000000000000000000205000000000000000
120323390005002001220624115703010000000000000000000000000000000000000000002050000000000000000000000000000000
07032340000000200122062411590000000000000000100000000000000000
090323400001002001220624115900000000000001020011480000000688000000000000000000000000000000100000001200000000000020000000000
11032340000200200122062411590000090000010000000688000000068800000000000000000000000000068800000000000000
120323400003002001220624115900000000000000000000000000000000000000000000000688000000000000000000000000000000
07032341000000200122062412100000000000000000100000000000000000
090323410001002001220624121000000000000005020000120000001200I 0000000000000000000000000000000000000100000000000060000000000
11032341000200200122062412100000090000010000001200000000120000000000000000000000000000120000000000000000
120323410003002001220624121002010000000000000000000000000000000000050000001200000000000000000000000000000000
100323410004002001220624121001000000000000000500000012000000000000000535000009
07032342000000200122062412140000000000000000100000000000000000
090323420001002001220624121400000000000001010019280000001348000000000000000000000000000000100000000500000000000020000000000
090323420002002001220624121400000000000001060005080000000253000000000000000000000000000000100000001500000000000020000000000
11032342000300200122062412140000090000020000001601000000160100000000000000000000000000160100000000000000
120323420004002001220624121403010000000000000000000000000000000000000000001601000000000000000000000000000000
07032343000000200122062412190000000000000000100000000000000000
090323430001002001220624121900000000000002070006660000000232000000000000000000000000000000100000001990000000000010000000000
090323430002002001220624121900000000000002050003480000000174000000000000000000000000000000100000000890000000000010000000000
11032343000300200122062412190000090000020000000406000000040600000000000000000000000000040600000000000000
120323430004002001220624121902010000000000000000000000000000000000220000000406000000000000000000000000000000
100323430005002001220624121901000000000000002200000004060000000000001966000009
07032344000000200122062412210000000000000000100000000000000000
090323440001002001220624122100000000000001070002080000000728000000000000000000000000000000100000005000000000000020000000000
090323440002002001220624122100000000000002090003600000000540000000000000000000000000000000100000004720000000000010000000000
11032344000300200122062412210000090000020000001268000000126800000000000000000000000000126800000000000000
120323440004002001220624122103100000000000000000000000000000000000000000001268000000000000000000000000000000
07032345000000200122062412250000000000000000100000000000000000
090323450001002001220624122500000000000002070001560000000054000000000000000000000000000000100000001990000000000010000000000
11032345000200200122062412250000090000010000000054000000005400000000000000000000000000005400000000000000
120323450003002001220624122503010000000000000000000000000000000000000000000054000000000000000000000000000000
07032346000000200122062412280000000000000000100000000000000000
090323460001002001220624122800000000000001020011540000000691000000000000000000000000000000100000001200000000000020000000000
11032346000200200122062412280000090000010000000691000000069100000000000000000000000000069100000000000000
120323460003002001220624122803050000000000000000000000000000000000000000000691000000000000000000000000000000
14032347000000200122062412340000010000000338
07032348000000200122062412340000000000000000100000000000000000
090323480001002001220624123400000000000001020005880000000352000000000000000000000000000000100000001200000000000020000000000
090323480002002001220624123400000000000002480000900000000045000000000000000000000000000000100000001000000000000010000000000
11032348000300200122062412340000090000020000000397000000039700000000000000000000000000039700000000000000
120323480004002001220624123400000000000000000000000000000000000000000000000397000000000000000000000000000000
07032349000000200122062412360000000000000000100000000000000000
090323490001002001220624123600000000000002110004200000000252000000000000000000000000000000100000000990000000000010000000000
11032349000200200122062412360000090000010000000252000000025200000000000000000000000000025200000000000000
120323490003002001220624123600000000000000000000000000000000000000000000000252000000000000000000000000000000
07032350000000200122062412380000000000000000100000000000000000
090323500001002001220624123800000000000001130019560000000291000000000000000000000000000000100000001290000000000020000000000
090323500002002001220624123800000000000002030016540000001652000000000000000000000000000000100000002990000000000010000000000
090323500003002001220624123800000000000002080009540000000381000000000000000000000000000000100000000500000000000010000000000
11032350000400200122062412380000090000030000002324000000232400000000000000000000000000500000000026760000
120323500005002001220624123800000000000000000000000000000000000000000000002324000000000000000000000000000000
07032351000000200122062412380000000000000000100000000000000000
090323510001002001220624123800000000000002070005600000000195000000000000000000000000000000100000001990000000000010000000000
11032351000200200122062412380000090000010000000195000000019500000000000000000000000000019500000000000000
120323510003002001220624123800000000000000000000000000000000000000000000000195000000000000000000000000000000
07032352000000200122062412400000000000000000100000000000000000
090323520001002001220624124000000000000001130007700000000115000000000000000000000000000000100000001290000000000020000000000
090323520002002001220624124000000000000001290004440000000133000000000000000000000000000000100000000250000000000020000000000
090323520003002001220624124000000000000002040012000000000239000000000000000000000000000000100000000500000000000010000000000
090323520004002001220624124000000000000003250000010000000099000000000000000000000000000000000000000790000000000040000000000
11032352000500200122062412400000090000040000000586000000058600000000000000000000000000058600000000000000
120323520006002001220624124003010000000000000000000000000000000000000000000586000000000000000000000000000000
07032353000000200122062412430000000000000000100000000000000000
090323530001002001220624124300000000000002220000010000000599000000000000000000000000000000000000001500000000000010000000000
090323530002002001220624124300000000000001020014900000000893000000000000000000000000000000100000001200000000000020000000000
090323530003002001220624124300000000000001210000010000000599000000000000000000000000000000000000001000000000000020000000000
11032353000400200122062412430000090000030000002091000000209100000000000000000000000000209100000000000000
120323530005002001220624124303010000000000000000000000000000000000000000002091000000000000000000000000000000
07032354000000200122062412450000000000000000100000000000000000
090323540001002001220624124500000000000001130009560000000142000000000000000000000000000000100000001290000000000020000000000
090323540002002001220624124500000000000003190000010000000449000000000000000000000000000000000000002000000000000050000000000
090323540003002001220624124500000000000001180002540000000127000000000000000000000000000000100000001000000000000020000000000
090323540004002001220624124500000000000001080002100000000147000000000000000000000000000000100000001000000000000020000000000
090323540005002001220624124500000000000002070006840000000239000000000000000000000000000000100000001990000000000010000000000
090323540006002001220624124500000000000001070001040000000364000000000000000000000000000000100000005000000000000020000000000
090323540007002001220624124500000000000001050003080000000184000000000000000000000000000000100000000500000000000020000000000
11032354000800200122062412450000090000070000001652000000165200000000000000000000000000500000000033480000
120323540009002001220624124500000000000000000000000000000000000000000000001652000000000000000000000000000000
07032355000000200122062412460000000000000000100000000000000000
090323550001002001220624124600000000000003250000010000000099000000000000000000000000000000000000000790000000000040000000000
11032355000200200122062412460000090000010000000099000000009900000000000000000000000000009900000000000000
120323550003002001220624124600000000000000000000000000000000000000000000000099000000000000000000000000000000
07032356000000200122062412470000000000000000100000000000000000
090323560001002001220624124700000000000001150005520000000331000000000000000000000000000000100000001000000000000020000000000
090323560002002001220624124700000000000001010013980000000977000000000000000000000000000000100000000500000000000020000000000
11032356000300200122062412470000090000020000001308000000130800000000000000000000000000130800000000000000
120323560004002001220624124703010000000000000000000000000000000000000000001308000000000000000000000000000000
07032357000000200122062412470000000000000000100000000000000000
090323570001002001220624124700000000000001130020480000000305000000000000000000000000000000100000001290000000000020000000000
11032357000200200122062412470000090000010000000305000000030500000000000000000000000000030500000000000000
120323570003002001220624124700000000000000000000000000000000000000000000000305000000000000000000000000000000
07032358000000200122062412570000000000000000100000000000000000
090323580001002001220624125700000000000005110000010000001499I 0100000000000000000000000000000000012000000000000070000000000
090323580002002001220624125700000000000002050007780000000388000000000000000000000000000000100000000890000000000010000000000
090323580003002001220624125700000000000001050001560000000093000000000000000000000000000000100000000500000000000020000000000
090323580004002001220624125700000000000003250000010000000099000000000000000000000000000000000000000790000000000040000000000
11032358000500200122062412570000090000040000002079000000207900000000000000000000000000207900000000000000
120323580006002001220624125700000000000000000000000000000000000000000000002079000000000000000000000000000000
07032359000000200122062413000000000000000000100000000000000000
090323590001002001220624130000000000000004060000100000000150I 0300000000000000000000000000100000015000000000000030000000000
090323590002002001220624130000000000000004100000100000000140I 0300000000000000000000000000100000000480000000000030000000000
11032359000300200122062413000000090000020000000290000000029000000000000000000000000000029000000000000000
120323590004002001220624130000000000000000000000000000000000000000000000000290000000000000000000000000000000
07032360000000200122062413000000000000000000100000000000000000
090323600001002001220624130000000000000002070006540000000228000000000000000000000000000000100000001990000000000010000000000
11032360000200200122062413000000090000010000000228000000022800000000000000000000000000022800000000000000
120323600003002001220624130000000000000000000000000000000000000000000000000228000000000000000000000000000000
07032361000000200122062413080000000000000000100000000000000000
090323610001002001220624130800000000000001130025700000000383000000000000000000000000000000100000001290000000000020000000000
11032361000200200122062413080000090000010000000383000000038300000000000000000000000000500000000046170000
120323610003002001220624130800000000000000000000000000000000000000000000000383000000000000000000000000000000
14032362000000200122062413160000010000000000
07032363000000200122062413180000000000000000100000000000000000
090323630001002001220624131800000000000002130009780000000195000000000000000000000000000000100000001400000000000010000000000
090323630002002001220624131800000000000003250000020000000198000000000000000000000000000000000000000790000000000040000000000
090323630003002001220624131800000000000002070010680000000373000000000000000000000000000000100000001990000000000010000000000
090323630004002001220624131800000000000001050005600000000335000000000000000000000000000000100000000500000000000020000000000
090323630005002001220624131800000000000001290005780000000173000000000000000000000000000000100000000250000000000020000000000
090323630006002001220624131800000000000003200000010000002000000000000000000000000000000000000000000000000000000050000000000
11032363000700200122062413180000090000060000003274000000327400000000000000000000000000327400000000000000
120323630008002001220624131803100000000000000000000000000000000000000000003274000000000000000000000000000000
07032364000000200122062413200000000000000000100000000000000000
090323640001002001220624132000000000000005080000020000004798I 0100000000000000000000000000000000019000000000000070000000000
11032364000200200122062413200000090000010000004798000000479800000000000000000000000000479800000000000000
120323640003002001220624132003010000000000000000000000000000000000000000004798000000000000000000000000000000
07032365000000200122062413260000000000000000100000000000000000
090323650001002001220624132600000000000001130020440000000305000000000000000000000000000000100000001290000000000020000000000
090323650002002001220624132600000000000003110000010000000599000000000000000000000000000000000000001000000000000040000000000
090323650003002001220624132600000000000001290024440000000731000000000000000000000000000000100000000250000000000020000000000
090323650004002001220624132600000000000002150000030000000447000000000000000000000000000000000000000500000000000010000000000
090323650005002001220624132600000000000003250000020000000198000000000000000000000000000000000000000790000000000040000000000
090323650006002001220624132600000000000002130016020000000319000000000000000000000000000000100000001400000000000010000000000
11032365000700200122062413260000090000060000002599000000259900000000000000000000000000259900000000000000
120323650008002001220624132603010000000000000000000000000000000000000000002599000000000000000000000000000000
07032366000000200122062413300000000000000000100000000000000000
090323660001002001220624133000000000000001060005340000000266000000000000000000000000000000100000001500000000000020000000000
090323660002002001220624133000000000000003250000010000000099000000000000000000000000000000000000000790000000000040000000000
11032366000300200122062413300000090000020000000365000000036500000000000000000000000000036500000000000000
120323660004002001220624133000000000000000000000000000000000000000000000000365000000000000000000000000000000
07032367000000200122062413380000000000000000100000000000000000
090323670001002001220624133800000000000003250000010000000099000000000000000000000000000000000000000790000000000040000000000
090323670002002001220624133800000000000003200000010000002000000000000000000000000000000000000000000000000000000050000000000
090323670003002001220624133800000000000002170000010000001099000000000000000000000000000000000000006500000000000010000000000
090323670004002001220624133800000000000001090000760000000076000000000000000000000000000000100000001500000000000020000000000
090323670005002001220624133800000000000001080003080000000215000000000000000000000000000000100000001000000000000020000000000
090323670006002001220624133800000000000002480003840000000192000000000000000000000000000000100000001000000000000010000000000
090323670007002001220624133800000000000001130006240000000093000000000000000000000000000000100000001290000000000020000000000
090323670008002001220624133800000000000006190000010000000500000000000000000000000000000000000000000000000000000060000000000
11032367000900200122062413380000090000080000004274000000427400000000000000000000000000427400000000000000
120323670010002001220624133803010000000000000000000000000000000000000000004274000000000000000000000000000000
07032368000000200122062413450000000000000000100000000000000000
090323680001002001220624134500000000000001010010500000000734000000000000000000000000000000100000000500000000000020000000000
090323680002002001220624134500000000000001110002460000000123000000000000000000000000000000100000001990000000000020000000000
090323680003002001220624134500000000000001080006500000000454000000000000000000000000000000100000001000000000000020000000000
090323680004002001220624134500000000000002040010180000000203000000000000000000000000000000100000000500000000000010000000000
090323680005002001220624134500000000000002070003400000000119000000000000000000000000000000100000001990000000000010000000000
090323680006002001220624134500000000000002010014760000000737000000000000000000000000000000100000000990000000000010000000000
090323680007002001220624134500000000000001070002360000000826000000000000000000000000000000100000005000000000000020000000000
090323680008002001220624134500000000000002270012660000001012000000000000000000000000000000100000003990000000000010000000000
090323680009002001220624134500000000000001130010160000000151000000000000000000000000000000100000001290000000000020000000000
090323680010002001220624134500000000000003200000010000002000000000000000000000000000000000000000000000000000000050000000000
090323680011002001220624134500000000000006190000010000000500000000000000000000000000000000000000000000000000000060000000000
11032368001200200122062413450000090000110000006859000000685900000000000000000000000000685900000000000000
120323680013002001220624134503010000000000000000000000000000000000000000006859000000000000000000000000000000
07032369000000200122062413580000000000000000100000000000000000
090323690001002001220624135800000000000020800009580000000095000000000000000000000000000000100000000500000000000010000000000
090323690002002001220624135800000000000001290002760000000083000000000000000000000000000000100000000250000000000020000000000
090323690003002001220624135800000000000005020000020000000200I 0000000000000000000000000000000000000100000000000060000000000
11032369000400200122062413580000090000030000000378000000037800000000000000000000000000037800000000000000
120323690005002001220624135800000000000000000000000000000000000000000000000378000000000000000000000000000000
07032370000000200122062414010000000000000000100000000000000000
090323700001002001220624140100000000000005250000010000000499I 0100000000000000000000000000000000002990000000000080000000000
090323700002002001220624140100000000000004100000140000000196I 0300000000000000000000000000100000000480000000000030000000000
090323700003002001220624140100000000000005020000030000000300I 0000000000000000000000000000000000000100000000000060000000000
11032370000400200122062414010000090000030000000995000000099500000000000000000000000000099500000000000000
120323700005002001220624140103050000000000000000000000000000000000000000000995000000000000000000000000000000
18032370000600200122062414030100000020000000000000000000000001
18032370000700200122062414030500000100000000000000000000000001
060323700008002001220624140300000100000300000000000000000000000000000000000000000000
07032371000000200122062414120000000000000000100000000000000000
090323710001002001220624141200000000000001090000960000000096000000000000000000000000000000100000001500000000000020000000000
11032371000200200122062414120000090000010000000096000000009600000000000000000000000000009600000000000000
120323710003002001220624141200000000000000000000000000000000000000000000000096000000000000000000000000000000
07032372000000200122062414300000000000000000100000000000000000
090323720001002001220624143000000000000002040015080000000300000000000000000000000000000000100000000500000000000010000000000
11032372000200200122062414300000090000010000000300000000030000000000000000000000000000030000000000000000
120323720003002001220624143003030000000000000000000000000000000000000000000300000000000000000000000000000000
07032373000000200122062414470000000000000000100000000000000000
090323730001002001220624144700000000000002070010840000000378000000000000000000000000000000100000001990000000000010000000000
090323730002002001220624144700000000000002110005580000000334000000000000000000000000000000100000000990000000000010000000000
11032373000300200122062414470000090000020000000712000000071200000000000000000000000000071200000000000000
120323730004002001220624144703100000000000000000000000000000000000000000000712000000000000000000000000000000
07032374000000200122062415140000000000000000100000000000000000
090323740001002001220624151400000000000002220000010000000599000000000000000000000000000000000000001500000000000010000000000
11032374000200200122062415140000090000010000000599000000059900000000000000000000000000200000000014010000
120323740003002001220624151400000000000000000000000000000000000000000000000599000000000000000000000000000000
07032375000000200122062415230000000000000000100000000000000000
090323750001002001220624152300000000000001110004000000000200000000000000000000000000000000100000001990000000000020000000000
090323750002002001220624152300000000000002030007360000000735000000000000000000000000000000100000002990000000000010000000000
090323750003002001220624152300000000000002150000010000000149000000000000000000000000000000000000000500000000000010000000000
090323750004002001220624152300000000000002150000010000000149000000000000000000000000000000000000000500000000000010000000000
11032375000500200122062415230000090000040000001233000000123300000000000000000000000000123300000000000000
120323750006002001220624152300000000000000000000000000000000000000000000001233000000000000000000000000000000
07032376000000200122062415380000000000000000100000000000000000
090323760001002001220624153800000000000002280001480000000148000000000000000000000000000000100000001000000000000010000000000
11032376000200200122062415380000090000010000000148000000014800000000000000000000000000100000000008520000
120323760003002001220624153800000000000000000000000000000000000000000000000148000000000000000000000000000000
07032377000000200122062416000000000000000000100000000000000000
090323770001002001220624160000000000000001020009300000000557000000000000000000000000000000100000001200000000000020000000000
090323770002002001220624160000000000000001130020700000000308000000000000000000000000000000100000001290000000000020000000000
11032377000300200122062416000000090000020000000865000000086500000000000000000000000000500000000041350000
120323770004002001220624160000000000000000000000000000000000000000000000000865000000000000000000000000000000
07032378000000200122062416010000000000000000100000000000000000
090323780001002001220624160100000000000001240000820000000082000000000000000000000000000000100000001670000000000020000000000
11032378000200200122062416010000090000010000000082000000008200000000000000000000000000020000000001180000
120323780003002001220624160100000000000000000000000000000000000000000000000082000000000000000000000000000000
07032379000000200122062416060000000000000000100000000000000000
090323790001002001220624160600000000000001380000010000000699000000000000000000000000000000000000002990000000000020000000000
090323790002002001220624160600000000000001380000010000000699000000000000000000000000000000000000002990000000000020000000000
090323790003002001220624160600000000000002070023460000000819000000000000000000000000000000100000001990000000000010000000000
11032379000400200122062416060000090000030000002217000000221700000000000000000000000000221700000000000000
120323790005002001220624160603030000000000000000000000000000000000000000002217000000000000000000000000000000
07032380000000200122062416130000000000000000100000000000000000
090323800001002001220624161300000000000005080000010000002399I 0100000000000000000000000000000000019000000000000070000000000
090323800002002001220624161300000000000005080000010000002399I 0100000000000000000000000000000000019000000000000070000000000
11032380000300200122062416130000090000020000004798000000479800000000000000000000000000479800000000000000
120323800004002001220624161303030000000000000000000000000000000000000000004798000000000000000000000000000000
07032381000000200122062416180000000000000000100000000000000000
090323810001002001220624161800000000000002270008840000000706000000000000000000000000000000100000003990000000000010000000000
090323810002002001220624161800000000000002180000010000000699000000000000000000000000000000000000002990000000000010000000000
090323810003002001220624161800000000000002110006860000000411000000000000000000000000000000100000000990000000000010000000000
090323810004002001220624161800000000000002040008660000000172000000000000000000000000000000100000000500000000000010000000000
11032381000500200122062416180000090000040000001988000000198800000000000000000000000000198800000000000000
120323810006002001220624161803030000000000000000000000000000000000000000001988000000000000000000000000000000
07032382000000200122062416240000000000000000100000000000000000
090323820001002001220624162400000000000002110005200000000311000000000000000000000000000000100000000990000000000010000000000
090323820002002001220624162400000000000001290021080000000630000000000000000000000000000000100000000250000000000020000000000
090323820003002001220624162400000000000002180000010000000699000000000000000000000000000000000000002990000000000010000000000
090323820004002001220624162400000000000005080000010000002399I 0100000000000000000000000000000000019000000000000070000000000
090323820005002001220624162400000000000001170007100000000283000000000000000000000000000000100000000590000000000020000000000
090323820006002001220624162400000000000001020010380000000622000000000000000000000000000000100000001200000000000020000000000
11032382000700200122062416240000090000060000004944000000494400000000000000000000000000494400000000000000
120323820008002001220624162402010000000000000000000000000000000000090000004944000000000000000000000000000000
100323820009002001220624162401000000000000000900000049440000000000000695000009
07032383000000200122062416330000000000000000100000000000000000
090323830001002001220624163300000000000002050002100000000105000000000000000000000000000000100000000890000000000010000000000
11032383000200200122062416330000090000010000000105000000010500000000000000000000000000010500000000000000
120323830003002001220624163300000000000000000000000000000000000000000000000105000000000000000000000000000000
07032384000000200122062416340000000000000000100000000000000000
090323840001002001220624163400000000000001290021120000000631000000000000000000000000000000100000000250000000000020000000000
090323840002002001220624163400000000000002050002020000000101000000000000000000000000000000100000000890000000000010000000000
11032384000300200122062416340000090000020000000732000000073200000000000000000000000000073200000000000000
120323840004002001220624163402010000000000000000000000000000000000040000000732000000000000000000000000000000
100323840005002001220624163401000000000000000400000007320000000000001193000009
07032385000000200122062416360000000000000000100000000000000000
090323850001002001220624163600000000000005390000010000000649000100000000000000000000000000000000003490000000000080000000000
11032385000200200122062416360000090000010000000649000000064900000000000000000000000000200000000013510000
120323850003002001220624163600000000000000000000000000000000000000000000000649000000000000000000000000000000
07032386000000200122062416470000000000000000100000000000000000
090323860001002001220624164700000000000001020058280000003491000000000000000000000000000000100000001200000000000020000000000
11032386000200200122062416470000090000010000003491000000349100000000000000000000000000400000000005090000
120323860003002001220624164700000000000000000000000000000000000000000000003491000000000000000000000000000000
07032387000000200122062416540000000000000000100000000000000000
090323870001002001220624165400000000000002040004980000000099000000000000000000000000000000100000000500000000000010000000000
090323870002002001220624165400000000000002070015380000000537000000000000000000000000000000100000001990000000000010000000000
090323870003002001220624165400000000000001130027540000000410000000000000000000000000000000100000001290000000000020000000000
11032387000400200122062416540000090000030000001046000000104600000000000000000000000001000000000089540000
120323870005002001220624165400000000000000000000000000000000000000000000001046000000000000000000000000000000
07032388000000200122062416550000000000000000100000000000000000
090323880001002001220624165500000000000001130014460000000215000000000000000000000000000000100000001290000000000020000000000
090323880002002001220624165500000000000011000013860000000692000000000000000000000000000000100000000990000000000020000000000
11032388000300200122062416550000090000020000000907000000090700000000000000000000000000090700000000000000
120323880004002001220624165503090000000000000000000000000000000000000000000907000000000000000000000000000000
07032389000000200122062416570000000000000000100000000000000000
090323890001002001220624165700000000000005250000010000000499I 0100000000000000000000000000000000002990000000000080000000000
090323890002002001220624165700000000000001130011560000000172000000000000000000000000000000100000001290000000000020000000000
090323890003002001220624165700000000000001290004540000000136000000000000000000000000000000100000000250000000000020000000000
090323890004002001220624165700000000000001090001840000000184000000000000000000000000000000100000001500000000000020000000000
090323890005002001220624165700000000000001150002720000000163000000000000000000000000000000100000001000000000000020000000000
090323890006002001220624165700000000000001380000010000000699000000000000000000000000000000000000002990000000000020000000000
11032389000700200122062416570000090000060000001853000000185300000000000000000000000000200000000001470000
120323890008002001220624165700000000000000000000000000000000000000000000001853000000000000000000000000000000
07032390000000200122062416590000000000000000100000000000000000
090323900001002001220624165900000000000001130017520000000261000000000000000000000000000000100000001290000000000020000000000
090323900002002001220624165900000000000002040005940000000118000000000000000000000000000000100000000500000000000010000000000
090323900003002001220624165900000000000001290003380000000101000000000000000000000000000000100000000250000000000020000000000
11032390000400200122062416590000090000030000000480000000048000000000000000000000000000048000000000000000
120323900005002001220624165900000000000000000000000000000000000000000000000480000000000000000000000000000000
07032391000000200122062417070000000000000000100000000000000000
090323910001002001220624170700000000000002110007360000000441000000000000000000000000000000100000000990000000000010000000000
090323910002002001220624170700000000000002070008560000000299000000000000000000000000000000100000001990000000000010000000000
090323910003002001220624170700000000000003200000010000002000000000000000000000000000000000000000000000000000000050000000000
090323910004002001220624170700000000000003200000010000002000000000000000000000000000000000000000000000000000000050000000000
11032391000500200122062417070000090000040000004740000000474000000000000000000000000000474000000000000000
120323910006002001220624170703100000000000000000000000000000000000000000004740000000000000000000000000000000
07032392000000200122062417100000000000000000100000000000000000
090323920001002001220624171000000000000002220000010000000599000000000000000000000000000000000000001500000000000010000000000
090323920002002001220624171000000000000002220000010000000599000000000000000000000000000000000000001500000000000010000000000
090323920003002001220624171000000000000002040018740000000373000000000000000000000000000000100000000500000000000010000000000
11032392000400200122062417100000090000030000001571000000157100000000000000000000000000157100000000000000
120323920005002001220624171002010000000000000000000000000000000000040000001571000000000000000000000000000000
100323920006002001220624171001000000000000000400000015710000000000001194000009
07032393000000200122062417120000000000000000100000000000000000
090323930001002001220624171200000000000002040012260000000244000000000000000000000000000000100000000500000000000010000000000
090323930002002001220624171200000000000003250000010000000099000000000000000000000000000000000000000790000000000040000000000
090323930003002001220624171200000000000003250000010000000099000000000000000000000000000000000000000790000000000040000000000
11032393000400200122062417120000090000030000000442000000044200000000000000000000000000100000000005580000
120323930005002001220624171200000000000000000000000000000000000000000000000442000000000000000000000000000000
07032394000000200122062417160000000000000000100000000000000000
090323940001002001220624171600000000000001060002520000000126000000000000000000000000000000100000001500000000000020000000000
090323940002002001220624171600000000000001010006300000000440000000000000000000000000000000100000000500000000000020000000000
090323940003002001220624171600000000000001290002880000000086000000000000000000000000000000100000000250000000000020000000000
11032394000400200122062417160000090000030000000652000000065200000000000000000000000000100000000003480000
120323940005002001220624171600000000000000000000000000000000000000000000000652000000000000000000000000000000
07032395000000200122062417180000000000000000100000000000000000
090323950001002001220624171800000000000002220000010000000599000000000000000000000000000000000000001500000000000010000000000
11032395000200200122062417180000090000010000000599000000059900000000000000000000000000059900000000000000
120323950003002001220624171802010000000000000000000000000000000000040000000599000000000000000000000000000000
100323950004002001220624171801000000000000000400000005990000000000001195000009
07032396000000200122062417320000000000000000100000000000000000
090323960001002001220624173200000000000001020015120000000906000000000000000000000000000000100000001200000000000020000000000
090323960002002001220624173200000000000002010008580000000428000000000000000000000000000000100000000990000000000010000000000
11032396000300200122062417320000090000020000001334000000133400000000000000000000000000200000000006660000
120323960004002001220624173200000000000000000000000000000000000000000000001334000000000000000000000000000000
07032397000000200122062417360000000000000000100000000000000000
090323970001002001220624173600000000000002050011200000000559000000000000000000000000000000100000000890000000000010000000000
11032397000200200122062417360000090000010000000559000000055900000000000000000000000000055900000000000000
120323970003002001220624173603010000000000000000000000000000000000000000000559000000000000000000000000000000
07032398000000200122062417390000000000000000100000000000000000
090323980001002001220624173900000000000001290012460000000373000000000000000000000000000000100000000250000000000020000000000
090323980002002001220624173900000000000002130009480000000189000000000000000000000000000000100000001400000000000010000000000
090323980003002001220624173900000000000002150000040000000596000000000000000000000000000000000000000500000000000010000000000
11032398000400200122062417390000090000030000001158000000115800000000000000000000000000115800000000000000
120323980005002001220624173903030000000000000000000000000000000000000000001158000000000000000000000000000000
07032399000000200122062417560000000000000000100000000000000000
090323990001002001220624175600000000000002130013680000000272000000000000000000000000000000100000001400000000000010000000000
090323990002002001220624175600000000000001130014680000000219000000000000000000000000000000100000001290000000000020000000000
090323990003002001220624175600000000000001290009540000000285000000000000000000000000000000100000000250000000000020000000000
090323990004002001220624175600000000000001050003160000000189000000000000000000000000000000100000000500000000000020000000000
090323990005002001220624175600000000000001070001000000000350000000000000000000000000000000100000005000000000000020000000000
090323990006002001220624175600000000000001090000880000000088000000000000000000000000000000100000001500000000000020000000000
090323990007002001220624175600000000000002110008520000000510000000000000000000000000000000100000000990000000000010000000000
090323990008002001220624175600000000000002080017220000000687000000000000000000000000000000100000000500000000000010000000000
090323990009002001220624175600000000000002070013920000000486000000000000000000000000000000100000001990000000000010000000000
090323990010002001220624175600000000000005020000040000000400I 0000000000000000000000000000000000000100000000000060000000000
11032399001100200122062417560000090000100000003486000000348600000000000000000000000000348600000000000000
120323990012002001220624175603050000000000000000000000000000000000000000003486000000000000000000000000000000
07032400000000200122062418300000000000000000100000000000000000
090324000001002001220624183000000000000002040004500000000090000000000000000000000000000000100000000500000000000010000000000
11032400000200200122062418300000090000010000000090000000009000000000000000000000000000020000000001100000
120324000003002001220624183000000000000000000000000000000000000000000000000090000000000000000000000000000000
07032401000000200122062418340000000000000000100000000000000000
090324010001002001220624183400000000000002050005000000000250000000000000000000000000000000100000000890000000000010000000000
11032401000200200122062418340000090000010000000250000000025000000000000000000000000000025000000000000000
120324010003002001220624183403100000000000000000000000000000000000000000000250000000000000000000000000000000
07032402000000200122062418440000000000000000100000000000000000
090324020001002001220624184400000000000001150002180000000131000000000000000000000000000000100000001000000000000020000000000
090324020002002001220624184400000000000002270015800000001262000000000000000000000000000000100000003990000000000010000000000
090324020003002001220624184400000000000001060001820000000091000000000000000000000000000000100000001500000000000020000000000
090324020004002001220624184400000000000002040008020000000160000000000000000000000000000000100000000500000000000010000000000
11032402000500200122062418440000090000040000001644000000164400000000000000000000000000164400000000000000
120324020006002001220624184403040000000000000000000000000000000000000000001644000000000000000000000000000000
07032403000000200122062419180000000000000000100000000000000000
090324030001002001220624191800000000000001290012400000000371000000000000000000000000000000100000000250000000000020000000000
090324030002002001220624191800000000000001050006500000000389000000000000000000000000000000100000000500000000000020000000000
090324030003002001220624191800000000000020800039880000000395000000000000000000000000000000100000000500000000000010000000000
090324030004002001220624191800000000000002070011300000000394000000000000000000000000000000100000001990000000000010000000000
11032403000500200122062419180000090000040000001549000000154900000000000000000000000000154900000000000000
120324030006002001220624191803060000000000000000000000000000000000000000001549000000000000000000000000000000
07032404000000200122062419210000000000000000100000000000000000
090324040001002001220624192100000000000002150000010000000149000000000000000000000000000000000000000500000000000010000000000
090324040002002001220624192100000000000002150000010000000149000000000000000000000000000000000000000500000000000010000000000
090324040003002001220624192100000000000002150000010000000149000000000000000000000000000000000000000500000000000010000000000
090324040004002001220624192100000000000002150000010000000149000000000000000000000000000000000000000500000000000010000000000
090324040005002001220624192100000000000002040008080000000161000000000000000000000000000000100000000500000000000010000000000
090324040006002001220624192100000000000001150005820000000349000000000000000000000000000000100000001000000000000020000000000
11032404000700200122062419210000090000060000001106000000110600000000000000000000000000110600000000000000
120324040008002001220624192100000000000000000000000000000000000000000000001106000000000000000000000000000000
07032405000000200122062419210000000000000000100000000000000000
090324050001002001220624192100000000000002050003580000000179000000000000000000000000000000100000000890000000000010000000000
11032405000200200122062419210000090000010000000179000000017900000000000000000000000000020000000000210000
120324050003002001220624192100000000000000000000000000000000000000000000000179000000000000000000000000000000
07032406000000200122062419440000000000000000100000000000000000
090324060001002001220624194400000000000001130011780000000176000000000000000000000000000000100000001290000000000020000000000
090324060002002001220624194400000000000001290003840000000115000000000000000000000000000000100000000250000000000020000000000
11032406000300200122062419440000090000020000000291000000029100000000000000000000000000100000000007090000
120324060004002001220624194400000000000000000000000000000000000000000000000291000000000000000000000000000000
07032407000000200122062419520000000000000000100000000000000000
090324070001002001220624195200000000000001020008880000000532000000000000000000000000000000100000001200000000000020000000000
090324070002002001220624195200000000000020800004780000000047000000000000000000000000000000100000000500000000000010000000000
090324070003002001220624195200000000000001250003240000000129I 0000000000000000000000000000100000000530000000000020000000000
090324070004002001220624195200000000000005020000010000000100I 0000000000000000000000000000000000000100000000000060000000000
090324070005002001220624195200000000000002050007040000000351000000000000000000000000000000100000000890000000000010000000000
11032407000600200122062419520000090000050000001159000000115900000000000000000000000000120000000000410000
120324070007002001220624195200000000000000000000000000000000000000000000001159000000000000000000000000000000
07032408000000200122062420000000000000000000100000000000000000
090324080001002001220624200000000000000001020012520000000750000000000000000000000000000000100000001200000000000020000000000
11032408000200200122062420000000090000010000000750000000075000000000000000000000000000075000000000000000
120324080003002001220624200000000000000000000000000000000000000000000000000750000000000000000000000000000000
07032409000000200122062420020000000000000000100000000000000000
090324090001002001220624200200000000000001180002160000000108000000000000000000000000000000100000001000000000000020000000000
11032409000200200122062420020000090000010000000108000000010800000000000000000000000000010800000000000000
120324090003002001220624200200000000000000000000000000000000000000000000000108000000000000000000000000000000
07032410000000200122062420050000000000000000100000000000000000
090324100001002001220624200500000000000001110005920000000295000000000000000000000000000000100000001990000000000020000000000
090324100002002001220624200500000000000001020012440000000745000000000000000000000000000000100000001200000000000020000000000
090324100003002001220624200500000000000001070001020000000357000000000000000000000000000000100000005000000000000020000000000
090324100004002001220624200500000000000001050004540000000272000000000000000000000000000000100000000500000000000020000000000
090324100005002001220624200500000000000001060009400000000469000000000000000000000000000000100000001500000000000020000000000
090324100006002001220624200500000000000001270007660000000306000000000000000000000000000000100000000250000000000020000000000
090324100007002001220624200500000000000002010016860000000841000000000000000000000000000000100000000990000000000010000000000
090324100008002001220624200500000000000002070012720000000444000000000000000000000000000000100000001990000000000010000000000
090324100009002001220624200500000000000001080008700000000608000000000000000000000000000000100000001000000000000020000000000
11032410001000200122062420050000090000090000004337000000433700000000000000000000000000500000000006630000
120324100011002001220624200500000000000000000000000000000000000000000000004337000000000000000000000000000000
07032411000000200122062420580000000000000000100000000000000000
090324110001002001220624205800000000000001150004960000000297000000000000000000000000000000100000001000000000000020000000000
090324110002002001220624205800000000000002040003980000000079000000000000000000000000000000100000000500000000000010000000000
090324110003002001220624205800000000000001210000010000000599000000000000000000000000000000000000001000000000000020000000000
090324110004002001220624205800000000000003110000010000000599000000000000000000000000000000000000001000000000000040000000000
090324110005002001220624205800000000000001060004660000000233000000000000000000000000000000100000001500000000000020000000000
090324110006002001220624205800000000000001010005380000000376000000000000000000000000000000100000000500000000000020000000000
11032411000700200122062420580000090000060000002183000000218300000000000000000000000000220000000000170000
120324110008002001220624205800000000000000000000000000000000000000000000002183000000000000000000000000000000
060324110009002001220624205900000100000300000000000000000000000000000000000000000000
18032411001000200122062421000100000045000000000000000000000001
18032411001100200122062421000200000025000000000000000000000001
0403241200000020012206242100000001032263032412000000377617480000003796555822062400001959310000000000000000000000000053270001000000000000000000000000000000000000000000000000000000000000000000000000000000001234567890AB        
