01035273000000200115072407060000010000016000000000413551681.82G5E   1234567890AB        Generica            
02035273000100200115072407060000010000090000000000
07035274000000200115072407250000000000000000100000000000000000
090352740001002001150724072500000000000002130011760000000352000000000000000000000000000000100000001400000000000010000000000
090352740002002001150724072500000000000001050009440000000565000000000000000000000000000000100000000500000000000020000000000
090352740003002001150724072500000000000003050000010000000199000000000000000000000000000000000000000700000000000040000000000
090352740004002001150724072500000000000003050000010000000199000000000000000000000000000000000000000700000000000040000000000
11035274000500200115072407250000090000040000001315000000131500000000000000000000000000131500000000000000
120352740006002001150724072500000000000000000000000000000000000000000000001315000000000000000000000000000000
07035275000000200115072407290000000000000000100000000000000000
090352750001002001150724072900000000000001090005140000000256000000000000000000000000000000100000001500000000000020000000000
090352750002002001150724072900000000000001060003540000000141000000000000000000000000000000100000001500000000000020000000000
090352750003002001150724072900000000000002040003580000000125000000000000000000000000000000100000000500000000000010000000000
090352750004002001150724072900000000000003030000010000000049000000000000000000000000000000000000000250000000000040000000000
090352750005002001150724072900000000000003030000010000000049000000000000000000000000000000000000000250000000000040000000000
090352750006002001150724072900000000000003030000010000000049000000000000000000000000000000000000000250000000000040000000000
11035275000700200115072407290000090000060000000669000000066900000000000000000000000000066900000000000000
120352750008002001150724072900000000000000000000000000000000000000000000000669000000000000000000000000000000
07035276000000200115072407390000000000000000100000000000000000
090352760001002001150724073900000000000001010011400000000911000000000000000000000000000000100000000500000000000020000000000
090352760002002001150724073900000000000001080005460000000272000000000000000000000000000000100000001000000000000020000000000
090352760003002001150724073900000000000001050005700000000341000000000000000000000000000000100000000500000000000020000000000
11035276000400200115072407390000090000030000001524000000152400000000000000000000000000152400000000000000
120352760005002001150724073900000000000000000000000000000000000000000000001524000000000000000000000000000000
07035277000000200115072407450000000000000000100000000000000000
090352770001002001150724074500000000000011000012100000000604000000000000000000000000000000100000000990000000000020000000000
090352770002002001150724074500000000000003250000040000000396000000000000000000000000000000000000000790000000000040000000000
11035277000300200115072407450000090000020000001000000000100000000000000000000000000000100000000000000000
120352770004002001150724074500000000000000000000000000000000000000000000001000000000000000000000000000000000
07035278000000200115072408160000000000000000100000000000000000
090352780001002001150724081600000000000002070006580000000295000000000000000000000000000000100000001990000000000010000000000
090352780002002001150724081600000000000002150000010000000149000000000000000000000000000000000000000500000000000010000000000
090352780003002001150724081600000000000003250000010000000099000000000000000000000000000000000000000790000000000040000000000
11035278000400200115072408160000090000030000000543000000054300000000000000000000000000054300000000000000
120352780005002001150724081603050000000000000000000000000000000000000000000543000000000000000000000000000000
