01036480000000200125072407240000010000014000000000428568351.82G5E   1234567890AB        Generica            
02036480000100200125072407240000010000090000000000
07036481000000200125072407310000000000000000100000000000000000
090364810001002001250724073100000000000001170029960000000896000000000000000000000000000000100000000590000000000020000000000
090364810002002001250724073100000000000003200000010000001599000000000000000000000000000000000000000000000000000050000000000
11036481000300200125072407310000090000020000002495000000249500000000000000000000000000249500000000000000
120364810004002001250724073103010000000000000000000000000000000000000000002495000000000000000000000000000000
07036482000000200125072407370000000000000000100000000000000000
090364820001002001250724073700000000000001120007240000000361000000000000000000000000000000100000001000000000000020000000000
090364820002002001250724073700000000000001060009220000000368000000000000000000000000000000100000001500000000000020000000000
090364820003002001250724073700000000000001020014880000000743000000000000000000000000000000100000001200000000000020000000000
090364820004002001250724073700000000000001050009680000000580000000000000000000000000000000100000000500000000000020000000000
090364820005002001250724073700000000000001290009140000000228000000000000000000000000000000100000000250000000000020000000000
090364820006002001250724073700000000000003250000010000000099000000000000000000000000000000000000000790000000000040000000000
090364820007002001250724073700000000000002040004400000000132000000000000000000000000000000100000000500000000000010000000000
090364820008002001250724073700000000000001070002040000000714000000000000000000000000000000100000005000000000000020000000000
11036482000900200125072407370000090000080000003225000000322500000000000000000000000000322500000000000000
120364820010002001250724073703010000000000000000000000000000000000000000003225000000000000000000000000000000
07036483000000200125072407590000000000000000100000000000000000
090364830001002001250724075900000000000003250000070000000693000000000000000000000000000000000000000790000000000040000000000
090364830002002001250724075900000000000001250012540000000375I 0000000000000000000000000000100000000530000000000020000000000
090364830003002001250724075900000000000003250000020000000198000000000000000000000000000000000000000790000000000040000000000
090364830004002001250724075900000000000001290004520000000113000000000000000000000000000000100000000250000000000020000000000
11036483000500200125072407590000090000040000001379000000137900000000000000000000000000500000000036210000
120364830006002001250724075900000000000000000000000000000000000000000000001379000000000000000000000000000000
