01034205000000200106072407140000010000008000000000400807521.82G5E   1234567890AB        Generica            
02034205000100200106072407140000010000090000000000
07034206000000200106072407220000000000000000100000000000000000
090342060001002001060724072200000000000002260003120000000280000000000000000000000000000000100000002000000000000010000000000
11034206000200200106072407220000090000010000000280000000028000000000000000000000000000028000000000000000
120342060003002001060724072200000000000000000000000000000000000000000000000280000000000000000000000000000000
07034207000000200106072407450000000000000000100000000000000000
090342070001002001060724074500000000000001130014700000000293000000000000000000000000000000100000001290000000000020000000000
11034207000200200106072407450000090000010000000293000000029300000000000000000000000000029300000000000000
120342070003002001060724074500000000000000000000000000000000000000000000000293000000000000000000000000000000
07034208000000200106072407570000000000000000100000000000000000
090342080001002001060724075700000000000002080013420000000535000000000000000000000000000000100000000500000000000010000000000
11034208000200200106072407570000090000010000000535000000053500000000000000000000000000053500000000000000
120342080003002001060724075700000000000000000000000000000000000000000000000535000000000000000000000000000000
07034209000000200106072408010000000000000000100000000000000000
090342090001002001060724080100000000000001130064800000001290000000000000000000000000000000100000001290000000000020000000000
090342090002002001060724080100000000000001130069350000001380000000000000000000000000000000100000001290000000000020000000000
090342090003002001060724080100000000000003250000030000000297000000000000000000000000000000000000000790000000000040000000000
090342090004002001060724080100000000000003020000010000000150000000000000000000000000000000000000000500000000000030000000000
090342090005002001060724080100000000000001290028500000000995000000000000000000000000000000100000000250000000000020000000000
11034209000600200106072408010000090000050000004112000000411200000000000000000000000000500000000008880000
120342090007002001060724080100000000000000000000000000000000000000000000004112000000000000000000000000000000
07034210000000200106072408190000000000000000100000000000000000
090342100001002001060724081900000000000001290013660000000477000000000000000000000000000000100000000250000000000020000000000
090342100002002001060724081900000000000001050012720000000889000000000000000000000000000000100000000500000000000020000000000
090342100003002001060724081900000000000005020000540000005400I 0000000000000000000000000000000000000100000000000060000000000
090342100004002001060724081900000000000002050006800000000407000000000000000000000000000000100000000890000000000010000000000
090342100005002001060724081900000000000003250000040000000396000000000000000000000000000000000000000790000000000040000000000
11034210000600200106072408190000090000050000007569000000756900000000000000000000000000756900000000000000
120342100007002001060724081900000000000000000000000000000000000000000000007569000000000000000000000000000000
07034211000000200106072408240000000000000000100000000000000000
090342110001002001060724082400000000000001060031120000001553000000000000000000000000000000100000001500000000000020000000000
11034211000200200106072408240000090000010000001553000000155300000000000000000000000000155300000000000000
120342110003002001060724082403010000000000000000000000000000000000000000001553000000000000000000000000000000
07034212000000200106072408290000000000000000100000000000000000
090342120001002001060724082900000000000001260002820000000141000000000000000000000000000000100000000500000000000020000000000
090342120002002001060724082900000000000002110010340000000619000000000000000000000000000000100000000990000000000010000000000
090342120003002001060724082900000000000001290003040000000091000000000000000000000000000000100000000250000000000020000000000
090342120004002001060724082900000000000003250000020000000198000000000000000000000000000000000000000790000000000040000000000
090342120005002001060724082900000000000011000002400000000120000000000000000000000000000000100000000990000000000020000000000
11034212000600200106072408290000090000050000001169000000116900000000000000000000000000116900000000000000
120342120007002001060724082903010000000000000000000000000000000000000000001169000000000000000000000000000000
07034213000000200106072408370000000000000000100000000000000000
090342130001002001060724083700000000000001290005440000000163000000000000000000000000000000100000000250000000000020000000000
090342130002002001060724083700000000000003250000020000000198000000000000000000000000000000000000000790000000000040000000000
090342130003002001060724083700000000000003250000010000000099000000000000000000000000000000000000000790000000000040000000000
11034213000400200106072408370000090000030000000460000000046000000000000000000000000000046000000000000000
120342130005002001060724083700000000000000000000000000000000000000000000000460000000000000000000000000000000
07034214000000200106072408450000000000000000100000000000000000
090342140001002001060724084500000000000001040011940000001073000000000000000000000000000000100000002000000000000020000000000
11034214000200200106072408450000090000010000001073000000107300000000000000000000000000107300000000000000
120342140003002001060724084503010000000000000000000000000000000000000000001073000000000000000000000000000000
07034215000000200106072408450000000000000000100000000000000000
090342150001002001060724084500000000000001010007200000000719000000000000000000000000000000100000000500000000000020000000000
090342150002002001060724084500000000000003250000010000000099000000000000000000000000000000000000000790000000000040000000000
11034215000300200106072408450000090000020000000818000000081800000000000000000000000000100000000001820000
120342150004002001060724084500000000000000000000000000000000000000000000000818000000000000000000000000000000
07034216000000200106072408490000000000000000100000000000000000
090342160001002001060724084900000000000001050002720000000190000000000000000000000000000000100000000500000000000020000000000
11034216000200200106072408490000090000010000000190000000019000000000000000000000000000019000000000000000
120342160003002001060724084900000000000000000000000000000000000000000000000190000000000000000000000000000000
07034217000000200106072408530000000000000000100000000000000000
090342170001002001060724085300000000000002080005060000000202000000000000000000000000000000100000000500000000000010000000000
11034217000200200106072408530000090000010000000202000000020200000000000000000000000000020200000000000000
120342170003002001060724085300000000000000000000000000000000000000000000000202000000000000000000000000000000
07034218000000200106072408530000000000000000100000000000000000
090342180001002001060724085300000000000001020024740000001235000000000000000000000000000000100000001200000000000020000000000
090342180002002001060724085300000000000003250000010000000099000000000000000000000000000000000000000790000000000040000000000
11034218000300200106072408530000090000020000001334000000133400000000000000000000000000133400000000000000
120342180004002001060724085303060000000000000000000000000000000000000000001334000000000000000000000000000000
07034219000000200106072408590000000000000000100000000000000000
090342190001002001060724085900000000000002010017960000000537000000000000000000000000000000100000000990000000000010000000000
090342190002002001060724085900000000000002070010460000000417000000000000000000000000000000100000001990000000000010000000000
090342190003002001060724085900000000000002230004160000000624000000000000000000000000000000100000004980000000000010000000000
090342190004002001060724085900000000000002090009940000001490000000000000000000000000000000100000004720000000000010000000000
11034219000500200106072408590000090000040000003068000000306800000000000000000000000000500000000019320000
120342190006002001060724085900000000000000000000000000000000000000000000003068000000000000000000000000000000
07034220000000200106072409070000000000000000100000000000000000
090342200001002001060724090700000000000002070007420000000296000000000000000000000000000000100000001990000000000010000000000
090342200002002001060724090700000000000005080000010000002399I 0100000000000000000000000000000000019000000000000070000000000
090342200003002001060724090700000000000003250000030000000297000000000000000000000000000000000000000790000000000040000000000
090342200004002001060724090700000000000003110000010000000499000000000000000000000000000000000000001000000000000040000000000
090342200005002001060724090700000000000002050010640000000637000000000000000000000000000000100000000890000000000010000000000
090342200006002001060724090700000000000002150000050000000745000000000000000000000000000000000000000500000000000010000000000
090342200007002001060724090700000000000005020000100000001000I 0000000000000000000000000000000000000100000000000060000000000
11034220000800200106072409070000090000070000005873000000587300000000000000000000000000587300000000000000
120342200009002001060724090703010000000000000000000000000000000000000000005873000000000000000000000000000000
07034221000000200106072409200000000000000000100000000000000000
090342210001002001060724092000000000000002070012000000000479000000000000000000000000000000100000001990000000000010000000000
11034221000200200106072409200000090000010000000479000000047900000000000000000000000000047900000000000000
120342210003002001060724092003010000000000000000000000000000000000000000000479000000000000000000000000000000
07034222000000200106072409270000000000000000100000000000000000
090342220001002001060724092700000000000001180001700000000068000000000000000000000000000000100000001000000000000020000000000
11034222000200200106072409270000090000010000000068000000006800000000000000000000000000006800000000000000
120342220003002001060724092700000000000000000000000000000000000000000000000068000000000000000000000000000000
07034223000000200106072409280000000000000000100000000000000000
090342230001002001060724092800000000000001080009400000000375000000000000000000000000000000100000001000000000000020000000000
090342230002002001060724092800000000000003010000010000000900000000000000000000000000000000000000006000000000000050000000000
090342230003002001060724092800000000000002010019120000000572000000000000000000000000000000100000000990000000000010000000000
11034223000400200106072409280000090000030000001847000000184700000000000000000000000000184700000000000000
120342230005002001060724092803010000000000000000000000000000000000000000001847000000000000000000000000000000
07034224000000200106072409310000000000000000100000000000000000
090342240001002001060724093100000000000001290010280000000307000000000000000000000000000000100000000250000000000020000000000
090342240002002001060724093100000000000001250011380000000454I 0000000000000000000000000000100000000530000000000020000000000
090342240003002001060724093100000000000001050010080000000705000000000000000000000000000000100000000500000000000020000000000
090342240004002001060724093100000000000001060006360000000317000000000000000000000000000000100000001500000000000020000000000
090342240005002001060724093100000000000001310000010000000599000000000000000000000000000000000000002500000000000020000000000
090342240006002001060724093100000000000003250000030000000297000000000000000000000000000000000000000790000000000040000000000
090342240007002001060724093100000000000006190000010000000500000000000000000000000000000000000000000000000000000060000000000
11034224000800200106072409310000090000070000003179000000317900000000000000000000000000317900000000000000
120342240009002001060724093103110000000000000000000000000000000000000000003179000000000000000000000000000000
07034225000000200106072409340000000000000000100000000000000000
090342250001002001060724093400000000000003200000010000002000000000000000000000000000000000000000000000000000000050000000000
090342250002002001060724093400000000000001020009260000000462000000000000000000000000000000100000001200000000000020000000000
11034225000300200106072409340000090000020000002462000000246200000000000000000000000000246200000000000000
120342250004002001060724093403050000000000000000000000000000000000000000002462000000000000000000000000000000
07034226000000200106072409490000000000000000100000000000000000
090342260001002001060724094900000000000001130023140000000460000000000000000000000000000000100000001290000000000020000000000
090342260002002001060724094900000000000002070013580000000542000000000000000000000000000000100000001990000000000010000000000
090342260003002001060724094900000000000005220000010000002299I 0100000000000000000000000000000000018500000000000070000000000
11034226000400200106072409490000090000030000003301000000330100000000000000000000000000330100000000000000
120342260005002001060724094903010000000000000000000000000000000000000000003301000000000000000000000000000000
07034227000000200106072409540000000000000000100000000000000000
090342270001002001060724095400000000000003250000030000000297000000000000000000000000000000000000000790000000000040000000000
090342270002002001060724095400000000000002150000030000000447000000000000000000000000000000000000000500000000000010000000000
090342270003002001060724095400000000000002070011900000000475000000000000000000000000000000100000001990000000000010000000000
11034227000400200106072409540000090000030000001219000000121900000000000000000000000000121900000000000000
120342270005002001060724095403010000000000000000000000000000000000000000001219000000000000000000000000000000
07034228000000200106072409560000000000000000100000000000000000
090342280001002001060724095600000000000002070007840000000313000000000000000000000000000000100000001990000000000010000000000
090342280002002001060724095600000000000001080010240000000409000000000000000000000000000000100000001000000000000020000000000
090342280003002001060724095600000000000001160011620000000231000000000000000000000000000000100000000670000000000020000000000
090342280004002001060724095600000000000002150000020000000298000000000000000000000000000000000000000500000000000010000000000
11034228000500200106072409560000090000040000001251000000125100000000000000000000000000125100000000000000
120342280006002001060724095603050000000000000000000000000000000000000000001251000000000000000000000000000000
07034229000000200106072410000000000000000000100000000000000000
090342290001002001060724100000000000000001060003220000000161000000000000000000000000000000100000001500000000000020000000000
090342290002002001060724100000000000000001120000740000000052000000000000000000000000000000100000001000000000000020000000000
090342290003002001060724100000000000000001040001160000000104000000000000000000000000000000100000002000000000000020000000000
090342290004002001060724100000000000000001110001380000000110000000000000000000000000000000100000001990000000000020000000000
090342290005002001060724100000000000000002250004980000000547000000000000000000000000000000100000002670000000000010000000000
090342290006002001060724100000000000000002070005800000000231000000000000000000000000000000100000001990000000000010000000000
090342290007002001060724100000000000000001080001460000000058000000000000000000000000000000100000001000000000000020000000000
090342290008002001060724100000000000000003250000020000000198000000000000000000000000000000000000000790000000000040000000000
090342290009002001060724100000000000000003250000010000000099000000000000000000000000000000000000000790000000000040000000000
11034229001000200106072410000000090000090000001560000000156000000000000000000000000000156000000000000000
120342290011002001060724100003010000000000000000000000000000000000000000001560000000000000000000000000000000
07034230000000200106072410020000000000000000100000000000000000
090342300001002001060724100200000000000001020075500000003767000000000000000000000000000000100000001200000000000020000000000
090342300002002001060724100200000000000001020051400000002565000000000000000000000000000000100000001200000000000020000000000
11034230000300200106072410020000090000020000006332000000633200000000000000000000000000633200000000000000
120342300004002001060724100203050000000000000000000000000000000000000000006332000000000000000000000000000000
07034231000000200106072410100000000000000000100000000000000000
090342310001002001060724101000000000000001150006740000000539000000000000000000000000000000100000001000000000000020000000000
090342310002002001060724101000000000000002080012580000000502000000000000000000000000000000100000000500000000000010000000000
11034231000300200106072410100000090000020000001041000000104100000000000000000000000000104100000000000000
120342310004002001060724101000000000000000000000000000000000000000000000001041000000000000000000000000000000
07034232000000200106072410190000000000000000100000000000000000
090342320001002001060724101900000000000001020003560000000178000000000000000000000000000000100000001200000000000020000000000
090342320002002001060724101900000000000003250000010000000099000000000000000000000000000000000000000790000000000040000000000
090342320003002001060724101900000000000001290007140000000213000000000000000000000000000000100000000250000000000020000000000
090342320004002001060724101900000000000020500005280000000158000000000000000000000000000000100000000490000000000010000000000
090342320005002001060724101900000000000005020000010000000100I 0000000000000000000000000000000000000100000000000060000000000
11034232000600200106072410190000090000050000000748000000074800000000000000000000000000074800000000000000
120342320007002001060724101900000000000000000000000000000000000000000000000748000000000000000000000000000000
07034233000000200106072410210000000000000000100000000000000000
090342330001002001060724102100000000000002170000010000001099000000000000000000000000000000000000006500000000000010000000000
090342330002002001060724102100000000000002190000030000002697000000000000000000000000000000000000002250000000000010000000000
090342330003002001060724102100000000000005080000010000002399I 0100000000000000000000000000000000019000000000000070000000000
11034233000400200106072410210000090000030000006195000000619500000000000000000000000000619500000000000000
120342330005002001060724102103100000000000000000000000000000000000000000006195000000000000000000000000000000
07034234000000200106072410250000000000000000100000000000000000
090342340001002001060724102500000000000001080003840000000153000000000000000000000000000000100000001000000000000020000000000
090342340002002001060724102500000000000002250004180000000459000000000000000000000000000000100000002670000000000010000000000
090342340003002001060724102500000000000003110000020000000998000000000000000000000000000000000000001000000000000040000000000
090342340004002001060724102500000000000001210000010000000799000000000000000000000000000000000000001000000000000020000000000
090342340005002001060724102500000000000011000007120000000355000000000000000000000000000000100000000990000000000020000000000
090342340006002001060724102500000000000001180005400000000215000000000000000000000000000000100000001000000000000020000000000
11034234000700200106072410250000090000060000002979000000297900000000000000000000000000297900000000000000
120342340008002001060724102503100000000000000000000000000000000000000000002979000000000000000000000000000000
07034235000000200106072410260000000000000000100000000000000000
090342350001002001060724102600000000000003250000010000000099000000000000000000000000000000000000000790000000000040000000000
090342350002002001060724102600000000000001090000580000000046000000000000000000000000000000100000001500000000000020000000000
090342350003002001060724102600000000000001080003820000000152000000000000000000000000000000100000001000000000000020000000000
090342350004002001060724102600000000000001040001300000000117000000000000000000000000000000100000002000000000000020000000000
11034235000500200106072410260000090000040000000414000000041400000000000000000000000000041400000000000000
120342350006002001060724102603010000000000000000000000000000000000000000000414000000000000000000000000000000
07034236000000200106072410280000000000000000100000000000000000
090342360001002001060724102800000000000001060002460000000123000000000000000000000000000000100000001500000000000020000000000
090342360002002001060724102800000000000001110001880000000150000000000000000000000000000000100000001990000000000020000000000
090342360003002001060724102800000000000003250000030000000297000000000000000000000000000000000000000790000000000040000000000
090342360004002001060724102800000000000002190000010000000899000000000000000000000000000000000000002250000000000010000000000
11034236000500200106072410280000090000040000001469000000146900000000000000000000000000146900000000000000
120342360006002001060724102803050000000000000000000000000000000000000000001469000000000000000000000000000000
07034237000000200106072410290000000000000000100000000000000000
090342370001002001060724102900000000000002480017520000000874000000000000000000000000000000100000001000000000000010000000000
090342370002002001060724102900000000000002150000010000000149000000000000000000000000000000000000000500000000000010000000000
11034237000300200106072410290000090000020000001023000000102300000000000000000000000000102300000000000000
120342370004002001060724102900000000000000000000000000000000000000000000001023000000000000000000000000000000
07034238000000200106072410290000000000000000100000000000000000
090342380001002001060724102900000000000003020000010000000150000000000000000000000000000000000000000500000000000030000000000
090342380002002001060724102900000000000001070000880000000308000000000000000000000000000000100000005000000000000020000000000
090342380003002001060724102900000000000001060003080000000154000000000000000000000000000000100000001500000000000020000000000
11034238000400200106072410290000090000030000000612000000061200000000000000000000000000200000000013880000
120342380005002001060724102900000000000000000000000000000000000000000000000612000000000000000000000000000000
07034239000000200106072410300000000000000000100000000000000000
090342390001002001060724103000000000000002010014200000000425000000000000000000000000000000100000000990000000000010000000000
090342390002002001060724103000000000000001130021500000000428000000000000000000000000000000100000001290000000000020000000000
090342390003002001060724103000000000000003250000020000000198000000000000000000000000000000000000000790000000000040000000000
11034239000400200106072410300000090000030000001051000000105100000000000000000000000000105100000000000000
120342390005002001060724103003050000000000000000000000000000000000000000001051000000000000000000000000000000
07034240000000200106072410320000000000000000100000000000000000
090342400001002001060724103200000000000001130013540000000269000000000000000000000000000000100000001290000000000020000000000
090342400002002001060724103200000000000005020000010000000100I 0000000000000000000000000000000000000100000000000060000000000
090342400003002001060724103200000000000002050004540000000272000000000000000000000000000000100000000890000000000010000000000
090342400004002001060724103200000000000001150000880000000070000000000000000000000000000000100000001000000000000020000000000
090342400005002001060724103200000000000002020004400000000440000000000000000000000000000000100000001990000000000010000000000
090342400006002001060724103200000000000001010009120000000911000000000000000000000000000000100000000500000000000020000000000
11034240000700200106072410320000090000060000002062000000206200000000000000000000000000206200000000000000
120342400008002001060724103200000000000000000000000000000000000000000000002062000000000000000000000000000000
07034241000000200106072410330000000000000000100000000000000000
090342410001002001060724103300000000000002050009560000000573000000000000000000000000000000100000000890000000000010000000000
090342410002002001060724103300000000000001080007980000000318000000000000000000000000000000100000001000000000000020000000000
090342410003002001060724103300000000000002080011560000000461000000000000000000000000000000100000000500000000000010000000000
090342410004002001060724103300000000000003250000010000000099000000000000000000000000000000000000000790000000000040000000000
090342410005002001060724103300000000000002150000050000000745000000000000000000000000000000000000000500000000000010000000000
11034241000600200106072410330000090000050000002196000000219600000000000000000000000000219600000000000000
120342410007002001060724103300000000000000000000000000000000000000000000002196000000000000000000000000000000
07034242000000200106072410370000000000000000100000000000000000
090342420001002001060724103700000000000001130016540000000329000000000000000000000000000000100000001290000000000020000000000
090342420002002001060724103700000000000002080011020000000440000000000000000000000000000000100000000500000000000010000000000
11034242000300200106072410370000090000020000000769000000076900000000000000000000000000076900000000000000
120342420004002001060724103700000000000000000000000000000000000000000000000769000000000000000000000000000000
07034243000000200106072410420000000000000000100000000000000000
090342430001002001060724104200000000000001210000010000000799000000000000000000000000000000000000001000000000000020000000000
090342430002002001060724104200000000000001130015960000000318000000000000000000000000000000100000001290000000000020000000000
17034243000300200106072410420000000000000237
090342430004002001060724104200000000000002010010780000000322000000000000000000000000000000100000000990000000000010000000000
090342430005002001060724104200000000000002270005020000000451000000000000000000000000000000100000003990000000000010000000000
090342430006002001060724104200000000000003250000010000000099000000000000000000000000000000000000000790000000000040000000000
090342430007002001060724104200000000000020500004560000000136000000000000000000000000000000100000000490000000000010000000000
090342430008002001060724104200000000000001290009880000000295000000000000000000000000000000100000000250000000000020000000000
11034243000900200106072410420000090000070000002420000000242000000000000000000000000000242000000000000000
120342430010002001060724104200000000000000000000000000000000000000000000002420000000000000000000000000000000
07034244000000200106072410430000000000000000100000000000000000
090342440001002001060724104300000000000005080000010000002399I 0100000000000000000000000000000000019000000000000070000000000
11034244000200200106072410430000090000010000002399000000239900000000000000000000000000500000000026010000
120342440003002001060724104300000000000000000000000000000000000000000000002399000000000000000000000000000000
07034245000000200106072410460000000000000000100000000000000000
090342450001002001060724104600000000000002080011160000000445000000000000000000000000000000100000000500000000000010000000000
090342450002002001060724104600000000000002220000010000000399000000000000000000000000000000000000001500000000000010000000000
090342450003002001060724104600000000000002090004140000000621000000000000000000000000000000100000004720000000000010000000000
090342450004002001060724104600000000000002110006240000000374000000000000000000000000000000100000000990000000000010000000000
090342450005002001060724104600000000000001170004240000000169000000000000000000000000000000100000000590000000000020000000000
090342450006002001060724104600000000000005060000010000001200I 0100000000000000000000000000000000006000000000000080000000000
090342450007002001060724104600000000000003010000010000000900000000000000000000000000000000000000006000000000000050000000000
090342450008002001060724104600000000000001290004540000000136000000000000000000000000000000100000000250000000000020000000000
11034245000900200106072410460000090000080000004244000000424400000000000000000000000001000000000057560000
120342450010002001060724104600000000000000000000000000000000000000000000004244000000000000000000000000000000
07034246000000200106072410500000000000000000100000000000000000
090342460001002001060724105000000000000005080000010000002399I 0100000000000000000000000000000000019000000000000070000000000
090342460002002001060724105000000000000001340000020000000398000000000000000000000000000000000000001000000000000020000000000
090342460003002001060724105000000000000003250000030000000297000000000000000000000000000000000000000790000000000040000000000
090342460004002001060724105000000000000001160014020000000279000000000000000000000000000000100000000670000000000020000000000
090342460005002001060724105000000000000002070010260000000409000000000000000000000000000000100000001990000000000010000000000
090342460006002001060724105000000000000001060005360000000267000000000000000000000000000000100000001500000000000020000000000
090342460007002001060724105000000000000001020010080000000503000000000000000000000000000000100000001200000000000020000000000
090342460008002001060724105000000000000001140000010000000599000000000000000000000000000000000000000500000000000020000000000
090342460009002001060724105000000000000001150005180000000414000000000000000000000000000000100000001000000000000020000000000
090342460010002001060724105000000000000002050009760000000585000000000000000000000000000000100000000890000000000010000000000
090342460011002001060724105000000000000001260006600000000329000000000000000000000000000000100000000500000000000020000000000
090342460012002001060724105000000000000001270009980000000398000000000000000000000000000000100000000250000000000020000000000
090342460013002001060724105000000000000001210000010000000799000000000000000000000000000000000000001000000000000020000000000
090342460014002001060724105000000000000002150000010000000149000000000000000000000000000000000000000500000000000010000000000
090342460015002001060724105000000000000001080010600000000423000000000000000000000000000000100000001000000000000020000000000
090342460016002001060724105000000000000006190000010000000500000000000000000000000000000000000000000000000000000060000000000
090342460017002001060724105000000000000003250000010000000099000000000000000000000000000000000000000790000000000040000000000
11034246001800200106072410500000090000170000008847000000884700000000000000000000000000884700000000000000
120342460019002001060724105003110000000000000000000000000000000000000000008847000000000000000000000000000000
07034247000000200106072410550000000000000000100000000000000000
090342470001002001060724105500000000000002150000080000001192000000000000000000000000000000000000000500000000000010000000000
11034247000200200106072410550000090000010000001192000000119200000000000000000000000000119200000000000000
120342470003002001060724105503010000000000000000000000000000000000000000001192000000000000000000000000000000
07034248000000200106072411010000000000000000100000000000000000
090342480001002001060724110100000000000001340000030000000597000000000000000000000000000000000000001000000000000020000000000
090342480002002001060724110100000000000002130008420000000168000000000000000000000000000000100000001400000000000010000000000
090342480003002001060724110100000000000001090000820000000066000000000000000000000000000000100000001500000000000020000000000
090342480004002001060724110100000000000001040000820000000074000000000000000000000000000000100000002000000000000020000000000
090342480005002001060724110100000000000002080005960000000238000000000000000000000000000000100000000500000000000010000000000
11034248000600200106072411010000090000050000001143000000114300000000000000000000000000114300000000000000
120342480007002001060724110103010000000000000000000000000000000000000000001143000000000000000000000000000000
07034249000000200106072411020000000000000000100000000000000000
090342490001002001060724110200000000000001080012480000000498000000000000000000000000000000100000001000000000000020000000000
11034249000200200106072411020000090000010000000498000000049800000000000000000000000000049800000000000000
120342490003002001060724110200000000000000000000000000000000000000000000000498000000000000000000000000000000
07034250000000200106072411030000000000000000100000000000000000
090342500001002001060724110300000000000001150002340000000187000000000000000000000000000000100000001000000000000020000000000
090342500002002001060724110300000000000002070007880000000314000000000000000000000000000000100000001990000000000010000000000
090342500003002001060724110300000000000001130010160000000202000000000000000000000000000000100000001290000000000020000000000
11034250000400200106072411030000090000030000000703000000070300000000000000000000000000070300000000000000
120342500005002001060724110300000000000000000000000000000000000000000000000703000000000000000000000000000000
07034251000000200106072411090000000000000000100000000000000000
090342510001002001060724110900000000000005080000010000002399I 0100000000000000000000000000000000019000000000000070000000000
11034251000200200106072411090000090000010000002399000000239900000000000000000000000001000000000076010000
120342510003002001060724110900000000000000000000000000000000000000000000002399000000000000000000000000000000
07034252000000200106072411100000000000000000100000000000000000
090342520001002001060724111000000000000005080000010000002399I 0100000000000000000000000000000000019000000000000070000000000
11034252000200200106072411100000090000010000002399000000239900000000000000000000000000239900000000000000
120342520003002001060724111000000000000000000000000000000000000000000000002399000000000000000000000000000000
07034253000000200106072411140000000000000000100000000000000000
090342530001002001060724111400000000000002010006020000000180000000000000000000000000000000100000000990000000000010000000000
090342530002002001060724111400000000000003250000010000000099000000000000000000000000000000000000000790000000000040000000000
090342530003002001060724111400000000000003250000010000000099000000000000000000000000000000000000000790000000000040000000000
090342530004002001060724111400000000000001070001120000000392000000000000000000000000000000100000005000000000000020000000000
11034253000500200106072411140000090000040000000770000000077000000000000000000000000000077000000000000000
120342530006002001060724111400000000000000000000000000000000000000000000000770000000000000000000000000000000
07034254000000200106072411250000000000000000100000000000000000
090342540001002001060724112500000000000010300009520000000475000000000000000000000000000000100000002490000000000020000000000
090342540002002001060724112500000000000001290004600000000138000000000000000000000000000000100000000250000000000020000000000
090342540003002001060724112500000000000002480003780000000189000000000000000000000000000000100000001000000000000010000000000
11034254000400200106072411250000090000030000000802000000080200000000000000000000000000080200000000000000
120342540005002001060724112503010000000000000000000000000000000000000000000802000000000000000000000000000000
07034255000000200106072411270000000000000000100000000000000000
090342550001002001060724112700000000000002070006720000000268000000000000000000000000000000100000001990000000000010000000000
090342550002002001060724112700000000000002010014600000000437000000000000000000000000000000100000000990000000000010000000000
11034255000300200106072411270000090000020000000705000000070500000000000000000000000000070500000000000000
120342550004002001060724112700000000000000000000000000000000000000000000000705000000000000000000000000000000
07034256000000200106072411290000000000000000100000000000000000
090342560001002001060724112900000000000001120010280000000719000000000000000000000000000000100000001000000000000020000000000
090342560002002001060724112900000000000002070009460000000377000000000000000000000000000000100000001990000000000010000000000
090342560003002001060724112900000000000001150003540000000283000000000000000000000000000000100000001000000000000020000000000
090342560004002001060724112900000000000003110000010000000499000000000000000000000000000000000000001000000000000040000000000
090342560005002001060724112900000000000001070001920000000672000000000000000000000000000000100000005000000000000020000000000
090342560006002001060724112900000000000001080005340000000213000000000000000000000000000000100000001000000000000020000000000
090342560007002001060724112900000000000005480000010000000250I 0100000000000000000000000000000000000000000000000080000000000
090342560008002001060724112900000000000005040000010000000599I 0000000000000000000000000000000000000000000000000010000000000
11034256000900200106072411290000090000080000003612000000361200000000000000000000000000361200000000000000
120342560010002001060724112902010000000000000000000000000000000000220000003612000000000000000000000000000000
100342560011002001060724112901000000000000002200000036120000000000001981000009
07034257000000200106072411320000000000000000100000000000000000
090342570001002001060724113200000000000001110004360000000348000000000000000000000000000000100000001990000000000020000000000
090342570002002001060724113200000000000001080011320000000452000000000000000000000000000000100000001000000000000020000000000
090342570003002001060724113200000000000001210000010000000799000000000000000000000000000000000000001000000000000020000000000
090342570004002001060724113200000000000003010000010000000900000000000000000000000000000000000000006000000000000050000000000
090342570005002001060724113200000000000005220000010000002299I 0100000000000000000000000000000000018500000000000070000000000
090342570006002001060724113200000000000002080010880000000434000000000000000000000000000000100000000500000000000010000000000
090342570007002001060724113200000000000001340000010000000199000000000000000000000000000000000000001000000000000020000000000
090342570008002001060724113200000000000001340000030000000597000000000000000000000000000000000000001000000000000020000000000
11034257000900200106072411320000090000080000006028000000602800000000000000000000000000602800000000000000
120342570010002001060724113203010000000000000000000000000000000000000000006028000000000000000000000000000000
07034258000000200106072411340000000000000000100000000000000000
090342580001002001060724113400000000000001170002360000000094000000000000000000000000000000100000000590000000000020000000000
090342580002002001060724113400000000000001070000520000000182000000000000000000000000000000100000005000000000000020000000000
090342580003002001060724113400000000000002070006800000000271000000000000000000000000000000100000001990000000000010000000000
090342580004002001060724113400000000000001080004940000000197000000000000000000000000000000100000001000000000000020000000000
090342580005002001060724113400000000000020500005900000000176000000000000000000000000000000100000000490000000000010000000000
11034258000600200106072411340000090000050000000920000000092000000000000000000000000000092000000000000000
120342580007002001060724113400000000000000000000000000000000000000000000000920000000000000000000000000000000
07034259000000200106072411360000000000000000100000000000000000
090342590001002001060724113600000000000001070001620000000567000000000000000000000000000000100000005000000000000020000000000
090342590002002001060724113600000000000001340000040000000796000000000000000000000000000000000000001000000000000020000000000
11034259000300200106072411360000090000020000001363000000136300000000000000000000000000136300000000000000
120342590004002001060724113603050000000000000000000000000000000000000000001363000000000000000000000000000000
07034260000000200106072411370000000000000000100000000000000000
090342600001002001060724113700000000000002260014240000000995000000000000000000000000000000100000002000000000000010000000000
11034260000200200106072411370000090000010000000995000000099500000000000000000000000000099500000000000000
120342600003002001060724113700000000000000000000000000000000000000000000000995000000000000000000000000000000
07034261000000200106072411410000000000000000100000000000000000
090342610001002001060724114100000000000002010046440000001389000000000000000000000000000000100000000990000000000010000000000
11034261000200200106072411410000090000010000001389000000138900000000000000000000000000138900000000000000
120342610003002001060724114100000000000000000000000000000000000000000000001389000000000000000000000000000000
07034262000000200106072411470000000000000000100000000000000000
090342620001002001060724114700000000000002130066900000001331000000000000000000000000000000100000001400000000000010000000000
090342620002002001060724114700000000000001130017660000000351000000000000000000000000000000100000001290000000000020000000000
090342620003002001060724114700000000000002070015780000000630000000000000000000000000000000100000001990000000000010000000000
11034262000400200106072411470000090000030000002312000000231200000000000000000000000000500000000026880000
120342620005002001060724114700000000000000000000000000000000000000000000002312000000000000000000000000000000
07034263000000200106072411500000000000000000100000000000000000
090342630001002001060724115000000000000001130020480000000408000000000000000000000000000000100000001290000000000020000000000
090342630002002001060724115000000000000002070011420000000456000000000000000000000000000000100000001990000000000010000000000
090342630003002001060724115000000000000002050011020000000660000000000000000000000000000000100000000890000000000010000000000
090342630004002001060724115000000000000002150000020000000298000000000000000000000000000000000000000500000000000010000000000
090342630005002001060724115000000000000001010010500000001049000000000000000000000000000000100000000500000000000020000000000
090342630006002001060724115000000000000001220009860000000344000000000000000000000000000000100000001500000000000020000000000
090342630007002001060724115000000000000006190000010000000500000000000000000000000000000000000000000000000000000060000000000
11034263000800200106072411500000090000070000003715000000371500000000000000000000000000371500000000000000
120342630009002001060724115003050000000000000000000000000000000000000000003715000000000000000000000000000000
07034264000000200106072411510000000000000000100000000000000000
090342640001002001060724115100000000000001020009940000000496000000000000000000000000000000100000001200000000000020000000000
11034264000200200106072411510000090000010000000496000000049600000000000000000000000000049600000000000000
120342640003002001060724115100000000000000000000000000000000000000000000000496000000000000000000000000000000
07034265000000200106072411560000000000000000100000000000000000
17034265000100200106072411560000000000000241
090342650002002001060724115600000000000001020009040000000451000000000000000000000000000000100000001200000000000020000000000
090342650003002001060724115600000000000002050011300000000677000000000000000000000000000000100000000890000000000010000000000
090342650004002001060724115600000000000001090001000000000080000000000000000000000000000000100000001500000000000020000000000
090342650005002001060724115600000000000002130007620000000152000000000000000000000000000000100000001400000000000010000000000
17034265000600200106072411560000000000000692
090342650007002001060724115600000000000001130013400000000267000000000000000000000000000000100000001290000000000020000000000
090342650008002001060724115600000000000003250000010000000099000000000000000000000000000000000000000790000000000040000000000
11034265000900200106072411560000090000060000001726000000172600000000000000000000000000172600000000000000
120342650010002001060724115603100000000000000000000000000000000000000000001726000000000000000000000000000000
07034266000000200106072412010000000000000000100000000000000000
090342660001002001060724120100000000000002070006560000000262000000000000000000000000000000100000001990000000000010000000000
11034266000200200106072412010000090000010000000262000000026200000000000000000000000000026200000000000000
120342660003002001060724120103030000000000000000000000000000000000000000000262000000000000000000000000000000
07034267000000200106072412070000000000000000100000000000000000
090342670001002001060724120700000000000002090041760000006260000000000000000000000000000000100000004720000000000010000000000
090342670002002001060724120700000000000006190000010000000500000000000000000000000000000000000000000000000000000060000000000
11034267000300200106072412070000090000020000006760000000676000000000000000000000000000676000000000000000
120342670004002001060724120703080000000000000000000000000000000000000000006760000000000000000000000000000000
07034268000000200106072412090000000000000000100000000000000000
090342680001002001060724120900000000000003250000010000000099000000000000000000000000000000000000000790000000000040000000000
090342680002002001060724120900000000000002050012480000000748000000000000000000000000000000100000000890000000000010000000000
11034268000300200106072412090000090000020000000847000000084700000000000000000000000000084700000000000000
120342680004002001060724120900000000000000000000000000000000000000000000000847000000000000000000000000000000
07034269000000200106072412230000000000000000100000000000000000
090342690001002001060724122300000000000001080004900000000196000000000000000000000000000000100000001000000000000020000000000
090342690002002001060724122300000000000001090001140000000091000000000000000000000000000000100000001500000000000020000000000
090342690003002001060724122300000000000003250000010000000099000000000000000000000000000000000000000790000000000040000000000
11034269000400200106072412230000090000030000000386000000038600000000000000000000000000038600000000000000
120342690005002001060724122303010000000000000000000000000000000000000000000386000000000000000000000000000000
07034270000000200106072412290000000000000000100000000000000000
090342700001002001060724122900000000000002130013720000000273000000000000000000000000000000100000001400000000000010000000000
090342700002002001060724122900000000000002050010960000000657000000000000000000000000000000100000000890000000000010000000000
090342700003002001060724122900000000000002070013100000000523000000000000000000000000000000100000001990000000000010000000000
11034270000400200106072412290000090000030000001453000000145300000000000000000000000000200000000005470000
120342700005002001060724122900000000000000000000000000000000000000000000001453000000000000000000000000000000
07034271000000200106072412300000000000000000100000000000000000
090342710001002001060724123000000000000001080016520000000659000000000000000000000000000000100000001000000000000020000000000
090342710002002001060724123000000000000001040002480000000223000000000000000000000000000000100000002000000000000020000000000
11034271000300200106072412300000090000020000000882000000088200000000000000000000000000088200000000000000
120342710004002001060724123000000000000000000000000000000000000000000000000882000000000000000000000000000000
07034272000000200106072412300000000000000000100000000000000000
090342720001002001060724123000000000000001080005460000000218000000000000000000000000000000100000001000000000000020000000000
090342720002002001060724123000000000000005480000010000000250I 0100000000000000000000000000000000000000000000000080000000000
11034272000300200106072412300000090000020000000468000000046800000000000000000000000000046800000000000000
120342720004002001060724123000000000000000000000000000000000000000000000000468000000000000000000000000000000
07034273000000200106072412340000000000000000100000000000000000
090342730001002001060724123400000000000002040007440000000185000000000000000000000000000000100000000500000000000010000000000
090342730002002001060724123400000000000001050002840000000199000000000000000000000000000000100000000500000000000020000000000
090342730003002001060724123400000000000001070000600000000210000000000000000000000000000000100000005000000000000020000000000
090342730004002001060724123400000000000002130008440000000168000000000000000000000000000000100000001400000000000010000000000
11034273000500200106072412340000090000040000000762000000076200000000000000000000000000076200000000000000
120342730006002001060724123400000000000000000000000000000000000000000000000762000000000000000000000000000000
07034274000000200106072412390000000000000000100000000000000000
090342740001002001060724123900000000000001010003560000000356000000000000000000000000000000100000000500000000000020000000000
11034274000200200106072412390000090000010000000356000000035600000000000000000000000000035600000000000000
120342740003002001060724123903010000000000000000000000000000000000000000000356000000000000000000000000000000
07034275000000200106072412430000000000000000100000000000000000
090342750001002001060724124300000000000001130017720000000353000000000000000000000000000000100000001290000000000020000000000
090342750002002001060724124300000000000001060005120000000255000000000000000000000000000000100000001500000000000020000000000
11034275000300200106072412430000090000020000000608000000060800000000000000000000000000060800000000000000
120342750004002001060724124303010000000000000000000000000000000000000000000608000000000000000000000000000000
07034276000000200106072412560000000000000000100000000000000000
090342760001002001060724125600000000000001010008500000000849000000000000000000000000000000100000000500000000000020000000000
090342760002002001060724125600000000000001070001060000000371000000000000000000000000000000100000005000000000000020000000000
11034276000300200106072412560000090000020000001220000000122000000000000000000000000000122000000000000000
120342760004002001060724125603010000000000000000000000000000000000000000001220000000000000000000000000000000
07034277000000200106072413020000000000000000100000000000000000
090342770001002001060724130200000000000002130021780000000433000000000000000000000000000000100000001400000000000010000000000
090342770002002001060724130200000000000005020000070000000700I 0000000000000000000000000000000000000100000000000060000000000
11034277000300200106072413020000090000020000001133000000113300000000000000000000000000500000000038670000
120342770004002001060724130200000000000000000000000000000000000000000000001133000000000000000000000000000000
07034278000000200106072413030000000000000000100000000000000000
090342780001002001060724130300000000000001090001000000000080000000000000000000000000000000100000001500000000000020000000000
11034278000200200106072413030000090000010000000080000000008000000000000000000000000000008000000000000000
120342780003002001060724130300000000000000000000000000000000000000000000000080000000000000000000000000000000
07034279000000200106072413140000000000000000100000000000000000
090342790001002001060724131400000000000001040002200000000198000000000000000000000000000000100000002000000000000020000000000
090342790002002001060724131400000000000005110000010000001499I 0100000000000000000000000000000000012000000000000070000000000
090342790003002001060724131400000000000002220000010000000399000000000000000000000000000000000000001500000000000010000000000
11034279000400200106072413140000090000030000002096000000209600000000000000000000000000300000000009040000
120342790005002001060724131400000000000000000000000000000000000000000000002096000000000000000000000000000000
07034280000000200106072413180000000000000000100000000000000000
090342800001002001060724131800000000000002070012240000000488000000000000000000000000000000100000001990000000000010000000000
090342800002002001060724131800000000000001210000010000000799000000000000000000000000000000000000001000000000000020000000000
090342800003002001060724131800000000000002010024000000000718000000000000000000000000000000100000000990000000000010000000000
090342800004002001060724131800000000000001170006420000000256000000000000000000000000000000100000000590000000000020000000000
11034280000500200106072413180000090000040000002261000000226100000000000000000000000000226100000000000000
120342800006002001060724131803010000000000000000000000000000000000000000002261000000000000000000000000000000
07034281000000200106072413280000000000000000100000000000000000
090342810001002001060724132800000000000002010010100000000302000000000000000000000000000000100000000990000000000010000000000
090342810002002001060724132800000000000001290011140000000333000000000000000000000000000000100000000250000000000020000000000
11034281000300200106072413280000090000020000000635000000063500000000000000000000000000100000000003650000
120342810004002001060724132800000000000000000000000000000000000000000000000635000000000000000000000000000000
18034281000500200106072413380500000100000000000000000000000001
18034281000600200106072413380300000050000000000000000000000001
060342810007002001060724133900000100000400000000000000000000000000000000000000000000
05034281000800200106072413400000010000008500
14034282000000200106072413530000010000001849
07034283000000200106072414070000000000000000100000000000000000
090342830001002001060724140700000000000004060000160000000240I 0300000000000000000000000000100000015000000000000030000000000
090342830002002001060724140700000000000004100000100000000140I 0300000000000000000000000000100000000480000000000030000000000
11034283000300200106072414070000090000020000000380000000038000000000000000000000000000100000000006200000
120342830004002001060724140700000000000000000000000000000000000000000000000380000000000000000000000000000000
07034284000000200106072414190000000000000000100000000000000000
090342840001002001060724141900000000000001290017160000000513000000000000000000000000000000100000000250000000000020000000000
11034284000200200106072414190000090000010000000513000000051300000000000000000000000000051300000000000000
120342840003002001060724141903090000000000000000000000000000000000000000000513000000000000000000000000000000
07034285000000200106072414200000000000000000100000000000000000
090342850001002001060724142000000000000005020000010000000100I 0000000000000000000000000000000000000100000000000060000000000
11034285000200200106072414200000090000010000000100000000010000000000000000000000000000020000000001000000
120342850003002001060724142000000000000000000000000000000000000000000000000100000000000000000000000000000000
14034286000000200106072414230000010000000000
07034287000000200106072414290000000000000000100000000000000000
090342870001002001060724142900000000000002040002780000000069000000000000000000000000000000100000000500000000000010000000000
090342870002002001060724142900000000000001080006920000000276000000000000000000000000000000100000001000000000000020000000000
11034287000300200106072414290000090000020000000345000000034500000000000000000000000000040000000000550000
120342870004002001060724142900000000000000000000000000000000000000000000000345000000000000000000000000000000
07034288000000200106072414340000000000000000100000000000000000
090342880001002001060724143400000000000001020014980000000748000000000000000000000000000000100000001200000000000020000000000
17034288000200200106072414340000000000000595
090342880003002001060724143400000000000001070001000000000350000000000000000000000000000000100000005000000000000020000000000
11034288000400200106072414340000090000020000001098000000109800000000000000000000000000109800000000000000
120342880005002001060724143403050000000000000000000000000000000000000000001098000000000000000000000000000000
07034289000000200106072414570000000000000000100000000000000000
090342890001002001060724145700000000000002150000020000000298000000000000000000000000000000000000000500000000000010000000000
090342890002002001060724145700000000000002010011840000000354000000000000000000000000000000100000000990000000000010000000000
090342890003002001060724145700000000000001160008020000000160000000000000000000000000000000100000000670000000000020000000000
090342890004002001060724145700000000000011000005240000000261000000000000000000000000000000100000000990000000000020000000000
11034289000500200106072414570000090000040000001073000000107300000000000000000000000000120000000001270000
120342890006002001060724145700000000000000000000000000000000000000000000001073000000000000000000000000000000
07034290000000200106072414590000000000000000100000000000000000
090342900001002001060724145900000000000002480004000000000200000000000000000000000000000000100000001000000000000010000000000
11034290000200200106072414590000090000010000000200000000020000000000000000000000000000050000000003000000
120342900003002001060724145900000000000000000000000000000000000000000000000200000000000000000000000000000000
07034291000000200106072415010000000000000000100000000000000000
090342910001002001060724150100000000000001020021560000001076000000000000000000000000000000100000001200000000000020000000000
090342910002002001060724150100000000000004020000060000000600I 0300000000000000000000000000000000000230000000000030000000000
090342910003002001060724150100000000000001340000050000000995000000000000000000000000000000000000001000000000000020000000000
11034291000400200106072415010000090000030000002671000000267100000000000000000000000001000000000073290000
120342910005002001060724150100000000000000000000000000000000000000000000002671000000000000000000000000000000
07034292000000200106072415050000000000000000100000000000000000
090342920001002001060724150500000000000002070010220000000408000000000000000000000000000000100000001990000000000010000000000
090342920002002001060724150500000000000002170000010000001099000000000000000000000000000000000000006500000000000010000000000
11034292000300200106072415050000090000020000001507000000150700000000000000000000000000150700000000000000
120342920004002001060724150503090000000000000000000000000000000000000000001507000000000000000000000000000000
07034293000000200106072415170000000000000000100000000000000000
090342930001002001060724151700000000000004020000020000000200I 0300000000000000000000000000000000000230000000000030000000000
11034293000200200106072415170000090000010000000200000000020000000000000000000000000000020000000000000000
120342930003002001060724151700000000000000000000000000000000000000000000000200000000000000000000000000000000
07034294000000200106072415220000000000000000100000000000000000
090342940001002001060724152200000000000002070005640000000225000000000000000000000000000000100000001990000000000010000000000
090342940002002001060724152200000000000001150002420000000193000000000000000000000000000000100000001000000000000020000000000
11034294000300200106072415220000090000020000000418000000041800000000000000000000000000041800000000000000
120342940004002001060724152203100000000000000000000000000000000000000000000418000000000000000000000000000000
14034295000000200106072415320000010000000000
14034296000000200106072415320000010000000000
14034297000000200106072415330000010000000000
07034298000000200106072415330000000000000000100000000000000000
090342980001002001060724153300000000000001340000060000001194000000000000000000000000000000000000001000000000000020000000000
11034298000200200106072415330000090000010000001194000000119400000000000000000000000000119400000000000000
120342980003002001060724153303010000000000000000000000000000000000000000001194000000000000000000000000000000
07034299000000200106072415330000000000000000100000000000000000
090342990001002001060724153300000000000005480000010000000250I 0100000000000000000000000000000000000000000000000080000000000
11034299000200200106072415330000090000010000000250000000025000000000000000000000000000025000000000000000
120342990003002001060724153303100000000000000000000000000000000000000000000250000000000000000000000000000000
14034300000000200106072415340000010000000577
07034301000000200106072415380000000000000000100000000000000000
090343010001002001060724153800000000000002070014220000000567000000000000000000000000000000100000001990000000000010000000000
090343010002002001060724153800000000000002010019300000000577000000000000000000000000000000100000000990000000000010000000000
090343010003002001060724153800000000000001210000010000000799000000000000000000000000000000000000001000000000000020000000000
090343010004002001060724153800000000000001080009520000000380000000000000000000000000000000100000001000000000000020000000000
11034301000500200106072415380000090000040000002323000000232300000000000000000000000000232300000000000000
120343010006002001060724153803050000000000000000000000000000000000000000002323000000000000000000000000000000
14034302000000200106072415470000010000002126
07034303000000200106072415480000000000000000100000000000000000
090343030001002001060724154800000000000002050002800000000168000000000000000000000000000000100000000890000000000010000000000
090343030002002001060724154800000000000001010009660000000965000000000000000000000000000000100000000500000000000020000000000
090343030003002001060724154800000000000001060005760000000287000000000000000000000000000000100000001500000000000020000000000
11034303000400200106072415480000090000030000001420000000142000000000000000000000000000142000000000000000
120343030005002001060724154803090000000000000000000000000000000000000000001420000000000000000000000000000000
07034304000000200106072415510000000000000000100000000000000000
090343040001002001060724155100000000000003250000010000000099000000000000000000000000000000000000000790000000000040000000000
090343040002002001060724155100000000000001090000640000000051000000000000000000000000000000100000001500000000000020000000000
090343040003002001060724155100000000000001290002440000000073000000000000000000000000000000100000000250000000000020000000000
090343040004002001060724155100000000000002040005080000000126000000000000000000000000000000100000000500000000000010000000000
090343040005002001060724155100000000000002270006400000000575000000000000000000000000000000100000003990000000000010000000000
090343040006002001060724155100000000000002250009780000001075000000000000000000000000000000100000002670000000000010000000000
090343040007002001060724155100000000000002010009420000000282000000000000000000000000000000100000000990000000000010000000000
090343040008002001060724155100000000000001250006000000000239I 0000000000000000000000000000100000000530000000000020000000000
090343040009002001060724155100000000000001010005380000000537000000000000000000000000000000100000000500000000000020000000000
090343040010002001060724155100000000000001060005080000000253000000000000000000000000000000100000001500000000000020000000000
090343040011002001060724155100000000000001040005160000000464000000000000000000000000000000100000002000000000000020000000000
090343040012002001060724155100000000000006190000010000000500000000000000000000000000000000000000000000000000000060000000000
11034304001300200106072415510000090000120000004274000000427400000000000000000000000000427400000000000000
120343040014002001060724155103050000000000000000000000000000000000000000004274000000000000000000000000000000
07034305000000200106072415570000000000000000100000000000000000
090343050001002001060724155700000000000001130050880000001013000000000000000000000000000000100000001290000000000020000000000
11034305000200200106072415570000090000010000001013000000101300000000000000000000000000200000000009870000
120343050003002001060724155700000000000000000000000000000000000000000000001013000000000000000000000000000000
07034306000000200106072415590000000000000000100000000000000000
090343060001002001060724155900000000000003190000010000000449000000000000000000000000000000000000002000000000000050000000000
11034306000200200106072415590000090000010000000449000000044900000000000000000000000000105000000006010000
120343060003002001060724155900000000000000000000000000000000000000000000000449000000000000000000000000000000
07034307000000200106072416120000000000000000100000000000000000
090343070001002001060724161200000000000002010023140000000692000000000000000000000000000000100000000990000000000010000000000
11034307000200200106072416120000090000010000000692000000069200000000000000000000000000200000000013080000
120343070003002001060724161200000000000000000000000000000000000000000000000692000000000000000000000000000000
07034308000000200106072416130000000000000000100000000000000000
090343080001002001060724161300000000000001020051400000002565000000000000000000000000000000100000001200000000000020000000000
11034308000200200106072416130000090000010000002565000000256500000000000000000000000000256500000000000000
120343080003002001060724161303010000000000000000000000000000000000000000002565000000000000000000000000000000
07034309000000200106072416180000000000000000100000000000000000
090343090001002001060724161800000000000005220000010000002299I 0100000000000000000000000000000000018500000000000070000000000
11034309000200200106072416180000090000010000002299000000229900000000000000000000000000229900000000000000
120343090003002001060724161803050000000000000000000000000000000000000000002299000000000000000000000000000000
07034310000000200106072416190000000000000000100000000000000000
090343100001002001060724161900000000000004020000010000000100I 0300000000000000000000000000000000000230000000000030000000000
090343100002002001060724161900000000000002110008720000000522000000000000000000000000000000100000000990000000000010000000000
090343100003002001060724161900000000000003190000010000000449000000000000000000000000000000000000002000000000000050000000000
11034310000400200106072416190000090000030000001071000000107100000000000000000000000000110000000000290000
120343100005002001060724161900000000000000000000000000000000000000000000001071000000000000000000000000000000
07034311000000200106072416220000000000000000100000000000000000
090343110001002001060724162200000000000004020000030000000300I 0300000000000000000000000000000000000230000000000030000000000
090343110002002001060724162200000000000001130004940000000098000000000000000000000000000000100000001290000000000020000000000
090343110003002001060724162200000000000001070001200000000420000000000000000000000000000000100000005000000000000020000000000
11034311000400200106072416220000090000030000000818000000081800000000000000000000000000081800000000000000
120343110005002001060724162203010000000000000000000000000000000000000000000818000000000000000000000000000000
07034312000000200106072416250000000000000000100000000000000000
090343120001002001060724162500000000000005080000010000002399I 0100000000000000000000000000000000019000000000000070000000000
090343120002002001060724162500000000000001090000820000000066000000000000000000000000000000100000001500000000000020000000000
090343120003002001060724162500000000000004020000010000000100I 0300000000000000000000000000000000000230000000000030000000000
090343120004002001060724162500000000000003010000010000000900000000000000000000000000000000000000006000000000000050000000000
11034312000500200106072416250000090000040000003465000000346500000000000000000000000000346500000000000000
120343120006002001060724162503050000000000000000000000000000000000000000003465000000000000000000000000000000
07034313000000200106072416280000000000000000100000000000000000
090343130001002001060724162800000000000002110007240000000434000000000000000000000000000000100000000990000000000010000000000
090343130002002001060724162800000000000002270004220000000379000000000000000000000000000000100000003990000000000010000000000
11034313000300200106072416280000090000020000000813000000081300000000000000000000000000101500000002020000
120343130004002001060724162800000000000000000000000000000000000000000000000813000000000000000000000000000000
07034314000000200106072416360000000000000000100000000000000000
090343140001002001060724163600000000000001050003760000000263000000000000000000000000000000100000000500000000000020000000000
090343140002002001060724163600000000000002010010500000000314000000000000000000000000000000100000000990000000000010000000000
090343140003002001060724163600000000000001020012220000000610000000000000000000000000000000100000001200000000000020000000000
11034314000400200106072416360000090000030000001187000000118700000000000000000000000000118700000000000000
120343140005002001060724163603010000000000000000000000000000000000000000001187000000000000000000000000000000
07034315000000200106072416440000000000000000100000000000000000
090343150001002001060724164400000000000002290000010000000499000000000000000000000000000000000000002500000000000010000000000
090343150002002001060724164400000000000002070010500000000419000000000000000000000000000000100000001990000000000010000000000
090343150003002001060724164400000000000001040005600000000503000000000000000000000000000000100000002000000000000020000000000
090343150004002001060724164400000000000001090003080000000246000000000000000000000000000000100000001500000000000020000000000
090343150005002001060724164400000000000001080006740000000269000000000000000000000000000000100000001000000000000020000000000
11034315000600200106072416440000090000050000001936000000193600000000000000000000000000200000000000640000
120343150007002001060724164400000000000000000000000000000000000000000000001936000000000000000000000000000000
07034316000000200106072416500000000000000000100000000000000000
090343160001002001060724165000000000000001180004380000000175000000000000000000000000000000100000001000000000000020000000000
11034316000200200106072416500000090000010000000175000000017500000000000000000000000000017500000000000000
120343160003002001060724165003050000000000000000000000000000000000000000000175000000000000000000000000000000
07034317000000200106072416530000000000000000100000000000000000
090343170001002001060724165300000000000003200000010000002000000000000000000000000000000000000000000000000000000050000000000
090343170002002001060724165300000000000001010024520000002450000000000000000000000000000000100000000500000000000020000000000
090343170003002001060724165300000000000002040005460000000136000000000000000000000000000000100000000500000000000010000000000
090343170004002001060724165300000000000002110010060000000603000000000000000000000000000000100000000990000000000010000000000
090343170005002001060724165300000000000002110013520000000810000000000000000000000000000000100000000990000000000010000000000
11034317000600200106072416530000090000050000005999000000599900000000000000000000000000599900000000000000
120343170007002001060724165303050000000000000000000000000000000000000000005999000000000000000000000000000000
07034318000000200106072416590000000000000000100000000000000000
090343180001002001060724165900000000000003200000010000002000000000000000000000000000000000000000000000000000000050000000000
090343180002002001060724165900000000000001070002240000000784000000000000000000000000000000100000005000000000000020000000000
090343180003002001060724165900000000000005480000010000000250I 0100000000000000000000000000000000000000000000000080000000000
11034318000400200106072416590000090000030000003034000000303400000000000000000000000000303400000000000000
120343180005002001060724165903010000000000000000000000000000000000000000003034000000000000000000000000000000
07034319000000200106072417000000000000000000100000000000000000
090343190001002001060724170000000000000002040002560000000064000000000000000000000000000000100000000500000000000010000000000
11034319000200200106072417000000090000010000000064000000006400000000000000000000000000010000000000360000
120343190003002001060724170000000000000000000000000000000000000000000000000064000000000000000000000000000000
07034320000000200106072417010000000000000000100000000000000000
090343200001002001060724170100000000000004020000010000000100I 0300000000000000000000000000000000000230000000000030000000000
11034320000200200106072417010000090000010000000100000000010000000000000000000000000000010000000000000000
120343200003002001060724170100000000000000000000000000000000000000000000000100000000000000000000000000000000
07034321000000200106072417170000000000000000100000000000000000
090343210001002001060724171700000000000001290001220000000036000000000000000000000000000000100000000250000000000020000000000
090343210002002001060724171700000000000001290000620000000019000000000000000000000000000000100000000250000000000020000000000
090343210003002001060724171700000000000003250000010000000099000000000000000000000000000000000000000790000000000040000000000
11034321000400200106072417170000090000030000000154000000015400000000000000000000000000015400000000000000
120343210005002001060724171703100000000000000000000000000000000000000000000054000000000000000000000000000000
120343210006002001060724171700000000000000000000000000000000000000000000000100000000000000000000000000000000
07034322000000200106072417180000000000000000100000000000000000
090343220001002001060724171800000000000002110009940000000595000000000000000000000000000000100000000990000000000010000000000
090343220002002001060724171800000000000002090006280000000941000000000000000000000000000000100000004720000000000010000000000
090343220003002001060724171800000000000002010016400000000490000000000000000000000000000000100000000990000000000010000000000
11034322000400200106072417180000090000030000002026000000202600000000000000000000000000202600000000000000
120343220005002001060724171802010000000000000000000000000000000000360000002026000000000000000000000000000000
100343220006002001060724171801000000000000003600000020260000000000000228000009
33034322000000200106072417210000000000000000100000000000000000
340343220001002001060724172100000000000001290001220000000036000000000000000000000000000000100000000250000000000020000000000
340343220002002001060724172100000000000001290000620000000019000000000000000000000000000000100000000250000000000020000000000
340343220003002001060724172100000000000003250000010000000099000000000000000000000000000000000000000790000000000040000000000
35034322000400200106072417210000094294960000000154000000015400000000000000000000000000015400000000000000
360343220005002001060724172103100000000000000000000000000000000000000000000054000000000000000000000000000009
360343220006002001060724172100000000000000000000000000000000000000000000000100000000000000000000000000000000
060343220007002001060724172500000100000025000000000000000000000000000000000000000000
07034323000000200106072417260000000000000000100000000000000000
090343230001002001060724172600000000000001290001840000000055000000000000000000000000000000100000000250000000000020000000000
090343230002002001060724172600000000000003250000010000000099000000000000000000000000000000000000000790000000000040000000000
11034323000300200106072417260000090000020000000154000000015400000000000000000000000000015400000000000000
120343230004002001060724172603100000000000000000000000000000000000000000000100000000000000000000000000000000
120343230005002001060724172600000000000000000000000000000000000000000000000054000000000000000000000000000000
07034324000000200106072417320000000000000000100000000000000000
090343240001002001060724173200000000000001120002960000000207000000000000000000000000000000100000001000000000000020000000000
090343240002002001060724173200000000000001060003660000000183000000000000000000000000000000100000001500000000000020000000000
11034324000300200106072417320000090000020000000390000000039000000000000000000000000000040000000000100000
120343240004002001060724173200000000000000000000000000000000000000000000000390000000000000000000000000000000
07034325000000200106072417340000000000000000100000000000000000
090343250001002001060724173400000000000002070010480000000418000000000000000000000000000000100000001990000000000010000000000
11034325000200200106072417340000090000010000000418000000041800000000000000000000000000041800000000000000
120343250003002001060724173403010000000000000000000000000000000000000000000418000000000000000000000000000000
07034326000000200106072417360000000000000000100000000000000000
090343260001002001060724173600000000000002110004980000000298000000000000000000000000000000100000000990000000000010000000000
090343260002002001060724173600000000000003020000010000000150000000000000000000000000000000000000000500000000000030000000000
11034326000300200106072417360000090000020000000448000000044800000000000000000000000000055000000001020000
120343260004002001060724173600000000000000000000000000000000000000000000000448000000000000000000000000000000
07034327000000200106072417380000000000000000100000000000000000
090343270001002001060724173800000000000002010007720000000231000000000000000000000000000000100000000990000000000010000000000
090343270002002001060724173800000000000002070014640000000584000000000000000000000000000000100000001990000000000010000000000
11034327000300200106072417380000090000020000000815000000081500000000000000000000000000081500000000000000
120343270004002001060724173803010000000000000000000000000000000000000000000815000000000000000000000000000000
07034328000000200106072417470000000000000000100000000000000000
090343280001002001060724174700000000000003020000010000000150000000000000000000000000000000000000000500000000000030000000000
11034328000200200106072417470000090000010000000150000000015000000000000000000000000000050000000003500000
120343280003002001060724174700000000000000000000000000000000000000000000000150000000000000000000000000000000
07034329000000200106072417520000000000000000100000000000000000
090343290001002001060724175200000000000002270003180000000286000000000000000000000000000000100000003990000000000010000000000
090343290002002001060724175200000000000005480000010000000250I 0100000000000000000000000000000000000000000000000080000000000
11034329000300200106072417520000090000020000000536000000053600000000000000000000000000053600000000000000
120343290004002001060724175203100000000000000000000000000000000000000000000536000000000000000000000000000000
07034330000000200106072418180000000000000000100000000000000000
090343300001002001060724181800000000000001130014160000000282000000000000000000000000000000100000001290000000000020000000000
11034330000200200106072418180000090000010000000282000000028200000000000000000000000000050000000002180000
120343300003002001060724181800000000000000000000000000000000000000000000000282000000000000000000000000000000
18034330000400200106072418300100000050000000000000000000000001
07034331000000200106072418480000000000000000100000000000000000
090343310001002001060724184800000000000001020041740000002083000000000000000000000000000000100000001200000000000020000000000
11034331000200200106072418480000090000010000002083000000208300000000000000000000000000220000000001170000
120343310003002001060724184800000000000000000000000000000000000000000000002083000000000000000000000000000000
07034332000000200106072418540000000000000000100000000000000000
090343320001002001060724185400000000000001010004060000000406000000000000000000000000000000100000000500000000000020000000000
090343320002002001060724185400000000000001070000600000000210000000000000000000000000000000100000005000000000000020000000000
090343320003002001060724185400000000000001080001660000000066000000000000000000000000000000100000001000000000000020000000000
090343320004002001060724185400000000000003250000010000000099000000000000000000000000000000000000000790000000000040000000000
11034332000500200106072418540000090000040000000781000000078100000000000000000000000000500000000042190000
120343320006002001060724185400000000000000000000000000000000000000000000000781000000000000000000000000000000
07034333000000200106072419010000000000000000100000000000000000
090343330001002001060724190100000000000001160013660000000272000000000000000000000000000000100000000670000000000020000000000
090343330002002001060724190100000000000001150000920000000074000000000000000000000000000000100000001000000000000020000000000
090343330003002001060724190100000000000005020000010000000100I 0000000000000000000000000000000000000100000000000060000000000
11034333000400200106072419010000090000030000000446000000044600000000000000000000000000044600000000000000
120343330005002001060724190103050000000000000000000000000000000000000000000446000000000000000000000000000000
14034334000000200106072419030000010000000000
07034335000000200106072419050000000000000000100000000000000000
090343350001002001060724190500000000000005110000010000001499I 0100000000000000000000000000000000012000000000000070000000000
090343350002002001060724190500000000000001160012540000000250000000000000000000000000000000100000000670000000000020000000000
11034335000300200106072419050000090000020000001749000000174900000000000000000000000000205000000003010000
120343350004002001060724190500000000000000000000000000000000000000000000001749000000000000000000000000000000
07034336000000200106072419080000000000000000100000000000000000
090343360001002001060724190800000000000001150001700000000136000000000000000000000000000000100000001000000000000020000000000
090343360002002001060724190800000000000001160004860000000097000000000000000000000000000000100000000670000000000020000000000
090343360003002001060724190800000000000001130013320000000265000000000000000000000000000000100000001290000000000020000000000
090343360004002001060724190800000000000001290006820000000204000000000000000000000000000000100000000250000000000020000000000
090343360005002001060724190800000000000003020000010000000150000000000000000000000000000000000000000500000000000030000000000
090343360006002001060724190800000000000003020000020000000300000000000000000000000000000000000000000500000000000030000000000
11034336000700200106072419080000090000060000001152000000115200000000000000000000000000115200000000000000
120343360008002001060724190803090000000000000000000000000000000000000000001152000000000000000000000000000000
07034337000000200106072419090000000000000000100000000000000000
090343370001002001060724190900000000000001290005560000000166000000000000000000000000000000100000000250000000000020000000000
11034337000200200106072419090000090000010000000166000000016600000000000000000000000000016600000000000000
120343370003002001060724190903010000000000000000000000000000000000000000000166000000000000000000000000000000
07034338000000200106072419250000000000000000100000000000000000
090343380001002001060724192500000000000002010017780000000532000000000000000000000000000000100000000990000000000010000000000
090343380002002001060724192500000000000002070003800000000152000000000000000000000000000000100000001990000000000010000000000
11034338000300200106072419250000090000020000000684000000068400000000000000000000000000200000000013160000
120343380004002001060724192500000000000000000000000000000000000000000000000684000000000000000000000000000000
07034339000000200106072419260000000000000000100000000000000000
090343390001002001060724192600000000000001040003260000000293000000000000000000000000000000100000002000000000000020000000000
090343390002002001060724192600000000000001090001560000000125000000000000000000000000000000100000001500000000000020000000000
090343390003002001060724192600000000000001080003160000000126000000000000000000000000000000100000001000000000000020000000000
11034339000400200106072419260000090000030000000544000000054400000000000000000000000000100000000004560000
120343390005002001060724192600000000000000000000000000000000000000000000000544000000000000000000000000000000
07034340000000200106072419470000000000000000100000000000000000
090343400001002001060724194700000000000002070005560000000222000000000000000000000000000000100000001990000000000010000000000
11034340000200200106072419470000090000010000000222000000022200000000000000000000000000022200000000000000
120343400003002001060724194700000000000000000000000000000000000000000000000222000000000000000000000000000000
14034341000000200106072419530000010000000000
07034342000000200106072419540000000000000000100000000000000000
090343420001002001060724195400000000000005030000010000001499I 0100000000000000000000000000000000009000000000000080000000000
11034342000200200106072419540000090000010000001499000000149900000000000000000000000001000000000085010000
120343420003002001060724195400000000000000000000000000000000000000000000001499000000000000000000000000000000
07034343000000200106072420080000000000000000100000000000000000
090343430001002001060724200800000000000002080018360000000733000000000000000000000000000000100000000500000000000010000000000
090343430002002001060724200800000000000002070010940000000437000000000000000000000000000000100000001990000000000010000000000
090343430003002001060724200800000000000002070016580000000662000000000000000000000000000000100000001990000000000010000000000
090343430004002001060724200800000000000003010000020000001800000000000000000000000000000000000000006000000000000050000000000
090343430005002001060724200800000000000002010041740000001248000000000000000000000000000000100000000990000000000010000000000
11034343000600200106072420080000090000050000004880000000488000000000000000000000000000488000000000000000
120343430007002001060724200803010000000000000000000000000000000000000000004880000000000000000000000000000000
07034344000000200106072420130000000000000000100000000000000000
090343440001002001060724201300000000000001070001160000000406000000000000000000000000000000100000005000000000000020000000000
090343440002002001060724201300000000000001090001320000000105000000000000000000000000000000100000001500000000000020000000000
090343440003002001060724201300000000000001050003760000000263000000000000000000000000000000100000000500000000000020000000000
090343440004002001060724201300000000000001290003960000000118000000000000000000000000000000100000000250000000000020000000000
090343440005002001060724201300000000000004020000020000000200I 0300000000000000000000000000000000000230000000000030000000000
090343440006002001060724201300000000000004020000020000000200I 0300000000000000000000000000000000000230000000000030000000000
11034344000700200106072420130000090000060000001292000000129200000000000000000000000000200000000007080000
120343440008002001060724201300000000000000000000000000000000000000000000001292000000000000000000000000000000
07034345000000200106072420380000000000000000100000000000000000
090343450001002001060724203800000000000001070000520000000182000000000000000000000000000000100000005000000000000020000000000
11034345000200200106072420380000090000010000000182000000018200000000000000000000000000018200000000000000
120343450003002001060724203802010000000000000000000000000000000000050000000182000000000000000000000000000000
100343450004002001060724203801000000000000000500000001820000000000000543000009
07034346000000200106072420400000000000000000100000000000000000
090343460001002001060724204000000000000002040001500000000037000000000000000000000000000000100000000500000000000010000000000
090343460002002001060724204000000000000002040001340000000033000000000000000000000000000000100000000500000000000010000000000
11034346000300200106072420400000090000020000000070000000007000000000000000000000000000010000000000300000
120343460004002001060724204000000000000000000000000000000000000000000000000070000000000000000000000000000000
060343460005002001060724205100000100000200000000000000000000000000000000000000000000
0403434700000020010607242056000001034205034347000000400807520000004029307406072400002066870000000000000000000000000045520001000000000000000000000000000000000000000000000000000000000000000000000000000000001234567890AB        
