01034347000000200107072407330000010000012000000000402930741.82G5E   1234567890AB        Generica            
02034347000100200107072407330000010000040000000000
14034348000000200107072407390000010000000000
05034348000100200107072407410000010000001132
07034349000000200107072407510000000000000000100000000000000000
090343490001002001070724075100000000000003250000010000000099000000000000000000000000000000000000000790000000000040000000000
11034349000200200107072407510000040000010000000099000000009900000000000000000000000000009900000000000000
120343490003002001070724075100000000000000000000000000000000000000000000000099000000000000000000000000000000
07034350000000200107072407550000000000000000100000000000000000
090343500001002001070724075500000000000003250000010000000099000000000000000000000000000000000000000790000000000040000000000
11034350000200200107072407550000040000010000000099000000009900000000000000000000000000020000000001010000
120343500003002001070724075500000000000000000000000000000000000000000000000099000000000000000000000000000000
07034351000000200107072407550000000000000000100000000000000000
090343510001002001070724075500000000000004110000040000000200I 0300000000000000000000000000000000000180000000000030000000000
11034351000200200107072407550000040000010000000200000000020000000000000000000000000000020000000000000000
120343510003002001070724075500000000000000000000000000000000000000000000000200000000000000000000000000000000
07034352000000200107072407550000000000000000100000000000000000
090343520001002001070724075500000000000003250000010000000099000000000000000000000000000000000000000790000000000040000000000
11034352000200200107072407550000040000010000000099000000009900000000000000000000000000009900000000000000
120343520003002001070724075500000000000000000000000000000000000000000000000099000000000000000000000000000000
07034353000000200107072408140000000000000000100000000000000000
090343530001002001070724081400000000000001170002980000000119000000000000000000000000000000100000000590000000000020000000000
090343530002002001070724081400000000000002040008560000000213000000000000000000000000000000100000000500000000000010000000000
11034353000300200107072408140000040000020000000332000000033200000000000000000000000000033200000000000000
120343530004002001070724081400000000000000000000000000000000000000000000000332000000000000000000000000000000
07034354000000200107072408240000000000000000100000000000000000
090343540001002001070724082400000000000001080019140000000764000000000000000000000000000000100000001000000000000020000000000
090343540002002001070724082400000000000001050014720000001029000000000000000000000000000000100000000500000000000020000000000
090343540003002001070724082400000000000002080002940000000117000000000000000000000000000000100000000500000000000010000000000
090343540004002001070724082400000000000003250000040000000396000000000000000000000000000000000000000790000000000040000000000
11034354000500200107072408240000040000040000002306000000230600000000000000000000000000240000000000940000
120343540006002001070724082400000000000000000000000000000000000000000000002306000000000000000000000000000000
07034355000000200107072408260000000000000000100000000000000000
090343550001002001070724082600000000000002070006140000000245000000000000000000000000000000100000001990000000000010000000000
090343550002002001070724082600000000000002180000010000000599000000000000000000000000000000000000002990000000000010000000000
11034355000300200107072408260000040000020000000844000000084400000000000000000000000000084400000000000000
120343550004002001070724082600000000000000000000000000000000000000000000000844000000000000000000000000000000
07034356000000200107072408380000000000000000100000000000000000
090343560001002001070724083800000000000002070013740000000548000000000000000000000000000000100000001990000000000010000000000
090343560002002001070724083800000000000003190000010000000449000000000000000000000000000000000000002000000000000050000000000
090343560003002001070724083800000000000005220000010000002299I 0100000000000000000000000000000000018500000000000070000000000
11034356000400200107072408380000040000030000003296000000329600000000000000000000000001000000000067040000
120343560005002001070724083800000000000000000000000000000000000000000000003296000000000000000000000000000000
07034357000000200107072408520000000000000000100000000000000000
090343570001002001070724085200000000000002070008460000000338000000000000000000000000000000100000001990000000000010000000000
090343570002002001070724085200000000000001120004600000000322000000000000000000000000000000100000001000000000000020000000000
090343570003002001070724085200000000000001060003720000000186000000000000000000000000000000100000001500000000000020000000000
11034357000400200107072408520000040000030000000846000000084600000000000000000000000000200000000011540000
120343570005002001070724085200000000000000000000000000000000000000000000000846000000000000000000000000000000
07034358000000200107072408540000000000000000100000000000000000
090343580001002001070724085400000000000005020000030000000300I 0000000000000000000000000000000000000100000000000060000000000
090343580002002001070724085400000000000002110005860000000351000000000000000000000000000000100000000990000000000010000000000
090343580003002001070724085400000000000002070003900000000156000000000000000000000000000000100000001990000000000010000000000
11034358000400200107072408540000040000030000000807000000080700000000000000000000000000200000000011930000
120343580005002001070724085400000000000000000000000000000000000000000000000807000000000000000000000000000000
07034359000000200107072409010000000000000000100000000000000000
090343590001002001070724090100000000000002010010040000000300000000000000000000000000000000100000000990000000000010000000000
090343590002002001070724090100000000000002050014380000000861000000000000000000000000000000100000000890000000000010000000000
11034359000300200107072409010000040000020000001161000000116100000000000000000000000000116100000000000000
120343590004002001070724090103030000000000000000000000000000000000000000001161000000000000000000000000000000
07034360000000200107072409180000000000000000100000000000000000
090343600001002001070724091800000000000003250000010000000099000000000000000000000000000000000000000790000000000040000000000
11034360000200200107072409180000040000010000000099000000009900000000000000000000000000009900000000000000
120343600003002001070724091800000000000000000000000000000000000000000000000099000000000000000000000000000000
07034361000000200107072409230000000000000000100000000000000000
090343610001002001070724092300000000000004110000040000000200I 0300000000000000000000000000000000000180000000000030000000000
090343610002002001070724092300000000000001080006240000000249000000000000000000000000000000100000001000000000000020000000000
090343610003002001070724092300000000000002070013200000000527000000000000000000000000000000100000001990000000000010000000000
090343610004002001070724092300000000000001090000520000000042000000000000000000000000000000100000001500000000000020000000000
090343610005002001070724092300000000000001050003800000000266000000000000000000000000000000100000000500000000000020000000000
090343610006002001070724092300000000000003250000020000000198000000000000000000000000000000000000000790000000000040000000000
090343610007002001070724092300000000000002110005760000000345000000000000000000000000000000100000000990000000000010000000000
090343610008002001070724092300000000000002150000020000000298000000000000000000000000000000000000000500000000000010000000000
090343610009002001070724092300000000000001020007740000000386000000000000000000000000000000100000001200000000000020000000000
090343610010002001070724092300000000000002130012100000000241000000000000000000000000000000100000001400000000000010000000000
090343610011002001070724092300000000000005050000010000000600I 0100000000000000000000000000000000003000000000000080000000000
11034361001200200107072409230000040000110000003352000000335200000000000000000000000000500000000016480000
120343610013002001070724092300000000000000000000000000000000000000000000003352000000000000000000000000000000
07034362000000200107072409250000000000000000100000000000000000
090343620001002001070724092500000000000001020009880000000493000000000000000000000000000000100000001200000000000020000000000
090343620002002001070724092500000000000003250000010000000099000000000000000000000000000000000000000790000000000040000000000
090343620003002001070724092500000000000005020000020000000200I 0000000000000000000000000000000000000100000000000060000000000
090343620004002001070724092500000000000004070000010000000050I 0300000000000000000000000000000000000070000000000030000000000
11034362000500200107072409250000040000040000000842000000084200000000000000000000000000100000000001580000
120343620006002001070724092500000000000000000000000000000000000000000000000842000000000000000000000000000000
07034363000000200107072409260000000000000000100000000000000000
090343630001002001070724092600000000000001130012420000000247000000000000000000000000000000100000001290000000000020000000000
11034363000200200107072409260000040000010000000247000000024700000000000000000000000000024700000000000000
120343630003002001070724092600000000000000000000000000000000000000000000000247000000000000000000000000000000
07034364000000200107072409270000000000000000100000000000000000
090343640001002001070724092700000000000001130033840000000673000000000000000000000000000000100000001290000000000020000000000
11034364000200200107072409270000040000010000000673000000067300000000000000000000000000070000000000270000
120343640003002001070724092700000000000000000000000000000000000000000000000673000000000000000000000000000000
14034365000000200107072409280000010000000000
07034366000000200107072409280000000000000000100000000000000000
090343660001002001070724092800000000000004020000020000000200I 0300000000000000000000000000000000000230000000000030000000000
11034366000200200107072409280000040000010000000200000000020000000000000000000000000000200000000018000000
120343660003002001070724092800000000000000000000000000000000000000000000000200000000000000000000000000000000
07034367000000200107072409280000000000000000100000000000000000
090343670001002001070724092800000000000002110005980000000358000000000000000000000000000000100000000990000000000010000000000
11034367000200200107072409280000040000010000000358000000035800000000000000000000000000500000000046420000
120343670003002001070724092800000000000000000000000000000000000000000000000358000000000000000000000000000000
14034368000000200107072409300000010000000000
07034369000000200107072409360000000000000000100000000000000000
090343690001002001070724093600000000000003010000010000000900000000000000000000000000000000000000006000000000000050000000000
11034369000200200107072409360000040000010000000900000000090000000000000000000000000000090000000000000000
120343690003002001070724093603020000000000000000000000000000000000000000000900000000000000000000000000000000
07034370000000200107072409390000000000000000100000000000000000
090343700001002001070724093900000000000002080015140000000604000000000000000000000000000000100000000500000000000010000000000
090343700002002001070724093900000000000002070011760000000469000000000000000000000000000000100000001990000000000010000000000
090343700003002001070724093900000000000001290008900000000266000000000000000000000000000000100000000250000000000020000000000
090343700004002001070724093900000000000001050002000000000140000000000000000000000000000000100000000500000000000020000000000
090343700005002001070724093900000000000002290000010000000499000000000000000000000000000000000000002500000000000010000000000
090343700006002001070724093900000000000003250000010000000099000000000000000000000000000000000000000790000000000040000000000
11034370000700200107072409390000040000060000002077000000207700000000000000000000000000207700000000000000
120343700008002001070724093903020000000000000000000000000000000000000000002077000000000000000000000000000000
07034371000000200107072409440000000000000000100000000000000000
090343710001002001070724094400000000000002270005260000000473000000000000000000000000000000100000003990000000000010000000000
11034371000200200107072409440000040000010000000473000000047300000000000000000000000000047300000000000000
120343710003002001070724094403020000000000000000000000000000000000000000000473000000000000000000000000000000
07034372000000200107072409490000000000000000100000000000000000
090343720001002001070724094900000000000002270007760000000698000000000000000000000000000000100000003990000000000010000000000
090343720002002001070724094900000000000002070010840000000433000000000000000000000000000000100000001990000000000010000000000
090343720003002001070724094900000000000001290006260000000187000000000000000000000000000000100000000250000000000020000000000
090343720004002001070724094900000000000005020000020000000200I 0000000000000000000000000000000000000100000000000060000000000
090343720005002001070724094900000000000001020009100000000454000000000000000000000000000000100000001200000000000020000000000
11034372000600200107072409490000040000050000001972000000197200000000000000000000000000197200000000000000
120343720007002001070724094903030000000000000000000000000000000000000000001972000000000000000000000000000000
07034373000000200107072409540000000000000000100000000000000000
090343730001002001070724095400000000000002130016280000000324000000000000000000000000000000100000001400000000000010000000000
090343730002002001070724095400000000000001340000020000000398000000000000000000000000000000000000001000000000000020000000000
11034373000300200107072409540000040000020000000722000000072200000000000000000000000000072200000000000000
120343730004002001070724095403020000000000000000000000000000000000000000000722000000000000000000000000000000
14034374000500200107072409570000010000000000
14034375000000200107072410230000010000000100
14034376000000200107072410270000010000000000
14034377000000200107072410290000010000000240
14034378000000200107072410290000010000000120
100343780001002001070724103651000000000000003600000119430000000000000229000004
130343780000002001070724103600000000000002290000000000000036000000000001194300000000000000011943
060343780001002001070724103600000100000119430000000000000000000000000000000000000000
07034379000000200107072410390000000000000000100000000000000000
090343790001002001070724103900000000000001020009060000000452000000000000000000000000000000100000001200000000000020000000000
11034379000200200107072410390000040000010000000452000000045200000000000000000000000000050000000000480000
120343790003002001070724103900000000000000000000000000000000000000000000000452000000000000000000000000000000
07034380000000200107072410410000000000000000100000000000000000
090343800001002001070724104100000000000001020004620000000231000000000000000000000000000000100000001200000000000020000000000
11034380000200200107072410410000040000010000000231000000023100000000000000000000000000023100000000000000
120343800003002001070724104100000000000000000000000000000000000000000000000231000000000000000000000000000000
07034381000000200107072410420000000000000000100000000000000000
090343810001002001070724104200000000000002220000020000000798000000000000000000000000000000000000001500000000000010000000000
11034381000200200107072410420000040000010000000798000000079800000000000000000000000000079800000000000000
120343810003002001070724104200000000000000000000000000000000000000000000000798000000000000000000000000000000
07034382000000200107072410440000000000000000100000000000000000
090343820001002001070724104400000000000002040001460000000036000000000000000000000000000000100000000500000000000010000000000
11034382000200200107072410440000040000010000000036000000003600000000000000000000000000003600000000000000
120343820003002001070724104403020000000000000000000000000000000000000000000036000000000000000000000000000000
07034383000000200107072410460000000000000000100000000000000000
090343830001002001070724104600000000000001090000440000000035000000000000000000000000000000100000001500000000000020000000000
090343830002002001070724104600000000000004020000020000000200I 0300000000000000000000000000000000000230000000000030000000000
090343830003002001070724104600000000000001290001040000000031000000000000000000000000000000100000000250000000000020000000000
11034383000400200107072410460000040000030000000266000000026600000000000000000000000000100000000007340000
120343830005002001070724104600000000000000000000000000000000000000000000000266000000000000000000000000000000
07034384000000200107072410490000000000000000100000000000000000
090343840001002001070724104900000000000003250000010000000099000000000000000000000000000000000000000790000000000040000000000
11034384000200200107072410490000040000010000000099000000009900000000000000000000000000009900000000000000
120343840003002001070724104900000000000000000000000000000000000000000000000099000000000000000000000000000000
14034385000000200107072410540000010000000000
14034386000000200107072412300000010000000000
14034387000000200107072412310000010000000000
060343870001002001070724123100000100000250000000000000000000000000000000000000000000
060343870002002001070724134900000100000020000000000000000000000000000000000000000000
0403438800000020010707241357000001034347034388000000402930740000004031801907072400000238860000000000000000000000000004600001000000000000000000000000000000000000000000000000000000000000000000000000000000001234567890AB        
