01038530000000200111082407040000010000011200000000453348301.82G5E   1234567890AB        Generica            
02038530000100200111082407040000010000090000000000
07038531000000200111082407070000000000000000100000000000000000
090385310001002001110824070700000000000005020000010000000100I 0000000000000000000000000000000000000100000000000060000000000
11038531000200200111082407070000090000010000000100000000010000000000000000000000000000010000000000000000
120385310003002001110824070700000000000000000000000000000000000000000000000100000000000000000000000000000000
07038532000000200111082407120000000000000000100000000000000000
090385320001002001110824071200000000000003200000010000001599000000000000000000000000000000000000000000000000000050000000000
090385320002002001110824071200000000000002070007020000000561000000000000000000000000000000100000001990000000000010000000000
11038532000300200111082407120000090000020000002160000000216000000000000000000000000000500000000028400000
120385320004002001110824071200000000000000000000000000000000000000000000002160000000000000000000000000000000
07038533000000200111082407370000000000000000100000000000000000
090385330001002001110824073700000000000003250000040000000596000000000000000000000000000000000000000790000000000040000000000
11038533000200200111082407370000090000010000000596000000059600000000000000000000000000060000000000040000
120385330003002001110824073700000000000000000000000000000000000000000000000596000000000000000000000000000000
07038534000000200111082407400000000000000000100000000000000000
090385340001002001110824074000000000000002260003820000000229000000000000000000000000000000100000002000000000000010000000000
090385340002002001110824074000000000000002150000010000000199000000000000000000000000000000000000000500000000000010000000000
090385340003002001110824074000000000000001120004640000000278000000000000000000000000000000100000001000000000000020000000000
11038534000400200111082407400000090000030000000706000000070600000000000000000000000000100000000002940000
120385340005002001110824074000000000000000000000000000000000000000000000000706000000000000000000000000000000
07038535000000200111082407470000000000000000100000000000000000
090385350001002001110824074700000000000002070004100000000328000000000000000000000000000000100000001990000000000010000000000
090385350002002001110824074700000000000002150000010000000199000000000000000000000000000000000000000500000000000010000000000
11038535000300200111082407470000090000020000000527000000052700000000000000000000000000100000000004730000
120385350004002001110824074700000000000000000000000000000000000000000000000527000000000000000000000000000000
07038536000000200111082407530000000000000000100000000000000000
090385360001002001110824075300000000000002480004720000000118000000000000000000000000000000100000001000000000000010000000000
090385360002002001110824075300000000000002150000010000000199000000000000000000000000000000000000000500000000000010000000000
11038536000300200111082407530000090000020000000317000000031700000000000000000000000000031700000000000000
120385360004002001110824075303050000000000000000000000000000000000000000000317000000000000000000000000000000
07038537000000200111082407570000000000000000100000000000000000
090385370001002001110824075700000000000002070012980000001037000000000000000000000000000000100000001990000000000010000000000
090385370002002001110824075700000000000001340000010000000199000000000000000000000000000000000000001000000000000020000000000
11038537000300200111082407570000090000020000001236000000123600000000000000000000000000150000000002640000
120385370004002001110824075700000000000000000000000000000000000000000000001236000000000000000000000000000000
14038538000000200111082408060000010000000000
07038539000000200111082408220000000000000000100000000000000000
090385390001002001110824082200000000000001290022040000000659000000000000000000000000000000100000000250000000000020000000000
090385390002002001110824082200000000000003250000010000000149000000000000000000000000000000000000000790000000000040000000000
090385390003002001110824082200000000000003250000010000000149000000000000000000000000000000000000000790000000000040000000000
11038539000400200111082408220000090000030000000957000000095700000000000000000000000000095700000000000000
120385390005002001110824082203050000000000000000000000000000000000000000000957000000000000000000000000000000
07038540000000200111082408250000000000000000100000000000000000
090385400001002001110824082500000000000001290015320000000458000000000000000000000000000000100000000250000000000020000000000
090385400002002001110824082500000000000001040013860000000969000000000000000000000000000000100000002000000000000020000000000
090385400003002001110824082500000000000002150000010000000199000000000000000000000000000000000000000500000000000010000000000
090385400004002001110824082500000000000005290000010000000499I 0100000000000000000000000000000000001000000000000080000000000
11038540000500200111082408250000090000040000002125000000212500000000000000000000000000212500000000000000
120385400006002001110824082503010000000000000000000000000000000000000000002125000000000000000000000000000000
