01040202000000200127082407160000010000013000000000473648581.82G5E   1234567890AB        Generica            
02040202000100200127082407160000010000090000000000
14040203000000200127082407220000010000000000
07040204000000200127082407250000000000000000100000000000000000
090402040001002001270824072500000000000005020000030000000300I 0000000000000000000000000000000000000100000000000060000000000
090402040002002001270824072500000000000011000009980000000398000000000000000000000000000000100000000990000000000020000000000
090402040003002001270824072500000000000001050010000000000399000000000000000000000000000000100000000500000000000020000000000
090402040004002001270824072500000000000001120008380000000418000000000000000000000000000000100000001000000000000020000000000
090402040005002001270824072500000000000001110006280000000313000000000000000000000000000000100000001990000000000020000000000
090402040006002001270824072500000000000001250008280000000165I 0000000000000000000000000000100000000530000000000020000000000
090402040007002001270824072500000000000001290014600000000364000000000000000000000000000000100000000250000000000020000000000
090402040008002001270824072500000000000003250000060000000594000000000000000000000000000000000000000790000000000040000000000
11040204000900200127082407250000090000080000002951000000295100000000000000000000000000295100000000000000
120402040010002001270824072503010000000000000000000000000000000000000000002951000000000000000000000000000000
07040205000000200127082407270000000000000000100000000000000000
090402050001002001270824072700000000000003250000030000000297000000000000000000000000000000000000000790000000000040000000000
090402050002002001270824072700000000000001290006080000000151000000000000000000000000000000100000000250000000000020000000000
090402050003002001270824072700000000000002040005600000000223000000000000000000000000000000100000000500000000000010000000000
11040205000400200127082407270000090000030000000671000000067100000000000000000000000000067100000000000000
120402050005002001270824072703050000000000000000000000000000000000000000000671000000000000000000000000000000
07040206000000200127082407270000000000000000100000000000000000
090402060001002001270824072700000000000003190000010000000399000000000000000000000000000000000000002000000000000050000000000
090402060002002001270824072700000000000001060003440000000103000000000000000000000000000000100000001500000000000020000000000
11040206000300200127082407270000090000020000000502000000050200000000000000000000000000050200000000000000
120402060004002001270824072700000000000000000000000000000000000000000000000502000000000000000000000000000000
